[2025-03-10T06:00:17.453+0600] {processor.py:186} INFO - Started process (PID=24316) to work on /home/shamim/airflow_venv/lib/python3.12/site-packages/airflow/example_dags/example_short_circuit_decorator.py
[2025-03-10T06:00:17.455+0600] {processor.py:914} INFO - Processing file /home/shamim/airflow_venv/lib/python3.12/site-packages/airflow/example_dags/example_short_circuit_decorator.py for tasks to queue
[2025-03-10T06:00:17.459+0600] {logging_mixin.py:190} INFO - [2025-03-10T06:00:17.458+0600] {dagbag.py:588} INFO - Filling up the DagBag from /home/shamim/airflow_venv/lib/python3.12/site-packages/airflow/example_dags/example_short_circuit_decorator.py
[2025-03-10T06:00:17.493+0600] {processor.py:925} INFO - DAG(s) 'example_short_circuit_decorator' retrieved from /home/shamim/airflow_venv/lib/python3.12/site-packages/airflow/example_dags/example_short_circuit_decorator.py
[2025-03-10T06:00:17.605+0600] {logging_mixin.py:190} INFO - [2025-03-10T06:00:17.602+0600] {dag.py:3239} INFO - Sync 1 DAGs
[2025-03-10T06:00:17.665+0600] {logging_mixin.py:190} INFO - [2025-03-10T06:00:17.664+0600] {dag.py:4180} INFO - Setting next_dagrun for example_short_circuit_decorator to None, run_after=None
[2025-03-10T06:00:17.725+0600] {processor.py:208} INFO - Processing /home/shamim/airflow_venv/lib/python3.12/site-packages/airflow/example_dags/example_short_circuit_decorator.py took 0.285 seconds
[2025-03-10T13:52:52.381+0600] {processor.py:186} INFO - Started process (PID=4772) to work on /home/shamim/airflow_venv/lib/python3.12/site-packages/airflow/example_dags/example_short_circuit_decorator.py
[2025-03-10T13:52:52.387+0600] {processor.py:914} INFO - Processing file /home/shamim/airflow_venv/lib/python3.12/site-packages/airflow/example_dags/example_short_circuit_decorator.py for tasks to queue
[2025-03-10T13:52:52.390+0600] {logging_mixin.py:190} INFO - [2025-03-10T13:52:52.389+0600] {dagbag.py:588} INFO - Filling up the DagBag from /home/shamim/airflow_venv/lib/python3.12/site-packages/airflow/example_dags/example_short_circuit_decorator.py
[2025-03-10T13:52:52.405+0600] {processor.py:925} INFO - DAG(s) 'example_short_circuit_decorator' retrieved from /home/shamim/airflow_venv/lib/python3.12/site-packages/airflow/example_dags/example_short_circuit_decorator.py
[2025-03-10T13:52:52.434+0600] {logging_mixin.py:190} INFO - [2025-03-10T13:52:52.433+0600] {dag.py:3239} INFO - Sync 1 DAGs
[2025-03-10T13:52:52.450+0600] {logging_mixin.py:190} INFO - [2025-03-10T13:52:52.450+0600] {dag.py:4180} INFO - Setting next_dagrun for example_short_circuit_decorator to None, run_after=None
[2025-03-10T13:52:52.494+0600] {processor.py:208} INFO - Processing /home/shamim/airflow_venv/lib/python3.12/site-packages/airflow/example_dags/example_short_circuit_decorator.py took 0.122 seconds
[2025-03-10T13:54:09.138+0600] {processor.py:186} INFO - Started process (PID=5085) to work on /home/shamim/airflow_venv/lib/python3.12/site-packages/airflow/example_dags/example_short_circuit_decorator.py
[2025-03-10T13:54:09.154+0600] {processor.py:914} INFO - Processing file /home/shamim/airflow_venv/lib/python3.12/site-packages/airflow/example_dags/example_short_circuit_decorator.py for tasks to queue
[2025-03-10T13:54:09.157+0600] {logging_mixin.py:190} INFO - [2025-03-10T13:54:09.156+0600] {dagbag.py:588} INFO - Filling up the DagBag from /home/shamim/airflow_venv/lib/python3.12/site-packages/airflow/example_dags/example_short_circuit_decorator.py
[2025-03-10T13:54:09.176+0600] {processor.py:925} INFO - DAG(s) 'example_short_circuit_decorator' retrieved from /home/shamim/airflow_venv/lib/python3.12/site-packages/airflow/example_dags/example_short_circuit_decorator.py
[2025-03-10T13:54:09.209+0600] {logging_mixin.py:190} INFO - [2025-03-10T13:54:09.208+0600] {dag.py:3239} INFO - Sync 1 DAGs
[2025-03-10T13:54:09.230+0600] {logging_mixin.py:190} INFO - [2025-03-10T13:54:09.230+0600] {dag.py:4180} INFO - Setting next_dagrun for example_short_circuit_decorator to None, run_after=None
[2025-03-10T13:54:09.266+0600] {processor.py:208} INFO - Processing /home/shamim/airflow_venv/lib/python3.12/site-packages/airflow/example_dags/example_short_circuit_decorator.py took 0.138 seconds
[2025-03-10T13:55:43.452+0600] {processor.py:186} INFO - Started process (PID=5612) to work on /home/shamim/airflow_venv/lib/python3.12/site-packages/airflow/example_dags/example_short_circuit_decorator.py
[2025-03-10T13:55:43.459+0600] {processor.py:914} INFO - Processing file /home/shamim/airflow_venv/lib/python3.12/site-packages/airflow/example_dags/example_short_circuit_decorator.py for tasks to queue
[2025-03-10T13:55:43.461+0600] {logging_mixin.py:190} INFO - [2025-03-10T13:55:43.461+0600] {dagbag.py:588} INFO - Filling up the DagBag from /home/shamim/airflow_venv/lib/python3.12/site-packages/airflow/example_dags/example_short_circuit_decorator.py
[2025-03-10T13:55:43.473+0600] {processor.py:925} INFO - DAG(s) 'example_short_circuit_decorator' retrieved from /home/shamim/airflow_venv/lib/python3.12/site-packages/airflow/example_dags/example_short_circuit_decorator.py
[2025-03-10T13:55:43.496+0600] {logging_mixin.py:190} INFO - [2025-03-10T13:55:43.495+0600] {dag.py:3239} INFO - Sync 1 DAGs
[2025-03-10T13:55:43.510+0600] {logging_mixin.py:190} INFO - [2025-03-10T13:55:43.510+0600] {dag.py:4180} INFO - Setting next_dagrun for example_short_circuit_decorator to None, run_after=None
[2025-03-10T13:55:43.546+0600] {processor.py:208} INFO - Processing /home/shamim/airflow_venv/lib/python3.12/site-packages/airflow/example_dags/example_short_circuit_decorator.py took 0.100 seconds
[2025-03-10T13:57:17.298+0600] {processor.py:186} INFO - Started process (PID=6145) to work on /home/shamim/airflow_venv/lib/python3.12/site-packages/airflow/example_dags/example_short_circuit_decorator.py
[2025-03-10T13:57:17.304+0600] {processor.py:914} INFO - Processing file /home/shamim/airflow_venv/lib/python3.12/site-packages/airflow/example_dags/example_short_circuit_decorator.py for tasks to queue
[2025-03-10T13:57:17.307+0600] {logging_mixin.py:190} INFO - [2025-03-10T13:57:17.306+0600] {dagbag.py:588} INFO - Filling up the DagBag from /home/shamim/airflow_venv/lib/python3.12/site-packages/airflow/example_dags/example_short_circuit_decorator.py
[2025-03-10T13:57:17.320+0600] {processor.py:925} INFO - DAG(s) 'example_short_circuit_decorator' retrieved from /home/shamim/airflow_venv/lib/python3.12/site-packages/airflow/example_dags/example_short_circuit_decorator.py
[2025-03-10T13:57:17.345+0600] {logging_mixin.py:190} INFO - [2025-03-10T13:57:17.344+0600] {dag.py:3239} INFO - Sync 1 DAGs
[2025-03-10T13:57:17.360+0600] {logging_mixin.py:190} INFO - [2025-03-10T13:57:17.360+0600] {dag.py:4180} INFO - Setting next_dagrun for example_short_circuit_decorator to None, run_after=None
[2025-03-10T13:57:17.388+0600] {processor.py:208} INFO - Processing /home/shamim/airflow_venv/lib/python3.12/site-packages/airflow/example_dags/example_short_circuit_decorator.py took 0.098 seconds
[2025-03-10T13:58:53.435+0600] {processor.py:186} INFO - Started process (PID=6666) to work on /home/shamim/airflow_venv/lib/python3.12/site-packages/airflow/example_dags/example_short_circuit_decorator.py
[2025-03-10T13:58:53.441+0600] {processor.py:914} INFO - Processing file /home/shamim/airflow_venv/lib/python3.12/site-packages/airflow/example_dags/example_short_circuit_decorator.py for tasks to queue
[2025-03-10T13:58:53.444+0600] {logging_mixin.py:190} INFO - [2025-03-10T13:58:53.444+0600] {dagbag.py:588} INFO - Filling up the DagBag from /home/shamim/airflow_venv/lib/python3.12/site-packages/airflow/example_dags/example_short_circuit_decorator.py
[2025-03-10T13:58:53.458+0600] {processor.py:925} INFO - DAG(s) 'example_short_circuit_decorator' retrieved from /home/shamim/airflow_venv/lib/python3.12/site-packages/airflow/example_dags/example_short_circuit_decorator.py
[2025-03-10T13:58:53.484+0600] {logging_mixin.py:190} INFO - [2025-03-10T13:58:53.484+0600] {dag.py:3239} INFO - Sync 1 DAGs
[2025-03-10T13:58:53.503+0600] {logging_mixin.py:190} INFO - [2025-03-10T13:58:53.503+0600] {dag.py:4180} INFO - Setting next_dagrun for example_short_circuit_decorator to None, run_after=None
[2025-03-10T13:58:53.538+0600] {processor.py:208} INFO - Processing /home/shamim/airflow_venv/lib/python3.12/site-packages/airflow/example_dags/example_short_circuit_decorator.py took 0.111 seconds
[2025-03-10T14:00:25.952+0600] {processor.py:186} INFO - Started process (PID=7183) to work on /home/shamim/airflow_venv/lib/python3.12/site-packages/airflow/example_dags/example_short_circuit_decorator.py
[2025-03-10T14:00:25.962+0600] {processor.py:914} INFO - Processing file /home/shamim/airflow_venv/lib/python3.12/site-packages/airflow/example_dags/example_short_circuit_decorator.py for tasks to queue
[2025-03-10T14:00:25.969+0600] {logging_mixin.py:190} INFO - [2025-03-10T14:00:25.968+0600] {dagbag.py:588} INFO - Filling up the DagBag from /home/shamim/airflow_venv/lib/python3.12/site-packages/airflow/example_dags/example_short_circuit_decorator.py
[2025-03-10T14:00:25.988+0600] {processor.py:925} INFO - DAG(s) 'example_short_circuit_decorator' retrieved from /home/shamim/airflow_venv/lib/python3.12/site-packages/airflow/example_dags/example_short_circuit_decorator.py
[2025-03-10T14:00:26.028+0600] {logging_mixin.py:190} INFO - [2025-03-10T14:00:26.027+0600] {dag.py:3239} INFO - Sync 1 DAGs
[2025-03-10T14:00:26.055+0600] {logging_mixin.py:190} INFO - [2025-03-10T14:00:26.054+0600] {dag.py:4180} INFO - Setting next_dagrun for example_short_circuit_decorator to None, run_after=None
[2025-03-10T14:00:26.118+0600] {processor.py:208} INFO - Processing /home/shamim/airflow_venv/lib/python3.12/site-packages/airflow/example_dags/example_short_circuit_decorator.py took 0.195 seconds
[2025-03-10T14:02:01.180+0600] {processor.py:186} INFO - Started process (PID=7735) to work on /home/shamim/airflow_venv/lib/python3.12/site-packages/airflow/example_dags/example_short_circuit_decorator.py
[2025-03-10T14:02:01.186+0600] {processor.py:914} INFO - Processing file /home/shamim/airflow_venv/lib/python3.12/site-packages/airflow/example_dags/example_short_circuit_decorator.py for tasks to queue
[2025-03-10T14:02:01.189+0600] {logging_mixin.py:190} INFO - [2025-03-10T14:02:01.189+0600] {dagbag.py:588} INFO - Filling up the DagBag from /home/shamim/airflow_venv/lib/python3.12/site-packages/airflow/example_dags/example_short_circuit_decorator.py
[2025-03-10T14:02:01.201+0600] {processor.py:925} INFO - DAG(s) 'example_short_circuit_decorator' retrieved from /home/shamim/airflow_venv/lib/python3.12/site-packages/airflow/example_dags/example_short_circuit_decorator.py
[2025-03-10T14:02:01.224+0600] {logging_mixin.py:190} INFO - [2025-03-10T14:02:01.224+0600] {dag.py:3239} INFO - Sync 1 DAGs
[2025-03-10T14:02:01.239+0600] {logging_mixin.py:190} INFO - [2025-03-10T14:02:01.239+0600] {dag.py:4180} INFO - Setting next_dagrun for example_short_circuit_decorator to None, run_after=None
[2025-03-10T14:02:01.274+0600] {processor.py:208} INFO - Processing /home/shamim/airflow_venv/lib/python3.12/site-packages/airflow/example_dags/example_short_circuit_decorator.py took 0.101 seconds
[2025-03-10T14:03:40.218+0600] {processor.py:186} INFO - Started process (PID=8404) to work on /home/shamim/airflow_venv/lib/python3.12/site-packages/airflow/example_dags/example_short_circuit_decorator.py
[2025-03-10T14:03:40.225+0600] {processor.py:914} INFO - Processing file /home/shamim/airflow_venv/lib/python3.12/site-packages/airflow/example_dags/example_short_circuit_decorator.py for tasks to queue
[2025-03-10T14:03:40.228+0600] {logging_mixin.py:190} INFO - [2025-03-10T14:03:40.227+0600] {dagbag.py:588} INFO - Filling up the DagBag from /home/shamim/airflow_venv/lib/python3.12/site-packages/airflow/example_dags/example_short_circuit_decorator.py
[2025-03-10T14:03:40.244+0600] {processor.py:925} INFO - DAG(s) 'example_short_circuit_decorator' retrieved from /home/shamim/airflow_venv/lib/python3.12/site-packages/airflow/example_dags/example_short_circuit_decorator.py
[2025-03-10T14:03:40.275+0600] {logging_mixin.py:190} INFO - [2025-03-10T14:03:40.275+0600] {dag.py:3239} INFO - Sync 1 DAGs
[2025-03-10T14:03:40.299+0600] {logging_mixin.py:190} INFO - [2025-03-10T14:03:40.298+0600] {dag.py:4180} INFO - Setting next_dagrun for example_short_circuit_decorator to None, run_after=None
[2025-03-10T14:03:40.335+0600] {processor.py:208} INFO - Processing /home/shamim/airflow_venv/lib/python3.12/site-packages/airflow/example_dags/example_short_circuit_decorator.py took 0.125 seconds
[2025-03-10T14:05:34.343+0600] {processor.py:186} INFO - Started process (PID=9473) to work on /home/shamim/airflow_venv/lib/python3.12/site-packages/airflow/example_dags/example_short_circuit_decorator.py
[2025-03-10T14:05:34.351+0600] {processor.py:914} INFO - Processing file /home/shamim/airflow_venv/lib/python3.12/site-packages/airflow/example_dags/example_short_circuit_decorator.py for tasks to queue
[2025-03-10T14:05:34.355+0600] {logging_mixin.py:190} INFO - [2025-03-10T14:05:34.354+0600] {dagbag.py:588} INFO - Filling up the DagBag from /home/shamim/airflow_venv/lib/python3.12/site-packages/airflow/example_dags/example_short_circuit_decorator.py
[2025-03-10T14:05:34.377+0600] {processor.py:925} INFO - DAG(s) 'example_short_circuit_decorator' retrieved from /home/shamim/airflow_venv/lib/python3.12/site-packages/airflow/example_dags/example_short_circuit_decorator.py
[2025-03-10T14:05:34.416+0600] {logging_mixin.py:190} INFO - [2025-03-10T14:05:34.415+0600] {dag.py:3239} INFO - Sync 1 DAGs
[2025-03-10T14:05:34.443+0600] {logging_mixin.py:190} INFO - [2025-03-10T14:05:34.443+0600] {dag.py:4180} INFO - Setting next_dagrun for example_short_circuit_decorator to None, run_after=None
[2025-03-10T14:05:34.498+0600] {processor.py:208} INFO - Processing /home/shamim/airflow_venv/lib/python3.12/site-packages/airflow/example_dags/example_short_circuit_decorator.py took 0.167 seconds
[2025-03-10T14:07:14.857+0600] {processor.py:186} INFO - Started process (PID=10176) to work on /home/shamim/airflow_venv/lib/python3.12/site-packages/airflow/example_dags/example_short_circuit_decorator.py
[2025-03-10T14:07:14.863+0600] {processor.py:914} INFO - Processing file /home/shamim/airflow_venv/lib/python3.12/site-packages/airflow/example_dags/example_short_circuit_decorator.py for tasks to queue
[2025-03-10T14:07:14.866+0600] {logging_mixin.py:190} INFO - [2025-03-10T14:07:14.866+0600] {dagbag.py:588} INFO - Filling up the DagBag from /home/shamim/airflow_venv/lib/python3.12/site-packages/airflow/example_dags/example_short_circuit_decorator.py
[2025-03-10T14:07:14.878+0600] {processor.py:925} INFO - DAG(s) 'example_short_circuit_decorator' retrieved from /home/shamim/airflow_venv/lib/python3.12/site-packages/airflow/example_dags/example_short_circuit_decorator.py
[2025-03-10T14:07:14.901+0600] {logging_mixin.py:190} INFO - [2025-03-10T14:07:14.901+0600] {dag.py:3239} INFO - Sync 1 DAGs
[2025-03-10T14:07:14.916+0600] {logging_mixin.py:190} INFO - [2025-03-10T14:07:14.916+0600] {dag.py:4180} INFO - Setting next_dagrun for example_short_circuit_decorator to None, run_after=None
[2025-03-10T14:07:14.939+0600] {processor.py:208} INFO - Processing /home/shamim/airflow_venv/lib/python3.12/site-packages/airflow/example_dags/example_short_circuit_decorator.py took 0.089 seconds
[2025-03-10T14:08:53.575+0600] {processor.py:186} INFO - Started process (PID=10834) to work on /home/shamim/airflow_venv/lib/python3.12/site-packages/airflow/example_dags/example_short_circuit_decorator.py
[2025-03-10T14:08:53.581+0600] {processor.py:914} INFO - Processing file /home/shamim/airflow_venv/lib/python3.12/site-packages/airflow/example_dags/example_short_circuit_decorator.py for tasks to queue
[2025-03-10T14:08:53.584+0600] {logging_mixin.py:190} INFO - [2025-03-10T14:08:53.583+0600] {dagbag.py:588} INFO - Filling up the DagBag from /home/shamim/airflow_venv/lib/python3.12/site-packages/airflow/example_dags/example_short_circuit_decorator.py
[2025-03-10T14:08:53.596+0600] {processor.py:925} INFO - DAG(s) 'example_short_circuit_decorator' retrieved from /home/shamim/airflow_venv/lib/python3.12/site-packages/airflow/example_dags/example_short_circuit_decorator.py
[2025-03-10T14:08:53.618+0600] {logging_mixin.py:190} INFO - [2025-03-10T14:08:53.617+0600] {dag.py:3239} INFO - Sync 1 DAGs
[2025-03-10T14:08:53.632+0600] {logging_mixin.py:190} INFO - [2025-03-10T14:08:53.632+0600] {dag.py:4180} INFO - Setting next_dagrun for example_short_circuit_decorator to None, run_after=None
[2025-03-10T14:08:53.659+0600] {processor.py:208} INFO - Processing /home/shamim/airflow_venv/lib/python3.12/site-packages/airflow/example_dags/example_short_circuit_decorator.py took 0.091 seconds
[2025-03-10T14:10:15.232+0600] {processor.py:186} INFO - Started process (PID=11293) to work on /home/shamim/airflow_venv/lib/python3.12/site-packages/airflow/example_dags/example_short_circuit_decorator.py
[2025-03-10T14:10:15.239+0600] {processor.py:914} INFO - Processing file /home/shamim/airflow_venv/lib/python3.12/site-packages/airflow/example_dags/example_short_circuit_decorator.py for tasks to queue
[2025-03-10T14:10:15.243+0600] {logging_mixin.py:190} INFO - [2025-03-10T14:10:15.241+0600] {dagbag.py:588} INFO - Filling up the DagBag from /home/shamim/airflow_venv/lib/python3.12/site-packages/airflow/example_dags/example_short_circuit_decorator.py
[2025-03-10T14:10:15.258+0600] {processor.py:925} INFO - DAG(s) 'example_short_circuit_decorator' retrieved from /home/shamim/airflow_venv/lib/python3.12/site-packages/airflow/example_dags/example_short_circuit_decorator.py
[2025-03-10T14:10:15.282+0600] {logging_mixin.py:190} INFO - [2025-03-10T14:10:15.281+0600] {dag.py:3239} INFO - Sync 1 DAGs
[2025-03-10T14:10:15.297+0600] {logging_mixin.py:190} INFO - [2025-03-10T14:10:15.296+0600] {dag.py:4180} INFO - Setting next_dagrun for example_short_circuit_decorator to None, run_after=None
[2025-03-10T14:10:15.332+0600] {processor.py:208} INFO - Processing /home/shamim/airflow_venv/lib/python3.12/site-packages/airflow/example_dags/example_short_circuit_decorator.py took 0.119 seconds
[2025-03-10T14:11:47.740+0600] {processor.py:186} INFO - Started process (PID=11762) to work on /home/shamim/airflow_venv/lib/python3.12/site-packages/airflow/example_dags/example_short_circuit_decorator.py
[2025-03-10T14:11:47.747+0600] {processor.py:914} INFO - Processing file /home/shamim/airflow_venv/lib/python3.12/site-packages/airflow/example_dags/example_short_circuit_decorator.py for tasks to queue
[2025-03-10T14:11:47.750+0600] {logging_mixin.py:190} INFO - [2025-03-10T14:11:47.749+0600] {dagbag.py:588} INFO - Filling up the DagBag from /home/shamim/airflow_venv/lib/python3.12/site-packages/airflow/example_dags/example_short_circuit_decorator.py
[2025-03-10T14:11:47.765+0600] {processor.py:925} INFO - DAG(s) 'example_short_circuit_decorator' retrieved from /home/shamim/airflow_venv/lib/python3.12/site-packages/airflow/example_dags/example_short_circuit_decorator.py
[2025-03-10T14:11:47.791+0600] {logging_mixin.py:190} INFO - [2025-03-10T14:11:47.791+0600] {dag.py:3239} INFO - Sync 1 DAGs
[2025-03-10T14:11:47.808+0600] {logging_mixin.py:190} INFO - [2025-03-10T14:11:47.808+0600] {dag.py:4180} INFO - Setting next_dagrun for example_short_circuit_decorator to None, run_after=None
[2025-03-10T14:11:47.840+0600] {processor.py:208} INFO - Processing /home/shamim/airflow_venv/lib/python3.12/site-packages/airflow/example_dags/example_short_circuit_decorator.py took 0.107 seconds
[2025-03-10T14:13:16.482+0600] {processor.py:186} INFO - Started process (PID=12342) to work on /home/shamim/airflow_venv/lib/python3.12/site-packages/airflow/example_dags/example_short_circuit_decorator.py
[2025-03-10T14:13:16.488+0600] {processor.py:914} INFO - Processing file /home/shamim/airflow_venv/lib/python3.12/site-packages/airflow/example_dags/example_short_circuit_decorator.py for tasks to queue
[2025-03-10T14:13:16.495+0600] {logging_mixin.py:190} INFO - [2025-03-10T14:13:16.493+0600] {dagbag.py:588} INFO - Filling up the DagBag from /home/shamim/airflow_venv/lib/python3.12/site-packages/airflow/example_dags/example_short_circuit_decorator.py
[2025-03-10T14:13:16.517+0600] {processor.py:925} INFO - DAG(s) 'example_short_circuit_decorator' retrieved from /home/shamim/airflow_venv/lib/python3.12/site-packages/airflow/example_dags/example_short_circuit_decorator.py
[2025-03-10T14:13:16.540+0600] {logging_mixin.py:190} INFO - [2025-03-10T14:13:16.539+0600] {dag.py:3239} INFO - Sync 1 DAGs
[2025-03-10T14:13:16.555+0600] {logging_mixin.py:190} INFO - [2025-03-10T14:13:16.554+0600] {dag.py:4180} INFO - Setting next_dagrun for example_short_circuit_decorator to None, run_after=None
[2025-03-10T14:13:16.580+0600] {processor.py:208} INFO - Processing /home/shamim/airflow_venv/lib/python3.12/site-packages/airflow/example_dags/example_short_circuit_decorator.py took 0.105 seconds
[2025-03-10T14:14:50.291+0600] {processor.py:186} INFO - Started process (PID=12932) to work on /home/shamim/airflow_venv/lib/python3.12/site-packages/airflow/example_dags/example_short_circuit_decorator.py
[2025-03-10T14:14:50.294+0600] {processor.py:914} INFO - Processing file /home/shamim/airflow_venv/lib/python3.12/site-packages/airflow/example_dags/example_short_circuit_decorator.py for tasks to queue
[2025-03-10T14:14:50.297+0600] {logging_mixin.py:190} INFO - [2025-03-10T14:14:50.296+0600] {dagbag.py:588} INFO - Filling up the DagBag from /home/shamim/airflow_venv/lib/python3.12/site-packages/airflow/example_dags/example_short_circuit_decorator.py
[2025-03-10T14:14:50.311+0600] {processor.py:925} INFO - DAG(s) 'example_short_circuit_decorator' retrieved from /home/shamim/airflow_venv/lib/python3.12/site-packages/airflow/example_dags/example_short_circuit_decorator.py
[2025-03-10T14:14:50.335+0600] {logging_mixin.py:190} INFO - [2025-03-10T14:14:50.334+0600] {dag.py:3239} INFO - Sync 1 DAGs
[2025-03-10T14:14:50.365+0600] {logging_mixin.py:190} INFO - [2025-03-10T14:14:50.364+0600] {dag.py:4180} INFO - Setting next_dagrun for example_short_circuit_decorator to None, run_after=None
[2025-03-10T14:14:50.411+0600] {processor.py:208} INFO - Processing /home/shamim/airflow_venv/lib/python3.12/site-packages/airflow/example_dags/example_short_circuit_decorator.py took 0.127 seconds
[2025-03-10T14:16:16.143+0600] {processor.py:186} INFO - Started process (PID=13473) to work on /home/shamim/airflow_venv/lib/python3.12/site-packages/airflow/example_dags/example_short_circuit_decorator.py
[2025-03-10T14:16:16.150+0600] {processor.py:914} INFO - Processing file /home/shamim/airflow_venv/lib/python3.12/site-packages/airflow/example_dags/example_short_circuit_decorator.py for tasks to queue
[2025-03-10T14:16:16.152+0600] {logging_mixin.py:190} INFO - [2025-03-10T14:16:16.152+0600] {dagbag.py:588} INFO - Filling up the DagBag from /home/shamim/airflow_venv/lib/python3.12/site-packages/airflow/example_dags/example_short_circuit_decorator.py
[2025-03-10T14:16:16.164+0600] {processor.py:925} INFO - DAG(s) 'example_short_circuit_decorator' retrieved from /home/shamim/airflow_venv/lib/python3.12/site-packages/airflow/example_dags/example_short_circuit_decorator.py
[2025-03-10T14:16:16.186+0600] {logging_mixin.py:190} INFO - [2025-03-10T14:16:16.186+0600] {dag.py:3239} INFO - Sync 1 DAGs
[2025-03-10T14:16:16.201+0600] {logging_mixin.py:190} INFO - [2025-03-10T14:16:16.201+0600] {dag.py:4180} INFO - Setting next_dagrun for example_short_circuit_decorator to None, run_after=None
[2025-03-10T14:16:16.236+0600] {processor.py:208} INFO - Processing /home/shamim/airflow_venv/lib/python3.12/site-packages/airflow/example_dags/example_short_circuit_decorator.py took 0.100 seconds
[2025-03-10T14:17:48.599+0600] {processor.py:186} INFO - Started process (PID=14090) to work on /home/shamim/airflow_venv/lib/python3.12/site-packages/airflow/example_dags/example_short_circuit_decorator.py
[2025-03-10T14:17:48.605+0600] {processor.py:914} INFO - Processing file /home/shamim/airflow_venv/lib/python3.12/site-packages/airflow/example_dags/example_short_circuit_decorator.py for tasks to queue
[2025-03-10T14:17:48.608+0600] {logging_mixin.py:190} INFO - [2025-03-10T14:17:48.607+0600] {dagbag.py:588} INFO - Filling up the DagBag from /home/shamim/airflow_venv/lib/python3.12/site-packages/airflow/example_dags/example_short_circuit_decorator.py
[2025-03-10T14:17:48.623+0600] {processor.py:925} INFO - DAG(s) 'example_short_circuit_decorator' retrieved from /home/shamim/airflow_venv/lib/python3.12/site-packages/airflow/example_dags/example_short_circuit_decorator.py
[2025-03-10T14:17:48.649+0600] {logging_mixin.py:190} INFO - [2025-03-10T14:17:48.649+0600] {dag.py:3239} INFO - Sync 1 DAGs
[2025-03-10T14:17:48.666+0600] {logging_mixin.py:190} INFO - [2025-03-10T14:17:48.665+0600] {dag.py:4180} INFO - Setting next_dagrun for example_short_circuit_decorator to None, run_after=None
[2025-03-10T14:17:48.706+0600] {processor.py:208} INFO - Processing /home/shamim/airflow_venv/lib/python3.12/site-packages/airflow/example_dags/example_short_circuit_decorator.py took 0.114 seconds
[2025-03-10T14:19:21.693+0600] {processor.py:186} INFO - Started process (PID=14646) to work on /home/shamim/airflow_venv/lib/python3.12/site-packages/airflow/example_dags/example_short_circuit_decorator.py
[2025-03-10T14:19:21.700+0600] {processor.py:914} INFO - Processing file /home/shamim/airflow_venv/lib/python3.12/site-packages/airflow/example_dags/example_short_circuit_decorator.py for tasks to queue
[2025-03-10T14:19:21.703+0600] {logging_mixin.py:190} INFO - [2025-03-10T14:19:21.702+0600] {dagbag.py:588} INFO - Filling up the DagBag from /home/shamim/airflow_venv/lib/python3.12/site-packages/airflow/example_dags/example_short_circuit_decorator.py
[2025-03-10T14:19:21.717+0600] {processor.py:925} INFO - DAG(s) 'example_short_circuit_decorator' retrieved from /home/shamim/airflow_venv/lib/python3.12/site-packages/airflow/example_dags/example_short_circuit_decorator.py
[2025-03-10T14:19:21.740+0600] {logging_mixin.py:190} INFO - [2025-03-10T14:19:21.739+0600] {dag.py:3239} INFO - Sync 1 DAGs
[2025-03-10T14:19:21.755+0600] {logging_mixin.py:190} INFO - [2025-03-10T14:19:21.755+0600] {dag.py:4180} INFO - Setting next_dagrun for example_short_circuit_decorator to None, run_after=None
[2025-03-10T14:19:21.780+0600] {processor.py:208} INFO - Processing /home/shamim/airflow_venv/lib/python3.12/site-packages/airflow/example_dags/example_short_circuit_decorator.py took 0.094 seconds
[2025-03-10T14:20:42.196+0600] {processor.py:186} INFO - Started process (PID=15183) to work on /home/shamim/airflow_venv/lib/python3.12/site-packages/airflow/example_dags/example_short_circuit_decorator.py
[2025-03-10T14:20:42.203+0600] {processor.py:914} INFO - Processing file /home/shamim/airflow_venv/lib/python3.12/site-packages/airflow/example_dags/example_short_circuit_decorator.py for tasks to queue
[2025-03-10T14:20:42.206+0600] {logging_mixin.py:190} INFO - [2025-03-10T14:20:42.205+0600] {dagbag.py:588} INFO - Filling up the DagBag from /home/shamim/airflow_venv/lib/python3.12/site-packages/airflow/example_dags/example_short_circuit_decorator.py
[2025-03-10T14:20:42.225+0600] {processor.py:925} INFO - DAG(s) 'example_short_circuit_decorator' retrieved from /home/shamim/airflow_venv/lib/python3.12/site-packages/airflow/example_dags/example_short_circuit_decorator.py
[2025-03-10T14:20:42.261+0600] {logging_mixin.py:190} INFO - [2025-03-10T14:20:42.261+0600] {dag.py:3239} INFO - Sync 1 DAGs
[2025-03-10T14:20:42.286+0600] {logging_mixin.py:190} INFO - [2025-03-10T14:20:42.286+0600] {dag.py:4180} INFO - Setting next_dagrun for example_short_circuit_decorator to None, run_after=None
[2025-03-10T14:20:42.319+0600] {processor.py:208} INFO - Processing /home/shamim/airflow_venv/lib/python3.12/site-packages/airflow/example_dags/example_short_circuit_decorator.py took 0.132 seconds
[2025-03-10T14:22:07.659+0600] {processor.py:186} INFO - Started process (PID=15757) to work on /home/shamim/airflow_venv/lib/python3.12/site-packages/airflow/example_dags/example_short_circuit_decorator.py
[2025-03-10T14:22:07.669+0600] {processor.py:914} INFO - Processing file /home/shamim/airflow_venv/lib/python3.12/site-packages/airflow/example_dags/example_short_circuit_decorator.py for tasks to queue
[2025-03-10T14:22:07.678+0600] {logging_mixin.py:190} INFO - [2025-03-10T14:22:07.677+0600] {dagbag.py:588} INFO - Filling up the DagBag from /home/shamim/airflow_venv/lib/python3.12/site-packages/airflow/example_dags/example_short_circuit_decorator.py
[2025-03-10T14:22:07.695+0600] {processor.py:925} INFO - DAG(s) 'example_short_circuit_decorator' retrieved from /home/shamim/airflow_venv/lib/python3.12/site-packages/airflow/example_dags/example_short_circuit_decorator.py
[2025-03-10T14:22:07.720+0600] {logging_mixin.py:190} INFO - [2025-03-10T14:22:07.720+0600] {dag.py:3239} INFO - Sync 1 DAGs
[2025-03-10T14:22:07.735+0600] {logging_mixin.py:190} INFO - [2025-03-10T14:22:07.735+0600] {dag.py:4180} INFO - Setting next_dagrun for example_short_circuit_decorator to None, run_after=None
[2025-03-10T14:22:07.773+0600] {processor.py:208} INFO - Processing /home/shamim/airflow_venv/lib/python3.12/site-packages/airflow/example_dags/example_short_circuit_decorator.py took 0.125 seconds
[2025-03-10T14:23:36.592+0600] {processor.py:186} INFO - Started process (PID=16379) to work on /home/shamim/airflow_venv/lib/python3.12/site-packages/airflow/example_dags/example_short_circuit_decorator.py
[2025-03-10T14:23:36.599+0600] {processor.py:914} INFO - Processing file /home/shamim/airflow_venv/lib/python3.12/site-packages/airflow/example_dags/example_short_circuit_decorator.py for tasks to queue
[2025-03-10T14:23:36.602+0600] {logging_mixin.py:190} INFO - [2025-03-10T14:23:36.602+0600] {dagbag.py:588} INFO - Filling up the DagBag from /home/shamim/airflow_venv/lib/python3.12/site-packages/airflow/example_dags/example_short_circuit_decorator.py
[2025-03-10T14:23:36.615+0600] {processor.py:925} INFO - DAG(s) 'example_short_circuit_decorator' retrieved from /home/shamim/airflow_venv/lib/python3.12/site-packages/airflow/example_dags/example_short_circuit_decorator.py
[2025-03-10T14:23:36.642+0600] {logging_mixin.py:190} INFO - [2025-03-10T14:23:36.641+0600] {dag.py:3239} INFO - Sync 1 DAGs
[2025-03-10T14:23:36.659+0600] {logging_mixin.py:190} INFO - [2025-03-10T14:23:36.658+0600] {dag.py:4180} INFO - Setting next_dagrun for example_short_circuit_decorator to None, run_after=None
[2025-03-10T14:23:36.691+0600] {processor.py:208} INFO - Processing /home/shamim/airflow_venv/lib/python3.12/site-packages/airflow/example_dags/example_short_circuit_decorator.py took 0.106 seconds
[2025-03-10T14:25:09.137+0600] {processor.py:186} INFO - Started process (PID=17103) to work on /home/shamim/airflow_venv/lib/python3.12/site-packages/airflow/example_dags/example_short_circuit_decorator.py
[2025-03-10T14:25:09.144+0600] {processor.py:914} INFO - Processing file /home/shamim/airflow_venv/lib/python3.12/site-packages/airflow/example_dags/example_short_circuit_decorator.py for tasks to queue
[2025-03-10T14:25:09.146+0600] {logging_mixin.py:190} INFO - [2025-03-10T14:25:09.146+0600] {dagbag.py:588} INFO - Filling up the DagBag from /home/shamim/airflow_venv/lib/python3.12/site-packages/airflow/example_dags/example_short_circuit_decorator.py
[2025-03-10T14:25:09.160+0600] {processor.py:925} INFO - DAG(s) 'example_short_circuit_decorator' retrieved from /home/shamim/airflow_venv/lib/python3.12/site-packages/airflow/example_dags/example_short_circuit_decorator.py
[2025-03-10T14:25:09.184+0600] {logging_mixin.py:190} INFO - [2025-03-10T14:25:09.184+0600] {dag.py:3239} INFO - Sync 1 DAGs
[2025-03-10T14:25:09.199+0600] {logging_mixin.py:190} INFO - [2025-03-10T14:25:09.199+0600] {dag.py:4180} INFO - Setting next_dagrun for example_short_circuit_decorator to None, run_after=None
[2025-03-10T14:25:09.225+0600] {processor.py:208} INFO - Processing /home/shamim/airflow_venv/lib/python3.12/site-packages/airflow/example_dags/example_short_circuit_decorator.py took 0.095 seconds
[2025-03-10T14:26:36.873+0600] {processor.py:186} INFO - Started process (PID=17654) to work on /home/shamim/airflow_venv/lib/python3.12/site-packages/airflow/example_dags/example_short_circuit_decorator.py
[2025-03-10T14:26:36.876+0600] {processor.py:914} INFO - Processing file /home/shamim/airflow_venv/lib/python3.12/site-packages/airflow/example_dags/example_short_circuit_decorator.py for tasks to queue
[2025-03-10T14:26:36.880+0600] {logging_mixin.py:190} INFO - [2025-03-10T14:26:36.879+0600] {dagbag.py:588} INFO - Filling up the DagBag from /home/shamim/airflow_venv/lib/python3.12/site-packages/airflow/example_dags/example_short_circuit_decorator.py
[2025-03-10T14:26:36.897+0600] {processor.py:925} INFO - DAG(s) 'example_short_circuit_decorator' retrieved from /home/shamim/airflow_venv/lib/python3.12/site-packages/airflow/example_dags/example_short_circuit_decorator.py
[2025-03-10T14:26:36.920+0600] {logging_mixin.py:190} INFO - [2025-03-10T14:26:36.920+0600] {dag.py:3239} INFO - Sync 1 DAGs
[2025-03-10T14:26:36.937+0600] {logging_mixin.py:190} INFO - [2025-03-10T14:26:36.937+0600] {dag.py:4180} INFO - Setting next_dagrun for example_short_circuit_decorator to None, run_after=None
[2025-03-10T14:26:36.962+0600] {processor.py:208} INFO - Processing /home/shamim/airflow_venv/lib/python3.12/site-packages/airflow/example_dags/example_short_circuit_decorator.py took 0.098 seconds
[2025-03-10T14:28:04.037+0600] {processor.py:186} INFO - Started process (PID=18239) to work on /home/shamim/airflow_venv/lib/python3.12/site-packages/airflow/example_dags/example_short_circuit_decorator.py
[2025-03-10T14:28:04.043+0600] {processor.py:914} INFO - Processing file /home/shamim/airflow_venv/lib/python3.12/site-packages/airflow/example_dags/example_short_circuit_decorator.py for tasks to queue
[2025-03-10T14:28:04.048+0600] {logging_mixin.py:190} INFO - [2025-03-10T14:28:04.047+0600] {dagbag.py:588} INFO - Filling up the DagBag from /home/shamim/airflow_venv/lib/python3.12/site-packages/airflow/example_dags/example_short_circuit_decorator.py
[2025-03-10T14:28:04.064+0600] {processor.py:925} INFO - DAG(s) 'example_short_circuit_decorator' retrieved from /home/shamim/airflow_venv/lib/python3.12/site-packages/airflow/example_dags/example_short_circuit_decorator.py
[2025-03-10T14:28:04.087+0600] {logging_mixin.py:190} INFO - [2025-03-10T14:28:04.086+0600] {dag.py:3239} INFO - Sync 1 DAGs
[2025-03-10T14:28:04.101+0600] {logging_mixin.py:190} INFO - [2025-03-10T14:28:04.101+0600] {dag.py:4180} INFO - Setting next_dagrun for example_short_circuit_decorator to None, run_after=None
[2025-03-10T14:28:04.126+0600] {processor.py:208} INFO - Processing /home/shamim/airflow_venv/lib/python3.12/site-packages/airflow/example_dags/example_short_circuit_decorator.py took 0.099 seconds
[2025-03-10T14:29:29.805+0600] {processor.py:186} INFO - Started process (PID=18782) to work on /home/shamim/airflow_venv/lib/python3.12/site-packages/airflow/example_dags/example_short_circuit_decorator.py
[2025-03-10T14:29:29.811+0600] {processor.py:914} INFO - Processing file /home/shamim/airflow_venv/lib/python3.12/site-packages/airflow/example_dags/example_short_circuit_decorator.py for tasks to queue
[2025-03-10T14:29:29.815+0600] {logging_mixin.py:190} INFO - [2025-03-10T14:29:29.814+0600] {dagbag.py:588} INFO - Filling up the DagBag from /home/shamim/airflow_venv/lib/python3.12/site-packages/airflow/example_dags/example_short_circuit_decorator.py
[2025-03-10T14:29:29.829+0600] {processor.py:925} INFO - DAG(s) 'example_short_circuit_decorator' retrieved from /home/shamim/airflow_venv/lib/python3.12/site-packages/airflow/example_dags/example_short_circuit_decorator.py
[2025-03-10T14:29:29.855+0600] {logging_mixin.py:190} INFO - [2025-03-10T14:29:29.854+0600] {dag.py:3239} INFO - Sync 1 DAGs
[2025-03-10T14:29:29.873+0600] {logging_mixin.py:190} INFO - [2025-03-10T14:29:29.873+0600] {dag.py:4180} INFO - Setting next_dagrun for example_short_circuit_decorator to None, run_after=None
[2025-03-10T14:29:29.911+0600] {processor.py:208} INFO - Processing /home/shamim/airflow_venv/lib/python3.12/site-packages/airflow/example_dags/example_short_circuit_decorator.py took 0.113 seconds
[2025-03-10T14:31:09.037+0600] {processor.py:186} INFO - Started process (PID=19436) to work on /home/shamim/airflow_venv/lib/python3.12/site-packages/airflow/example_dags/example_short_circuit_decorator.py
[2025-03-10T14:31:09.043+0600] {processor.py:914} INFO - Processing file /home/shamim/airflow_venv/lib/python3.12/site-packages/airflow/example_dags/example_short_circuit_decorator.py for tasks to queue
[2025-03-10T14:31:09.048+0600] {logging_mixin.py:190} INFO - [2025-03-10T14:31:09.047+0600] {dagbag.py:588} INFO - Filling up the DagBag from /home/shamim/airflow_venv/lib/python3.12/site-packages/airflow/example_dags/example_short_circuit_decorator.py
[2025-03-10T14:31:09.066+0600] {processor.py:925} INFO - DAG(s) 'example_short_circuit_decorator' retrieved from /home/shamim/airflow_venv/lib/python3.12/site-packages/airflow/example_dags/example_short_circuit_decorator.py
[2025-03-10T14:31:09.099+0600] {logging_mixin.py:190} INFO - [2025-03-10T14:31:09.099+0600] {dag.py:3239} INFO - Sync 1 DAGs
[2025-03-10T14:31:09.119+0600] {logging_mixin.py:190} INFO - [2025-03-10T14:31:09.119+0600] {dag.py:4180} INFO - Setting next_dagrun for example_short_circuit_decorator to None, run_after=None
[2025-03-10T14:31:09.166+0600] {processor.py:208} INFO - Processing /home/shamim/airflow_venv/lib/python3.12/site-packages/airflow/example_dags/example_short_circuit_decorator.py took 0.140 seconds
[2025-03-10T14:32:43.182+0600] {processor.py:186} INFO - Started process (PID=19978) to work on /home/shamim/airflow_venv/lib/python3.12/site-packages/airflow/example_dags/example_short_circuit_decorator.py
[2025-03-10T14:32:43.189+0600] {processor.py:914} INFO - Processing file /home/shamim/airflow_venv/lib/python3.12/site-packages/airflow/example_dags/example_short_circuit_decorator.py for tasks to queue
[2025-03-10T14:32:43.192+0600] {logging_mixin.py:190} INFO - [2025-03-10T14:32:43.192+0600] {dagbag.py:588} INFO - Filling up the DagBag from /home/shamim/airflow_venv/lib/python3.12/site-packages/airflow/example_dags/example_short_circuit_decorator.py
[2025-03-10T14:32:43.208+0600] {processor.py:925} INFO - DAG(s) 'example_short_circuit_decorator' retrieved from /home/shamim/airflow_venv/lib/python3.12/site-packages/airflow/example_dags/example_short_circuit_decorator.py
[2025-03-10T14:32:43.241+0600] {logging_mixin.py:190} INFO - [2025-03-10T14:32:43.241+0600] {dag.py:3239} INFO - Sync 1 DAGs
[2025-03-10T14:32:43.265+0600] {logging_mixin.py:190} INFO - [2025-03-10T14:32:43.265+0600] {dag.py:4180} INFO - Setting next_dagrun for example_short_circuit_decorator to None, run_after=None
[2025-03-10T14:32:43.295+0600] {processor.py:208} INFO - Processing /home/shamim/airflow_venv/lib/python3.12/site-packages/airflow/example_dags/example_short_circuit_decorator.py took 0.123 seconds
[2025-03-10T14:34:14.212+0600] {processor.py:186} INFO - Started process (PID=21438) to work on /home/shamim/airflow_venv/lib/python3.12/site-packages/airflow/example_dags/example_short_circuit_decorator.py
[2025-03-10T14:34:14.218+0600] {processor.py:914} INFO - Processing file /home/shamim/airflow_venv/lib/python3.12/site-packages/airflow/example_dags/example_short_circuit_decorator.py for tasks to queue
[2025-03-10T14:34:14.221+0600] {logging_mixin.py:190} INFO - [2025-03-10T14:34:14.221+0600] {dagbag.py:588} INFO - Filling up the DagBag from /home/shamim/airflow_venv/lib/python3.12/site-packages/airflow/example_dags/example_short_circuit_decorator.py
[2025-03-10T14:34:14.235+0600] {processor.py:925} INFO - DAG(s) 'example_short_circuit_decorator' retrieved from /home/shamim/airflow_venv/lib/python3.12/site-packages/airflow/example_dags/example_short_circuit_decorator.py
[2025-03-10T14:34:14.263+0600] {logging_mixin.py:190} INFO - [2025-03-10T14:34:14.263+0600] {dag.py:3239} INFO - Sync 1 DAGs
[2025-03-10T14:34:14.280+0600] {logging_mixin.py:190} INFO - [2025-03-10T14:34:14.279+0600] {dag.py:4180} INFO - Setting next_dagrun for example_short_circuit_decorator to None, run_after=None
[2025-03-10T14:34:14.308+0600] {processor.py:208} INFO - Processing /home/shamim/airflow_venv/lib/python3.12/site-packages/airflow/example_dags/example_short_circuit_decorator.py took 0.105 seconds
[2025-03-10T14:35:42.220+0600] {processor.py:186} INFO - Started process (PID=22240) to work on /home/shamim/airflow_venv/lib/python3.12/site-packages/airflow/example_dags/example_short_circuit_decorator.py
[2025-03-10T14:35:42.227+0600] {processor.py:914} INFO - Processing file /home/shamim/airflow_venv/lib/python3.12/site-packages/airflow/example_dags/example_short_circuit_decorator.py for tasks to queue
[2025-03-10T14:35:42.229+0600] {logging_mixin.py:190} INFO - [2025-03-10T14:35:42.229+0600] {dagbag.py:588} INFO - Filling up the DagBag from /home/shamim/airflow_venv/lib/python3.12/site-packages/airflow/example_dags/example_short_circuit_decorator.py
[2025-03-10T14:35:42.243+0600] {processor.py:925} INFO - DAG(s) 'example_short_circuit_decorator' retrieved from /home/shamim/airflow_venv/lib/python3.12/site-packages/airflow/example_dags/example_short_circuit_decorator.py
[2025-03-10T14:35:42.266+0600] {logging_mixin.py:190} INFO - [2025-03-10T14:35:42.265+0600] {dag.py:3239} INFO - Sync 1 DAGs
[2025-03-10T14:35:42.281+0600] {logging_mixin.py:190} INFO - [2025-03-10T14:35:42.281+0600] {dag.py:4180} INFO - Setting next_dagrun for example_short_circuit_decorator to None, run_after=None
[2025-03-10T14:35:42.309+0600] {processor.py:208} INFO - Processing /home/shamim/airflow_venv/lib/python3.12/site-packages/airflow/example_dags/example_short_circuit_decorator.py took 0.095 seconds
[2025-03-10T14:37:01.783+0600] {processor.py:186} INFO - Started process (PID=23788) to work on /home/shamim/airflow_venv/lib/python3.12/site-packages/airflow/example_dags/example_short_circuit_decorator.py
[2025-03-10T14:37:01.785+0600] {processor.py:914} INFO - Processing file /home/shamim/airflow_venv/lib/python3.12/site-packages/airflow/example_dags/example_short_circuit_decorator.py for tasks to queue
[2025-03-10T14:37:01.789+0600] {logging_mixin.py:190} INFO - [2025-03-10T14:37:01.788+0600] {dagbag.py:588} INFO - Filling up the DagBag from /home/shamim/airflow_venv/lib/python3.12/site-packages/airflow/example_dags/example_short_circuit_decorator.py
[2025-03-10T14:37:01.804+0600] {processor.py:925} INFO - DAG(s) 'example_short_circuit_decorator' retrieved from /home/shamim/airflow_venv/lib/python3.12/site-packages/airflow/example_dags/example_short_circuit_decorator.py
[2025-03-10T14:37:01.826+0600] {logging_mixin.py:190} INFO - [2025-03-10T14:37:01.826+0600] {dag.py:3239} INFO - Sync 1 DAGs
[2025-03-10T14:37:01.841+0600] {logging_mixin.py:190} INFO - [2025-03-10T14:37:01.841+0600] {dag.py:4180} INFO - Setting next_dagrun for example_short_circuit_decorator to None, run_after=None
[2025-03-10T14:37:01.868+0600] {processor.py:208} INFO - Processing /home/shamim/airflow_venv/lib/python3.12/site-packages/airflow/example_dags/example_short_circuit_decorator.py took 0.094 seconds
[2025-03-10T14:38:20.244+0600] {processor.py:186} INFO - Started process (PID=24275) to work on /home/shamim/airflow_venv/lib/python3.12/site-packages/airflow/example_dags/example_short_circuit_decorator.py
[2025-03-10T14:38:20.248+0600] {processor.py:914} INFO - Processing file /home/shamim/airflow_venv/lib/python3.12/site-packages/airflow/example_dags/example_short_circuit_decorator.py for tasks to queue
[2025-03-10T14:38:20.252+0600] {logging_mixin.py:190} INFO - [2025-03-10T14:38:20.251+0600] {dagbag.py:588} INFO - Filling up the DagBag from /home/shamim/airflow_venv/lib/python3.12/site-packages/airflow/example_dags/example_short_circuit_decorator.py
[2025-03-10T14:38:20.266+0600] {processor.py:925} INFO - DAG(s) 'example_short_circuit_decorator' retrieved from /home/shamim/airflow_venv/lib/python3.12/site-packages/airflow/example_dags/example_short_circuit_decorator.py
[2025-03-10T14:38:20.290+0600] {logging_mixin.py:190} INFO - [2025-03-10T14:38:20.290+0600] {dag.py:3239} INFO - Sync 1 DAGs
[2025-03-10T14:38:20.305+0600] {logging_mixin.py:190} INFO - [2025-03-10T14:38:20.305+0600] {dag.py:4180} INFO - Setting next_dagrun for example_short_circuit_decorator to None, run_after=None
[2025-03-10T14:38:20.327+0600] {processor.py:208} INFO - Processing /home/shamim/airflow_venv/lib/python3.12/site-packages/airflow/example_dags/example_short_circuit_decorator.py took 0.091 seconds
[2025-03-10T14:39:38.065+0600] {processor.py:186} INFO - Started process (PID=25169) to work on /home/shamim/airflow_venv/lib/python3.12/site-packages/airflow/example_dags/example_short_circuit_decorator.py
[2025-03-10T14:39:38.070+0600] {processor.py:914} INFO - Processing file /home/shamim/airflow_venv/lib/python3.12/site-packages/airflow/example_dags/example_short_circuit_decorator.py for tasks to queue
[2025-03-10T14:39:38.073+0600] {logging_mixin.py:190} INFO - [2025-03-10T14:39:38.072+0600] {dagbag.py:588} INFO - Filling up the DagBag from /home/shamim/airflow_venv/lib/python3.12/site-packages/airflow/example_dags/example_short_circuit_decorator.py
[2025-03-10T14:39:38.085+0600] {processor.py:925} INFO - DAG(s) 'example_short_circuit_decorator' retrieved from /home/shamim/airflow_venv/lib/python3.12/site-packages/airflow/example_dags/example_short_circuit_decorator.py
[2025-03-10T14:39:38.107+0600] {logging_mixin.py:190} INFO - [2025-03-10T14:39:38.107+0600] {dag.py:3239} INFO - Sync 1 DAGs
[2025-03-10T14:39:38.122+0600] {logging_mixin.py:190} INFO - [2025-03-10T14:39:38.122+0600] {dag.py:4180} INFO - Setting next_dagrun for example_short_circuit_decorator to None, run_after=None
[2025-03-10T14:39:38.145+0600] {processor.py:208} INFO - Processing /home/shamim/airflow_venv/lib/python3.12/site-packages/airflow/example_dags/example_short_circuit_decorator.py took 0.087 seconds
[2025-03-10T14:40:57.915+0600] {processor.py:186} INFO - Started process (PID=26458) to work on /home/shamim/airflow_venv/lib/python3.12/site-packages/airflow/example_dags/example_short_circuit_decorator.py
[2025-03-10T14:40:57.922+0600] {processor.py:914} INFO - Processing file /home/shamim/airflow_venv/lib/python3.12/site-packages/airflow/example_dags/example_short_circuit_decorator.py for tasks to queue
[2025-03-10T14:40:57.927+0600] {logging_mixin.py:190} INFO - [2025-03-10T14:40:57.926+0600] {dagbag.py:588} INFO - Filling up the DagBag from /home/shamim/airflow_venv/lib/python3.12/site-packages/airflow/example_dags/example_short_circuit_decorator.py
[2025-03-10T14:40:57.941+0600] {processor.py:925} INFO - DAG(s) 'example_short_circuit_decorator' retrieved from /home/shamim/airflow_venv/lib/python3.12/site-packages/airflow/example_dags/example_short_circuit_decorator.py
[2025-03-10T14:40:57.965+0600] {logging_mixin.py:190} INFO - [2025-03-10T14:40:57.964+0600] {dag.py:3239} INFO - Sync 1 DAGs
[2025-03-10T14:40:57.980+0600] {logging_mixin.py:190} INFO - [2025-03-10T14:40:57.980+0600] {dag.py:4180} INFO - Setting next_dagrun for example_short_circuit_decorator to None, run_after=None
[2025-03-10T14:40:58.014+0600] {processor.py:208} INFO - Processing /home/shamim/airflow_venv/lib/python3.12/site-packages/airflow/example_dags/example_short_circuit_decorator.py took 0.107 seconds
[2025-03-10T14:42:30.807+0600] {processor.py:186} INFO - Started process (PID=27337) to work on /home/shamim/airflow_venv/lib/python3.12/site-packages/airflow/example_dags/example_short_circuit_decorator.py
[2025-03-10T14:42:30.808+0600] {processor.py:914} INFO - Processing file /home/shamim/airflow_venv/lib/python3.12/site-packages/airflow/example_dags/example_short_circuit_decorator.py for tasks to queue
[2025-03-10T14:42:30.811+0600] {logging_mixin.py:190} INFO - [2025-03-10T14:42:30.810+0600] {dagbag.py:588} INFO - Filling up the DagBag from /home/shamim/airflow_venv/lib/python3.12/site-packages/airflow/example_dags/example_short_circuit_decorator.py
[2025-03-10T14:42:30.824+0600] {processor.py:925} INFO - DAG(s) 'example_short_circuit_decorator' retrieved from /home/shamim/airflow_venv/lib/python3.12/site-packages/airflow/example_dags/example_short_circuit_decorator.py
[2025-03-10T14:42:30.848+0600] {logging_mixin.py:190} INFO - [2025-03-10T14:42:30.848+0600] {dag.py:3239} INFO - Sync 1 DAGs
[2025-03-10T14:42:30.864+0600] {logging_mixin.py:190} INFO - [2025-03-10T14:42:30.863+0600] {dag.py:4180} INFO - Setting next_dagrun for example_short_circuit_decorator to None, run_after=None
[2025-03-10T14:42:30.888+0600] {processor.py:208} INFO - Processing /home/shamim/airflow_venv/lib/python3.12/site-packages/airflow/example_dags/example_short_circuit_decorator.py took 0.089 seconds
[2025-03-10T14:44:07.153+0600] {processor.py:186} INFO - Started process (PID=28396) to work on /home/shamim/airflow_venv/lib/python3.12/site-packages/airflow/example_dags/example_short_circuit_decorator.py
[2025-03-10T14:44:07.156+0600] {processor.py:914} INFO - Processing file /home/shamim/airflow_venv/lib/python3.12/site-packages/airflow/example_dags/example_short_circuit_decorator.py for tasks to queue
[2025-03-10T14:44:07.159+0600] {logging_mixin.py:190} INFO - [2025-03-10T14:44:07.158+0600] {dagbag.py:588} INFO - Filling up the DagBag from /home/shamim/airflow_venv/lib/python3.12/site-packages/airflow/example_dags/example_short_circuit_decorator.py
[2025-03-10T14:44:07.173+0600] {processor.py:925} INFO - DAG(s) 'example_short_circuit_decorator' retrieved from /home/shamim/airflow_venv/lib/python3.12/site-packages/airflow/example_dags/example_short_circuit_decorator.py
[2025-03-10T14:44:07.199+0600] {logging_mixin.py:190} INFO - [2025-03-10T14:44:07.198+0600] {dag.py:3239} INFO - Sync 1 DAGs
[2025-03-10T14:44:07.216+0600] {logging_mixin.py:190} INFO - [2025-03-10T14:44:07.216+0600] {dag.py:4180} INFO - Setting next_dagrun for example_short_circuit_decorator to None, run_after=None
[2025-03-10T14:44:07.244+0600] {processor.py:208} INFO - Processing /home/shamim/airflow_venv/lib/python3.12/site-packages/airflow/example_dags/example_short_circuit_decorator.py took 0.099 seconds
[2025-03-10T14:45:33.234+0600] {processor.py:186} INFO - Started process (PID=28969) to work on /home/shamim/airflow_venv/lib/python3.12/site-packages/airflow/example_dags/example_short_circuit_decorator.py
[2025-03-10T14:45:33.236+0600] {processor.py:914} INFO - Processing file /home/shamim/airflow_venv/lib/python3.12/site-packages/airflow/example_dags/example_short_circuit_decorator.py for tasks to queue
[2025-03-10T14:45:33.239+0600] {logging_mixin.py:190} INFO - [2025-03-10T14:45:33.238+0600] {dagbag.py:588} INFO - Filling up the DagBag from /home/shamim/airflow_venv/lib/python3.12/site-packages/airflow/example_dags/example_short_circuit_decorator.py
[2025-03-10T14:45:33.252+0600] {processor.py:925} INFO - DAG(s) 'example_short_circuit_decorator' retrieved from /home/shamim/airflow_venv/lib/python3.12/site-packages/airflow/example_dags/example_short_circuit_decorator.py
[2025-03-10T14:45:33.276+0600] {logging_mixin.py:190} INFO - [2025-03-10T14:45:33.276+0600] {dag.py:3239} INFO - Sync 1 DAGs
[2025-03-10T14:45:33.292+0600] {logging_mixin.py:190} INFO - [2025-03-10T14:45:33.292+0600] {dag.py:4180} INFO - Setting next_dagrun for example_short_circuit_decorator to None, run_after=None
[2025-03-10T14:45:33.320+0600] {processor.py:208} INFO - Processing /home/shamim/airflow_venv/lib/python3.12/site-packages/airflow/example_dags/example_short_circuit_decorator.py took 0.093 seconds
[2025-03-10T14:46:58.862+0600] {processor.py:186} INFO - Started process (PID=29575) to work on /home/shamim/airflow_venv/lib/python3.12/site-packages/airflow/example_dags/example_short_circuit_decorator.py
[2025-03-10T14:46:58.865+0600] {processor.py:914} INFO - Processing file /home/shamim/airflow_venv/lib/python3.12/site-packages/airflow/example_dags/example_short_circuit_decorator.py for tasks to queue
[2025-03-10T14:46:58.868+0600] {logging_mixin.py:190} INFO - [2025-03-10T14:46:58.867+0600] {dagbag.py:588} INFO - Filling up the DagBag from /home/shamim/airflow_venv/lib/python3.12/site-packages/airflow/example_dags/example_short_circuit_decorator.py
[2025-03-10T14:46:58.881+0600] {processor.py:925} INFO - DAG(s) 'example_short_circuit_decorator' retrieved from /home/shamim/airflow_venv/lib/python3.12/site-packages/airflow/example_dags/example_short_circuit_decorator.py
[2025-03-10T14:46:58.911+0600] {logging_mixin.py:190} INFO - [2025-03-10T14:46:58.911+0600] {dag.py:3239} INFO - Sync 1 DAGs
[2025-03-10T14:46:58.931+0600] {logging_mixin.py:190} INFO - [2025-03-10T14:46:58.931+0600] {dag.py:4180} INFO - Setting next_dagrun for example_short_circuit_decorator to None, run_after=None
[2025-03-10T14:46:58.969+0600] {processor.py:208} INFO - Processing /home/shamim/airflow_venv/lib/python3.12/site-packages/airflow/example_dags/example_short_circuit_decorator.py took 0.114 seconds
[2025-03-10T14:48:26.176+0600] {processor.py:186} INFO - Started process (PID=30165) to work on /home/shamim/airflow_venv/lib/python3.12/site-packages/airflow/example_dags/example_short_circuit_decorator.py
[2025-03-10T14:48:26.179+0600] {processor.py:914} INFO - Processing file /home/shamim/airflow_venv/lib/python3.12/site-packages/airflow/example_dags/example_short_circuit_decorator.py for tasks to queue
[2025-03-10T14:48:26.181+0600] {logging_mixin.py:190} INFO - [2025-03-10T14:48:26.181+0600] {dagbag.py:588} INFO - Filling up the DagBag from /home/shamim/airflow_venv/lib/python3.12/site-packages/airflow/example_dags/example_short_circuit_decorator.py
[2025-03-10T14:48:26.194+0600] {processor.py:925} INFO - DAG(s) 'example_short_circuit_decorator' retrieved from /home/shamim/airflow_venv/lib/python3.12/site-packages/airflow/example_dags/example_short_circuit_decorator.py
[2025-03-10T14:48:26.217+0600] {logging_mixin.py:190} INFO - [2025-03-10T14:48:26.217+0600] {dag.py:3239} INFO - Sync 1 DAGs
[2025-03-10T14:48:26.233+0600] {logging_mixin.py:190} INFO - [2025-03-10T14:48:26.233+0600] {dag.py:4180} INFO - Setting next_dagrun for example_short_circuit_decorator to None, run_after=None
[2025-03-10T14:48:26.257+0600] {processor.py:208} INFO - Processing /home/shamim/airflow_venv/lib/python3.12/site-packages/airflow/example_dags/example_short_circuit_decorator.py took 0.088 seconds
[2025-03-10T14:49:56.626+0600] {processor.py:186} INFO - Started process (PID=30780) to work on /home/shamim/airflow_venv/lib/python3.12/site-packages/airflow/example_dags/example_short_circuit_decorator.py
[2025-03-10T14:49:56.632+0600] {processor.py:914} INFO - Processing file /home/shamim/airflow_venv/lib/python3.12/site-packages/airflow/example_dags/example_short_circuit_decorator.py for tasks to queue
[2025-03-10T14:49:56.634+0600] {logging_mixin.py:190} INFO - [2025-03-10T14:49:56.634+0600] {dagbag.py:588} INFO - Filling up the DagBag from /home/shamim/airflow_venv/lib/python3.12/site-packages/airflow/example_dags/example_short_circuit_decorator.py
[2025-03-10T14:49:56.648+0600] {processor.py:925} INFO - DAG(s) 'example_short_circuit_decorator' retrieved from /home/shamim/airflow_venv/lib/python3.12/site-packages/airflow/example_dags/example_short_circuit_decorator.py
[2025-03-10T14:49:56.672+0600] {logging_mixin.py:190} INFO - [2025-03-10T14:49:56.672+0600] {dag.py:3239} INFO - Sync 1 DAGs
[2025-03-10T14:49:56.687+0600] {logging_mixin.py:190} INFO - [2025-03-10T14:49:56.687+0600] {dag.py:4180} INFO - Setting next_dagrun for example_short_circuit_decorator to None, run_after=None
[2025-03-10T14:49:56.717+0600] {processor.py:208} INFO - Processing /home/shamim/airflow_venv/lib/python3.12/site-packages/airflow/example_dags/example_short_circuit_decorator.py took 0.099 seconds
[2025-03-10T14:51:31.093+0600] {processor.py:186} INFO - Started process (PID=31371) to work on /home/shamim/airflow_venv/lib/python3.12/site-packages/airflow/example_dags/example_short_circuit_decorator.py
[2025-03-10T14:51:31.100+0600] {processor.py:914} INFO - Processing file /home/shamim/airflow_venv/lib/python3.12/site-packages/airflow/example_dags/example_short_circuit_decorator.py for tasks to queue
[2025-03-10T14:51:31.105+0600] {logging_mixin.py:190} INFO - [2025-03-10T14:51:31.104+0600] {dagbag.py:588} INFO - Filling up the DagBag from /home/shamim/airflow_venv/lib/python3.12/site-packages/airflow/example_dags/example_short_circuit_decorator.py
[2025-03-10T14:51:31.121+0600] {processor.py:925} INFO - DAG(s) 'example_short_circuit_decorator' retrieved from /home/shamim/airflow_venv/lib/python3.12/site-packages/airflow/example_dags/example_short_circuit_decorator.py
[2025-03-10T14:51:31.145+0600] {logging_mixin.py:190} INFO - [2025-03-10T14:51:31.145+0600] {dag.py:3239} INFO - Sync 1 DAGs
[2025-03-10T14:51:31.160+0600] {logging_mixin.py:190} INFO - [2025-03-10T14:51:31.160+0600] {dag.py:4180} INFO - Setting next_dagrun for example_short_circuit_decorator to None, run_after=None
[2025-03-10T14:51:31.187+0600] {processor.py:208} INFO - Processing /home/shamim/airflow_venv/lib/python3.12/site-packages/airflow/example_dags/example_short_circuit_decorator.py took 0.100 seconds
[2025-03-10T14:53:08.064+0600] {processor.py:186} INFO - Started process (PID=31996) to work on /home/shamim/airflow_venv/lib/python3.12/site-packages/airflow/example_dags/example_short_circuit_decorator.py
[2025-03-10T14:53:08.072+0600] {processor.py:914} INFO - Processing file /home/shamim/airflow_venv/lib/python3.12/site-packages/airflow/example_dags/example_short_circuit_decorator.py for tasks to queue
[2025-03-10T14:53:08.078+0600] {logging_mixin.py:190} INFO - [2025-03-10T14:53:08.077+0600] {dagbag.py:588} INFO - Filling up the DagBag from /home/shamim/airflow_venv/lib/python3.12/site-packages/airflow/example_dags/example_short_circuit_decorator.py
[2025-03-10T14:53:08.106+0600] {processor.py:925} INFO - DAG(s) 'example_short_circuit_decorator' retrieved from /home/shamim/airflow_venv/lib/python3.12/site-packages/airflow/example_dags/example_short_circuit_decorator.py
[2025-03-10T14:53:08.134+0600] {logging_mixin.py:190} INFO - [2025-03-10T14:53:08.134+0600] {dag.py:3239} INFO - Sync 1 DAGs
[2025-03-10T14:53:08.152+0600] {logging_mixin.py:190} INFO - [2025-03-10T14:53:08.152+0600] {dag.py:4180} INFO - Setting next_dagrun for example_short_circuit_decorator to None, run_after=None
[2025-03-10T14:53:08.179+0600] {processor.py:208} INFO - Processing /home/shamim/airflow_venv/lib/python3.12/site-packages/airflow/example_dags/example_short_circuit_decorator.py took 0.142 seconds
[2025-03-10T14:54:50.141+0600] {processor.py:186} INFO - Started process (PID=32932) to work on /home/shamim/airflow_venv/lib/python3.12/site-packages/airflow/example_dags/example_short_circuit_decorator.py
[2025-03-10T14:54:50.148+0600] {processor.py:914} INFO - Processing file /home/shamim/airflow_venv/lib/python3.12/site-packages/airflow/example_dags/example_short_circuit_decorator.py for tasks to queue
[2025-03-10T14:54:50.151+0600] {logging_mixin.py:190} INFO - [2025-03-10T14:54:50.150+0600] {dagbag.py:588} INFO - Filling up the DagBag from /home/shamim/airflow_venv/lib/python3.12/site-packages/airflow/example_dags/example_short_circuit_decorator.py
[2025-03-10T14:54:50.175+0600] {processor.py:925} INFO - DAG(s) 'example_short_circuit_decorator' retrieved from /home/shamim/airflow_venv/lib/python3.12/site-packages/airflow/example_dags/example_short_circuit_decorator.py
[2025-03-10T14:54:50.248+0600] {logging_mixin.py:190} INFO - [2025-03-10T14:54:50.247+0600] {dag.py:3239} INFO - Sync 1 DAGs
[2025-03-10T14:54:50.280+0600] {logging_mixin.py:190} INFO - [2025-03-10T14:54:50.279+0600] {dag.py:4180} INFO - Setting next_dagrun for example_short_circuit_decorator to None, run_after=None
[2025-03-10T14:54:50.348+0600] {processor.py:208} INFO - Processing /home/shamim/airflow_venv/lib/python3.12/site-packages/airflow/example_dags/example_short_circuit_decorator.py took 0.225 seconds
[2025-03-10T14:56:21.220+0600] {processor.py:186} INFO - Started process (PID=33734) to work on /home/shamim/airflow_venv/lib/python3.12/site-packages/airflow/example_dags/example_short_circuit_decorator.py
[2025-03-10T14:56:21.226+0600] {processor.py:914} INFO - Processing file /home/shamim/airflow_venv/lib/python3.12/site-packages/airflow/example_dags/example_short_circuit_decorator.py for tasks to queue
[2025-03-10T14:56:21.230+0600] {logging_mixin.py:190} INFO - [2025-03-10T14:56:21.229+0600] {dagbag.py:588} INFO - Filling up the DagBag from /home/shamim/airflow_venv/lib/python3.12/site-packages/airflow/example_dags/example_short_circuit_decorator.py
[2025-03-10T14:56:21.243+0600] {processor.py:925} INFO - DAG(s) 'example_short_circuit_decorator' retrieved from /home/shamim/airflow_venv/lib/python3.12/site-packages/airflow/example_dags/example_short_circuit_decorator.py
[2025-03-10T14:56:21.268+0600] {logging_mixin.py:190} INFO - [2025-03-10T14:56:21.268+0600] {dag.py:3239} INFO - Sync 1 DAGs
[2025-03-10T14:56:21.285+0600] {logging_mixin.py:190} INFO - [2025-03-10T14:56:21.285+0600] {dag.py:4180} INFO - Setting next_dagrun for example_short_circuit_decorator to None, run_after=None
[2025-03-10T14:56:21.317+0600] {processor.py:208} INFO - Processing /home/shamim/airflow_venv/lib/python3.12/site-packages/airflow/example_dags/example_short_circuit_decorator.py took 0.104 seconds
[2025-03-10T14:57:56.441+0600] {processor.py:186} INFO - Started process (PID=34382) to work on /home/shamim/airflow_venv/lib/python3.12/site-packages/airflow/example_dags/example_short_circuit_decorator.py
[2025-03-10T14:57:56.443+0600] {processor.py:914} INFO - Processing file /home/shamim/airflow_venv/lib/python3.12/site-packages/airflow/example_dags/example_short_circuit_decorator.py for tasks to queue
[2025-03-10T14:57:56.446+0600] {logging_mixin.py:190} INFO - [2025-03-10T14:57:56.445+0600] {dagbag.py:588} INFO - Filling up the DagBag from /home/shamim/airflow_venv/lib/python3.12/site-packages/airflow/example_dags/example_short_circuit_decorator.py
[2025-03-10T14:57:56.460+0600] {processor.py:925} INFO - DAG(s) 'example_short_circuit_decorator' retrieved from /home/shamim/airflow_venv/lib/python3.12/site-packages/airflow/example_dags/example_short_circuit_decorator.py
[2025-03-10T14:57:56.485+0600] {logging_mixin.py:190} INFO - [2025-03-10T14:57:56.484+0600] {dag.py:3239} INFO - Sync 1 DAGs
[2025-03-10T14:57:56.503+0600] {logging_mixin.py:190} INFO - [2025-03-10T14:57:56.503+0600] {dag.py:4180} INFO - Setting next_dagrun for example_short_circuit_decorator to None, run_after=None
[2025-03-10T14:57:56.527+0600] {processor.py:208} INFO - Processing /home/shamim/airflow_venv/lib/python3.12/site-packages/airflow/example_dags/example_short_circuit_decorator.py took 0.093 seconds
[2025-03-10T14:59:28.267+0600] {processor.py:186} INFO - Started process (PID=35213) to work on /home/shamim/airflow_venv/lib/python3.12/site-packages/airflow/example_dags/example_short_circuit_decorator.py
[2025-03-10T14:59:28.274+0600] {processor.py:914} INFO - Processing file /home/shamim/airflow_venv/lib/python3.12/site-packages/airflow/example_dags/example_short_circuit_decorator.py for tasks to queue
[2025-03-10T14:59:28.279+0600] {logging_mixin.py:190} INFO - [2025-03-10T14:59:28.279+0600] {dagbag.py:588} INFO - Filling up the DagBag from /home/shamim/airflow_venv/lib/python3.12/site-packages/airflow/example_dags/example_short_circuit_decorator.py
[2025-03-10T14:59:28.298+0600] {processor.py:925} INFO - DAG(s) 'example_short_circuit_decorator' retrieved from /home/shamim/airflow_venv/lib/python3.12/site-packages/airflow/example_dags/example_short_circuit_decorator.py
[2025-03-10T14:59:28.347+0600] {logging_mixin.py:190} INFO - [2025-03-10T14:59:28.347+0600] {dag.py:3239} INFO - Sync 1 DAGs
[2025-03-10T14:59:28.371+0600] {logging_mixin.py:190} INFO - [2025-03-10T14:59:28.370+0600] {dag.py:4180} INFO - Setting next_dagrun for example_short_circuit_decorator to None, run_after=None
[2025-03-10T14:59:28.404+0600] {processor.py:208} INFO - Processing /home/shamim/airflow_venv/lib/python3.12/site-packages/airflow/example_dags/example_short_circuit_decorator.py took 0.147 seconds
[2025-03-10T15:01:03.712+0600] {processor.py:186} INFO - Started process (PID=36023) to work on /home/shamim/airflow_venv/lib/python3.12/site-packages/airflow/example_dags/example_short_circuit_decorator.py
[2025-03-10T15:01:03.718+0600] {processor.py:914} INFO - Processing file /home/shamim/airflow_venv/lib/python3.12/site-packages/airflow/example_dags/example_short_circuit_decorator.py for tasks to queue
[2025-03-10T15:01:03.721+0600] {logging_mixin.py:190} INFO - [2025-03-10T15:01:03.721+0600] {dagbag.py:588} INFO - Filling up the DagBag from /home/shamim/airflow_venv/lib/python3.12/site-packages/airflow/example_dags/example_short_circuit_decorator.py
[2025-03-10T15:01:03.735+0600] {processor.py:925} INFO - DAG(s) 'example_short_circuit_decorator' retrieved from /home/shamim/airflow_venv/lib/python3.12/site-packages/airflow/example_dags/example_short_circuit_decorator.py
[2025-03-10T15:01:03.758+0600] {logging_mixin.py:190} INFO - [2025-03-10T15:01:03.758+0600] {dag.py:3239} INFO - Sync 1 DAGs
[2025-03-10T15:01:03.773+0600] {logging_mixin.py:190} INFO - [2025-03-10T15:01:03.773+0600] {dag.py:4180} INFO - Setting next_dagrun for example_short_circuit_decorator to None, run_after=None
[2025-03-10T15:01:03.803+0600] {processor.py:208} INFO - Processing /home/shamim/airflow_venv/lib/python3.12/site-packages/airflow/example_dags/example_short_circuit_decorator.py took 0.098 seconds
[2025-03-10T15:02:38.074+0600] {processor.py:186} INFO - Started process (PID=36960) to work on /home/shamim/airflow_venv/lib/python3.12/site-packages/airflow/example_dags/example_short_circuit_decorator.py
[2025-03-10T15:02:38.080+0600] {processor.py:914} INFO - Processing file /home/shamim/airflow_venv/lib/python3.12/site-packages/airflow/example_dags/example_short_circuit_decorator.py for tasks to queue
[2025-03-10T15:02:38.083+0600] {logging_mixin.py:190} INFO - [2025-03-10T15:02:38.083+0600] {dagbag.py:588} INFO - Filling up the DagBag from /home/shamim/airflow_venv/lib/python3.12/site-packages/airflow/example_dags/example_short_circuit_decorator.py
[2025-03-10T15:02:38.097+0600] {processor.py:925} INFO - DAG(s) 'example_short_circuit_decorator' retrieved from /home/shamim/airflow_venv/lib/python3.12/site-packages/airflow/example_dags/example_short_circuit_decorator.py
[2025-03-10T15:02:38.121+0600] {logging_mixin.py:190} INFO - [2025-03-10T15:02:38.121+0600] {dag.py:3239} INFO - Sync 1 DAGs
[2025-03-10T15:02:38.137+0600] {logging_mixin.py:190} INFO - [2025-03-10T15:02:38.137+0600] {dag.py:4180} INFO - Setting next_dagrun for example_short_circuit_decorator to None, run_after=None
[2025-03-10T15:02:38.162+0600] {processor.py:208} INFO - Processing /home/shamim/airflow_venv/lib/python3.12/site-packages/airflow/example_dags/example_short_circuit_decorator.py took 0.096 seconds
[2025-03-10T15:03:55.563+0600] {processor.py:186} INFO - Started process (PID=37466) to work on /home/shamim/airflow_venv/lib/python3.12/site-packages/airflow/example_dags/example_short_circuit_decorator.py
[2025-03-10T15:03:55.569+0600] {processor.py:914} INFO - Processing file /home/shamim/airflow_venv/lib/python3.12/site-packages/airflow/example_dags/example_short_circuit_decorator.py for tasks to queue
[2025-03-10T15:03:55.572+0600] {logging_mixin.py:190} INFO - [2025-03-10T15:03:55.571+0600] {dagbag.py:588} INFO - Filling up the DagBag from /home/shamim/airflow_venv/lib/python3.12/site-packages/airflow/example_dags/example_short_circuit_decorator.py
[2025-03-10T15:03:55.584+0600] {processor.py:925} INFO - DAG(s) 'example_short_circuit_decorator' retrieved from /home/shamim/airflow_venv/lib/python3.12/site-packages/airflow/example_dags/example_short_circuit_decorator.py
[2025-03-10T15:03:55.610+0600] {logging_mixin.py:190} INFO - [2025-03-10T15:03:55.609+0600] {dag.py:3239} INFO - Sync 1 DAGs
[2025-03-10T15:03:55.628+0600] {logging_mixin.py:190} INFO - [2025-03-10T15:03:55.627+0600] {dag.py:4180} INFO - Setting next_dagrun for example_short_circuit_decorator to None, run_after=None
[2025-03-10T15:03:55.653+0600] {processor.py:208} INFO - Processing /home/shamim/airflow_venv/lib/python3.12/site-packages/airflow/example_dags/example_short_circuit_decorator.py took 0.097 seconds
[2025-03-10T15:05:18.548+0600] {processor.py:186} INFO - Started process (PID=37934) to work on /home/shamim/airflow_venv/lib/python3.12/site-packages/airflow/example_dags/example_short_circuit_decorator.py
[2025-03-10T15:05:18.555+0600] {processor.py:914} INFO - Processing file /home/shamim/airflow_venv/lib/python3.12/site-packages/airflow/example_dags/example_short_circuit_decorator.py for tasks to queue
[2025-03-10T15:05:18.558+0600] {logging_mixin.py:190} INFO - [2025-03-10T15:05:18.557+0600] {dagbag.py:588} INFO - Filling up the DagBag from /home/shamim/airflow_venv/lib/python3.12/site-packages/airflow/example_dags/example_short_circuit_decorator.py
[2025-03-10T15:05:18.571+0600] {processor.py:925} INFO - DAG(s) 'example_short_circuit_decorator' retrieved from /home/shamim/airflow_venv/lib/python3.12/site-packages/airflow/example_dags/example_short_circuit_decorator.py
[2025-03-10T15:05:18.596+0600] {logging_mixin.py:190} INFO - [2025-03-10T15:05:18.595+0600] {dag.py:3239} INFO - Sync 1 DAGs
[2025-03-10T15:05:18.612+0600] {logging_mixin.py:190} INFO - [2025-03-10T15:05:18.612+0600] {dag.py:4180} INFO - Setting next_dagrun for example_short_circuit_decorator to None, run_after=None
[2025-03-10T15:05:18.639+0600] {processor.py:208} INFO - Processing /home/shamim/airflow_venv/lib/python3.12/site-packages/airflow/example_dags/example_short_circuit_decorator.py took 0.098 seconds
[2025-03-10T15:06:37.508+0600] {processor.py:186} INFO - Started process (PID=38413) to work on /home/shamim/airflow_venv/lib/python3.12/site-packages/airflow/example_dags/example_short_circuit_decorator.py
[2025-03-10T15:06:37.511+0600] {processor.py:914} INFO - Processing file /home/shamim/airflow_venv/lib/python3.12/site-packages/airflow/example_dags/example_short_circuit_decorator.py for tasks to queue
[2025-03-10T15:06:37.514+0600] {logging_mixin.py:190} INFO - [2025-03-10T15:06:37.514+0600] {dagbag.py:588} INFO - Filling up the DagBag from /home/shamim/airflow_venv/lib/python3.12/site-packages/airflow/example_dags/example_short_circuit_decorator.py
[2025-03-10T15:06:37.527+0600] {processor.py:925} INFO - DAG(s) 'example_short_circuit_decorator' retrieved from /home/shamim/airflow_venv/lib/python3.12/site-packages/airflow/example_dags/example_short_circuit_decorator.py
[2025-03-10T15:06:37.552+0600] {logging_mixin.py:190} INFO - [2025-03-10T15:06:37.552+0600] {dag.py:3239} INFO - Sync 1 DAGs
[2025-03-10T15:06:37.567+0600] {logging_mixin.py:190} INFO - [2025-03-10T15:06:37.567+0600] {dag.py:4180} INFO - Setting next_dagrun for example_short_circuit_decorator to None, run_after=None
[2025-03-10T15:06:37.591+0600] {processor.py:208} INFO - Processing /home/shamim/airflow_venv/lib/python3.12/site-packages/airflow/example_dags/example_short_circuit_decorator.py took 0.089 seconds
[2025-03-10T15:08:02.906+0600] {processor.py:186} INFO - Started process (PID=38925) to work on /home/shamim/airflow_venv/lib/python3.12/site-packages/airflow/example_dags/example_short_circuit_decorator.py
[2025-03-10T15:08:02.930+0600] {processor.py:914} INFO - Processing file /home/shamim/airflow_venv/lib/python3.12/site-packages/airflow/example_dags/example_short_circuit_decorator.py for tasks to queue
[2025-03-10T15:08:02.933+0600] {logging_mixin.py:190} INFO - [2025-03-10T15:08:02.933+0600] {dagbag.py:588} INFO - Filling up the DagBag from /home/shamim/airflow_venv/lib/python3.12/site-packages/airflow/example_dags/example_short_circuit_decorator.py
[2025-03-10T15:08:02.946+0600] {processor.py:925} INFO - DAG(s) 'example_short_circuit_decorator' retrieved from /home/shamim/airflow_venv/lib/python3.12/site-packages/airflow/example_dags/example_short_circuit_decorator.py
[2025-03-10T15:08:02.970+0600] {logging_mixin.py:190} INFO - [2025-03-10T15:08:02.970+0600] {dag.py:3239} INFO - Sync 1 DAGs
[2025-03-10T15:08:02.986+0600] {logging_mixin.py:190} INFO - [2025-03-10T15:08:02.986+0600] {dag.py:4180} INFO - Setting next_dagrun for example_short_circuit_decorator to None, run_after=None
[2025-03-10T15:08:03.011+0600] {processor.py:208} INFO - Processing /home/shamim/airflow_venv/lib/python3.12/site-packages/airflow/example_dags/example_short_circuit_decorator.py took 0.112 seconds
[2025-03-10T15:09:29.919+0600] {processor.py:186} INFO - Started process (PID=39427) to work on /home/shamim/airflow_venv/lib/python3.12/site-packages/airflow/example_dags/example_short_circuit_decorator.py
[2025-03-10T15:09:29.925+0600] {processor.py:914} INFO - Processing file /home/shamim/airflow_venv/lib/python3.12/site-packages/airflow/example_dags/example_short_circuit_decorator.py for tasks to queue
[2025-03-10T15:09:29.929+0600] {logging_mixin.py:190} INFO - [2025-03-10T15:09:29.929+0600] {dagbag.py:588} INFO - Filling up the DagBag from /home/shamim/airflow_venv/lib/python3.12/site-packages/airflow/example_dags/example_short_circuit_decorator.py
[2025-03-10T15:09:29.942+0600] {processor.py:925} INFO - DAG(s) 'example_short_circuit_decorator' retrieved from /home/shamim/airflow_venv/lib/python3.12/site-packages/airflow/example_dags/example_short_circuit_decorator.py
[2025-03-10T15:09:29.967+0600] {logging_mixin.py:190} INFO - [2025-03-10T15:09:29.966+0600] {dag.py:3239} INFO - Sync 1 DAGs
[2025-03-10T15:09:29.983+0600] {logging_mixin.py:190} INFO - [2025-03-10T15:09:29.983+0600] {dag.py:4180} INFO - Setting next_dagrun for example_short_circuit_decorator to None, run_after=None
[2025-03-10T15:09:30.023+0600] {processor.py:208} INFO - Processing /home/shamim/airflow_venv/lib/python3.12/site-packages/airflow/example_dags/example_short_circuit_decorator.py took 0.110 seconds
[2025-03-10T15:10:50.518+0600] {processor.py:186} INFO - Started process (PID=39909) to work on /home/shamim/airflow_venv/lib/python3.12/site-packages/airflow/example_dags/example_short_circuit_decorator.py
[2025-03-10T15:10:50.525+0600] {processor.py:914} INFO - Processing file /home/shamim/airflow_venv/lib/python3.12/site-packages/airflow/example_dags/example_short_circuit_decorator.py for tasks to queue
[2025-03-10T15:10:50.528+0600] {logging_mixin.py:190} INFO - [2025-03-10T15:10:50.527+0600] {dagbag.py:588} INFO - Filling up the DagBag from /home/shamim/airflow_venv/lib/python3.12/site-packages/airflow/example_dags/example_short_circuit_decorator.py
[2025-03-10T15:10:50.540+0600] {processor.py:925} INFO - DAG(s) 'example_short_circuit_decorator' retrieved from /home/shamim/airflow_venv/lib/python3.12/site-packages/airflow/example_dags/example_short_circuit_decorator.py
[2025-03-10T15:10:50.565+0600] {logging_mixin.py:190} INFO - [2025-03-10T15:10:50.564+0600] {dag.py:3239} INFO - Sync 1 DAGs
[2025-03-10T15:10:50.581+0600] {logging_mixin.py:190} INFO - [2025-03-10T15:10:50.581+0600] {dag.py:4180} INFO - Setting next_dagrun for example_short_circuit_decorator to None, run_after=None
[2025-03-10T15:10:50.608+0600] {processor.py:208} INFO - Processing /home/shamim/airflow_venv/lib/python3.12/site-packages/airflow/example_dags/example_short_circuit_decorator.py took 0.097 seconds
[2025-03-10T15:12:15.284+0600] {processor.py:186} INFO - Started process (PID=40509) to work on /home/shamim/airflow_venv/lib/python3.12/site-packages/airflow/example_dags/example_short_circuit_decorator.py
[2025-03-10T15:12:15.290+0600] {processor.py:914} INFO - Processing file /home/shamim/airflow_venv/lib/python3.12/site-packages/airflow/example_dags/example_short_circuit_decorator.py for tasks to queue
[2025-03-10T15:12:15.293+0600] {logging_mixin.py:190} INFO - [2025-03-10T15:12:15.293+0600] {dagbag.py:588} INFO - Filling up the DagBag from /home/shamim/airflow_venv/lib/python3.12/site-packages/airflow/example_dags/example_short_circuit_decorator.py
[2025-03-10T15:12:15.307+0600] {processor.py:925} INFO - DAG(s) 'example_short_circuit_decorator' retrieved from /home/shamim/airflow_venv/lib/python3.12/site-packages/airflow/example_dags/example_short_circuit_decorator.py
[2025-03-10T15:12:15.336+0600] {logging_mixin.py:190} INFO - [2025-03-10T15:12:15.335+0600] {dag.py:3239} INFO - Sync 1 DAGs
[2025-03-10T15:12:15.351+0600] {logging_mixin.py:190} INFO - [2025-03-10T15:12:15.350+0600] {dag.py:4180} INFO - Setting next_dagrun for example_short_circuit_decorator to None, run_after=None
[2025-03-10T15:12:15.376+0600] {processor.py:208} INFO - Processing /home/shamim/airflow_venv/lib/python3.12/site-packages/airflow/example_dags/example_short_circuit_decorator.py took 0.101 seconds
[2025-03-10T15:13:43.166+0600] {processor.py:186} INFO - Started process (PID=41073) to work on /home/shamim/airflow_venv/lib/python3.12/site-packages/airflow/example_dags/example_short_circuit_decorator.py
[2025-03-10T15:13:43.172+0600] {processor.py:914} INFO - Processing file /home/shamim/airflow_venv/lib/python3.12/site-packages/airflow/example_dags/example_short_circuit_decorator.py for tasks to queue
[2025-03-10T15:13:43.176+0600] {logging_mixin.py:190} INFO - [2025-03-10T15:13:43.176+0600] {dagbag.py:588} INFO - Filling up the DagBag from /home/shamim/airflow_venv/lib/python3.12/site-packages/airflow/example_dags/example_short_circuit_decorator.py
[2025-03-10T15:13:43.190+0600] {processor.py:925} INFO - DAG(s) 'example_short_circuit_decorator' retrieved from /home/shamim/airflow_venv/lib/python3.12/site-packages/airflow/example_dags/example_short_circuit_decorator.py
[2025-03-10T15:13:43.216+0600] {logging_mixin.py:190} INFO - [2025-03-10T15:13:43.215+0600] {dag.py:3239} INFO - Sync 1 DAGs
[2025-03-10T15:13:43.232+0600] {logging_mixin.py:190} INFO - [2025-03-10T15:13:43.232+0600] {dag.py:4180} INFO - Setting next_dagrun for example_short_circuit_decorator to None, run_after=None
[2025-03-10T15:13:43.258+0600] {processor.py:208} INFO - Processing /home/shamim/airflow_venv/lib/python3.12/site-packages/airflow/example_dags/example_short_circuit_decorator.py took 0.100 seconds
[2025-03-10T15:15:12.692+0600] {processor.py:186} INFO - Started process (PID=41675) to work on /home/shamim/airflow_venv/lib/python3.12/site-packages/airflow/example_dags/example_short_circuit_decorator.py
[2025-03-10T15:15:12.698+0600] {processor.py:914} INFO - Processing file /home/shamim/airflow_venv/lib/python3.12/site-packages/airflow/example_dags/example_short_circuit_decorator.py for tasks to queue
[2025-03-10T15:15:12.706+0600] {logging_mixin.py:190} INFO - [2025-03-10T15:15:12.704+0600] {dagbag.py:588} INFO - Filling up the DagBag from /home/shamim/airflow_venv/lib/python3.12/site-packages/airflow/example_dags/example_short_circuit_decorator.py
[2025-03-10T15:15:12.733+0600] {processor.py:925} INFO - DAG(s) 'example_short_circuit_decorator' retrieved from /home/shamim/airflow_venv/lib/python3.12/site-packages/airflow/example_dags/example_short_circuit_decorator.py
[2025-03-10T15:15:12.763+0600] {logging_mixin.py:190} INFO - [2025-03-10T15:15:12.762+0600] {dag.py:3239} INFO - Sync 1 DAGs
[2025-03-10T15:15:12.780+0600] {logging_mixin.py:190} INFO - [2025-03-10T15:15:12.779+0600] {dag.py:4180} INFO - Setting next_dagrun for example_short_circuit_decorator to None, run_after=None
[2025-03-10T15:15:12.802+0600] {processor.py:208} INFO - Processing /home/shamim/airflow_venv/lib/python3.12/site-packages/airflow/example_dags/example_short_circuit_decorator.py took 0.129 seconds
