[2025-03-10T13:53:33.325+0600] {processor.py:186} INFO - Started process (PID=4858) to work on /home/shamim/airflow_venv/lib/python3.12/site-packages/airflow/example_dags/example_branch_datetime_operator.py
[2025-03-10T13:53:33.327+0600] {processor.py:914} INFO - Processing file /home/shamim/airflow_venv/lib/python3.12/site-packages/airflow/example_dags/example_branch_datetime_operator.py for tasks to queue
[2025-03-10T13:53:33.331+0600] {logging_mixin.py:190} INFO - [2025-03-10T13:53:33.330+0600] {dagbag.py:588} INFO - Filling up the DagBag from /home/shamim/airflow_venv/lib/python3.12/site-packages/airflow/example_dags/example_branch_datetime_operator.py
[2025-03-10T13:53:33.355+0600] {processor.py:925} INFO - DAG(s) 'example_branch_datetime_operator', 'example_branch_datetime_operator_2', 'example_branch_datetime_operator_3' retrieved from /home/shamim/airflow_venv/lib/python3.12/site-packages/airflow/example_dags/example_branch_datetime_operator.py
[2025-03-10T13:53:33.397+0600] {logging_mixin.py:190} INFO - [2025-03-10T13:53:33.397+0600] {dag.py:3239} INFO - Sync 3 DAGs
[2025-03-10T13:53:33.433+0600] {logging_mixin.py:190} INFO - [2025-03-10T13:53:33.433+0600] {dag.py:4180} INFO - Setting next_dagrun for example_branch_datetime_operator to 2025-03-09 00:00:00+00:00, run_after=2025-03-10 00:00:00+00:00
[2025-03-10T13:53:33.441+0600] {logging_mixin.py:190} INFO - [2025-03-10T13:53:33.441+0600] {dag.py:4180} INFO - Setting next_dagrun for example_branch_datetime_operator_2 to 2025-03-09 00:00:00+00:00, run_after=2025-03-10 00:00:00+00:00
[2025-03-10T13:53:33.445+0600] {logging_mixin.py:190} INFO - [2025-03-10T13:53:33.444+0600] {dag.py:4180} INFO - Setting next_dagrun for example_branch_datetime_operator_3 to 2025-03-09 00:00:00+00:00, run_after=2025-03-10 00:00:00+00:00
[2025-03-10T13:53:34.349+0600] {processor.py:208} INFO - Processing /home/shamim/airflow_venv/lib/python3.12/site-packages/airflow/example_dags/example_branch_datetime_operator.py took 1.034 seconds
[2025-03-10T13:55:10.434+0600] {processor.py:186} INFO - Started process (PID=5404) to work on /home/shamim/airflow_venv/lib/python3.12/site-packages/airflow/example_dags/example_branch_datetime_operator.py
[2025-03-10T13:55:10.441+0600] {processor.py:914} INFO - Processing file /home/shamim/airflow_venv/lib/python3.12/site-packages/airflow/example_dags/example_branch_datetime_operator.py for tasks to queue
[2025-03-10T13:55:10.444+0600] {logging_mixin.py:190} INFO - [2025-03-10T13:55:10.443+0600] {dagbag.py:588} INFO - Filling up the DagBag from /home/shamim/airflow_venv/lib/python3.12/site-packages/airflow/example_dags/example_branch_datetime_operator.py
[2025-03-10T13:55:10.463+0600] {processor.py:925} INFO - DAG(s) 'example_branch_datetime_operator_3', 'example_branch_datetime_operator', 'example_branch_datetime_operator_2' retrieved from /home/shamim/airflow_venv/lib/python3.12/site-packages/airflow/example_dags/example_branch_datetime_operator.py
[2025-03-10T13:55:10.498+0600] {logging_mixin.py:190} INFO - [2025-03-10T13:55:10.497+0600] {dag.py:3239} INFO - Sync 3 DAGs
[2025-03-10T13:55:10.534+0600] {logging_mixin.py:190} INFO - [2025-03-10T13:55:10.534+0600] {dag.py:4180} INFO - Setting next_dagrun for example_branch_datetime_operator to 2025-03-09 00:00:00+00:00, run_after=2025-03-10 00:00:00+00:00
[2025-03-10T13:55:10.543+0600] {logging_mixin.py:190} INFO - [2025-03-10T13:55:10.542+0600] {dag.py:4180} INFO - Setting next_dagrun for example_branch_datetime_operator_2 to 2025-03-09 00:00:00+00:00, run_after=2025-03-10 00:00:00+00:00
[2025-03-10T13:55:10.546+0600] {logging_mixin.py:190} INFO - [2025-03-10T13:55:10.545+0600] {dag.py:4180} INFO - Setting next_dagrun for example_branch_datetime_operator_3 to 2025-03-09 00:00:00+00:00, run_after=2025-03-10 00:00:00+00:00
[2025-03-10T13:55:10.585+0600] {processor.py:208} INFO - Processing /home/shamim/airflow_venv/lib/python3.12/site-packages/airflow/example_dags/example_branch_datetime_operator.py took 0.164 seconds
[2025-03-10T13:56:40.183+0600] {processor.py:186} INFO - Started process (PID=5890) to work on /home/shamim/airflow_venv/lib/python3.12/site-packages/airflow/example_dags/example_branch_datetime_operator.py
[2025-03-10T13:56:40.210+0600] {processor.py:914} INFO - Processing file /home/shamim/airflow_venv/lib/python3.12/site-packages/airflow/example_dags/example_branch_datetime_operator.py for tasks to queue
[2025-03-10T13:56:40.213+0600] {logging_mixin.py:190} INFO - [2025-03-10T13:56:40.213+0600] {dagbag.py:588} INFO - Filling up the DagBag from /home/shamim/airflow_venv/lib/python3.12/site-packages/airflow/example_dags/example_branch_datetime_operator.py
[2025-03-10T13:56:40.238+0600] {processor.py:925} INFO - DAG(s) 'example_branch_datetime_operator_3', 'example_branch_datetime_operator', 'example_branch_datetime_operator_2' retrieved from /home/shamim/airflow_venv/lib/python3.12/site-packages/airflow/example_dags/example_branch_datetime_operator.py
[2025-03-10T13:56:40.276+0600] {logging_mixin.py:190} INFO - [2025-03-10T13:56:40.276+0600] {dag.py:3239} INFO - Sync 3 DAGs
[2025-03-10T13:56:40.308+0600] {logging_mixin.py:190} INFO - [2025-03-10T13:56:40.308+0600] {dag.py:4180} INFO - Setting next_dagrun for example_branch_datetime_operator to 2025-03-09 00:00:00+00:00, run_after=2025-03-10 00:00:00+00:00
[2025-03-10T13:56:40.315+0600] {logging_mixin.py:190} INFO - [2025-03-10T13:56:40.314+0600] {dag.py:4180} INFO - Setting next_dagrun for example_branch_datetime_operator_2 to 2025-03-09 00:00:00+00:00, run_after=2025-03-10 00:00:00+00:00
[2025-03-10T13:56:40.317+0600] {logging_mixin.py:190} INFO - [2025-03-10T13:56:40.317+0600] {dag.py:4180} INFO - Setting next_dagrun for example_branch_datetime_operator_3 to 2025-03-09 00:00:00+00:00, run_after=2025-03-10 00:00:00+00:00
[2025-03-10T13:56:40.354+0600] {processor.py:208} INFO - Processing /home/shamim/airflow_venv/lib/python3.12/site-packages/airflow/example_dags/example_branch_datetime_operator.py took 0.181 seconds
[2025-03-10T13:58:17.401+0600] {processor.py:186} INFO - Started process (PID=6458) to work on /home/shamim/airflow_venv/lib/python3.12/site-packages/airflow/example_dags/example_branch_datetime_operator.py
[2025-03-10T13:58:17.407+0600] {processor.py:914} INFO - Processing file /home/shamim/airflow_venv/lib/python3.12/site-packages/airflow/example_dags/example_branch_datetime_operator.py for tasks to queue
[2025-03-10T13:58:17.410+0600] {logging_mixin.py:190} INFO - [2025-03-10T13:58:17.409+0600] {dagbag.py:588} INFO - Filling up the DagBag from /home/shamim/airflow_venv/lib/python3.12/site-packages/airflow/example_dags/example_branch_datetime_operator.py
[2025-03-10T13:58:17.426+0600] {processor.py:925} INFO - DAG(s) 'example_branch_datetime_operator_2', 'example_branch_datetime_operator_3', 'example_branch_datetime_operator' retrieved from /home/shamim/airflow_venv/lib/python3.12/site-packages/airflow/example_dags/example_branch_datetime_operator.py
[2025-03-10T13:58:17.451+0600] {logging_mixin.py:190} INFO - [2025-03-10T13:58:17.451+0600] {dag.py:3239} INFO - Sync 3 DAGs
[2025-03-10T13:58:17.477+0600] {logging_mixin.py:190} INFO - [2025-03-10T13:58:17.477+0600] {dag.py:4180} INFO - Setting next_dagrun for example_branch_datetime_operator to 2025-03-09 00:00:00+00:00, run_after=2025-03-10 00:00:00+00:00
[2025-03-10T13:58:17.482+0600] {logging_mixin.py:190} INFO - [2025-03-10T13:58:17.482+0600] {dag.py:4180} INFO - Setting next_dagrun for example_branch_datetime_operator_2 to 2025-03-09 00:00:00+00:00, run_after=2025-03-10 00:00:00+00:00
[2025-03-10T13:58:17.486+0600] {logging_mixin.py:190} INFO - [2025-03-10T13:58:17.486+0600] {dag.py:4180} INFO - Setting next_dagrun for example_branch_datetime_operator_3 to 2025-03-09 00:00:00+00:00, run_after=2025-03-10 00:00:00+00:00
[2025-03-10T13:58:17.519+0600] {processor.py:208} INFO - Processing /home/shamim/airflow_venv/lib/python3.12/site-packages/airflow/example_dags/example_branch_datetime_operator.py took 0.126 seconds
[2025-03-10T13:59:53.469+0600] {processor.py:186} INFO - Started process (PID=6936) to work on /home/shamim/airflow_venv/lib/python3.12/site-packages/airflow/example_dags/example_branch_datetime_operator.py
[2025-03-10T13:59:53.476+0600] {processor.py:914} INFO - Processing file /home/shamim/airflow_venv/lib/python3.12/site-packages/airflow/example_dags/example_branch_datetime_operator.py for tasks to queue
[2025-03-10T13:59:53.483+0600] {logging_mixin.py:190} INFO - [2025-03-10T13:59:53.482+0600] {dagbag.py:588} INFO - Filling up the DagBag from /home/shamim/airflow_venv/lib/python3.12/site-packages/airflow/example_dags/example_branch_datetime_operator.py
[2025-03-10T13:59:53.508+0600] {processor.py:925} INFO - DAG(s) 'example_branch_datetime_operator_2', 'example_branch_datetime_operator_3', 'example_branch_datetime_operator' retrieved from /home/shamim/airflow_venv/lib/python3.12/site-packages/airflow/example_dags/example_branch_datetime_operator.py
[2025-03-10T13:59:53.570+0600] {logging_mixin.py:190} INFO - [2025-03-10T13:59:53.570+0600] {dag.py:3239} INFO - Sync 3 DAGs
[2025-03-10T13:59:53.629+0600] {logging_mixin.py:190} INFO - [2025-03-10T13:59:53.629+0600] {dag.py:4180} INFO - Setting next_dagrun for example_branch_datetime_operator to 2025-03-09 00:00:00+00:00, run_after=2025-03-10 00:00:00+00:00
[2025-03-10T13:59:53.636+0600] {logging_mixin.py:190} INFO - [2025-03-10T13:59:53.636+0600] {dag.py:4180} INFO - Setting next_dagrun for example_branch_datetime_operator_2 to 2025-03-09 00:00:00+00:00, run_after=2025-03-10 00:00:00+00:00
[2025-03-10T13:59:53.640+0600] {logging_mixin.py:190} INFO - [2025-03-10T13:59:53.640+0600] {dag.py:4180} INFO - Setting next_dagrun for example_branch_datetime_operator_3 to 2025-03-09 00:00:00+00:00, run_after=2025-03-10 00:00:00+00:00
[2025-03-10T13:59:53.682+0600] {processor.py:208} INFO - Processing /home/shamim/airflow_venv/lib/python3.12/site-packages/airflow/example_dags/example_branch_datetime_operator.py took 0.231 seconds
[2025-03-10T14:01:28.038+0600] {processor.py:186} INFO - Started process (PID=7490) to work on /home/shamim/airflow_venv/lib/python3.12/site-packages/airflow/example_dags/example_branch_datetime_operator.py
[2025-03-10T14:01:28.044+0600] {processor.py:914} INFO - Processing file /home/shamim/airflow_venv/lib/python3.12/site-packages/airflow/example_dags/example_branch_datetime_operator.py for tasks to queue
[2025-03-10T14:01:28.049+0600] {logging_mixin.py:190} INFO - [2025-03-10T14:01:28.048+0600] {dagbag.py:588} INFO - Filling up the DagBag from /home/shamim/airflow_venv/lib/python3.12/site-packages/airflow/example_dags/example_branch_datetime_operator.py
[2025-03-10T14:01:28.071+0600] {processor.py:925} INFO - DAG(s) 'example_branch_datetime_operator_3', 'example_branch_datetime_operator_2', 'example_branch_datetime_operator' retrieved from /home/shamim/airflow_venv/lib/python3.12/site-packages/airflow/example_dags/example_branch_datetime_operator.py
[2025-03-10T14:01:28.096+0600] {logging_mixin.py:190} INFO - [2025-03-10T14:01:28.096+0600] {dag.py:3239} INFO - Sync 3 DAGs
[2025-03-10T14:01:28.122+0600] {logging_mixin.py:190} INFO - [2025-03-10T14:01:28.122+0600] {dag.py:4180} INFO - Setting next_dagrun for example_branch_datetime_operator to 2025-03-09 00:00:00+00:00, run_after=2025-03-10 00:00:00+00:00
[2025-03-10T14:01:28.129+0600] {logging_mixin.py:190} INFO - [2025-03-10T14:01:28.129+0600] {dag.py:4180} INFO - Setting next_dagrun for example_branch_datetime_operator_2 to 2025-03-09 00:00:00+00:00, run_after=2025-03-10 00:00:00+00:00
[2025-03-10T14:01:28.132+0600] {logging_mixin.py:190} INFO - [2025-03-10T14:01:28.132+0600] {dag.py:4180} INFO - Setting next_dagrun for example_branch_datetime_operator_3 to 2025-03-09 00:00:00+00:00, run_after=2025-03-10 00:00:00+00:00
[2025-03-10T14:01:28.169+0600] {processor.py:208} INFO - Processing /home/shamim/airflow_venv/lib/python3.12/site-packages/airflow/example_dags/example_branch_datetime_operator.py took 0.141 seconds
[2025-03-10T14:03:00.829+0600] {processor.py:186} INFO - Started process (PID=8158) to work on /home/shamim/airflow_venv/lib/python3.12/site-packages/airflow/example_dags/example_branch_datetime_operator.py
[2025-03-10T14:03:00.831+0600] {processor.py:914} INFO - Processing file /home/shamim/airflow_venv/lib/python3.12/site-packages/airflow/example_dags/example_branch_datetime_operator.py for tasks to queue
[2025-03-10T14:03:00.839+0600] {logging_mixin.py:190} INFO - [2025-03-10T14:03:00.839+0600] {dagbag.py:588} INFO - Filling up the DagBag from /home/shamim/airflow_venv/lib/python3.12/site-packages/airflow/example_dags/example_branch_datetime_operator.py
[2025-03-10T14:03:00.868+0600] {processor.py:925} INFO - DAG(s) 'example_branch_datetime_operator_2', 'example_branch_datetime_operator_3', 'example_branch_datetime_operator' retrieved from /home/shamim/airflow_venv/lib/python3.12/site-packages/airflow/example_dags/example_branch_datetime_operator.py
[2025-03-10T14:03:00.932+0600] {logging_mixin.py:190} INFO - [2025-03-10T14:03:00.932+0600] {dag.py:3239} INFO - Sync 3 DAGs
[2025-03-10T14:03:00.974+0600] {logging_mixin.py:190} INFO - [2025-03-10T14:03:00.974+0600] {dag.py:4180} INFO - Setting next_dagrun for example_branch_datetime_operator to 2025-03-09 00:00:00+00:00, run_after=2025-03-10 00:00:00+00:00
[2025-03-10T14:03:00.981+0600] {logging_mixin.py:190} INFO - [2025-03-10T14:03:00.981+0600] {dag.py:4180} INFO - Setting next_dagrun for example_branch_datetime_operator_2 to 2025-03-09 00:00:00+00:00, run_after=2025-03-10 00:00:00+00:00
[2025-03-10T14:03:00.985+0600] {logging_mixin.py:190} INFO - [2025-03-10T14:03:00.984+0600] {dag.py:4180} INFO - Setting next_dagrun for example_branch_datetime_operator_3 to 2025-03-09 00:00:00+00:00, run_after=2025-03-10 00:00:00+00:00
[2025-03-10T14:03:01.029+0600] {processor.py:208} INFO - Processing /home/shamim/airflow_venv/lib/python3.12/site-packages/airflow/example_dags/example_branch_datetime_operator.py took 0.212 seconds
[2025-03-10T14:04:48.046+0600] {processor.py:186} INFO - Started process (PID=8720) to work on /home/shamim/airflow_venv/lib/python3.12/site-packages/airflow/example_dags/example_branch_datetime_operator.py
[2025-03-10T14:04:48.049+0600] {processor.py:914} INFO - Processing file /home/shamim/airflow_venv/lib/python3.12/site-packages/airflow/example_dags/example_branch_datetime_operator.py for tasks to queue
[2025-03-10T14:04:48.053+0600] {logging_mixin.py:190} INFO - [2025-03-10T14:04:48.052+0600] {dagbag.py:588} INFO - Filling up the DagBag from /home/shamim/airflow_venv/lib/python3.12/site-packages/airflow/example_dags/example_branch_datetime_operator.py
[2025-03-10T14:04:48.090+0600] {processor.py:925} INFO - DAG(s) 'example_branch_datetime_operator_2', 'example_branch_datetime_operator', 'example_branch_datetime_operator_3' retrieved from /home/shamim/airflow_venv/lib/python3.12/site-packages/airflow/example_dags/example_branch_datetime_operator.py
[2025-03-10T14:04:48.163+0600] {logging_mixin.py:190} INFO - [2025-03-10T14:04:48.163+0600] {dag.py:3239} INFO - Sync 3 DAGs
[2025-03-10T14:04:48.217+0600] {logging_mixin.py:190} INFO - [2025-03-10T14:04:48.217+0600] {dag.py:4180} INFO - Setting next_dagrun for example_branch_datetime_operator to 2025-03-09 00:00:00+00:00, run_after=2025-03-10 00:00:00+00:00
[2025-03-10T14:04:48.230+0600] {logging_mixin.py:190} INFO - [2025-03-10T14:04:48.229+0600] {dag.py:4180} INFO - Setting next_dagrun for example_branch_datetime_operator_2 to 2025-03-09 00:00:00+00:00, run_after=2025-03-10 00:00:00+00:00
[2025-03-10T14:04:48.239+0600] {logging_mixin.py:190} INFO - [2025-03-10T14:04:48.239+0600] {dag.py:4180} INFO - Setting next_dagrun for example_branch_datetime_operator_3 to 2025-03-09 00:00:00+00:00, run_after=2025-03-10 00:00:00+00:00
[2025-03-10T14:04:48.286+0600] {processor.py:208} INFO - Processing /home/shamim/airflow_venv/lib/python3.12/site-packages/airflow/example_dags/example_branch_datetime_operator.py took 0.257 seconds
[2025-03-10T14:06:39.329+0600] {processor.py:186} INFO - Started process (PID=9917) to work on /home/shamim/airflow_venv/lib/python3.12/site-packages/airflow/example_dags/example_branch_datetime_operator.py
[2025-03-10T14:06:39.336+0600] {processor.py:914} INFO - Processing file /home/shamim/airflow_venv/lib/python3.12/site-packages/airflow/example_dags/example_branch_datetime_operator.py for tasks to queue
[2025-03-10T14:06:39.338+0600] {logging_mixin.py:190} INFO - [2025-03-10T14:06:39.338+0600] {dagbag.py:588} INFO - Filling up the DagBag from /home/shamim/airflow_venv/lib/python3.12/site-packages/airflow/example_dags/example_branch_datetime_operator.py
[2025-03-10T14:06:39.353+0600] {processor.py:925} INFO - DAG(s) 'example_branch_datetime_operator_3', 'example_branch_datetime_operator', 'example_branch_datetime_operator_2' retrieved from /home/shamim/airflow_venv/lib/python3.12/site-packages/airflow/example_dags/example_branch_datetime_operator.py
[2025-03-10T14:06:39.378+0600] {logging_mixin.py:190} INFO - [2025-03-10T14:06:39.378+0600] {dag.py:3239} INFO - Sync 3 DAGs
[2025-03-10T14:06:39.406+0600] {logging_mixin.py:190} INFO - [2025-03-10T14:06:39.406+0600] {dag.py:4180} INFO - Setting next_dagrun for example_branch_datetime_operator to 2025-03-09 00:00:00+00:00, run_after=2025-03-10 00:00:00+00:00
[2025-03-10T14:06:39.412+0600] {logging_mixin.py:190} INFO - [2025-03-10T14:06:39.412+0600] {dag.py:4180} INFO - Setting next_dagrun for example_branch_datetime_operator_2 to 2025-03-09 00:00:00+00:00, run_after=2025-03-10 00:00:00+00:00
[2025-03-10T14:06:39.415+0600] {logging_mixin.py:190} INFO - [2025-03-10T14:06:39.415+0600] {dag.py:4180} INFO - Setting next_dagrun for example_branch_datetime_operator_3 to 2025-03-09 00:00:00+00:00, run_after=2025-03-10 00:00:00+00:00
[2025-03-10T14:06:39.439+0600] {processor.py:208} INFO - Processing /home/shamim/airflow_venv/lib/python3.12/site-packages/airflow/example_dags/example_branch_datetime_operator.py took 0.116 seconds
[2025-03-10T14:08:15.887+0600] {processor.py:186} INFO - Started process (PID=10552) to work on /home/shamim/airflow_venv/lib/python3.12/site-packages/airflow/example_dags/example_branch_datetime_operator.py
[2025-03-10T14:08:15.894+0600] {processor.py:914} INFO - Processing file /home/shamim/airflow_venv/lib/python3.12/site-packages/airflow/example_dags/example_branch_datetime_operator.py for tasks to queue
[2025-03-10T14:08:15.897+0600] {logging_mixin.py:190} INFO - [2025-03-10T14:08:15.896+0600] {dagbag.py:588} INFO - Filling up the DagBag from /home/shamim/airflow_venv/lib/python3.12/site-packages/airflow/example_dags/example_branch_datetime_operator.py
[2025-03-10T14:08:15.917+0600] {processor.py:925} INFO - DAG(s) 'example_branch_datetime_operator_2', 'example_branch_datetime_operator_3', 'example_branch_datetime_operator' retrieved from /home/shamim/airflow_venv/lib/python3.12/site-packages/airflow/example_dags/example_branch_datetime_operator.py
[2025-03-10T14:08:15.947+0600] {logging_mixin.py:190} INFO - [2025-03-10T14:08:15.946+0600] {dag.py:3239} INFO - Sync 3 DAGs
[2025-03-10T14:08:15.975+0600] {logging_mixin.py:190} INFO - [2025-03-10T14:08:15.975+0600] {dag.py:4180} INFO - Setting next_dagrun for example_branch_datetime_operator to 2025-03-09 00:00:00+00:00, run_after=2025-03-10 00:00:00+00:00
[2025-03-10T14:08:15.982+0600] {logging_mixin.py:190} INFO - [2025-03-10T14:08:15.982+0600] {dag.py:4180} INFO - Setting next_dagrun for example_branch_datetime_operator_2 to 2025-03-09 00:00:00+00:00, run_after=2025-03-10 00:00:00+00:00
[2025-03-10T14:08:15.986+0600] {logging_mixin.py:190} INFO - [2025-03-10T14:08:15.986+0600] {dag.py:4180} INFO - Setting next_dagrun for example_branch_datetime_operator_3 to 2025-03-09 00:00:00+00:00, run_after=2025-03-10 00:00:00+00:00
[2025-03-10T14:08:16.012+0600] {processor.py:208} INFO - Processing /home/shamim/airflow_venv/lib/python3.12/site-packages/airflow/example_dags/example_branch_datetime_operator.py took 0.134 seconds
[2025-03-10T14:09:45.326+0600] {processor.py:186} INFO - Started process (PID=11074) to work on /home/shamim/airflow_venv/lib/python3.12/site-packages/airflow/example_dags/example_branch_datetime_operator.py
[2025-03-10T14:09:45.328+0600] {processor.py:914} INFO - Processing file /home/shamim/airflow_venv/lib/python3.12/site-packages/airflow/example_dags/example_branch_datetime_operator.py for tasks to queue
[2025-03-10T14:09:45.332+0600] {logging_mixin.py:190} INFO - [2025-03-10T14:09:45.331+0600] {dagbag.py:588} INFO - Filling up the DagBag from /home/shamim/airflow_venv/lib/python3.12/site-packages/airflow/example_dags/example_branch_datetime_operator.py
[2025-03-10T14:09:45.349+0600] {processor.py:925} INFO - DAG(s) 'example_branch_datetime_operator', 'example_branch_datetime_operator_2', 'example_branch_datetime_operator_3' retrieved from /home/shamim/airflow_venv/lib/python3.12/site-packages/airflow/example_dags/example_branch_datetime_operator.py
[2025-03-10T14:09:45.377+0600] {logging_mixin.py:190} INFO - [2025-03-10T14:09:45.377+0600] {dag.py:3239} INFO - Sync 3 DAGs
[2025-03-10T14:09:45.406+0600] {logging_mixin.py:190} INFO - [2025-03-10T14:09:45.406+0600] {dag.py:4180} INFO - Setting next_dagrun for example_branch_datetime_operator to 2025-03-09 00:00:00+00:00, run_after=2025-03-10 00:00:00+00:00
[2025-03-10T14:09:45.413+0600] {logging_mixin.py:190} INFO - [2025-03-10T14:09:45.412+0600] {dag.py:4180} INFO - Setting next_dagrun for example_branch_datetime_operator_2 to 2025-03-09 00:00:00+00:00, run_after=2025-03-10 00:00:00+00:00
[2025-03-10T14:09:45.416+0600] {logging_mixin.py:190} INFO - [2025-03-10T14:09:45.416+0600] {dag.py:4180} INFO - Setting next_dagrun for example_branch_datetime_operator_3 to 2025-03-09 00:00:00+00:00, run_after=2025-03-10 00:00:00+00:00
[2025-03-10T14:09:45.454+0600] {processor.py:208} INFO - Processing /home/shamim/airflow_venv/lib/python3.12/site-packages/airflow/example_dags/example_branch_datetime_operator.py took 0.136 seconds
[2025-03-10T14:11:14.721+0600] {processor.py:186} INFO - Started process (PID=11543) to work on /home/shamim/airflow_venv/lib/python3.12/site-packages/airflow/example_dags/example_branch_datetime_operator.py
[2025-03-10T14:11:14.722+0600] {processor.py:914} INFO - Processing file /home/shamim/airflow_venv/lib/python3.12/site-packages/airflow/example_dags/example_branch_datetime_operator.py for tasks to queue
[2025-03-10T14:11:14.725+0600] {logging_mixin.py:190} INFO - [2025-03-10T14:11:14.724+0600] {dagbag.py:588} INFO - Filling up the DagBag from /home/shamim/airflow_venv/lib/python3.12/site-packages/airflow/example_dags/example_branch_datetime_operator.py
[2025-03-10T14:11:14.744+0600] {processor.py:925} INFO - DAG(s) 'example_branch_datetime_operator', 'example_branch_datetime_operator_2', 'example_branch_datetime_operator_3' retrieved from /home/shamim/airflow_venv/lib/python3.12/site-packages/airflow/example_dags/example_branch_datetime_operator.py
[2025-03-10T14:11:14.774+0600] {logging_mixin.py:190} INFO - [2025-03-10T14:11:14.774+0600] {dag.py:3239} INFO - Sync 3 DAGs
[2025-03-10T14:11:14.807+0600] {logging_mixin.py:190} INFO - [2025-03-10T14:11:14.807+0600] {dag.py:4180} INFO - Setting next_dagrun for example_branch_datetime_operator to 2025-03-09 00:00:00+00:00, run_after=2025-03-10 00:00:00+00:00
[2025-03-10T14:11:14.814+0600] {logging_mixin.py:190} INFO - [2025-03-10T14:11:14.814+0600] {dag.py:4180} INFO - Setting next_dagrun for example_branch_datetime_operator_2 to 2025-03-09 00:00:00+00:00, run_after=2025-03-10 00:00:00+00:00
[2025-03-10T14:11:14.817+0600] {logging_mixin.py:190} INFO - [2025-03-10T14:11:14.817+0600] {dag.py:4180} INFO - Setting next_dagrun for example_branch_datetime_operator_3 to 2025-03-09 00:00:00+00:00, run_after=2025-03-10 00:00:00+00:00
[2025-03-10T14:11:14.843+0600] {processor.py:208} INFO - Processing /home/shamim/airflow_venv/lib/python3.12/site-packages/airflow/example_dags/example_branch_datetime_operator.py took 0.131 seconds
[2025-03-10T14:12:44.649+0600] {processor.py:186} INFO - Started process (PID=12080) to work on /home/shamim/airflow_venv/lib/python3.12/site-packages/airflow/example_dags/example_branch_datetime_operator.py
[2025-03-10T14:12:44.650+0600] {processor.py:914} INFO - Processing file /home/shamim/airflow_venv/lib/python3.12/site-packages/airflow/example_dags/example_branch_datetime_operator.py for tasks to queue
[2025-03-10T14:12:44.653+0600] {logging_mixin.py:190} INFO - [2025-03-10T14:12:44.652+0600] {dagbag.py:588} INFO - Filling up the DagBag from /home/shamim/airflow_venv/lib/python3.12/site-packages/airflow/example_dags/example_branch_datetime_operator.py
[2025-03-10T14:12:44.671+0600] {processor.py:925} INFO - DAG(s) 'example_branch_datetime_operator_2', 'example_branch_datetime_operator', 'example_branch_datetime_operator_3' retrieved from /home/shamim/airflow_venv/lib/python3.12/site-packages/airflow/example_dags/example_branch_datetime_operator.py
[2025-03-10T14:12:44.699+0600] {logging_mixin.py:190} INFO - [2025-03-10T14:12:44.699+0600] {dag.py:3239} INFO - Sync 3 DAGs
[2025-03-10T14:12:44.740+0600] {logging_mixin.py:190} INFO - [2025-03-10T14:12:44.739+0600] {dag.py:4180} INFO - Setting next_dagrun for example_branch_datetime_operator to 2025-03-09 00:00:00+00:00, run_after=2025-03-10 00:00:00+00:00
[2025-03-10T14:12:44.746+0600] {logging_mixin.py:190} INFO - [2025-03-10T14:12:44.746+0600] {dag.py:4180} INFO - Setting next_dagrun for example_branch_datetime_operator_2 to 2025-03-09 00:00:00+00:00, run_after=2025-03-10 00:00:00+00:00
[2025-03-10T14:12:44.749+0600] {logging_mixin.py:190} INFO - [2025-03-10T14:12:44.748+0600] {dag.py:4180} INFO - Setting next_dagrun for example_branch_datetime_operator_3 to 2025-03-09 00:00:00+00:00, run_after=2025-03-10 00:00:00+00:00
[2025-03-10T14:12:44.779+0600] {processor.py:208} INFO - Processing /home/shamim/airflow_venv/lib/python3.12/site-packages/airflow/example_dags/example_branch_datetime_operator.py took 0.138 seconds
[2025-03-10T14:14:20.523+0600] {processor.py:186} INFO - Started process (PID=12670) to work on /home/shamim/airflow_venv/lib/python3.12/site-packages/airflow/example_dags/example_branch_datetime_operator.py
[2025-03-10T14:14:20.529+0600] {processor.py:914} INFO - Processing file /home/shamim/airflow_venv/lib/python3.12/site-packages/airflow/example_dags/example_branch_datetime_operator.py for tasks to queue
[2025-03-10T14:14:20.533+0600] {logging_mixin.py:190} INFO - [2025-03-10T14:14:20.532+0600] {dagbag.py:588} INFO - Filling up the DagBag from /home/shamim/airflow_venv/lib/python3.12/site-packages/airflow/example_dags/example_branch_datetime_operator.py
[2025-03-10T14:14:20.565+0600] {processor.py:925} INFO - DAG(s) 'example_branch_datetime_operator', 'example_branch_datetime_operator_3', 'example_branch_datetime_operator_2' retrieved from /home/shamim/airflow_venv/lib/python3.12/site-packages/airflow/example_dags/example_branch_datetime_operator.py
[2025-03-10T14:14:20.593+0600] {logging_mixin.py:190} INFO - [2025-03-10T14:14:20.593+0600] {dag.py:3239} INFO - Sync 3 DAGs
[2025-03-10T14:14:20.621+0600] {logging_mixin.py:190} INFO - [2025-03-10T14:14:20.621+0600] {dag.py:4180} INFO - Setting next_dagrun for example_branch_datetime_operator to 2025-03-09 00:00:00+00:00, run_after=2025-03-10 00:00:00+00:00
[2025-03-10T14:14:20.627+0600] {logging_mixin.py:190} INFO - [2025-03-10T14:14:20.627+0600] {dag.py:4180} INFO - Setting next_dagrun for example_branch_datetime_operator_2 to 2025-03-09 00:00:00+00:00, run_after=2025-03-10 00:00:00+00:00
[2025-03-10T14:14:20.631+0600] {logging_mixin.py:190} INFO - [2025-03-10T14:14:20.631+0600] {dag.py:4180} INFO - Setting next_dagrun for example_branch_datetime_operator_3 to 2025-03-09 00:00:00+00:00, run_after=2025-03-10 00:00:00+00:00
[2025-03-10T14:14:20.652+0600] {processor.py:208} INFO - Processing /home/shamim/airflow_venv/lib/python3.12/site-packages/airflow/example_dags/example_branch_datetime_operator.py took 0.140 seconds
[2025-03-10T14:15:40.521+0600] {processor.py:186} INFO - Started process (PID=13215) to work on /home/shamim/airflow_venv/lib/python3.12/site-packages/airflow/example_dags/example_branch_datetime_operator.py
[2025-03-10T14:15:40.528+0600] {processor.py:914} INFO - Processing file /home/shamim/airflow_venv/lib/python3.12/site-packages/airflow/example_dags/example_branch_datetime_operator.py for tasks to queue
[2025-03-10T14:15:40.531+0600] {logging_mixin.py:190} INFO - [2025-03-10T14:15:40.530+0600] {dagbag.py:588} INFO - Filling up the DagBag from /home/shamim/airflow_venv/lib/python3.12/site-packages/airflow/example_dags/example_branch_datetime_operator.py
[2025-03-10T14:15:40.547+0600] {processor.py:925} INFO - DAG(s) 'example_branch_datetime_operator_3', 'example_branch_datetime_operator', 'example_branch_datetime_operator_2' retrieved from /home/shamim/airflow_venv/lib/python3.12/site-packages/airflow/example_dags/example_branch_datetime_operator.py
[2025-03-10T14:15:40.572+0600] {logging_mixin.py:190} INFO - [2025-03-10T14:15:40.572+0600] {dag.py:3239} INFO - Sync 3 DAGs
[2025-03-10T14:15:40.598+0600] {logging_mixin.py:190} INFO - [2025-03-10T14:15:40.598+0600] {dag.py:4180} INFO - Setting next_dagrun for example_branch_datetime_operator to 2025-03-09 00:00:00+00:00, run_after=2025-03-10 00:00:00+00:00
[2025-03-10T14:15:40.603+0600] {logging_mixin.py:190} INFO - [2025-03-10T14:15:40.603+0600] {dag.py:4180} INFO - Setting next_dagrun for example_branch_datetime_operator_2 to 2025-03-09 00:00:00+00:00, run_after=2025-03-10 00:00:00+00:00
[2025-03-10T14:15:40.606+0600] {logging_mixin.py:190} INFO - [2025-03-10T14:15:40.606+0600] {dag.py:4180} INFO - Setting next_dagrun for example_branch_datetime_operator_3 to 2025-03-09 00:00:00+00:00, run_after=2025-03-10 00:00:00+00:00
[2025-03-10T14:15:40.629+0600] {processor.py:208} INFO - Processing /home/shamim/airflow_venv/lib/python3.12/site-packages/airflow/example_dags/example_branch_datetime_operator.py took 0.116 seconds
[2025-03-10T14:17:16.654+0600] {processor.py:186} INFO - Started process (PID=13795) to work on /home/shamim/airflow_venv/lib/python3.12/site-packages/airflow/example_dags/example_branch_datetime_operator.py
[2025-03-10T14:17:16.677+0600] {processor.py:914} INFO - Processing file /home/shamim/airflow_venv/lib/python3.12/site-packages/airflow/example_dags/example_branch_datetime_operator.py for tasks to queue
[2025-03-10T14:17:16.684+0600] {logging_mixin.py:190} INFO - [2025-03-10T14:17:16.683+0600] {dagbag.py:588} INFO - Filling up the DagBag from /home/shamim/airflow_venv/lib/python3.12/site-packages/airflow/example_dags/example_branch_datetime_operator.py
[2025-03-10T14:17:16.732+0600] {processor.py:925} INFO - DAG(s) 'example_branch_datetime_operator', 'example_branch_datetime_operator_3', 'example_branch_datetime_operator_2' retrieved from /home/shamim/airflow_venv/lib/python3.12/site-packages/airflow/example_dags/example_branch_datetime_operator.py
[2025-03-10T14:17:16.768+0600] {logging_mixin.py:190} INFO - [2025-03-10T14:17:16.768+0600] {dag.py:3239} INFO - Sync 3 DAGs
[2025-03-10T14:17:16.798+0600] {logging_mixin.py:190} INFO - [2025-03-10T14:17:16.798+0600] {dag.py:4180} INFO - Setting next_dagrun for example_branch_datetime_operator to 2025-03-09 00:00:00+00:00, run_after=2025-03-10 00:00:00+00:00
[2025-03-10T14:17:16.808+0600] {logging_mixin.py:190} INFO - [2025-03-10T14:17:16.808+0600] {dag.py:4180} INFO - Setting next_dagrun for example_branch_datetime_operator_2 to 2025-03-09 00:00:00+00:00, run_after=2025-03-10 00:00:00+00:00
[2025-03-10T14:17:16.813+0600] {logging_mixin.py:190} INFO - [2025-03-10T14:17:16.813+0600] {dag.py:4180} INFO - Setting next_dagrun for example_branch_datetime_operator_3 to 2025-03-09 00:00:00+00:00, run_after=2025-03-10 00:00:00+00:00
[2025-03-10T14:17:16.863+0600] {processor.py:208} INFO - Processing /home/shamim/airflow_venv/lib/python3.12/site-packages/airflow/example_dags/example_branch_datetime_operator.py took 0.233 seconds
[2025-03-10T14:18:48.826+0600] {processor.py:186} INFO - Started process (PID=14393) to work on /home/shamim/airflow_venv/lib/python3.12/site-packages/airflow/example_dags/example_branch_datetime_operator.py
[2025-03-10T14:18:48.844+0600] {processor.py:914} INFO - Processing file /home/shamim/airflow_venv/lib/python3.12/site-packages/airflow/example_dags/example_branch_datetime_operator.py for tasks to queue
[2025-03-10T14:18:48.850+0600] {logging_mixin.py:190} INFO - [2025-03-10T14:18:48.850+0600] {dagbag.py:588} INFO - Filling up the DagBag from /home/shamim/airflow_venv/lib/python3.12/site-packages/airflow/example_dags/example_branch_datetime_operator.py
[2025-03-10T14:18:48.882+0600] {processor.py:925} INFO - DAG(s) 'example_branch_datetime_operator', 'example_branch_datetime_operator_3', 'example_branch_datetime_operator_2' retrieved from /home/shamim/airflow_venv/lib/python3.12/site-packages/airflow/example_dags/example_branch_datetime_operator.py
[2025-03-10T14:18:48.915+0600] {logging_mixin.py:190} INFO - [2025-03-10T14:18:48.914+0600] {dag.py:3239} INFO - Sync 3 DAGs
[2025-03-10T14:18:48.942+0600] {logging_mixin.py:190} INFO - [2025-03-10T14:18:48.941+0600] {dag.py:4180} INFO - Setting next_dagrun for example_branch_datetime_operator to 2025-03-09 00:00:00+00:00, run_after=2025-03-10 00:00:00+00:00
[2025-03-10T14:18:48.947+0600] {logging_mixin.py:190} INFO - [2025-03-10T14:18:48.947+0600] {dag.py:4180} INFO - Setting next_dagrun for example_branch_datetime_operator_2 to 2025-03-09 00:00:00+00:00, run_after=2025-03-10 00:00:00+00:00
[2025-03-10T14:18:48.950+0600] {logging_mixin.py:190} INFO - [2025-03-10T14:18:48.950+0600] {dag.py:4180} INFO - Setting next_dagrun for example_branch_datetime_operator_3 to 2025-03-09 00:00:00+00:00, run_after=2025-03-10 00:00:00+00:00
[2025-03-10T14:18:48.970+0600] {processor.py:208} INFO - Processing /home/shamim/airflow_venv/lib/python3.12/site-packages/airflow/example_dags/example_branch_datetime_operator.py took 0.154 seconds
[2025-03-10T14:20:12.216+0600] {processor.py:186} INFO - Started process (PID=14940) to work on /home/shamim/airflow_venv/lib/python3.12/site-packages/airflow/example_dags/example_branch_datetime_operator.py
[2025-03-10T14:20:12.222+0600] {processor.py:914} INFO - Processing file /home/shamim/airflow_venv/lib/python3.12/site-packages/airflow/example_dags/example_branch_datetime_operator.py for tasks to queue
[2025-03-10T14:20:12.225+0600] {logging_mixin.py:190} INFO - [2025-03-10T14:20:12.224+0600] {dagbag.py:588} INFO - Filling up the DagBag from /home/shamim/airflow_venv/lib/python3.12/site-packages/airflow/example_dags/example_branch_datetime_operator.py
[2025-03-10T14:20:12.245+0600] {processor.py:925} INFO - DAG(s) 'example_branch_datetime_operator_2', 'example_branch_datetime_operator', 'example_branch_datetime_operator_3' retrieved from /home/shamim/airflow_venv/lib/python3.12/site-packages/airflow/example_dags/example_branch_datetime_operator.py
[2025-03-10T14:20:12.280+0600] {logging_mixin.py:190} INFO - [2025-03-10T14:20:12.280+0600] {dag.py:3239} INFO - Sync 3 DAGs
[2025-03-10T14:20:12.317+0600] {logging_mixin.py:190} INFO - [2025-03-10T14:20:12.316+0600] {dag.py:4180} INFO - Setting next_dagrun for example_branch_datetime_operator to 2025-03-09 00:00:00+00:00, run_after=2025-03-10 00:00:00+00:00
[2025-03-10T14:20:12.324+0600] {logging_mixin.py:190} INFO - [2025-03-10T14:20:12.323+0600] {dag.py:4180} INFO - Setting next_dagrun for example_branch_datetime_operator_2 to 2025-03-09 00:00:00+00:00, run_after=2025-03-10 00:00:00+00:00
[2025-03-10T14:20:12.328+0600] {logging_mixin.py:190} INFO - [2025-03-10T14:20:12.328+0600] {dag.py:4180} INFO - Setting next_dagrun for example_branch_datetime_operator_3 to 2025-03-09 00:00:00+00:00, run_after=2025-03-10 00:00:00+00:00
[2025-03-10T14:20:12.359+0600] {processor.py:208} INFO - Processing /home/shamim/airflow_venv/lib/python3.12/site-packages/airflow/example_dags/example_branch_datetime_operator.py took 0.151 seconds
[2025-03-10T14:21:36.383+0600] {processor.py:186} INFO - Started process (PID=15486) to work on /home/shamim/airflow_venv/lib/python3.12/site-packages/airflow/example_dags/example_branch_datetime_operator.py
[2025-03-10T14:21:36.389+0600] {processor.py:914} INFO - Processing file /home/shamim/airflow_venv/lib/python3.12/site-packages/airflow/example_dags/example_branch_datetime_operator.py for tasks to queue
[2025-03-10T14:21:36.391+0600] {logging_mixin.py:190} INFO - [2025-03-10T14:21:36.391+0600] {dagbag.py:588} INFO - Filling up the DagBag from /home/shamim/airflow_venv/lib/python3.12/site-packages/airflow/example_dags/example_branch_datetime_operator.py
[2025-03-10T14:21:36.407+0600] {processor.py:925} INFO - DAG(s) 'example_branch_datetime_operator', 'example_branch_datetime_operator_3', 'example_branch_datetime_operator_2' retrieved from /home/shamim/airflow_venv/lib/python3.12/site-packages/airflow/example_dags/example_branch_datetime_operator.py
[2025-03-10T14:21:36.435+0600] {logging_mixin.py:190} INFO - [2025-03-10T14:21:36.435+0600] {dag.py:3239} INFO - Sync 3 DAGs
[2025-03-10T14:21:36.464+0600] {logging_mixin.py:190} INFO - [2025-03-10T14:21:36.463+0600] {dag.py:4180} INFO - Setting next_dagrun for example_branch_datetime_operator to 2025-03-09 00:00:00+00:00, run_after=2025-03-10 00:00:00+00:00
[2025-03-10T14:21:36.470+0600] {logging_mixin.py:190} INFO - [2025-03-10T14:21:36.470+0600] {dag.py:4180} INFO - Setting next_dagrun for example_branch_datetime_operator_2 to 2025-03-09 00:00:00+00:00, run_after=2025-03-10 00:00:00+00:00
[2025-03-10T14:21:36.473+0600] {logging_mixin.py:190} INFO - [2025-03-10T14:21:36.473+0600] {dag.py:4180} INFO - Setting next_dagrun for example_branch_datetime_operator_3 to 2025-03-09 00:00:00+00:00, run_after=2025-03-10 00:00:00+00:00
[2025-03-10T14:21:36.501+0600] {processor.py:208} INFO - Processing /home/shamim/airflow_venv/lib/python3.12/site-packages/airflow/example_dags/example_branch_datetime_operator.py took 0.125 seconds
[2025-03-10T14:23:05.444+0600] {processor.py:186} INFO - Started process (PID=16102) to work on /home/shamim/airflow_venv/lib/python3.12/site-packages/airflow/example_dags/example_branch_datetime_operator.py
[2025-03-10T14:23:05.450+0600] {processor.py:914} INFO - Processing file /home/shamim/airflow_venv/lib/python3.12/site-packages/airflow/example_dags/example_branch_datetime_operator.py for tasks to queue
[2025-03-10T14:23:05.456+0600] {logging_mixin.py:190} INFO - [2025-03-10T14:23:05.455+0600] {dagbag.py:588} INFO - Filling up the DagBag from /home/shamim/airflow_venv/lib/python3.12/site-packages/airflow/example_dags/example_branch_datetime_operator.py
[2025-03-10T14:23:05.475+0600] {processor.py:925} INFO - DAG(s) 'example_branch_datetime_operator_3', 'example_branch_datetime_operator_2', 'example_branch_datetime_operator' retrieved from /home/shamim/airflow_venv/lib/python3.12/site-packages/airflow/example_dags/example_branch_datetime_operator.py
[2025-03-10T14:23:05.501+0600] {logging_mixin.py:190} INFO - [2025-03-10T14:23:05.501+0600] {dag.py:3239} INFO - Sync 3 DAGs
[2025-03-10T14:23:05.529+0600] {logging_mixin.py:190} INFO - [2025-03-10T14:23:05.528+0600] {dag.py:4180} INFO - Setting next_dagrun for example_branch_datetime_operator to 2025-03-09 00:00:00+00:00, run_after=2025-03-10 00:00:00+00:00
[2025-03-10T14:23:05.534+0600] {logging_mixin.py:190} INFO - [2025-03-10T14:23:05.534+0600] {dag.py:4180} INFO - Setting next_dagrun for example_branch_datetime_operator_2 to 2025-03-09 00:00:00+00:00, run_after=2025-03-10 00:00:00+00:00
[2025-03-10T14:23:05.537+0600] {logging_mixin.py:190} INFO - [2025-03-10T14:23:05.537+0600] {dag.py:4180} INFO - Setting next_dagrun for example_branch_datetime_operator_3 to 2025-03-09 00:00:00+00:00, run_after=2025-03-10 00:00:00+00:00
[2025-03-10T14:23:05.558+0600] {processor.py:208} INFO - Processing /home/shamim/airflow_venv/lib/python3.12/site-packages/airflow/example_dags/example_branch_datetime_operator.py took 0.121 seconds
[2025-03-10T14:24:37.146+0600] {processor.py:186} INFO - Started process (PID=16851) to work on /home/shamim/airflow_venv/lib/python3.12/site-packages/airflow/example_dags/example_branch_datetime_operator.py
[2025-03-10T14:24:37.153+0600] {processor.py:914} INFO - Processing file /home/shamim/airflow_venv/lib/python3.12/site-packages/airflow/example_dags/example_branch_datetime_operator.py for tasks to queue
[2025-03-10T14:24:37.155+0600] {logging_mixin.py:190} INFO - [2025-03-10T14:24:37.155+0600] {dagbag.py:588} INFO - Filling up the DagBag from /home/shamim/airflow_venv/lib/python3.12/site-packages/airflow/example_dags/example_branch_datetime_operator.py
[2025-03-10T14:24:37.173+0600] {processor.py:925} INFO - DAG(s) 'example_branch_datetime_operator', 'example_branch_datetime_operator_3', 'example_branch_datetime_operator_2' retrieved from /home/shamim/airflow_venv/lib/python3.12/site-packages/airflow/example_dags/example_branch_datetime_operator.py
[2025-03-10T14:24:37.205+0600] {logging_mixin.py:190} INFO - [2025-03-10T14:24:37.204+0600] {dag.py:3239} INFO - Sync 3 DAGs
[2025-03-10T14:24:37.239+0600] {logging_mixin.py:190} INFO - [2025-03-10T14:24:37.238+0600] {dag.py:4180} INFO - Setting next_dagrun for example_branch_datetime_operator to 2025-03-09 00:00:00+00:00, run_after=2025-03-10 00:00:00+00:00
[2025-03-10T14:24:37.247+0600] {logging_mixin.py:190} INFO - [2025-03-10T14:24:37.246+0600] {dag.py:4180} INFO - Setting next_dagrun for example_branch_datetime_operator_2 to 2025-03-09 00:00:00+00:00, run_after=2025-03-10 00:00:00+00:00
[2025-03-10T14:24:37.251+0600] {logging_mixin.py:190} INFO - [2025-03-10T14:24:37.251+0600] {dag.py:4180} INFO - Setting next_dagrun for example_branch_datetime_operator_3 to 2025-03-09 00:00:00+00:00, run_after=2025-03-10 00:00:00+00:00
[2025-03-10T14:24:37.278+0600] {processor.py:208} INFO - Processing /home/shamim/airflow_venv/lib/python3.12/site-packages/airflow/example_dags/example_branch_datetime_operator.py took 0.140 seconds
[2025-03-10T14:26:03.222+0600] {processor.py:186} INFO - Started process (PID=17399) to work on /home/shamim/airflow_venv/lib/python3.12/site-packages/airflow/example_dags/example_branch_datetime_operator.py
[2025-03-10T14:26:03.229+0600] {processor.py:914} INFO - Processing file /home/shamim/airflow_venv/lib/python3.12/site-packages/airflow/example_dags/example_branch_datetime_operator.py for tasks to queue
[2025-03-10T14:26:03.232+0600] {logging_mixin.py:190} INFO - [2025-03-10T14:26:03.231+0600] {dagbag.py:588} INFO - Filling up the DagBag from /home/shamim/airflow_venv/lib/python3.12/site-packages/airflow/example_dags/example_branch_datetime_operator.py
[2025-03-10T14:26:03.249+0600] {processor.py:925} INFO - DAG(s) 'example_branch_datetime_operator', 'example_branch_datetime_operator_2', 'example_branch_datetime_operator_3' retrieved from /home/shamim/airflow_venv/lib/python3.12/site-packages/airflow/example_dags/example_branch_datetime_operator.py
[2025-03-10T14:26:03.274+0600] {logging_mixin.py:190} INFO - [2025-03-10T14:26:03.274+0600] {dag.py:3239} INFO - Sync 3 DAGs
[2025-03-10T14:26:03.300+0600] {logging_mixin.py:190} INFO - [2025-03-10T14:26:03.300+0600] {dag.py:4180} INFO - Setting next_dagrun for example_branch_datetime_operator to 2025-03-09 00:00:00+00:00, run_after=2025-03-10 00:00:00+00:00
[2025-03-10T14:26:03.306+0600] {logging_mixin.py:190} INFO - [2025-03-10T14:26:03.306+0600] {dag.py:4180} INFO - Setting next_dagrun for example_branch_datetime_operator_2 to 2025-03-09 00:00:00+00:00, run_after=2025-03-10 00:00:00+00:00
[2025-03-10T14:26:03.309+0600] {logging_mixin.py:190} INFO - [2025-03-10T14:26:03.309+0600] {dag.py:4180} INFO - Setting next_dagrun for example_branch_datetime_operator_3 to 2025-03-09 00:00:00+00:00, run_after=2025-03-10 00:00:00+00:00
[2025-03-10T14:26:03.330+0600] {processor.py:208} INFO - Processing /home/shamim/airflow_venv/lib/python3.12/site-packages/airflow/example_dags/example_branch_datetime_operator.py took 0.116 seconds
[2025-03-10T14:27:34.400+0600] {processor.py:186} INFO - Started process (PID=17970) to work on /home/shamim/airflow_venv/lib/python3.12/site-packages/airflow/example_dags/example_branch_datetime_operator.py
[2025-03-10T14:27:34.410+0600] {processor.py:914} INFO - Processing file /home/shamim/airflow_venv/lib/python3.12/site-packages/airflow/example_dags/example_branch_datetime_operator.py for tasks to queue
[2025-03-10T14:27:34.420+0600] {logging_mixin.py:190} INFO - [2025-03-10T14:27:34.419+0600] {dagbag.py:588} INFO - Filling up the DagBag from /home/shamim/airflow_venv/lib/python3.12/site-packages/airflow/example_dags/example_branch_datetime_operator.py
[2025-03-10T14:27:34.450+0600] {processor.py:925} INFO - DAG(s) 'example_branch_datetime_operator_3', 'example_branch_datetime_operator', 'example_branch_datetime_operator_2' retrieved from /home/shamim/airflow_venv/lib/python3.12/site-packages/airflow/example_dags/example_branch_datetime_operator.py
[2025-03-10T14:27:34.486+0600] {logging_mixin.py:190} INFO - [2025-03-10T14:27:34.486+0600] {dag.py:3239} INFO - Sync 3 DAGs
[2025-03-10T14:27:34.516+0600] {logging_mixin.py:190} INFO - [2025-03-10T14:27:34.515+0600] {dag.py:4180} INFO - Setting next_dagrun for example_branch_datetime_operator to 2025-03-09 00:00:00+00:00, run_after=2025-03-10 00:00:00+00:00
[2025-03-10T14:27:34.521+0600] {logging_mixin.py:190} INFO - [2025-03-10T14:27:34.521+0600] {dag.py:4180} INFO - Setting next_dagrun for example_branch_datetime_operator_2 to 2025-03-09 00:00:00+00:00, run_after=2025-03-10 00:00:00+00:00
[2025-03-10T14:27:34.524+0600] {logging_mixin.py:190} INFO - [2025-03-10T14:27:34.524+0600] {dag.py:4180} INFO - Setting next_dagrun for example_branch_datetime_operator_3 to 2025-03-09 00:00:00+00:00, run_after=2025-03-10 00:00:00+00:00
[2025-03-10T14:27:34.551+0600] {processor.py:208} INFO - Processing /home/shamim/airflow_venv/lib/python3.12/site-packages/airflow/example_dags/example_branch_datetime_operator.py took 0.183 seconds
[2025-03-10T14:28:57.555+0600] {processor.py:186} INFO - Started process (PID=18542) to work on /home/shamim/airflow_venv/lib/python3.12/site-packages/airflow/example_dags/example_branch_datetime_operator.py
[2025-03-10T14:28:57.571+0600] {processor.py:914} INFO - Processing file /home/shamim/airflow_venv/lib/python3.12/site-packages/airflow/example_dags/example_branch_datetime_operator.py for tasks to queue
[2025-03-10T14:28:57.574+0600] {logging_mixin.py:190} INFO - [2025-03-10T14:28:57.574+0600] {dagbag.py:588} INFO - Filling up the DagBag from /home/shamim/airflow_venv/lib/python3.12/site-packages/airflow/example_dags/example_branch_datetime_operator.py
[2025-03-10T14:28:57.594+0600] {processor.py:925} INFO - DAG(s) 'example_branch_datetime_operator_2', 'example_branch_datetime_operator_3', 'example_branch_datetime_operator' retrieved from /home/shamim/airflow_venv/lib/python3.12/site-packages/airflow/example_dags/example_branch_datetime_operator.py
[2025-03-10T14:28:57.628+0600] {logging_mixin.py:190} INFO - [2025-03-10T14:28:57.627+0600] {dag.py:3239} INFO - Sync 3 DAGs
[2025-03-10T14:28:57.666+0600] {logging_mixin.py:190} INFO - [2025-03-10T14:28:57.666+0600] {dag.py:4180} INFO - Setting next_dagrun for example_branch_datetime_operator to 2025-03-09 00:00:00+00:00, run_after=2025-03-10 00:00:00+00:00
[2025-03-10T14:28:57.671+0600] {logging_mixin.py:190} INFO - [2025-03-10T14:28:57.671+0600] {dag.py:4180} INFO - Setting next_dagrun for example_branch_datetime_operator_2 to 2025-03-09 00:00:00+00:00, run_after=2025-03-10 00:00:00+00:00
[2025-03-10T14:28:57.675+0600] {logging_mixin.py:190} INFO - [2025-03-10T14:28:57.674+0600] {dag.py:4180} INFO - Setting next_dagrun for example_branch_datetime_operator_3 to 2025-03-09 00:00:00+00:00, run_after=2025-03-10 00:00:00+00:00
[2025-03-10T14:28:57.694+0600] {processor.py:208} INFO - Processing /home/shamim/airflow_venv/lib/python3.12/site-packages/airflow/example_dags/example_branch_datetime_operator.py took 0.150 seconds
[2025-03-10T14:30:34.900+0600] {processor.py:186} INFO - Started process (PID=19175) to work on /home/shamim/airflow_venv/lib/python3.12/site-packages/airflow/example_dags/example_branch_datetime_operator.py
[2025-03-10T14:30:34.907+0600] {processor.py:914} INFO - Processing file /home/shamim/airflow_venv/lib/python3.12/site-packages/airflow/example_dags/example_branch_datetime_operator.py for tasks to queue
[2025-03-10T14:30:34.910+0600] {logging_mixin.py:190} INFO - [2025-03-10T14:30:34.909+0600] {dagbag.py:588} INFO - Filling up the DagBag from /home/shamim/airflow_venv/lib/python3.12/site-packages/airflow/example_dags/example_branch_datetime_operator.py
[2025-03-10T14:30:34.929+0600] {processor.py:925} INFO - DAG(s) 'example_branch_datetime_operator_2', 'example_branch_datetime_operator', 'example_branch_datetime_operator_3' retrieved from /home/shamim/airflow_venv/lib/python3.12/site-packages/airflow/example_dags/example_branch_datetime_operator.py
[2025-03-10T14:30:34.955+0600] {logging_mixin.py:190} INFO - [2025-03-10T14:30:34.955+0600] {dag.py:3239} INFO - Sync 3 DAGs
[2025-03-10T14:30:34.982+0600] {logging_mixin.py:190} INFO - [2025-03-10T14:30:34.981+0600] {dag.py:4180} INFO - Setting next_dagrun for example_branch_datetime_operator to 2025-03-09 00:00:00+00:00, run_after=2025-03-10 00:00:00+00:00
[2025-03-10T14:30:34.988+0600] {logging_mixin.py:190} INFO - [2025-03-10T14:30:34.987+0600] {dag.py:4180} INFO - Setting next_dagrun for example_branch_datetime_operator_2 to 2025-03-09 00:00:00+00:00, run_after=2025-03-10 00:00:00+00:00
[2025-03-10T14:30:34.990+0600] {logging_mixin.py:190} INFO - [2025-03-10T14:30:34.990+0600] {dag.py:4180} INFO - Setting next_dagrun for example_branch_datetime_operator_3 to 2025-03-09 00:00:00+00:00, run_after=2025-03-10 00:00:00+00:00
[2025-03-10T14:30:35.024+0600] {processor.py:208} INFO - Processing /home/shamim/airflow_venv/lib/python3.12/site-packages/airflow/example_dags/example_branch_datetime_operator.py took 0.134 seconds
[2025-03-10T14:32:10.579+0600] {processor.py:186} INFO - Started process (PID=19719) to work on /home/shamim/airflow_venv/lib/python3.12/site-packages/airflow/example_dags/example_branch_datetime_operator.py
[2025-03-10T14:32:10.594+0600] {processor.py:914} INFO - Processing file /home/shamim/airflow_venv/lib/python3.12/site-packages/airflow/example_dags/example_branch_datetime_operator.py for tasks to queue
[2025-03-10T14:32:10.597+0600] {logging_mixin.py:190} INFO - [2025-03-10T14:32:10.597+0600] {dagbag.py:588} INFO - Filling up the DagBag from /home/shamim/airflow_venv/lib/python3.12/site-packages/airflow/example_dags/example_branch_datetime_operator.py
[2025-03-10T14:32:10.616+0600] {processor.py:925} INFO - DAG(s) 'example_branch_datetime_operator_3', 'example_branch_datetime_operator', 'example_branch_datetime_operator_2' retrieved from /home/shamim/airflow_venv/lib/python3.12/site-packages/airflow/example_dags/example_branch_datetime_operator.py
[2025-03-10T14:32:10.642+0600] {logging_mixin.py:190} INFO - [2025-03-10T14:32:10.642+0600] {dag.py:3239} INFO - Sync 3 DAGs
[2025-03-10T14:32:10.672+0600] {logging_mixin.py:190} INFO - [2025-03-10T14:32:10.671+0600] {dag.py:4180} INFO - Setting next_dagrun for example_branch_datetime_operator to 2025-03-09 00:00:00+00:00, run_after=2025-03-10 00:00:00+00:00
[2025-03-10T14:32:10.677+0600] {logging_mixin.py:190} INFO - [2025-03-10T14:32:10.677+0600] {dag.py:4180} INFO - Setting next_dagrun for example_branch_datetime_operator_2 to 2025-03-09 00:00:00+00:00, run_after=2025-03-10 00:00:00+00:00
[2025-03-10T14:32:10.680+0600] {logging_mixin.py:190} INFO - [2025-03-10T14:32:10.679+0600] {dag.py:4180} INFO - Setting next_dagrun for example_branch_datetime_operator_3 to 2025-03-09 00:00:00+00:00, run_after=2025-03-10 00:00:00+00:00
[2025-03-10T14:32:10.701+0600] {processor.py:208} INFO - Processing /home/shamim/airflow_venv/lib/python3.12/site-packages/airflow/example_dags/example_branch_datetime_operator.py took 0.131 seconds
[2025-03-10T14:33:42.996+0600] {processor.py:186} INFO - Started process (PID=20685) to work on /home/shamim/airflow_venv/lib/python3.12/site-packages/airflow/example_dags/example_branch_datetime_operator.py
[2025-03-10T14:33:43.000+0600] {processor.py:914} INFO - Processing file /home/shamim/airflow_venv/lib/python3.12/site-packages/airflow/example_dags/example_branch_datetime_operator.py for tasks to queue
[2025-03-10T14:33:43.003+0600] {logging_mixin.py:190} INFO - [2025-03-10T14:33:43.002+0600] {dagbag.py:588} INFO - Filling up the DagBag from /home/shamim/airflow_venv/lib/python3.12/site-packages/airflow/example_dags/example_branch_datetime_operator.py
[2025-03-10T14:33:43.019+0600] {processor.py:925} INFO - DAG(s) 'example_branch_datetime_operator', 'example_branch_datetime_operator_2', 'example_branch_datetime_operator_3' retrieved from /home/shamim/airflow_venv/lib/python3.12/site-packages/airflow/example_dags/example_branch_datetime_operator.py
[2025-03-10T14:33:43.045+0600] {logging_mixin.py:190} INFO - [2025-03-10T14:33:43.044+0600] {dag.py:3239} INFO - Sync 3 DAGs
[2025-03-10T14:33:43.070+0600] {logging_mixin.py:190} INFO - [2025-03-10T14:33:43.070+0600] {dag.py:4180} INFO - Setting next_dagrun for example_branch_datetime_operator to 2025-03-09 00:00:00+00:00, run_after=2025-03-10 00:00:00+00:00
[2025-03-10T14:33:43.076+0600] {logging_mixin.py:190} INFO - [2025-03-10T14:33:43.075+0600] {dag.py:4180} INFO - Setting next_dagrun for example_branch_datetime_operator_2 to 2025-03-09 00:00:00+00:00, run_after=2025-03-10 00:00:00+00:00
[2025-03-10T14:33:43.079+0600] {logging_mixin.py:190} INFO - [2025-03-10T14:33:43.079+0600] {dag.py:4180} INFO - Setting next_dagrun for example_branch_datetime_operator_3 to 2025-03-09 00:00:00+00:00, run_after=2025-03-10 00:00:00+00:00
[2025-03-10T14:33:43.099+0600] {processor.py:208} INFO - Processing /home/shamim/airflow_venv/lib/python3.12/site-packages/airflow/example_dags/example_branch_datetime_operator.py took 0.117 seconds
[2025-03-10T14:35:11.061+0600] {processor.py:186} INFO - Started process (PID=21923) to work on /home/shamim/airflow_venv/lib/python3.12/site-packages/airflow/example_dags/example_branch_datetime_operator.py
[2025-03-10T14:35:11.067+0600] {processor.py:914} INFO - Processing file /home/shamim/airflow_venv/lib/python3.12/site-packages/airflow/example_dags/example_branch_datetime_operator.py for tasks to queue
[2025-03-10T14:35:11.070+0600] {logging_mixin.py:190} INFO - [2025-03-10T14:35:11.069+0600] {dagbag.py:588} INFO - Filling up the DagBag from /home/shamim/airflow_venv/lib/python3.12/site-packages/airflow/example_dags/example_branch_datetime_operator.py
[2025-03-10T14:35:11.088+0600] {processor.py:925} INFO - DAG(s) 'example_branch_datetime_operator', 'example_branch_datetime_operator_3', 'example_branch_datetime_operator_2' retrieved from /home/shamim/airflow_venv/lib/python3.12/site-packages/airflow/example_dags/example_branch_datetime_operator.py
[2025-03-10T14:35:11.120+0600] {logging_mixin.py:190} INFO - [2025-03-10T14:35:11.120+0600] {dag.py:3239} INFO - Sync 3 DAGs
[2025-03-10T14:35:11.158+0600] {logging_mixin.py:190} INFO - [2025-03-10T14:35:11.158+0600] {dag.py:4180} INFO - Setting next_dagrun for example_branch_datetime_operator to 2025-03-09 00:00:00+00:00, run_after=2025-03-10 00:00:00+00:00
[2025-03-10T14:35:11.166+0600] {logging_mixin.py:190} INFO - [2025-03-10T14:35:11.166+0600] {dag.py:4180} INFO - Setting next_dagrun for example_branch_datetime_operator_2 to 2025-03-09 00:00:00+00:00, run_after=2025-03-10 00:00:00+00:00
[2025-03-10T14:35:11.169+0600] {logging_mixin.py:190} INFO - [2025-03-10T14:35:11.169+0600] {dag.py:4180} INFO - Setting next_dagrun for example_branch_datetime_operator_3 to 2025-03-09 00:00:00+00:00, run_after=2025-03-10 00:00:00+00:00
[2025-03-10T14:35:11.197+0600] {processor.py:208} INFO - Processing /home/shamim/airflow_venv/lib/python3.12/site-packages/airflow/example_dags/example_branch_datetime_operator.py took 0.144 seconds
[2025-03-10T14:36:35.561+0600] {processor.py:186} INFO - Started process (PID=23559) to work on /home/shamim/airflow_venv/lib/python3.12/site-packages/airflow/example_dags/example_branch_datetime_operator.py
[2025-03-10T14:36:35.567+0600] {processor.py:914} INFO - Processing file /home/shamim/airflow_venv/lib/python3.12/site-packages/airflow/example_dags/example_branch_datetime_operator.py for tasks to queue
[2025-03-10T14:36:35.569+0600] {logging_mixin.py:190} INFO - [2025-03-10T14:36:35.569+0600] {dagbag.py:588} INFO - Filling up the DagBag from /home/shamim/airflow_venv/lib/python3.12/site-packages/airflow/example_dags/example_branch_datetime_operator.py
[2025-03-10T14:36:35.585+0600] {processor.py:925} INFO - DAG(s) 'example_branch_datetime_operator_3', 'example_branch_datetime_operator', 'example_branch_datetime_operator_2' retrieved from /home/shamim/airflow_venv/lib/python3.12/site-packages/airflow/example_dags/example_branch_datetime_operator.py
[2025-03-10T14:36:35.609+0600] {logging_mixin.py:190} INFO - [2025-03-10T14:36:35.609+0600] {dag.py:3239} INFO - Sync 3 DAGs
[2025-03-10T14:36:35.636+0600] {logging_mixin.py:190} INFO - [2025-03-10T14:36:35.636+0600] {dag.py:4180} INFO - Setting next_dagrun for example_branch_datetime_operator to 2025-03-09 00:00:00+00:00, run_after=2025-03-10 00:00:00+00:00
[2025-03-10T14:36:35.642+0600] {logging_mixin.py:190} INFO - [2025-03-10T14:36:35.642+0600] {dag.py:4180} INFO - Setting next_dagrun for example_branch_datetime_operator_2 to 2025-03-09 00:00:00+00:00, run_after=2025-03-10 00:00:00+00:00
[2025-03-10T14:36:35.646+0600] {logging_mixin.py:190} INFO - [2025-03-10T14:36:35.645+0600] {dag.py:4180} INFO - Setting next_dagrun for example_branch_datetime_operator_3 to 2025-03-09 00:00:00+00:00, run_after=2025-03-10 00:00:00+00:00
[2025-03-10T14:36:35.671+0600] {processor.py:208} INFO - Processing /home/shamim/airflow_venv/lib/python3.12/site-packages/airflow/example_dags/example_branch_datetime_operator.py took 0.117 seconds
[2025-03-10T14:37:51.684+0600] {processor.py:186} INFO - Started process (PID=24068) to work on /home/shamim/airflow_venv/lib/python3.12/site-packages/airflow/example_dags/example_branch_datetime_operator.py
[2025-03-10T14:37:51.691+0600] {processor.py:914} INFO - Processing file /home/shamim/airflow_venv/lib/python3.12/site-packages/airflow/example_dags/example_branch_datetime_operator.py for tasks to queue
[2025-03-10T14:37:51.693+0600] {logging_mixin.py:190} INFO - [2025-03-10T14:37:51.693+0600] {dagbag.py:588} INFO - Filling up the DagBag from /home/shamim/airflow_venv/lib/python3.12/site-packages/airflow/example_dags/example_branch_datetime_operator.py
[2025-03-10T14:37:51.709+0600] {processor.py:925} INFO - DAG(s) 'example_branch_datetime_operator_2', 'example_branch_datetime_operator_3', 'example_branch_datetime_operator' retrieved from /home/shamim/airflow_venv/lib/python3.12/site-packages/airflow/example_dags/example_branch_datetime_operator.py
[2025-03-10T14:37:51.734+0600] {logging_mixin.py:190} INFO - [2025-03-10T14:37:51.734+0600] {dag.py:3239} INFO - Sync 3 DAGs
[2025-03-10T14:37:51.760+0600] {logging_mixin.py:190} INFO - [2025-03-10T14:37:51.760+0600] {dag.py:4180} INFO - Setting next_dagrun for example_branch_datetime_operator to 2025-03-09 00:00:00+00:00, run_after=2025-03-10 00:00:00+00:00
[2025-03-10T14:37:51.766+0600] {logging_mixin.py:190} INFO - [2025-03-10T14:37:51.765+0600] {dag.py:4180} INFO - Setting next_dagrun for example_branch_datetime_operator_2 to 2025-03-09 00:00:00+00:00, run_after=2025-03-10 00:00:00+00:00
[2025-03-10T14:37:51.769+0600] {logging_mixin.py:190} INFO - [2025-03-10T14:37:51.769+0600] {dag.py:4180} INFO - Setting next_dagrun for example_branch_datetime_operator_3 to 2025-03-09 00:00:00+00:00, run_after=2025-03-10 00:00:00+00:00
[2025-03-10T14:37:51.800+0600] {processor.py:208} INFO - Processing /home/shamim/airflow_venv/lib/python3.12/site-packages/airflow/example_dags/example_branch_datetime_operator.py took 0.122 seconds
[2025-03-10T14:39:10.892+0600] {processor.py:186} INFO - Started process (PID=24962) to work on /home/shamim/airflow_venv/lib/python3.12/site-packages/airflow/example_dags/example_branch_datetime_operator.py
[2025-03-10T14:39:10.895+0600] {processor.py:914} INFO - Processing file /home/shamim/airflow_venv/lib/python3.12/site-packages/airflow/example_dags/example_branch_datetime_operator.py for tasks to queue
[2025-03-10T14:39:10.897+0600] {logging_mixin.py:190} INFO - [2025-03-10T14:39:10.897+0600] {dagbag.py:588} INFO - Filling up the DagBag from /home/shamim/airflow_venv/lib/python3.12/site-packages/airflow/example_dags/example_branch_datetime_operator.py
[2025-03-10T14:39:10.912+0600] {processor.py:925} INFO - DAG(s) 'example_branch_datetime_operator', 'example_branch_datetime_operator_2', 'example_branch_datetime_operator_3' retrieved from /home/shamim/airflow_venv/lib/python3.12/site-packages/airflow/example_dags/example_branch_datetime_operator.py
[2025-03-10T14:39:10.939+0600] {logging_mixin.py:190} INFO - [2025-03-10T14:39:10.938+0600] {dag.py:3239} INFO - Sync 3 DAGs
[2025-03-10T14:39:10.968+0600] {logging_mixin.py:190} INFO - [2025-03-10T14:39:10.968+0600] {dag.py:4180} INFO - Setting next_dagrun for example_branch_datetime_operator to 2025-03-09 00:00:00+00:00, run_after=2025-03-10 00:00:00+00:00
[2025-03-10T14:39:10.974+0600] {logging_mixin.py:190} INFO - [2025-03-10T14:39:10.974+0600] {dag.py:4180} INFO - Setting next_dagrun for example_branch_datetime_operator_2 to 2025-03-09 00:00:00+00:00, run_after=2025-03-10 00:00:00+00:00
[2025-03-10T14:39:10.977+0600] {logging_mixin.py:190} INFO - [2025-03-10T14:39:10.977+0600] {dag.py:4180} INFO - Setting next_dagrun for example_branch_datetime_operator_3 to 2025-03-09 00:00:00+00:00, run_after=2025-03-10 00:00:00+00:00
[2025-03-10T14:39:11.007+0600] {processor.py:208} INFO - Processing /home/shamim/airflow_venv/lib/python3.12/site-packages/airflow/example_dags/example_branch_datetime_operator.py took 0.122 seconds
[2025-03-10T14:40:27.872+0600] {processor.py:186} INFO - Started process (PID=26196) to work on /home/shamim/airflow_venv/lib/python3.12/site-packages/airflow/example_dags/example_branch_datetime_operator.py
[2025-03-10T14:40:27.879+0600] {processor.py:914} INFO - Processing file /home/shamim/airflow_venv/lib/python3.12/site-packages/airflow/example_dags/example_branch_datetime_operator.py for tasks to queue
[2025-03-10T14:40:27.882+0600] {logging_mixin.py:190} INFO - [2025-03-10T14:40:27.881+0600] {dagbag.py:588} INFO - Filling up the DagBag from /home/shamim/airflow_venv/lib/python3.12/site-packages/airflow/example_dags/example_branch_datetime_operator.py
[2025-03-10T14:40:27.905+0600] {processor.py:925} INFO - DAG(s) 'example_branch_datetime_operator_2', 'example_branch_datetime_operator_3', 'example_branch_datetime_operator' retrieved from /home/shamim/airflow_venv/lib/python3.12/site-packages/airflow/example_dags/example_branch_datetime_operator.py
[2025-03-10T14:40:27.935+0600] {logging_mixin.py:190} INFO - [2025-03-10T14:40:27.935+0600] {dag.py:3239} INFO - Sync 3 DAGs
[2025-03-10T14:40:27.966+0600] {logging_mixin.py:190} INFO - [2025-03-10T14:40:27.966+0600] {dag.py:4180} INFO - Setting next_dagrun for example_branch_datetime_operator to 2025-03-09 00:00:00+00:00, run_after=2025-03-10 00:00:00+00:00
[2025-03-10T14:40:27.972+0600] {logging_mixin.py:190} INFO - [2025-03-10T14:40:27.972+0600] {dag.py:4180} INFO - Setting next_dagrun for example_branch_datetime_operator_2 to 2025-03-09 00:00:00+00:00, run_after=2025-03-10 00:00:00+00:00
[2025-03-10T14:40:27.975+0600] {logging_mixin.py:190} INFO - [2025-03-10T14:40:27.975+0600] {dag.py:4180} INFO - Setting next_dagrun for example_branch_datetime_operator_3 to 2025-03-09 00:00:00+00:00, run_after=2025-03-10 00:00:00+00:00
[2025-03-10T14:40:28.003+0600] {processor.py:208} INFO - Processing /home/shamim/airflow_venv/lib/python3.12/site-packages/airflow/example_dags/example_branch_datetime_operator.py took 0.140 seconds
[2025-03-10T14:41:59.464+0600] {processor.py:186} INFO - Started process (PID=27020) to work on /home/shamim/airflow_venv/lib/python3.12/site-packages/airflow/example_dags/example_branch_datetime_operator.py
[2025-03-10T14:41:59.471+0600] {processor.py:914} INFO - Processing file /home/shamim/airflow_venv/lib/python3.12/site-packages/airflow/example_dags/example_branch_datetime_operator.py for tasks to queue
[2025-03-10T14:41:59.475+0600] {logging_mixin.py:190} INFO - [2025-03-10T14:41:59.474+0600] {dagbag.py:588} INFO - Filling up the DagBag from /home/shamim/airflow_venv/lib/python3.12/site-packages/airflow/example_dags/example_branch_datetime_operator.py
[2025-03-10T14:41:59.511+0600] {processor.py:925} INFO - DAG(s) 'example_branch_datetime_operator_3', 'example_branch_datetime_operator', 'example_branch_datetime_operator_2' retrieved from /home/shamim/airflow_venv/lib/python3.12/site-packages/airflow/example_dags/example_branch_datetime_operator.py
[2025-03-10T14:41:59.564+0600] {logging_mixin.py:190} INFO - [2025-03-10T14:41:59.563+0600] {dag.py:3239} INFO - Sync 3 DAGs
[2025-03-10T14:41:59.612+0600] {logging_mixin.py:190} INFO - [2025-03-10T14:41:59.611+0600] {dag.py:4180} INFO - Setting next_dagrun for example_branch_datetime_operator to 2025-03-09 00:00:00+00:00, run_after=2025-03-10 00:00:00+00:00
[2025-03-10T14:41:59.621+0600] {logging_mixin.py:190} INFO - [2025-03-10T14:41:59.621+0600] {dag.py:4180} INFO - Setting next_dagrun for example_branch_datetime_operator_2 to 2025-03-09 00:00:00+00:00, run_after=2025-03-10 00:00:00+00:00
[2025-03-10T14:41:59.625+0600] {logging_mixin.py:190} INFO - [2025-03-10T14:41:59.624+0600] {dag.py:4180} INFO - Setting next_dagrun for example_branch_datetime_operator_3 to 2025-03-09 00:00:00+00:00, run_after=2025-03-10 00:00:00+00:00
[2025-03-10T14:41:59.665+0600] {processor.py:208} INFO - Processing /home/shamim/airflow_venv/lib/python3.12/site-packages/airflow/example_dags/example_branch_datetime_operator.py took 0.213 seconds
[2025-03-10T14:43:27.402+0600] {processor.py:186} INFO - Started process (PID=27733) to work on /home/shamim/airflow_venv/lib/python3.12/site-packages/airflow/example_dags/example_branch_datetime_operator.py
[2025-03-10T14:43:27.409+0600] {processor.py:914} INFO - Processing file /home/shamim/airflow_venv/lib/python3.12/site-packages/airflow/example_dags/example_branch_datetime_operator.py for tasks to queue
[2025-03-10T14:43:27.412+0600] {logging_mixin.py:190} INFO - [2025-03-10T14:43:27.411+0600] {dagbag.py:588} INFO - Filling up the DagBag from /home/shamim/airflow_venv/lib/python3.12/site-packages/airflow/example_dags/example_branch_datetime_operator.py
[2025-03-10T14:43:27.430+0600] {processor.py:925} INFO - DAG(s) 'example_branch_datetime_operator_3', 'example_branch_datetime_operator_2', 'example_branch_datetime_operator' retrieved from /home/shamim/airflow_venv/lib/python3.12/site-packages/airflow/example_dags/example_branch_datetime_operator.py
[2025-03-10T14:43:27.460+0600] {logging_mixin.py:190} INFO - [2025-03-10T14:43:27.460+0600] {dag.py:3239} INFO - Sync 3 DAGs
[2025-03-10T14:43:27.495+0600] {logging_mixin.py:190} INFO - [2025-03-10T14:43:27.495+0600] {dag.py:4180} INFO - Setting next_dagrun for example_branch_datetime_operator to 2025-03-09 00:00:00+00:00, run_after=2025-03-10 00:00:00+00:00
[2025-03-10T14:43:27.502+0600] {logging_mixin.py:190} INFO - [2025-03-10T14:43:27.502+0600] {dag.py:4180} INFO - Setting next_dagrun for example_branch_datetime_operator_2 to 2025-03-09 00:00:00+00:00, run_after=2025-03-10 00:00:00+00:00
[2025-03-10T14:43:27.505+0600] {logging_mixin.py:190} INFO - [2025-03-10T14:43:27.505+0600] {dag.py:4180} INFO - Setting next_dagrun for example_branch_datetime_operator_3 to 2025-03-09 00:00:00+00:00, run_after=2025-03-10 00:00:00+00:00
[2025-03-10T14:43:27.555+0600] {processor.py:208} INFO - Processing /home/shamim/airflow_venv/lib/python3.12/site-packages/airflow/example_dags/example_branch_datetime_operator.py took 0.167 seconds
[2025-03-10T14:45:03.239+0600] {processor.py:186} INFO - Started process (PID=28729) to work on /home/shamim/airflow_venv/lib/python3.12/site-packages/airflow/example_dags/example_branch_datetime_operator.py
[2025-03-10T14:45:03.246+0600] {processor.py:914} INFO - Processing file /home/shamim/airflow_venv/lib/python3.12/site-packages/airflow/example_dags/example_branch_datetime_operator.py for tasks to queue
[2025-03-10T14:45:03.249+0600] {logging_mixin.py:190} INFO - [2025-03-10T14:45:03.249+0600] {dagbag.py:588} INFO - Filling up the DagBag from /home/shamim/airflow_venv/lib/python3.12/site-packages/airflow/example_dags/example_branch_datetime_operator.py
[2025-03-10T14:45:03.270+0600] {processor.py:925} INFO - DAG(s) 'example_branch_datetime_operator_3', 'example_branch_datetime_operator_2', 'example_branch_datetime_operator' retrieved from /home/shamim/airflow_venv/lib/python3.12/site-packages/airflow/example_dags/example_branch_datetime_operator.py
[2025-03-10T14:45:03.297+0600] {logging_mixin.py:190} INFO - [2025-03-10T14:45:03.297+0600] {dag.py:3239} INFO - Sync 3 DAGs
[2025-03-10T14:45:03.328+0600] {logging_mixin.py:190} INFO - [2025-03-10T14:45:03.327+0600] {dag.py:4180} INFO - Setting next_dagrun for example_branch_datetime_operator to 2025-03-09 00:00:00+00:00, run_after=2025-03-10 00:00:00+00:00
[2025-03-10T14:45:03.334+0600] {logging_mixin.py:190} INFO - [2025-03-10T14:45:03.334+0600] {dag.py:4180} INFO - Setting next_dagrun for example_branch_datetime_operator_2 to 2025-03-09 00:00:00+00:00, run_after=2025-03-10 00:00:00+00:00
[2025-03-10T14:45:03.337+0600] {logging_mixin.py:190} INFO - [2025-03-10T14:45:03.337+0600] {dag.py:4180} INFO - Setting next_dagrun for example_branch_datetime_operator_3 to 2025-03-09 00:00:00+00:00, run_after=2025-03-10 00:00:00+00:00
[2025-03-10T14:45:03.361+0600] {processor.py:208} INFO - Processing /home/shamim/airflow_venv/lib/python3.12/site-packages/airflow/example_dags/example_branch_datetime_operator.py took 0.132 seconds
[2025-03-10T14:46:28.210+0600] {processor.py:186} INFO - Started process (PID=29260) to work on /home/shamim/airflow_venv/lib/python3.12/site-packages/airflow/example_dags/example_branch_datetime_operator.py
[2025-03-10T14:46:28.219+0600] {processor.py:914} INFO - Processing file /home/shamim/airflow_venv/lib/python3.12/site-packages/airflow/example_dags/example_branch_datetime_operator.py for tasks to queue
[2025-03-10T14:46:28.221+0600] {logging_mixin.py:190} INFO - [2025-03-10T14:46:28.221+0600] {dagbag.py:588} INFO - Filling up the DagBag from /home/shamim/airflow_venv/lib/python3.12/site-packages/airflow/example_dags/example_branch_datetime_operator.py
[2025-03-10T14:46:28.238+0600] {processor.py:925} INFO - DAG(s) 'example_branch_datetime_operator_2', 'example_branch_datetime_operator', 'example_branch_datetime_operator_3' retrieved from /home/shamim/airflow_venv/lib/python3.12/site-packages/airflow/example_dags/example_branch_datetime_operator.py
[2025-03-10T14:46:28.267+0600] {logging_mixin.py:190} INFO - [2025-03-10T14:46:28.267+0600] {dag.py:3239} INFO - Sync 3 DAGs
[2025-03-10T14:46:28.295+0600] {logging_mixin.py:190} INFO - [2025-03-10T14:46:28.295+0600] {dag.py:4180} INFO - Setting next_dagrun for example_branch_datetime_operator to 2025-03-09 00:00:00+00:00, run_after=2025-03-10 00:00:00+00:00
[2025-03-10T14:46:28.302+0600] {logging_mixin.py:190} INFO - [2025-03-10T14:46:28.301+0600] {dag.py:4180} INFO - Setting next_dagrun for example_branch_datetime_operator_2 to 2025-03-09 00:00:00+00:00, run_after=2025-03-10 00:00:00+00:00
[2025-03-10T14:46:28.304+0600] {logging_mixin.py:190} INFO - [2025-03-10T14:46:28.304+0600] {dag.py:4180} INFO - Setting next_dagrun for example_branch_datetime_operator_3 to 2025-03-09 00:00:00+00:00, run_after=2025-03-10 00:00:00+00:00
[2025-03-10T14:46:28.332+0600] {processor.py:208} INFO - Processing /home/shamim/airflow_venv/lib/python3.12/site-packages/airflow/example_dags/example_branch_datetime_operator.py took 0.130 seconds
[2025-03-10T14:47:56.269+0600] {processor.py:186} INFO - Started process (PID=29948) to work on /home/shamim/airflow_venv/lib/python3.12/site-packages/airflow/example_dags/example_branch_datetime_operator.py
[2025-03-10T14:47:56.275+0600] {processor.py:914} INFO - Processing file /home/shamim/airflow_venv/lib/python3.12/site-packages/airflow/example_dags/example_branch_datetime_operator.py for tasks to queue
[2025-03-10T14:47:56.278+0600] {logging_mixin.py:190} INFO - [2025-03-10T14:47:56.277+0600] {dagbag.py:588} INFO - Filling up the DagBag from /home/shamim/airflow_venv/lib/python3.12/site-packages/airflow/example_dags/example_branch_datetime_operator.py
[2025-03-10T14:47:56.294+0600] {processor.py:925} INFO - DAG(s) 'example_branch_datetime_operator', 'example_branch_datetime_operator_3', 'example_branch_datetime_operator_2' retrieved from /home/shamim/airflow_venv/lib/python3.12/site-packages/airflow/example_dags/example_branch_datetime_operator.py
[2025-03-10T14:47:56.320+0600] {logging_mixin.py:190} INFO - [2025-03-10T14:47:56.320+0600] {dag.py:3239} INFO - Sync 3 DAGs
[2025-03-10T14:47:56.347+0600] {logging_mixin.py:190} INFO - [2025-03-10T14:47:56.347+0600] {dag.py:4180} INFO - Setting next_dagrun for example_branch_datetime_operator to 2025-03-09 00:00:00+00:00, run_after=2025-03-10 00:00:00+00:00
[2025-03-10T14:47:56.354+0600] {logging_mixin.py:190} INFO - [2025-03-10T14:47:56.354+0600] {dag.py:4180} INFO - Setting next_dagrun for example_branch_datetime_operator_2 to 2025-03-09 00:00:00+00:00, run_after=2025-03-10 00:00:00+00:00
[2025-03-10T14:47:56.357+0600] {logging_mixin.py:190} INFO - [2025-03-10T14:47:56.357+0600] {dag.py:4180} INFO - Setting next_dagrun for example_branch_datetime_operator_3 to 2025-03-09 00:00:00+00:00, run_after=2025-03-10 00:00:00+00:00
[2025-03-10T14:47:56.377+0600] {processor.py:208} INFO - Processing /home/shamim/airflow_venv/lib/python3.12/site-packages/airflow/example_dags/example_branch_datetime_operator.py took 0.116 seconds
[2025-03-10T14:49:23.800+0600] {processor.py:186} INFO - Started process (PID=30533) to work on /home/shamim/airflow_venv/lib/python3.12/site-packages/airflow/example_dags/example_branch_datetime_operator.py
[2025-03-10T14:49:23.802+0600] {processor.py:914} INFO - Processing file /home/shamim/airflow_venv/lib/python3.12/site-packages/airflow/example_dags/example_branch_datetime_operator.py for tasks to queue
[2025-03-10T14:49:23.804+0600] {logging_mixin.py:190} INFO - [2025-03-10T14:49:23.804+0600] {dagbag.py:588} INFO - Filling up the DagBag from /home/shamim/airflow_venv/lib/python3.12/site-packages/airflow/example_dags/example_branch_datetime_operator.py
[2025-03-10T14:49:23.823+0600] {processor.py:925} INFO - DAG(s) 'example_branch_datetime_operator', 'example_branch_datetime_operator_2', 'example_branch_datetime_operator_3' retrieved from /home/shamim/airflow_venv/lib/python3.12/site-packages/airflow/example_dags/example_branch_datetime_operator.py
[2025-03-10T14:49:23.858+0600] {logging_mixin.py:190} INFO - [2025-03-10T14:49:23.857+0600] {dag.py:3239} INFO - Sync 3 DAGs
[2025-03-10T14:49:23.897+0600] {logging_mixin.py:190} INFO - [2025-03-10T14:49:23.897+0600] {dag.py:4180} INFO - Setting next_dagrun for example_branch_datetime_operator to 2025-03-09 00:00:00+00:00, run_after=2025-03-10 00:00:00+00:00
[2025-03-10T14:49:23.904+0600] {logging_mixin.py:190} INFO - [2025-03-10T14:49:23.904+0600] {dag.py:4180} INFO - Setting next_dagrun for example_branch_datetime_operator_2 to 2025-03-09 00:00:00+00:00, run_after=2025-03-10 00:00:00+00:00
[2025-03-10T14:49:23.907+0600] {logging_mixin.py:190} INFO - [2025-03-10T14:49:23.907+0600] {dag.py:4180} INFO - Setting next_dagrun for example_branch_datetime_operator_3 to 2025-03-09 00:00:00+00:00, run_after=2025-03-10 00:00:00+00:00
[2025-03-10T14:49:23.933+0600] {processor.py:208} INFO - Processing /home/shamim/airflow_venv/lib/python3.12/site-packages/airflow/example_dags/example_branch_datetime_operator.py took 0.143 seconds
[2025-03-10T14:50:55.812+0600] {processor.py:186} INFO - Started process (PID=31117) to work on /home/shamim/airflow_venv/lib/python3.12/site-packages/airflow/example_dags/example_branch_datetime_operator.py
[2025-03-10T14:50:55.816+0600] {processor.py:914} INFO - Processing file /home/shamim/airflow_venv/lib/python3.12/site-packages/airflow/example_dags/example_branch_datetime_operator.py for tasks to queue
[2025-03-10T14:50:55.825+0600] {logging_mixin.py:190} INFO - [2025-03-10T14:50:55.824+0600] {dagbag.py:588} INFO - Filling up the DagBag from /home/shamim/airflow_venv/lib/python3.12/site-packages/airflow/example_dags/example_branch_datetime_operator.py
[2025-03-10T14:50:55.854+0600] {processor.py:925} INFO - DAG(s) 'example_branch_datetime_operator_2', 'example_branch_datetime_operator_3', 'example_branch_datetime_operator' retrieved from /home/shamim/airflow_venv/lib/python3.12/site-packages/airflow/example_dags/example_branch_datetime_operator.py
[2025-03-10T14:50:55.887+0600] {logging_mixin.py:190} INFO - [2025-03-10T14:50:55.886+0600] {dag.py:3239} INFO - Sync 3 DAGs
[2025-03-10T14:50:55.917+0600] {logging_mixin.py:190} INFO - [2025-03-10T14:50:55.916+0600] {dag.py:4180} INFO - Setting next_dagrun for example_branch_datetime_operator to 2025-03-09 00:00:00+00:00, run_after=2025-03-10 00:00:00+00:00
[2025-03-10T14:50:55.923+0600] {logging_mixin.py:190} INFO - [2025-03-10T14:50:55.923+0600] {dag.py:4180} INFO - Setting next_dagrun for example_branch_datetime_operator_2 to 2025-03-09 00:00:00+00:00, run_after=2025-03-10 00:00:00+00:00
[2025-03-10T14:50:55.926+0600] {logging_mixin.py:190} INFO - [2025-03-10T14:50:55.926+0600] {dag.py:4180} INFO - Setting next_dagrun for example_branch_datetime_operator_3 to 2025-03-09 00:00:00+00:00, run_after=2025-03-10 00:00:00+00:00
[2025-03-10T14:50:55.951+0600] {processor.py:208} INFO - Processing /home/shamim/airflow_venv/lib/python3.12/site-packages/airflow/example_dags/example_branch_datetime_operator.py took 0.151 seconds
[2025-03-10T14:52:31.092+0600] {processor.py:186} INFO - Started process (PID=31687) to work on /home/shamim/airflow_venv/lib/python3.12/site-packages/airflow/example_dags/example_branch_datetime_operator.py
[2025-03-10T14:52:31.093+0600] {processor.py:914} INFO - Processing file /home/shamim/airflow_venv/lib/python3.12/site-packages/airflow/example_dags/example_branch_datetime_operator.py for tasks to queue
[2025-03-10T14:52:31.095+0600] {logging_mixin.py:190} INFO - [2025-03-10T14:52:31.095+0600] {dagbag.py:588} INFO - Filling up the DagBag from /home/shamim/airflow_venv/lib/python3.12/site-packages/airflow/example_dags/example_branch_datetime_operator.py
[2025-03-10T14:52:31.112+0600] {processor.py:925} INFO - DAG(s) 'example_branch_datetime_operator', 'example_branch_datetime_operator_2', 'example_branch_datetime_operator_3' retrieved from /home/shamim/airflow_venv/lib/python3.12/site-packages/airflow/example_dags/example_branch_datetime_operator.py
[2025-03-10T14:52:31.139+0600] {logging_mixin.py:190} INFO - [2025-03-10T14:52:31.139+0600] {dag.py:3239} INFO - Sync 3 DAGs
[2025-03-10T14:52:31.165+0600] {logging_mixin.py:190} INFO - [2025-03-10T14:52:31.165+0600] {dag.py:4180} INFO - Setting next_dagrun for example_branch_datetime_operator to 2025-03-09 00:00:00+00:00, run_after=2025-03-10 00:00:00+00:00
[2025-03-10T14:52:31.171+0600] {logging_mixin.py:190} INFO - [2025-03-10T14:52:31.171+0600] {dag.py:4180} INFO - Setting next_dagrun for example_branch_datetime_operator_2 to 2025-03-09 00:00:00+00:00, run_after=2025-03-10 00:00:00+00:00
[2025-03-10T14:52:31.174+0600] {logging_mixin.py:190} INFO - [2025-03-10T14:52:31.173+0600] {dag.py:4180} INFO - Setting next_dagrun for example_branch_datetime_operator_3 to 2025-03-09 00:00:00+00:00, run_after=2025-03-10 00:00:00+00:00
[2025-03-10T14:52:31.194+0600] {processor.py:208} INFO - Processing /home/shamim/airflow_venv/lib/python3.12/site-packages/airflow/example_dags/example_branch_datetime_operator.py took 0.110 seconds
[2025-03-10T14:54:11.746+0600] {processor.py:186} INFO - Started process (PID=32582) to work on /home/shamim/airflow_venv/lib/python3.12/site-packages/airflow/example_dags/example_branch_datetime_operator.py
[2025-03-10T14:54:11.752+0600] {processor.py:914} INFO - Processing file /home/shamim/airflow_venv/lib/python3.12/site-packages/airflow/example_dags/example_branch_datetime_operator.py for tasks to queue
[2025-03-10T14:54:11.755+0600] {logging_mixin.py:190} INFO - [2025-03-10T14:54:11.755+0600] {dagbag.py:588} INFO - Filling up the DagBag from /home/shamim/airflow_venv/lib/python3.12/site-packages/airflow/example_dags/example_branch_datetime_operator.py
[2025-03-10T14:54:11.964+0600] {processor.py:925} INFO - DAG(s) 'example_branch_datetime_operator', 'example_branch_datetime_operator_2', 'example_branch_datetime_operator_3' retrieved from /home/shamim/airflow_venv/lib/python3.12/site-packages/airflow/example_dags/example_branch_datetime_operator.py
[2025-03-10T14:54:11.990+0600] {logging_mixin.py:190} INFO - [2025-03-10T14:54:11.990+0600] {dag.py:3239} INFO - Sync 3 DAGs
[2025-03-10T14:54:12.016+0600] {logging_mixin.py:190} INFO - [2025-03-10T14:54:12.015+0600] {dag.py:4180} INFO - Setting next_dagrun for example_branch_datetime_operator to 2025-03-09 00:00:00+00:00, run_after=2025-03-10 00:00:00+00:00
[2025-03-10T14:54:12.023+0600] {logging_mixin.py:190} INFO - [2025-03-10T14:54:12.022+0600] {dag.py:4180} INFO - Setting next_dagrun for example_branch_datetime_operator_2 to 2025-03-09 00:00:00+00:00, run_after=2025-03-10 00:00:00+00:00
[2025-03-10T14:54:12.026+0600] {logging_mixin.py:190} INFO - [2025-03-10T14:54:12.026+0600] {dag.py:4180} INFO - Setting next_dagrun for example_branch_datetime_operator_3 to 2025-03-09 00:00:00+00:00, run_after=2025-03-10 00:00:00+00:00
[2025-03-10T14:54:12.053+0600] {processor.py:208} INFO - Processing /home/shamim/airflow_venv/lib/python3.12/site-packages/airflow/example_dags/example_branch_datetime_operator.py took 0.318 seconds
[2025-03-10T14:55:50.475+0600] {processor.py:186} INFO - Started process (PID=33502) to work on /home/shamim/airflow_venv/lib/python3.12/site-packages/airflow/example_dags/example_branch_datetime_operator.py
[2025-03-10T14:55:50.478+0600] {processor.py:914} INFO - Processing file /home/shamim/airflow_venv/lib/python3.12/site-packages/airflow/example_dags/example_branch_datetime_operator.py for tasks to queue
[2025-03-10T14:55:50.481+0600] {logging_mixin.py:190} INFO - [2025-03-10T14:55:50.480+0600] {dagbag.py:588} INFO - Filling up the DagBag from /home/shamim/airflow_venv/lib/python3.12/site-packages/airflow/example_dags/example_branch_datetime_operator.py
[2025-03-10T14:55:50.498+0600] {processor.py:925} INFO - DAG(s) 'example_branch_datetime_operator_2', 'example_branch_datetime_operator_3', 'example_branch_datetime_operator' retrieved from /home/shamim/airflow_venv/lib/python3.12/site-packages/airflow/example_dags/example_branch_datetime_operator.py
[2025-03-10T14:55:50.531+0600] {logging_mixin.py:190} INFO - [2025-03-10T14:55:50.531+0600] {dag.py:3239} INFO - Sync 3 DAGs
[2025-03-10T14:55:50.571+0600] {logging_mixin.py:190} INFO - [2025-03-10T14:55:50.571+0600] {dag.py:4180} INFO - Setting next_dagrun for example_branch_datetime_operator to 2025-03-09 00:00:00+00:00, run_after=2025-03-10 00:00:00+00:00
[2025-03-10T14:55:50.581+0600] {logging_mixin.py:190} INFO - [2025-03-10T14:55:50.580+0600] {dag.py:4180} INFO - Setting next_dagrun for example_branch_datetime_operator_2 to 2025-03-09 00:00:00+00:00, run_after=2025-03-10 00:00:00+00:00
[2025-03-10T14:55:50.586+0600] {logging_mixin.py:190} INFO - [2025-03-10T14:55:50.586+0600] {dag.py:4180} INFO - Setting next_dagrun for example_branch_datetime_operator_3 to 2025-03-09 00:00:00+00:00, run_after=2025-03-10 00:00:00+00:00
[2025-03-10T14:55:50.618+0600] {processor.py:208} INFO - Processing /home/shamim/airflow_venv/lib/python3.12/site-packages/airflow/example_dags/example_branch_datetime_operator.py took 0.150 seconds
[2025-03-10T14:57:26.166+0600] {processor.py:186} INFO - Started process (PID=34106) to work on /home/shamim/airflow_venv/lib/python3.12/site-packages/airflow/example_dags/example_branch_datetime_operator.py
[2025-03-10T14:57:26.176+0600] {processor.py:914} INFO - Processing file /home/shamim/airflow_venv/lib/python3.12/site-packages/airflow/example_dags/example_branch_datetime_operator.py for tasks to queue
[2025-03-10T14:57:26.179+0600] {logging_mixin.py:190} INFO - [2025-03-10T14:57:26.179+0600] {dagbag.py:588} INFO - Filling up the DagBag from /home/shamim/airflow_venv/lib/python3.12/site-packages/airflow/example_dags/example_branch_datetime_operator.py
[2025-03-10T14:57:26.198+0600] {processor.py:925} INFO - DAG(s) 'example_branch_datetime_operator', 'example_branch_datetime_operator_2', 'example_branch_datetime_operator_3' retrieved from /home/shamim/airflow_venv/lib/python3.12/site-packages/airflow/example_dags/example_branch_datetime_operator.py
[2025-03-10T14:57:26.227+0600] {logging_mixin.py:190} INFO - [2025-03-10T14:57:26.227+0600] {dag.py:3239} INFO - Sync 3 DAGs
[2025-03-10T14:57:26.256+0600] {logging_mixin.py:190} INFO - [2025-03-10T14:57:26.256+0600] {dag.py:4180} INFO - Setting next_dagrun for example_branch_datetime_operator to 2025-03-09 00:00:00+00:00, run_after=2025-03-10 00:00:00+00:00
[2025-03-10T14:57:26.263+0600] {logging_mixin.py:190} INFO - [2025-03-10T14:57:26.262+0600] {dag.py:4180} INFO - Setting next_dagrun for example_branch_datetime_operator_2 to 2025-03-09 00:00:00+00:00, run_after=2025-03-10 00:00:00+00:00
[2025-03-10T14:57:26.265+0600] {logging_mixin.py:190} INFO - [2025-03-10T14:57:26.265+0600] {dag.py:4180} INFO - Setting next_dagrun for example_branch_datetime_operator_3 to 2025-03-09 00:00:00+00:00, run_after=2025-03-10 00:00:00+00:00
[2025-03-10T14:57:26.294+0600] {processor.py:208} INFO - Processing /home/shamim/airflow_venv/lib/python3.12/site-packages/airflow/example_dags/example_branch_datetime_operator.py took 0.135 seconds
[2025-03-10T14:58:54.627+0600] {processor.py:186} INFO - Started process (PID=34737) to work on /home/shamim/airflow_venv/lib/python3.12/site-packages/airflow/example_dags/example_branch_datetime_operator.py
[2025-03-10T14:58:54.633+0600] {processor.py:914} INFO - Processing file /home/shamim/airflow_venv/lib/python3.12/site-packages/airflow/example_dags/example_branch_datetime_operator.py for tasks to queue
[2025-03-10T14:58:54.641+0600] {logging_mixin.py:190} INFO - [2025-03-10T14:58:54.640+0600] {dagbag.py:588} INFO - Filling up the DagBag from /home/shamim/airflow_venv/lib/python3.12/site-packages/airflow/example_dags/example_branch_datetime_operator.py
[2025-03-10T14:58:54.691+0600] {processor.py:925} INFO - DAG(s) 'example_branch_datetime_operator_2', 'example_branch_datetime_operator_3', 'example_branch_datetime_operator' retrieved from /home/shamim/airflow_venv/lib/python3.12/site-packages/airflow/example_dags/example_branch_datetime_operator.py
[2025-03-10T14:58:54.723+0600] {logging_mixin.py:190} INFO - [2025-03-10T14:58:54.723+0600] {dag.py:3239} INFO - Sync 3 DAGs
[2025-03-10T14:58:54.751+0600] {logging_mixin.py:190} INFO - [2025-03-10T14:58:54.751+0600] {dag.py:4180} INFO - Setting next_dagrun for example_branch_datetime_operator to 2025-03-09 00:00:00+00:00, run_after=2025-03-10 00:00:00+00:00
[2025-03-10T14:58:54.757+0600] {logging_mixin.py:190} INFO - [2025-03-10T14:58:54.756+0600] {dag.py:4180} INFO - Setting next_dagrun for example_branch_datetime_operator_2 to 2025-03-09 00:00:00+00:00, run_after=2025-03-10 00:00:00+00:00
[2025-03-10T14:58:54.760+0600] {logging_mixin.py:190} INFO - [2025-03-10T14:58:54.760+0600] {dag.py:4180} INFO - Setting next_dagrun for example_branch_datetime_operator_3 to 2025-03-09 00:00:00+00:00, run_after=2025-03-10 00:00:00+00:00
[2025-03-10T14:58:54.784+0600] {processor.py:208} INFO - Processing /home/shamim/airflow_venv/lib/python3.12/site-packages/airflow/example_dags/example_branch_datetime_operator.py took 0.180 seconds
[2025-03-10T15:00:30.162+0600] {processor.py:186} INFO - Started process (PID=35768) to work on /home/shamim/airflow_venv/lib/python3.12/site-packages/airflow/example_dags/example_branch_datetime_operator.py
[2025-03-10T15:00:30.169+0600] {processor.py:914} INFO - Processing file /home/shamim/airflow_venv/lib/python3.12/site-packages/airflow/example_dags/example_branch_datetime_operator.py for tasks to queue
[2025-03-10T15:00:30.171+0600] {logging_mixin.py:190} INFO - [2025-03-10T15:00:30.171+0600] {dagbag.py:588} INFO - Filling up the DagBag from /home/shamim/airflow_venv/lib/python3.12/site-packages/airflow/example_dags/example_branch_datetime_operator.py
[2025-03-10T15:00:30.187+0600] {processor.py:925} INFO - DAG(s) 'example_branch_datetime_operator', 'example_branch_datetime_operator_2', 'example_branch_datetime_operator_3' retrieved from /home/shamim/airflow_venv/lib/python3.12/site-packages/airflow/example_dags/example_branch_datetime_operator.py
[2025-03-10T15:00:30.214+0600] {logging_mixin.py:190} INFO - [2025-03-10T15:00:30.214+0600] {dag.py:3239} INFO - Sync 3 DAGs
[2025-03-10T15:00:30.242+0600] {logging_mixin.py:190} INFO - [2025-03-10T15:00:30.242+0600] {dag.py:4180} INFO - Setting next_dagrun for example_branch_datetime_operator to 2025-03-09 00:00:00+00:00, run_after=2025-03-10 00:00:00+00:00
[2025-03-10T15:00:30.248+0600] {logging_mixin.py:190} INFO - [2025-03-10T15:00:30.248+0600] {dag.py:4180} INFO - Setting next_dagrun for example_branch_datetime_operator_2 to 2025-03-09 00:00:00+00:00, run_after=2025-03-10 00:00:00+00:00
[2025-03-10T15:00:30.252+0600] {logging_mixin.py:190} INFO - [2025-03-10T15:00:30.252+0600] {dag.py:4180} INFO - Setting next_dagrun for example_branch_datetime_operator_3 to 2025-03-09 00:00:00+00:00, run_after=2025-03-10 00:00:00+00:00
[2025-03-10T15:00:30.277+0600] {processor.py:208} INFO - Processing /home/shamim/airflow_venv/lib/python3.12/site-packages/airflow/example_dags/example_branch_datetime_operator.py took 0.122 seconds
[2025-03-10T15:02:05.591+0600] {processor.py:186} INFO - Started process (PID=36654) to work on /home/shamim/airflow_venv/lib/python3.12/site-packages/airflow/example_dags/example_branch_datetime_operator.py
[2025-03-10T15:02:05.598+0600] {processor.py:914} INFO - Processing file /home/shamim/airflow_venv/lib/python3.12/site-packages/airflow/example_dags/example_branch_datetime_operator.py for tasks to queue
[2025-03-10T15:02:05.601+0600] {logging_mixin.py:190} INFO - [2025-03-10T15:02:05.600+0600] {dagbag.py:588} INFO - Filling up the DagBag from /home/shamim/airflow_venv/lib/python3.12/site-packages/airflow/example_dags/example_branch_datetime_operator.py
[2025-03-10T15:02:05.616+0600] {processor.py:925} INFO - DAG(s) 'example_branch_datetime_operator', 'example_branch_datetime_operator_2', 'example_branch_datetime_operator_3' retrieved from /home/shamim/airflow_venv/lib/python3.12/site-packages/airflow/example_dags/example_branch_datetime_operator.py
[2025-03-10T15:02:05.643+0600] {logging_mixin.py:190} INFO - [2025-03-10T15:02:05.643+0600] {dag.py:3239} INFO - Sync 3 DAGs
[2025-03-10T15:02:05.670+0600] {logging_mixin.py:190} INFO - [2025-03-10T15:02:05.670+0600] {dag.py:4180} INFO - Setting next_dagrun for example_branch_datetime_operator to 2025-03-09 00:00:00+00:00, run_after=2025-03-10 00:00:00+00:00
[2025-03-10T15:02:05.676+0600] {logging_mixin.py:190} INFO - [2025-03-10T15:02:05.676+0600] {dag.py:4180} INFO - Setting next_dagrun for example_branch_datetime_operator_2 to 2025-03-09 00:00:00+00:00, run_after=2025-03-10 00:00:00+00:00
[2025-03-10T15:02:05.680+0600] {logging_mixin.py:190} INFO - [2025-03-10T15:02:05.679+0600] {dag.py:4180} INFO - Setting next_dagrun for example_branch_datetime_operator_3 to 2025-03-09 00:00:00+00:00, run_after=2025-03-10 00:00:00+00:00
[2025-03-10T15:02:05.702+0600] {processor.py:208} INFO - Processing /home/shamim/airflow_venv/lib/python3.12/site-packages/airflow/example_dags/example_branch_datetime_operator.py took 0.117 seconds
[2025-03-10T15:03:31.407+0600] {processor.py:186} INFO - Started process (PID=37240) to work on /home/shamim/airflow_venv/lib/python3.12/site-packages/airflow/example_dags/example_branch_datetime_operator.py
[2025-03-10T15:03:31.413+0600] {processor.py:914} INFO - Processing file /home/shamim/airflow_venv/lib/python3.12/site-packages/airflow/example_dags/example_branch_datetime_operator.py for tasks to queue
[2025-03-10T15:03:31.416+0600] {logging_mixin.py:190} INFO - [2025-03-10T15:03:31.415+0600] {dagbag.py:588} INFO - Filling up the DagBag from /home/shamim/airflow_venv/lib/python3.12/site-packages/airflow/example_dags/example_branch_datetime_operator.py
[2025-03-10T15:03:31.432+0600] {processor.py:925} INFO - DAG(s) 'example_branch_datetime_operator', 'example_branch_datetime_operator_2', 'example_branch_datetime_operator_3' retrieved from /home/shamim/airflow_venv/lib/python3.12/site-packages/airflow/example_dags/example_branch_datetime_operator.py
[2025-03-10T15:03:31.458+0600] {logging_mixin.py:190} INFO - [2025-03-10T15:03:31.458+0600] {dag.py:3239} INFO - Sync 3 DAGs
[2025-03-10T15:03:31.487+0600] {logging_mixin.py:190} INFO - [2025-03-10T15:03:31.487+0600] {dag.py:4180} INFO - Setting next_dagrun for example_branch_datetime_operator to 2025-03-09 00:00:00+00:00, run_after=2025-03-10 00:00:00+00:00
[2025-03-10T15:03:31.493+0600] {logging_mixin.py:190} INFO - [2025-03-10T15:03:31.493+0600] {dag.py:4180} INFO - Setting next_dagrun for example_branch_datetime_operator_2 to 2025-03-09 00:00:00+00:00, run_after=2025-03-10 00:00:00+00:00
[2025-03-10T15:03:31.496+0600] {logging_mixin.py:190} INFO - [2025-03-10T15:03:31.496+0600] {dag.py:4180} INFO - Setting next_dagrun for example_branch_datetime_operator_3 to 2025-03-09 00:00:00+00:00, run_after=2025-03-10 00:00:00+00:00
[2025-03-10T15:03:31.519+0600] {processor.py:208} INFO - Processing /home/shamim/airflow_venv/lib/python3.12/site-packages/airflow/example_dags/example_branch_datetime_operator.py took 0.119 seconds
[2025-03-10T15:04:51.141+0600] {processor.py:186} INFO - Started process (PID=37723) to work on /home/shamim/airflow_venv/lib/python3.12/site-packages/airflow/example_dags/example_branch_datetime_operator.py
[2025-03-10T15:04:51.147+0600] {processor.py:914} INFO - Processing file /home/shamim/airflow_venv/lib/python3.12/site-packages/airflow/example_dags/example_branch_datetime_operator.py for tasks to queue
[2025-03-10T15:04:51.151+0600] {logging_mixin.py:190} INFO - [2025-03-10T15:04:51.150+0600] {dagbag.py:588} INFO - Filling up the DagBag from /home/shamim/airflow_venv/lib/python3.12/site-packages/airflow/example_dags/example_branch_datetime_operator.py
[2025-03-10T15:04:51.176+0600] {processor.py:925} INFO - DAG(s) 'example_branch_datetime_operator_3', 'example_branch_datetime_operator_2', 'example_branch_datetime_operator' retrieved from /home/shamim/airflow_venv/lib/python3.12/site-packages/airflow/example_dags/example_branch_datetime_operator.py
[2025-03-10T15:04:51.218+0600] {logging_mixin.py:190} INFO - [2025-03-10T15:04:51.218+0600] {dag.py:3239} INFO - Sync 3 DAGs
[2025-03-10T15:04:51.261+0600] {logging_mixin.py:190} INFO - [2025-03-10T15:04:51.261+0600] {dag.py:4180} INFO - Setting next_dagrun for example_branch_datetime_operator to 2025-03-09 00:00:00+00:00, run_after=2025-03-10 00:00:00+00:00
[2025-03-10T15:04:51.270+0600] {logging_mixin.py:190} INFO - [2025-03-10T15:04:51.269+0600] {dag.py:4180} INFO - Setting next_dagrun for example_branch_datetime_operator_2 to 2025-03-09 00:00:00+00:00, run_after=2025-03-10 00:00:00+00:00
[2025-03-10T15:04:51.275+0600] {logging_mixin.py:190} INFO - [2025-03-10T15:04:51.274+0600] {dag.py:4180} INFO - Setting next_dagrun for example_branch_datetime_operator_3 to 2025-03-09 00:00:00+00:00, run_after=2025-03-10 00:00:00+00:00
[2025-03-10T15:04:51.309+0600] {processor.py:208} INFO - Processing /home/shamim/airflow_venv/lib/python3.12/site-packages/airflow/example_dags/example_branch_datetime_operator.py took 0.179 seconds
