[2025-03-10T13:53:05.527+0600] {processor.py:186} INFO - Started process (PID=4801) to work on /home/shamim/airflow_venv/lib/python3.12/site-packages/airflow/example_dags/example_params_ui_tutorial.py
[2025-03-10T13:53:05.528+0600] {processor.py:914} INFO - Processing file /home/shamim/airflow_venv/lib/python3.12/site-packages/airflow/example_dags/example_params_ui_tutorial.py for tasks to queue
[2025-03-10T13:53:05.530+0600] {logging_mixin.py:190} INFO - [2025-03-10T13:53:05.530+0600] {dagbag.py:588} INFO - Filling up the DagBag from /home/shamim/airflow_venv/lib/python3.12/site-packages/airflow/example_dags/example_params_ui_tutorial.py
[2025-03-10T13:53:05.541+0600] {processor.py:925} INFO - DAG(s) 'example_params_ui_tutorial' retrieved from /home/shamim/airflow_venv/lib/python3.12/site-packages/airflow/example_dags/example_params_ui_tutorial.py
[2025-03-10T13:53:05.592+0600] {logging_mixin.py:190} INFO - [2025-03-10T13:53:05.591+0600] {dag.py:3239} INFO - Sync 1 DAGs
[2025-03-10T13:53:05.607+0600] {logging_mixin.py:190} INFO - [2025-03-10T13:53:05.606+0600] {dag.py:4180} INFO - Setting next_dagrun for example_params_ui_tutorial to None, run_after=None
[2025-03-10T13:53:05.643+0600] {processor.py:208} INFO - Processing /home/shamim/airflow_venv/lib/python3.12/site-packages/airflow/example_dags/example_params_ui_tutorial.py took 0.122 seconds
[2025-03-10T13:54:44.104+0600] {processor.py:186} INFO - Started process (PID=5375) to work on /home/shamim/airflow_venv/lib/python3.12/site-packages/airflow/example_dags/example_params_ui_tutorial.py
[2025-03-10T13:54:44.110+0600] {processor.py:914} INFO - Processing file /home/shamim/airflow_venv/lib/python3.12/site-packages/airflow/example_dags/example_params_ui_tutorial.py for tasks to queue
[2025-03-10T13:54:44.113+0600] {logging_mixin.py:190} INFO - [2025-03-10T13:54:44.113+0600] {dagbag.py:588} INFO - Filling up the DagBag from /home/shamim/airflow_venv/lib/python3.12/site-packages/airflow/example_dags/example_params_ui_tutorial.py
[2025-03-10T13:54:44.126+0600] {processor.py:925} INFO - DAG(s) 'example_params_ui_tutorial' retrieved from /home/shamim/airflow_venv/lib/python3.12/site-packages/airflow/example_dags/example_params_ui_tutorial.py
[2025-03-10T13:54:44.176+0600] {logging_mixin.py:190} INFO - [2025-03-10T13:54:44.175+0600] {dag.py:3239} INFO - Sync 1 DAGs
[2025-03-10T13:54:44.191+0600] {logging_mixin.py:190} INFO - [2025-03-10T13:54:44.191+0600] {dag.py:4180} INFO - Setting next_dagrun for example_params_ui_tutorial to None, run_after=None
[2025-03-10T13:54:44.232+0600] {processor.py:208} INFO - Processing /home/shamim/airflow_venv/lib/python3.12/site-packages/airflow/example_dags/example_params_ui_tutorial.py took 0.135 seconds
[2025-03-10T13:56:13.152+0600] {processor.py:186} INFO - Started process (PID=5827) to work on /home/shamim/airflow_venv/lib/python3.12/site-packages/airflow/example_dags/example_params_ui_tutorial.py
[2025-03-10T13:56:13.158+0600] {processor.py:914} INFO - Processing file /home/shamim/airflow_venv/lib/python3.12/site-packages/airflow/example_dags/example_params_ui_tutorial.py for tasks to queue
[2025-03-10T13:56:13.160+0600] {logging_mixin.py:190} INFO - [2025-03-10T13:56:13.160+0600] {dagbag.py:588} INFO - Filling up the DagBag from /home/shamim/airflow_venv/lib/python3.12/site-packages/airflow/example_dags/example_params_ui_tutorial.py
[2025-03-10T13:56:13.174+0600] {processor.py:925} INFO - DAG(s) 'example_params_ui_tutorial' retrieved from /home/shamim/airflow_venv/lib/python3.12/site-packages/airflow/example_dags/example_params_ui_tutorial.py
[2025-03-10T13:56:13.223+0600] {logging_mixin.py:190} INFO - [2025-03-10T13:56:13.222+0600] {dag.py:3239} INFO - Sync 1 DAGs
[2025-03-10T13:56:13.238+0600] {logging_mixin.py:190} INFO - [2025-03-10T13:56:13.238+0600] {dag.py:4180} INFO - Setting next_dagrun for example_params_ui_tutorial to None, run_after=None
[2025-03-10T13:56:13.275+0600] {processor.py:208} INFO - Processing /home/shamim/airflow_venv/lib/python3.12/site-packages/airflow/example_dags/example_params_ui_tutorial.py took 0.130 seconds
[2025-03-10T13:57:50.805+0600] {processor.py:186} INFO - Started process (PID=6424) to work on /home/shamim/airflow_venv/lib/python3.12/site-packages/airflow/example_dags/example_params_ui_tutorial.py
[2025-03-10T13:57:50.812+0600] {processor.py:914} INFO - Processing file /home/shamim/airflow_venv/lib/python3.12/site-packages/airflow/example_dags/example_params_ui_tutorial.py for tasks to queue
[2025-03-10T13:57:50.816+0600] {logging_mixin.py:190} INFO - [2025-03-10T13:57:50.815+0600] {dagbag.py:588} INFO - Filling up the DagBag from /home/shamim/airflow_venv/lib/python3.12/site-packages/airflow/example_dags/example_params_ui_tutorial.py
[2025-03-10T13:57:50.833+0600] {processor.py:925} INFO - DAG(s) 'example_params_ui_tutorial' retrieved from /home/shamim/airflow_venv/lib/python3.12/site-packages/airflow/example_dags/example_params_ui_tutorial.py
[2025-03-10T13:57:50.902+0600] {logging_mixin.py:190} INFO - [2025-03-10T13:57:50.902+0600] {dag.py:3239} INFO - Sync 1 DAGs
[2025-03-10T13:57:50.921+0600] {logging_mixin.py:190} INFO - [2025-03-10T13:57:50.921+0600] {dag.py:4180} INFO - Setting next_dagrun for example_params_ui_tutorial to None, run_after=None
[2025-03-10T13:57:50.963+0600] {processor.py:208} INFO - Processing /home/shamim/airflow_venv/lib/python3.12/site-packages/airflow/example_dags/example_params_ui_tutorial.py took 0.168 seconds
[2025-03-10T13:59:25.888+0600] {processor.py:186} INFO - Started process (PID=6881) to work on /home/shamim/airflow_venv/lib/python3.12/site-packages/airflow/example_dags/example_params_ui_tutorial.py
[2025-03-10T13:59:25.894+0600] {processor.py:914} INFO - Processing file /home/shamim/airflow_venv/lib/python3.12/site-packages/airflow/example_dags/example_params_ui_tutorial.py for tasks to queue
[2025-03-10T13:59:25.898+0600] {logging_mixin.py:190} INFO - [2025-03-10T13:59:25.897+0600] {dagbag.py:588} INFO - Filling up the DagBag from /home/shamim/airflow_venv/lib/python3.12/site-packages/airflow/example_dags/example_params_ui_tutorial.py
[2025-03-10T13:59:25.913+0600] {processor.py:925} INFO - DAG(s) 'example_params_ui_tutorial' retrieved from /home/shamim/airflow_venv/lib/python3.12/site-packages/airflow/example_dags/example_params_ui_tutorial.py
[2025-03-10T13:59:25.969+0600] {logging_mixin.py:190} INFO - [2025-03-10T13:59:25.968+0600] {dag.py:3239} INFO - Sync 1 DAGs
[2025-03-10T13:59:25.985+0600] {logging_mixin.py:190} INFO - [2025-03-10T13:59:25.985+0600] {dag.py:4180} INFO - Setting next_dagrun for example_params_ui_tutorial to None, run_after=None
[2025-03-10T13:59:26.023+0600] {processor.py:208} INFO - Processing /home/shamim/airflow_venv/lib/python3.12/site-packages/airflow/example_dags/example_params_ui_tutorial.py took 0.147 seconds
[2025-03-10T14:01:00.514+0600] {processor.py:186} INFO - Started process (PID=7425) to work on /home/shamim/airflow_venv/lib/python3.12/site-packages/airflow/example_dags/example_params_ui_tutorial.py
[2025-03-10T14:01:00.520+0600] {processor.py:914} INFO - Processing file /home/shamim/airflow_venv/lib/python3.12/site-packages/airflow/example_dags/example_params_ui_tutorial.py for tasks to queue
[2025-03-10T14:01:00.523+0600] {logging_mixin.py:190} INFO - [2025-03-10T14:01:00.523+0600] {dagbag.py:588} INFO - Filling up the DagBag from /home/shamim/airflow_venv/lib/python3.12/site-packages/airflow/example_dags/example_params_ui_tutorial.py
[2025-03-10T14:01:00.541+0600] {processor.py:925} INFO - DAG(s) 'example_params_ui_tutorial' retrieved from /home/shamim/airflow_venv/lib/python3.12/site-packages/airflow/example_dags/example_params_ui_tutorial.py
[2025-03-10T14:01:00.634+0600] {logging_mixin.py:190} INFO - [2025-03-10T14:01:00.633+0600] {dag.py:3239} INFO - Sync 1 DAGs
[2025-03-10T14:01:00.660+0600] {logging_mixin.py:190} INFO - [2025-03-10T14:01:00.659+0600] {dag.py:4180} INFO - Setting next_dagrun for example_params_ui_tutorial to None, run_after=None
[2025-03-10T14:01:00.737+0600] {processor.py:208} INFO - Processing /home/shamim/airflow_venv/lib/python3.12/site-packages/airflow/example_dags/example_params_ui_tutorial.py took 0.230 seconds
[2025-03-10T14:02:34.483+0600] {processor.py:186} INFO - Started process (PID=7976) to work on /home/shamim/airflow_venv/lib/python3.12/site-packages/airflow/example_dags/example_params_ui_tutorial.py
[2025-03-10T14:02:34.489+0600] {processor.py:914} INFO - Processing file /home/shamim/airflow_venv/lib/python3.12/site-packages/airflow/example_dags/example_params_ui_tutorial.py for tasks to queue
[2025-03-10T14:02:34.492+0600] {logging_mixin.py:190} INFO - [2025-03-10T14:02:34.491+0600] {dagbag.py:588} INFO - Filling up the DagBag from /home/shamim/airflow_venv/lib/python3.12/site-packages/airflow/example_dags/example_params_ui_tutorial.py
[2025-03-10T14:02:34.503+0600] {processor.py:925} INFO - DAG(s) 'example_params_ui_tutorial' retrieved from /home/shamim/airflow_venv/lib/python3.12/site-packages/airflow/example_dags/example_params_ui_tutorial.py
[2025-03-10T14:02:34.550+0600] {logging_mixin.py:190} INFO - [2025-03-10T14:02:34.550+0600] {dag.py:3239} INFO - Sync 1 DAGs
[2025-03-10T14:02:34.565+0600] {logging_mixin.py:190} INFO - [2025-03-10T14:02:34.565+0600] {dag.py:4180} INFO - Setting next_dagrun for example_params_ui_tutorial to None, run_after=None
[2025-03-10T14:02:34.601+0600] {processor.py:208} INFO - Processing /home/shamim/airflow_venv/lib/python3.12/site-packages/airflow/example_dags/example_params_ui_tutorial.py took 0.124 seconds
[2025-03-10T14:04:19.516+0600] {processor.py:186} INFO - Started process (PID=8658) to work on /home/shamim/airflow_venv/lib/python3.12/site-packages/airflow/example_dags/example_params_ui_tutorial.py
[2025-03-10T14:04:19.522+0600] {processor.py:914} INFO - Processing file /home/shamim/airflow_venv/lib/python3.12/site-packages/airflow/example_dags/example_params_ui_tutorial.py for tasks to queue
[2025-03-10T14:04:19.527+0600] {logging_mixin.py:190} INFO - [2025-03-10T14:04:19.526+0600] {dagbag.py:588} INFO - Filling up the DagBag from /home/shamim/airflow_venv/lib/python3.12/site-packages/airflow/example_dags/example_params_ui_tutorial.py
[2025-03-10T14:04:19.551+0600] {processor.py:925} INFO - DAG(s) 'example_params_ui_tutorial' retrieved from /home/shamim/airflow_venv/lib/python3.12/site-packages/airflow/example_dags/example_params_ui_tutorial.py
[2025-03-10T14:04:19.782+0600] {logging_mixin.py:190} INFO - [2025-03-10T14:04:19.781+0600] {dag.py:3239} INFO - Sync 1 DAGs
[2025-03-10T14:04:19.827+0600] {logging_mixin.py:190} INFO - [2025-03-10T14:04:19.827+0600] {dag.py:4180} INFO - Setting next_dagrun for example_params_ui_tutorial to None, run_after=None
[2025-03-10T14:04:19.893+0600] {processor.py:208} INFO - Processing /home/shamim/airflow_venv/lib/python3.12/site-packages/airflow/example_dags/example_params_ui_tutorial.py took 0.388 seconds
[2025-03-10T14:06:14.867+0600] {processor.py:186} INFO - Started process (PID=9871) to work on /home/shamim/airflow_venv/lib/python3.12/site-packages/airflow/example_dags/example_params_ui_tutorial.py
[2025-03-10T14:06:14.871+0600] {processor.py:914} INFO - Processing file /home/shamim/airflow_venv/lib/python3.12/site-packages/airflow/example_dags/example_params_ui_tutorial.py for tasks to queue
[2025-03-10T14:06:14.873+0600] {logging_mixin.py:190} INFO - [2025-03-10T14:06:14.873+0600] {dagbag.py:588} INFO - Filling up the DagBag from /home/shamim/airflow_venv/lib/python3.12/site-packages/airflow/example_dags/example_params_ui_tutorial.py
[2025-03-10T14:06:14.885+0600] {processor.py:925} INFO - DAG(s) 'example_params_ui_tutorial' retrieved from /home/shamim/airflow_venv/lib/python3.12/site-packages/airflow/example_dags/example_params_ui_tutorial.py
[2025-03-10T14:06:14.945+0600] {logging_mixin.py:190} INFO - [2025-03-10T14:06:14.945+0600] {dag.py:3239} INFO - Sync 1 DAGs
[2025-03-10T14:06:14.961+0600] {logging_mixin.py:190} INFO - [2025-03-10T14:06:14.960+0600] {dag.py:4180} INFO - Setting next_dagrun for example_params_ui_tutorial to None, run_after=None
[2025-03-10T14:06:14.984+0600] {processor.py:208} INFO - Processing /home/shamim/airflow_venv/lib/python3.12/site-packages/airflow/example_dags/example_params_ui_tutorial.py took 0.124 seconds
[2025-03-10T14:07:49.691+0600] {processor.py:186} INFO - Started process (PID=10480) to work on /home/shamim/airflow_venv/lib/python3.12/site-packages/airflow/example_dags/example_params_ui_tutorial.py
[2025-03-10T14:07:49.695+0600] {processor.py:914} INFO - Processing file /home/shamim/airflow_venv/lib/python3.12/site-packages/airflow/example_dags/example_params_ui_tutorial.py for tasks to queue
[2025-03-10T14:07:49.699+0600] {logging_mixin.py:190} INFO - [2025-03-10T14:07:49.698+0600] {dagbag.py:588} INFO - Filling up the DagBag from /home/shamim/airflow_venv/lib/python3.12/site-packages/airflow/example_dags/example_params_ui_tutorial.py
[2025-03-10T14:07:49.715+0600] {processor.py:925} INFO - DAG(s) 'example_params_ui_tutorial' retrieved from /home/shamim/airflow_venv/lib/python3.12/site-packages/airflow/example_dags/example_params_ui_tutorial.py
[2025-03-10T14:07:49.765+0600] {logging_mixin.py:190} INFO - [2025-03-10T14:07:49.764+0600] {dag.py:3239} INFO - Sync 1 DAGs
[2025-03-10T14:07:49.779+0600] {logging_mixin.py:190} INFO - [2025-03-10T14:07:49.779+0600] {dag.py:4180} INFO - Setting next_dagrun for example_params_ui_tutorial to None, run_after=None
[2025-03-10T14:07:49.804+0600] {processor.py:208} INFO - Processing /home/shamim/airflow_venv/lib/python3.12/site-packages/airflow/example_dags/example_params_ui_tutorial.py took 0.120 seconds
[2025-03-10T14:09:21.472+0600] {processor.py:186} INFO - Started process (PID=11038) to work on /home/shamim/airflow_venv/lib/python3.12/site-packages/airflow/example_dags/example_params_ui_tutorial.py
[2025-03-10T14:09:21.479+0600] {processor.py:914} INFO - Processing file /home/shamim/airflow_venv/lib/python3.12/site-packages/airflow/example_dags/example_params_ui_tutorial.py for tasks to queue
[2025-03-10T14:09:21.486+0600] {logging_mixin.py:190} INFO - [2025-03-10T14:09:21.485+0600] {dagbag.py:588} INFO - Filling up the DagBag from /home/shamim/airflow_venv/lib/python3.12/site-packages/airflow/example_dags/example_params_ui_tutorial.py
[2025-03-10T14:09:21.510+0600] {processor.py:925} INFO - DAG(s) 'example_params_ui_tutorial' retrieved from /home/shamim/airflow_venv/lib/python3.12/site-packages/airflow/example_dags/example_params_ui_tutorial.py
[2025-03-10T14:09:21.558+0600] {logging_mixin.py:190} INFO - [2025-03-10T14:09:21.558+0600] {dag.py:3239} INFO - Sync 1 DAGs
[2025-03-10T14:09:21.573+0600] {logging_mixin.py:190} INFO - [2025-03-10T14:09:21.573+0600] {dag.py:4180} INFO - Setting next_dagrun for example_params_ui_tutorial to None, run_after=None
[2025-03-10T14:09:21.597+0600] {processor.py:208} INFO - Processing /home/shamim/airflow_venv/lib/python3.12/site-packages/airflow/example_dags/example_params_ui_tutorial.py took 0.132 seconds
[2025-03-10T14:10:46.463+0600] {processor.py:186} INFO - Started process (PID=11518) to work on /home/shamim/airflow_venv/lib/python3.12/site-packages/airflow/example_dags/example_params_ui_tutorial.py
[2025-03-10T14:10:46.467+0600] {processor.py:914} INFO - Processing file /home/shamim/airflow_venv/lib/python3.12/site-packages/airflow/example_dags/example_params_ui_tutorial.py for tasks to queue
[2025-03-10T14:10:46.471+0600] {logging_mixin.py:190} INFO - [2025-03-10T14:10:46.470+0600] {dagbag.py:588} INFO - Filling up the DagBag from /home/shamim/airflow_venv/lib/python3.12/site-packages/airflow/example_dags/example_params_ui_tutorial.py
[2025-03-10T14:10:46.489+0600] {processor.py:925} INFO - DAG(s) 'example_params_ui_tutorial' retrieved from /home/shamim/airflow_venv/lib/python3.12/site-packages/airflow/example_dags/example_params_ui_tutorial.py
[2025-03-10T14:10:46.578+0600] {logging_mixin.py:190} INFO - [2025-03-10T14:10:46.578+0600] {dag.py:3239} INFO - Sync 1 DAGs
[2025-03-10T14:10:46.604+0600] {logging_mixin.py:190} INFO - [2025-03-10T14:10:46.604+0600] {dag.py:4180} INFO - Setting next_dagrun for example_params_ui_tutorial to None, run_after=None
[2025-03-10T14:10:46.637+0600] {processor.py:208} INFO - Processing /home/shamim/airflow_venv/lib/python3.12/site-packages/airflow/example_dags/example_params_ui_tutorial.py took 0.184 seconds
[2025-03-10T14:12:17.569+0600] {processor.py:186} INFO - Started process (PID=12000) to work on /home/shamim/airflow_venv/lib/python3.12/site-packages/airflow/example_dags/example_params_ui_tutorial.py
[2025-03-10T14:12:17.575+0600] {processor.py:914} INFO - Processing file /home/shamim/airflow_venv/lib/python3.12/site-packages/airflow/example_dags/example_params_ui_tutorial.py for tasks to queue
[2025-03-10T14:12:17.578+0600] {logging_mixin.py:190} INFO - [2025-03-10T14:12:17.577+0600] {dagbag.py:588} INFO - Filling up the DagBag from /home/shamim/airflow_venv/lib/python3.12/site-packages/airflow/example_dags/example_params_ui_tutorial.py
[2025-03-10T14:12:17.589+0600] {processor.py:925} INFO - DAG(s) 'example_params_ui_tutorial' retrieved from /home/shamim/airflow_venv/lib/python3.12/site-packages/airflow/example_dags/example_params_ui_tutorial.py
[2025-03-10T14:12:17.636+0600] {logging_mixin.py:190} INFO - [2025-03-10T14:12:17.636+0600] {dag.py:3239} INFO - Sync 1 DAGs
[2025-03-10T14:12:17.651+0600] {logging_mixin.py:190} INFO - [2025-03-10T14:12:17.651+0600] {dag.py:4180} INFO - Setting next_dagrun for example_params_ui_tutorial to None, run_after=None
[2025-03-10T14:12:17.676+0600] {processor.py:208} INFO - Processing /home/shamim/airflow_venv/lib/python3.12/site-packages/airflow/example_dags/example_params_ui_tutorial.py took 0.114 seconds
[2025-03-10T14:13:54.787+0600] {processor.py:186} INFO - Started process (PID=12611) to work on /home/shamim/airflow_venv/lib/python3.12/site-packages/airflow/example_dags/example_params_ui_tutorial.py
[2025-03-10T14:13:54.792+0600] {processor.py:914} INFO - Processing file /home/shamim/airflow_venv/lib/python3.12/site-packages/airflow/example_dags/example_params_ui_tutorial.py for tasks to queue
[2025-03-10T14:13:54.800+0600] {logging_mixin.py:190} INFO - [2025-03-10T14:13:54.798+0600] {dagbag.py:588} INFO - Filling up the DagBag from /home/shamim/airflow_venv/lib/python3.12/site-packages/airflow/example_dags/example_params_ui_tutorial.py
[2025-03-10T14:13:54.825+0600] {processor.py:925} INFO - DAG(s) 'example_params_ui_tutorial' retrieved from /home/shamim/airflow_venv/lib/python3.12/site-packages/airflow/example_dags/example_params_ui_tutorial.py
[2025-03-10T14:13:54.879+0600] {logging_mixin.py:190} INFO - [2025-03-10T14:13:54.879+0600] {dag.py:3239} INFO - Sync 1 DAGs
[2025-03-10T14:13:54.895+0600] {logging_mixin.py:190} INFO - [2025-03-10T14:13:54.895+0600] {dag.py:4180} INFO - Setting next_dagrun for example_params_ui_tutorial to None, run_after=None
[2025-03-10T14:13:54.920+0600] {processor.py:208} INFO - Processing /home/shamim/airflow_venv/lib/python3.12/site-packages/airflow/example_dags/example_params_ui_tutorial.py took 0.158 seconds
[2025-03-10T14:15:13.730+0600] {processor.py:186} INFO - Started process (PID=13157) to work on /home/shamim/airflow_venv/lib/python3.12/site-packages/airflow/example_dags/example_params_ui_tutorial.py
[2025-03-10T14:15:13.736+0600] {processor.py:914} INFO - Processing file /home/shamim/airflow_venv/lib/python3.12/site-packages/airflow/example_dags/example_params_ui_tutorial.py for tasks to queue
[2025-03-10T14:15:13.740+0600] {logging_mixin.py:190} INFO - [2025-03-10T14:15:13.740+0600] {dagbag.py:588} INFO - Filling up the DagBag from /home/shamim/airflow_venv/lib/python3.12/site-packages/airflow/example_dags/example_params_ui_tutorial.py
[2025-03-10T14:15:13.756+0600] {processor.py:925} INFO - DAG(s) 'example_params_ui_tutorial' retrieved from /home/shamim/airflow_venv/lib/python3.12/site-packages/airflow/example_dags/example_params_ui_tutorial.py
[2025-03-10T14:15:13.840+0600] {logging_mixin.py:190} INFO - [2025-03-10T14:15:13.839+0600] {dag.py:3239} INFO - Sync 1 DAGs
[2025-03-10T14:15:13.863+0600] {logging_mixin.py:190} INFO - [2025-03-10T14:15:13.863+0600] {dag.py:4180} INFO - Setting next_dagrun for example_params_ui_tutorial to None, run_after=None
[2025-03-10T14:15:13.892+0600] {processor.py:208} INFO - Processing /home/shamim/airflow_venv/lib/python3.12/site-packages/airflow/example_dags/example_params_ui_tutorial.py took 0.171 seconds
[2025-03-10T14:16:50.554+0600] {processor.py:186} INFO - Started process (PID=13726) to work on /home/shamim/airflow_venv/lib/python3.12/site-packages/airflow/example_dags/example_params_ui_tutorial.py
[2025-03-10T14:16:50.560+0600] {processor.py:914} INFO - Processing file /home/shamim/airflow_venv/lib/python3.12/site-packages/airflow/example_dags/example_params_ui_tutorial.py for tasks to queue
[2025-03-10T14:16:50.563+0600] {logging_mixin.py:190} INFO - [2025-03-10T14:16:50.563+0600] {dagbag.py:588} INFO - Filling up the DagBag from /home/shamim/airflow_venv/lib/python3.12/site-packages/airflow/example_dags/example_params_ui_tutorial.py
[2025-03-10T14:16:50.575+0600] {processor.py:925} INFO - DAG(s) 'example_params_ui_tutorial' retrieved from /home/shamim/airflow_venv/lib/python3.12/site-packages/airflow/example_dags/example_params_ui_tutorial.py
[2025-03-10T14:16:50.632+0600] {logging_mixin.py:190} INFO - [2025-03-10T14:16:50.632+0600] {dag.py:3239} INFO - Sync 1 DAGs
[2025-03-10T14:16:50.650+0600] {logging_mixin.py:190} INFO - [2025-03-10T14:16:50.650+0600] {dag.py:4180} INFO - Setting next_dagrun for example_params_ui_tutorial to None, run_after=None
[2025-03-10T14:16:50.688+0600] {processor.py:208} INFO - Processing /home/shamim/airflow_venv/lib/python3.12/site-packages/airflow/example_dags/example_params_ui_tutorial.py took 0.141 seconds
[2025-03-10T14:18:22.233+0600] {processor.py:186} INFO - Started process (PID=14323) to work on /home/shamim/airflow_venv/lib/python3.12/site-packages/airflow/example_dags/example_params_ui_tutorial.py
[2025-03-10T14:18:22.239+0600] {processor.py:914} INFO - Processing file /home/shamim/airflow_venv/lib/python3.12/site-packages/airflow/example_dags/example_params_ui_tutorial.py for tasks to queue
[2025-03-10T14:18:22.242+0600] {logging_mixin.py:190} INFO - [2025-03-10T14:18:22.241+0600] {dagbag.py:588} INFO - Filling up the DagBag from /home/shamim/airflow_venv/lib/python3.12/site-packages/airflow/example_dags/example_params_ui_tutorial.py
[2025-03-10T14:18:22.252+0600] {processor.py:925} INFO - DAG(s) 'example_params_ui_tutorial' retrieved from /home/shamim/airflow_venv/lib/python3.12/site-packages/airflow/example_dags/example_params_ui_tutorial.py
[2025-03-10T14:18:22.300+0600] {logging_mixin.py:190} INFO - [2025-03-10T14:18:22.299+0600] {dag.py:3239} INFO - Sync 1 DAGs
[2025-03-10T14:18:22.315+0600] {logging_mixin.py:190} INFO - [2025-03-10T14:18:22.314+0600] {dag.py:4180} INFO - Setting next_dagrun for example_params_ui_tutorial to None, run_after=None
[2025-03-10T14:18:22.350+0600] {processor.py:208} INFO - Processing /home/shamim/airflow_venv/lib/python3.12/site-packages/airflow/example_dags/example_params_ui_tutorial.py took 0.124 seconds
[2025-03-10T14:19:46.865+0600] {processor.py:186} INFO - Started process (PID=14875) to work on /home/shamim/airflow_venv/lib/python3.12/site-packages/airflow/example_dags/example_params_ui_tutorial.py
[2025-03-10T14:19:46.873+0600] {processor.py:914} INFO - Processing file /home/shamim/airflow_venv/lib/python3.12/site-packages/airflow/example_dags/example_params_ui_tutorial.py for tasks to queue
[2025-03-10T14:19:46.877+0600] {logging_mixin.py:190} INFO - [2025-03-10T14:19:46.876+0600] {dagbag.py:588} INFO - Filling up the DagBag from /home/shamim/airflow_venv/lib/python3.12/site-packages/airflow/example_dags/example_params_ui_tutorial.py
[2025-03-10T14:19:46.891+0600] {processor.py:925} INFO - DAG(s) 'example_params_ui_tutorial' retrieved from /home/shamim/airflow_venv/lib/python3.12/site-packages/airflow/example_dags/example_params_ui_tutorial.py
[2025-03-10T14:19:46.939+0600] {logging_mixin.py:190} INFO - [2025-03-10T14:19:46.938+0600] {dag.py:3239} INFO - Sync 1 DAGs
[2025-03-10T14:19:46.954+0600] {logging_mixin.py:190} INFO - [2025-03-10T14:19:46.954+0600] {dag.py:4180} INFO - Setting next_dagrun for example_params_ui_tutorial to None, run_after=None
[2025-03-10T14:19:46.982+0600] {processor.py:208} INFO - Processing /home/shamim/airflow_venv/lib/python3.12/site-packages/airflow/example_dags/example_params_ui_tutorial.py took 0.136 seconds
[2025-03-10T14:21:11.194+0600] {processor.py:186} INFO - Started process (PID=15428) to work on /home/shamim/airflow_venv/lib/python3.12/site-packages/airflow/example_dags/example_params_ui_tutorial.py
[2025-03-10T14:21:11.201+0600] {processor.py:914} INFO - Processing file /home/shamim/airflow_venv/lib/python3.12/site-packages/airflow/example_dags/example_params_ui_tutorial.py for tasks to queue
[2025-03-10T14:21:11.204+0600] {logging_mixin.py:190} INFO - [2025-03-10T14:21:11.204+0600] {dagbag.py:588} INFO - Filling up the DagBag from /home/shamim/airflow_venv/lib/python3.12/site-packages/airflow/example_dags/example_params_ui_tutorial.py
[2025-03-10T14:21:11.220+0600] {processor.py:925} INFO - DAG(s) 'example_params_ui_tutorial' retrieved from /home/shamim/airflow_venv/lib/python3.12/site-packages/airflow/example_dags/example_params_ui_tutorial.py
[2025-03-10T14:21:11.298+0600] {logging_mixin.py:190} INFO - [2025-03-10T14:21:11.298+0600] {dag.py:3239} INFO - Sync 1 DAGs
[2025-03-10T14:21:11.323+0600] {logging_mixin.py:190} INFO - [2025-03-10T14:21:11.322+0600] {dag.py:4180} INFO - Setting next_dagrun for example_params_ui_tutorial to None, run_after=None
[2025-03-10T14:21:11.357+0600] {processor.py:208} INFO - Processing /home/shamim/airflow_venv/lib/python3.12/site-packages/airflow/example_dags/example_params_ui_tutorial.py took 0.174 seconds
[2025-03-10T14:22:41.038+0600] {processor.py:186} INFO - Started process (PID=16022) to work on /home/shamim/airflow_venv/lib/python3.12/site-packages/airflow/example_dags/example_params_ui_tutorial.py
[2025-03-10T14:22:41.044+0600] {processor.py:914} INFO - Processing file /home/shamim/airflow_venv/lib/python3.12/site-packages/airflow/example_dags/example_params_ui_tutorial.py for tasks to queue
[2025-03-10T14:22:41.046+0600] {logging_mixin.py:190} INFO - [2025-03-10T14:22:41.046+0600] {dagbag.py:588} INFO - Filling up the DagBag from /home/shamim/airflow_venv/lib/python3.12/site-packages/airflow/example_dags/example_params_ui_tutorial.py
[2025-03-10T14:22:41.057+0600] {processor.py:925} INFO - DAG(s) 'example_params_ui_tutorial' retrieved from /home/shamim/airflow_venv/lib/python3.12/site-packages/airflow/example_dags/example_params_ui_tutorial.py
[2025-03-10T14:22:41.106+0600] {logging_mixin.py:190} INFO - [2025-03-10T14:22:41.106+0600] {dag.py:3239} INFO - Sync 1 DAGs
[2025-03-10T14:22:41.121+0600] {logging_mixin.py:190} INFO - [2025-03-10T14:22:41.121+0600] {dag.py:4180} INFO - Setting next_dagrun for example_params_ui_tutorial to None, run_after=None
[2025-03-10T14:22:41.146+0600] {processor.py:208} INFO - Processing /home/shamim/airflow_venv/lib/python3.12/site-packages/airflow/example_dags/example_params_ui_tutorial.py took 0.115 seconds
[2025-03-10T14:24:08.702+0600] {processor.py:186} INFO - Started process (PID=16635) to work on /home/shamim/airflow_venv/lib/python3.12/site-packages/airflow/example_dags/example_params_ui_tutorial.py
[2025-03-10T14:24:08.708+0600] {processor.py:914} INFO - Processing file /home/shamim/airflow_venv/lib/python3.12/site-packages/airflow/example_dags/example_params_ui_tutorial.py for tasks to queue
[2025-03-10T14:24:08.710+0600] {logging_mixin.py:190} INFO - [2025-03-10T14:24:08.710+0600] {dagbag.py:588} INFO - Filling up the DagBag from /home/shamim/airflow_venv/lib/python3.12/site-packages/airflow/example_dags/example_params_ui_tutorial.py
[2025-03-10T14:24:08.721+0600] {processor.py:925} INFO - DAG(s) 'example_params_ui_tutorial' retrieved from /home/shamim/airflow_venv/lib/python3.12/site-packages/airflow/example_dags/example_params_ui_tutorial.py
[2025-03-10T14:24:08.769+0600] {logging_mixin.py:190} INFO - [2025-03-10T14:24:08.768+0600] {dag.py:3239} INFO - Sync 1 DAGs
[2025-03-10T14:24:08.786+0600] {logging_mixin.py:190} INFO - [2025-03-10T14:24:08.786+0600] {dag.py:4180} INFO - Setting next_dagrun for example_params_ui_tutorial to None, run_after=None
[2025-03-10T14:24:08.810+0600] {processor.py:208} INFO - Processing /home/shamim/airflow_venv/lib/python3.12/site-packages/airflow/example_dags/example_params_ui_tutorial.py took 0.115 seconds
[2025-03-10T14:25:35.948+0600] {processor.py:186} INFO - Started process (PID=17324) to work on /home/shamim/airflow_venv/lib/python3.12/site-packages/airflow/example_dags/example_params_ui_tutorial.py
[2025-03-10T14:25:35.955+0600] {processor.py:914} INFO - Processing file /home/shamim/airflow_venv/lib/python3.12/site-packages/airflow/example_dags/example_params_ui_tutorial.py for tasks to queue
[2025-03-10T14:25:35.958+0600] {logging_mixin.py:190} INFO - [2025-03-10T14:25:35.957+0600] {dagbag.py:588} INFO - Filling up the DagBag from /home/shamim/airflow_venv/lib/python3.12/site-packages/airflow/example_dags/example_params_ui_tutorial.py
[2025-03-10T14:25:35.970+0600] {processor.py:925} INFO - DAG(s) 'example_params_ui_tutorial' retrieved from /home/shamim/airflow_venv/lib/python3.12/site-packages/airflow/example_dags/example_params_ui_tutorial.py
[2025-03-10T14:25:36.018+0600] {logging_mixin.py:190} INFO - [2025-03-10T14:25:36.018+0600] {dag.py:3239} INFO - Sync 1 DAGs
[2025-03-10T14:25:36.033+0600] {logging_mixin.py:190} INFO - [2025-03-10T14:25:36.033+0600] {dag.py:4180} INFO - Setting next_dagrun for example_params_ui_tutorial to None, run_after=None
[2025-03-10T14:25:36.058+0600] {processor.py:208} INFO - Processing /home/shamim/airflow_venv/lib/python3.12/site-packages/airflow/example_dags/example_params_ui_tutorial.py took 0.118 seconds
[2025-03-10T14:27:09.591+0600] {processor.py:186} INFO - Started process (PID=17912) to work on /home/shamim/airflow_venv/lib/python3.12/site-packages/airflow/example_dags/example_params_ui_tutorial.py
[2025-03-10T14:27:09.598+0600] {processor.py:914} INFO - Processing file /home/shamim/airflow_venv/lib/python3.12/site-packages/airflow/example_dags/example_params_ui_tutorial.py for tasks to queue
[2025-03-10T14:27:09.601+0600] {logging_mixin.py:190} INFO - [2025-03-10T14:27:09.600+0600] {dagbag.py:588} INFO - Filling up the DagBag from /home/shamim/airflow_venv/lib/python3.12/site-packages/airflow/example_dags/example_params_ui_tutorial.py
[2025-03-10T14:27:09.612+0600] {processor.py:925} INFO - DAG(s) 'example_params_ui_tutorial' retrieved from /home/shamim/airflow_venv/lib/python3.12/site-packages/airflow/example_dags/example_params_ui_tutorial.py
[2025-03-10T14:27:09.659+0600] {logging_mixin.py:190} INFO - [2025-03-10T14:27:09.658+0600] {dag.py:3239} INFO - Sync 1 DAGs
[2025-03-10T14:27:09.674+0600] {logging_mixin.py:190} INFO - [2025-03-10T14:27:09.673+0600] {dag.py:4180} INFO - Setting next_dagrun for example_params_ui_tutorial to None, run_after=None
[2025-03-10T14:27:09.699+0600] {processor.py:208} INFO - Processing /home/shamim/airflow_venv/lib/python3.12/site-packages/airflow/example_dags/example_params_ui_tutorial.py took 0.115 seconds
[2025-03-10T14:28:32.276+0600] {processor.py:186} INFO - Started process (PID=18469) to work on /home/shamim/airflow_venv/lib/python3.12/site-packages/airflow/example_dags/example_params_ui_tutorial.py
[2025-03-10T14:28:32.283+0600] {processor.py:914} INFO - Processing file /home/shamim/airflow_venv/lib/python3.12/site-packages/airflow/example_dags/example_params_ui_tutorial.py for tasks to queue
[2025-03-10T14:28:32.285+0600] {logging_mixin.py:190} INFO - [2025-03-10T14:28:32.284+0600] {dagbag.py:588} INFO - Filling up the DagBag from /home/shamim/airflow_venv/lib/python3.12/site-packages/airflow/example_dags/example_params_ui_tutorial.py
[2025-03-10T14:28:32.300+0600] {processor.py:925} INFO - DAG(s) 'example_params_ui_tutorial' retrieved from /home/shamim/airflow_venv/lib/python3.12/site-packages/airflow/example_dags/example_params_ui_tutorial.py
[2025-03-10T14:28:32.359+0600] {logging_mixin.py:190} INFO - [2025-03-10T14:28:32.359+0600] {dag.py:3239} INFO - Sync 1 DAGs
[2025-03-10T14:28:32.377+0600] {logging_mixin.py:190} INFO - [2025-03-10T14:28:32.377+0600] {dag.py:4180} INFO - Setting next_dagrun for example_params_ui_tutorial to None, run_after=None
[2025-03-10T14:28:32.415+0600] {processor.py:208} INFO - Processing /home/shamim/airflow_venv/lib/python3.12/site-packages/airflow/example_dags/example_params_ui_tutorial.py took 0.149 seconds
[2025-03-10T14:30:06.382+0600] {processor.py:186} INFO - Started process (PID=19099) to work on /home/shamim/airflow_venv/lib/python3.12/site-packages/airflow/example_dags/example_params_ui_tutorial.py
[2025-03-10T14:30:06.384+0600] {processor.py:914} INFO - Processing file /home/shamim/airflow_venv/lib/python3.12/site-packages/airflow/example_dags/example_params_ui_tutorial.py for tasks to queue
[2025-03-10T14:30:06.391+0600] {logging_mixin.py:190} INFO - [2025-03-10T14:30:06.390+0600] {dagbag.py:588} INFO - Filling up the DagBag from /home/shamim/airflow_venv/lib/python3.12/site-packages/airflow/example_dags/example_params_ui_tutorial.py
[2025-03-10T14:30:06.424+0600] {processor.py:925} INFO - DAG(s) 'example_params_ui_tutorial' retrieved from /home/shamim/airflow_venv/lib/python3.12/site-packages/airflow/example_dags/example_params_ui_tutorial.py
[2025-03-10T14:30:06.559+0600] {logging_mixin.py:190} INFO - [2025-03-10T14:30:06.558+0600] {dag.py:3239} INFO - Sync 1 DAGs
[2025-03-10T14:30:06.591+0600] {logging_mixin.py:190} INFO - [2025-03-10T14:30:06.590+0600] {dag.py:4180} INFO - Setting next_dagrun for example_params_ui_tutorial to None, run_after=None
[2025-03-10T14:30:06.654+0600] {processor.py:208} INFO - Processing /home/shamim/airflow_venv/lib/python3.12/site-packages/airflow/example_dags/example_params_ui_tutorial.py took 0.283 seconds
[2025-03-10T14:31:43.018+0600] {processor.py:186} INFO - Started process (PID=19667) to work on /home/shamim/airflow_venv/lib/python3.12/site-packages/airflow/example_dags/example_params_ui_tutorial.py
[2025-03-10T14:31:43.024+0600] {processor.py:914} INFO - Processing file /home/shamim/airflow_venv/lib/python3.12/site-packages/airflow/example_dags/example_params_ui_tutorial.py for tasks to queue
[2025-03-10T14:31:43.027+0600] {logging_mixin.py:190} INFO - [2025-03-10T14:31:43.026+0600] {dagbag.py:588} INFO - Filling up the DagBag from /home/shamim/airflow_venv/lib/python3.12/site-packages/airflow/example_dags/example_params_ui_tutorial.py
[2025-03-10T14:31:43.039+0600] {processor.py:925} INFO - DAG(s) 'example_params_ui_tutorial' retrieved from /home/shamim/airflow_venv/lib/python3.12/site-packages/airflow/example_dags/example_params_ui_tutorial.py
[2025-03-10T14:31:43.092+0600] {logging_mixin.py:190} INFO - [2025-03-10T14:31:43.092+0600] {dag.py:3239} INFO - Sync 1 DAGs
[2025-03-10T14:31:43.111+0600] {logging_mixin.py:190} INFO - [2025-03-10T14:31:43.111+0600] {dag.py:4180} INFO - Setting next_dagrun for example_params_ui_tutorial to None, run_after=None
[2025-03-10T14:31:43.147+0600] {processor.py:208} INFO - Processing /home/shamim/airflow_venv/lib/python3.12/site-packages/airflow/example_dags/example_params_ui_tutorial.py took 0.138 seconds
[2025-03-10T14:33:17.975+0600] {processor.py:186} INFO - Started process (PID=20558) to work on /home/shamim/airflow_venv/lib/python3.12/site-packages/airflow/example_dags/example_params_ui_tutorial.py
[2025-03-10T14:33:17.982+0600] {processor.py:914} INFO - Processing file /home/shamim/airflow_venv/lib/python3.12/site-packages/airflow/example_dags/example_params_ui_tutorial.py for tasks to queue
[2025-03-10T14:33:17.984+0600] {logging_mixin.py:190} INFO - [2025-03-10T14:33:17.984+0600] {dagbag.py:588} INFO - Filling up the DagBag from /home/shamim/airflow_venv/lib/python3.12/site-packages/airflow/example_dags/example_params_ui_tutorial.py
[2025-03-10T14:33:17.996+0600] {processor.py:925} INFO - DAG(s) 'example_params_ui_tutorial' retrieved from /home/shamim/airflow_venv/lib/python3.12/site-packages/airflow/example_dags/example_params_ui_tutorial.py
[2025-03-10T14:33:18.051+0600] {logging_mixin.py:190} INFO - [2025-03-10T14:33:18.051+0600] {dag.py:3239} INFO - Sync 1 DAGs
[2025-03-10T14:33:18.068+0600] {logging_mixin.py:190} INFO - [2025-03-10T14:33:18.068+0600] {dag.py:4180} INFO - Setting next_dagrun for example_params_ui_tutorial to None, run_after=None
[2025-03-10T14:33:18.094+0600] {processor.py:208} INFO - Processing /home/shamim/airflow_venv/lib/python3.12/site-packages/airflow/example_dags/example_params_ui_tutorial.py took 0.126 seconds
[2025-03-10T14:34:44.058+0600] {processor.py:186} INFO - Started process (PID=21760) to work on /home/shamim/airflow_venv/lib/python3.12/site-packages/airflow/example_dags/example_params_ui_tutorial.py
[2025-03-10T14:34:44.064+0600] {processor.py:914} INFO - Processing file /home/shamim/airflow_venv/lib/python3.12/site-packages/airflow/example_dags/example_params_ui_tutorial.py for tasks to queue
[2025-03-10T14:34:44.067+0600] {logging_mixin.py:190} INFO - [2025-03-10T14:34:44.066+0600] {dagbag.py:588} INFO - Filling up the DagBag from /home/shamim/airflow_venv/lib/python3.12/site-packages/airflow/example_dags/example_params_ui_tutorial.py
[2025-03-10T14:34:44.082+0600] {processor.py:925} INFO - DAG(s) 'example_params_ui_tutorial' retrieved from /home/shamim/airflow_venv/lib/python3.12/site-packages/airflow/example_dags/example_params_ui_tutorial.py
[2025-03-10T14:34:44.167+0600] {logging_mixin.py:190} INFO - [2025-03-10T14:34:44.166+0600] {dag.py:3239} INFO - Sync 1 DAGs
[2025-03-10T14:34:44.189+0600] {logging_mixin.py:190} INFO - [2025-03-10T14:34:44.189+0600] {dag.py:4180} INFO - Setting next_dagrun for example_params_ui_tutorial to None, run_after=None
[2025-03-10T14:34:44.229+0600] {processor.py:208} INFO - Processing /home/shamim/airflow_venv/lib/python3.12/site-packages/airflow/example_dags/example_params_ui_tutorial.py took 0.182 seconds
[2025-03-10T14:36:09.621+0600] {processor.py:186} INFO - Started process (PID=22984) to work on /home/shamim/airflow_venv/lib/python3.12/site-packages/airflow/example_dags/example_params_ui_tutorial.py
[2025-03-10T14:36:09.624+0600] {processor.py:914} INFO - Processing file /home/shamim/airflow_venv/lib/python3.12/site-packages/airflow/example_dags/example_params_ui_tutorial.py for tasks to queue
[2025-03-10T14:36:09.627+0600] {logging_mixin.py:190} INFO - [2025-03-10T14:36:09.626+0600] {dagbag.py:588} INFO - Filling up the DagBag from /home/shamim/airflow_venv/lib/python3.12/site-packages/airflow/example_dags/example_params_ui_tutorial.py
[2025-03-10T14:36:09.638+0600] {processor.py:925} INFO - DAG(s) 'example_params_ui_tutorial' retrieved from /home/shamim/airflow_venv/lib/python3.12/site-packages/airflow/example_dags/example_params_ui_tutorial.py
[2025-03-10T14:36:09.686+0600] {logging_mixin.py:190} INFO - [2025-03-10T14:36:09.686+0600] {dag.py:3239} INFO - Sync 1 DAGs
[2025-03-10T14:36:09.701+0600] {logging_mixin.py:190} INFO - [2025-03-10T14:36:09.701+0600] {dag.py:4180} INFO - Setting next_dagrun for example_params_ui_tutorial to None, run_after=None
[2025-03-10T14:36:09.723+0600] {processor.py:208} INFO - Processing /home/shamim/airflow_venv/lib/python3.12/site-packages/airflow/example_dags/example_params_ui_tutorial.py took 0.110 seconds
[2025-03-10T14:37:25.853+0600] {processor.py:186} INFO - Started process (PID=23989) to work on /home/shamim/airflow_venv/lib/python3.12/site-packages/airflow/example_dags/example_params_ui_tutorial.py
[2025-03-10T14:37:25.857+0600] {processor.py:914} INFO - Processing file /home/shamim/airflow_venv/lib/python3.12/site-packages/airflow/example_dags/example_params_ui_tutorial.py for tasks to queue
[2025-03-10T14:37:25.859+0600] {logging_mixin.py:190} INFO - [2025-03-10T14:37:25.859+0600] {dagbag.py:588} INFO - Filling up the DagBag from /home/shamim/airflow_venv/lib/python3.12/site-packages/airflow/example_dags/example_params_ui_tutorial.py
[2025-03-10T14:37:25.870+0600] {processor.py:925} INFO - DAG(s) 'example_params_ui_tutorial' retrieved from /home/shamim/airflow_venv/lib/python3.12/site-packages/airflow/example_dags/example_params_ui_tutorial.py
[2025-03-10T14:37:25.919+0600] {logging_mixin.py:190} INFO - [2025-03-10T14:37:25.919+0600] {dag.py:3239} INFO - Sync 1 DAGs
[2025-03-10T14:37:25.935+0600] {logging_mixin.py:190} INFO - [2025-03-10T14:37:25.935+0600] {dag.py:4180} INFO - Setting next_dagrun for example_params_ui_tutorial to None, run_after=None
[2025-03-10T14:37:25.957+0600] {processor.py:208} INFO - Processing /home/shamim/airflow_venv/lib/python3.12/site-packages/airflow/example_dags/example_params_ui_tutorial.py took 0.111 seconds
[2025-03-10T14:38:45.112+0600] {processor.py:186} INFO - Started process (PID=24514) to work on /home/shamim/airflow_venv/lib/python3.12/site-packages/airflow/example_dags/example_params_ui_tutorial.py
[2025-03-10T14:38:45.116+0600] {processor.py:914} INFO - Processing file /home/shamim/airflow_venv/lib/python3.12/site-packages/airflow/example_dags/example_params_ui_tutorial.py for tasks to queue
[2025-03-10T14:38:45.119+0600] {logging_mixin.py:190} INFO - [2025-03-10T14:38:45.118+0600] {dagbag.py:588} INFO - Filling up the DagBag from /home/shamim/airflow_venv/lib/python3.12/site-packages/airflow/example_dags/example_params_ui_tutorial.py
[2025-03-10T14:38:45.136+0600] {processor.py:925} INFO - DAG(s) 'example_params_ui_tutorial' retrieved from /home/shamim/airflow_venv/lib/python3.12/site-packages/airflow/example_dags/example_params_ui_tutorial.py
[2025-03-10T14:38:45.213+0600] {logging_mixin.py:190} INFO - [2025-03-10T14:38:45.212+0600] {dag.py:3239} INFO - Sync 1 DAGs
[2025-03-10T14:38:45.239+0600] {logging_mixin.py:190} INFO - [2025-03-10T14:38:45.238+0600] {dag.py:4180} INFO - Setting next_dagrun for example_params_ui_tutorial to None, run_after=None
[2025-03-10T14:38:45.278+0600] {processor.py:208} INFO - Processing /home/shamim/airflow_venv/lib/python3.12/site-packages/airflow/example_dags/example_params_ui_tutorial.py took 0.178 seconds
[2025-03-10T14:40:02.774+0600] {processor.py:186} INFO - Started process (PID=25765) to work on /home/shamim/airflow_venv/lib/python3.12/site-packages/airflow/example_dags/example_params_ui_tutorial.py
[2025-03-10T14:40:02.780+0600] {processor.py:914} INFO - Processing file /home/shamim/airflow_venv/lib/python3.12/site-packages/airflow/example_dags/example_params_ui_tutorial.py for tasks to queue
[2025-03-10T14:40:02.783+0600] {logging_mixin.py:190} INFO - [2025-03-10T14:40:02.782+0600] {dagbag.py:588} INFO - Filling up the DagBag from /home/shamim/airflow_venv/lib/python3.12/site-packages/airflow/example_dags/example_params_ui_tutorial.py
[2025-03-10T14:40:02.793+0600] {processor.py:925} INFO - DAG(s) 'example_params_ui_tutorial' retrieved from /home/shamim/airflow_venv/lib/python3.12/site-packages/airflow/example_dags/example_params_ui_tutorial.py
[2025-03-10T14:40:02.843+0600] {logging_mixin.py:190} INFO - [2025-03-10T14:40:02.842+0600] {dag.py:3239} INFO - Sync 1 DAGs
[2025-03-10T14:40:02.858+0600] {logging_mixin.py:190} INFO - [2025-03-10T14:40:02.858+0600] {dag.py:4180} INFO - Setting next_dagrun for example_params_ui_tutorial to None, run_after=None
[2025-03-10T14:40:02.882+0600] {processor.py:208} INFO - Processing /home/shamim/airflow_venv/lib/python3.12/site-packages/airflow/example_dags/example_params_ui_tutorial.py took 0.115 seconds
[2025-03-10T14:41:32.684+0600] {processor.py:186} INFO - Started process (PID=26687) to work on /home/shamim/airflow_venv/lib/python3.12/site-packages/airflow/example_dags/example_params_ui_tutorial.py
[2025-03-10T14:41:32.687+0600] {processor.py:914} INFO - Processing file /home/shamim/airflow_venv/lib/python3.12/site-packages/airflow/example_dags/example_params_ui_tutorial.py for tasks to queue
[2025-03-10T14:41:32.690+0600] {logging_mixin.py:190} INFO - [2025-03-10T14:41:32.690+0600] {dagbag.py:588} INFO - Filling up the DagBag from /home/shamim/airflow_venv/lib/python3.12/site-packages/airflow/example_dags/example_params_ui_tutorial.py
[2025-03-10T14:41:32.703+0600] {processor.py:925} INFO - DAG(s) 'example_params_ui_tutorial' retrieved from /home/shamim/airflow_venv/lib/python3.12/site-packages/airflow/example_dags/example_params_ui_tutorial.py
[2025-03-10T14:41:32.757+0600] {logging_mixin.py:190} INFO - [2025-03-10T14:41:32.756+0600] {dag.py:3239} INFO - Sync 1 DAGs
[2025-03-10T14:41:32.773+0600] {logging_mixin.py:190} INFO - [2025-03-10T14:41:32.773+0600] {dag.py:4180} INFO - Setting next_dagrun for example_params_ui_tutorial to None, run_after=None
[2025-03-10T14:41:32.798+0600] {processor.py:208} INFO - Processing /home/shamim/airflow_venv/lib/python3.12/site-packages/airflow/example_dags/example_params_ui_tutorial.py took 0.121 seconds
[2025-03-10T14:42:59.120+0600] {processor.py:186} INFO - Started process (PID=27681) to work on /home/shamim/airflow_venv/lib/python3.12/site-packages/airflow/example_dags/example_params_ui_tutorial.py
[2025-03-10T14:42:59.126+0600] {processor.py:914} INFO - Processing file /home/shamim/airflow_venv/lib/python3.12/site-packages/airflow/example_dags/example_params_ui_tutorial.py for tasks to queue
[2025-03-10T14:42:59.129+0600] {logging_mixin.py:190} INFO - [2025-03-10T14:42:59.129+0600] {dagbag.py:588} INFO - Filling up the DagBag from /home/shamim/airflow_venv/lib/python3.12/site-packages/airflow/example_dags/example_params_ui_tutorial.py
[2025-03-10T14:42:59.144+0600] {processor.py:925} INFO - DAG(s) 'example_params_ui_tutorial' retrieved from /home/shamim/airflow_venv/lib/python3.12/site-packages/airflow/example_dags/example_params_ui_tutorial.py
[2025-03-10T14:42:59.205+0600] {logging_mixin.py:190} INFO - [2025-03-10T14:42:59.204+0600] {dag.py:3239} INFO - Sync 1 DAGs
[2025-03-10T14:42:59.220+0600] {logging_mixin.py:190} INFO - [2025-03-10T14:42:59.220+0600] {dag.py:4180} INFO - Setting next_dagrun for example_params_ui_tutorial to None, run_after=None
[2025-03-10T14:42:59.246+0600] {processor.py:208} INFO - Processing /home/shamim/airflow_venv/lib/python3.12/site-packages/airflow/example_dags/example_params_ui_tutorial.py took 0.135 seconds
[2025-03-10T14:44:37.815+0600] {processor.py:186} INFO - Started process (PID=28680) to work on /home/shamim/airflow_venv/lib/python3.12/site-packages/airflow/example_dags/example_params_ui_tutorial.py
[2025-03-10T14:44:37.822+0600] {processor.py:914} INFO - Processing file /home/shamim/airflow_venv/lib/python3.12/site-packages/airflow/example_dags/example_params_ui_tutorial.py for tasks to queue
[2025-03-10T14:44:37.825+0600] {logging_mixin.py:190} INFO - [2025-03-10T14:44:37.824+0600] {dagbag.py:588} INFO - Filling up the DagBag from /home/shamim/airflow_venv/lib/python3.12/site-packages/airflow/example_dags/example_params_ui_tutorial.py
[2025-03-10T14:44:37.837+0600] {processor.py:925} INFO - DAG(s) 'example_params_ui_tutorial' retrieved from /home/shamim/airflow_venv/lib/python3.12/site-packages/airflow/example_dags/example_params_ui_tutorial.py
[2025-03-10T14:44:37.898+0600] {logging_mixin.py:190} INFO - [2025-03-10T14:44:37.898+0600] {dag.py:3239} INFO - Sync 1 DAGs
[2025-03-10T14:44:37.922+0600] {logging_mixin.py:190} INFO - [2025-03-10T14:44:37.921+0600] {dag.py:4180} INFO - Setting next_dagrun for example_params_ui_tutorial to None, run_after=None
[2025-03-10T14:44:37.958+0600] {processor.py:208} INFO - Processing /home/shamim/airflow_venv/lib/python3.12/site-packages/airflow/example_dags/example_params_ui_tutorial.py took 0.153 seconds
[2025-03-10T14:46:02.208+0600] {processor.py:186} INFO - Started process (PID=29218) to work on /home/shamim/airflow_venv/lib/python3.12/site-packages/airflow/example_dags/example_params_ui_tutorial.py
[2025-03-10T14:46:02.210+0600] {processor.py:914} INFO - Processing file /home/shamim/airflow_venv/lib/python3.12/site-packages/airflow/example_dags/example_params_ui_tutorial.py for tasks to queue
[2025-03-10T14:46:02.214+0600] {logging_mixin.py:190} INFO - [2025-03-10T14:46:02.213+0600] {dagbag.py:588} INFO - Filling up the DagBag from /home/shamim/airflow_venv/lib/python3.12/site-packages/airflow/example_dags/example_params_ui_tutorial.py
[2025-03-10T14:46:02.232+0600] {processor.py:925} INFO - DAG(s) 'example_params_ui_tutorial' retrieved from /home/shamim/airflow_venv/lib/python3.12/site-packages/airflow/example_dags/example_params_ui_tutorial.py
[2025-03-10T14:46:02.321+0600] {logging_mixin.py:190} INFO - [2025-03-10T14:46:02.321+0600] {dag.py:3239} INFO - Sync 1 DAGs
[2025-03-10T14:46:02.344+0600] {logging_mixin.py:190} INFO - [2025-03-10T14:46:02.344+0600] {dag.py:4180} INFO - Setting next_dagrun for example_params_ui_tutorial to None, run_after=None
[2025-03-10T14:46:02.376+0600] {processor.py:208} INFO - Processing /home/shamim/airflow_venv/lib/python3.12/site-packages/airflow/example_dags/example_params_ui_tutorial.py took 0.176 seconds
[2025-03-10T14:47:30.956+0600] {processor.py:186} INFO - Started process (PID=29852) to work on /home/shamim/airflow_venv/lib/python3.12/site-packages/airflow/example_dags/example_params_ui_tutorial.py
[2025-03-10T14:47:30.962+0600] {processor.py:914} INFO - Processing file /home/shamim/airflow_venv/lib/python3.12/site-packages/airflow/example_dags/example_params_ui_tutorial.py for tasks to queue
[2025-03-10T14:47:30.965+0600] {logging_mixin.py:190} INFO - [2025-03-10T14:47:30.964+0600] {dagbag.py:588} INFO - Filling up the DagBag from /home/shamim/airflow_venv/lib/python3.12/site-packages/airflow/example_dags/example_params_ui_tutorial.py
[2025-03-10T14:47:30.978+0600] {processor.py:925} INFO - DAG(s) 'example_params_ui_tutorial' retrieved from /home/shamim/airflow_venv/lib/python3.12/site-packages/airflow/example_dags/example_params_ui_tutorial.py
[2025-03-10T14:47:31.064+0600] {logging_mixin.py:190} INFO - [2025-03-10T14:47:31.064+0600] {dag.py:3239} INFO - Sync 1 DAGs
[2025-03-10T14:47:31.087+0600] {logging_mixin.py:190} INFO - [2025-03-10T14:47:31.086+0600] {dag.py:4180} INFO - Setting next_dagrun for example_params_ui_tutorial to None, run_after=None
[2025-03-10T14:47:31.132+0600] {processor.py:208} INFO - Processing /home/shamim/airflow_venv/lib/python3.12/site-packages/airflow/example_dags/example_params_ui_tutorial.py took 0.183 seconds
[2025-03-10T14:48:55.136+0600] {processor.py:186} INFO - Started process (PID=30481) to work on /home/shamim/airflow_venv/lib/python3.12/site-packages/airflow/example_dags/example_params_ui_tutorial.py
[2025-03-10T14:48:55.142+0600] {processor.py:914} INFO - Processing file /home/shamim/airflow_venv/lib/python3.12/site-packages/airflow/example_dags/example_params_ui_tutorial.py for tasks to queue
[2025-03-10T14:48:55.146+0600] {logging_mixin.py:190} INFO - [2025-03-10T14:48:55.145+0600] {dagbag.py:588} INFO - Filling up the DagBag from /home/shamim/airflow_venv/lib/python3.12/site-packages/airflow/example_dags/example_params_ui_tutorial.py
[2025-03-10T14:48:55.164+0600] {processor.py:925} INFO - DAG(s) 'example_params_ui_tutorial' retrieved from /home/shamim/airflow_venv/lib/python3.12/site-packages/airflow/example_dags/example_params_ui_tutorial.py
[2025-03-10T14:48:55.225+0600] {logging_mixin.py:190} INFO - [2025-03-10T14:48:55.225+0600] {dag.py:3239} INFO - Sync 1 DAGs
[2025-03-10T14:48:55.242+0600] {logging_mixin.py:190} INFO - [2025-03-10T14:48:55.241+0600] {dag.py:4180} INFO - Setting next_dagrun for example_params_ui_tutorial to None, run_after=None
[2025-03-10T14:48:55.274+0600] {processor.py:208} INFO - Processing /home/shamim/airflow_venv/lib/python3.12/site-packages/airflow/example_dags/example_params_ui_tutorial.py took 0.145 seconds
[2025-03-10T14:50:27.115+0600] {processor.py:186} INFO - Started process (PID=31028) to work on /home/shamim/airflow_venv/lib/python3.12/site-packages/airflow/example_dags/example_params_ui_tutorial.py
[2025-03-10T14:50:27.121+0600] {processor.py:914} INFO - Processing file /home/shamim/airflow_venv/lib/python3.12/site-packages/airflow/example_dags/example_params_ui_tutorial.py for tasks to queue
[2025-03-10T14:50:27.123+0600] {logging_mixin.py:190} INFO - [2025-03-10T14:50:27.123+0600] {dagbag.py:588} INFO - Filling up the DagBag from /home/shamim/airflow_venv/lib/python3.12/site-packages/airflow/example_dags/example_params_ui_tutorial.py
[2025-03-10T14:50:27.135+0600] {processor.py:925} INFO - DAG(s) 'example_params_ui_tutorial' retrieved from /home/shamim/airflow_venv/lib/python3.12/site-packages/airflow/example_dags/example_params_ui_tutorial.py
[2025-03-10T14:50:27.187+0600] {logging_mixin.py:190} INFO - [2025-03-10T14:50:27.187+0600] {dag.py:3239} INFO - Sync 1 DAGs
[2025-03-10T14:50:27.211+0600] {logging_mixin.py:190} INFO - [2025-03-10T14:50:27.210+0600] {dag.py:4180} INFO - Setting next_dagrun for example_params_ui_tutorial to None, run_after=None
[2025-03-10T14:50:27.239+0600] {processor.py:208} INFO - Processing /home/shamim/airflow_venv/lib/python3.12/site-packages/airflow/example_dags/example_params_ui_tutorial.py took 0.130 seconds
[2025-03-10T14:52:02.143+0600] {processor.py:186} INFO - Started process (PID=31625) to work on /home/shamim/airflow_venv/lib/python3.12/site-packages/airflow/example_dags/example_params_ui_tutorial.py
[2025-03-10T14:52:02.150+0600] {processor.py:914} INFO - Processing file /home/shamim/airflow_venv/lib/python3.12/site-packages/airflow/example_dags/example_params_ui_tutorial.py for tasks to queue
[2025-03-10T14:52:02.153+0600] {logging_mixin.py:190} INFO - [2025-03-10T14:52:02.152+0600] {dagbag.py:588} INFO - Filling up the DagBag from /home/shamim/airflow_venv/lib/python3.12/site-packages/airflow/example_dags/example_params_ui_tutorial.py
[2025-03-10T14:52:02.167+0600] {processor.py:925} INFO - DAG(s) 'example_params_ui_tutorial' retrieved from /home/shamim/airflow_venv/lib/python3.12/site-packages/airflow/example_dags/example_params_ui_tutorial.py
[2025-03-10T14:52:02.223+0600] {logging_mixin.py:190} INFO - [2025-03-10T14:52:02.223+0600] {dag.py:3239} INFO - Sync 1 DAGs
[2025-03-10T14:52:02.371+0600] {logging_mixin.py:190} INFO - [2025-03-10T14:52:02.371+0600] {dag.py:4180} INFO - Setting next_dagrun for example_params_ui_tutorial to None, run_after=None
[2025-03-10T14:52:02.403+0600] {processor.py:208} INFO - Processing /home/shamim/airflow_venv/lib/python3.12/site-packages/airflow/example_dags/example_params_ui_tutorial.py took 0.268 seconds
[2025-03-10T14:53:42.259+0600] {processor.py:186} INFO - Started process (PID=32240) to work on /home/shamim/airflow_venv/lib/python3.12/site-packages/airflow/example_dags/example_params_ui_tutorial.py
[2025-03-10T14:53:42.265+0600] {processor.py:914} INFO - Processing file /home/shamim/airflow_venv/lib/python3.12/site-packages/airflow/example_dags/example_params_ui_tutorial.py for tasks to queue
[2025-03-10T14:53:42.269+0600] {logging_mixin.py:190} INFO - [2025-03-10T14:53:42.268+0600] {dagbag.py:588} INFO - Filling up the DagBag from /home/shamim/airflow_venv/lib/python3.12/site-packages/airflow/example_dags/example_params_ui_tutorial.py
[2025-03-10T14:53:42.288+0600] {processor.py:925} INFO - DAG(s) 'example_params_ui_tutorial' retrieved from /home/shamim/airflow_venv/lib/python3.12/site-packages/airflow/example_dags/example_params_ui_tutorial.py
[2025-03-10T14:53:42.380+0600] {logging_mixin.py:190} INFO - [2025-03-10T14:53:42.379+0600] {dag.py:3239} INFO - Sync 1 DAGs
[2025-03-10T14:53:42.575+0600] {logging_mixin.py:190} INFO - [2025-03-10T14:53:42.575+0600] {dag.py:4180} INFO - Setting next_dagrun for example_params_ui_tutorial to None, run_after=None
[2025-03-10T14:53:42.610+0600] {processor.py:208} INFO - Processing /home/shamim/airflow_venv/lib/python3.12/site-packages/airflow/example_dags/example_params_ui_tutorial.py took 0.362 seconds
[2025-03-10T14:55:04.056+0600] {processor.py:186} INFO - Started process (PID=33236) to work on /home/shamim/airflow_venv/lib/python3.12/site-packages/airflow/example_dags/example_params_ui_tutorial.py
[2025-03-10T14:55:04.062+0600] {processor.py:914} INFO - Processing file /home/shamim/airflow_venv/lib/python3.12/site-packages/airflow/example_dags/example_params_ui_tutorial.py for tasks to queue
[2025-03-10T14:55:04.067+0600] {logging_mixin.py:190} INFO - [2025-03-10T14:55:04.066+0600] {dagbag.py:588} INFO - Filling up the DagBag from /home/shamim/airflow_venv/lib/python3.12/site-packages/airflow/example_dags/example_params_ui_tutorial.py
[2025-03-10T14:55:04.086+0600] {processor.py:925} INFO - DAG(s) 'example_params_ui_tutorial' retrieved from /home/shamim/airflow_venv/lib/python3.12/site-packages/airflow/example_dags/example_params_ui_tutorial.py
[2025-03-10T14:55:04.182+0600] {logging_mixin.py:190} INFO - [2025-03-10T14:55:04.182+0600] {dag.py:3239} INFO - Sync 1 DAGs
[2025-03-10T14:55:04.204+0600] {logging_mixin.py:190} INFO - [2025-03-10T14:55:04.203+0600] {dag.py:4180} INFO - Setting next_dagrun for example_params_ui_tutorial to None, run_after=None
[2025-03-10T14:55:04.246+0600] {processor.py:208} INFO - Processing /home/shamim/airflow_venv/lib/python3.12/site-packages/airflow/example_dags/example_params_ui_tutorial.py took 0.202 seconds
[2025-03-10T14:56:36.482+0600] {processor.py:186} INFO - Started process (PID=33746) to work on /home/shamim/airflow_venv/lib/python3.12/site-packages/airflow/example_dags/example_params_ui_tutorial.py
[2025-03-10T14:56:36.489+0600] {processor.py:914} INFO - Processing file /home/shamim/airflow_venv/lib/python3.12/site-packages/airflow/example_dags/example_params_ui_tutorial.py for tasks to queue
[2025-03-10T14:56:36.494+0600] {logging_mixin.py:190} INFO - [2025-03-10T14:56:36.493+0600] {dagbag.py:588} INFO - Filling up the DagBag from /home/shamim/airflow_venv/lib/python3.12/site-packages/airflow/example_dags/example_params_ui_tutorial.py
[2025-03-10T14:56:36.509+0600] {processor.py:925} INFO - DAG(s) 'example_params_ui_tutorial' retrieved from /home/shamim/airflow_venv/lib/python3.12/site-packages/airflow/example_dags/example_params_ui_tutorial.py
[2025-03-10T14:56:36.573+0600] {logging_mixin.py:190} INFO - [2025-03-10T14:56:36.573+0600] {dag.py:3239} INFO - Sync 1 DAGs
[2025-03-10T14:56:36.592+0600] {logging_mixin.py:190} INFO - [2025-03-10T14:56:36.591+0600] {dag.py:4180} INFO - Setting next_dagrun for example_params_ui_tutorial to None, run_after=None
[2025-03-10T14:56:36.629+0600] {processor.py:208} INFO - Processing /home/shamim/airflow_venv/lib/python3.12/site-packages/airflow/example_dags/example_params_ui_tutorial.py took 0.155 seconds
[2025-03-10T14:58:10.484+0600] {processor.py:186} INFO - Started process (PID=34394) to work on /home/shamim/airflow_venv/lib/python3.12/site-packages/airflow/example_dags/example_params_ui_tutorial.py
[2025-03-10T14:58:10.485+0600] {processor.py:914} INFO - Processing file /home/shamim/airflow_venv/lib/python3.12/site-packages/airflow/example_dags/example_params_ui_tutorial.py for tasks to queue
[2025-03-10T14:58:10.488+0600] {logging_mixin.py:190} INFO - [2025-03-10T14:58:10.487+0600] {dagbag.py:588} INFO - Filling up the DagBag from /home/shamim/airflow_venv/lib/python3.12/site-packages/airflow/example_dags/example_params_ui_tutorial.py
[2025-03-10T14:58:10.500+0600] {processor.py:925} INFO - DAG(s) 'example_params_ui_tutorial' retrieved from /home/shamim/airflow_venv/lib/python3.12/site-packages/airflow/example_dags/example_params_ui_tutorial.py
[2025-03-10T14:58:10.551+0600] {logging_mixin.py:190} INFO - [2025-03-10T14:58:10.551+0600] {dag.py:3239} INFO - Sync 1 DAGs
[2025-03-10T14:58:10.568+0600] {logging_mixin.py:190} INFO - [2025-03-10T14:58:10.568+0600] {dag.py:4180} INFO - Setting next_dagrun for example_params_ui_tutorial to None, run_after=None
[2025-03-10T14:58:10.591+0600] {processor.py:208} INFO - Processing /home/shamim/airflow_venv/lib/python3.12/site-packages/airflow/example_dags/example_params_ui_tutorial.py took 0.117 seconds
[2025-03-10T14:59:41.708+0600] {processor.py:186} INFO - Started process (PID=35358) to work on /home/shamim/airflow_venv/lib/python3.12/site-packages/airflow/example_dags/example_params_ui_tutorial.py
[2025-03-10T14:59:41.715+0600] {processor.py:914} INFO - Processing file /home/shamim/airflow_venv/lib/python3.12/site-packages/airflow/example_dags/example_params_ui_tutorial.py for tasks to queue
[2025-03-10T14:59:41.720+0600] {logging_mixin.py:190} INFO - [2025-03-10T14:59:41.719+0600] {dagbag.py:588} INFO - Filling up the DagBag from /home/shamim/airflow_venv/lib/python3.12/site-packages/airflow/example_dags/example_params_ui_tutorial.py
[2025-03-10T14:59:41.736+0600] {processor.py:925} INFO - DAG(s) 'example_params_ui_tutorial' retrieved from /home/shamim/airflow_venv/lib/python3.12/site-packages/airflow/example_dags/example_params_ui_tutorial.py
[2025-03-10T14:59:41.789+0600] {logging_mixin.py:190} INFO - [2025-03-10T14:59:41.788+0600] {dag.py:3239} INFO - Sync 1 DAGs
[2025-03-10T14:59:41.806+0600] {logging_mixin.py:190} INFO - [2025-03-10T14:59:41.806+0600] {dag.py:4180} INFO - Setting next_dagrun for example_params_ui_tutorial to None, run_after=None
[2025-03-10T14:59:41.836+0600] {processor.py:208} INFO - Processing /home/shamim/airflow_venv/lib/python3.12/site-packages/airflow/example_dags/example_params_ui_tutorial.py took 0.135 seconds
[2025-03-10T15:01:18.067+0600] {processor.py:186} INFO - Started process (PID=36057) to work on /home/shamim/airflow_venv/lib/python3.12/site-packages/airflow/example_dags/example_params_ui_tutorial.py
[2025-03-10T15:01:18.073+0600] {processor.py:914} INFO - Processing file /home/shamim/airflow_venv/lib/python3.12/site-packages/airflow/example_dags/example_params_ui_tutorial.py for tasks to queue
[2025-03-10T15:01:18.076+0600] {logging_mixin.py:190} INFO - [2025-03-10T15:01:18.075+0600] {dagbag.py:588} INFO - Filling up the DagBag from /home/shamim/airflow_venv/lib/python3.12/site-packages/airflow/example_dags/example_params_ui_tutorial.py
[2025-03-10T15:01:18.087+0600] {processor.py:925} INFO - DAG(s) 'example_params_ui_tutorial' retrieved from /home/shamim/airflow_venv/lib/python3.12/site-packages/airflow/example_dags/example_params_ui_tutorial.py
[2025-03-10T15:01:18.136+0600] {logging_mixin.py:190} INFO - [2025-03-10T15:01:18.136+0600] {dag.py:3239} INFO - Sync 1 DAGs
[2025-03-10T15:01:18.159+0600] {logging_mixin.py:190} INFO - [2025-03-10T15:01:18.158+0600] {dag.py:4180} INFO - Setting next_dagrun for example_params_ui_tutorial to None, run_after=None
[2025-03-10T15:01:18.194+0600] {processor.py:208} INFO - Processing /home/shamim/airflow_venv/lib/python3.12/site-packages/airflow/example_dags/example_params_ui_tutorial.py took 0.134 seconds
[2025-03-10T15:02:51.331+0600] {processor.py:186} INFO - Started process (PID=37023) to work on /home/shamim/airflow_venv/lib/python3.12/site-packages/airflow/example_dags/example_params_ui_tutorial.py
[2025-03-10T15:02:51.337+0600] {processor.py:914} INFO - Processing file /home/shamim/airflow_venv/lib/python3.12/site-packages/airflow/example_dags/example_params_ui_tutorial.py for tasks to queue
[2025-03-10T15:02:51.340+0600] {logging_mixin.py:190} INFO - [2025-03-10T15:02:51.339+0600] {dagbag.py:588} INFO - Filling up the DagBag from /home/shamim/airflow_venv/lib/python3.12/site-packages/airflow/example_dags/example_params_ui_tutorial.py
[2025-03-10T15:02:51.352+0600] {processor.py:925} INFO - DAG(s) 'example_params_ui_tutorial' retrieved from /home/shamim/airflow_venv/lib/python3.12/site-packages/airflow/example_dags/example_params_ui_tutorial.py
[2025-03-10T15:02:51.407+0600] {logging_mixin.py:190} INFO - [2025-03-10T15:02:51.406+0600] {dag.py:3239} INFO - Sync 1 DAGs
[2025-03-10T15:02:51.427+0600] {logging_mixin.py:190} INFO - [2025-03-10T15:02:51.426+0600] {dag.py:4180} INFO - Setting next_dagrun for example_params_ui_tutorial to None, run_after=None
[2025-03-10T15:02:51.455+0600] {processor.py:208} INFO - Processing /home/shamim/airflow_venv/lib/python3.12/site-packages/airflow/example_dags/example_params_ui_tutorial.py took 0.131 seconds
[2025-03-10T15:04:09.778+0600] {processor.py:186} INFO - Started process (PID=37480) to work on /home/shamim/airflow_venv/lib/python3.12/site-packages/airflow/example_dags/example_params_ui_tutorial.py
[2025-03-10T15:04:09.784+0600] {processor.py:914} INFO - Processing file /home/shamim/airflow_venv/lib/python3.12/site-packages/airflow/example_dags/example_params_ui_tutorial.py for tasks to queue
[2025-03-10T15:04:09.786+0600] {logging_mixin.py:190} INFO - [2025-03-10T15:04:09.786+0600] {dagbag.py:588} INFO - Filling up the DagBag from /home/shamim/airflow_venv/lib/python3.12/site-packages/airflow/example_dags/example_params_ui_tutorial.py
[2025-03-10T15:04:09.798+0600] {processor.py:925} INFO - DAG(s) 'example_params_ui_tutorial' retrieved from /home/shamim/airflow_venv/lib/python3.12/site-packages/airflow/example_dags/example_params_ui_tutorial.py
[2025-03-10T15:04:09.851+0600] {logging_mixin.py:190} INFO - [2025-03-10T15:04:09.851+0600] {dag.py:3239} INFO - Sync 1 DAGs
[2025-03-10T15:04:09.867+0600] {logging_mixin.py:190} INFO - [2025-03-10T15:04:09.867+0600] {dag.py:4180} INFO - Setting next_dagrun for example_params_ui_tutorial to None, run_after=None
[2025-03-10T15:04:09.892+0600] {processor.py:208} INFO - Processing /home/shamim/airflow_venv/lib/python3.12/site-packages/airflow/example_dags/example_params_ui_tutorial.py took 0.122 seconds
