[2025-03-10T13:53:12.135+0600] {processor.py:186} INFO - Started process (PID=4807) to work on /home/shamim/airflow_venv/lib/python3.12/site-packages/airflow/example_dags/example_external_task_marker_dag.py
[2025-03-10T13:53:12.136+0600] {processor.py:914} INFO - Processing file /home/shamim/airflow_venv/lib/python3.12/site-packages/airflow/example_dags/example_external_task_marker_dag.py for tasks to queue
[2025-03-10T13:53:12.138+0600] {logging_mixin.py:190} INFO - [2025-03-10T13:53:12.138+0600] {dagbag.py:588} INFO - Filling up the DagBag from /home/shamim/airflow_venv/lib/python3.12/site-packages/airflow/example_dags/example_external_task_marker_dag.py
[2025-03-10T13:53:12.148+0600] {processor.py:925} INFO - DAG(s) 'example_external_task_marker_child', 'example_external_task_marker_parent' retrieved from /home/shamim/airflow_venv/lib/python3.12/site-packages/airflow/example_dags/example_external_task_marker_dag.py
[2025-03-10T13:53:12.170+0600] {logging_mixin.py:190} INFO - [2025-03-10T13:53:12.170+0600] {dag.py:3239} INFO - Sync 2 DAGs
[2025-03-10T13:53:12.185+0600] {logging_mixin.py:190} INFO - [2025-03-10T13:53:12.185+0600] {dag.py:4180} INFO - Setting next_dagrun for example_external_task_marker_child to None, run_after=None
[2025-03-10T13:53:12.189+0600] {logging_mixin.py:190} INFO - [2025-03-10T13:53:12.189+0600] {dag.py:4180} INFO - Setting next_dagrun for example_external_task_marker_parent to None, run_after=None
[2025-03-10T13:53:12.226+0600] {processor.py:208} INFO - Processing /home/shamim/airflow_venv/lib/python3.12/site-packages/airflow/example_dags/example_external_task_marker_dag.py took 0.098 seconds
[2025-03-10T13:54:50.563+0600] {processor.py:186} INFO - Started process (PID=5381) to work on /home/shamim/airflow_venv/lib/python3.12/site-packages/airflow/example_dags/example_external_task_marker_dag.py
[2025-03-10T13:54:50.578+0600] {processor.py:914} INFO - Processing file /home/shamim/airflow_venv/lib/python3.12/site-packages/airflow/example_dags/example_external_task_marker_dag.py for tasks to queue
[2025-03-10T13:54:50.581+0600] {logging_mixin.py:190} INFO - [2025-03-10T13:54:50.581+0600] {dagbag.py:588} INFO - Filling up the DagBag from /home/shamim/airflow_venv/lib/python3.12/site-packages/airflow/example_dags/example_external_task_marker_dag.py
[2025-03-10T13:54:50.593+0600] {processor.py:925} INFO - DAG(s) 'example_external_task_marker_parent', 'example_external_task_marker_child' retrieved from /home/shamim/airflow_venv/lib/python3.12/site-packages/airflow/example_dags/example_external_task_marker_dag.py
[2025-03-10T13:54:50.615+0600] {logging_mixin.py:190} INFO - [2025-03-10T13:54:50.614+0600] {dag.py:3239} INFO - Sync 2 DAGs
[2025-03-10T13:54:50.630+0600] {logging_mixin.py:190} INFO - [2025-03-10T13:54:50.630+0600] {dag.py:4180} INFO - Setting next_dagrun for example_external_task_marker_child to None, run_after=None
[2025-03-10T13:54:50.634+0600] {logging_mixin.py:190} INFO - [2025-03-10T13:54:50.634+0600] {dag.py:4180} INFO - Setting next_dagrun for example_external_task_marker_parent to None, run_after=None
[2025-03-10T13:54:50.654+0600] {processor.py:208} INFO - Processing /home/shamim/airflow_venv/lib/python3.12/site-packages/airflow/example_dags/example_external_task_marker_dag.py took 0.099 seconds
[2025-03-10T13:56:19.808+0600] {processor.py:186} INFO - Started process (PID=5839) to work on /home/shamim/airflow_venv/lib/python3.12/site-packages/airflow/example_dags/example_external_task_marker_dag.py
[2025-03-10T13:56:19.814+0600] {processor.py:914} INFO - Processing file /home/shamim/airflow_venv/lib/python3.12/site-packages/airflow/example_dags/example_external_task_marker_dag.py for tasks to queue
[2025-03-10T13:56:19.817+0600] {logging_mixin.py:190} INFO - [2025-03-10T13:56:19.817+0600] {dagbag.py:588} INFO - Filling up the DagBag from /home/shamim/airflow_venv/lib/python3.12/site-packages/airflow/example_dags/example_external_task_marker_dag.py
[2025-03-10T13:56:19.829+0600] {processor.py:925} INFO - DAG(s) 'example_external_task_marker_child', 'example_external_task_marker_parent' retrieved from /home/shamim/airflow_venv/lib/python3.12/site-packages/airflow/example_dags/example_external_task_marker_dag.py
[2025-03-10T13:56:19.851+0600] {logging_mixin.py:190} INFO - [2025-03-10T13:56:19.851+0600] {dag.py:3239} INFO - Sync 2 DAGs
[2025-03-10T13:56:19.866+0600] {logging_mixin.py:190} INFO - [2025-03-10T13:56:19.866+0600] {dag.py:4180} INFO - Setting next_dagrun for example_external_task_marker_child to None, run_after=None
[2025-03-10T13:56:19.870+0600] {logging_mixin.py:190} INFO - [2025-03-10T13:56:19.870+0600] {dag.py:4180} INFO - Setting next_dagrun for example_external_task_marker_parent to None, run_after=None
[2025-03-10T13:56:19.903+0600] {processor.py:208} INFO - Processing /home/shamim/airflow_venv/lib/python3.12/site-packages/airflow/example_dags/example_external_task_marker_dag.py took 0.103 seconds
[2025-03-10T13:57:57.734+0600] {processor.py:186} INFO - Started process (PID=6438) to work on /home/shamim/airflow_venv/lib/python3.12/site-packages/airflow/example_dags/example_external_task_marker_dag.py
[2025-03-10T13:57:57.740+0600] {processor.py:914} INFO - Processing file /home/shamim/airflow_venv/lib/python3.12/site-packages/airflow/example_dags/example_external_task_marker_dag.py for tasks to queue
[2025-03-10T13:57:57.743+0600] {logging_mixin.py:190} INFO - [2025-03-10T13:57:57.743+0600] {dagbag.py:588} INFO - Filling up the DagBag from /home/shamim/airflow_venv/lib/python3.12/site-packages/airflow/example_dags/example_external_task_marker_dag.py
[2025-03-10T13:57:57.755+0600] {processor.py:925} INFO - DAG(s) 'example_external_task_marker_parent', 'example_external_task_marker_child' retrieved from /home/shamim/airflow_venv/lib/python3.12/site-packages/airflow/example_dags/example_external_task_marker_dag.py
[2025-03-10T13:57:57.777+0600] {logging_mixin.py:190} INFO - [2025-03-10T13:57:57.777+0600] {dag.py:3239} INFO - Sync 2 DAGs
[2025-03-10T13:57:57.792+0600] {logging_mixin.py:190} INFO - [2025-03-10T13:57:57.792+0600] {dag.py:4180} INFO - Setting next_dagrun for example_external_task_marker_child to None, run_after=None
[2025-03-10T13:57:57.796+0600] {logging_mixin.py:190} INFO - [2025-03-10T13:57:57.796+0600] {dag.py:4180} INFO - Setting next_dagrun for example_external_task_marker_parent to None, run_after=None
[2025-03-10T13:57:57.827+0600] {processor.py:208} INFO - Processing /home/shamim/airflow_venv/lib/python3.12/site-packages/airflow/example_dags/example_external_task_marker_dag.py took 0.101 seconds
[2025-03-10T13:59:32.432+0600] {processor.py:186} INFO - Started process (PID=6895) to work on /home/shamim/airflow_venv/lib/python3.12/site-packages/airflow/example_dags/example_external_task_marker_dag.py
[2025-03-10T13:59:32.438+0600] {processor.py:914} INFO - Processing file /home/shamim/airflow_venv/lib/python3.12/site-packages/airflow/example_dags/example_external_task_marker_dag.py for tasks to queue
[2025-03-10T13:59:32.441+0600] {logging_mixin.py:190} INFO - [2025-03-10T13:59:32.440+0600] {dagbag.py:588} INFO - Filling up the DagBag from /home/shamim/airflow_venv/lib/python3.12/site-packages/airflow/example_dags/example_external_task_marker_dag.py
[2025-03-10T13:59:32.452+0600] {processor.py:925} INFO - DAG(s) 'example_external_task_marker_parent', 'example_external_task_marker_child' retrieved from /home/shamim/airflow_venv/lib/python3.12/site-packages/airflow/example_dags/example_external_task_marker_dag.py
[2025-03-10T13:59:32.476+0600] {logging_mixin.py:190} INFO - [2025-03-10T13:59:32.476+0600] {dag.py:3239} INFO - Sync 2 DAGs
[2025-03-10T13:59:32.493+0600] {logging_mixin.py:190} INFO - [2025-03-10T13:59:32.492+0600] {dag.py:4180} INFO - Setting next_dagrun for example_external_task_marker_child to None, run_after=None
[2025-03-10T13:59:32.497+0600] {logging_mixin.py:190} INFO - [2025-03-10T13:59:32.497+0600] {dag.py:4180} INFO - Setting next_dagrun for example_external_task_marker_parent to None, run_after=None
[2025-03-10T13:59:32.529+0600] {processor.py:208} INFO - Processing /home/shamim/airflow_venv/lib/python3.12/site-packages/airflow/example_dags/example_external_task_marker_dag.py took 0.105 seconds
[2025-03-10T14:01:07.053+0600] {processor.py:186} INFO - Started process (PID=7438) to work on /home/shamim/airflow_venv/lib/python3.12/site-packages/airflow/example_dags/example_external_task_marker_dag.py
[2025-03-10T14:01:07.061+0600] {processor.py:914} INFO - Processing file /home/shamim/airflow_venv/lib/python3.12/site-packages/airflow/example_dags/example_external_task_marker_dag.py for tasks to queue
[2025-03-10T14:01:07.064+0600] {logging_mixin.py:190} INFO - [2025-03-10T14:01:07.063+0600] {dagbag.py:588} INFO - Filling up the DagBag from /home/shamim/airflow_venv/lib/python3.12/site-packages/airflow/example_dags/example_external_task_marker_dag.py
[2025-03-10T14:01:07.076+0600] {processor.py:925} INFO - DAG(s) 'example_external_task_marker_parent', 'example_external_task_marker_child' retrieved from /home/shamim/airflow_venv/lib/python3.12/site-packages/airflow/example_dags/example_external_task_marker_dag.py
[2025-03-10T14:01:07.098+0600] {logging_mixin.py:190} INFO - [2025-03-10T14:01:07.098+0600] {dag.py:3239} INFO - Sync 2 DAGs
[2025-03-10T14:01:07.113+0600] {logging_mixin.py:190} INFO - [2025-03-10T14:01:07.113+0600] {dag.py:4180} INFO - Setting next_dagrun for example_external_task_marker_child to None, run_after=None
[2025-03-10T14:01:07.117+0600] {logging_mixin.py:190} INFO - [2025-03-10T14:01:07.117+0600] {dag.py:4180} INFO - Setting next_dagrun for example_external_task_marker_parent to None, run_after=None
[2025-03-10T14:01:07.149+0600] {processor.py:208} INFO - Processing /home/shamim/airflow_venv/lib/python3.12/site-packages/airflow/example_dags/example_external_task_marker_dag.py took 0.104 seconds
[2025-03-10T14:02:41.000+0600] {processor.py:186} INFO - Started process (PID=7987) to work on /home/shamim/airflow_venv/lib/python3.12/site-packages/airflow/example_dags/example_external_task_marker_dag.py
[2025-03-10T14:02:41.016+0600] {processor.py:914} INFO - Processing file /home/shamim/airflow_venv/lib/python3.12/site-packages/airflow/example_dags/example_external_task_marker_dag.py for tasks to queue
[2025-03-10T14:02:41.021+0600] {logging_mixin.py:190} INFO - [2025-03-10T14:02:41.020+0600] {dagbag.py:588} INFO - Filling up the DagBag from /home/shamim/airflow_venv/lib/python3.12/site-packages/airflow/example_dags/example_external_task_marker_dag.py
[2025-03-10T14:02:41.038+0600] {processor.py:925} INFO - DAG(s) 'example_external_task_marker_child', 'example_external_task_marker_parent' retrieved from /home/shamim/airflow_venv/lib/python3.12/site-packages/airflow/example_dags/example_external_task_marker_dag.py
[2025-03-10T14:02:41.062+0600] {logging_mixin.py:190} INFO - [2025-03-10T14:02:41.062+0600] {dag.py:3239} INFO - Sync 2 DAGs
[2025-03-10T14:02:41.077+0600] {logging_mixin.py:190} INFO - [2025-03-10T14:02:41.077+0600] {dag.py:4180} INFO - Setting next_dagrun for example_external_task_marker_child to None, run_after=None
[2025-03-10T14:02:41.081+0600] {logging_mixin.py:190} INFO - [2025-03-10T14:02:41.081+0600] {dag.py:4180} INFO - Setting next_dagrun for example_external_task_marker_parent to None, run_after=None
[2025-03-10T14:02:41.101+0600] {processor.py:208} INFO - Processing /home/shamim/airflow_venv/lib/python3.12/site-packages/airflow/example_dags/example_external_task_marker_dag.py took 0.110 seconds
[2025-03-10T14:04:26.341+0600] {processor.py:186} INFO - Started process (PID=8672) to work on /home/shamim/airflow_venv/lib/python3.12/site-packages/airflow/example_dags/example_external_task_marker_dag.py
[2025-03-10T14:04:26.343+0600] {processor.py:914} INFO - Processing file /home/shamim/airflow_venv/lib/python3.12/site-packages/airflow/example_dags/example_external_task_marker_dag.py for tasks to queue
[2025-03-10T14:04:26.345+0600] {logging_mixin.py:190} INFO - [2025-03-10T14:04:26.345+0600] {dagbag.py:588} INFO - Filling up the DagBag from /home/shamim/airflow_venv/lib/python3.12/site-packages/airflow/example_dags/example_external_task_marker_dag.py
[2025-03-10T14:04:26.358+0600] {processor.py:925} INFO - DAG(s) 'example_external_task_marker_child', 'example_external_task_marker_parent' retrieved from /home/shamim/airflow_venv/lib/python3.12/site-packages/airflow/example_dags/example_external_task_marker_dag.py
[2025-03-10T14:04:26.402+0600] {logging_mixin.py:190} INFO - [2025-03-10T14:04:26.401+0600] {dag.py:3239} INFO - Sync 2 DAGs
[2025-03-10T14:04:26.424+0600] {logging_mixin.py:190} INFO - [2025-03-10T14:04:26.424+0600] {dag.py:4180} INFO - Setting next_dagrun for example_external_task_marker_child to None, run_after=None
[2025-03-10T14:04:26.432+0600] {logging_mixin.py:190} INFO - [2025-03-10T14:04:26.432+0600] {dag.py:4180} INFO - Setting next_dagrun for example_external_task_marker_parent to None, run_after=None
[2025-03-10T14:04:26.481+0600] {processor.py:208} INFO - Processing /home/shamim/airflow_venv/lib/python3.12/site-packages/airflow/example_dags/example_external_task_marker_dag.py took 0.150 seconds
[2025-03-10T14:06:20.377+0600] {processor.py:186} INFO - Started process (PID=9882) to work on /home/shamim/airflow_venv/lib/python3.12/site-packages/airflow/example_dags/example_external_task_marker_dag.py
[2025-03-10T14:06:20.382+0600] {processor.py:914} INFO - Processing file /home/shamim/airflow_venv/lib/python3.12/site-packages/airflow/example_dags/example_external_task_marker_dag.py for tasks to queue
[2025-03-10T14:06:20.384+0600] {logging_mixin.py:190} INFO - [2025-03-10T14:06:20.384+0600] {dagbag.py:588} INFO - Filling up the DagBag from /home/shamim/airflow_venv/lib/python3.12/site-packages/airflow/example_dags/example_external_task_marker_dag.py
[2025-03-10T14:06:20.395+0600] {processor.py:925} INFO - DAG(s) 'example_external_task_marker_child', 'example_external_task_marker_parent' retrieved from /home/shamim/airflow_venv/lib/python3.12/site-packages/airflow/example_dags/example_external_task_marker_dag.py
[2025-03-10T14:06:20.417+0600] {logging_mixin.py:190} INFO - [2025-03-10T14:06:20.417+0600] {dag.py:3239} INFO - Sync 2 DAGs
[2025-03-10T14:06:20.432+0600] {logging_mixin.py:190} INFO - [2025-03-10T14:06:20.432+0600] {dag.py:4180} INFO - Setting next_dagrun for example_external_task_marker_child to None, run_after=None
[2025-03-10T14:06:20.436+0600] {logging_mixin.py:190} INFO - [2025-03-10T14:06:20.436+0600] {dag.py:4180} INFO - Setting next_dagrun for example_external_task_marker_parent to None, run_after=None
[2025-03-10T14:06:20.458+0600] {processor.py:208} INFO - Processing /home/shamim/airflow_venv/lib/python3.12/site-packages/airflow/example_dags/example_external_task_marker_dag.py took 0.091 seconds
[2025-03-10T14:07:56.265+0600] {processor.py:186} INFO - Started process (PID=10497) to work on /home/shamim/airflow_venv/lib/python3.12/site-packages/airflow/example_dags/example_external_task_marker_dag.py
[2025-03-10T14:07:56.270+0600] {processor.py:914} INFO - Processing file /home/shamim/airflow_venv/lib/python3.12/site-packages/airflow/example_dags/example_external_task_marker_dag.py for tasks to queue
[2025-03-10T14:07:56.274+0600] {logging_mixin.py:190} INFO - [2025-03-10T14:07:56.273+0600] {dagbag.py:588} INFO - Filling up the DagBag from /home/shamim/airflow_venv/lib/python3.12/site-packages/airflow/example_dags/example_external_task_marker_dag.py
[2025-03-10T14:07:56.290+0600] {processor.py:925} INFO - DAG(s) 'example_external_task_marker_child', 'example_external_task_marker_parent' retrieved from /home/shamim/airflow_venv/lib/python3.12/site-packages/airflow/example_dags/example_external_task_marker_dag.py
[2025-03-10T14:07:56.327+0600] {logging_mixin.py:190} INFO - [2025-03-10T14:07:56.327+0600] {dag.py:3239} INFO - Sync 2 DAGs
[2025-03-10T14:07:56.355+0600] {logging_mixin.py:190} INFO - [2025-03-10T14:07:56.354+0600] {dag.py:4180} INFO - Setting next_dagrun for example_external_task_marker_child to None, run_after=None
[2025-03-10T14:07:56.362+0600] {logging_mixin.py:190} INFO - [2025-03-10T14:07:56.362+0600] {dag.py:4180} INFO - Setting next_dagrun for example_external_task_marker_parent to None, run_after=None
[2025-03-10T14:07:56.417+0600] {processor.py:208} INFO - Processing /home/shamim/airflow_venv/lib/python3.12/site-packages/airflow/example_dags/example_external_task_marker_dag.py took 0.164 seconds
[2025-03-10T14:09:28.064+0600] {processor.py:186} INFO - Started process (PID=11044) to work on /home/shamim/airflow_venv/lib/python3.12/site-packages/airflow/example_dags/example_external_task_marker_dag.py
[2025-03-10T14:09:28.071+0600] {processor.py:914} INFO - Processing file /home/shamim/airflow_venv/lib/python3.12/site-packages/airflow/example_dags/example_external_task_marker_dag.py for tasks to queue
[2025-03-10T14:09:28.073+0600] {logging_mixin.py:190} INFO - [2025-03-10T14:09:28.073+0600] {dagbag.py:588} INFO - Filling up the DagBag from /home/shamim/airflow_venv/lib/python3.12/site-packages/airflow/example_dags/example_external_task_marker_dag.py
[2025-03-10T14:09:28.083+0600] {processor.py:925} INFO - DAG(s) 'example_external_task_marker_parent', 'example_external_task_marker_child' retrieved from /home/shamim/airflow_venv/lib/python3.12/site-packages/airflow/example_dags/example_external_task_marker_dag.py
[2025-03-10T14:09:28.104+0600] {logging_mixin.py:190} INFO - [2025-03-10T14:09:28.104+0600] {dag.py:3239} INFO - Sync 2 DAGs
[2025-03-10T14:09:28.119+0600] {logging_mixin.py:190} INFO - [2025-03-10T14:09:28.119+0600] {dag.py:4180} INFO - Setting next_dagrun for example_external_task_marker_child to None, run_after=None
[2025-03-10T14:09:28.123+0600] {logging_mixin.py:190} INFO - [2025-03-10T14:09:28.123+0600] {dag.py:4180} INFO - Setting next_dagrun for example_external_task_marker_parent to None, run_after=None
[2025-03-10T14:09:28.145+0600] {processor.py:208} INFO - Processing /home/shamim/airflow_venv/lib/python3.12/site-packages/airflow/example_dags/example_external_task_marker_dag.py took 0.087 seconds
[2025-03-10T14:10:53.509+0600] {processor.py:186} INFO - Started process (PID=11524) to work on /home/shamim/airflow_venv/lib/python3.12/site-packages/airflow/example_dags/example_external_task_marker_dag.py
[2025-03-10T14:10:53.515+0600] {processor.py:914} INFO - Processing file /home/shamim/airflow_venv/lib/python3.12/site-packages/airflow/example_dags/example_external_task_marker_dag.py for tasks to queue
[2025-03-10T14:10:53.523+0600] {logging_mixin.py:190} INFO - [2025-03-10T14:10:53.523+0600] {dagbag.py:588} INFO - Filling up the DagBag from /home/shamim/airflow_venv/lib/python3.12/site-packages/airflow/example_dags/example_external_task_marker_dag.py
[2025-03-10T14:10:53.550+0600] {processor.py:925} INFO - DAG(s) 'example_external_task_marker_child', 'example_external_task_marker_parent' retrieved from /home/shamim/airflow_venv/lib/python3.12/site-packages/airflow/example_dags/example_external_task_marker_dag.py
[2025-03-10T14:10:53.603+0600] {logging_mixin.py:190} INFO - [2025-03-10T14:10:53.603+0600] {dag.py:3239} INFO - Sync 2 DAGs
[2025-03-10T14:10:53.626+0600] {logging_mixin.py:190} INFO - [2025-03-10T14:10:53.626+0600] {dag.py:4180} INFO - Setting next_dagrun for example_external_task_marker_child to None, run_after=None
[2025-03-10T14:10:53.632+0600] {logging_mixin.py:190} INFO - [2025-03-10T14:10:53.632+0600] {dag.py:4180} INFO - Setting next_dagrun for example_external_task_marker_parent to None, run_after=None
[2025-03-10T14:10:53.668+0600] {processor.py:208} INFO - Processing /home/shamim/airflow_venv/lib/python3.12/site-packages/airflow/example_dags/example_external_task_marker_dag.py took 0.178 seconds
[2025-03-10T14:12:25.166+0600] {processor.py:186} INFO - Started process (PID=12012) to work on /home/shamim/airflow_venv/lib/python3.12/site-packages/airflow/example_dags/example_external_task_marker_dag.py
[2025-03-10T14:12:25.173+0600] {processor.py:914} INFO - Processing file /home/shamim/airflow_venv/lib/python3.12/site-packages/airflow/example_dags/example_external_task_marker_dag.py for tasks to queue
[2025-03-10T14:12:25.176+0600] {logging_mixin.py:190} INFO - [2025-03-10T14:12:25.175+0600] {dagbag.py:588} INFO - Filling up the DagBag from /home/shamim/airflow_venv/lib/python3.12/site-packages/airflow/example_dags/example_external_task_marker_dag.py
[2025-03-10T14:12:25.189+0600] {processor.py:925} INFO - DAG(s) 'example_external_task_marker_child', 'example_external_task_marker_parent' retrieved from /home/shamim/airflow_venv/lib/python3.12/site-packages/airflow/example_dags/example_external_task_marker_dag.py
[2025-03-10T14:12:25.213+0600] {logging_mixin.py:190} INFO - [2025-03-10T14:12:25.213+0600] {dag.py:3239} INFO - Sync 2 DAGs
[2025-03-10T14:12:25.230+0600] {logging_mixin.py:190} INFO - [2025-03-10T14:12:25.230+0600] {dag.py:4180} INFO - Setting next_dagrun for example_external_task_marker_child to None, run_after=None
[2025-03-10T14:12:25.234+0600] {logging_mixin.py:190} INFO - [2025-03-10T14:12:25.234+0600] {dag.py:4180} INFO - Setting next_dagrun for example_external_task_marker_parent to None, run_after=None
[2025-03-10T14:12:25.258+0600] {processor.py:208} INFO - Processing /home/shamim/airflow_venv/lib/python3.12/site-packages/airflow/example_dags/example_external_task_marker_dag.py took 0.100 seconds
[2025-03-10T14:14:01.323+0600] {processor.py:186} INFO - Started process (PID=12623) to work on /home/shamim/airflow_venv/lib/python3.12/site-packages/airflow/example_dags/example_external_task_marker_dag.py
[2025-03-10T14:14:01.325+0600] {processor.py:914} INFO - Processing file /home/shamim/airflow_venv/lib/python3.12/site-packages/airflow/example_dags/example_external_task_marker_dag.py for tasks to queue
[2025-03-10T14:14:01.328+0600] {logging_mixin.py:190} INFO - [2025-03-10T14:14:01.327+0600] {dagbag.py:588} INFO - Filling up the DagBag from /home/shamim/airflow_venv/lib/python3.12/site-packages/airflow/example_dags/example_external_task_marker_dag.py
[2025-03-10T14:14:01.338+0600] {processor.py:925} INFO - DAG(s) 'example_external_task_marker_parent', 'example_external_task_marker_child' retrieved from /home/shamim/airflow_venv/lib/python3.12/site-packages/airflow/example_dags/example_external_task_marker_dag.py
[2025-03-10T14:14:01.362+0600] {logging_mixin.py:190} INFO - [2025-03-10T14:14:01.362+0600] {dag.py:3239} INFO - Sync 2 DAGs
[2025-03-10T14:14:01.378+0600] {logging_mixin.py:190} INFO - [2025-03-10T14:14:01.378+0600] {dag.py:4180} INFO - Setting next_dagrun for example_external_task_marker_child to None, run_after=None
[2025-03-10T14:14:01.382+0600] {logging_mixin.py:190} INFO - [2025-03-10T14:14:01.382+0600] {dag.py:4180} INFO - Setting next_dagrun for example_external_task_marker_parent to None, run_after=None
[2025-03-10T14:14:01.405+0600] {processor.py:208} INFO - Processing /home/shamim/airflow_venv/lib/python3.12/site-packages/airflow/example_dags/example_external_task_marker_dag.py took 0.089 seconds
[2025-03-10T14:15:21.081+0600] {processor.py:186} INFO - Started process (PID=13180) to work on /home/shamim/airflow_venv/lib/python3.12/site-packages/airflow/example_dags/example_external_task_marker_dag.py
[2025-03-10T14:15:21.087+0600] {processor.py:914} INFO - Processing file /home/shamim/airflow_venv/lib/python3.12/site-packages/airflow/example_dags/example_external_task_marker_dag.py for tasks to queue
[2025-03-10T14:15:21.091+0600] {logging_mixin.py:190} INFO - [2025-03-10T14:15:21.090+0600] {dagbag.py:588} INFO - Filling up the DagBag from /home/shamim/airflow_venv/lib/python3.12/site-packages/airflow/example_dags/example_external_task_marker_dag.py
[2025-03-10T14:15:21.103+0600] {processor.py:925} INFO - DAG(s) 'example_external_task_marker_parent', 'example_external_task_marker_child' retrieved from /home/shamim/airflow_venv/lib/python3.12/site-packages/airflow/example_dags/example_external_task_marker_dag.py
[2025-03-10T14:15:21.130+0600] {logging_mixin.py:190} INFO - [2025-03-10T14:15:21.129+0600] {dag.py:3239} INFO - Sync 2 DAGs
[2025-03-10T14:15:21.150+0600] {logging_mixin.py:190} INFO - [2025-03-10T14:15:21.150+0600] {dag.py:4180} INFO - Setting next_dagrun for example_external_task_marker_child to None, run_after=None
[2025-03-10T14:15:21.156+0600] {logging_mixin.py:190} INFO - [2025-03-10T14:15:21.156+0600] {dag.py:4180} INFO - Setting next_dagrun for example_external_task_marker_parent to None, run_after=None
[2025-03-10T14:15:21.183+0600] {processor.py:208} INFO - Processing /home/shamim/airflow_venv/lib/python3.12/site-packages/airflow/example_dags/example_external_task_marker_dag.py took 0.111 seconds
[2025-03-10T14:16:57.053+0600] {processor.py:186} INFO - Started process (PID=13753) to work on /home/shamim/airflow_venv/lib/python3.12/site-packages/airflow/example_dags/example_external_task_marker_dag.py
[2025-03-10T14:16:57.073+0600] {processor.py:914} INFO - Processing file /home/shamim/airflow_venv/lib/python3.12/site-packages/airflow/example_dags/example_external_task_marker_dag.py for tasks to queue
[2025-03-10T14:16:57.076+0600] {logging_mixin.py:190} INFO - [2025-03-10T14:16:57.075+0600] {dagbag.py:588} INFO - Filling up the DagBag from /home/shamim/airflow_venv/lib/python3.12/site-packages/airflow/example_dags/example_external_task_marker_dag.py
[2025-03-10T14:16:57.089+0600] {processor.py:925} INFO - DAG(s) 'example_external_task_marker_child', 'example_external_task_marker_parent' retrieved from /home/shamim/airflow_venv/lib/python3.12/site-packages/airflow/example_dags/example_external_task_marker_dag.py
[2025-03-10T14:16:57.111+0600] {logging_mixin.py:190} INFO - [2025-03-10T14:16:57.111+0600] {dag.py:3239} INFO - Sync 2 DAGs
[2025-03-10T14:16:57.127+0600] {logging_mixin.py:190} INFO - [2025-03-10T14:16:57.127+0600] {dag.py:4180} INFO - Setting next_dagrun for example_external_task_marker_child to None, run_after=None
[2025-03-10T14:16:57.131+0600] {logging_mixin.py:190} INFO - [2025-03-10T14:16:57.131+0600] {dag.py:4180} INFO - Setting next_dagrun for example_external_task_marker_parent to None, run_after=None
[2025-03-10T14:16:57.152+0600] {processor.py:208} INFO - Processing /home/shamim/airflow_venv/lib/python3.12/site-packages/airflow/example_dags/example_external_task_marker_dag.py took 0.107 seconds
[2025-03-10T14:18:28.792+0600] {processor.py:186} INFO - Started process (PID=14333) to work on /home/shamim/airflow_venv/lib/python3.12/site-packages/airflow/example_dags/example_external_task_marker_dag.py
[2025-03-10T14:18:28.821+0600] {processor.py:914} INFO - Processing file /home/shamim/airflow_venv/lib/python3.12/site-packages/airflow/example_dags/example_external_task_marker_dag.py for tasks to queue
[2025-03-10T14:18:28.827+0600] {logging_mixin.py:190} INFO - [2025-03-10T14:18:28.826+0600] {dagbag.py:588} INFO - Filling up the DagBag from /home/shamim/airflow_venv/lib/python3.12/site-packages/airflow/example_dags/example_external_task_marker_dag.py
[2025-03-10T14:18:28.852+0600] {processor.py:925} INFO - DAG(s) 'example_external_task_marker_child', 'example_external_task_marker_parent' retrieved from /home/shamim/airflow_venv/lib/python3.12/site-packages/airflow/example_dags/example_external_task_marker_dag.py
[2025-03-10T14:18:28.877+0600] {logging_mixin.py:190} INFO - [2025-03-10T14:18:28.876+0600] {dag.py:3239} INFO - Sync 2 DAGs
[2025-03-10T14:18:28.892+0600] {logging_mixin.py:190} INFO - [2025-03-10T14:18:28.892+0600] {dag.py:4180} INFO - Setting next_dagrun for example_external_task_marker_child to None, run_after=None
[2025-03-10T14:18:28.896+0600] {logging_mixin.py:190} INFO - [2025-03-10T14:18:28.896+0600] {dag.py:4180} INFO - Setting next_dagrun for example_external_task_marker_parent to None, run_after=None
[2025-03-10T14:18:28.916+0600] {processor.py:208} INFO - Processing /home/shamim/airflow_venv/lib/python3.12/site-packages/airflow/example_dags/example_external_task_marker_dag.py took 0.136 seconds
[2025-03-10T14:19:53.373+0600] {processor.py:186} INFO - Started process (PID=14890) to work on /home/shamim/airflow_venv/lib/python3.12/site-packages/airflow/example_dags/example_external_task_marker_dag.py
[2025-03-10T14:19:53.379+0600] {processor.py:914} INFO - Processing file /home/shamim/airflow_venv/lib/python3.12/site-packages/airflow/example_dags/example_external_task_marker_dag.py for tasks to queue
[2025-03-10T14:19:53.382+0600] {logging_mixin.py:190} INFO - [2025-03-10T14:19:53.382+0600] {dagbag.py:588} INFO - Filling up the DagBag from /home/shamim/airflow_venv/lib/python3.12/site-packages/airflow/example_dags/example_external_task_marker_dag.py
[2025-03-10T14:19:53.394+0600] {processor.py:925} INFO - DAG(s) 'example_external_task_marker_child', 'example_external_task_marker_parent' retrieved from /home/shamim/airflow_venv/lib/python3.12/site-packages/airflow/example_dags/example_external_task_marker_dag.py
[2025-03-10T14:19:53.415+0600] {logging_mixin.py:190} INFO - [2025-03-10T14:19:53.415+0600] {dag.py:3239} INFO - Sync 2 DAGs
[2025-03-10T14:19:53.431+0600] {logging_mixin.py:190} INFO - [2025-03-10T14:19:53.431+0600] {dag.py:4180} INFO - Setting next_dagrun for example_external_task_marker_child to None, run_after=None
[2025-03-10T14:19:53.435+0600] {logging_mixin.py:190} INFO - [2025-03-10T14:19:53.434+0600] {dag.py:4180} INFO - Setting next_dagrun for example_external_task_marker_parent to None, run_after=None
[2025-03-10T14:19:53.457+0600] {processor.py:208} INFO - Processing /home/shamim/airflow_venv/lib/python3.12/site-packages/airflow/example_dags/example_external_task_marker_dag.py took 0.092 seconds
[2025-03-10T14:21:17.746+0600] {processor.py:186} INFO - Started process (PID=15452) to work on /home/shamim/airflow_venv/lib/python3.12/site-packages/airflow/example_dags/example_external_task_marker_dag.py
[2025-03-10T14:21:17.752+0600] {processor.py:914} INFO - Processing file /home/shamim/airflow_venv/lib/python3.12/site-packages/airflow/example_dags/example_external_task_marker_dag.py for tasks to queue
[2025-03-10T14:21:17.754+0600] {logging_mixin.py:190} INFO - [2025-03-10T14:21:17.754+0600] {dagbag.py:588} INFO - Filling up the DagBag from /home/shamim/airflow_venv/lib/python3.12/site-packages/airflow/example_dags/example_external_task_marker_dag.py
[2025-03-10T14:21:17.765+0600] {processor.py:925} INFO - DAG(s) 'example_external_task_marker_child', 'example_external_task_marker_parent' retrieved from /home/shamim/airflow_venv/lib/python3.12/site-packages/airflow/example_dags/example_external_task_marker_dag.py
[2025-03-10T14:21:17.788+0600] {logging_mixin.py:190} INFO - [2025-03-10T14:21:17.788+0600] {dag.py:3239} INFO - Sync 2 DAGs
[2025-03-10T14:21:17.809+0600] {logging_mixin.py:190} INFO - [2025-03-10T14:21:17.809+0600] {dag.py:4180} INFO - Setting next_dagrun for example_external_task_marker_child to None, run_after=None
[2025-03-10T14:21:17.813+0600] {logging_mixin.py:190} INFO - [2025-03-10T14:21:17.813+0600] {dag.py:4180} INFO - Setting next_dagrun for example_external_task_marker_parent to None, run_after=None
[2025-03-10T14:21:17.836+0600] {processor.py:208} INFO - Processing /home/shamim/airflow_venv/lib/python3.12/site-packages/airflow/example_dags/example_external_task_marker_dag.py took 0.097 seconds
[2025-03-10T14:22:46.804+0600] {processor.py:186} INFO - Started process (PID=16032) to work on /home/shamim/airflow_venv/lib/python3.12/site-packages/airflow/example_dags/example_external_task_marker_dag.py
[2025-03-10T14:22:46.810+0600] {processor.py:914} INFO - Processing file /home/shamim/airflow_venv/lib/python3.12/site-packages/airflow/example_dags/example_external_task_marker_dag.py for tasks to queue
[2025-03-10T14:22:46.813+0600] {logging_mixin.py:190} INFO - [2025-03-10T14:22:46.812+0600] {dagbag.py:588} INFO - Filling up the DagBag from /home/shamim/airflow_venv/lib/python3.12/site-packages/airflow/example_dags/example_external_task_marker_dag.py
[2025-03-10T14:22:46.823+0600] {processor.py:925} INFO - DAG(s) 'example_external_task_marker_child', 'example_external_task_marker_parent' retrieved from /home/shamim/airflow_venv/lib/python3.12/site-packages/airflow/example_dags/example_external_task_marker_dag.py
[2025-03-10T14:22:46.844+0600] {logging_mixin.py:190} INFO - [2025-03-10T14:22:46.844+0600] {dag.py:3239} INFO - Sync 2 DAGs
[2025-03-10T14:22:46.859+0600] {logging_mixin.py:190} INFO - [2025-03-10T14:22:46.859+0600] {dag.py:4180} INFO - Setting next_dagrun for example_external_task_marker_child to None, run_after=None
[2025-03-10T14:22:46.863+0600] {logging_mixin.py:190} INFO - [2025-03-10T14:22:46.863+0600] {dag.py:4180} INFO - Setting next_dagrun for example_external_task_marker_parent to None, run_after=None
[2025-03-10T14:22:46.894+0600] {processor.py:208} INFO - Processing /home/shamim/airflow_venv/lib/python3.12/site-packages/airflow/example_dags/example_external_task_marker_dag.py took 0.097 seconds
[2025-03-10T14:24:16.371+0600] {processor.py:186} INFO - Started process (PID=16647) to work on /home/shamim/airflow_venv/lib/python3.12/site-packages/airflow/example_dags/example_external_task_marker_dag.py
[2025-03-10T14:24:16.374+0600] {processor.py:914} INFO - Processing file /home/shamim/airflow_venv/lib/python3.12/site-packages/airflow/example_dags/example_external_task_marker_dag.py for tasks to queue
[2025-03-10T14:24:16.377+0600] {logging_mixin.py:190} INFO - [2025-03-10T14:24:16.376+0600] {dagbag.py:588} INFO - Filling up the DagBag from /home/shamim/airflow_venv/lib/python3.12/site-packages/airflow/example_dags/example_external_task_marker_dag.py
[2025-03-10T14:24:16.388+0600] {processor.py:925} INFO - DAG(s) 'example_external_task_marker_parent', 'example_external_task_marker_child' retrieved from /home/shamim/airflow_venv/lib/python3.12/site-packages/airflow/example_dags/example_external_task_marker_dag.py
[2025-03-10T14:24:16.410+0600] {logging_mixin.py:190} INFO - [2025-03-10T14:24:16.410+0600] {dag.py:3239} INFO - Sync 2 DAGs
[2025-03-10T14:24:16.432+0600] {logging_mixin.py:190} INFO - [2025-03-10T14:24:16.431+0600] {dag.py:4180} INFO - Setting next_dagrun for example_external_task_marker_child to None, run_after=None
[2025-03-10T14:24:16.438+0600] {logging_mixin.py:190} INFO - [2025-03-10T14:24:16.438+0600] {dag.py:4180} INFO - Setting next_dagrun for example_external_task_marker_parent to None, run_after=None
[2025-03-10T14:24:16.465+0600] {processor.py:208} INFO - Processing /home/shamim/airflow_venv/lib/python3.12/site-packages/airflow/example_dags/example_external_task_marker_dag.py took 0.102 seconds
[2025-03-10T14:25:43.513+0600] {processor.py:186} INFO - Started process (PID=17351) to work on /home/shamim/airflow_venv/lib/python3.12/site-packages/airflow/example_dags/example_external_task_marker_dag.py
[2025-03-10T14:25:43.519+0600] {processor.py:914} INFO - Processing file /home/shamim/airflow_venv/lib/python3.12/site-packages/airflow/example_dags/example_external_task_marker_dag.py for tasks to queue
[2025-03-10T14:25:43.522+0600] {logging_mixin.py:190} INFO - [2025-03-10T14:25:43.521+0600] {dagbag.py:588} INFO - Filling up the DagBag from /home/shamim/airflow_venv/lib/python3.12/site-packages/airflow/example_dags/example_external_task_marker_dag.py
[2025-03-10T14:25:43.535+0600] {processor.py:925} INFO - DAG(s) 'example_external_task_marker_parent', 'example_external_task_marker_child' retrieved from /home/shamim/airflow_venv/lib/python3.12/site-packages/airflow/example_dags/example_external_task_marker_dag.py
[2025-03-10T14:25:43.567+0600] {logging_mixin.py:190} INFO - [2025-03-10T14:25:43.567+0600] {dag.py:3239} INFO - Sync 2 DAGs
[2025-03-10T14:25:43.592+0600] {logging_mixin.py:190} INFO - [2025-03-10T14:25:43.592+0600] {dag.py:4180} INFO - Setting next_dagrun for example_external_task_marker_child to None, run_after=None
[2025-03-10T14:25:43.599+0600] {logging_mixin.py:190} INFO - [2025-03-10T14:25:43.598+0600] {dag.py:4180} INFO - Setting next_dagrun for example_external_task_marker_parent to None, run_after=None
[2025-03-10T14:25:43.633+0600] {processor.py:208} INFO - Processing /home/shamim/airflow_venv/lib/python3.12/site-packages/airflow/example_dags/example_external_task_marker_dag.py took 0.127 seconds
[2025-03-10T14:27:15.973+0600] {processor.py:186} INFO - Started process (PID=17924) to work on /home/shamim/airflow_venv/lib/python3.12/site-packages/airflow/example_dags/example_external_task_marker_dag.py
[2025-03-10T14:27:15.980+0600] {processor.py:914} INFO - Processing file /home/shamim/airflow_venv/lib/python3.12/site-packages/airflow/example_dags/example_external_task_marker_dag.py for tasks to queue
[2025-03-10T14:27:15.983+0600] {logging_mixin.py:190} INFO - [2025-03-10T14:27:15.982+0600] {dagbag.py:588} INFO - Filling up the DagBag from /home/shamim/airflow_venv/lib/python3.12/site-packages/airflow/example_dags/example_external_task_marker_dag.py
[2025-03-10T14:27:15.994+0600] {processor.py:925} INFO - DAG(s) 'example_external_task_marker_parent', 'example_external_task_marker_child' retrieved from /home/shamim/airflow_venv/lib/python3.12/site-packages/airflow/example_dags/example_external_task_marker_dag.py
[2025-03-10T14:27:16.016+0600] {logging_mixin.py:190} INFO - [2025-03-10T14:27:16.016+0600] {dag.py:3239} INFO - Sync 2 DAGs
[2025-03-10T14:27:16.031+0600] {logging_mixin.py:190} INFO - [2025-03-10T14:27:16.031+0600] {dag.py:4180} INFO - Setting next_dagrun for example_external_task_marker_child to None, run_after=None
[2025-03-10T14:27:16.035+0600] {logging_mixin.py:190} INFO - [2025-03-10T14:27:16.035+0600] {dag.py:4180} INFO - Setting next_dagrun for example_external_task_marker_parent to None, run_after=None
[2025-03-10T14:27:16.057+0600] {processor.py:208} INFO - Processing /home/shamim/airflow_venv/lib/python3.12/site-packages/airflow/example_dags/example_external_task_marker_dag.py took 0.091 seconds
[2025-03-10T14:28:39.080+0600] {processor.py:186} INFO - Started process (PID=18480) to work on /home/shamim/airflow_venv/lib/python3.12/site-packages/airflow/example_dags/example_external_task_marker_dag.py
[2025-03-10T14:28:39.088+0600] {processor.py:914} INFO - Processing file /home/shamim/airflow_venv/lib/python3.12/site-packages/airflow/example_dags/example_external_task_marker_dag.py for tasks to queue
[2025-03-10T14:28:39.099+0600] {logging_mixin.py:190} INFO - [2025-03-10T14:28:39.097+0600] {dagbag.py:588} INFO - Filling up the DagBag from /home/shamim/airflow_venv/lib/python3.12/site-packages/airflow/example_dags/example_external_task_marker_dag.py
[2025-03-10T14:28:39.125+0600] {processor.py:925} INFO - DAG(s) 'example_external_task_marker_parent', 'example_external_task_marker_child' retrieved from /home/shamim/airflow_venv/lib/python3.12/site-packages/airflow/example_dags/example_external_task_marker_dag.py
[2025-03-10T14:28:39.150+0600] {logging_mixin.py:190} INFO - [2025-03-10T14:28:39.150+0600] {dag.py:3239} INFO - Sync 2 DAGs
[2025-03-10T14:28:39.171+0600] {logging_mixin.py:190} INFO - [2025-03-10T14:28:39.171+0600] {dag.py:4180} INFO - Setting next_dagrun for example_external_task_marker_child to None, run_after=None
[2025-03-10T14:28:39.176+0600] {logging_mixin.py:190} INFO - [2025-03-10T14:28:39.176+0600] {dag.py:4180} INFO - Setting next_dagrun for example_external_task_marker_parent to None, run_after=None
[2025-03-10T14:28:39.212+0600] {processor.py:208} INFO - Processing /home/shamim/airflow_venv/lib/python3.12/site-packages/airflow/example_dags/example_external_task_marker_dag.py took 0.156 seconds
[2025-03-10T14:30:13.697+0600] {processor.py:186} INFO - Started process (PID=19121) to work on /home/shamim/airflow_venv/lib/python3.12/site-packages/airflow/example_dags/example_external_task_marker_dag.py
[2025-03-10T14:30:13.699+0600] {processor.py:914} INFO - Processing file /home/shamim/airflow_venv/lib/python3.12/site-packages/airflow/example_dags/example_external_task_marker_dag.py for tasks to queue
[2025-03-10T14:30:13.702+0600] {logging_mixin.py:190} INFO - [2025-03-10T14:30:13.701+0600] {dagbag.py:588} INFO - Filling up the DagBag from /home/shamim/airflow_venv/lib/python3.12/site-packages/airflow/example_dags/example_external_task_marker_dag.py
[2025-03-10T14:30:13.715+0600] {processor.py:925} INFO - DAG(s) 'example_external_task_marker_child', 'example_external_task_marker_parent' retrieved from /home/shamim/airflow_venv/lib/python3.12/site-packages/airflow/example_dags/example_external_task_marker_dag.py
[2025-03-10T14:30:13.743+0600] {logging_mixin.py:190} INFO - [2025-03-10T14:30:13.743+0600] {dag.py:3239} INFO - Sync 2 DAGs
[2025-03-10T14:30:13.769+0600] {logging_mixin.py:190} INFO - [2025-03-10T14:30:13.769+0600] {dag.py:4180} INFO - Setting next_dagrun for example_external_task_marker_child to None, run_after=None
[2025-03-10T14:30:13.774+0600] {logging_mixin.py:190} INFO - [2025-03-10T14:30:13.774+0600] {dag.py:4180} INFO - Setting next_dagrun for example_external_task_marker_parent to None, run_after=None
[2025-03-10T14:30:13.815+0600] {processor.py:208} INFO - Processing /home/shamim/airflow_venv/lib/python3.12/site-packages/airflow/example_dags/example_external_task_marker_dag.py took 0.126 seconds
[2025-03-10T14:31:49.578+0600] {processor.py:186} INFO - Started process (PID=19697) to work on /home/shamim/airflow_venv/lib/python3.12/site-packages/airflow/example_dags/example_external_task_marker_dag.py
[2025-03-10T14:31:49.598+0600] {processor.py:914} INFO - Processing file /home/shamim/airflow_venv/lib/python3.12/site-packages/airflow/example_dags/example_external_task_marker_dag.py for tasks to queue
[2025-03-10T14:31:49.606+0600] {logging_mixin.py:190} INFO - [2025-03-10T14:31:49.604+0600] {dagbag.py:588} INFO - Filling up the DagBag from /home/shamim/airflow_venv/lib/python3.12/site-packages/airflow/example_dags/example_external_task_marker_dag.py
[2025-03-10T14:31:49.635+0600] {processor.py:925} INFO - DAG(s) 'example_external_task_marker_parent', 'example_external_task_marker_child' retrieved from /home/shamim/airflow_venv/lib/python3.12/site-packages/airflow/example_dags/example_external_task_marker_dag.py
[2025-03-10T14:31:49.680+0600] {logging_mixin.py:190} INFO - [2025-03-10T14:31:49.680+0600] {dag.py:3239} INFO - Sync 2 DAGs
[2025-03-10T14:31:49.696+0600] {logging_mixin.py:190} INFO - [2025-03-10T14:31:49.696+0600] {dag.py:4180} INFO - Setting next_dagrun for example_external_task_marker_child to None, run_after=None
[2025-03-10T14:31:49.700+0600] {logging_mixin.py:190} INFO - [2025-03-10T14:31:49.700+0600] {dag.py:4180} INFO - Setting next_dagrun for example_external_task_marker_parent to None, run_after=None
[2025-03-10T14:31:49.720+0600] {processor.py:208} INFO - Processing /home/shamim/airflow_venv/lib/python3.12/site-packages/airflow/example_dags/example_external_task_marker_dag.py took 0.160 seconds
[2025-03-10T14:33:25.176+0600] {processor.py:186} INFO - Started process (PID=20586) to work on /home/shamim/airflow_venv/lib/python3.12/site-packages/airflow/example_dags/example_external_task_marker_dag.py
[2025-03-10T14:33:25.178+0600] {processor.py:914} INFO - Processing file /home/shamim/airflow_venv/lib/python3.12/site-packages/airflow/example_dags/example_external_task_marker_dag.py for tasks to queue
[2025-03-10T14:33:25.180+0600] {logging_mixin.py:190} INFO - [2025-03-10T14:33:25.180+0600] {dagbag.py:588} INFO - Filling up the DagBag from /home/shamim/airflow_venv/lib/python3.12/site-packages/airflow/example_dags/example_external_task_marker_dag.py
[2025-03-10T14:33:25.191+0600] {processor.py:925} INFO - DAG(s) 'example_external_task_marker_parent', 'example_external_task_marker_child' retrieved from /home/shamim/airflow_venv/lib/python3.12/site-packages/airflow/example_dags/example_external_task_marker_dag.py
[2025-03-10T14:33:25.213+0600] {logging_mixin.py:190} INFO - [2025-03-10T14:33:25.212+0600] {dag.py:3239} INFO - Sync 2 DAGs
[2025-03-10T14:33:25.228+0600] {logging_mixin.py:190} INFO - [2025-03-10T14:33:25.228+0600] {dag.py:4180} INFO - Setting next_dagrun for example_external_task_marker_child to None, run_after=None
[2025-03-10T14:33:25.232+0600] {logging_mixin.py:190} INFO - [2025-03-10T14:33:25.232+0600] {dag.py:4180} INFO - Setting next_dagrun for example_external_task_marker_parent to None, run_after=None
[2025-03-10T14:33:25.255+0600] {processor.py:208} INFO - Processing /home/shamim/airflow_venv/lib/python3.12/site-packages/airflow/example_dags/example_external_task_marker_dag.py took 0.085 seconds
[2025-03-10T14:34:50.759+0600] {processor.py:186} INFO - Started process (PID=21797) to work on /home/shamim/airflow_venv/lib/python3.12/site-packages/airflow/example_dags/example_external_task_marker_dag.py
[2025-03-10T14:34:50.765+0600] {processor.py:914} INFO - Processing file /home/shamim/airflow_venv/lib/python3.12/site-packages/airflow/example_dags/example_external_task_marker_dag.py for tasks to queue
[2025-03-10T14:34:50.768+0600] {logging_mixin.py:190} INFO - [2025-03-10T14:34:50.767+0600] {dagbag.py:588} INFO - Filling up the DagBag from /home/shamim/airflow_venv/lib/python3.12/site-packages/airflow/example_dags/example_external_task_marker_dag.py
[2025-03-10T14:34:50.778+0600] {processor.py:925} INFO - DAG(s) 'example_external_task_marker_child', 'example_external_task_marker_parent' retrieved from /home/shamim/airflow_venv/lib/python3.12/site-packages/airflow/example_dags/example_external_task_marker_dag.py
[2025-03-10T14:34:50.800+0600] {logging_mixin.py:190} INFO - [2025-03-10T14:34:50.800+0600] {dag.py:3239} INFO - Sync 2 DAGs
[2025-03-10T14:34:50.815+0600] {logging_mixin.py:190} INFO - [2025-03-10T14:34:50.815+0600] {dag.py:4180} INFO - Setting next_dagrun for example_external_task_marker_child to None, run_after=None
[2025-03-10T14:34:50.819+0600] {logging_mixin.py:190} INFO - [2025-03-10T14:34:50.819+0600] {dag.py:4180} INFO - Setting next_dagrun for example_external_task_marker_parent to None, run_after=None
[2025-03-10T14:34:50.842+0600] {processor.py:208} INFO - Processing /home/shamim/airflow_venv/lib/python3.12/site-packages/airflow/example_dags/example_external_task_marker_dag.py took 0.089 seconds
[2025-03-10T14:36:16.196+0600] {processor.py:186} INFO - Started process (PID=23442) to work on /home/shamim/airflow_venv/lib/python3.12/site-packages/airflow/example_dags/example_external_task_marker_dag.py
[2025-03-10T14:36:16.202+0600] {processor.py:914} INFO - Processing file /home/shamim/airflow_venv/lib/python3.12/site-packages/airflow/example_dags/example_external_task_marker_dag.py for tasks to queue
[2025-03-10T14:36:16.206+0600] {logging_mixin.py:190} INFO - [2025-03-10T14:36:16.205+0600] {dagbag.py:588} INFO - Filling up the DagBag from /home/shamim/airflow_venv/lib/python3.12/site-packages/airflow/example_dags/example_external_task_marker_dag.py
[2025-03-10T14:36:16.221+0600] {processor.py:925} INFO - DAG(s) 'example_external_task_marker_parent', 'example_external_task_marker_child' retrieved from /home/shamim/airflow_venv/lib/python3.12/site-packages/airflow/example_dags/example_external_task_marker_dag.py
[2025-03-10T14:36:16.253+0600] {logging_mixin.py:190} INFO - [2025-03-10T14:36:16.252+0600] {dag.py:3239} INFO - Sync 2 DAGs
[2025-03-10T14:36:16.276+0600] {logging_mixin.py:190} INFO - [2025-03-10T14:36:16.276+0600] {dag.py:4180} INFO - Setting next_dagrun for example_external_task_marker_child to None, run_after=None
[2025-03-10T14:36:16.283+0600] {logging_mixin.py:190} INFO - [2025-03-10T14:36:16.282+0600] {dag.py:4180} INFO - Setting next_dagrun for example_external_task_marker_parent to None, run_after=None
[2025-03-10T14:36:16.314+0600] {processor.py:208} INFO - Processing /home/shamim/airflow_venv/lib/python3.12/site-packages/airflow/example_dags/example_external_task_marker_dag.py took 0.126 seconds
[2025-03-10T14:37:32.160+0600] {processor.py:186} INFO - Started process (PID=24007) to work on /home/shamim/airflow_venv/lib/python3.12/site-packages/airflow/example_dags/example_external_task_marker_dag.py
[2025-03-10T14:37:32.166+0600] {processor.py:914} INFO - Processing file /home/shamim/airflow_venv/lib/python3.12/site-packages/airflow/example_dags/example_external_task_marker_dag.py for tasks to queue
[2025-03-10T14:37:32.169+0600] {logging_mixin.py:190} INFO - [2025-03-10T14:37:32.168+0600] {dagbag.py:588} INFO - Filling up the DagBag from /home/shamim/airflow_venv/lib/python3.12/site-packages/airflow/example_dags/example_external_task_marker_dag.py
[2025-03-10T14:37:32.179+0600] {processor.py:925} INFO - DAG(s) 'example_external_task_marker_parent', 'example_external_task_marker_child' retrieved from /home/shamim/airflow_venv/lib/python3.12/site-packages/airflow/example_dags/example_external_task_marker_dag.py
[2025-03-10T14:37:32.201+0600] {logging_mixin.py:190} INFO - [2025-03-10T14:37:32.201+0600] {dag.py:3239} INFO - Sync 2 DAGs
[2025-03-10T14:37:32.220+0600] {logging_mixin.py:190} INFO - [2025-03-10T14:37:32.220+0600] {dag.py:4180} INFO - Setting next_dagrun for example_external_task_marker_child to None, run_after=None
[2025-03-10T14:37:32.225+0600] {logging_mixin.py:190} INFO - [2025-03-10T14:37:32.225+0600] {dag.py:4180} INFO - Setting next_dagrun for example_external_task_marker_parent to None, run_after=None
[2025-03-10T14:37:32.250+0600] {processor.py:208} INFO - Processing /home/shamim/airflow_venv/lib/python3.12/site-packages/airflow/example_dags/example_external_task_marker_dag.py took 0.097 seconds
[2025-03-10T14:38:50.398+0600] {processor.py:186} INFO - Started process (PID=24520) to work on /home/shamim/airflow_venv/lib/python3.12/site-packages/airflow/example_dags/example_external_task_marker_dag.py
[2025-03-10T14:38:50.402+0600] {processor.py:914} INFO - Processing file /home/shamim/airflow_venv/lib/python3.12/site-packages/airflow/example_dags/example_external_task_marker_dag.py for tasks to queue
[2025-03-10T14:38:50.405+0600] {logging_mixin.py:190} INFO - [2025-03-10T14:38:50.404+0600] {dagbag.py:588} INFO - Filling up the DagBag from /home/shamim/airflow_venv/lib/python3.12/site-packages/airflow/example_dags/example_external_task_marker_dag.py
[2025-03-10T14:38:50.417+0600] {processor.py:925} INFO - DAG(s) 'example_external_task_marker_child', 'example_external_task_marker_parent' retrieved from /home/shamim/airflow_venv/lib/python3.12/site-packages/airflow/example_dags/example_external_task_marker_dag.py
[2025-03-10T14:38:50.438+0600] {logging_mixin.py:190} INFO - [2025-03-10T14:38:50.438+0600] {dag.py:3239} INFO - Sync 2 DAGs
[2025-03-10T14:38:50.454+0600] {logging_mixin.py:190} INFO - [2025-03-10T14:38:50.454+0600] {dag.py:4180} INFO - Setting next_dagrun for example_external_task_marker_child to None, run_after=None
[2025-03-10T14:38:50.458+0600] {logging_mixin.py:190} INFO - [2025-03-10T14:38:50.458+0600] {dag.py:4180} INFO - Setting next_dagrun for example_external_task_marker_parent to None, run_after=None
[2025-03-10T14:38:50.479+0600] {processor.py:208} INFO - Processing /home/shamim/airflow_venv/lib/python3.12/site-packages/airflow/example_dags/example_external_task_marker_dag.py took 0.089 seconds
[2025-03-10T14:40:08.250+0600] {processor.py:186} INFO - Started process (PID=25783) to work on /home/shamim/airflow_venv/lib/python3.12/site-packages/airflow/example_dags/example_external_task_marker_dag.py
[2025-03-10T14:40:08.258+0600] {processor.py:914} INFO - Processing file /home/shamim/airflow_venv/lib/python3.12/site-packages/airflow/example_dags/example_external_task_marker_dag.py for tasks to queue
[2025-03-10T14:40:08.261+0600] {logging_mixin.py:190} INFO - [2025-03-10T14:40:08.261+0600] {dagbag.py:588} INFO - Filling up the DagBag from /home/shamim/airflow_venv/lib/python3.12/site-packages/airflow/example_dags/example_external_task_marker_dag.py
[2025-03-10T14:40:08.276+0600] {processor.py:925} INFO - DAG(s) 'example_external_task_marker_child', 'example_external_task_marker_parent' retrieved from /home/shamim/airflow_venv/lib/python3.12/site-packages/airflow/example_dags/example_external_task_marker_dag.py
[2025-03-10T14:40:08.308+0600] {logging_mixin.py:190} INFO - [2025-03-10T14:40:08.308+0600] {dag.py:3239} INFO - Sync 2 DAGs
[2025-03-10T14:40:08.326+0600] {logging_mixin.py:190} INFO - [2025-03-10T14:40:08.326+0600] {dag.py:4180} INFO - Setting next_dagrun for example_external_task_marker_child to None, run_after=None
[2025-03-10T14:40:08.331+0600] {logging_mixin.py:190} INFO - [2025-03-10T14:40:08.330+0600] {dag.py:4180} INFO - Setting next_dagrun for example_external_task_marker_parent to None, run_after=None
[2025-03-10T14:40:08.353+0600] {processor.py:208} INFO - Processing /home/shamim/airflow_venv/lib/python3.12/site-packages/airflow/example_dags/example_external_task_marker_dag.py took 0.114 seconds
[2025-03-10T14:41:38.292+0600] {processor.py:186} INFO - Started process (PID=26694) to work on /home/shamim/airflow_venv/lib/python3.12/site-packages/airflow/example_dags/example_external_task_marker_dag.py
[2025-03-10T14:41:38.295+0600] {processor.py:914} INFO - Processing file /home/shamim/airflow_venv/lib/python3.12/site-packages/airflow/example_dags/example_external_task_marker_dag.py for tasks to queue
[2025-03-10T14:41:38.298+0600] {logging_mixin.py:190} INFO - [2025-03-10T14:41:38.298+0600] {dagbag.py:588} INFO - Filling up the DagBag from /home/shamim/airflow_venv/lib/python3.12/site-packages/airflow/example_dags/example_external_task_marker_dag.py
[2025-03-10T14:41:38.310+0600] {processor.py:925} INFO - DAG(s) 'example_external_task_marker_child', 'example_external_task_marker_parent' retrieved from /home/shamim/airflow_venv/lib/python3.12/site-packages/airflow/example_dags/example_external_task_marker_dag.py
[2025-03-10T14:41:38.332+0600] {logging_mixin.py:190} INFO - [2025-03-10T14:41:38.332+0600] {dag.py:3239} INFO - Sync 2 DAGs
[2025-03-10T14:41:38.348+0600] {logging_mixin.py:190} INFO - [2025-03-10T14:41:38.348+0600] {dag.py:4180} INFO - Setting next_dagrun for example_external_task_marker_child to None, run_after=None
[2025-03-10T14:41:38.352+0600] {logging_mixin.py:190} INFO - [2025-03-10T14:41:38.352+0600] {dag.py:4180} INFO - Setting next_dagrun for example_external_task_marker_parent to None, run_after=None
[2025-03-10T14:41:38.374+0600] {processor.py:208} INFO - Processing /home/shamim/airflow_venv/lib/python3.12/site-packages/airflow/example_dags/example_external_task_marker_dag.py took 0.089 seconds
[2025-03-10T14:43:05.995+0600] {processor.py:186} INFO - Started process (PID=27695) to work on /home/shamim/airflow_venv/lib/python3.12/site-packages/airflow/example_dags/example_external_task_marker_dag.py
[2025-03-10T14:43:06.001+0600] {processor.py:914} INFO - Processing file /home/shamim/airflow_venv/lib/python3.12/site-packages/airflow/example_dags/example_external_task_marker_dag.py for tasks to queue
[2025-03-10T14:43:06.004+0600] {logging_mixin.py:190} INFO - [2025-03-10T14:43:06.003+0600] {dagbag.py:588} INFO - Filling up the DagBag from /home/shamim/airflow_venv/lib/python3.12/site-packages/airflow/example_dags/example_external_task_marker_dag.py
[2025-03-10T14:43:06.018+0600] {processor.py:925} INFO - DAG(s) 'example_external_task_marker_parent', 'example_external_task_marker_child' retrieved from /home/shamim/airflow_venv/lib/python3.12/site-packages/airflow/example_dags/example_external_task_marker_dag.py
[2025-03-10T14:43:06.045+0600] {logging_mixin.py:190} INFO - [2025-03-10T14:43:06.045+0600] {dag.py:3239} INFO - Sync 2 DAGs
[2025-03-10T14:43:06.065+0600] {logging_mixin.py:190} INFO - [2025-03-10T14:43:06.065+0600] {dag.py:4180} INFO - Setting next_dagrun for example_external_task_marker_child to None, run_after=None
[2025-03-10T14:43:06.070+0600] {logging_mixin.py:190} INFO - [2025-03-10T14:43:06.069+0600] {dag.py:4180} INFO - Setting next_dagrun for example_external_task_marker_parent to None, run_after=None
[2025-03-10T14:43:06.108+0600] {processor.py:208} INFO - Processing /home/shamim/airflow_venv/lib/python3.12/site-packages/airflow/example_dags/example_external_task_marker_dag.py took 0.123 seconds
[2025-03-10T14:44:44.460+0600] {processor.py:186} INFO - Started process (PID=28692) to work on /home/shamim/airflow_venv/lib/python3.12/site-packages/airflow/example_dags/example_external_task_marker_dag.py
[2025-03-10T14:44:44.467+0600] {processor.py:914} INFO - Processing file /home/shamim/airflow_venv/lib/python3.12/site-packages/airflow/example_dags/example_external_task_marker_dag.py for tasks to queue
[2025-03-10T14:44:44.475+0600] {logging_mixin.py:190} INFO - [2025-03-10T14:44:44.473+0600] {dagbag.py:588} INFO - Filling up the DagBag from /home/shamim/airflow_venv/lib/python3.12/site-packages/airflow/example_dags/example_external_task_marker_dag.py
[2025-03-10T14:44:44.494+0600] {processor.py:925} INFO - DAG(s) 'example_external_task_marker_child', 'example_external_task_marker_parent' retrieved from /home/shamim/airflow_venv/lib/python3.12/site-packages/airflow/example_dags/example_external_task_marker_dag.py
[2025-03-10T14:44:44.518+0600] {logging_mixin.py:190} INFO - [2025-03-10T14:44:44.518+0600] {dag.py:3239} INFO - Sync 2 DAGs
[2025-03-10T14:44:44.536+0600] {logging_mixin.py:190} INFO - [2025-03-10T14:44:44.535+0600] {dag.py:4180} INFO - Setting next_dagrun for example_external_task_marker_child to None, run_after=None
[2025-03-10T14:44:44.540+0600] {logging_mixin.py:190} INFO - [2025-03-10T14:44:44.539+0600] {dag.py:4180} INFO - Setting next_dagrun for example_external_task_marker_parent to None, run_after=None
[2025-03-10T14:44:44.565+0600] {processor.py:208} INFO - Processing /home/shamim/airflow_venv/lib/python3.12/site-packages/airflow/example_dags/example_external_task_marker_dag.py took 0.113 seconds
[2025-03-10T14:46:09.820+0600] {processor.py:186} INFO - Started process (PID=29226) to work on /home/shamim/airflow_venv/lib/python3.12/site-packages/airflow/example_dags/example_external_task_marker_dag.py
[2025-03-10T14:46:09.824+0600] {processor.py:914} INFO - Processing file /home/shamim/airflow_venv/lib/python3.12/site-packages/airflow/example_dags/example_external_task_marker_dag.py for tasks to queue
[2025-03-10T14:46:09.827+0600] {logging_mixin.py:190} INFO - [2025-03-10T14:46:09.826+0600] {dagbag.py:588} INFO - Filling up the DagBag from /home/shamim/airflow_venv/lib/python3.12/site-packages/airflow/example_dags/example_external_task_marker_dag.py
[2025-03-10T14:46:09.840+0600] {processor.py:925} INFO - DAG(s) 'example_external_task_marker_child', 'example_external_task_marker_parent' retrieved from /home/shamim/airflow_venv/lib/python3.12/site-packages/airflow/example_dags/example_external_task_marker_dag.py
[2025-03-10T14:46:09.867+0600] {logging_mixin.py:190} INFO - [2025-03-10T14:46:09.867+0600] {dag.py:3239} INFO - Sync 2 DAGs
[2025-03-10T14:46:09.885+0600] {logging_mixin.py:190} INFO - [2025-03-10T14:46:09.885+0600] {dag.py:4180} INFO - Setting next_dagrun for example_external_task_marker_child to None, run_after=None
[2025-03-10T14:46:09.890+0600] {logging_mixin.py:190} INFO - [2025-03-10T14:46:09.890+0600] {dag.py:4180} INFO - Setting next_dagrun for example_external_task_marker_parent to None, run_after=None
[2025-03-10T14:46:09.914+0600] {processor.py:208} INFO - Processing /home/shamim/airflow_venv/lib/python3.12/site-packages/airflow/example_dags/example_external_task_marker_dag.py took 0.103 seconds
[2025-03-10T14:47:37.423+0600] {processor.py:186} INFO - Started process (PID=29866) to work on /home/shamim/airflow_venv/lib/python3.12/site-packages/airflow/example_dags/example_external_task_marker_dag.py
[2025-03-10T14:47:37.430+0600] {processor.py:914} INFO - Processing file /home/shamim/airflow_venv/lib/python3.12/site-packages/airflow/example_dags/example_external_task_marker_dag.py for tasks to queue
[2025-03-10T14:47:37.433+0600] {logging_mixin.py:190} INFO - [2025-03-10T14:47:37.432+0600] {dagbag.py:588} INFO - Filling up the DagBag from /home/shamim/airflow_venv/lib/python3.12/site-packages/airflow/example_dags/example_external_task_marker_dag.py
[2025-03-10T14:47:37.447+0600] {processor.py:925} INFO - DAG(s) 'example_external_task_marker_child', 'example_external_task_marker_parent' retrieved from /home/shamim/airflow_venv/lib/python3.12/site-packages/airflow/example_dags/example_external_task_marker_dag.py
[2025-03-10T14:47:37.478+0600] {logging_mixin.py:190} INFO - [2025-03-10T14:47:37.478+0600] {dag.py:3239} INFO - Sync 2 DAGs
[2025-03-10T14:47:37.497+0600] {logging_mixin.py:190} INFO - [2025-03-10T14:47:37.496+0600] {dag.py:4180} INFO - Setting next_dagrun for example_external_task_marker_child to None, run_after=None
[2025-03-10T14:47:37.502+0600] {logging_mixin.py:190} INFO - [2025-03-10T14:47:37.502+0600] {dag.py:4180} INFO - Setting next_dagrun for example_external_task_marker_parent to None, run_after=None
[2025-03-10T14:47:37.532+0600] {processor.py:208} INFO - Processing /home/shamim/airflow_venv/lib/python3.12/site-packages/airflow/example_dags/example_external_task_marker_dag.py took 0.117 seconds
[2025-03-10T14:49:02.113+0600] {processor.py:186} INFO - Started process (PID=30488) to work on /home/shamim/airflow_venv/lib/python3.12/site-packages/airflow/example_dags/example_external_task_marker_dag.py
[2025-03-10T14:49:02.120+0600] {processor.py:914} INFO - Processing file /home/shamim/airflow_venv/lib/python3.12/site-packages/airflow/example_dags/example_external_task_marker_dag.py for tasks to queue
[2025-03-10T14:49:02.123+0600] {logging_mixin.py:190} INFO - [2025-03-10T14:49:02.122+0600] {dagbag.py:588} INFO - Filling up the DagBag from /home/shamim/airflow_venv/lib/python3.12/site-packages/airflow/example_dags/example_external_task_marker_dag.py
[2025-03-10T14:49:02.133+0600] {processor.py:925} INFO - DAG(s) 'example_external_task_marker_child', 'example_external_task_marker_parent' retrieved from /home/shamim/airflow_venv/lib/python3.12/site-packages/airflow/example_dags/example_external_task_marker_dag.py
[2025-03-10T14:49:02.156+0600] {logging_mixin.py:190} INFO - [2025-03-10T14:49:02.156+0600] {dag.py:3239} INFO - Sync 2 DAGs
[2025-03-10T14:49:02.173+0600] {logging_mixin.py:190} INFO - [2025-03-10T14:49:02.173+0600] {dag.py:4180} INFO - Setting next_dagrun for example_external_task_marker_child to None, run_after=None
[2025-03-10T14:49:02.177+0600] {logging_mixin.py:190} INFO - [2025-03-10T14:49:02.177+0600] {dag.py:4180} INFO - Setting next_dagrun for example_external_task_marker_parent to None, run_after=None
[2025-03-10T14:49:02.210+0600] {processor.py:208} INFO - Processing /home/shamim/airflow_venv/lib/python3.12/site-packages/airflow/example_dags/example_external_task_marker_dag.py took 0.104 seconds
[2025-03-10T14:50:34.845+0600] {processor.py:186} INFO - Started process (PID=31041) to work on /home/shamim/airflow_venv/lib/python3.12/site-packages/airflow/example_dags/example_external_task_marker_dag.py
[2025-03-10T14:50:34.848+0600] {processor.py:914} INFO - Processing file /home/shamim/airflow_venv/lib/python3.12/site-packages/airflow/example_dags/example_external_task_marker_dag.py for tasks to queue
[2025-03-10T14:50:34.858+0600] {logging_mixin.py:190} INFO - [2025-03-10T14:50:34.857+0600] {dagbag.py:588} INFO - Filling up the DagBag from /home/shamim/airflow_venv/lib/python3.12/site-packages/airflow/example_dags/example_external_task_marker_dag.py
[2025-03-10T14:50:34.877+0600] {processor.py:925} INFO - DAG(s) 'example_external_task_marker_child', 'example_external_task_marker_parent' retrieved from /home/shamim/airflow_venv/lib/python3.12/site-packages/airflow/example_dags/example_external_task_marker_dag.py
[2025-03-10T14:50:34.914+0600] {logging_mixin.py:190} INFO - [2025-03-10T14:50:34.914+0600] {dag.py:3239} INFO - Sync 2 DAGs
[2025-03-10T14:50:34.938+0600] {logging_mixin.py:190} INFO - [2025-03-10T14:50:34.938+0600] {dag.py:4180} INFO - Setting next_dagrun for example_external_task_marker_child to None, run_after=None
[2025-03-10T14:50:34.943+0600] {logging_mixin.py:190} INFO - [2025-03-10T14:50:34.943+0600] {dag.py:4180} INFO - Setting next_dagrun for example_external_task_marker_parent to None, run_after=None
[2025-03-10T14:50:34.967+0600] {processor.py:208} INFO - Processing /home/shamim/airflow_venv/lib/python3.12/site-packages/airflow/example_dags/example_external_task_marker_dag.py took 0.133 seconds
[2025-03-10T14:52:10.150+0600] {processor.py:186} INFO - Started process (PID=31639) to work on /home/shamim/airflow_venv/lib/python3.12/site-packages/airflow/example_dags/example_external_task_marker_dag.py
[2025-03-10T14:52:10.156+0600] {processor.py:914} INFO - Processing file /home/shamim/airflow_venv/lib/python3.12/site-packages/airflow/example_dags/example_external_task_marker_dag.py for tasks to queue
[2025-03-10T14:52:10.159+0600] {logging_mixin.py:190} INFO - [2025-03-10T14:52:10.158+0600] {dagbag.py:588} INFO - Filling up the DagBag from /home/shamim/airflow_venv/lib/python3.12/site-packages/airflow/example_dags/example_external_task_marker_dag.py
[2025-03-10T14:52:10.170+0600] {processor.py:925} INFO - DAG(s) 'example_external_task_marker_parent', 'example_external_task_marker_child' retrieved from /home/shamim/airflow_venv/lib/python3.12/site-packages/airflow/example_dags/example_external_task_marker_dag.py
[2025-03-10T14:52:10.192+0600] {logging_mixin.py:190} INFO - [2025-03-10T14:52:10.192+0600] {dag.py:3239} INFO - Sync 2 DAGs
[2025-03-10T14:52:10.340+0600] {logging_mixin.py:190} INFO - [2025-03-10T14:52:10.339+0600] {dag.py:4180} INFO - Setting next_dagrun for example_external_task_marker_child to None, run_after=None
[2025-03-10T14:52:10.344+0600] {logging_mixin.py:190} INFO - [2025-03-10T14:52:10.344+0600] {dag.py:4180} INFO - Setting next_dagrun for example_external_task_marker_parent to None, run_after=None
[2025-03-10T14:52:10.369+0600] {processor.py:208} INFO - Processing /home/shamim/airflow_venv/lib/python3.12/site-packages/airflow/example_dags/example_external_task_marker_dag.py took 0.226 seconds
[2025-03-10T14:53:50.230+0600] {processor.py:186} INFO - Started process (PID=32358) to work on /home/shamim/airflow_venv/lib/python3.12/site-packages/airflow/example_dags/example_external_task_marker_dag.py
[2025-03-10T14:53:50.237+0600] {processor.py:914} INFO - Processing file /home/shamim/airflow_venv/lib/python3.12/site-packages/airflow/example_dags/example_external_task_marker_dag.py for tasks to queue
[2025-03-10T14:53:50.240+0600] {logging_mixin.py:190} INFO - [2025-03-10T14:53:50.239+0600] {dagbag.py:588} INFO - Filling up the DagBag from /home/shamim/airflow_venv/lib/python3.12/site-packages/airflow/example_dags/example_external_task_marker_dag.py
[2025-03-10T14:53:50.255+0600] {processor.py:925} INFO - DAG(s) 'example_external_task_marker_parent', 'example_external_task_marker_child' retrieved from /home/shamim/airflow_venv/lib/python3.12/site-packages/airflow/example_dags/example_external_task_marker_dag.py
[2025-03-10T14:53:50.287+0600] {logging_mixin.py:190} INFO - [2025-03-10T14:53:50.287+0600] {dag.py:3239} INFO - Sync 2 DAGs
[2025-03-10T14:53:50.445+0600] {logging_mixin.py:190} INFO - [2025-03-10T14:53:50.444+0600] {dag.py:4180} INFO - Setting next_dagrun for example_external_task_marker_child to None, run_after=None
[2025-03-10T14:53:50.449+0600] {logging_mixin.py:190} INFO - [2025-03-10T14:53:50.449+0600] {dag.py:4180} INFO - Setting next_dagrun for example_external_task_marker_parent to None, run_after=None
[2025-03-10T14:53:50.474+0600] {processor.py:208} INFO - Processing /home/shamim/airflow_venv/lib/python3.12/site-packages/airflow/example_dags/example_external_task_marker_dag.py took 0.253 seconds
[2025-03-10T14:55:32.297+0600] {processor.py:186} INFO - Started process (PID=33480) to work on /home/shamim/airflow_venv/lib/python3.12/site-packages/airflow/example_dags/example_external_task_marker_dag.py
[2025-03-10T14:55:32.299+0600] {processor.py:914} INFO - Processing file /home/shamim/airflow_venv/lib/python3.12/site-packages/airflow/example_dags/example_external_task_marker_dag.py for tasks to queue
[2025-03-10T14:55:32.302+0600] {logging_mixin.py:190} INFO - [2025-03-10T14:55:32.302+0600] {dagbag.py:588} INFO - Filling up the DagBag from /home/shamim/airflow_venv/lib/python3.12/site-packages/airflow/example_dags/example_external_task_marker_dag.py
[2025-03-10T14:55:32.314+0600] {processor.py:925} INFO - DAG(s) 'example_external_task_marker_child', 'example_external_task_marker_parent' retrieved from /home/shamim/airflow_venv/lib/python3.12/site-packages/airflow/example_dags/example_external_task_marker_dag.py
[2025-03-10T14:55:32.346+0600] {logging_mixin.py:190} INFO - [2025-03-10T14:55:32.345+0600] {dag.py:3239} INFO - Sync 2 DAGs
[2025-03-10T14:55:32.369+0600] {logging_mixin.py:190} INFO - [2025-03-10T14:55:32.369+0600] {dag.py:4180} INFO - Setting next_dagrun for example_external_task_marker_child to None, run_after=None
[2025-03-10T14:55:32.374+0600] {logging_mixin.py:190} INFO - [2025-03-10T14:55:32.374+0600] {dag.py:4180} INFO - Setting next_dagrun for example_external_task_marker_parent to None, run_after=None
[2025-03-10T14:55:32.401+0600] {processor.py:208} INFO - Processing /home/shamim/airflow_venv/lib/python3.12/site-packages/airflow/example_dags/example_external_task_marker_dag.py took 0.111 seconds
[2025-03-10T14:57:05.849+0600] {processor.py:186} INFO - Started process (PID=34057) to work on /home/shamim/airflow_venv/lib/python3.12/site-packages/airflow/example_dags/example_external_task_marker_dag.py
[2025-03-10T14:57:05.851+0600] {processor.py:914} INFO - Processing file /home/shamim/airflow_venv/lib/python3.12/site-packages/airflow/example_dags/example_external_task_marker_dag.py for tasks to queue
[2025-03-10T14:57:05.855+0600] {logging_mixin.py:190} INFO - [2025-03-10T14:57:05.854+0600] {dagbag.py:588} INFO - Filling up the DagBag from /home/shamim/airflow_venv/lib/python3.12/site-packages/airflow/example_dags/example_external_task_marker_dag.py
[2025-03-10T14:57:05.867+0600] {processor.py:925} INFO - DAG(s) 'example_external_task_marker_parent', 'example_external_task_marker_child' retrieved from /home/shamim/airflow_venv/lib/python3.12/site-packages/airflow/example_dags/example_external_task_marker_dag.py
[2025-03-10T14:57:05.892+0600] {logging_mixin.py:190} INFO - [2025-03-10T14:57:05.891+0600] {dag.py:3239} INFO - Sync 2 DAGs
[2025-03-10T14:57:05.909+0600] {logging_mixin.py:190} INFO - [2025-03-10T14:57:05.909+0600] {dag.py:4180} INFO - Setting next_dagrun for example_external_task_marker_child to None, run_after=None
[2025-03-10T14:57:05.914+0600] {logging_mixin.py:190} INFO - [2025-03-10T14:57:05.914+0600] {dag.py:4180} INFO - Setting next_dagrun for example_external_task_marker_parent to None, run_after=None
[2025-03-10T14:57:05.942+0600] {processor.py:208} INFO - Processing /home/shamim/airflow_venv/lib/python3.12/site-packages/airflow/example_dags/example_external_task_marker_dag.py took 0.103 seconds
[2025-03-10T14:58:35.148+0600] {processor.py:186} INFO - Started process (PID=34692) to work on /home/shamim/airflow_venv/lib/python3.12/site-packages/airflow/example_dags/example_external_task_marker_dag.py
[2025-03-10T14:58:35.154+0600] {processor.py:914} INFO - Processing file /home/shamim/airflow_venv/lib/python3.12/site-packages/airflow/example_dags/example_external_task_marker_dag.py for tasks to queue
[2025-03-10T14:58:35.157+0600] {logging_mixin.py:190} INFO - [2025-03-10T14:58:35.156+0600] {dagbag.py:588} INFO - Filling up the DagBag from /home/shamim/airflow_venv/lib/python3.12/site-packages/airflow/example_dags/example_external_task_marker_dag.py
[2025-03-10T14:58:35.169+0600] {processor.py:925} INFO - DAG(s) 'example_external_task_marker_child', 'example_external_task_marker_parent' retrieved from /home/shamim/airflow_venv/lib/python3.12/site-packages/airflow/example_dags/example_external_task_marker_dag.py
[2025-03-10T14:58:35.199+0600] {logging_mixin.py:190} INFO - [2025-03-10T14:58:35.198+0600] {dag.py:3239} INFO - Sync 2 DAGs
[2025-03-10T14:58:35.216+0600] {logging_mixin.py:190} INFO - [2025-03-10T14:58:35.216+0600] {dag.py:4180} INFO - Setting next_dagrun for example_external_task_marker_child to None, run_after=None
[2025-03-10T14:58:35.220+0600] {logging_mixin.py:190} INFO - [2025-03-10T14:58:35.219+0600] {dag.py:4180} INFO - Setting next_dagrun for example_external_task_marker_parent to None, run_after=None
[2025-03-10T14:58:35.245+0600] {processor.py:208} INFO - Processing /home/shamim/airflow_venv/lib/python3.12/site-packages/airflow/example_dags/example_external_task_marker_dag.py took 0.109 seconds
[2025-03-10T15:00:08.521+0600] {processor.py:186} INFO - Started process (PID=35584) to work on /home/shamim/airflow_venv/lib/python3.12/site-packages/airflow/example_dags/example_external_task_marker_dag.py
[2025-03-10T15:00:08.522+0600] {processor.py:914} INFO - Processing file /home/shamim/airflow_venv/lib/python3.12/site-packages/airflow/example_dags/example_external_task_marker_dag.py for tasks to queue
[2025-03-10T15:00:08.525+0600] {logging_mixin.py:190} INFO - [2025-03-10T15:00:08.524+0600] {dagbag.py:588} INFO - Filling up the DagBag from /home/shamim/airflow_venv/lib/python3.12/site-packages/airflow/example_dags/example_external_task_marker_dag.py
[2025-03-10T15:00:08.537+0600] {processor.py:925} INFO - DAG(s) 'example_external_task_marker_child', 'example_external_task_marker_parent' retrieved from /home/shamim/airflow_venv/lib/python3.12/site-packages/airflow/example_dags/example_external_task_marker_dag.py
[2025-03-10T15:00:08.560+0600] {logging_mixin.py:190} INFO - [2025-03-10T15:00:08.560+0600] {dag.py:3239} INFO - Sync 2 DAGs
[2025-03-10T15:00:08.578+0600] {logging_mixin.py:190} INFO - [2025-03-10T15:00:08.578+0600] {dag.py:4180} INFO - Setting next_dagrun for example_external_task_marker_child to None, run_after=None
[2025-03-10T15:00:08.582+0600] {logging_mixin.py:190} INFO - [2025-03-10T15:00:08.582+0600] {dag.py:4180} INFO - Setting next_dagrun for example_external_task_marker_parent to None, run_after=None
[2025-03-10T15:00:08.608+0600] {processor.py:208} INFO - Processing /home/shamim/airflow_venv/lib/python3.12/site-packages/airflow/example_dags/example_external_task_marker_dag.py took 0.095 seconds
[2025-03-10T15:01:44.775+0600] {processor.py:186} INFO - Started process (PID=36477) to work on /home/shamim/airflow_venv/lib/python3.12/site-packages/airflow/example_dags/example_external_task_marker_dag.py
[2025-03-10T15:01:44.778+0600] {processor.py:914} INFO - Processing file /home/shamim/airflow_venv/lib/python3.12/site-packages/airflow/example_dags/example_external_task_marker_dag.py for tasks to queue
[2025-03-10T15:01:44.781+0600] {logging_mixin.py:190} INFO - [2025-03-10T15:01:44.780+0600] {dagbag.py:588} INFO - Filling up the DagBag from /home/shamim/airflow_venv/lib/python3.12/site-packages/airflow/example_dags/example_external_task_marker_dag.py
[2025-03-10T15:01:44.791+0600] {processor.py:925} INFO - DAG(s) 'example_external_task_marker_child', 'example_external_task_marker_parent' retrieved from /home/shamim/airflow_venv/lib/python3.12/site-packages/airflow/example_dags/example_external_task_marker_dag.py
[2025-03-10T15:01:44.822+0600] {logging_mixin.py:190} INFO - [2025-03-10T15:01:44.822+0600] {dag.py:3239} INFO - Sync 2 DAGs
[2025-03-10T15:01:44.847+0600] {logging_mixin.py:190} INFO - [2025-03-10T15:01:44.847+0600] {dag.py:4180} INFO - Setting next_dagrun for example_external_task_marker_child to None, run_after=None
[2025-03-10T15:01:44.853+0600] {logging_mixin.py:190} INFO - [2025-03-10T15:01:44.853+0600] {dag.py:4180} INFO - Setting next_dagrun for example_external_task_marker_parent to None, run_after=None
[2025-03-10T15:01:44.903+0600] {processor.py:208} INFO - Processing /home/shamim/airflow_venv/lib/python3.12/site-packages/airflow/example_dags/example_external_task_marker_dag.py took 0.135 seconds
[2025-03-10T15:03:13.664+0600] {processor.py:186} INFO - Started process (PID=37221) to work on /home/shamim/airflow_venv/lib/python3.12/site-packages/airflow/example_dags/example_external_task_marker_dag.py
[2025-03-10T15:03:13.670+0600] {processor.py:914} INFO - Processing file /home/shamim/airflow_venv/lib/python3.12/site-packages/airflow/example_dags/example_external_task_marker_dag.py for tasks to queue
[2025-03-10T15:03:13.673+0600] {logging_mixin.py:190} INFO - [2025-03-10T15:03:13.672+0600] {dagbag.py:588} INFO - Filling up the DagBag from /home/shamim/airflow_venv/lib/python3.12/site-packages/airflow/example_dags/example_external_task_marker_dag.py
[2025-03-10T15:03:13.685+0600] {processor.py:925} INFO - DAG(s) 'example_external_task_marker_parent', 'example_external_task_marker_child' retrieved from /home/shamim/airflow_venv/lib/python3.12/site-packages/airflow/example_dags/example_external_task_marker_dag.py
[2025-03-10T15:03:13.710+0600] {logging_mixin.py:190} INFO - [2025-03-10T15:03:13.710+0600] {dag.py:3239} INFO - Sync 2 DAGs
[2025-03-10T15:03:13.728+0600] {logging_mixin.py:190} INFO - [2025-03-10T15:03:13.728+0600] {dag.py:4180} INFO - Setting next_dagrun for example_external_task_marker_child to None, run_after=None
[2025-03-10T15:03:13.732+0600] {logging_mixin.py:190} INFO - [2025-03-10T15:03:13.732+0600] {dag.py:4180} INFO - Setting next_dagrun for example_external_task_marker_parent to None, run_after=None
[2025-03-10T15:03:13.759+0600] {processor.py:208} INFO - Processing /home/shamim/airflow_venv/lib/python3.12/site-packages/airflow/example_dags/example_external_task_marker_dag.py took 0.102 seconds
[2025-03-10T15:04:32.775+0600] {processor.py:186} INFO - Started process (PID=37689) to work on /home/shamim/airflow_venv/lib/python3.12/site-packages/airflow/example_dags/example_external_task_marker_dag.py
[2025-03-10T15:04:32.778+0600] {processor.py:914} INFO - Processing file /home/shamim/airflow_venv/lib/python3.12/site-packages/airflow/example_dags/example_external_task_marker_dag.py for tasks to queue
[2025-03-10T15:04:32.781+0600] {logging_mixin.py:190} INFO - [2025-03-10T15:04:32.780+0600] {dagbag.py:588} INFO - Filling up the DagBag from /home/shamim/airflow_venv/lib/python3.12/site-packages/airflow/example_dags/example_external_task_marker_dag.py
[2025-03-10T15:04:32.792+0600] {processor.py:925} INFO - DAG(s) 'example_external_task_marker_parent', 'example_external_task_marker_child' retrieved from /home/shamim/airflow_venv/lib/python3.12/site-packages/airflow/example_dags/example_external_task_marker_dag.py
[2025-03-10T15:04:32.815+0600] {logging_mixin.py:190} INFO - [2025-03-10T15:04:32.814+0600] {dag.py:3239} INFO - Sync 2 DAGs
[2025-03-10T15:04:32.830+0600] {logging_mixin.py:190} INFO - [2025-03-10T15:04:32.830+0600] {dag.py:4180} INFO - Setting next_dagrun for example_external_task_marker_child to None, run_after=None
[2025-03-10T15:04:32.834+0600] {logging_mixin.py:190} INFO - [2025-03-10T15:04:32.834+0600] {dag.py:4180} INFO - Setting next_dagrun for example_external_task_marker_parent to None, run_after=None
[2025-03-10T15:04:32.857+0600] {processor.py:208} INFO - Processing /home/shamim/airflow_venv/lib/python3.12/site-packages/airflow/example_dags/example_external_task_marker_dag.py took 0.089 seconds
