[2025-03-10T13:53:17.168+0600] {processor.py:186} INFO - Started process (PID=4814) to work on /home/shamim/airflow_venv/lib/python3.12/site-packages/airflow/example_dags/example_dynamic_task_mapping_with_no_taskflow_operators.py
[2025-03-10T13:53:17.169+0600] {processor.py:914} INFO - Processing file /home/shamim/airflow_venv/lib/python3.12/site-packages/airflow/example_dags/example_dynamic_task_mapping_with_no_taskflow_operators.py for tasks to queue
[2025-03-10T13:53:17.172+0600] {logging_mixin.py:190} INFO - [2025-03-10T13:53:17.171+0600] {dagbag.py:588} INFO - Filling up the DagBag from /home/shamim/airflow_venv/lib/python3.12/site-packages/airflow/example_dags/example_dynamic_task_mapping_with_no_taskflow_operators.py
[2025-03-10T13:53:17.183+0600] {processor.py:925} INFO - DAG(s) 'example_dynamic_task_mapping_with_no_taskflow_operators' retrieved from /home/shamim/airflow_venv/lib/python3.12/site-packages/airflow/example_dags/example_dynamic_task_mapping_with_no_taskflow_operators.py
[2025-03-10T13:53:17.201+0600] {logging_mixin.py:190} INFO - [2025-03-10T13:53:17.200+0600] {dag.py:3239} INFO - Sync 1 DAGs
[2025-03-10T13:53:17.215+0600] {logging_mixin.py:190} INFO - [2025-03-10T13:53:17.215+0600] {dag.py:4180} INFO - Setting next_dagrun for example_dynamic_task_mapping_with_no_taskflow_operators to None, run_after=None
[2025-03-10T13:53:17.255+0600] {processor.py:208} INFO - Processing /home/shamim/airflow_venv/lib/python3.12/site-packages/airflow/example_dags/example_dynamic_task_mapping_with_no_taskflow_operators.py took 0.093 seconds
[2025-03-10T13:54:54.854+0600] {processor.py:186} INFO - Started process (PID=5385) to work on /home/shamim/airflow_venv/lib/python3.12/site-packages/airflow/example_dags/example_dynamic_task_mapping_with_no_taskflow_operators.py
[2025-03-10T13:54:54.861+0600] {processor.py:914} INFO - Processing file /home/shamim/airflow_venv/lib/python3.12/site-packages/airflow/example_dags/example_dynamic_task_mapping_with_no_taskflow_operators.py for tasks to queue
[2025-03-10T13:54:54.863+0600] {logging_mixin.py:190} INFO - [2025-03-10T13:54:54.863+0600] {dagbag.py:588} INFO - Filling up the DagBag from /home/shamim/airflow_venv/lib/python3.12/site-packages/airflow/example_dags/example_dynamic_task_mapping_with_no_taskflow_operators.py
[2025-03-10T13:54:54.873+0600] {processor.py:925} INFO - DAG(s) 'example_dynamic_task_mapping_with_no_taskflow_operators' retrieved from /home/shamim/airflow_venv/lib/python3.12/site-packages/airflow/example_dags/example_dynamic_task_mapping_with_no_taskflow_operators.py
[2025-03-10T13:54:54.891+0600] {logging_mixin.py:190} INFO - [2025-03-10T13:54:54.891+0600] {dag.py:3239} INFO - Sync 1 DAGs
[2025-03-10T13:54:54.906+0600] {logging_mixin.py:190} INFO - [2025-03-10T13:54:54.906+0600] {dag.py:4180} INFO - Setting next_dagrun for example_dynamic_task_mapping_with_no_taskflow_operators to None, run_after=None
[2025-03-10T13:54:54.940+0600] {processor.py:208} INFO - Processing /home/shamim/airflow_venv/lib/python3.12/site-packages/airflow/example_dags/example_dynamic_task_mapping_with_no_taskflow_operators.py took 0.092 seconds
[2025-03-10T13:56:23.660+0600] {processor.py:186} INFO - Started process (PID=5847) to work on /home/shamim/airflow_venv/lib/python3.12/site-packages/airflow/example_dags/example_dynamic_task_mapping_with_no_taskflow_operators.py
[2025-03-10T13:56:23.666+0600] {processor.py:914} INFO - Processing file /home/shamim/airflow_venv/lib/python3.12/site-packages/airflow/example_dags/example_dynamic_task_mapping_with_no_taskflow_operators.py for tasks to queue
[2025-03-10T13:56:23.669+0600] {logging_mixin.py:190} INFO - [2025-03-10T13:56:23.668+0600] {dagbag.py:588} INFO - Filling up the DagBag from /home/shamim/airflow_venv/lib/python3.12/site-packages/airflow/example_dags/example_dynamic_task_mapping_with_no_taskflow_operators.py
[2025-03-10T13:56:23.679+0600] {processor.py:925} INFO - DAG(s) 'example_dynamic_task_mapping_with_no_taskflow_operators' retrieved from /home/shamim/airflow_venv/lib/python3.12/site-packages/airflow/example_dags/example_dynamic_task_mapping_with_no_taskflow_operators.py
[2025-03-10T13:56:23.697+0600] {logging_mixin.py:190} INFO - [2025-03-10T13:56:23.697+0600] {dag.py:3239} INFO - Sync 1 DAGs
[2025-03-10T13:56:23.712+0600] {logging_mixin.py:190} INFO - [2025-03-10T13:56:23.712+0600] {dag.py:4180} INFO - Setting next_dagrun for example_dynamic_task_mapping_with_no_taskflow_operators to None, run_after=None
[2025-03-10T13:56:23.750+0600] {processor.py:208} INFO - Processing /home/shamim/airflow_venv/lib/python3.12/site-packages/airflow/example_dags/example_dynamic_task_mapping_with_no_taskflow_operators.py took 0.098 seconds
[2025-03-10T13:58:01.765+0600] {processor.py:186} INFO - Started process (PID=6442) to work on /home/shamim/airflow_venv/lib/python3.12/site-packages/airflow/example_dags/example_dynamic_task_mapping_with_no_taskflow_operators.py
[2025-03-10T13:58:01.782+0600] {processor.py:914} INFO - Processing file /home/shamim/airflow_venv/lib/python3.12/site-packages/airflow/example_dags/example_dynamic_task_mapping_with_no_taskflow_operators.py for tasks to queue
[2025-03-10T13:58:01.786+0600] {logging_mixin.py:190} INFO - [2025-03-10T13:58:01.785+0600] {dagbag.py:588} INFO - Filling up the DagBag from /home/shamim/airflow_venv/lib/python3.12/site-packages/airflow/example_dags/example_dynamic_task_mapping_with_no_taskflow_operators.py
[2025-03-10T13:58:01.800+0600] {processor.py:925} INFO - DAG(s) 'example_dynamic_task_mapping_with_no_taskflow_operators' retrieved from /home/shamim/airflow_venv/lib/python3.12/site-packages/airflow/example_dags/example_dynamic_task_mapping_with_no_taskflow_operators.py
[2025-03-10T13:58:01.826+0600] {logging_mixin.py:190} INFO - [2025-03-10T13:58:01.825+0600] {dag.py:3239} INFO - Sync 1 DAGs
[2025-03-10T13:58:01.846+0600] {logging_mixin.py:190} INFO - [2025-03-10T13:58:01.845+0600] {dag.py:4180} INFO - Setting next_dagrun for example_dynamic_task_mapping_with_no_taskflow_operators to None, run_after=None
[2025-03-10T13:58:01.874+0600] {processor.py:208} INFO - Processing /home/shamim/airflow_venv/lib/python3.12/site-packages/airflow/example_dags/example_dynamic_task_mapping_with_no_taskflow_operators.py took 0.133 seconds
[2025-03-10T13:59:36.444+0600] {processor.py:186} INFO - Started process (PID=6900) to work on /home/shamim/airflow_venv/lib/python3.12/site-packages/airflow/example_dags/example_dynamic_task_mapping_with_no_taskflow_operators.py
[2025-03-10T13:59:36.450+0600] {processor.py:914} INFO - Processing file /home/shamim/airflow_venv/lib/python3.12/site-packages/airflow/example_dags/example_dynamic_task_mapping_with_no_taskflow_operators.py for tasks to queue
[2025-03-10T13:59:36.453+0600] {logging_mixin.py:190} INFO - [2025-03-10T13:59:36.452+0600] {dagbag.py:588} INFO - Filling up the DagBag from /home/shamim/airflow_venv/lib/python3.12/site-packages/airflow/example_dags/example_dynamic_task_mapping_with_no_taskflow_operators.py
[2025-03-10T13:59:36.463+0600] {processor.py:925} INFO - DAG(s) 'example_dynamic_task_mapping_with_no_taskflow_operators' retrieved from /home/shamim/airflow_venv/lib/python3.12/site-packages/airflow/example_dags/example_dynamic_task_mapping_with_no_taskflow_operators.py
[2025-03-10T13:59:36.481+0600] {logging_mixin.py:190} INFO - [2025-03-10T13:59:36.481+0600] {dag.py:3239} INFO - Sync 1 DAGs
[2025-03-10T13:59:36.496+0600] {logging_mixin.py:190} INFO - [2025-03-10T13:59:36.495+0600] {dag.py:4180} INFO - Setting next_dagrun for example_dynamic_task_mapping_with_no_taskflow_operators to None, run_after=None
[2025-03-10T13:59:36.527+0600] {processor.py:208} INFO - Processing /home/shamim/airflow_venv/lib/python3.12/site-packages/airflow/example_dags/example_dynamic_task_mapping_with_no_taskflow_operators.py took 0.090 seconds
[2025-03-10T14:01:11.233+0600] {processor.py:186} INFO - Started process (PID=7446) to work on /home/shamim/airflow_venv/lib/python3.12/site-packages/airflow/example_dags/example_dynamic_task_mapping_with_no_taskflow_operators.py
[2025-03-10T14:01:11.241+0600] {processor.py:914} INFO - Processing file /home/shamim/airflow_venv/lib/python3.12/site-packages/airflow/example_dags/example_dynamic_task_mapping_with_no_taskflow_operators.py for tasks to queue
[2025-03-10T14:01:11.251+0600] {logging_mixin.py:190} INFO - [2025-03-10T14:01:11.250+0600] {dagbag.py:588} INFO - Filling up the DagBag from /home/shamim/airflow_venv/lib/python3.12/site-packages/airflow/example_dags/example_dynamic_task_mapping_with_no_taskflow_operators.py
[2025-03-10T14:01:11.269+0600] {processor.py:925} INFO - DAG(s) 'example_dynamic_task_mapping_with_no_taskflow_operators' retrieved from /home/shamim/airflow_venv/lib/python3.12/site-packages/airflow/example_dags/example_dynamic_task_mapping_with_no_taskflow_operators.py
[2025-03-10T14:01:11.287+0600] {logging_mixin.py:190} INFO - [2025-03-10T14:01:11.287+0600] {dag.py:3239} INFO - Sync 1 DAGs
[2025-03-10T14:01:11.302+0600] {logging_mixin.py:190} INFO - [2025-03-10T14:01:11.302+0600] {dag.py:4180} INFO - Setting next_dagrun for example_dynamic_task_mapping_with_no_taskflow_operators to None, run_after=None
[2025-03-10T14:01:11.339+0600] {processor.py:208} INFO - Processing /home/shamim/airflow_venv/lib/python3.12/site-packages/airflow/example_dags/example_dynamic_task_mapping_with_no_taskflow_operators.py took 0.113 seconds
[2025-03-10T14:02:45.228+0600] {processor.py:186} INFO - Started process (PID=8026) to work on /home/shamim/airflow_venv/lib/python3.12/site-packages/airflow/example_dags/example_dynamic_task_mapping_with_no_taskflow_operators.py
[2025-03-10T14:02:45.232+0600] {processor.py:914} INFO - Processing file /home/shamim/airflow_venv/lib/python3.12/site-packages/airflow/example_dags/example_dynamic_task_mapping_with_no_taskflow_operators.py for tasks to queue
[2025-03-10T14:02:45.234+0600] {logging_mixin.py:190} INFO - [2025-03-10T14:02:45.234+0600] {dagbag.py:588} INFO - Filling up the DagBag from /home/shamim/airflow_venv/lib/python3.12/site-packages/airflow/example_dags/example_dynamic_task_mapping_with_no_taskflow_operators.py
[2025-03-10T14:02:45.245+0600] {processor.py:925} INFO - DAG(s) 'example_dynamic_task_mapping_with_no_taskflow_operators' retrieved from /home/shamim/airflow_venv/lib/python3.12/site-packages/airflow/example_dags/example_dynamic_task_mapping_with_no_taskflow_operators.py
[2025-03-10T14:02:45.264+0600] {logging_mixin.py:190} INFO - [2025-03-10T14:02:45.264+0600] {dag.py:3239} INFO - Sync 1 DAGs
[2025-03-10T14:02:45.280+0600] {logging_mixin.py:190} INFO - [2025-03-10T14:02:45.279+0600] {dag.py:4180} INFO - Setting next_dagrun for example_dynamic_task_mapping_with_no_taskflow_operators to None, run_after=None
[2025-03-10T14:02:45.302+0600] {processor.py:208} INFO - Processing /home/shamim/airflow_venv/lib/python3.12/site-packages/airflow/example_dags/example_dynamic_task_mapping_with_no_taskflow_operators.py took 0.081 seconds
[2025-03-10T14:04:30.351+0600] {processor.py:186} INFO - Started process (PID=8676) to work on /home/shamim/airflow_venv/lib/python3.12/site-packages/airflow/example_dags/example_dynamic_task_mapping_with_no_taskflow_operators.py
[2025-03-10T14:04:30.356+0600] {processor.py:914} INFO - Processing file /home/shamim/airflow_venv/lib/python3.12/site-packages/airflow/example_dags/example_dynamic_task_mapping_with_no_taskflow_operators.py for tasks to queue
[2025-03-10T14:04:30.363+0600] {logging_mixin.py:190} INFO - [2025-03-10T14:04:30.363+0600] {dagbag.py:588} INFO - Filling up the DagBag from /home/shamim/airflow_venv/lib/python3.12/site-packages/airflow/example_dags/example_dynamic_task_mapping_with_no_taskflow_operators.py
[2025-03-10T14:04:30.381+0600] {processor.py:925} INFO - DAG(s) 'example_dynamic_task_mapping_with_no_taskflow_operators' retrieved from /home/shamim/airflow_venv/lib/python3.12/site-packages/airflow/example_dags/example_dynamic_task_mapping_with_no_taskflow_operators.py
[2025-03-10T14:04:30.411+0600] {logging_mixin.py:190} INFO - [2025-03-10T14:04:30.410+0600] {dag.py:3239} INFO - Sync 1 DAGs
[2025-03-10T14:04:30.438+0600] {logging_mixin.py:190} INFO - [2025-03-10T14:04:30.438+0600] {dag.py:4180} INFO - Setting next_dagrun for example_dynamic_task_mapping_with_no_taskflow_operators to None, run_after=None
[2025-03-10T14:04:30.479+0600] {processor.py:208} INFO - Processing /home/shamim/airflow_venv/lib/python3.12/site-packages/airflow/example_dags/example_dynamic_task_mapping_with_no_taskflow_operators.py took 0.139 seconds
[2025-03-10T14:06:25.188+0600] {processor.py:186} INFO - Started process (PID=9890) to work on /home/shamim/airflow_venv/lib/python3.12/site-packages/airflow/example_dags/example_dynamic_task_mapping_with_no_taskflow_operators.py
[2025-03-10T14:06:25.197+0600] {processor.py:914} INFO - Processing file /home/shamim/airflow_venv/lib/python3.12/site-packages/airflow/example_dags/example_dynamic_task_mapping_with_no_taskflow_operators.py for tasks to queue
[2025-03-10T14:06:25.206+0600] {logging_mixin.py:190} INFO - [2025-03-10T14:06:25.204+0600] {dagbag.py:588} INFO - Filling up the DagBag from /home/shamim/airflow_venv/lib/python3.12/site-packages/airflow/example_dags/example_dynamic_task_mapping_with_no_taskflow_operators.py
[2025-03-10T14:06:25.239+0600] {processor.py:925} INFO - DAG(s) 'example_dynamic_task_mapping_with_no_taskflow_operators' retrieved from /home/shamim/airflow_venv/lib/python3.12/site-packages/airflow/example_dags/example_dynamic_task_mapping_with_no_taskflow_operators.py
[2025-03-10T14:06:25.269+0600] {logging_mixin.py:190} INFO - [2025-03-10T14:06:25.269+0600] {dag.py:3239} INFO - Sync 1 DAGs
[2025-03-10T14:06:25.295+0600] {logging_mixin.py:190} INFO - [2025-03-10T14:06:25.294+0600] {dag.py:4180} INFO - Setting next_dagrun for example_dynamic_task_mapping_with_no_taskflow_operators to None, run_after=None
[2025-03-10T14:06:25.349+0600] {processor.py:208} INFO - Processing /home/shamim/airflow_venv/lib/python3.12/site-packages/airflow/example_dags/example_dynamic_task_mapping_with_no_taskflow_operators.py took 0.182 seconds
[2025-03-10T14:08:00.272+0600] {processor.py:186} INFO - Started process (PID=10501) to work on /home/shamim/airflow_venv/lib/python3.12/site-packages/airflow/example_dags/example_dynamic_task_mapping_with_no_taskflow_operators.py
[2025-03-10T14:08:00.278+0600] {processor.py:914} INFO - Processing file /home/shamim/airflow_venv/lib/python3.12/site-packages/airflow/example_dags/example_dynamic_task_mapping_with_no_taskflow_operators.py for tasks to queue
[2025-03-10T14:08:00.281+0600] {logging_mixin.py:190} INFO - [2025-03-10T14:08:00.280+0600] {dagbag.py:588} INFO - Filling up the DagBag from /home/shamim/airflow_venv/lib/python3.12/site-packages/airflow/example_dags/example_dynamic_task_mapping_with_no_taskflow_operators.py
[2025-03-10T14:08:00.291+0600] {processor.py:925} INFO - DAG(s) 'example_dynamic_task_mapping_with_no_taskflow_operators' retrieved from /home/shamim/airflow_venv/lib/python3.12/site-packages/airflow/example_dags/example_dynamic_task_mapping_with_no_taskflow_operators.py
[2025-03-10T14:08:00.308+0600] {logging_mixin.py:190} INFO - [2025-03-10T14:08:00.308+0600] {dag.py:3239} INFO - Sync 1 DAGs
[2025-03-10T14:08:00.323+0600] {logging_mixin.py:190} INFO - [2025-03-10T14:08:00.323+0600] {dag.py:4180} INFO - Setting next_dagrun for example_dynamic_task_mapping_with_no_taskflow_operators to None, run_after=None
[2025-03-10T14:08:00.348+0600] {processor.py:208} INFO - Processing /home/shamim/airflow_venv/lib/python3.12/site-packages/airflow/example_dags/example_dynamic_task_mapping_with_no_taskflow_operators.py took 0.083 seconds
[2025-03-10T14:09:30.978+0600] {processor.py:186} INFO - Started process (PID=11048) to work on /home/shamim/airflow_venv/lib/python3.12/site-packages/airflow/example_dags/example_dynamic_task_mapping_with_no_taskflow_operators.py
[2025-03-10T14:09:30.982+0600] {processor.py:914} INFO - Processing file /home/shamim/airflow_venv/lib/python3.12/site-packages/airflow/example_dags/example_dynamic_task_mapping_with_no_taskflow_operators.py for tasks to queue
[2025-03-10T14:09:30.986+0600] {logging_mixin.py:190} INFO - [2025-03-10T14:09:30.985+0600] {dagbag.py:588} INFO - Filling up the DagBag from /home/shamim/airflow_venv/lib/python3.12/site-packages/airflow/example_dags/example_dynamic_task_mapping_with_no_taskflow_operators.py
[2025-03-10T14:09:31.000+0600] {processor.py:925} INFO - DAG(s) 'example_dynamic_task_mapping_with_no_taskflow_operators' retrieved from /home/shamim/airflow_venv/lib/python3.12/site-packages/airflow/example_dags/example_dynamic_task_mapping_with_no_taskflow_operators.py
[2025-03-10T14:09:31.019+0600] {logging_mixin.py:190} INFO - [2025-03-10T14:09:31.018+0600] {dag.py:3239} INFO - Sync 1 DAGs
[2025-03-10T14:09:31.033+0600] {logging_mixin.py:190} INFO - [2025-03-10T14:09:31.033+0600] {dag.py:4180} INFO - Setting next_dagrun for example_dynamic_task_mapping_with_no_taskflow_operators to None, run_after=None
[2025-03-10T14:09:31.055+0600] {processor.py:208} INFO - Processing /home/shamim/airflow_venv/lib/python3.12/site-packages/airflow/example_dags/example_dynamic_task_mapping_with_no_taskflow_operators.py took 0.087 seconds
[2025-03-10T14:10:58.373+0600] {processor.py:186} INFO - Started process (PID=11529) to work on /home/shamim/airflow_venv/lib/python3.12/site-packages/airflow/example_dags/example_dynamic_task_mapping_with_no_taskflow_operators.py
[2025-03-10T14:10:58.382+0600] {processor.py:914} INFO - Processing file /home/shamim/airflow_venv/lib/python3.12/site-packages/airflow/example_dags/example_dynamic_task_mapping_with_no_taskflow_operators.py for tasks to queue
[2025-03-10T14:10:58.387+0600] {logging_mixin.py:190} INFO - [2025-03-10T14:10:58.386+0600] {dagbag.py:588} INFO - Filling up the DagBag from /home/shamim/airflow_venv/lib/python3.12/site-packages/airflow/example_dags/example_dynamic_task_mapping_with_no_taskflow_operators.py
[2025-03-10T14:10:58.403+0600] {processor.py:925} INFO - DAG(s) 'example_dynamic_task_mapping_with_no_taskflow_operators' retrieved from /home/shamim/airflow_venv/lib/python3.12/site-packages/airflow/example_dags/example_dynamic_task_mapping_with_no_taskflow_operators.py
[2025-03-10T14:10:58.431+0600] {logging_mixin.py:190} INFO - [2025-03-10T14:10:58.431+0600] {dag.py:3239} INFO - Sync 1 DAGs
[2025-03-10T14:10:58.475+0600] {logging_mixin.py:190} INFO - [2025-03-10T14:10:58.474+0600] {dag.py:4180} INFO - Setting next_dagrun for example_dynamic_task_mapping_with_no_taskflow_operators to None, run_after=None
[2025-03-10T14:10:58.520+0600] {processor.py:208} INFO - Processing /home/shamim/airflow_venv/lib/python3.12/site-packages/airflow/example_dags/example_dynamic_task_mapping_with_no_taskflow_operators.py took 0.158 seconds
[2025-03-10T14:12:29.479+0600] {processor.py:186} INFO - Started process (PID=12021) to work on /home/shamim/airflow_venv/lib/python3.12/site-packages/airflow/example_dags/example_dynamic_task_mapping_with_no_taskflow_operators.py
[2025-03-10T14:12:29.485+0600] {processor.py:914} INFO - Processing file /home/shamim/airflow_venv/lib/python3.12/site-packages/airflow/example_dags/example_dynamic_task_mapping_with_no_taskflow_operators.py for tasks to queue
[2025-03-10T14:12:29.489+0600] {logging_mixin.py:190} INFO - [2025-03-10T14:12:29.489+0600] {dagbag.py:588} INFO - Filling up the DagBag from /home/shamim/airflow_venv/lib/python3.12/site-packages/airflow/example_dags/example_dynamic_task_mapping_with_no_taskflow_operators.py
[2025-03-10T14:12:29.505+0600] {processor.py:925} INFO - DAG(s) 'example_dynamic_task_mapping_with_no_taskflow_operators' retrieved from /home/shamim/airflow_venv/lib/python3.12/site-packages/airflow/example_dags/example_dynamic_task_mapping_with_no_taskflow_operators.py
[2025-03-10T14:12:29.524+0600] {logging_mixin.py:190} INFO - [2025-03-10T14:12:29.524+0600] {dag.py:3239} INFO - Sync 1 DAGs
[2025-03-10T14:12:29.542+0600] {logging_mixin.py:190} INFO - [2025-03-10T14:12:29.542+0600] {dag.py:4180} INFO - Setting next_dagrun for example_dynamic_task_mapping_with_no_taskflow_operators to None, run_after=None
[2025-03-10T14:12:29.569+0600] {processor.py:208} INFO - Processing /home/shamim/airflow_venv/lib/python3.12/site-packages/airflow/example_dags/example_dynamic_task_mapping_with_no_taskflow_operators.py took 0.104 seconds
[2025-03-10T14:14:06.239+0600] {processor.py:186} INFO - Started process (PID=12631) to work on /home/shamim/airflow_venv/lib/python3.12/site-packages/airflow/example_dags/example_dynamic_task_mapping_with_no_taskflow_operators.py
[2025-03-10T14:14:06.246+0600] {processor.py:914} INFO - Processing file /home/shamim/airflow_venv/lib/python3.12/site-packages/airflow/example_dags/example_dynamic_task_mapping_with_no_taskflow_operators.py for tasks to queue
[2025-03-10T14:14:06.249+0600] {logging_mixin.py:190} INFO - [2025-03-10T14:14:06.248+0600] {dagbag.py:588} INFO - Filling up the DagBag from /home/shamim/airflow_venv/lib/python3.12/site-packages/airflow/example_dags/example_dynamic_task_mapping_with_no_taskflow_operators.py
[2025-03-10T14:14:06.260+0600] {processor.py:925} INFO - DAG(s) 'example_dynamic_task_mapping_with_no_taskflow_operators' retrieved from /home/shamim/airflow_venv/lib/python3.12/site-packages/airflow/example_dags/example_dynamic_task_mapping_with_no_taskflow_operators.py
[2025-03-10T14:14:06.281+0600] {logging_mixin.py:190} INFO - [2025-03-10T14:14:06.280+0600] {dag.py:3239} INFO - Sync 1 DAGs
[2025-03-10T14:14:06.299+0600] {logging_mixin.py:190} INFO - [2025-03-10T14:14:06.298+0600] {dag.py:4180} INFO - Setting next_dagrun for example_dynamic_task_mapping_with_no_taskflow_operators to None, run_after=None
[2025-03-10T14:14:06.326+0600] {processor.py:208} INFO - Processing /home/shamim/airflow_venv/lib/python3.12/site-packages/airflow/example_dags/example_dynamic_task_mapping_with_no_taskflow_operators.py took 0.095 seconds
[2025-03-10T14:15:25.067+0600] {processor.py:186} INFO - Started process (PID=13188) to work on /home/shamim/airflow_venv/lib/python3.12/site-packages/airflow/example_dags/example_dynamic_task_mapping_with_no_taskflow_operators.py
[2025-03-10T14:15:25.073+0600] {processor.py:914} INFO - Processing file /home/shamim/airflow_venv/lib/python3.12/site-packages/airflow/example_dags/example_dynamic_task_mapping_with_no_taskflow_operators.py for tasks to queue
[2025-03-10T14:15:25.076+0600] {logging_mixin.py:190} INFO - [2025-03-10T14:15:25.075+0600] {dagbag.py:588} INFO - Filling up the DagBag from /home/shamim/airflow_venv/lib/python3.12/site-packages/airflow/example_dags/example_dynamic_task_mapping_with_no_taskflow_operators.py
[2025-03-10T14:15:25.091+0600] {processor.py:925} INFO - DAG(s) 'example_dynamic_task_mapping_with_no_taskflow_operators' retrieved from /home/shamim/airflow_venv/lib/python3.12/site-packages/airflow/example_dags/example_dynamic_task_mapping_with_no_taskflow_operators.py
[2025-03-10T14:15:25.118+0600] {logging_mixin.py:190} INFO - [2025-03-10T14:15:25.117+0600] {dag.py:3239} INFO - Sync 1 DAGs
[2025-03-10T14:15:25.140+0600] {logging_mixin.py:190} INFO - [2025-03-10T14:15:25.140+0600] {dag.py:4180} INFO - Setting next_dagrun for example_dynamic_task_mapping_with_no_taskflow_operators to None, run_after=None
[2025-03-10T14:15:25.169+0600] {processor.py:208} INFO - Processing /home/shamim/airflow_venv/lib/python3.12/site-packages/airflow/example_dags/example_dynamic_task_mapping_with_no_taskflow_operators.py took 0.110 seconds
[2025-03-10T14:17:00.996+0600] {processor.py:186} INFO - Started process (PID=13761) to work on /home/shamim/airflow_venv/lib/python3.12/site-packages/airflow/example_dags/example_dynamic_task_mapping_with_no_taskflow_operators.py
[2025-03-10T14:17:01.002+0600] {processor.py:914} INFO - Processing file /home/shamim/airflow_venv/lib/python3.12/site-packages/airflow/example_dags/example_dynamic_task_mapping_with_no_taskflow_operators.py for tasks to queue
[2025-03-10T14:17:01.006+0600] {logging_mixin.py:190} INFO - [2025-03-10T14:17:01.005+0600] {dagbag.py:588} INFO - Filling up the DagBag from /home/shamim/airflow_venv/lib/python3.12/site-packages/airflow/example_dags/example_dynamic_task_mapping_with_no_taskflow_operators.py
[2025-03-10T14:17:01.021+0600] {processor.py:925} INFO - DAG(s) 'example_dynamic_task_mapping_with_no_taskflow_operators' retrieved from /home/shamim/airflow_venv/lib/python3.12/site-packages/airflow/example_dags/example_dynamic_task_mapping_with_no_taskflow_operators.py
[2025-03-10T14:17:01.044+0600] {logging_mixin.py:190} INFO - [2025-03-10T14:17:01.043+0600] {dag.py:3239} INFO - Sync 1 DAGs
[2025-03-10T14:17:01.062+0600] {logging_mixin.py:190} INFO - [2025-03-10T14:17:01.062+0600] {dag.py:4180} INFO - Setting next_dagrun for example_dynamic_task_mapping_with_no_taskflow_operators to None, run_after=None
[2025-03-10T14:17:01.101+0600] {processor.py:208} INFO - Processing /home/shamim/airflow_venv/lib/python3.12/site-packages/airflow/example_dags/example_dynamic_task_mapping_with_no_taskflow_operators.py took 0.117 seconds
[2025-03-10T14:18:33.650+0600] {processor.py:186} INFO - Started process (PID=14341) to work on /home/shamim/airflow_venv/lib/python3.12/site-packages/airflow/example_dags/example_dynamic_task_mapping_with_no_taskflow_operators.py
[2025-03-10T14:18:33.657+0600] {processor.py:914} INFO - Processing file /home/shamim/airflow_venv/lib/python3.12/site-packages/airflow/example_dags/example_dynamic_task_mapping_with_no_taskflow_operators.py for tasks to queue
[2025-03-10T14:18:33.659+0600] {logging_mixin.py:190} INFO - [2025-03-10T14:18:33.659+0600] {dagbag.py:588} INFO - Filling up the DagBag from /home/shamim/airflow_venv/lib/python3.12/site-packages/airflow/example_dags/example_dynamic_task_mapping_with_no_taskflow_operators.py
[2025-03-10T14:18:33.672+0600] {processor.py:925} INFO - DAG(s) 'example_dynamic_task_mapping_with_no_taskflow_operators' retrieved from /home/shamim/airflow_venv/lib/python3.12/site-packages/airflow/example_dags/example_dynamic_task_mapping_with_no_taskflow_operators.py
[2025-03-10T14:18:33.692+0600] {logging_mixin.py:190} INFO - [2025-03-10T14:18:33.692+0600] {dag.py:3239} INFO - Sync 1 DAGs
[2025-03-10T14:18:33.710+0600] {logging_mixin.py:190} INFO - [2025-03-10T14:18:33.710+0600] {dag.py:4180} INFO - Setting next_dagrun for example_dynamic_task_mapping_with_no_taskflow_operators to None, run_after=None
[2025-03-10T14:18:33.746+0600] {processor.py:208} INFO - Processing /home/shamim/airflow_venv/lib/python3.12/site-packages/airflow/example_dags/example_dynamic_task_mapping_with_no_taskflow_operators.py took 0.104 seconds
[2025-03-10T14:19:57.371+0600] {processor.py:186} INFO - Started process (PID=14895) to work on /home/shamim/airflow_venv/lib/python3.12/site-packages/airflow/example_dags/example_dynamic_task_mapping_with_no_taskflow_operators.py
[2025-03-10T14:19:57.378+0600] {processor.py:914} INFO - Processing file /home/shamim/airflow_venv/lib/python3.12/site-packages/airflow/example_dags/example_dynamic_task_mapping_with_no_taskflow_operators.py for tasks to queue
[2025-03-10T14:19:57.381+0600] {logging_mixin.py:190} INFO - [2025-03-10T14:19:57.380+0600] {dagbag.py:588} INFO - Filling up the DagBag from /home/shamim/airflow_venv/lib/python3.12/site-packages/airflow/example_dags/example_dynamic_task_mapping_with_no_taskflow_operators.py
[2025-03-10T14:19:57.391+0600] {processor.py:925} INFO - DAG(s) 'example_dynamic_task_mapping_with_no_taskflow_operators' retrieved from /home/shamim/airflow_venv/lib/python3.12/site-packages/airflow/example_dags/example_dynamic_task_mapping_with_no_taskflow_operators.py
[2025-03-10T14:19:57.410+0600] {logging_mixin.py:190} INFO - [2025-03-10T14:19:57.410+0600] {dag.py:3239} INFO - Sync 1 DAGs
[2025-03-10T14:19:57.427+0600] {logging_mixin.py:190} INFO - [2025-03-10T14:19:57.427+0600] {dag.py:4180} INFO - Setting next_dagrun for example_dynamic_task_mapping_with_no_taskflow_operators to None, run_after=None
[2025-03-10T14:19:57.452+0600] {processor.py:208} INFO - Processing /home/shamim/airflow_venv/lib/python3.12/site-packages/airflow/example_dags/example_dynamic_task_mapping_with_no_taskflow_operators.py took 0.087 seconds
[2025-03-10T14:21:21.632+0600] {processor.py:186} INFO - Started process (PID=15460) to work on /home/shamim/airflow_venv/lib/python3.12/site-packages/airflow/example_dags/example_dynamic_task_mapping_with_no_taskflow_operators.py
[2025-03-10T14:21:21.639+0600] {processor.py:914} INFO - Processing file /home/shamim/airflow_venv/lib/python3.12/site-packages/airflow/example_dags/example_dynamic_task_mapping_with_no_taskflow_operators.py for tasks to queue
[2025-03-10T14:21:21.641+0600] {logging_mixin.py:190} INFO - [2025-03-10T14:21:21.641+0600] {dagbag.py:588} INFO - Filling up the DagBag from /home/shamim/airflow_venv/lib/python3.12/site-packages/airflow/example_dags/example_dynamic_task_mapping_with_no_taskflow_operators.py
[2025-03-10T14:21:21.651+0600] {processor.py:925} INFO - DAG(s) 'example_dynamic_task_mapping_with_no_taskflow_operators' retrieved from /home/shamim/airflow_venv/lib/python3.12/site-packages/airflow/example_dags/example_dynamic_task_mapping_with_no_taskflow_operators.py
[2025-03-10T14:21:21.669+0600] {logging_mixin.py:190} INFO - [2025-03-10T14:21:21.669+0600] {dag.py:3239} INFO - Sync 1 DAGs
[2025-03-10T14:21:21.684+0600] {logging_mixin.py:190} INFO - [2025-03-10T14:21:21.684+0600] {dag.py:4180} INFO - Setting next_dagrun for example_dynamic_task_mapping_with_no_taskflow_operators to None, run_after=None
[2025-03-10T14:21:21.707+0600] {processor.py:208} INFO - Processing /home/shamim/airflow_venv/lib/python3.12/site-packages/airflow/example_dags/example_dynamic_task_mapping_with_no_taskflow_operators.py took 0.082 seconds
[2025-03-10T14:22:51.703+0600] {processor.py:186} INFO - Started process (PID=16074) to work on /home/shamim/airflow_venv/lib/python3.12/site-packages/airflow/example_dags/example_dynamic_task_mapping_with_no_taskflow_operators.py
[2025-03-10T14:22:51.709+0600] {processor.py:914} INFO - Processing file /home/shamim/airflow_venv/lib/python3.12/site-packages/airflow/example_dags/example_dynamic_task_mapping_with_no_taskflow_operators.py for tasks to queue
[2025-03-10T14:22:51.712+0600] {logging_mixin.py:190} INFO - [2025-03-10T14:22:51.712+0600] {dagbag.py:588} INFO - Filling up the DagBag from /home/shamim/airflow_venv/lib/python3.12/site-packages/airflow/example_dags/example_dynamic_task_mapping_with_no_taskflow_operators.py
[2025-03-10T14:22:51.724+0600] {processor.py:925} INFO - DAG(s) 'example_dynamic_task_mapping_with_no_taskflow_operators' retrieved from /home/shamim/airflow_venv/lib/python3.12/site-packages/airflow/example_dags/example_dynamic_task_mapping_with_no_taskflow_operators.py
[2025-03-10T14:22:51.743+0600] {logging_mixin.py:190} INFO - [2025-03-10T14:22:51.743+0600] {dag.py:3239} INFO - Sync 1 DAGs
[2025-03-10T14:22:51.759+0600] {logging_mixin.py:190} INFO - [2025-03-10T14:22:51.758+0600] {dag.py:4180} INFO - Setting next_dagrun for example_dynamic_task_mapping_with_no_taskflow_operators to None, run_after=None
[2025-03-10T14:22:51.783+0600] {processor.py:208} INFO - Processing /home/shamim/airflow_venv/lib/python3.12/site-packages/airflow/example_dags/example_dynamic_task_mapping_with_no_taskflow_operators.py took 0.087 seconds
[2025-03-10T14:24:20.258+0600] {processor.py:186} INFO - Started process (PID=16667) to work on /home/shamim/airflow_venv/lib/python3.12/site-packages/airflow/example_dags/example_dynamic_task_mapping_with_no_taskflow_operators.py
[2025-03-10T14:24:20.264+0600] {processor.py:914} INFO - Processing file /home/shamim/airflow_venv/lib/python3.12/site-packages/airflow/example_dags/example_dynamic_task_mapping_with_no_taskflow_operators.py for tasks to queue
[2025-03-10T14:24:20.266+0600] {logging_mixin.py:190} INFO - [2025-03-10T14:24:20.266+0600] {dagbag.py:588} INFO - Filling up the DagBag from /home/shamim/airflow_venv/lib/python3.12/site-packages/airflow/example_dags/example_dynamic_task_mapping_with_no_taskflow_operators.py
[2025-03-10T14:24:20.277+0600] {processor.py:925} INFO - DAG(s) 'example_dynamic_task_mapping_with_no_taskflow_operators' retrieved from /home/shamim/airflow_venv/lib/python3.12/site-packages/airflow/example_dags/example_dynamic_task_mapping_with_no_taskflow_operators.py
[2025-03-10T14:24:20.297+0600] {logging_mixin.py:190} INFO - [2025-03-10T14:24:20.297+0600] {dag.py:3239} INFO - Sync 1 DAGs
[2025-03-10T14:24:20.313+0600] {logging_mixin.py:190} INFO - [2025-03-10T14:24:20.313+0600] {dag.py:4180} INFO - Setting next_dagrun for example_dynamic_task_mapping_with_no_taskflow_operators to None, run_after=None
[2025-03-10T14:24:20.341+0600] {processor.py:208} INFO - Processing /home/shamim/airflow_venv/lib/python3.12/site-packages/airflow/example_dags/example_dynamic_task_mapping_with_no_taskflow_operators.py took 0.090 seconds
[2025-03-10T14:25:47.516+0600] {processor.py:186} INFO - Started process (PID=17366) to work on /home/shamim/airflow_venv/lib/python3.12/site-packages/airflow/example_dags/example_dynamic_task_mapping_with_no_taskflow_operators.py
[2025-03-10T14:25:47.522+0600] {processor.py:914} INFO - Processing file /home/shamim/airflow_venv/lib/python3.12/site-packages/airflow/example_dags/example_dynamic_task_mapping_with_no_taskflow_operators.py for tasks to queue
[2025-03-10T14:25:47.526+0600] {logging_mixin.py:190} INFO - [2025-03-10T14:25:47.525+0600] {dagbag.py:588} INFO - Filling up the DagBag from /home/shamim/airflow_venv/lib/python3.12/site-packages/airflow/example_dags/example_dynamic_task_mapping_with_no_taskflow_operators.py
[2025-03-10T14:25:47.542+0600] {processor.py:925} INFO - DAG(s) 'example_dynamic_task_mapping_with_no_taskflow_operators' retrieved from /home/shamim/airflow_venv/lib/python3.12/site-packages/airflow/example_dags/example_dynamic_task_mapping_with_no_taskflow_operators.py
[2025-03-10T14:25:47.565+0600] {logging_mixin.py:190} INFO - [2025-03-10T14:25:47.565+0600] {dag.py:3239} INFO - Sync 1 DAGs
[2025-03-10T14:25:47.587+0600] {logging_mixin.py:190} INFO - [2025-03-10T14:25:47.586+0600] {dag.py:4180} INFO - Setting next_dagrun for example_dynamic_task_mapping_with_no_taskflow_operators to None, run_after=None
[2025-03-10T14:25:47.618+0600] {processor.py:208} INFO - Processing /home/shamim/airflow_venv/lib/python3.12/site-packages/airflow/example_dags/example_dynamic_task_mapping_with_no_taskflow_operators.py took 0.111 seconds
[2025-03-10T14:27:19.868+0600] {processor.py:186} INFO - Started process (PID=17932) to work on /home/shamim/airflow_venv/lib/python3.12/site-packages/airflow/example_dags/example_dynamic_task_mapping_with_no_taskflow_operators.py
[2025-03-10T14:27:19.874+0600] {processor.py:914} INFO - Processing file /home/shamim/airflow_venv/lib/python3.12/site-packages/airflow/example_dags/example_dynamic_task_mapping_with_no_taskflow_operators.py for tasks to queue
[2025-03-10T14:27:19.877+0600] {logging_mixin.py:190} INFO - [2025-03-10T14:27:19.877+0600] {dagbag.py:588} INFO - Filling up the DagBag from /home/shamim/airflow_venv/lib/python3.12/site-packages/airflow/example_dags/example_dynamic_task_mapping_with_no_taskflow_operators.py
[2025-03-10T14:27:19.888+0600] {processor.py:925} INFO - DAG(s) 'example_dynamic_task_mapping_with_no_taskflow_operators' retrieved from /home/shamim/airflow_venv/lib/python3.12/site-packages/airflow/example_dags/example_dynamic_task_mapping_with_no_taskflow_operators.py
[2025-03-10T14:27:19.906+0600] {logging_mixin.py:190} INFO - [2025-03-10T14:27:19.906+0600] {dag.py:3239} INFO - Sync 1 DAGs
[2025-03-10T14:27:19.921+0600] {logging_mixin.py:190} INFO - [2025-03-10T14:27:19.921+0600] {dag.py:4180} INFO - Setting next_dagrun for example_dynamic_task_mapping_with_no_taskflow_operators to None, run_after=None
[2025-03-10T14:27:19.949+0600] {processor.py:208} INFO - Processing /home/shamim/airflow_venv/lib/python3.12/site-packages/airflow/example_dags/example_dynamic_task_mapping_with_no_taskflow_operators.py took 0.088 seconds
[2025-03-10T14:28:43.032+0600] {processor.py:186} INFO - Started process (PID=18504) to work on /home/shamim/airflow_venv/lib/python3.12/site-packages/airflow/example_dags/example_dynamic_task_mapping_with_no_taskflow_operators.py
[2025-03-10T14:28:43.038+0600] {processor.py:914} INFO - Processing file /home/shamim/airflow_venv/lib/python3.12/site-packages/airflow/example_dags/example_dynamic_task_mapping_with_no_taskflow_operators.py for tasks to queue
[2025-03-10T14:28:43.041+0600] {logging_mixin.py:190} INFO - [2025-03-10T14:28:43.040+0600] {dagbag.py:588} INFO - Filling up the DagBag from /home/shamim/airflow_venv/lib/python3.12/site-packages/airflow/example_dags/example_dynamic_task_mapping_with_no_taskflow_operators.py
[2025-03-10T14:28:43.052+0600] {processor.py:925} INFO - DAG(s) 'example_dynamic_task_mapping_with_no_taskflow_operators' retrieved from /home/shamim/airflow_venv/lib/python3.12/site-packages/airflow/example_dags/example_dynamic_task_mapping_with_no_taskflow_operators.py
[2025-03-10T14:28:43.071+0600] {logging_mixin.py:190} INFO - [2025-03-10T14:28:43.071+0600] {dag.py:3239} INFO - Sync 1 DAGs
[2025-03-10T14:28:43.088+0600] {logging_mixin.py:190} INFO - [2025-03-10T14:28:43.087+0600] {dag.py:4180} INFO - Setting next_dagrun for example_dynamic_task_mapping_with_no_taskflow_operators to None, run_after=None
[2025-03-10T14:28:43.130+0600] {processor.py:208} INFO - Processing /home/shamim/airflow_venv/lib/python3.12/site-packages/airflow/example_dags/example_dynamic_task_mapping_with_no_taskflow_operators.py took 0.105 seconds
[2025-03-10T14:30:18.109+0600] {processor.py:186} INFO - Started process (PID=19143) to work on /home/shamim/airflow_venv/lib/python3.12/site-packages/airflow/example_dags/example_dynamic_task_mapping_with_no_taskflow_operators.py
[2025-03-10T14:30:18.116+0600] {processor.py:914} INFO - Processing file /home/shamim/airflow_venv/lib/python3.12/site-packages/airflow/example_dags/example_dynamic_task_mapping_with_no_taskflow_operators.py for tasks to queue
[2025-03-10T14:30:18.119+0600] {logging_mixin.py:190} INFO - [2025-03-10T14:30:18.118+0600] {dagbag.py:588} INFO - Filling up the DagBag from /home/shamim/airflow_venv/lib/python3.12/site-packages/airflow/example_dags/example_dynamic_task_mapping_with_no_taskflow_operators.py
[2025-03-10T14:30:18.131+0600] {processor.py:925} INFO - DAG(s) 'example_dynamic_task_mapping_with_no_taskflow_operators' retrieved from /home/shamim/airflow_venv/lib/python3.12/site-packages/airflow/example_dags/example_dynamic_task_mapping_with_no_taskflow_operators.py
[2025-03-10T14:30:18.152+0600] {logging_mixin.py:190} INFO - [2025-03-10T14:30:18.151+0600] {dag.py:3239} INFO - Sync 1 DAGs
[2025-03-10T14:30:18.168+0600] {logging_mixin.py:190} INFO - [2025-03-10T14:30:18.167+0600] {dag.py:4180} INFO - Setting next_dagrun for example_dynamic_task_mapping_with_no_taskflow_operators to None, run_after=None
[2025-03-10T14:30:18.207+0600] {processor.py:208} INFO - Processing /home/shamim/airflow_venv/lib/python3.12/site-packages/airflow/example_dags/example_dynamic_task_mapping_with_no_taskflow_operators.py took 0.106 seconds
[2025-03-10T14:31:53.577+0600] {processor.py:186} INFO - Started process (PID=19703) to work on /home/shamim/airflow_venv/lib/python3.12/site-packages/airflow/example_dags/example_dynamic_task_mapping_with_no_taskflow_operators.py
[2025-03-10T14:31:53.584+0600] {processor.py:914} INFO - Processing file /home/shamim/airflow_venv/lib/python3.12/site-packages/airflow/example_dags/example_dynamic_task_mapping_with_no_taskflow_operators.py for tasks to queue
[2025-03-10T14:31:53.586+0600] {logging_mixin.py:190} INFO - [2025-03-10T14:31:53.586+0600] {dagbag.py:588} INFO - Filling up the DagBag from /home/shamim/airflow_venv/lib/python3.12/site-packages/airflow/example_dags/example_dynamic_task_mapping_with_no_taskflow_operators.py
[2025-03-10T14:31:53.599+0600] {processor.py:925} INFO - DAG(s) 'example_dynamic_task_mapping_with_no_taskflow_operators' retrieved from /home/shamim/airflow_venv/lib/python3.12/site-packages/airflow/example_dags/example_dynamic_task_mapping_with_no_taskflow_operators.py
[2025-03-10T14:31:53.621+0600] {logging_mixin.py:190} INFO - [2025-03-10T14:31:53.621+0600] {dag.py:3239} INFO - Sync 1 DAGs
[2025-03-10T14:31:53.640+0600] {logging_mixin.py:190} INFO - [2025-03-10T14:31:53.640+0600] {dag.py:4180} INFO - Setting next_dagrun for example_dynamic_task_mapping_with_no_taskflow_operators to None, run_after=None
[2025-03-10T14:31:53.678+0600] {processor.py:208} INFO - Processing /home/shamim/airflow_venv/lib/python3.12/site-packages/airflow/example_dags/example_dynamic_task_mapping_with_no_taskflow_operators.py took 0.108 seconds
[2025-03-10T14:33:28.136+0600] {processor.py:186} INFO - Started process (PID=20601) to work on /home/shamim/airflow_venv/lib/python3.12/site-packages/airflow/example_dags/example_dynamic_task_mapping_with_no_taskflow_operators.py
[2025-03-10T14:33:28.142+0600] {processor.py:914} INFO - Processing file /home/shamim/airflow_venv/lib/python3.12/site-packages/airflow/example_dags/example_dynamic_task_mapping_with_no_taskflow_operators.py for tasks to queue
[2025-03-10T14:33:28.145+0600] {logging_mixin.py:190} INFO - [2025-03-10T14:33:28.144+0600] {dagbag.py:588} INFO - Filling up the DagBag from /home/shamim/airflow_venv/lib/python3.12/site-packages/airflow/example_dags/example_dynamic_task_mapping_with_no_taskflow_operators.py
[2025-03-10T14:33:28.156+0600] {processor.py:925} INFO - DAG(s) 'example_dynamic_task_mapping_with_no_taskflow_operators' retrieved from /home/shamim/airflow_venv/lib/python3.12/site-packages/airflow/example_dags/example_dynamic_task_mapping_with_no_taskflow_operators.py
[2025-03-10T14:33:28.176+0600] {logging_mixin.py:190} INFO - [2025-03-10T14:33:28.176+0600] {dag.py:3239} INFO - Sync 1 DAGs
[2025-03-10T14:33:28.192+0600] {logging_mixin.py:190} INFO - [2025-03-10T14:33:28.192+0600] {dag.py:4180} INFO - Setting next_dagrun for example_dynamic_task_mapping_with_no_taskflow_operators to None, run_after=None
[2025-03-10T14:33:28.217+0600] {processor.py:208} INFO - Processing /home/shamim/airflow_venv/lib/python3.12/site-packages/airflow/example_dags/example_dynamic_task_mapping_with_no_taskflow_operators.py took 0.088 seconds
[2025-03-10T14:34:55.187+0600] {processor.py:186} INFO - Started process (PID=21840) to work on /home/shamim/airflow_venv/lib/python3.12/site-packages/airflow/example_dags/example_dynamic_task_mapping_with_no_taskflow_operators.py
[2025-03-10T14:34:55.189+0600] {processor.py:914} INFO - Processing file /home/shamim/airflow_venv/lib/python3.12/site-packages/airflow/example_dags/example_dynamic_task_mapping_with_no_taskflow_operators.py for tasks to queue
[2025-03-10T14:34:55.192+0600] {logging_mixin.py:190} INFO - [2025-03-10T14:34:55.191+0600] {dagbag.py:588} INFO - Filling up the DagBag from /home/shamim/airflow_venv/lib/python3.12/site-packages/airflow/example_dags/example_dynamic_task_mapping_with_no_taskflow_operators.py
[2025-03-10T14:34:55.202+0600] {processor.py:925} INFO - DAG(s) 'example_dynamic_task_mapping_with_no_taskflow_operators' retrieved from /home/shamim/airflow_venv/lib/python3.12/site-packages/airflow/example_dags/example_dynamic_task_mapping_with_no_taskflow_operators.py
[2025-03-10T14:34:55.221+0600] {logging_mixin.py:190} INFO - [2025-03-10T14:34:55.220+0600] {dag.py:3239} INFO - Sync 1 DAGs
[2025-03-10T14:34:55.236+0600] {logging_mixin.py:190} INFO - [2025-03-10T14:34:55.236+0600] {dag.py:4180} INFO - Setting next_dagrun for example_dynamic_task_mapping_with_no_taskflow_operators to None, run_after=None
[2025-03-10T14:34:55.261+0600] {processor.py:208} INFO - Processing /home/shamim/airflow_venv/lib/python3.12/site-packages/airflow/example_dags/example_dynamic_task_mapping_with_no_taskflow_operators.py took 0.081 seconds
[2025-03-10T14:36:20.797+0600] {processor.py:186} INFO - Started process (PID=23530) to work on /home/shamim/airflow_venv/lib/python3.12/site-packages/airflow/example_dags/example_dynamic_task_mapping_with_no_taskflow_operators.py
[2025-03-10T14:36:20.798+0600] {processor.py:914} INFO - Processing file /home/shamim/airflow_venv/lib/python3.12/site-packages/airflow/example_dags/example_dynamic_task_mapping_with_no_taskflow_operators.py for tasks to queue
[2025-03-10T14:36:20.801+0600] {logging_mixin.py:190} INFO - [2025-03-10T14:36:20.801+0600] {dagbag.py:588} INFO - Filling up the DagBag from /home/shamim/airflow_venv/lib/python3.12/site-packages/airflow/example_dags/example_dynamic_task_mapping_with_no_taskflow_operators.py
[2025-03-10T14:36:20.815+0600] {processor.py:925} INFO - DAG(s) 'example_dynamic_task_mapping_with_no_taskflow_operators' retrieved from /home/shamim/airflow_venv/lib/python3.12/site-packages/airflow/example_dags/example_dynamic_task_mapping_with_no_taskflow_operators.py
[2025-03-10T14:36:20.832+0600] {logging_mixin.py:190} INFO - [2025-03-10T14:36:20.832+0600] {dag.py:3239} INFO - Sync 1 DAGs
[2025-03-10T14:36:20.848+0600] {logging_mixin.py:190} INFO - [2025-03-10T14:36:20.847+0600] {dag.py:4180} INFO - Setting next_dagrun for example_dynamic_task_mapping_with_no_taskflow_operators to None, run_after=None
[2025-03-10T14:36:20.872+0600] {processor.py:208} INFO - Processing /home/shamim/airflow_venv/lib/python3.12/site-packages/airflow/example_dags/example_dynamic_task_mapping_with_no_taskflow_operators.py took 0.084 seconds
[2025-03-10T14:37:36.892+0600] {processor.py:186} INFO - Started process (PID=24012) to work on /home/shamim/airflow_venv/lib/python3.12/site-packages/airflow/example_dags/example_dynamic_task_mapping_with_no_taskflow_operators.py
[2025-03-10T14:37:36.899+0600] {processor.py:914} INFO - Processing file /home/shamim/airflow_venv/lib/python3.12/site-packages/airflow/example_dags/example_dynamic_task_mapping_with_no_taskflow_operators.py for tasks to queue
[2025-03-10T14:37:36.902+0600] {logging_mixin.py:190} INFO - [2025-03-10T14:37:36.901+0600] {dagbag.py:588} INFO - Filling up the DagBag from /home/shamim/airflow_venv/lib/python3.12/site-packages/airflow/example_dags/example_dynamic_task_mapping_with_no_taskflow_operators.py
[2025-03-10T14:37:36.916+0600] {processor.py:925} INFO - DAG(s) 'example_dynamic_task_mapping_with_no_taskflow_operators' retrieved from /home/shamim/airflow_venv/lib/python3.12/site-packages/airflow/example_dags/example_dynamic_task_mapping_with_no_taskflow_operators.py
[2025-03-10T14:37:36.934+0600] {logging_mixin.py:190} INFO - [2025-03-10T14:37:36.934+0600] {dag.py:3239} INFO - Sync 1 DAGs
[2025-03-10T14:37:36.949+0600] {logging_mixin.py:190} INFO - [2025-03-10T14:37:36.948+0600] {dag.py:4180} INFO - Setting next_dagrun for example_dynamic_task_mapping_with_no_taskflow_operators to None, run_after=None
[2025-03-10T14:37:36.980+0600] {processor.py:208} INFO - Processing /home/shamim/airflow_venv/lib/python3.12/site-packages/airflow/example_dags/example_dynamic_task_mapping_with_no_taskflow_operators.py took 0.097 seconds
[2025-03-10T14:38:54.296+0600] {processor.py:186} INFO - Started process (PID=24524) to work on /home/shamim/airflow_venv/lib/python3.12/site-packages/airflow/example_dags/example_dynamic_task_mapping_with_no_taskflow_operators.py
[2025-03-10T14:38:54.301+0600] {processor.py:914} INFO - Processing file /home/shamim/airflow_venv/lib/python3.12/site-packages/airflow/example_dags/example_dynamic_task_mapping_with_no_taskflow_operators.py for tasks to queue
[2025-03-10T14:38:54.304+0600] {logging_mixin.py:190} INFO - [2025-03-10T14:38:54.303+0600] {dagbag.py:588} INFO - Filling up the DagBag from /home/shamim/airflow_venv/lib/python3.12/site-packages/airflow/example_dags/example_dynamic_task_mapping_with_no_taskflow_operators.py
[2025-03-10T14:38:54.315+0600] {processor.py:925} INFO - DAG(s) 'example_dynamic_task_mapping_with_no_taskflow_operators' retrieved from /home/shamim/airflow_venv/lib/python3.12/site-packages/airflow/example_dags/example_dynamic_task_mapping_with_no_taskflow_operators.py
[2025-03-10T14:38:54.334+0600] {logging_mixin.py:190} INFO - [2025-03-10T14:38:54.334+0600] {dag.py:3239} INFO - Sync 1 DAGs
[2025-03-10T14:38:54.349+0600] {logging_mixin.py:190} INFO - [2025-03-10T14:38:54.349+0600] {dag.py:4180} INFO - Setting next_dagrun for example_dynamic_task_mapping_with_no_taskflow_operators to None, run_after=None
[2025-03-10T14:38:54.374+0600] {processor.py:208} INFO - Processing /home/shamim/airflow_venv/lib/python3.12/site-packages/airflow/example_dags/example_dynamic_task_mapping_with_no_taskflow_operators.py took 0.086 seconds
[2025-03-10T14:40:13.260+0600] {processor.py:186} INFO - Started process (PID=25787) to work on /home/shamim/airflow_venv/lib/python3.12/site-packages/airflow/example_dags/example_dynamic_task_mapping_with_no_taskflow_operators.py
[2025-03-10T14:40:13.267+0600] {processor.py:914} INFO - Processing file /home/shamim/airflow_venv/lib/python3.12/site-packages/airflow/example_dags/example_dynamic_task_mapping_with_no_taskflow_operators.py for tasks to queue
[2025-03-10T14:40:13.270+0600] {logging_mixin.py:190} INFO - [2025-03-10T14:40:13.270+0600] {dagbag.py:588} INFO - Filling up the DagBag from /home/shamim/airflow_venv/lib/python3.12/site-packages/airflow/example_dags/example_dynamic_task_mapping_with_no_taskflow_operators.py
[2025-03-10T14:40:13.284+0600] {processor.py:925} INFO - DAG(s) 'example_dynamic_task_mapping_with_no_taskflow_operators' retrieved from /home/shamim/airflow_venv/lib/python3.12/site-packages/airflow/example_dags/example_dynamic_task_mapping_with_no_taskflow_operators.py
[2025-03-10T14:40:13.303+0600] {logging_mixin.py:190} INFO - [2025-03-10T14:40:13.303+0600] {dag.py:3239} INFO - Sync 1 DAGs
[2025-03-10T14:40:13.318+0600] {logging_mixin.py:190} INFO - [2025-03-10T14:40:13.318+0600] {dag.py:4180} INFO - Setting next_dagrun for example_dynamic_task_mapping_with_no_taskflow_operators to None, run_after=None
[2025-03-10T14:40:13.345+0600] {processor.py:208} INFO - Processing /home/shamim/airflow_venv/lib/python3.12/site-packages/airflow/example_dags/example_dynamic_task_mapping_with_no_taskflow_operators.py took 0.094 seconds
[2025-03-10T14:41:42.978+0600] {processor.py:186} INFO - Started process (PID=26702) to work on /home/shamim/airflow_venv/lib/python3.12/site-packages/airflow/example_dags/example_dynamic_task_mapping_with_no_taskflow_operators.py
[2025-03-10T14:41:42.984+0600] {processor.py:914} INFO - Processing file /home/shamim/airflow_venv/lib/python3.12/site-packages/airflow/example_dags/example_dynamic_task_mapping_with_no_taskflow_operators.py for tasks to queue
[2025-03-10T14:41:42.987+0600] {logging_mixin.py:190} INFO - [2025-03-10T14:41:42.987+0600] {dagbag.py:588} INFO - Filling up the DagBag from /home/shamim/airflow_venv/lib/python3.12/site-packages/airflow/example_dags/example_dynamic_task_mapping_with_no_taskflow_operators.py
[2025-03-10T14:41:43.000+0600] {processor.py:925} INFO - DAG(s) 'example_dynamic_task_mapping_with_no_taskflow_operators' retrieved from /home/shamim/airflow_venv/lib/python3.12/site-packages/airflow/example_dags/example_dynamic_task_mapping_with_no_taskflow_operators.py
[2025-03-10T14:41:43.019+0600] {logging_mixin.py:190} INFO - [2025-03-10T14:41:43.019+0600] {dag.py:3239} INFO - Sync 1 DAGs
[2025-03-10T14:41:43.038+0600] {logging_mixin.py:190} INFO - [2025-03-10T14:41:43.038+0600] {dag.py:4180} INFO - Setting next_dagrun for example_dynamic_task_mapping_with_no_taskflow_operators to None, run_after=None
[2025-03-10T14:41:43.067+0600] {processor.py:208} INFO - Processing /home/shamim/airflow_venv/lib/python3.12/site-packages/airflow/example_dags/example_dynamic_task_mapping_with_no_taskflow_operators.py took 0.099 seconds
[2025-03-10T14:43:10.821+0600] {processor.py:186} INFO - Started process (PID=27705) to work on /home/shamim/airflow_venv/lib/python3.12/site-packages/airflow/example_dags/example_dynamic_task_mapping_with_no_taskflow_operators.py
[2025-03-10T14:43:10.828+0600] {processor.py:914} INFO - Processing file /home/shamim/airflow_venv/lib/python3.12/site-packages/airflow/example_dags/example_dynamic_task_mapping_with_no_taskflow_operators.py for tasks to queue
[2025-03-10T14:43:10.832+0600] {logging_mixin.py:190} INFO - [2025-03-10T14:43:10.831+0600] {dagbag.py:588} INFO - Filling up the DagBag from /home/shamim/airflow_venv/lib/python3.12/site-packages/airflow/example_dags/example_dynamic_task_mapping_with_no_taskflow_operators.py
[2025-03-10T14:43:10.847+0600] {processor.py:925} INFO - DAG(s) 'example_dynamic_task_mapping_with_no_taskflow_operators' retrieved from /home/shamim/airflow_venv/lib/python3.12/site-packages/airflow/example_dags/example_dynamic_task_mapping_with_no_taskflow_operators.py
[2025-03-10T14:43:10.874+0600] {logging_mixin.py:190} INFO - [2025-03-10T14:43:10.874+0600] {dag.py:3239} INFO - Sync 1 DAGs
[2025-03-10T14:43:10.893+0600] {logging_mixin.py:190} INFO - [2025-03-10T14:43:10.893+0600] {dag.py:4180} INFO - Setting next_dagrun for example_dynamic_task_mapping_with_no_taskflow_operators to None, run_after=None
[2025-03-10T14:43:10.931+0600] {processor.py:208} INFO - Processing /home/shamim/airflow_venv/lib/python3.12/site-packages/airflow/example_dags/example_dynamic_task_mapping_with_no_taskflow_operators.py took 0.120 seconds
[2025-03-10T14:44:48.355+0600] {processor.py:186} INFO - Started process (PID=28700) to work on /home/shamim/airflow_venv/lib/python3.12/site-packages/airflow/example_dags/example_dynamic_task_mapping_with_no_taskflow_operators.py
[2025-03-10T14:44:48.364+0600] {processor.py:914} INFO - Processing file /home/shamim/airflow_venv/lib/python3.12/site-packages/airflow/example_dags/example_dynamic_task_mapping_with_no_taskflow_operators.py for tasks to queue
[2025-03-10T14:44:48.371+0600] {logging_mixin.py:190} INFO - [2025-03-10T14:44:48.369+0600] {dagbag.py:588} INFO - Filling up the DagBag from /home/shamim/airflow_venv/lib/python3.12/site-packages/airflow/example_dags/example_dynamic_task_mapping_with_no_taskflow_operators.py
[2025-03-10T14:44:48.401+0600] {processor.py:925} INFO - DAG(s) 'example_dynamic_task_mapping_with_no_taskflow_operators' retrieved from /home/shamim/airflow_venv/lib/python3.12/site-packages/airflow/example_dags/example_dynamic_task_mapping_with_no_taskflow_operators.py
[2025-03-10T14:44:48.430+0600] {logging_mixin.py:190} INFO - [2025-03-10T14:44:48.430+0600] {dag.py:3239} INFO - Sync 1 DAGs
[2025-03-10T14:44:48.446+0600] {logging_mixin.py:190} INFO - [2025-03-10T14:44:48.446+0600] {dag.py:4180} INFO - Setting next_dagrun for example_dynamic_task_mapping_with_no_taskflow_operators to None, run_after=None
[2025-03-10T14:44:48.471+0600] {processor.py:208} INFO - Processing /home/shamim/airflow_venv/lib/python3.12/site-packages/airflow/example_dags/example_dynamic_task_mapping_with_no_taskflow_operators.py took 0.143 seconds
[2025-03-10T14:46:13.699+0600] {processor.py:186} INFO - Started process (PID=29230) to work on /home/shamim/airflow_venv/lib/python3.12/site-packages/airflow/example_dags/example_dynamic_task_mapping_with_no_taskflow_operators.py
[2025-03-10T14:46:13.706+0600] {processor.py:914} INFO - Processing file /home/shamim/airflow_venv/lib/python3.12/site-packages/airflow/example_dags/example_dynamic_task_mapping_with_no_taskflow_operators.py for tasks to queue
[2025-03-10T14:46:13.709+0600] {logging_mixin.py:190} INFO - [2025-03-10T14:46:13.708+0600] {dagbag.py:588} INFO - Filling up the DagBag from /home/shamim/airflow_venv/lib/python3.12/site-packages/airflow/example_dags/example_dynamic_task_mapping_with_no_taskflow_operators.py
[2025-03-10T14:46:13.719+0600] {processor.py:925} INFO - DAG(s) 'example_dynamic_task_mapping_with_no_taskflow_operators' retrieved from /home/shamim/airflow_venv/lib/python3.12/site-packages/airflow/example_dags/example_dynamic_task_mapping_with_no_taskflow_operators.py
[2025-03-10T14:46:13.737+0600] {logging_mixin.py:190} INFO - [2025-03-10T14:46:13.737+0600] {dag.py:3239} INFO - Sync 1 DAGs
[2025-03-10T14:46:13.754+0600] {logging_mixin.py:190} INFO - [2025-03-10T14:46:13.754+0600] {dag.py:4180} INFO - Setting next_dagrun for example_dynamic_task_mapping_with_no_taskflow_operators to None, run_after=None
[2025-03-10T14:46:13.781+0600] {processor.py:208} INFO - Processing /home/shamim/airflow_venv/lib/python3.12/site-packages/airflow/example_dags/example_dynamic_task_mapping_with_no_taskflow_operators.py took 0.090 seconds
[2025-03-10T14:47:40.752+0600] {processor.py:186} INFO - Started process (PID=29870) to work on /home/shamim/airflow_venv/lib/python3.12/site-packages/airflow/example_dags/example_dynamic_task_mapping_with_no_taskflow_operators.py
[2025-03-10T14:47:40.753+0600] {processor.py:914} INFO - Processing file /home/shamim/airflow_venv/lib/python3.12/site-packages/airflow/example_dags/example_dynamic_task_mapping_with_no_taskflow_operators.py for tasks to queue
[2025-03-10T14:47:40.756+0600] {logging_mixin.py:190} INFO - [2025-03-10T14:47:40.755+0600] {dagbag.py:588} INFO - Filling up the DagBag from /home/shamim/airflow_venv/lib/python3.12/site-packages/airflow/example_dags/example_dynamic_task_mapping_with_no_taskflow_operators.py
[2025-03-10T14:47:40.766+0600] {processor.py:925} INFO - DAG(s) 'example_dynamic_task_mapping_with_no_taskflow_operators' retrieved from /home/shamim/airflow_venv/lib/python3.12/site-packages/airflow/example_dags/example_dynamic_task_mapping_with_no_taskflow_operators.py
[2025-03-10T14:47:40.785+0600] {logging_mixin.py:190} INFO - [2025-03-10T14:47:40.784+0600] {dag.py:3239} INFO - Sync 1 DAGs
[2025-03-10T14:47:40.801+0600] {logging_mixin.py:190} INFO - [2025-03-10T14:47:40.800+0600] {dag.py:4180} INFO - Setting next_dagrun for example_dynamic_task_mapping_with_no_taskflow_operators to None, run_after=None
[2025-03-10T14:47:40.828+0600] {processor.py:208} INFO - Processing /home/shamim/airflow_venv/lib/python3.12/site-packages/airflow/example_dags/example_dynamic_task_mapping_with_no_taskflow_operators.py took 0.084 seconds
[2025-03-10T14:49:07.023+0600] {processor.py:186} INFO - Started process (PID=30492) to work on /home/shamim/airflow_venv/lib/python3.12/site-packages/airflow/example_dags/example_dynamic_task_mapping_with_no_taskflow_operators.py
[2025-03-10T14:49:07.030+0600] {processor.py:914} INFO - Processing file /home/shamim/airflow_venv/lib/python3.12/site-packages/airflow/example_dags/example_dynamic_task_mapping_with_no_taskflow_operators.py for tasks to queue
[2025-03-10T14:49:07.032+0600] {logging_mixin.py:190} INFO - [2025-03-10T14:49:07.032+0600] {dagbag.py:588} INFO - Filling up the DagBag from /home/shamim/airflow_venv/lib/python3.12/site-packages/airflow/example_dags/example_dynamic_task_mapping_with_no_taskflow_operators.py
[2025-03-10T14:49:07.043+0600] {processor.py:925} INFO - DAG(s) 'example_dynamic_task_mapping_with_no_taskflow_operators' retrieved from /home/shamim/airflow_venv/lib/python3.12/site-packages/airflow/example_dags/example_dynamic_task_mapping_with_no_taskflow_operators.py
[2025-03-10T14:49:07.062+0600] {logging_mixin.py:190} INFO - [2025-03-10T14:49:07.062+0600] {dag.py:3239} INFO - Sync 1 DAGs
[2025-03-10T14:49:07.078+0600] {logging_mixin.py:190} INFO - [2025-03-10T14:49:07.078+0600] {dag.py:4180} INFO - Setting next_dagrun for example_dynamic_task_mapping_with_no_taskflow_operators to None, run_after=None
[2025-03-10T14:49:07.107+0600] {processor.py:208} INFO - Processing /home/shamim/airflow_venv/lib/python3.12/site-packages/airflow/example_dags/example_dynamic_task_mapping_with_no_taskflow_operators.py took 0.091 seconds
[2025-03-10T14:50:39.948+0600] {processor.py:186} INFO - Started process (PID=31050) to work on /home/shamim/airflow_venv/lib/python3.12/site-packages/airflow/example_dags/example_dynamic_task_mapping_with_no_taskflow_operators.py
[2025-03-10T14:50:39.955+0600] {processor.py:914} INFO - Processing file /home/shamim/airflow_venv/lib/python3.12/site-packages/airflow/example_dags/example_dynamic_task_mapping_with_no_taskflow_operators.py for tasks to queue
[2025-03-10T14:50:39.966+0600] {logging_mixin.py:190} INFO - [2025-03-10T14:50:39.964+0600] {dagbag.py:588} INFO - Filling up the DagBag from /home/shamim/airflow_venv/lib/python3.12/site-packages/airflow/example_dags/example_dynamic_task_mapping_with_no_taskflow_operators.py
[2025-03-10T14:50:39.987+0600] {processor.py:925} INFO - DAG(s) 'example_dynamic_task_mapping_with_no_taskflow_operators' retrieved from /home/shamim/airflow_venv/lib/python3.12/site-packages/airflow/example_dags/example_dynamic_task_mapping_with_no_taskflow_operators.py
[2025-03-10T14:50:40.014+0600] {logging_mixin.py:190} INFO - [2025-03-10T14:50:40.013+0600] {dag.py:3239} INFO - Sync 1 DAGs
[2025-03-10T14:50:40.033+0600] {logging_mixin.py:190} INFO - [2025-03-10T14:50:40.033+0600] {dag.py:4180} INFO - Setting next_dagrun for example_dynamic_task_mapping_with_no_taskflow_operators to None, run_after=None
[2025-03-10T14:50:40.065+0600] {processor.py:208} INFO - Processing /home/shamim/airflow_venv/lib/python3.12/site-packages/airflow/example_dags/example_dynamic_task_mapping_with_no_taskflow_operators.py took 0.146 seconds
[2025-03-10T14:52:15.246+0600] {processor.py:186} INFO - Started process (PID=31648) to work on /home/shamim/airflow_venv/lib/python3.12/site-packages/airflow/example_dags/example_dynamic_task_mapping_with_no_taskflow_operators.py
[2025-03-10T14:52:15.252+0600] {processor.py:914} INFO - Processing file /home/shamim/airflow_venv/lib/python3.12/site-packages/airflow/example_dags/example_dynamic_task_mapping_with_no_taskflow_operators.py for tasks to queue
[2025-03-10T14:52:15.255+0600] {logging_mixin.py:190} INFO - [2025-03-10T14:52:15.254+0600] {dagbag.py:588} INFO - Filling up the DagBag from /home/shamim/airflow_venv/lib/python3.12/site-packages/airflow/example_dags/example_dynamic_task_mapping_with_no_taskflow_operators.py
[2025-03-10T14:52:15.265+0600] {processor.py:925} INFO - DAG(s) 'example_dynamic_task_mapping_with_no_taskflow_operators' retrieved from /home/shamim/airflow_venv/lib/python3.12/site-packages/airflow/example_dags/example_dynamic_task_mapping_with_no_taskflow_operators.py
[2025-03-10T14:52:15.283+0600] {logging_mixin.py:190} INFO - [2025-03-10T14:52:15.283+0600] {dag.py:3239} INFO - Sync 1 DAGs
[2025-03-10T14:52:15.431+0600] {logging_mixin.py:190} INFO - [2025-03-10T14:52:15.431+0600] {dag.py:4180} INFO - Setting next_dagrun for example_dynamic_task_mapping_with_no_taskflow_operators to None, run_after=None
[2025-03-10T14:52:15.463+0600] {processor.py:208} INFO - Processing /home/shamim/airflow_venv/lib/python3.12/site-packages/airflow/example_dags/example_dynamic_task_mapping_with_no_taskflow_operators.py took 0.225 seconds
[2025-03-10T14:53:55.589+0600] {processor.py:186} INFO - Started process (PID=32490) to work on /home/shamim/airflow_venv/lib/python3.12/site-packages/airflow/example_dags/example_dynamic_task_mapping_with_no_taskflow_operators.py
[2025-03-10T14:53:55.591+0600] {processor.py:914} INFO - Processing file /home/shamim/airflow_venv/lib/python3.12/site-packages/airflow/example_dags/example_dynamic_task_mapping_with_no_taskflow_operators.py for tasks to queue
[2025-03-10T14:53:55.594+0600] {logging_mixin.py:190} INFO - [2025-03-10T14:53:55.594+0600] {dagbag.py:588} INFO - Filling up the DagBag from /home/shamim/airflow_venv/lib/python3.12/site-packages/airflow/example_dags/example_dynamic_task_mapping_with_no_taskflow_operators.py
[2025-03-10T14:53:55.609+0600] {processor.py:925} INFO - DAG(s) 'example_dynamic_task_mapping_with_no_taskflow_operators' retrieved from /home/shamim/airflow_venv/lib/python3.12/site-packages/airflow/example_dags/example_dynamic_task_mapping_with_no_taskflow_operators.py
[2025-03-10T14:53:55.635+0600] {logging_mixin.py:190} INFO - [2025-03-10T14:53:55.635+0600] {dag.py:3239} INFO - Sync 1 DAGs
[2025-03-10T14:53:55.787+0600] {logging_mixin.py:190} INFO - [2025-03-10T14:53:55.787+0600] {dag.py:4180} INFO - Setting next_dagrun for example_dynamic_task_mapping_with_no_taskflow_operators to None, run_after=None
[2025-03-10T14:53:55.812+0600] {processor.py:208} INFO - Processing /home/shamim/airflow_venv/lib/python3.12/site-packages/airflow/example_dags/example_dynamic_task_mapping_with_no_taskflow_operators.py took 0.233 seconds
[2025-03-10T14:55:37.289+0600] {processor.py:186} INFO - Started process (PID=33485) to work on /home/shamim/airflow_venv/lib/python3.12/site-packages/airflow/example_dags/example_dynamic_task_mapping_with_no_taskflow_operators.py
[2025-03-10T14:55:37.294+0600] {processor.py:914} INFO - Processing file /home/shamim/airflow_venv/lib/python3.12/site-packages/airflow/example_dags/example_dynamic_task_mapping_with_no_taskflow_operators.py for tasks to queue
[2025-03-10T14:55:37.296+0600] {logging_mixin.py:190} INFO - [2025-03-10T14:55:37.296+0600] {dagbag.py:588} INFO - Filling up the DagBag from /home/shamim/airflow_venv/lib/python3.12/site-packages/airflow/example_dags/example_dynamic_task_mapping_with_no_taskflow_operators.py
[2025-03-10T14:55:37.308+0600] {processor.py:925} INFO - DAG(s) 'example_dynamic_task_mapping_with_no_taskflow_operators' retrieved from /home/shamim/airflow_venv/lib/python3.12/site-packages/airflow/example_dags/example_dynamic_task_mapping_with_no_taskflow_operators.py
[2025-03-10T14:55:37.327+0600] {logging_mixin.py:190} INFO - [2025-03-10T14:55:37.327+0600] {dag.py:3239} INFO - Sync 1 DAGs
[2025-03-10T14:55:37.344+0600] {logging_mixin.py:190} INFO - [2025-03-10T14:55:37.344+0600] {dag.py:4180} INFO - Setting next_dagrun for example_dynamic_task_mapping_with_no_taskflow_operators to None, run_after=None
[2025-03-10T14:55:37.373+0600] {processor.py:208} INFO - Processing /home/shamim/airflow_venv/lib/python3.12/site-packages/airflow/example_dags/example_dynamic_task_mapping_with_no_taskflow_operators.py took 0.093 seconds
[2025-03-10T14:57:10.466+0600] {processor.py:186} INFO - Started process (PID=34088) to work on /home/shamim/airflow_venv/lib/python3.12/site-packages/airflow/example_dags/example_dynamic_task_mapping_with_no_taskflow_operators.py
[2025-03-10T14:57:10.470+0600] {processor.py:914} INFO - Processing file /home/shamim/airflow_venv/lib/python3.12/site-packages/airflow/example_dags/example_dynamic_task_mapping_with_no_taskflow_operators.py for tasks to queue
[2025-03-10T14:57:10.477+0600] {logging_mixin.py:190} INFO - [2025-03-10T14:57:10.476+0600] {dagbag.py:588} INFO - Filling up the DagBag from /home/shamim/airflow_venv/lib/python3.12/site-packages/airflow/example_dags/example_dynamic_task_mapping_with_no_taskflow_operators.py
[2025-03-10T14:57:10.496+0600] {processor.py:925} INFO - DAG(s) 'example_dynamic_task_mapping_with_no_taskflow_operators' retrieved from /home/shamim/airflow_venv/lib/python3.12/site-packages/airflow/example_dags/example_dynamic_task_mapping_with_no_taskflow_operators.py
[2025-03-10T14:57:10.515+0600] {logging_mixin.py:190} INFO - [2025-03-10T14:57:10.515+0600] {dag.py:3239} INFO - Sync 1 DAGs
[2025-03-10T14:57:10.532+0600] {logging_mixin.py:190} INFO - [2025-03-10T14:57:10.532+0600] {dag.py:4180} INFO - Setting next_dagrun for example_dynamic_task_mapping_with_no_taskflow_operators to None, run_after=None
[2025-03-10T14:57:10.557+0600] {processor.py:208} INFO - Processing /home/shamim/airflow_venv/lib/python3.12/site-packages/airflow/example_dags/example_dynamic_task_mapping_with_no_taskflow_operators.py took 0.099 seconds
[2025-03-10T14:58:39.191+0600] {processor.py:186} INFO - Started process (PID=34707) to work on /home/shamim/airflow_venv/lib/python3.12/site-packages/airflow/example_dags/example_dynamic_task_mapping_with_no_taskflow_operators.py
[2025-03-10T14:58:39.197+0600] {processor.py:914} INFO - Processing file /home/shamim/airflow_venv/lib/python3.12/site-packages/airflow/example_dags/example_dynamic_task_mapping_with_no_taskflow_operators.py for tasks to queue
[2025-03-10T14:58:39.200+0600] {logging_mixin.py:190} INFO - [2025-03-10T14:58:39.199+0600] {dagbag.py:588} INFO - Filling up the DagBag from /home/shamim/airflow_venv/lib/python3.12/site-packages/airflow/example_dags/example_dynamic_task_mapping_with_no_taskflow_operators.py
[2025-03-10T14:58:39.210+0600] {processor.py:925} INFO - DAG(s) 'example_dynamic_task_mapping_with_no_taskflow_operators' retrieved from /home/shamim/airflow_venv/lib/python3.12/site-packages/airflow/example_dags/example_dynamic_task_mapping_with_no_taskflow_operators.py
[2025-03-10T14:58:39.229+0600] {logging_mixin.py:190} INFO - [2025-03-10T14:58:39.228+0600] {dag.py:3239} INFO - Sync 1 DAGs
[2025-03-10T14:58:39.244+0600] {logging_mixin.py:190} INFO - [2025-03-10T14:58:39.244+0600] {dag.py:4180} INFO - Setting next_dagrun for example_dynamic_task_mapping_with_no_taskflow_operators to None, run_after=None
[2025-03-10T14:58:39.273+0600] {processor.py:208} INFO - Processing /home/shamim/airflow_venv/lib/python3.12/site-packages/airflow/example_dags/example_dynamic_task_mapping_with_no_taskflow_operators.py took 0.090 seconds
[2025-03-10T15:00:13.575+0600] {processor.py:186} INFO - Started process (PID=35630) to work on /home/shamim/airflow_venv/lib/python3.12/site-packages/airflow/example_dags/example_dynamic_task_mapping_with_no_taskflow_operators.py
[2025-03-10T15:00:13.582+0600] {processor.py:914} INFO - Processing file /home/shamim/airflow_venv/lib/python3.12/site-packages/airflow/example_dags/example_dynamic_task_mapping_with_no_taskflow_operators.py for tasks to queue
[2025-03-10T15:00:13.585+0600] {logging_mixin.py:190} INFO - [2025-03-10T15:00:13.585+0600] {dagbag.py:588} INFO - Filling up the DagBag from /home/shamim/airflow_venv/lib/python3.12/site-packages/airflow/example_dags/example_dynamic_task_mapping_with_no_taskflow_operators.py
[2025-03-10T15:00:13.601+0600] {processor.py:925} INFO - DAG(s) 'example_dynamic_task_mapping_with_no_taskflow_operators' retrieved from /home/shamim/airflow_venv/lib/python3.12/site-packages/airflow/example_dags/example_dynamic_task_mapping_with_no_taskflow_operators.py
[2025-03-10T15:00:13.628+0600] {logging_mixin.py:190} INFO - [2025-03-10T15:00:13.628+0600] {dag.py:3239} INFO - Sync 1 DAGs
[2025-03-10T15:00:13.666+0600] {logging_mixin.py:190} INFO - [2025-03-10T15:00:13.666+0600] {dag.py:4180} INFO - Setting next_dagrun for example_dynamic_task_mapping_with_no_taskflow_operators to None, run_after=None
[2025-03-10T15:00:13.706+0600] {processor.py:208} INFO - Processing /home/shamim/airflow_venv/lib/python3.12/site-packages/airflow/example_dags/example_dynamic_task_mapping_with_no_taskflow_operators.py took 0.149 seconds
[2025-03-10T15:01:50.045+0600] {processor.py:186} INFO - Started process (PID=36596) to work on /home/shamim/airflow_venv/lib/python3.12/site-packages/airflow/example_dags/example_dynamic_task_mapping_with_no_taskflow_operators.py
[2025-03-10T15:01:50.051+0600] {processor.py:914} INFO - Processing file /home/shamim/airflow_venv/lib/python3.12/site-packages/airflow/example_dags/example_dynamic_task_mapping_with_no_taskflow_operators.py for tasks to queue
[2025-03-10T15:01:50.055+0600] {logging_mixin.py:190} INFO - [2025-03-10T15:01:50.055+0600] {dagbag.py:588} INFO - Filling up the DagBag from /home/shamim/airflow_venv/lib/python3.12/site-packages/airflow/example_dags/example_dynamic_task_mapping_with_no_taskflow_operators.py
[2025-03-10T15:01:50.072+0600] {processor.py:925} INFO - DAG(s) 'example_dynamic_task_mapping_with_no_taskflow_operators' retrieved from /home/shamim/airflow_venv/lib/python3.12/site-packages/airflow/example_dags/example_dynamic_task_mapping_with_no_taskflow_operators.py
[2025-03-10T15:01:50.102+0600] {logging_mixin.py:190} INFO - [2025-03-10T15:01:50.102+0600] {dag.py:3239} INFO - Sync 1 DAGs
[2025-03-10T15:01:50.131+0600] {logging_mixin.py:190} INFO - [2025-03-10T15:01:50.131+0600] {dag.py:4180} INFO - Setting next_dagrun for example_dynamic_task_mapping_with_no_taskflow_operators to None, run_after=None
[2025-03-10T15:01:50.203+0600] {processor.py:208} INFO - Processing /home/shamim/airflow_venv/lib/python3.12/site-packages/airflow/example_dags/example_dynamic_task_mapping_with_no_taskflow_operators.py took 0.168 seconds
[2025-03-10T15:03:16.746+0600] {processor.py:186} INFO - Started process (PID=37226) to work on /home/shamim/airflow_venv/lib/python3.12/site-packages/airflow/example_dags/example_dynamic_task_mapping_with_no_taskflow_operators.py
[2025-03-10T15:03:16.747+0600] {processor.py:914} INFO - Processing file /home/shamim/airflow_venv/lib/python3.12/site-packages/airflow/example_dags/example_dynamic_task_mapping_with_no_taskflow_operators.py for tasks to queue
[2025-03-10T15:03:16.749+0600] {logging_mixin.py:190} INFO - [2025-03-10T15:03:16.749+0600] {dagbag.py:588} INFO - Filling up the DagBag from /home/shamim/airflow_venv/lib/python3.12/site-packages/airflow/example_dags/example_dynamic_task_mapping_with_no_taskflow_operators.py
[2025-03-10T15:03:16.761+0600] {processor.py:925} INFO - DAG(s) 'example_dynamic_task_mapping_with_no_taskflow_operators' retrieved from /home/shamim/airflow_venv/lib/python3.12/site-packages/airflow/example_dags/example_dynamic_task_mapping_with_no_taskflow_operators.py
[2025-03-10T15:03:16.780+0600] {logging_mixin.py:190} INFO - [2025-03-10T15:03:16.779+0600] {dag.py:3239} INFO - Sync 1 DAGs
[2025-03-10T15:03:16.796+0600] {logging_mixin.py:190} INFO - [2025-03-10T15:03:16.796+0600] {dag.py:4180} INFO - Setting next_dagrun for example_dynamic_task_mapping_with_no_taskflow_operators to None, run_after=None
[2025-03-10T15:03:16.819+0600] {processor.py:208} INFO - Processing /home/shamim/airflow_venv/lib/python3.12/site-packages/airflow/example_dags/example_dynamic_task_mapping_with_no_taskflow_operators.py took 0.081 seconds
[2025-03-10T15:04:36.668+0600] {processor.py:186} INFO - Started process (PID=37693) to work on /home/shamim/airflow_venv/lib/python3.12/site-packages/airflow/example_dags/example_dynamic_task_mapping_with_no_taskflow_operators.py
[2025-03-10T15:04:36.674+0600] {processor.py:914} INFO - Processing file /home/shamim/airflow_venv/lib/python3.12/site-packages/airflow/example_dags/example_dynamic_task_mapping_with_no_taskflow_operators.py for tasks to queue
[2025-03-10T15:04:36.676+0600] {logging_mixin.py:190} INFO - [2025-03-10T15:04:36.676+0600] {dagbag.py:588} INFO - Filling up the DagBag from /home/shamim/airflow_venv/lib/python3.12/site-packages/airflow/example_dags/example_dynamic_task_mapping_with_no_taskflow_operators.py
[2025-03-10T15:04:36.687+0600] {processor.py:925} INFO - DAG(s) 'example_dynamic_task_mapping_with_no_taskflow_operators' retrieved from /home/shamim/airflow_venv/lib/python3.12/site-packages/airflow/example_dags/example_dynamic_task_mapping_with_no_taskflow_operators.py
[2025-03-10T15:04:36.705+0600] {logging_mixin.py:190} INFO - [2025-03-10T15:04:36.705+0600] {dag.py:3239} INFO - Sync 1 DAGs
[2025-03-10T15:04:36.720+0600] {logging_mixin.py:190} INFO - [2025-03-10T15:04:36.720+0600] {dag.py:4180} INFO - Setting next_dagrun for example_dynamic_task_mapping_with_no_taskflow_operators to None, run_after=None
[2025-03-10T15:04:36.750+0600] {processor.py:208} INFO - Processing /home/shamim/airflow_venv/lib/python3.12/site-packages/airflow/example_dags/example_dynamic_task_mapping_with_no_taskflow_operators.py took 0.088 seconds
[2025-03-10T15:05:56.651+0600] {processor.py:186} INFO - Started process (PID=38196) to work on /home/shamim/airflow_venv/lib/python3.12/site-packages/airflow/example_dags/example_dynamic_task_mapping_with_no_taskflow_operators.py
[2025-03-10T15:05:56.652+0600] {processor.py:914} INFO - Processing file /home/shamim/airflow_venv/lib/python3.12/site-packages/airflow/example_dags/example_dynamic_task_mapping_with_no_taskflow_operators.py for tasks to queue
[2025-03-10T15:05:56.655+0600] {logging_mixin.py:190} INFO - [2025-03-10T15:05:56.655+0600] {dagbag.py:588} INFO - Filling up the DagBag from /home/shamim/airflow_venv/lib/python3.12/site-packages/airflow/example_dags/example_dynamic_task_mapping_with_no_taskflow_operators.py
[2025-03-10T15:05:56.667+0600] {processor.py:925} INFO - DAG(s) 'example_dynamic_task_mapping_with_no_taskflow_operators' retrieved from /home/shamim/airflow_venv/lib/python3.12/site-packages/airflow/example_dags/example_dynamic_task_mapping_with_no_taskflow_operators.py
[2025-03-10T15:05:56.689+0600] {logging_mixin.py:190} INFO - [2025-03-10T15:05:56.689+0600] {dag.py:3239} INFO - Sync 1 DAGs
[2025-03-10T15:05:56.709+0600] {logging_mixin.py:190} INFO - [2025-03-10T15:05:56.709+0600] {dag.py:4180} INFO - Setting next_dagrun for example_dynamic_task_mapping_with_no_taskflow_operators to None, run_after=None
[2025-03-10T15:05:56.737+0600] {processor.py:208} INFO - Processing /home/shamim/airflow_venv/lib/python3.12/site-packages/airflow/example_dags/example_dynamic_task_mapping_with_no_taskflow_operators.py took 0.096 seconds
[2025-03-10T15:07:14.257+0600] {processor.py:186} INFO - Started process (PID=38648) to work on /home/shamim/airflow_venv/lib/python3.12/site-packages/airflow/example_dags/example_dynamic_task_mapping_with_no_taskflow_operators.py
[2025-03-10T15:07:14.264+0600] {processor.py:914} INFO - Processing file /home/shamim/airflow_venv/lib/python3.12/site-packages/airflow/example_dags/example_dynamic_task_mapping_with_no_taskflow_operators.py for tasks to queue
[2025-03-10T15:07:14.266+0600] {logging_mixin.py:190} INFO - [2025-03-10T15:07:14.266+0600] {dagbag.py:588} INFO - Filling up the DagBag from /home/shamim/airflow_venv/lib/python3.12/site-packages/airflow/example_dags/example_dynamic_task_mapping_with_no_taskflow_operators.py
[2025-03-10T15:07:14.277+0600] {processor.py:925} INFO - DAG(s) 'example_dynamic_task_mapping_with_no_taskflow_operators' retrieved from /home/shamim/airflow_venv/lib/python3.12/site-packages/airflow/example_dags/example_dynamic_task_mapping_with_no_taskflow_operators.py
[2025-03-10T15:07:14.295+0600] {logging_mixin.py:190} INFO - [2025-03-10T15:07:14.295+0600] {dag.py:3239} INFO - Sync 1 DAGs
[2025-03-10T15:07:14.311+0600] {logging_mixin.py:190} INFO - [2025-03-10T15:07:14.311+0600] {dag.py:4180} INFO - Setting next_dagrun for example_dynamic_task_mapping_with_no_taskflow_operators to None, run_after=None
[2025-03-10T15:07:14.335+0600] {processor.py:208} INFO - Processing /home/shamim/airflow_venv/lib/python3.12/site-packages/airflow/example_dags/example_dynamic_task_mapping_with_no_taskflow_operators.py took 0.086 seconds
[2025-03-10T15:08:45.331+0600] {processor.py:186} INFO - Started process (PID=39196) to work on /home/shamim/airflow_venv/lib/python3.12/site-packages/airflow/example_dags/example_dynamic_task_mapping_with_no_taskflow_operators.py
[2025-03-10T15:08:45.337+0600] {processor.py:914} INFO - Processing file /home/shamim/airflow_venv/lib/python3.12/site-packages/airflow/example_dags/example_dynamic_task_mapping_with_no_taskflow_operators.py for tasks to queue
[2025-03-10T15:08:45.340+0600] {logging_mixin.py:190} INFO - [2025-03-10T15:08:45.339+0600] {dagbag.py:588} INFO - Filling up the DagBag from /home/shamim/airflow_venv/lib/python3.12/site-packages/airflow/example_dags/example_dynamic_task_mapping_with_no_taskflow_operators.py
[2025-03-10T15:08:45.351+0600] {processor.py:925} INFO - DAG(s) 'example_dynamic_task_mapping_with_no_taskflow_operators' retrieved from /home/shamim/airflow_venv/lib/python3.12/site-packages/airflow/example_dags/example_dynamic_task_mapping_with_no_taskflow_operators.py
[2025-03-10T15:08:45.374+0600] {logging_mixin.py:190} INFO - [2025-03-10T15:08:45.373+0600] {dag.py:3239} INFO - Sync 1 DAGs
[2025-03-10T15:08:45.396+0600] {logging_mixin.py:190} INFO - [2025-03-10T15:08:45.396+0600] {dag.py:4180} INFO - Setting next_dagrun for example_dynamic_task_mapping_with_no_taskflow_operators to None, run_after=None
[2025-03-10T15:08:45.430+0600] {processor.py:208} INFO - Processing /home/shamim/airflow_venv/lib/python3.12/site-packages/airflow/example_dags/example_dynamic_task_mapping_with_no_taskflow_operators.py took 0.106 seconds
[2025-03-10T15:10:09.229+0600] {processor.py:186} INFO - Started process (PID=39665) to work on /home/shamim/airflow_venv/lib/python3.12/site-packages/airflow/example_dags/example_dynamic_task_mapping_with_no_taskflow_operators.py
[2025-03-10T15:10:09.234+0600] {processor.py:914} INFO - Processing file /home/shamim/airflow_venv/lib/python3.12/site-packages/airflow/example_dags/example_dynamic_task_mapping_with_no_taskflow_operators.py for tasks to queue
[2025-03-10T15:10:09.237+0600] {logging_mixin.py:190} INFO - [2025-03-10T15:10:09.237+0600] {dagbag.py:588} INFO - Filling up the DagBag from /home/shamim/airflow_venv/lib/python3.12/site-packages/airflow/example_dags/example_dynamic_task_mapping_with_no_taskflow_operators.py
[2025-03-10T15:10:09.248+0600] {processor.py:925} INFO - DAG(s) 'example_dynamic_task_mapping_with_no_taskflow_operators' retrieved from /home/shamim/airflow_venv/lib/python3.12/site-packages/airflow/example_dags/example_dynamic_task_mapping_with_no_taskflow_operators.py
[2025-03-10T15:10:09.269+0600] {logging_mixin.py:190} INFO - [2025-03-10T15:10:09.269+0600] {dag.py:3239} INFO - Sync 1 DAGs
[2025-03-10T15:10:09.287+0600] {logging_mixin.py:190} INFO - [2025-03-10T15:10:09.287+0600] {dag.py:4180} INFO - Setting next_dagrun for example_dynamic_task_mapping_with_no_taskflow_operators to None, run_after=None
[2025-03-10T15:10:09.315+0600] {processor.py:208} INFO - Processing /home/shamim/airflow_venv/lib/python3.12/site-packages/airflow/example_dags/example_dynamic_task_mapping_with_no_taskflow_operators.py took 0.096 seconds
[2025-03-10T15:11:29.259+0600] {processor.py:186} INFO - Started process (PID=40143) to work on /home/shamim/airflow_venv/lib/python3.12/site-packages/airflow/example_dags/example_dynamic_task_mapping_with_no_taskflow_operators.py
[2025-03-10T15:11:29.265+0600] {processor.py:914} INFO - Processing file /home/shamim/airflow_venv/lib/python3.12/site-packages/airflow/example_dags/example_dynamic_task_mapping_with_no_taskflow_operators.py for tasks to queue
[2025-03-10T15:11:29.267+0600] {logging_mixin.py:190} INFO - [2025-03-10T15:11:29.267+0600] {dagbag.py:588} INFO - Filling up the DagBag from /home/shamim/airflow_venv/lib/python3.12/site-packages/airflow/example_dags/example_dynamic_task_mapping_with_no_taskflow_operators.py
[2025-03-10T15:11:29.278+0600] {processor.py:925} INFO - DAG(s) 'example_dynamic_task_mapping_with_no_taskflow_operators' retrieved from /home/shamim/airflow_venv/lib/python3.12/site-packages/airflow/example_dags/example_dynamic_task_mapping_with_no_taskflow_operators.py
[2025-03-10T15:11:29.297+0600] {logging_mixin.py:190} INFO - [2025-03-10T15:11:29.296+0600] {dag.py:3239} INFO - Sync 1 DAGs
[2025-03-10T15:11:29.313+0600] {logging_mixin.py:190} INFO - [2025-03-10T15:11:29.313+0600] {dag.py:4180} INFO - Setting next_dagrun for example_dynamic_task_mapping_with_no_taskflow_operators to None, run_after=None
[2025-03-10T15:11:29.340+0600] {processor.py:208} INFO - Processing /home/shamim/airflow_venv/lib/python3.12/site-packages/airflow/example_dags/example_dynamic_task_mapping_with_no_taskflow_operators.py took 0.088 seconds
[2025-03-10T15:12:56.957+0600] {processor.py:186} INFO - Started process (PID=40783) to work on /home/shamim/airflow_venv/lib/python3.12/site-packages/airflow/example_dags/example_dynamic_task_mapping_with_no_taskflow_operators.py
[2025-03-10T15:12:56.962+0600] {processor.py:914} INFO - Processing file /home/shamim/airflow_venv/lib/python3.12/site-packages/airflow/example_dags/example_dynamic_task_mapping_with_no_taskflow_operators.py for tasks to queue
[2025-03-10T15:12:56.964+0600] {logging_mixin.py:190} INFO - [2025-03-10T15:12:56.964+0600] {dagbag.py:588} INFO - Filling up the DagBag from /home/shamim/airflow_venv/lib/python3.12/site-packages/airflow/example_dags/example_dynamic_task_mapping_with_no_taskflow_operators.py
[2025-03-10T15:12:56.975+0600] {processor.py:925} INFO - DAG(s) 'example_dynamic_task_mapping_with_no_taskflow_operators' retrieved from /home/shamim/airflow_venv/lib/python3.12/site-packages/airflow/example_dags/example_dynamic_task_mapping_with_no_taskflow_operators.py
[2025-03-10T15:12:56.994+0600] {logging_mixin.py:190} INFO - [2025-03-10T15:12:56.994+0600] {dag.py:3239} INFO - Sync 1 DAGs
[2025-03-10T15:12:57.010+0600] {logging_mixin.py:190} INFO - [2025-03-10T15:12:57.010+0600] {dag.py:4180} INFO - Setting next_dagrun for example_dynamic_task_mapping_with_no_taskflow_operators to None, run_after=None
[2025-03-10T15:12:57.034+0600] {processor.py:208} INFO - Processing /home/shamim/airflow_venv/lib/python3.12/site-packages/airflow/example_dags/example_dynamic_task_mapping_with_no_taskflow_operators.py took 0.084 seconds
[2025-03-10T15:14:22.635+0600] {processor.py:186} INFO - Started process (PID=41349) to work on /home/shamim/airflow_venv/lib/python3.12/site-packages/airflow/example_dags/example_dynamic_task_mapping_with_no_taskflow_operators.py
[2025-03-10T15:14:22.639+0600] {processor.py:914} INFO - Processing file /home/shamim/airflow_venv/lib/python3.12/site-packages/airflow/example_dags/example_dynamic_task_mapping_with_no_taskflow_operators.py for tasks to queue
[2025-03-10T15:14:22.647+0600] {logging_mixin.py:190} INFO - [2025-03-10T15:14:22.645+0600] {dagbag.py:588} INFO - Filling up the DagBag from /home/shamim/airflow_venv/lib/python3.12/site-packages/airflow/example_dags/example_dynamic_task_mapping_with_no_taskflow_operators.py
[2025-03-10T15:14:22.672+0600] {processor.py:925} INFO - DAG(s) 'example_dynamic_task_mapping_with_no_taskflow_operators' retrieved from /home/shamim/airflow_venv/lib/python3.12/site-packages/airflow/example_dags/example_dynamic_task_mapping_with_no_taskflow_operators.py
[2025-03-10T15:14:22.694+0600] {logging_mixin.py:190} INFO - [2025-03-10T15:14:22.694+0600] {dag.py:3239} INFO - Sync 1 DAGs
[2025-03-10T15:14:22.718+0600] {logging_mixin.py:190} INFO - [2025-03-10T15:14:22.718+0600] {dag.py:4180} INFO - Setting next_dagrun for example_dynamic_task_mapping_with_no_taskflow_operators to None, run_after=None
[2025-03-10T15:14:22.760+0600] {processor.py:208} INFO - Processing /home/shamim/airflow_venv/lib/python3.12/site-packages/airflow/example_dags/example_dynamic_task_mapping_with_no_taskflow_operators.py took 0.146 seconds
[2025-03-10T15:15:54.596+0600] {processor.py:186} INFO - Started process (PID=41949) to work on /home/shamim/airflow_venv/lib/python3.12/site-packages/airflow/example_dags/example_dynamic_task_mapping_with_no_taskflow_operators.py
[2025-03-10T15:15:54.600+0600] {processor.py:914} INFO - Processing file /home/shamim/airflow_venv/lib/python3.12/site-packages/airflow/example_dags/example_dynamic_task_mapping_with_no_taskflow_operators.py for tasks to queue
[2025-03-10T15:15:54.603+0600] {logging_mixin.py:190} INFO - [2025-03-10T15:15:54.602+0600] {dagbag.py:588} INFO - Filling up the DagBag from /home/shamim/airflow_venv/lib/python3.12/site-packages/airflow/example_dags/example_dynamic_task_mapping_with_no_taskflow_operators.py
[2025-03-10T15:15:54.614+0600] {processor.py:925} INFO - DAG(s) 'example_dynamic_task_mapping_with_no_taskflow_operators' retrieved from /home/shamim/airflow_venv/lib/python3.12/site-packages/airflow/example_dags/example_dynamic_task_mapping_with_no_taskflow_operators.py
[2025-03-10T15:15:54.633+0600] {logging_mixin.py:190} INFO - [2025-03-10T15:15:54.632+0600] {dag.py:3239} INFO - Sync 1 DAGs
[2025-03-10T15:15:54.649+0600] {logging_mixin.py:190} INFO - [2025-03-10T15:15:54.648+0600] {dag.py:4180} INFO - Setting next_dagrun for example_dynamic_task_mapping_with_no_taskflow_operators to None, run_after=None
[2025-03-10T15:15:54.672+0600] {processor.py:208} INFO - Processing /home/shamim/airflow_venv/lib/python3.12/site-packages/airflow/example_dags/example_dynamic_task_mapping_with_no_taskflow_operators.py took 0.083 seconds
