[2025-03-10T13:53:25.003+0600] {processor.py:186} INFO - Started process (PID=4826) to work on /home/shamim/airflow_venv/lib/python3.12/site-packages/airflow/example_dags/example_branch_operator.py
[2025-03-10T13:53:25.004+0600] {processor.py:914} INFO - Processing file /home/shamim/airflow_venv/lib/python3.12/site-packages/airflow/example_dags/example_branch_operator.py for tasks to queue
[2025-03-10T13:53:25.006+0600] {logging_mixin.py:190} INFO - [2025-03-10T13:53:25.006+0600] {dagbag.py:588} INFO - Filling up the DagBag from /home/shamim/airflow_venv/lib/python3.12/site-packages/airflow/example_dags/example_branch_operator.py
[2025-03-10T13:53:25.010+0600] {processor.py:927} WARNING - No viable dags retrieved from /home/shamim/airflow_venv/lib/python3.12/site-packages/airflow/example_dags/example_branch_operator.py
[2025-03-10T13:53:25.022+0600] {processor.py:208} INFO - Processing /home/shamim/airflow_venv/lib/python3.12/site-packages/airflow/example_dags/example_branch_operator.py took 0.026 seconds
[2025-03-10T13:55:03.796+0600] {processor.py:186} INFO - Started process (PID=5397) to work on /home/shamim/airflow_venv/lib/python3.12/site-packages/airflow/example_dags/example_branch_operator.py
[2025-03-10T13:55:03.804+0600] {processor.py:914} INFO - Processing file /home/shamim/airflow_venv/lib/python3.12/site-packages/airflow/example_dags/example_branch_operator.py for tasks to queue
[2025-03-10T13:55:03.807+0600] {logging_mixin.py:190} INFO - [2025-03-10T13:55:03.806+0600] {dagbag.py:588} INFO - Filling up the DagBag from /home/shamim/airflow_venv/lib/python3.12/site-packages/airflow/example_dags/example_branch_operator.py
[2025-03-10T13:55:03.810+0600] {processor.py:927} WARNING - No viable dags retrieved from /home/shamim/airflow_venv/lib/python3.12/site-packages/airflow/example_dags/example_branch_operator.py
[2025-03-10T13:55:03.824+0600] {processor.py:208} INFO - Processing /home/shamim/airflow_venv/lib/python3.12/site-packages/airflow/example_dags/example_branch_operator.py took 0.034 seconds
[2025-03-10T13:56:32.542+0600] {processor.py:186} INFO - Started process (PID=5866) to work on /home/shamim/airflow_venv/lib/python3.12/site-packages/airflow/example_dags/example_branch_operator.py
[2025-03-10T13:56:32.549+0600] {processor.py:914} INFO - Processing file /home/shamim/airflow_venv/lib/python3.12/site-packages/airflow/example_dags/example_branch_operator.py for tasks to queue
[2025-03-10T13:56:32.552+0600] {logging_mixin.py:190} INFO - [2025-03-10T13:56:32.551+0600] {dagbag.py:588} INFO - Filling up the DagBag from /home/shamim/airflow_venv/lib/python3.12/site-packages/airflow/example_dags/example_branch_operator.py
[2025-03-10T13:56:32.557+0600] {processor.py:927} WARNING - No viable dags retrieved from /home/shamim/airflow_venv/lib/python3.12/site-packages/airflow/example_dags/example_branch_operator.py
[2025-03-10T13:56:32.573+0600] {processor.py:208} INFO - Processing /home/shamim/airflow_venv/lib/python3.12/site-packages/airflow/example_dags/example_branch_operator.py took 0.040 seconds
[2025-03-10T13:58:10.842+0600] {processor.py:186} INFO - Started process (PID=6449) to work on /home/shamim/airflow_venv/lib/python3.12/site-packages/airflow/example_dags/example_branch_operator.py
[2025-03-10T13:58:10.843+0600] {processor.py:914} INFO - Processing file /home/shamim/airflow_venv/lib/python3.12/site-packages/airflow/example_dags/example_branch_operator.py for tasks to queue
[2025-03-10T13:58:10.846+0600] {logging_mixin.py:190} INFO - [2025-03-10T13:58:10.846+0600] {dagbag.py:588} INFO - Filling up the DagBag from /home/shamim/airflow_venv/lib/python3.12/site-packages/airflow/example_dags/example_branch_operator.py
[2025-03-10T13:58:10.851+0600] {processor.py:927} WARNING - No viable dags retrieved from /home/shamim/airflow_venv/lib/python3.12/site-packages/airflow/example_dags/example_branch_operator.py
[2025-03-10T13:58:10.866+0600] {processor.py:208} INFO - Processing /home/shamim/airflow_venv/lib/python3.12/site-packages/airflow/example_dags/example_branch_operator.py took 0.033 seconds
[2025-03-10T13:59:45.688+0600] {processor.py:186} INFO - Started process (PID=6921) to work on /home/shamim/airflow_venv/lib/python3.12/site-packages/airflow/example_dags/example_branch_operator.py
[2025-03-10T13:59:45.706+0600] {processor.py:914} INFO - Processing file /home/shamim/airflow_venv/lib/python3.12/site-packages/airflow/example_dags/example_branch_operator.py for tasks to queue
[2025-03-10T13:59:45.712+0600] {logging_mixin.py:190} INFO - [2025-03-10T13:59:45.711+0600] {dagbag.py:588} INFO - Filling up the DagBag from /home/shamim/airflow_venv/lib/python3.12/site-packages/airflow/example_dags/example_branch_operator.py
[2025-03-10T13:59:45.721+0600] {processor.py:927} WARNING - No viable dags retrieved from /home/shamim/airflow_venv/lib/python3.12/site-packages/airflow/example_dags/example_branch_operator.py
[2025-03-10T13:59:45.749+0600] {processor.py:208} INFO - Processing /home/shamim/airflow_venv/lib/python3.12/site-packages/airflow/example_dags/example_branch_operator.py took 0.079 seconds
[2025-03-10T14:01:20.238+0600] {processor.py:186} INFO - Started process (PID=7475) to work on /home/shamim/airflow_venv/lib/python3.12/site-packages/airflow/example_dags/example_branch_operator.py
[2025-03-10T14:01:20.245+0600] {processor.py:914} INFO - Processing file /home/shamim/airflow_venv/lib/python3.12/site-packages/airflow/example_dags/example_branch_operator.py for tasks to queue
[2025-03-10T14:01:20.248+0600] {logging_mixin.py:190} INFO - [2025-03-10T14:01:20.248+0600] {dagbag.py:588} INFO - Filling up the DagBag from /home/shamim/airflow_venv/lib/python3.12/site-packages/airflow/example_dags/example_branch_operator.py
[2025-03-10T14:01:20.253+0600] {processor.py:927} WARNING - No viable dags retrieved from /home/shamim/airflow_venv/lib/python3.12/site-packages/airflow/example_dags/example_branch_operator.py
[2025-03-10T14:01:20.271+0600] {processor.py:208} INFO - Processing /home/shamim/airflow_venv/lib/python3.12/site-packages/airflow/example_dags/example_branch_operator.py took 0.043 seconds
[2025-03-10T14:02:54.292+0600] {processor.py:186} INFO - Started process (PID=8133) to work on /home/shamim/airflow_venv/lib/python3.12/site-packages/airflow/example_dags/example_branch_operator.py
[2025-03-10T14:02:54.298+0600] {processor.py:914} INFO - Processing file /home/shamim/airflow_venv/lib/python3.12/site-packages/airflow/example_dags/example_branch_operator.py for tasks to queue
[2025-03-10T14:02:54.301+0600] {logging_mixin.py:190} INFO - [2025-03-10T14:02:54.300+0600] {dagbag.py:588} INFO - Filling up the DagBag from /home/shamim/airflow_venv/lib/python3.12/site-packages/airflow/example_dags/example_branch_operator.py
[2025-03-10T14:02:54.305+0600] {processor.py:927} WARNING - No viable dags retrieved from /home/shamim/airflow_venv/lib/python3.12/site-packages/airflow/example_dags/example_branch_operator.py
[2025-03-10T14:02:54.319+0600] {processor.py:208} INFO - Processing /home/shamim/airflow_venv/lib/python3.12/site-packages/airflow/example_dags/example_branch_operator.py took 0.036 seconds
[2025-03-10T14:04:39.816+0600] {processor.py:186} INFO - Started process (PID=8692) to work on /home/shamim/airflow_venv/lib/python3.12/site-packages/airflow/example_dags/example_branch_operator.py
[2025-03-10T14:04:39.820+0600] {processor.py:914} INFO - Processing file /home/shamim/airflow_venv/lib/python3.12/site-packages/airflow/example_dags/example_branch_operator.py for tasks to queue
[2025-03-10T14:04:39.824+0600] {logging_mixin.py:190} INFO - [2025-03-10T14:04:39.823+0600] {dagbag.py:588} INFO - Filling up the DagBag from /home/shamim/airflow_venv/lib/python3.12/site-packages/airflow/example_dags/example_branch_operator.py
[2025-03-10T14:04:39.830+0600] {processor.py:927} WARNING - No viable dags retrieved from /home/shamim/airflow_venv/lib/python3.12/site-packages/airflow/example_dags/example_branch_operator.py
[2025-03-10T14:04:39.851+0600] {processor.py:208} INFO - Processing /home/shamim/airflow_venv/lib/python3.12/site-packages/airflow/example_dags/example_branch_operator.py took 0.049 seconds
[2025-03-10T14:06:32.220+0600] {processor.py:186} INFO - Started process (PID=9905) to work on /home/shamim/airflow_venv/lib/python3.12/site-packages/airflow/example_dags/example_branch_operator.py
[2025-03-10T14:06:32.225+0600] {processor.py:914} INFO - Processing file /home/shamim/airflow_venv/lib/python3.12/site-packages/airflow/example_dags/example_branch_operator.py for tasks to queue
[2025-03-10T14:06:32.228+0600] {logging_mixin.py:190} INFO - [2025-03-10T14:06:32.227+0600] {dagbag.py:588} INFO - Filling up the DagBag from /home/shamim/airflow_venv/lib/python3.12/site-packages/airflow/example_dags/example_branch_operator.py
[2025-03-10T14:06:32.231+0600] {processor.py:927} WARNING - No viable dags retrieved from /home/shamim/airflow_venv/lib/python3.12/site-packages/airflow/example_dags/example_branch_operator.py
[2025-03-10T14:06:32.244+0600] {processor.py:208} INFO - Processing /home/shamim/airflow_venv/lib/python3.12/site-packages/airflow/example_dags/example_branch_operator.py took 0.031 seconds
[2025-03-10T14:08:09.247+0600] {processor.py:186} INFO - Started process (PID=10538) to work on /home/shamim/airflow_venv/lib/python3.12/site-packages/airflow/example_dags/example_branch_operator.py
[2025-03-10T14:08:09.251+0600] {processor.py:914} INFO - Processing file /home/shamim/airflow_venv/lib/python3.12/site-packages/airflow/example_dags/example_branch_operator.py for tasks to queue
[2025-03-10T14:08:09.256+0600] {logging_mixin.py:190} INFO - [2025-03-10T14:08:09.255+0600] {dagbag.py:588} INFO - Filling up the DagBag from /home/shamim/airflow_venv/lib/python3.12/site-packages/airflow/example_dags/example_branch_operator.py
[2025-03-10T14:08:09.268+0600] {processor.py:927} WARNING - No viable dags retrieved from /home/shamim/airflow_venv/lib/python3.12/site-packages/airflow/example_dags/example_branch_operator.py
[2025-03-10T14:08:09.294+0600] {processor.py:208} INFO - Processing /home/shamim/airflow_venv/lib/python3.12/site-packages/airflow/example_dags/example_branch_operator.py took 0.057 seconds
[2025-03-10T14:09:38.564+0600] {processor.py:186} INFO - Started process (PID=11056) to work on /home/shamim/airflow_venv/lib/python3.12/site-packages/airflow/example_dags/example_branch_operator.py
[2025-03-10T14:09:38.571+0600] {processor.py:914} INFO - Processing file /home/shamim/airflow_venv/lib/python3.12/site-packages/airflow/example_dags/example_branch_operator.py for tasks to queue
[2025-03-10T14:09:38.573+0600] {logging_mixin.py:190} INFO - [2025-03-10T14:09:38.573+0600] {dagbag.py:588} INFO - Filling up the DagBag from /home/shamim/airflow_venv/lib/python3.12/site-packages/airflow/example_dags/example_branch_operator.py
[2025-03-10T14:09:38.577+0600] {processor.py:927} WARNING - No viable dags retrieved from /home/shamim/airflow_venv/lib/python3.12/site-packages/airflow/example_dags/example_branch_operator.py
[2025-03-10T14:09:38.589+0600] {processor.py:208} INFO - Processing /home/shamim/airflow_venv/lib/python3.12/site-packages/airflow/example_dags/example_branch_operator.py took 0.032 seconds
[2025-03-10T14:11:06.869+0600] {processor.py:186} INFO - Started process (PID=11536) to work on /home/shamim/airflow_venv/lib/python3.12/site-packages/airflow/example_dags/example_branch_operator.py
[2025-03-10T14:11:06.871+0600] {processor.py:914} INFO - Processing file /home/shamim/airflow_venv/lib/python3.12/site-packages/airflow/example_dags/example_branch_operator.py for tasks to queue
[2025-03-10T14:11:06.873+0600] {logging_mixin.py:190} INFO - [2025-03-10T14:11:06.873+0600] {dagbag.py:588} INFO - Filling up the DagBag from /home/shamim/airflow_venv/lib/python3.12/site-packages/airflow/example_dags/example_branch_operator.py
[2025-03-10T14:11:06.878+0600] {processor.py:927} WARNING - No viable dags retrieved from /home/shamim/airflow_venv/lib/python3.12/site-packages/airflow/example_dags/example_branch_operator.py
[2025-03-10T14:11:06.891+0600] {processor.py:208} INFO - Processing /home/shamim/airflow_venv/lib/python3.12/site-packages/airflow/example_dags/example_branch_operator.py took 0.030 seconds
[2025-03-10T14:12:38.459+0600] {processor.py:186} INFO - Started process (PID=12037) to work on /home/shamim/airflow_venv/lib/python3.12/site-packages/airflow/example_dags/example_branch_operator.py
[2025-03-10T14:12:38.467+0600] {processor.py:914} INFO - Processing file /home/shamim/airflow_venv/lib/python3.12/site-packages/airflow/example_dags/example_branch_operator.py for tasks to queue
[2025-03-10T14:12:38.471+0600] {logging_mixin.py:190} INFO - [2025-03-10T14:12:38.470+0600] {dagbag.py:588} INFO - Filling up the DagBag from /home/shamim/airflow_venv/lib/python3.12/site-packages/airflow/example_dags/example_branch_operator.py
[2025-03-10T14:12:38.476+0600] {processor.py:927} WARNING - No viable dags retrieved from /home/shamim/airflow_venv/lib/python3.12/site-packages/airflow/example_dags/example_branch_operator.py
[2025-03-10T14:12:38.501+0600] {processor.py:208} INFO - Processing /home/shamim/airflow_venv/lib/python3.12/site-packages/airflow/example_dags/example_branch_operator.py took 0.057 seconds
[2025-03-10T14:14:14.063+0600] {processor.py:186} INFO - Started process (PID=12658) to work on /home/shamim/airflow_venv/lib/python3.12/site-packages/airflow/example_dags/example_branch_operator.py
[2025-03-10T14:14:14.067+0600] {processor.py:914} INFO - Processing file /home/shamim/airflow_venv/lib/python3.12/site-packages/airflow/example_dags/example_branch_operator.py for tasks to queue
[2025-03-10T14:14:14.070+0600] {logging_mixin.py:190} INFO - [2025-03-10T14:14:14.070+0600] {dagbag.py:588} INFO - Filling up the DagBag from /home/shamim/airflow_venv/lib/python3.12/site-packages/airflow/example_dags/example_branch_operator.py
[2025-03-10T14:14:14.075+0600] {processor.py:927} WARNING - No viable dags retrieved from /home/shamim/airflow_venv/lib/python3.12/site-packages/airflow/example_dags/example_branch_operator.py
[2025-03-10T14:14:14.093+0600] {processor.py:208} INFO - Processing /home/shamim/airflow_venv/lib/python3.12/site-packages/airflow/example_dags/example_branch_operator.py took 0.041 seconds
[2025-03-10T14:15:32.683+0600] {processor.py:186} INFO - Started process (PID=13199) to work on /home/shamim/airflow_venv/lib/python3.12/site-packages/airflow/example_dags/example_branch_operator.py
[2025-03-10T14:15:32.691+0600] {processor.py:914} INFO - Processing file /home/shamim/airflow_venv/lib/python3.12/site-packages/airflow/example_dags/example_branch_operator.py for tasks to queue
[2025-03-10T14:15:32.698+0600] {logging_mixin.py:190} INFO - [2025-03-10T14:15:32.697+0600] {dagbag.py:588} INFO - Filling up the DagBag from /home/shamim/airflow_venv/lib/python3.12/site-packages/airflow/example_dags/example_branch_operator.py
[2025-03-10T14:15:32.712+0600] {processor.py:927} WARNING - No viable dags retrieved from /home/shamim/airflow_venv/lib/python3.12/site-packages/airflow/example_dags/example_branch_operator.py
[2025-03-10T14:15:32.745+0600] {processor.py:208} INFO - Processing /home/shamim/airflow_venv/lib/python3.12/site-packages/airflow/example_dags/example_branch_operator.py took 0.086 seconds
[2025-03-10T14:17:09.793+0600] {processor.py:186} INFO - Started process (PID=13778) to work on /home/shamim/airflow_venv/lib/python3.12/site-packages/airflow/example_dags/example_branch_operator.py
[2025-03-10T14:17:09.799+0600] {processor.py:914} INFO - Processing file /home/shamim/airflow_venv/lib/python3.12/site-packages/airflow/example_dags/example_branch_operator.py for tasks to queue
[2025-03-10T14:17:09.802+0600] {logging_mixin.py:190} INFO - [2025-03-10T14:17:09.802+0600] {dagbag.py:588} INFO - Filling up the DagBag from /home/shamim/airflow_venv/lib/python3.12/site-packages/airflow/example_dags/example_branch_operator.py
[2025-03-10T14:17:09.806+0600] {processor.py:927} WARNING - No viable dags retrieved from /home/shamim/airflow_venv/lib/python3.12/site-packages/airflow/example_dags/example_branch_operator.py
[2025-03-10T14:17:09.820+0600] {processor.py:208} INFO - Processing /home/shamim/airflow_venv/lib/python3.12/site-packages/airflow/example_dags/example_branch_operator.py took 0.035 seconds
[2025-03-10T14:18:42.054+0600] {processor.py:186} INFO - Started process (PID=14371) to work on /home/shamim/airflow_venv/lib/python3.12/site-packages/airflow/example_dags/example_branch_operator.py
[2025-03-10T14:18:42.060+0600] {processor.py:914} INFO - Processing file /home/shamim/airflow_venv/lib/python3.12/site-packages/airflow/example_dags/example_branch_operator.py for tasks to queue
[2025-03-10T14:18:42.063+0600] {logging_mixin.py:190} INFO - [2025-03-10T14:18:42.062+0600] {dagbag.py:588} INFO - Filling up the DagBag from /home/shamim/airflow_venv/lib/python3.12/site-packages/airflow/example_dags/example_branch_operator.py
[2025-03-10T14:18:42.068+0600] {processor.py:927} WARNING - No viable dags retrieved from /home/shamim/airflow_venv/lib/python3.12/site-packages/airflow/example_dags/example_branch_operator.py
[2025-03-10T14:18:42.083+0600] {processor.py:208} INFO - Processing /home/shamim/airflow_venv/lib/python3.12/site-packages/airflow/example_dags/example_branch_operator.py took 0.037 seconds
[2025-03-10T14:20:05.023+0600] {processor.py:186} INFO - Started process (PID=14910) to work on /home/shamim/airflow_venv/lib/python3.12/site-packages/airflow/example_dags/example_branch_operator.py
[2025-03-10T14:20:05.031+0600] {processor.py:914} INFO - Processing file /home/shamim/airflow_venv/lib/python3.12/site-packages/airflow/example_dags/example_branch_operator.py for tasks to queue
[2025-03-10T14:20:05.034+0600] {logging_mixin.py:190} INFO - [2025-03-10T14:20:05.033+0600] {dagbag.py:588} INFO - Filling up the DagBag from /home/shamim/airflow_venv/lib/python3.12/site-packages/airflow/example_dags/example_branch_operator.py
[2025-03-10T14:20:05.038+0600] {processor.py:927} WARNING - No viable dags retrieved from /home/shamim/airflow_venv/lib/python3.12/site-packages/airflow/example_dags/example_branch_operator.py
[2025-03-10T14:20:05.052+0600] {processor.py:208} INFO - Processing /home/shamim/airflow_venv/lib/python3.12/site-packages/airflow/example_dags/example_branch_operator.py took 0.043 seconds
[2025-03-10T14:21:29.662+0600] {processor.py:186} INFO - Started process (PID=15471) to work on /home/shamim/airflow_venv/lib/python3.12/site-packages/airflow/example_dags/example_branch_operator.py
[2025-03-10T14:21:29.668+0600] {processor.py:914} INFO - Processing file /home/shamim/airflow_venv/lib/python3.12/site-packages/airflow/example_dags/example_branch_operator.py for tasks to queue
[2025-03-10T14:21:29.671+0600] {logging_mixin.py:190} INFO - [2025-03-10T14:21:29.670+0600] {dagbag.py:588} INFO - Filling up the DagBag from /home/shamim/airflow_venv/lib/python3.12/site-packages/airflow/example_dags/example_branch_operator.py
[2025-03-10T14:21:29.674+0600] {processor.py:927} WARNING - No viable dags retrieved from /home/shamim/airflow_venv/lib/python3.12/site-packages/airflow/example_dags/example_branch_operator.py
[2025-03-10T14:21:29.688+0600] {processor.py:208} INFO - Processing /home/shamim/airflow_venv/lib/python3.12/site-packages/airflow/example_dags/example_branch_operator.py took 0.033 seconds
[2025-03-10T14:22:59.694+0600] {processor.py:186} INFO - Started process (PID=16091) to work on /home/shamim/airflow_venv/lib/python3.12/site-packages/airflow/example_dags/example_branch_operator.py
[2025-03-10T14:22:59.701+0600] {processor.py:914} INFO - Processing file /home/shamim/airflow_venv/lib/python3.12/site-packages/airflow/example_dags/example_branch_operator.py for tasks to queue
[2025-03-10T14:22:59.703+0600] {logging_mixin.py:190} INFO - [2025-03-10T14:22:59.703+0600] {dagbag.py:588} INFO - Filling up the DagBag from /home/shamim/airflow_venv/lib/python3.12/site-packages/airflow/example_dags/example_branch_operator.py
[2025-03-10T14:22:59.707+0600] {processor.py:927} WARNING - No viable dags retrieved from /home/shamim/airflow_venv/lib/python3.12/site-packages/airflow/example_dags/example_branch_operator.py
[2025-03-10T14:22:59.719+0600] {processor.py:208} INFO - Processing /home/shamim/airflow_venv/lib/python3.12/site-packages/airflow/example_dags/example_branch_operator.py took 0.031 seconds
[2025-03-10T14:24:29.240+0600] {processor.py:186} INFO - Started process (PID=16682) to work on /home/shamim/airflow_venv/lib/python3.12/site-packages/airflow/example_dags/example_branch_operator.py
[2025-03-10T14:24:29.245+0600] {processor.py:914} INFO - Processing file /home/shamim/airflow_venv/lib/python3.12/site-packages/airflow/example_dags/example_branch_operator.py for tasks to queue
[2025-03-10T14:24:29.250+0600] {logging_mixin.py:190} INFO - [2025-03-10T14:24:29.250+0600] {dagbag.py:588} INFO - Filling up the DagBag from /home/shamim/airflow_venv/lib/python3.12/site-packages/airflow/example_dags/example_branch_operator.py
[2025-03-10T14:24:29.257+0600] {processor.py:927} WARNING - No viable dags retrieved from /home/shamim/airflow_venv/lib/python3.12/site-packages/airflow/example_dags/example_branch_operator.py
[2025-03-10T14:24:29.278+0600] {processor.py:208} INFO - Processing /home/shamim/airflow_venv/lib/python3.12/site-packages/airflow/example_dags/example_branch_operator.py took 0.050 seconds
[2025-03-10T14:25:55.488+0600] {processor.py:186} INFO - Started process (PID=17384) to work on /home/shamim/airflow_venv/lib/python3.12/site-packages/airflow/example_dags/example_branch_operator.py
[2025-03-10T14:25:55.495+0600] {processor.py:914} INFO - Processing file /home/shamim/airflow_venv/lib/python3.12/site-packages/airflow/example_dags/example_branch_operator.py for tasks to queue
[2025-03-10T14:25:55.497+0600] {logging_mixin.py:190} INFO - [2025-03-10T14:25:55.497+0600] {dagbag.py:588} INFO - Filling up the DagBag from /home/shamim/airflow_venv/lib/python3.12/site-packages/airflow/example_dags/example_branch_operator.py
[2025-03-10T14:25:55.501+0600] {processor.py:927} WARNING - No viable dags retrieved from /home/shamim/airflow_venv/lib/python3.12/site-packages/airflow/example_dags/example_branch_operator.py
[2025-03-10T14:25:55.516+0600] {processor.py:208} INFO - Processing /home/shamim/airflow_venv/lib/python3.12/site-packages/airflow/example_dags/example_branch_operator.py took 0.035 seconds
[2025-03-10T14:27:27.726+0600] {processor.py:186} INFO - Started process (PID=17959) to work on /home/shamim/airflow_venv/lib/python3.12/site-packages/airflow/example_dags/example_branch_operator.py
[2025-03-10T14:27:27.732+0600] {processor.py:914} INFO - Processing file /home/shamim/airflow_venv/lib/python3.12/site-packages/airflow/example_dags/example_branch_operator.py for tasks to queue
[2025-03-10T14:27:27.735+0600] {logging_mixin.py:190} INFO - [2025-03-10T14:27:27.734+0600] {dagbag.py:588} INFO - Filling up the DagBag from /home/shamim/airflow_venv/lib/python3.12/site-packages/airflow/example_dags/example_branch_operator.py
[2025-03-10T14:27:27.739+0600] {processor.py:927} WARNING - No viable dags retrieved from /home/shamim/airflow_venv/lib/python3.12/site-packages/airflow/example_dags/example_branch_operator.py
[2025-03-10T14:27:27.752+0600] {processor.py:208} INFO - Processing /home/shamim/airflow_venv/lib/python3.12/site-packages/airflow/example_dags/example_branch_operator.py took 0.034 seconds
[2025-03-10T14:28:50.111+0600] {processor.py:186} INFO - Started process (PID=18526) to work on /home/shamim/airflow_venv/lib/python3.12/site-packages/airflow/example_dags/example_branch_operator.py
[2025-03-10T14:28:50.118+0600] {processor.py:914} INFO - Processing file /home/shamim/airflow_venv/lib/python3.12/site-packages/airflow/example_dags/example_branch_operator.py for tasks to queue
[2025-03-10T14:28:50.121+0600] {logging_mixin.py:190} INFO - [2025-03-10T14:28:50.120+0600] {dagbag.py:588} INFO - Filling up the DagBag from /home/shamim/airflow_venv/lib/python3.12/site-packages/airflow/example_dags/example_branch_operator.py
[2025-03-10T14:28:50.125+0600] {processor.py:927} WARNING - No viable dags retrieved from /home/shamim/airflow_venv/lib/python3.12/site-packages/airflow/example_dags/example_branch_operator.py
[2025-03-10T14:28:50.139+0600] {processor.py:208} INFO - Processing /home/shamim/airflow_venv/lib/python3.12/site-packages/airflow/example_dags/example_branch_operator.py took 0.036 seconds
[2025-03-10T14:30:27.141+0600] {processor.py:186} INFO - Started process (PID=19165) to work on /home/shamim/airflow_venv/lib/python3.12/site-packages/airflow/example_dags/example_branch_operator.py
[2025-03-10T14:30:27.148+0600] {processor.py:914} INFO - Processing file /home/shamim/airflow_venv/lib/python3.12/site-packages/airflow/example_dags/example_branch_operator.py for tasks to queue
[2025-03-10T14:30:27.154+0600] {logging_mixin.py:190} INFO - [2025-03-10T14:30:27.153+0600] {dagbag.py:588} INFO - Filling up the DagBag from /home/shamim/airflow_venv/lib/python3.12/site-packages/airflow/example_dags/example_branch_operator.py
[2025-03-10T14:30:27.164+0600] {processor.py:927} WARNING - No viable dags retrieved from /home/shamim/airflow_venv/lib/python3.12/site-packages/airflow/example_dags/example_branch_operator.py
[2025-03-10T14:30:27.193+0600] {processor.py:208} INFO - Processing /home/shamim/airflow_venv/lib/python3.12/site-packages/airflow/example_dags/example_branch_operator.py took 0.070 seconds
[2025-03-10T14:32:02.688+0600] {processor.py:186} INFO - Started process (PID=19712) to work on /home/shamim/airflow_venv/lib/python3.12/site-packages/airflow/example_dags/example_branch_operator.py
[2025-03-10T14:32:02.694+0600] {processor.py:914} INFO - Processing file /home/shamim/airflow_venv/lib/python3.12/site-packages/airflow/example_dags/example_branch_operator.py for tasks to queue
[2025-03-10T14:32:02.697+0600] {logging_mixin.py:190} INFO - [2025-03-10T14:32:02.696+0600] {dagbag.py:588} INFO - Filling up the DagBag from /home/shamim/airflow_venv/lib/python3.12/site-packages/airflow/example_dags/example_branch_operator.py
[2025-03-10T14:32:02.701+0600] {processor.py:927} WARNING - No viable dags retrieved from /home/shamim/airflow_venv/lib/python3.12/site-packages/airflow/example_dags/example_branch_operator.py
[2025-03-10T14:32:02.714+0600] {processor.py:208} INFO - Processing /home/shamim/airflow_venv/lib/python3.12/site-packages/airflow/example_dags/example_branch_operator.py took 0.034 seconds
[2025-03-10T14:33:36.099+0600] {processor.py:186} INFO - Started process (PID=20644) to work on /home/shamim/airflow_venv/lib/python3.12/site-packages/airflow/example_dags/example_branch_operator.py
[2025-03-10T14:33:36.103+0600] {processor.py:914} INFO - Processing file /home/shamim/airflow_venv/lib/python3.12/site-packages/airflow/example_dags/example_branch_operator.py for tasks to queue
[2025-03-10T14:33:36.105+0600] {logging_mixin.py:190} INFO - [2025-03-10T14:33:36.105+0600] {dagbag.py:588} INFO - Filling up the DagBag from /home/shamim/airflow_venv/lib/python3.12/site-packages/airflow/example_dags/example_branch_operator.py
[2025-03-10T14:33:36.109+0600] {processor.py:927} WARNING - No viable dags retrieved from /home/shamim/airflow_venv/lib/python3.12/site-packages/airflow/example_dags/example_branch_operator.py
[2025-03-10T14:33:36.123+0600] {processor.py:208} INFO - Processing /home/shamim/airflow_venv/lib/python3.12/site-packages/airflow/example_dags/example_branch_operator.py took 0.031 seconds
[2025-03-10T14:35:03.231+0600] {processor.py:186} INFO - Started process (PID=21889) to work on /home/shamim/airflow_venv/lib/python3.12/site-packages/airflow/example_dags/example_branch_operator.py
[2025-03-10T14:35:03.238+0600] {processor.py:914} INFO - Processing file /home/shamim/airflow_venv/lib/python3.12/site-packages/airflow/example_dags/example_branch_operator.py for tasks to queue
[2025-03-10T14:35:03.241+0600] {logging_mixin.py:190} INFO - [2025-03-10T14:35:03.241+0600] {dagbag.py:588} INFO - Filling up the DagBag from /home/shamim/airflow_venv/lib/python3.12/site-packages/airflow/example_dags/example_branch_operator.py
[2025-03-10T14:35:03.246+0600] {processor.py:927} WARNING - No viable dags retrieved from /home/shamim/airflow_venv/lib/python3.12/site-packages/airflow/example_dags/example_branch_operator.py
[2025-03-10T14:35:03.264+0600] {processor.py:208} INFO - Processing /home/shamim/airflow_venv/lib/python3.12/site-packages/airflow/example_dags/example_branch_operator.py took 0.042 seconds
[2025-03-10T14:36:28.785+0600] {processor.py:186} INFO - Started process (PID=23551) to work on /home/shamim/airflow_venv/lib/python3.12/site-packages/airflow/example_dags/example_branch_operator.py
[2025-03-10T14:36:28.789+0600] {processor.py:914} INFO - Processing file /home/shamim/airflow_venv/lib/python3.12/site-packages/airflow/example_dags/example_branch_operator.py for tasks to queue
[2025-03-10T14:36:28.792+0600] {logging_mixin.py:190} INFO - [2025-03-10T14:36:28.791+0600] {dagbag.py:588} INFO - Filling up the DagBag from /home/shamim/airflow_venv/lib/python3.12/site-packages/airflow/example_dags/example_branch_operator.py
[2025-03-10T14:36:28.796+0600] {processor.py:927} WARNING - No viable dags retrieved from /home/shamim/airflow_venv/lib/python3.12/site-packages/airflow/example_dags/example_branch_operator.py
[2025-03-10T14:36:28.811+0600] {processor.py:208} INFO - Processing /home/shamim/airflow_venv/lib/python3.12/site-packages/airflow/example_dags/example_branch_operator.py took 0.032 seconds
[2025-03-10T14:37:43.940+0600] {processor.py:186} INFO - Started process (PID=24038) to work on /home/shamim/airflow_venv/lib/python3.12/site-packages/airflow/example_dags/example_branch_operator.py
[2025-03-10T14:37:43.946+0600] {processor.py:914} INFO - Processing file /home/shamim/airflow_venv/lib/python3.12/site-packages/airflow/example_dags/example_branch_operator.py for tasks to queue
[2025-03-10T14:37:43.949+0600] {logging_mixin.py:190} INFO - [2025-03-10T14:37:43.948+0600] {dagbag.py:588} INFO - Filling up the DagBag from /home/shamim/airflow_venv/lib/python3.12/site-packages/airflow/example_dags/example_branch_operator.py
[2025-03-10T14:37:43.953+0600] {processor.py:927} WARNING - No viable dags retrieved from /home/shamim/airflow_venv/lib/python3.12/site-packages/airflow/example_dags/example_branch_operator.py
[2025-03-10T14:37:43.965+0600] {processor.py:208} INFO - Processing /home/shamim/airflow_venv/lib/python3.12/site-packages/airflow/example_dags/example_branch_operator.py took 0.031 seconds
[2025-03-10T14:39:03.164+0600] {processor.py:186} INFO - Started process (PID=24533) to work on /home/shamim/airflow_venv/lib/python3.12/site-packages/airflow/example_dags/example_branch_operator.py
[2025-03-10T14:39:03.166+0600] {processor.py:914} INFO - Processing file /home/shamim/airflow_venv/lib/python3.12/site-packages/airflow/example_dags/example_branch_operator.py for tasks to queue
[2025-03-10T14:39:03.168+0600] {logging_mixin.py:190} INFO - [2025-03-10T14:39:03.168+0600] {dagbag.py:588} INFO - Filling up the DagBag from /home/shamim/airflow_venv/lib/python3.12/site-packages/airflow/example_dags/example_branch_operator.py
[2025-03-10T14:39:03.172+0600] {processor.py:927} WARNING - No viable dags retrieved from /home/shamim/airflow_venv/lib/python3.12/site-packages/airflow/example_dags/example_branch_operator.py
[2025-03-10T14:39:03.184+0600] {processor.py:208} INFO - Processing /home/shamim/airflow_venv/lib/python3.12/site-packages/airflow/example_dags/example_branch_operator.py took 0.026 seconds
[2025-03-10T14:40:20.054+0600] {processor.py:186} INFO - Started process (PID=25798) to work on /home/shamim/airflow_venv/lib/python3.12/site-packages/airflow/example_dags/example_branch_operator.py
[2025-03-10T14:40:20.058+0600] {processor.py:914} INFO - Processing file /home/shamim/airflow_venv/lib/python3.12/site-packages/airflow/example_dags/example_branch_operator.py for tasks to queue
[2025-03-10T14:40:20.061+0600] {logging_mixin.py:190} INFO - [2025-03-10T14:40:20.060+0600] {dagbag.py:588} INFO - Filling up the DagBag from /home/shamim/airflow_venv/lib/python3.12/site-packages/airflow/example_dags/example_branch_operator.py
[2025-03-10T14:40:20.064+0600] {processor.py:927} WARNING - No viable dags retrieved from /home/shamim/airflow_venv/lib/python3.12/site-packages/airflow/example_dags/example_branch_operator.py
[2025-03-10T14:40:20.077+0600] {processor.py:208} INFO - Processing /home/shamim/airflow_venv/lib/python3.12/site-packages/airflow/example_dags/example_branch_operator.py took 0.029 seconds
[2025-03-10T14:41:51.573+0600] {processor.py:186} INFO - Started process (PID=26860) to work on /home/shamim/airflow_venv/lib/python3.12/site-packages/airflow/example_dags/example_branch_operator.py
[2025-03-10T14:41:51.580+0600] {processor.py:914} INFO - Processing file /home/shamim/airflow_venv/lib/python3.12/site-packages/airflow/example_dags/example_branch_operator.py for tasks to queue
[2025-03-10T14:41:51.587+0600] {logging_mixin.py:190} INFO - [2025-03-10T14:41:51.586+0600] {dagbag.py:588} INFO - Filling up the DagBag from /home/shamim/airflow_venv/lib/python3.12/site-packages/airflow/example_dags/example_branch_operator.py
[2025-03-10T14:41:51.601+0600] {processor.py:927} WARNING - No viable dags retrieved from /home/shamim/airflow_venv/lib/python3.12/site-packages/airflow/example_dags/example_branch_operator.py
[2025-03-10T14:41:51.642+0600] {processor.py:208} INFO - Processing /home/shamim/airflow_venv/lib/python3.12/site-packages/airflow/example_dags/example_branch_operator.py took 0.084 seconds
[2025-03-10T14:43:20.475+0600] {processor.py:186} INFO - Started process (PID=27722) to work on /home/shamim/airflow_venv/lib/python3.12/site-packages/airflow/example_dags/example_branch_operator.py
[2025-03-10T14:43:20.482+0600] {processor.py:914} INFO - Processing file /home/shamim/airflow_venv/lib/python3.12/site-packages/airflow/example_dags/example_branch_operator.py for tasks to queue
[2025-03-10T14:43:20.485+0600] {logging_mixin.py:190} INFO - [2025-03-10T14:43:20.485+0600] {dagbag.py:588} INFO - Filling up the DagBag from /home/shamim/airflow_venv/lib/python3.12/site-packages/airflow/example_dags/example_branch_operator.py
[2025-03-10T14:43:20.490+0600] {processor.py:927} WARNING - No viable dags retrieved from /home/shamim/airflow_venv/lib/python3.12/site-packages/airflow/example_dags/example_branch_operator.py
[2025-03-10T14:43:20.508+0600] {processor.py:208} INFO - Processing /home/shamim/airflow_venv/lib/python3.12/site-packages/airflow/example_dags/example_branch_operator.py took 0.041 seconds
[2025-03-10T14:44:56.013+0600] {processor.py:186} INFO - Started process (PID=28713) to work on /home/shamim/airflow_venv/lib/python3.12/site-packages/airflow/example_dags/example_branch_operator.py
[2025-03-10T14:44:56.018+0600] {processor.py:914} INFO - Processing file /home/shamim/airflow_venv/lib/python3.12/site-packages/airflow/example_dags/example_branch_operator.py for tasks to queue
[2025-03-10T14:44:56.020+0600] {logging_mixin.py:190} INFO - [2025-03-10T14:44:56.020+0600] {dagbag.py:588} INFO - Filling up the DagBag from /home/shamim/airflow_venv/lib/python3.12/site-packages/airflow/example_dags/example_branch_operator.py
[2025-03-10T14:44:56.024+0600] {processor.py:927} WARNING - No viable dags retrieved from /home/shamim/airflow_venv/lib/python3.12/site-packages/airflow/example_dags/example_branch_operator.py
[2025-03-10T14:44:56.037+0600] {processor.py:208} INFO - Processing /home/shamim/airflow_venv/lib/python3.12/site-packages/airflow/example_dags/example_branch_operator.py took 0.032 seconds
[2025-03-10T14:46:22.626+0600] {processor.py:186} INFO - Started process (PID=29241) to work on /home/shamim/airflow_venv/lib/python3.12/site-packages/airflow/example_dags/example_branch_operator.py
[2025-03-10T14:46:22.630+0600] {processor.py:914} INFO - Processing file /home/shamim/airflow_venv/lib/python3.12/site-packages/airflow/example_dags/example_branch_operator.py for tasks to queue
[2025-03-10T14:46:22.633+0600] {logging_mixin.py:190} INFO - [2025-03-10T14:46:22.632+0600] {dagbag.py:588} INFO - Filling up the DagBag from /home/shamim/airflow_venv/lib/python3.12/site-packages/airflow/example_dags/example_branch_operator.py
[2025-03-10T14:46:22.638+0600] {processor.py:927} WARNING - No viable dags retrieved from /home/shamim/airflow_venv/lib/python3.12/site-packages/airflow/example_dags/example_branch_operator.py
[2025-03-10T14:46:22.652+0600] {processor.py:208} INFO - Processing /home/shamim/airflow_venv/lib/python3.12/site-packages/airflow/example_dags/example_branch_operator.py took 0.034 seconds
[2025-03-10T14:47:48.532+0600] {processor.py:186} INFO - Started process (PID=29933) to work on /home/shamim/airflow_venv/lib/python3.12/site-packages/airflow/example_dags/example_branch_operator.py
[2025-03-10T14:47:48.538+0600] {processor.py:914} INFO - Processing file /home/shamim/airflow_venv/lib/python3.12/site-packages/airflow/example_dags/example_branch_operator.py for tasks to queue
[2025-03-10T14:47:48.541+0600] {logging_mixin.py:190} INFO - [2025-03-10T14:47:48.541+0600] {dagbag.py:588} INFO - Filling up the DagBag from /home/shamim/airflow_venv/lib/python3.12/site-packages/airflow/example_dags/example_branch_operator.py
[2025-03-10T14:47:48.547+0600] {processor.py:927} WARNING - No viable dags retrieved from /home/shamim/airflow_venv/lib/python3.12/site-packages/airflow/example_dags/example_branch_operator.py
[2025-03-10T14:47:48.565+0600] {processor.py:208} INFO - Processing /home/shamim/airflow_venv/lib/python3.12/site-packages/airflow/example_dags/example_branch_operator.py took 0.045 seconds
[2025-03-10T14:49:14.900+0600] {processor.py:186} INFO - Started process (PID=30504) to work on /home/shamim/airflow_venv/lib/python3.12/site-packages/airflow/example_dags/example_branch_operator.py
[2025-03-10T14:49:14.901+0600] {processor.py:914} INFO - Processing file /home/shamim/airflow_venv/lib/python3.12/site-packages/airflow/example_dags/example_branch_operator.py for tasks to queue
[2025-03-10T14:49:14.903+0600] {logging_mixin.py:190} INFO - [2025-03-10T14:49:14.903+0600] {dagbag.py:588} INFO - Filling up the DagBag from /home/shamim/airflow_venv/lib/python3.12/site-packages/airflow/example_dags/example_branch_operator.py
[2025-03-10T14:49:14.908+0600] {processor.py:927} WARNING - No viable dags retrieved from /home/shamim/airflow_venv/lib/python3.12/site-packages/airflow/example_dags/example_branch_operator.py
[2025-03-10T14:49:14.921+0600] {processor.py:208} INFO - Processing /home/shamim/airflow_venv/lib/python3.12/site-packages/airflow/example_dags/example_branch_operator.py took 0.029 seconds
[2025-03-10T14:50:49.043+0600] {processor.py:186} INFO - Started process (PID=31103) to work on /home/shamim/airflow_venv/lib/python3.12/site-packages/airflow/example_dags/example_branch_operator.py
[2025-03-10T14:50:49.046+0600] {processor.py:914} INFO - Processing file /home/shamim/airflow_venv/lib/python3.12/site-packages/airflow/example_dags/example_branch_operator.py for tasks to queue
[2025-03-10T14:50:49.049+0600] {logging_mixin.py:190} INFO - [2025-03-10T14:50:49.049+0600] {dagbag.py:588} INFO - Filling up the DagBag from /home/shamim/airflow_venv/lib/python3.12/site-packages/airflow/example_dags/example_branch_operator.py
[2025-03-10T14:50:49.053+0600] {processor.py:927} WARNING - No viable dags retrieved from /home/shamim/airflow_venv/lib/python3.12/site-packages/airflow/example_dags/example_branch_operator.py
[2025-03-10T14:50:49.066+0600] {processor.py:208} INFO - Processing /home/shamim/airflow_venv/lib/python3.12/site-packages/airflow/example_dags/example_branch_operator.py took 0.031 seconds
[2025-03-10T14:52:24.311+0600] {processor.py:186} INFO - Started process (PID=31676) to work on /home/shamim/airflow_venv/lib/python3.12/site-packages/airflow/example_dags/example_branch_operator.py
[2025-03-10T14:52:24.317+0600] {processor.py:914} INFO - Processing file /home/shamim/airflow_venv/lib/python3.12/site-packages/airflow/example_dags/example_branch_operator.py for tasks to queue
[2025-03-10T14:52:24.320+0600] {logging_mixin.py:190} INFO - [2025-03-10T14:52:24.319+0600] {dagbag.py:588} INFO - Filling up the DagBag from /home/shamim/airflow_venv/lib/python3.12/site-packages/airflow/example_dags/example_branch_operator.py
[2025-03-10T14:52:24.324+0600] {processor.py:927} WARNING - No viable dags retrieved from /home/shamim/airflow_venv/lib/python3.12/site-packages/airflow/example_dags/example_branch_operator.py
[2025-03-10T14:52:24.337+0600] {processor.py:208} INFO - Processing /home/shamim/airflow_venv/lib/python3.12/site-packages/airflow/example_dags/example_branch_operator.py took 0.033 seconds
[2025-03-10T14:54:03.218+0600] {processor.py:186} INFO - Started process (PID=32557) to work on /home/shamim/airflow_venv/lib/python3.12/site-packages/airflow/example_dags/example_branch_operator.py
[2025-03-10T14:54:03.220+0600] {processor.py:914} INFO - Processing file /home/shamim/airflow_venv/lib/python3.12/site-packages/airflow/example_dags/example_branch_operator.py for tasks to queue
[2025-03-10T14:54:03.222+0600] {logging_mixin.py:190} INFO - [2025-03-10T14:54:03.221+0600] {dagbag.py:588} INFO - Filling up the DagBag from /home/shamim/airflow_venv/lib/python3.12/site-packages/airflow/example_dags/example_branch_operator.py
[2025-03-10T14:54:03.226+0600] {processor.py:927} WARNING - No viable dags retrieved from /home/shamim/airflow_venv/lib/python3.12/site-packages/airflow/example_dags/example_branch_operator.py
[2025-03-10T14:54:03.241+0600] {processor.py:208} INFO - Processing /home/shamim/airflow_venv/lib/python3.12/site-packages/airflow/example_dags/example_branch_operator.py took 0.029 seconds
[2025-03-10T14:55:44.285+0600] {processor.py:186} INFO - Started process (PID=33493) to work on /home/shamim/airflow_venv/lib/python3.12/site-packages/airflow/example_dags/example_branch_operator.py
[2025-03-10T14:55:44.288+0600] {processor.py:914} INFO - Processing file /home/shamim/airflow_venv/lib/python3.12/site-packages/airflow/example_dags/example_branch_operator.py for tasks to queue
[2025-03-10T14:55:44.291+0600] {logging_mixin.py:190} INFO - [2025-03-10T14:55:44.290+0600] {dagbag.py:588} INFO - Filling up the DagBag from /home/shamim/airflow_venv/lib/python3.12/site-packages/airflow/example_dags/example_branch_operator.py
[2025-03-10T14:55:44.295+0600] {processor.py:927} WARNING - No viable dags retrieved from /home/shamim/airflow_venv/lib/python3.12/site-packages/airflow/example_dags/example_branch_operator.py
[2025-03-10T14:55:44.309+0600] {processor.py:208} INFO - Processing /home/shamim/airflow_venv/lib/python3.12/site-packages/airflow/example_dags/example_branch_operator.py took 0.032 seconds
[2025-03-10T14:57:18.300+0600] {processor.py:186} INFO - Started process (PID=34098) to work on /home/shamim/airflow_venv/lib/python3.12/site-packages/airflow/example_dags/example_branch_operator.py
[2025-03-10T14:57:18.306+0600] {processor.py:914} INFO - Processing file /home/shamim/airflow_venv/lib/python3.12/site-packages/airflow/example_dags/example_branch_operator.py for tasks to queue
[2025-03-10T14:57:18.309+0600] {logging_mixin.py:190} INFO - [2025-03-10T14:57:18.308+0600] {dagbag.py:588} INFO - Filling up the DagBag from /home/shamim/airflow_venv/lib/python3.12/site-packages/airflow/example_dags/example_branch_operator.py
[2025-03-10T14:57:18.312+0600] {processor.py:927} WARNING - No viable dags retrieved from /home/shamim/airflow_venv/lib/python3.12/site-packages/airflow/example_dags/example_branch_operator.py
[2025-03-10T14:57:18.326+0600] {processor.py:208} INFO - Processing /home/shamim/airflow_venv/lib/python3.12/site-packages/airflow/example_dags/example_branch_operator.py took 0.034 seconds
[2025-03-10T14:58:48.011+0600] {processor.py:186} INFO - Started process (PID=34726) to work on /home/shamim/airflow_venv/lib/python3.12/site-packages/airflow/example_dags/example_branch_operator.py
[2025-03-10T14:58:48.017+0600] {processor.py:914} INFO - Processing file /home/shamim/airflow_venv/lib/python3.12/site-packages/airflow/example_dags/example_branch_operator.py for tasks to queue
[2025-03-10T14:58:48.020+0600] {logging_mixin.py:190} INFO - [2025-03-10T14:58:48.020+0600] {dagbag.py:588} INFO - Filling up the DagBag from /home/shamim/airflow_venv/lib/python3.12/site-packages/airflow/example_dags/example_branch_operator.py
[2025-03-10T14:58:48.025+0600] {processor.py:927} WARNING - No viable dags retrieved from /home/shamim/airflow_venv/lib/python3.12/site-packages/airflow/example_dags/example_branch_operator.py
[2025-03-10T14:58:48.044+0600] {processor.py:208} INFO - Processing /home/shamim/airflow_venv/lib/python3.12/site-packages/airflow/example_dags/example_branch_operator.py took 0.043 seconds
[2025-03-10T15:00:22.412+0600] {processor.py:186} INFO - Started process (PID=35761) to work on /home/shamim/airflow_venv/lib/python3.12/site-packages/airflow/example_dags/example_branch_operator.py
[2025-03-10T15:00:22.420+0600] {processor.py:914} INFO - Processing file /home/shamim/airflow_venv/lib/python3.12/site-packages/airflow/example_dags/example_branch_operator.py for tasks to queue
[2025-03-10T15:00:22.426+0600] {logging_mixin.py:190} INFO - [2025-03-10T15:00:22.425+0600] {dagbag.py:588} INFO - Filling up the DagBag from /home/shamim/airflow_venv/lib/python3.12/site-packages/airflow/example_dags/example_branch_operator.py
[2025-03-10T15:00:22.435+0600] {processor.py:927} WARNING - No viable dags retrieved from /home/shamim/airflow_venv/lib/python3.12/site-packages/airflow/example_dags/example_branch_operator.py
[2025-03-10T15:00:22.459+0600] {processor.py:208} INFO - Processing /home/shamim/airflow_venv/lib/python3.12/site-packages/airflow/example_dags/example_branch_operator.py took 0.063 seconds
[2025-03-10T15:01:58.772+0600] {processor.py:186} INFO - Started process (PID=36646) to work on /home/shamim/airflow_venv/lib/python3.12/site-packages/airflow/example_dags/example_branch_operator.py
[2025-03-10T15:01:58.778+0600] {processor.py:914} INFO - Processing file /home/shamim/airflow_venv/lib/python3.12/site-packages/airflow/example_dags/example_branch_operator.py for tasks to queue
[2025-03-10T15:01:58.781+0600] {logging_mixin.py:190} INFO - [2025-03-10T15:01:58.780+0600] {dagbag.py:588} INFO - Filling up the DagBag from /home/shamim/airflow_venv/lib/python3.12/site-packages/airflow/example_dags/example_branch_operator.py
[2025-03-10T15:01:58.784+0600] {processor.py:927} WARNING - No viable dags retrieved from /home/shamim/airflow_venv/lib/python3.12/site-packages/airflow/example_dags/example_branch_operator.py
[2025-03-10T15:01:58.798+0600] {processor.py:208} INFO - Processing /home/shamim/airflow_venv/lib/python3.12/site-packages/airflow/example_dags/example_branch_operator.py took 0.033 seconds
[2025-03-10T15:03:24.105+0600] {processor.py:186} INFO - Started process (PID=37233) to work on /home/shamim/airflow_venv/lib/python3.12/site-packages/airflow/example_dags/example_branch_operator.py
[2025-03-10T15:03:24.111+0600] {processor.py:914} INFO - Processing file /home/shamim/airflow_venv/lib/python3.12/site-packages/airflow/example_dags/example_branch_operator.py for tasks to queue
[2025-03-10T15:03:24.113+0600] {logging_mixin.py:190} INFO - [2025-03-10T15:03:24.113+0600] {dagbag.py:588} INFO - Filling up the DagBag from /home/shamim/airflow_venv/lib/python3.12/site-packages/airflow/example_dags/example_branch_operator.py
[2025-03-10T15:03:24.118+0600] {processor.py:927} WARNING - No viable dags retrieved from /home/shamim/airflow_venv/lib/python3.12/site-packages/airflow/example_dags/example_branch_operator.py
[2025-03-10T15:03:24.133+0600] {processor.py:208} INFO - Processing /home/shamim/airflow_venv/lib/python3.12/site-packages/airflow/example_dags/example_branch_operator.py took 0.037 seconds
[2025-03-10T15:04:44.408+0600] {processor.py:186} INFO - Started process (PID=37703) to work on /home/shamim/airflow_venv/lib/python3.12/site-packages/airflow/example_dags/example_branch_operator.py
[2025-03-10T15:04:44.414+0600] {processor.py:914} INFO - Processing file /home/shamim/airflow_venv/lib/python3.12/site-packages/airflow/example_dags/example_branch_operator.py for tasks to queue
[2025-03-10T15:04:44.418+0600] {logging_mixin.py:190} INFO - [2025-03-10T15:04:44.417+0600] {dagbag.py:588} INFO - Filling up the DagBag from /home/shamim/airflow_venv/lib/python3.12/site-packages/airflow/example_dags/example_branch_operator.py
[2025-03-10T15:04:44.422+0600] {processor.py:927} WARNING - No viable dags retrieved from /home/shamim/airflow_venv/lib/python3.12/site-packages/airflow/example_dags/example_branch_operator.py
[2025-03-10T15:04:44.435+0600] {processor.py:208} INFO - Processing /home/shamim/airflow_venv/lib/python3.12/site-packages/airflow/example_dags/example_branch_operator.py took 0.035 seconds
