[2025-03-10T13:53:15.899+0600] {processor.py:186} INFO - Started process (PID=4812) to work on /home/shamim/airflow_venv/lib/python3.12/site-packages/airflow/example_dags/example_dynamic_task_mapping.py
[2025-03-10T13:53:15.900+0600] {processor.py:914} INFO - Processing file /home/shamim/airflow_venv/lib/python3.12/site-packages/airflow/example_dags/example_dynamic_task_mapping.py for tasks to queue
[2025-03-10T13:53:15.903+0600] {logging_mixin.py:190} INFO - [2025-03-10T13:53:15.902+0600] {dagbag.py:588} INFO - Filling up the DagBag from /home/shamim/airflow_venv/lib/python3.12/site-packages/airflow/example_dags/example_dynamic_task_mapping.py
[2025-03-10T13:53:15.917+0600] {processor.py:925} INFO - DAG(s) 'example_dynamic_task_mapping' retrieved from /home/shamim/airflow_venv/lib/python3.12/site-packages/airflow/example_dags/example_dynamic_task_mapping.py
[2025-03-10T13:53:15.936+0600] {logging_mixin.py:190} INFO - [2025-03-10T13:53:15.935+0600] {dag.py:3239} INFO - Sync 1 DAGs
[2025-03-10T13:53:15.950+0600] {logging_mixin.py:190} INFO - [2025-03-10T13:53:15.950+0600] {dag.py:4180} INFO - Setting next_dagrun for example_dynamic_task_mapping to None, run_after=None
[2025-03-10T13:53:15.990+0600] {processor.py:208} INFO - Processing /home/shamim/airflow_venv/lib/python3.12/site-packages/airflow/example_dags/example_dynamic_task_mapping.py took 0.100 seconds
[2025-03-10T13:54:54.328+0600] {processor.py:186} INFO - Started process (PID=5384) to work on /home/shamim/airflow_venv/lib/python3.12/site-packages/airflow/example_dags/example_dynamic_task_mapping.py
[2025-03-10T13:54:54.335+0600] {processor.py:914} INFO - Processing file /home/shamim/airflow_venv/lib/python3.12/site-packages/airflow/example_dags/example_dynamic_task_mapping.py for tasks to queue
[2025-03-10T13:54:54.337+0600] {logging_mixin.py:190} INFO - [2025-03-10T13:54:54.337+0600] {dagbag.py:588} INFO - Filling up the DagBag from /home/shamim/airflow_venv/lib/python3.12/site-packages/airflow/example_dags/example_dynamic_task_mapping.py
[2025-03-10T13:54:54.348+0600] {processor.py:925} INFO - DAG(s) 'example_dynamic_task_mapping' retrieved from /home/shamim/airflow_venv/lib/python3.12/site-packages/airflow/example_dags/example_dynamic_task_mapping.py
[2025-03-10T13:54:54.366+0600] {logging_mixin.py:190} INFO - [2025-03-10T13:54:54.366+0600] {dag.py:3239} INFO - Sync 1 DAGs
[2025-03-10T13:54:54.381+0600] {logging_mixin.py:190} INFO - [2025-03-10T13:54:54.380+0600] {dag.py:4180} INFO - Setting next_dagrun for example_dynamic_task_mapping to None, run_after=None
[2025-03-10T13:54:54.416+0600] {processor.py:208} INFO - Processing /home/shamim/airflow_venv/lib/python3.12/site-packages/airflow/example_dags/example_dynamic_task_mapping.py took 0.094 seconds
[2025-03-10T13:56:22.359+0600] {processor.py:186} INFO - Started process (PID=5846) to work on /home/shamim/airflow_venv/lib/python3.12/site-packages/airflow/example_dags/example_dynamic_task_mapping.py
[2025-03-10T13:56:22.365+0600] {processor.py:914} INFO - Processing file /home/shamim/airflow_venv/lib/python3.12/site-packages/airflow/example_dags/example_dynamic_task_mapping.py for tasks to queue
[2025-03-10T13:56:22.367+0600] {logging_mixin.py:190} INFO - [2025-03-10T13:56:22.367+0600] {dagbag.py:588} INFO - Filling up the DagBag from /home/shamim/airflow_venv/lib/python3.12/site-packages/airflow/example_dags/example_dynamic_task_mapping.py
[2025-03-10T13:56:22.378+0600] {processor.py:925} INFO - DAG(s) 'example_dynamic_task_mapping' retrieved from /home/shamim/airflow_venv/lib/python3.12/site-packages/airflow/example_dags/example_dynamic_task_mapping.py
[2025-03-10T13:56:22.397+0600] {logging_mixin.py:190} INFO - [2025-03-10T13:56:22.397+0600] {dag.py:3239} INFO - Sync 1 DAGs
[2025-03-10T13:56:22.415+0600] {logging_mixin.py:190} INFO - [2025-03-10T13:56:22.414+0600] {dag.py:4180} INFO - Setting next_dagrun for example_dynamic_task_mapping to None, run_after=None
[2025-03-10T13:56:22.453+0600] {processor.py:208} INFO - Processing /home/shamim/airflow_venv/lib/python3.12/site-packages/airflow/example_dags/example_dynamic_task_mapping.py took 0.101 seconds
[2025-03-10T13:58:01.090+0600] {processor.py:186} INFO - Started process (PID=6441) to work on /home/shamim/airflow_venv/lib/python3.12/site-packages/airflow/example_dags/example_dynamic_task_mapping.py
[2025-03-10T13:58:01.100+0600] {processor.py:914} INFO - Processing file /home/shamim/airflow_venv/lib/python3.12/site-packages/airflow/example_dags/example_dynamic_task_mapping.py for tasks to queue
[2025-03-10T13:58:01.105+0600] {logging_mixin.py:190} INFO - [2025-03-10T13:58:01.104+0600] {dagbag.py:588} INFO - Filling up the DagBag from /home/shamim/airflow_venv/lib/python3.12/site-packages/airflow/example_dags/example_dynamic_task_mapping.py
[2025-03-10T13:58:01.121+0600] {processor.py:925} INFO - DAG(s) 'example_dynamic_task_mapping' retrieved from /home/shamim/airflow_venv/lib/python3.12/site-packages/airflow/example_dags/example_dynamic_task_mapping.py
[2025-03-10T13:58:01.144+0600] {logging_mixin.py:190} INFO - [2025-03-10T13:58:01.144+0600] {dag.py:3239} INFO - Sync 1 DAGs
[2025-03-10T13:58:01.161+0600] {logging_mixin.py:190} INFO - [2025-03-10T13:58:01.161+0600] {dag.py:4180} INFO - Setting next_dagrun for example_dynamic_task_mapping to None, run_after=None
[2025-03-10T13:58:01.197+0600] {processor.py:208} INFO - Processing /home/shamim/airflow_venv/lib/python3.12/site-packages/airflow/example_dags/example_dynamic_task_mapping.py took 0.119 seconds
[2025-03-10T13:59:35.836+0600] {processor.py:186} INFO - Started process (PID=6898) to work on /home/shamim/airflow_venv/lib/python3.12/site-packages/airflow/example_dags/example_dynamic_task_mapping.py
[2025-03-10T13:59:35.837+0600] {processor.py:914} INFO - Processing file /home/shamim/airflow_venv/lib/python3.12/site-packages/airflow/example_dags/example_dynamic_task_mapping.py for tasks to queue
[2025-03-10T13:59:35.840+0600] {logging_mixin.py:190} INFO - [2025-03-10T13:59:35.839+0600] {dagbag.py:588} INFO - Filling up the DagBag from /home/shamim/airflow_venv/lib/python3.12/site-packages/airflow/example_dags/example_dynamic_task_mapping.py
[2025-03-10T13:59:35.851+0600] {processor.py:925} INFO - DAG(s) 'example_dynamic_task_mapping' retrieved from /home/shamim/airflow_venv/lib/python3.12/site-packages/airflow/example_dags/example_dynamic_task_mapping.py
[2025-03-10T13:59:35.871+0600] {logging_mixin.py:190} INFO - [2025-03-10T13:59:35.871+0600] {dag.py:3239} INFO - Sync 1 DAGs
[2025-03-10T13:59:35.886+0600] {logging_mixin.py:190} INFO - [2025-03-10T13:59:35.886+0600] {dag.py:4180} INFO - Setting next_dagrun for example_dynamic_task_mapping to None, run_after=None
[2025-03-10T13:59:35.920+0600] {processor.py:208} INFO - Processing /home/shamim/airflow_venv/lib/python3.12/site-packages/airflow/example_dags/example_dynamic_task_mapping.py took 0.091 seconds
[2025-03-10T14:01:10.818+0600] {processor.py:186} INFO - Started process (PID=7445) to work on /home/shamim/airflow_venv/lib/python3.12/site-packages/airflow/example_dags/example_dynamic_task_mapping.py
[2025-03-10T14:01:10.820+0600] {processor.py:914} INFO - Processing file /home/shamim/airflow_venv/lib/python3.12/site-packages/airflow/example_dags/example_dynamic_task_mapping.py for tasks to queue
[2025-03-10T14:01:10.822+0600] {logging_mixin.py:190} INFO - [2025-03-10T14:01:10.822+0600] {dagbag.py:588} INFO - Filling up the DagBag from /home/shamim/airflow_venv/lib/python3.12/site-packages/airflow/example_dags/example_dynamic_task_mapping.py
[2025-03-10T14:01:10.835+0600] {processor.py:925} INFO - DAG(s) 'example_dynamic_task_mapping' retrieved from /home/shamim/airflow_venv/lib/python3.12/site-packages/airflow/example_dags/example_dynamic_task_mapping.py
[2025-03-10T14:01:10.856+0600] {logging_mixin.py:190} INFO - [2025-03-10T14:01:10.856+0600] {dag.py:3239} INFO - Sync 1 DAGs
[2025-03-10T14:01:10.875+0600] {logging_mixin.py:190} INFO - [2025-03-10T14:01:10.875+0600] {dag.py:4180} INFO - Setting next_dagrun for example_dynamic_task_mapping to None, run_after=None
[2025-03-10T14:01:10.912+0600] {processor.py:208} INFO - Processing /home/shamim/airflow_venv/lib/python3.12/site-packages/airflow/example_dags/example_dynamic_task_mapping.py took 0.103 seconds
[2025-03-10T14:02:44.811+0600] {processor.py:186} INFO - Started process (PID=8014) to work on /home/shamim/airflow_venv/lib/python3.12/site-packages/airflow/example_dags/example_dynamic_task_mapping.py
[2025-03-10T14:02:44.829+0600] {processor.py:914} INFO - Processing file /home/shamim/airflow_venv/lib/python3.12/site-packages/airflow/example_dags/example_dynamic_task_mapping.py for tasks to queue
[2025-03-10T14:02:44.834+0600] {logging_mixin.py:190} INFO - [2025-03-10T14:02:44.833+0600] {dagbag.py:588} INFO - Filling up the DagBag from /home/shamim/airflow_venv/lib/python3.12/site-packages/airflow/example_dags/example_dynamic_task_mapping.py
[2025-03-10T14:02:44.856+0600] {processor.py:925} INFO - DAG(s) 'example_dynamic_task_mapping' retrieved from /home/shamim/airflow_venv/lib/python3.12/site-packages/airflow/example_dags/example_dynamic_task_mapping.py
[2025-03-10T14:02:44.894+0600] {logging_mixin.py:190} INFO - [2025-03-10T14:02:44.893+0600] {dag.py:3239} INFO - Sync 1 DAGs
[2025-03-10T14:02:44.914+0600] {logging_mixin.py:190} INFO - [2025-03-10T14:02:44.913+0600] {dag.py:4180} INFO - Setting next_dagrun for example_dynamic_task_mapping to None, run_after=None
[2025-03-10T14:02:44.939+0600] {processor.py:208} INFO - Processing /home/shamim/airflow_venv/lib/python3.12/site-packages/airflow/example_dags/example_dynamic_task_mapping.py took 0.142 seconds
[2025-03-10T14:04:29.880+0600] {processor.py:186} INFO - Started process (PID=8675) to work on /home/shamim/airflow_venv/lib/python3.12/site-packages/airflow/example_dags/example_dynamic_task_mapping.py
[2025-03-10T14:04:29.883+0600] {processor.py:914} INFO - Processing file /home/shamim/airflow_venv/lib/python3.12/site-packages/airflow/example_dags/example_dynamic_task_mapping.py for tasks to queue
[2025-03-10T14:04:29.887+0600] {logging_mixin.py:190} INFO - [2025-03-10T14:04:29.886+0600] {dagbag.py:588} INFO - Filling up the DagBag from /home/shamim/airflow_venv/lib/python3.12/site-packages/airflow/example_dags/example_dynamic_task_mapping.py
[2025-03-10T14:04:29.899+0600] {processor.py:925} INFO - DAG(s) 'example_dynamic_task_mapping' retrieved from /home/shamim/airflow_venv/lib/python3.12/site-packages/airflow/example_dags/example_dynamic_task_mapping.py
[2025-03-10T14:04:29.925+0600] {logging_mixin.py:190} INFO - [2025-03-10T14:04:29.924+0600] {dag.py:3239} INFO - Sync 1 DAGs
[2025-03-10T14:04:29.946+0600] {logging_mixin.py:190} INFO - [2025-03-10T14:04:29.946+0600] {dag.py:4180} INFO - Setting next_dagrun for example_dynamic_task_mapping to None, run_after=None
[2025-03-10T14:04:29.977+0600] {processor.py:208} INFO - Processing /home/shamim/airflow_venv/lib/python3.12/site-packages/airflow/example_dags/example_dynamic_task_mapping.py took 0.106 seconds
[2025-03-10T14:06:24.039+0600] {processor.py:186} INFO - Started process (PID=9889) to work on /home/shamim/airflow_venv/lib/python3.12/site-packages/airflow/example_dags/example_dynamic_task_mapping.py
[2025-03-10T14:06:24.047+0600] {processor.py:914} INFO - Processing file /home/shamim/airflow_venv/lib/python3.12/site-packages/airflow/example_dags/example_dynamic_task_mapping.py for tasks to queue
[2025-03-10T14:06:24.050+0600] {logging_mixin.py:190} INFO - [2025-03-10T14:06:24.049+0600] {dagbag.py:588} INFO - Filling up the DagBag from /home/shamim/airflow_venv/lib/python3.12/site-packages/airflow/example_dags/example_dynamic_task_mapping.py
[2025-03-10T14:06:24.062+0600] {processor.py:925} INFO - DAG(s) 'example_dynamic_task_mapping' retrieved from /home/shamim/airflow_venv/lib/python3.12/site-packages/airflow/example_dags/example_dynamic_task_mapping.py
[2025-03-10T14:06:24.082+0600] {logging_mixin.py:190} INFO - [2025-03-10T14:06:24.082+0600] {dag.py:3239} INFO - Sync 1 DAGs
[2025-03-10T14:06:24.107+0600] {logging_mixin.py:190} INFO - [2025-03-10T14:06:24.106+0600] {dag.py:4180} INFO - Setting next_dagrun for example_dynamic_task_mapping to None, run_after=None
[2025-03-10T14:06:24.142+0600] {processor.py:208} INFO - Processing /home/shamim/airflow_venv/lib/python3.12/site-packages/airflow/example_dags/example_dynamic_task_mapping.py took 0.136 seconds
[2025-03-10T14:07:59.508+0600] {processor.py:186} INFO - Started process (PID=10500) to work on /home/shamim/airflow_venv/lib/python3.12/site-packages/airflow/example_dags/example_dynamic_task_mapping.py
[2025-03-10T14:07:59.513+0600] {processor.py:914} INFO - Processing file /home/shamim/airflow_venv/lib/python3.12/site-packages/airflow/example_dags/example_dynamic_task_mapping.py for tasks to queue
[2025-03-10T14:07:59.515+0600] {logging_mixin.py:190} INFO - [2025-03-10T14:07:59.515+0600] {dagbag.py:588} INFO - Filling up the DagBag from /home/shamim/airflow_venv/lib/python3.12/site-packages/airflow/example_dags/example_dynamic_task_mapping.py
[2025-03-10T14:07:59.525+0600] {processor.py:925} INFO - DAG(s) 'example_dynamic_task_mapping' retrieved from /home/shamim/airflow_venv/lib/python3.12/site-packages/airflow/example_dags/example_dynamic_task_mapping.py
[2025-03-10T14:07:59.544+0600] {logging_mixin.py:190} INFO - [2025-03-10T14:07:59.543+0600] {dag.py:3239} INFO - Sync 1 DAGs
[2025-03-10T14:07:59.558+0600] {logging_mixin.py:190} INFO - [2025-03-10T14:07:59.558+0600] {dag.py:4180} INFO - Setting next_dagrun for example_dynamic_task_mapping to None, run_after=None
[2025-03-10T14:07:59.580+0600] {processor.py:208} INFO - Processing /home/shamim/airflow_venv/lib/python3.12/site-packages/airflow/example_dags/example_dynamic_task_mapping.py took 0.079 seconds
[2025-03-10T14:09:30.783+0600] {processor.py:186} INFO - Started process (PID=11047) to work on /home/shamim/airflow_venv/lib/python3.12/site-packages/airflow/example_dags/example_dynamic_task_mapping.py
[2025-03-10T14:09:30.789+0600] {processor.py:914} INFO - Processing file /home/shamim/airflow_venv/lib/python3.12/site-packages/airflow/example_dags/example_dynamic_task_mapping.py for tasks to queue
[2025-03-10T14:09:30.791+0600] {logging_mixin.py:190} INFO - [2025-03-10T14:09:30.791+0600] {dagbag.py:588} INFO - Filling up the DagBag from /home/shamim/airflow_venv/lib/python3.12/site-packages/airflow/example_dags/example_dynamic_task_mapping.py
[2025-03-10T14:09:30.801+0600] {processor.py:925} INFO - DAG(s) 'example_dynamic_task_mapping' retrieved from /home/shamim/airflow_venv/lib/python3.12/site-packages/airflow/example_dags/example_dynamic_task_mapping.py
[2025-03-10T14:09:30.820+0600] {logging_mixin.py:190} INFO - [2025-03-10T14:09:30.819+0600] {dag.py:3239} INFO - Sync 1 DAGs
[2025-03-10T14:09:30.834+0600] {logging_mixin.py:190} INFO - [2025-03-10T14:09:30.834+0600] {dag.py:4180} INFO - Setting next_dagrun for example_dynamic_task_mapping to None, run_after=None
[2025-03-10T14:09:30.857+0600] {processor.py:208} INFO - Processing /home/shamim/airflow_venv/lib/python3.12/site-packages/airflow/example_dags/example_dynamic_task_mapping.py took 0.081 seconds
[2025-03-10T14:10:56.964+0600] {processor.py:186} INFO - Started process (PID=11528) to work on /home/shamim/airflow_venv/lib/python3.12/site-packages/airflow/example_dags/example_dynamic_task_mapping.py
[2025-03-10T14:10:56.967+0600] {processor.py:914} INFO - Processing file /home/shamim/airflow_venv/lib/python3.12/site-packages/airflow/example_dags/example_dynamic_task_mapping.py for tasks to queue
[2025-03-10T14:10:56.974+0600] {logging_mixin.py:190} INFO - [2025-03-10T14:10:56.971+0600] {dagbag.py:588} INFO - Filling up the DagBag from /home/shamim/airflow_venv/lib/python3.12/site-packages/airflow/example_dags/example_dynamic_task_mapping.py
[2025-03-10T14:10:57.012+0600] {processor.py:925} INFO - DAG(s) 'example_dynamic_task_mapping' retrieved from /home/shamim/airflow_venv/lib/python3.12/site-packages/airflow/example_dags/example_dynamic_task_mapping.py
[2025-03-10T14:10:57.089+0600] {logging_mixin.py:190} INFO - [2025-03-10T14:10:57.089+0600] {dag.py:3239} INFO - Sync 1 DAGs
[2025-03-10T14:10:57.139+0600] {logging_mixin.py:190} INFO - [2025-03-10T14:10:57.139+0600] {dag.py:4180} INFO - Setting next_dagrun for example_dynamic_task_mapping to None, run_after=None
[2025-03-10T14:10:57.221+0600] {processor.py:208} INFO - Processing /home/shamim/airflow_venv/lib/python3.12/site-packages/airflow/example_dags/example_dynamic_task_mapping.py took 0.269 seconds
[2025-03-10T14:12:28.162+0600] {processor.py:186} INFO - Started process (PID=12019) to work on /home/shamim/airflow_venv/lib/python3.12/site-packages/airflow/example_dags/example_dynamic_task_mapping.py
[2025-03-10T14:12:28.169+0600] {processor.py:914} INFO - Processing file /home/shamim/airflow_venv/lib/python3.12/site-packages/airflow/example_dags/example_dynamic_task_mapping.py for tasks to queue
[2025-03-10T14:12:28.174+0600] {logging_mixin.py:190} INFO - [2025-03-10T14:12:28.173+0600] {dagbag.py:588} INFO - Filling up the DagBag from /home/shamim/airflow_venv/lib/python3.12/site-packages/airflow/example_dags/example_dynamic_task_mapping.py
[2025-03-10T14:12:28.194+0600] {processor.py:925} INFO - DAG(s) 'example_dynamic_task_mapping' retrieved from /home/shamim/airflow_venv/lib/python3.12/site-packages/airflow/example_dags/example_dynamic_task_mapping.py
[2025-03-10T14:12:28.216+0600] {logging_mixin.py:190} INFO - [2025-03-10T14:12:28.216+0600] {dag.py:3239} INFO - Sync 1 DAGs
[2025-03-10T14:12:28.231+0600] {logging_mixin.py:190} INFO - [2025-03-10T14:12:28.231+0600] {dag.py:4180} INFO - Setting next_dagrun for example_dynamic_task_mapping to None, run_after=None
[2025-03-10T14:12:28.259+0600] {processor.py:208} INFO - Processing /home/shamim/airflow_venv/lib/python3.12/site-packages/airflow/example_dags/example_dynamic_task_mapping.py took 0.111 seconds
[2025-03-10T14:14:04.990+0600] {processor.py:186} INFO - Started process (PID=12630) to work on /home/shamim/airflow_venv/lib/python3.12/site-packages/airflow/example_dags/example_dynamic_task_mapping.py
[2025-03-10T14:14:04.992+0600] {processor.py:914} INFO - Processing file /home/shamim/airflow_venv/lib/python3.12/site-packages/airflow/example_dags/example_dynamic_task_mapping.py for tasks to queue
[2025-03-10T14:14:04.995+0600] {logging_mixin.py:190} INFO - [2025-03-10T14:14:04.995+0600] {dagbag.py:588} INFO - Filling up the DagBag from /home/shamim/airflow_venv/lib/python3.12/site-packages/airflow/example_dags/example_dynamic_task_mapping.py
[2025-03-10T14:14:05.008+0600] {processor.py:925} INFO - DAG(s) 'example_dynamic_task_mapping' retrieved from /home/shamim/airflow_venv/lib/python3.12/site-packages/airflow/example_dags/example_dynamic_task_mapping.py
[2025-03-10T14:14:05.034+0600] {logging_mixin.py:190} INFO - [2025-03-10T14:14:05.034+0600] {dag.py:3239} INFO - Sync 1 DAGs
[2025-03-10T14:14:05.052+0600] {logging_mixin.py:190} INFO - [2025-03-10T14:14:05.052+0600] {dag.py:4180} INFO - Setting next_dagrun for example_dynamic_task_mapping to None, run_after=None
[2025-03-10T14:14:05.085+0600] {processor.py:208} INFO - Processing /home/shamim/airflow_venv/lib/python3.12/site-packages/airflow/example_dags/example_dynamic_task_mapping.py took 0.103 seconds
[2025-03-10T14:15:23.898+0600] {processor.py:186} INFO - Started process (PID=13187) to work on /home/shamim/airflow_venv/lib/python3.12/site-packages/airflow/example_dags/example_dynamic_task_mapping.py
[2025-03-10T14:15:23.904+0600] {processor.py:914} INFO - Processing file /home/shamim/airflow_venv/lib/python3.12/site-packages/airflow/example_dags/example_dynamic_task_mapping.py for tasks to queue
[2025-03-10T14:15:23.907+0600] {logging_mixin.py:190} INFO - [2025-03-10T14:15:23.906+0600] {dagbag.py:588} INFO - Filling up the DagBag from /home/shamim/airflow_venv/lib/python3.12/site-packages/airflow/example_dags/example_dynamic_task_mapping.py
[2025-03-10T14:15:23.918+0600] {processor.py:925} INFO - DAG(s) 'example_dynamic_task_mapping' retrieved from /home/shamim/airflow_venv/lib/python3.12/site-packages/airflow/example_dags/example_dynamic_task_mapping.py
[2025-03-10T14:15:23.937+0600] {logging_mixin.py:190} INFO - [2025-03-10T14:15:23.937+0600] {dag.py:3239} INFO - Sync 1 DAGs
[2025-03-10T14:15:23.953+0600] {logging_mixin.py:190} INFO - [2025-03-10T14:15:23.952+0600] {dag.py:4180} INFO - Setting next_dagrun for example_dynamic_task_mapping to None, run_after=None
[2025-03-10T14:15:23.981+0600] {processor.py:208} INFO - Processing /home/shamim/airflow_venv/lib/python3.12/site-packages/airflow/example_dags/example_dynamic_task_mapping.py took 0.089 seconds
[2025-03-10T14:16:59.825+0600] {processor.py:186} INFO - Started process (PID=13756) to work on /home/shamim/airflow_venv/lib/python3.12/site-packages/airflow/example_dags/example_dynamic_task_mapping.py
[2025-03-10T14:16:59.831+0600] {processor.py:914} INFO - Processing file /home/shamim/airflow_venv/lib/python3.12/site-packages/airflow/example_dags/example_dynamic_task_mapping.py for tasks to queue
[2025-03-10T14:16:59.834+0600] {logging_mixin.py:190} INFO - [2025-03-10T14:16:59.833+0600] {dagbag.py:588} INFO - Filling up the DagBag from /home/shamim/airflow_venv/lib/python3.12/site-packages/airflow/example_dags/example_dynamic_task_mapping.py
[2025-03-10T14:16:59.844+0600] {processor.py:925} INFO - DAG(s) 'example_dynamic_task_mapping' retrieved from /home/shamim/airflow_venv/lib/python3.12/site-packages/airflow/example_dags/example_dynamic_task_mapping.py
[2025-03-10T14:16:59.865+0600] {logging_mixin.py:190} INFO - [2025-03-10T14:16:59.864+0600] {dag.py:3239} INFO - Sync 1 DAGs
[2025-03-10T14:16:59.883+0600] {logging_mixin.py:190} INFO - [2025-03-10T14:16:59.882+0600] {dag.py:4180} INFO - Setting next_dagrun for example_dynamic_task_mapping to None, run_after=None
[2025-03-10T14:16:59.908+0600] {processor.py:208} INFO - Processing /home/shamim/airflow_venv/lib/python3.12/site-packages/airflow/example_dags/example_dynamic_task_mapping.py took 0.090 seconds
[2025-03-10T14:18:32.496+0600] {processor.py:186} INFO - Started process (PID=14340) to work on /home/shamim/airflow_venv/lib/python3.12/site-packages/airflow/example_dags/example_dynamic_task_mapping.py
[2025-03-10T14:18:32.502+0600] {processor.py:914} INFO - Processing file /home/shamim/airflow_venv/lib/python3.12/site-packages/airflow/example_dags/example_dynamic_task_mapping.py for tasks to queue
[2025-03-10T14:18:32.505+0600] {logging_mixin.py:190} INFO - [2025-03-10T14:18:32.505+0600] {dagbag.py:588} INFO - Filling up the DagBag from /home/shamim/airflow_venv/lib/python3.12/site-packages/airflow/example_dags/example_dynamic_task_mapping.py
[2025-03-10T14:18:32.516+0600] {processor.py:925} INFO - DAG(s) 'example_dynamic_task_mapping' retrieved from /home/shamim/airflow_venv/lib/python3.12/site-packages/airflow/example_dags/example_dynamic_task_mapping.py
[2025-03-10T14:18:32.534+0600] {logging_mixin.py:190} INFO - [2025-03-10T14:18:32.534+0600] {dag.py:3239} INFO - Sync 1 DAGs
[2025-03-10T14:18:32.549+0600] {logging_mixin.py:190} INFO - [2025-03-10T14:18:32.549+0600] {dag.py:4180} INFO - Setting next_dagrun for example_dynamic_task_mapping to None, run_after=None
[2025-03-10T14:18:32.583+0600] {processor.py:208} INFO - Processing /home/shamim/airflow_venv/lib/python3.12/site-packages/airflow/example_dags/example_dynamic_task_mapping.py took 0.093 seconds
[2025-03-10T14:19:56.974+0600] {processor.py:186} INFO - Started process (PID=14894) to work on /home/shamim/airflow_venv/lib/python3.12/site-packages/airflow/example_dags/example_dynamic_task_mapping.py
[2025-03-10T14:19:56.981+0600] {processor.py:914} INFO - Processing file /home/shamim/airflow_venv/lib/python3.12/site-packages/airflow/example_dags/example_dynamic_task_mapping.py for tasks to queue
[2025-03-10T14:19:56.984+0600] {logging_mixin.py:190} INFO - [2025-03-10T14:19:56.984+0600] {dagbag.py:588} INFO - Filling up the DagBag from /home/shamim/airflow_venv/lib/python3.12/site-packages/airflow/example_dags/example_dynamic_task_mapping.py
[2025-03-10T14:19:56.999+0600] {processor.py:925} INFO - DAG(s) 'example_dynamic_task_mapping' retrieved from /home/shamim/airflow_venv/lib/python3.12/site-packages/airflow/example_dags/example_dynamic_task_mapping.py
[2025-03-10T14:19:57.018+0600] {logging_mixin.py:190} INFO - [2025-03-10T14:19:57.018+0600] {dag.py:3239} INFO - Sync 1 DAGs
[2025-03-10T14:19:57.033+0600] {logging_mixin.py:190} INFO - [2025-03-10T14:19:57.033+0600] {dag.py:4180} INFO - Setting next_dagrun for example_dynamic_task_mapping to None, run_after=None
[2025-03-10T14:19:57.058+0600] {processor.py:208} INFO - Processing /home/shamim/airflow_venv/lib/python3.12/site-packages/airflow/example_dags/example_dynamic_task_mapping.py took 0.094 seconds
[2025-03-10T14:21:20.485+0600] {processor.py:186} INFO - Started process (PID=15459) to work on /home/shamim/airflow_venv/lib/python3.12/site-packages/airflow/example_dags/example_dynamic_task_mapping.py
[2025-03-10T14:21:20.492+0600] {processor.py:914} INFO - Processing file /home/shamim/airflow_venv/lib/python3.12/site-packages/airflow/example_dags/example_dynamic_task_mapping.py for tasks to queue
[2025-03-10T14:21:20.496+0600] {logging_mixin.py:190} INFO - [2025-03-10T14:21:20.495+0600] {dagbag.py:588} INFO - Filling up the DagBag from /home/shamim/airflow_venv/lib/python3.12/site-packages/airflow/example_dags/example_dynamic_task_mapping.py
[2025-03-10T14:21:20.509+0600] {processor.py:925} INFO - DAG(s) 'example_dynamic_task_mapping' retrieved from /home/shamim/airflow_venv/lib/python3.12/site-packages/airflow/example_dags/example_dynamic_task_mapping.py
[2025-03-10T14:21:20.526+0600] {logging_mixin.py:190} INFO - [2025-03-10T14:21:20.526+0600] {dag.py:3239} INFO - Sync 1 DAGs
[2025-03-10T14:21:20.541+0600] {logging_mixin.py:190} INFO - [2025-03-10T14:21:20.541+0600] {dag.py:4180} INFO - Setting next_dagrun for example_dynamic_task_mapping to None, run_after=None
[2025-03-10T14:21:20.565+0600] {processor.py:208} INFO - Processing /home/shamim/airflow_venv/lib/python3.12/site-packages/airflow/example_dags/example_dynamic_task_mapping.py took 0.092 seconds
[2025-03-10T14:22:50.537+0600] {processor.py:186} INFO - Started process (PID=16073) to work on /home/shamim/airflow_venv/lib/python3.12/site-packages/airflow/example_dags/example_dynamic_task_mapping.py
[2025-03-10T14:22:50.543+0600] {processor.py:914} INFO - Processing file /home/shamim/airflow_venv/lib/python3.12/site-packages/airflow/example_dags/example_dynamic_task_mapping.py for tasks to queue
[2025-03-10T14:22:50.546+0600] {logging_mixin.py:190} INFO - [2025-03-10T14:22:50.545+0600] {dagbag.py:588} INFO - Filling up the DagBag from /home/shamim/airflow_venv/lib/python3.12/site-packages/airflow/example_dags/example_dynamic_task_mapping.py
[2025-03-10T14:22:50.556+0600] {processor.py:925} INFO - DAG(s) 'example_dynamic_task_mapping' retrieved from /home/shamim/airflow_venv/lib/python3.12/site-packages/airflow/example_dags/example_dynamic_task_mapping.py
[2025-03-10T14:22:50.574+0600] {logging_mixin.py:190} INFO - [2025-03-10T14:22:50.574+0600] {dag.py:3239} INFO - Sync 1 DAGs
[2025-03-10T14:22:50.589+0600] {logging_mixin.py:190} INFO - [2025-03-10T14:22:50.589+0600] {dag.py:4180} INFO - Setting next_dagrun for example_dynamic_task_mapping to None, run_after=None
[2025-03-10T14:22:50.613+0600] {processor.py:208} INFO - Processing /home/shamim/airflow_venv/lib/python3.12/site-packages/airflow/example_dags/example_dynamic_task_mapping.py took 0.083 seconds
[2025-03-10T14:24:19.339+0600] {processor.py:186} INFO - Started process (PID=16665) to work on /home/shamim/airflow_venv/lib/python3.12/site-packages/airflow/example_dags/example_dynamic_task_mapping.py
[2025-03-10T14:24:19.344+0600] {processor.py:914} INFO - Processing file /home/shamim/airflow_venv/lib/python3.12/site-packages/airflow/example_dags/example_dynamic_task_mapping.py for tasks to queue
[2025-03-10T14:24:19.346+0600] {logging_mixin.py:190} INFO - [2025-03-10T14:24:19.346+0600] {dagbag.py:588} INFO - Filling up the DagBag from /home/shamim/airflow_venv/lib/python3.12/site-packages/airflow/example_dags/example_dynamic_task_mapping.py
[2025-03-10T14:24:19.359+0600] {processor.py:925} INFO - DAG(s) 'example_dynamic_task_mapping' retrieved from /home/shamim/airflow_venv/lib/python3.12/site-packages/airflow/example_dags/example_dynamic_task_mapping.py
[2025-03-10T14:24:19.379+0600] {logging_mixin.py:190} INFO - [2025-03-10T14:24:19.378+0600] {dag.py:3239} INFO - Sync 1 DAGs
[2025-03-10T14:24:19.397+0600] {logging_mixin.py:190} INFO - [2025-03-10T14:24:19.396+0600] {dag.py:4180} INFO - Setting next_dagrun for example_dynamic_task_mapping to None, run_after=None
[2025-03-10T14:24:19.428+0600] {processor.py:208} INFO - Processing /home/shamim/airflow_venv/lib/python3.12/site-packages/airflow/example_dags/example_dynamic_task_mapping.py took 0.099 seconds
[2025-03-10T14:25:46.258+0600] {processor.py:186} INFO - Started process (PID=17365) to work on /home/shamim/airflow_venv/lib/python3.12/site-packages/airflow/example_dags/example_dynamic_task_mapping.py
[2025-03-10T14:25:46.260+0600] {processor.py:914} INFO - Processing file /home/shamim/airflow_venv/lib/python3.12/site-packages/airflow/example_dags/example_dynamic_task_mapping.py for tasks to queue
[2025-03-10T14:25:46.263+0600] {logging_mixin.py:190} INFO - [2025-03-10T14:25:46.263+0600] {dagbag.py:588} INFO - Filling up the DagBag from /home/shamim/airflow_venv/lib/python3.12/site-packages/airflow/example_dags/example_dynamic_task_mapping.py
[2025-03-10T14:25:46.279+0600] {processor.py:925} INFO - DAG(s) 'example_dynamic_task_mapping' retrieved from /home/shamim/airflow_venv/lib/python3.12/site-packages/airflow/example_dags/example_dynamic_task_mapping.py
[2025-03-10T14:25:46.307+0600] {logging_mixin.py:190} INFO - [2025-03-10T14:25:46.307+0600] {dag.py:3239} INFO - Sync 1 DAGs
[2025-03-10T14:25:46.335+0600] {logging_mixin.py:190} INFO - [2025-03-10T14:25:46.335+0600] {dag.py:4180} INFO - Setting next_dagrun for example_dynamic_task_mapping to None, run_after=None
[2025-03-10T14:25:46.393+0600] {processor.py:208} INFO - Processing /home/shamim/airflow_venv/lib/python3.12/site-packages/airflow/example_dags/example_dynamic_task_mapping.py took 0.145 seconds
[2025-03-10T14:27:18.702+0600] {processor.py:186} INFO - Started process (PID=17931) to work on /home/shamim/airflow_venv/lib/python3.12/site-packages/airflow/example_dags/example_dynamic_task_mapping.py
[2025-03-10T14:27:18.708+0600] {processor.py:914} INFO - Processing file /home/shamim/airflow_venv/lib/python3.12/site-packages/airflow/example_dags/example_dynamic_task_mapping.py for tasks to queue
[2025-03-10T14:27:18.711+0600] {logging_mixin.py:190} INFO - [2025-03-10T14:27:18.710+0600] {dagbag.py:588} INFO - Filling up the DagBag from /home/shamim/airflow_venv/lib/python3.12/site-packages/airflow/example_dags/example_dynamic_task_mapping.py
[2025-03-10T14:27:18.721+0600] {processor.py:925} INFO - DAG(s) 'example_dynamic_task_mapping' retrieved from /home/shamim/airflow_venv/lib/python3.12/site-packages/airflow/example_dags/example_dynamic_task_mapping.py
[2025-03-10T14:27:18.739+0600] {logging_mixin.py:190} INFO - [2025-03-10T14:27:18.739+0600] {dag.py:3239} INFO - Sync 1 DAGs
[2025-03-10T14:27:18.754+0600] {logging_mixin.py:190} INFO - [2025-03-10T14:27:18.754+0600] {dag.py:4180} INFO - Setting next_dagrun for example_dynamic_task_mapping to None, run_after=None
[2025-03-10T14:27:18.779+0600] {processor.py:208} INFO - Processing /home/shamim/airflow_venv/lib/python3.12/site-packages/airflow/example_dags/example_dynamic_task_mapping.py took 0.085 seconds
[2025-03-10T14:28:41.737+0600] {processor.py:186} INFO - Started process (PID=18499) to work on /home/shamim/airflow_venv/lib/python3.12/site-packages/airflow/example_dags/example_dynamic_task_mapping.py
[2025-03-10T14:28:41.744+0600] {processor.py:914} INFO - Processing file /home/shamim/airflow_venv/lib/python3.12/site-packages/airflow/example_dags/example_dynamic_task_mapping.py for tasks to queue
[2025-03-10T14:28:41.746+0600] {logging_mixin.py:190} INFO - [2025-03-10T14:28:41.746+0600] {dagbag.py:588} INFO - Filling up the DagBag from /home/shamim/airflow_venv/lib/python3.12/site-packages/airflow/example_dags/example_dynamic_task_mapping.py
[2025-03-10T14:28:41.759+0600] {processor.py:925} INFO - DAG(s) 'example_dynamic_task_mapping' retrieved from /home/shamim/airflow_venv/lib/python3.12/site-packages/airflow/example_dags/example_dynamic_task_mapping.py
[2025-03-10T14:28:41.779+0600] {logging_mixin.py:190} INFO - [2025-03-10T14:28:41.779+0600] {dag.py:3239} INFO - Sync 1 DAGs
[2025-03-10T14:28:41.796+0600] {logging_mixin.py:190} INFO - [2025-03-10T14:28:41.796+0600] {dag.py:4180} INFO - Setting next_dagrun for example_dynamic_task_mapping to None, run_after=None
[2025-03-10T14:28:41.847+0600] {processor.py:208} INFO - Processing /home/shamim/airflow_venv/lib/python3.12/site-packages/airflow/example_dags/example_dynamic_task_mapping.py took 0.117 seconds
[2025-03-10T14:30:16.833+0600] {processor.py:186} INFO - Started process (PID=19142) to work on /home/shamim/airflow_venv/lib/python3.12/site-packages/airflow/example_dags/example_dynamic_task_mapping.py
[2025-03-10T14:30:16.841+0600] {processor.py:914} INFO - Processing file /home/shamim/airflow_venv/lib/python3.12/site-packages/airflow/example_dags/example_dynamic_task_mapping.py for tasks to queue
[2025-03-10T14:30:16.849+0600] {logging_mixin.py:190} INFO - [2025-03-10T14:30:16.849+0600] {dagbag.py:588} INFO - Filling up the DagBag from /home/shamim/airflow_venv/lib/python3.12/site-packages/airflow/example_dags/example_dynamic_task_mapping.py
[2025-03-10T14:30:16.878+0600] {processor.py:925} INFO - DAG(s) 'example_dynamic_task_mapping' retrieved from /home/shamim/airflow_venv/lib/python3.12/site-packages/airflow/example_dags/example_dynamic_task_mapping.py
[2025-03-10T14:30:16.929+0600] {logging_mixin.py:190} INFO - [2025-03-10T14:30:16.928+0600] {dag.py:3239} INFO - Sync 1 DAGs
[2025-03-10T14:30:16.958+0600] {logging_mixin.py:190} INFO - [2025-03-10T14:30:16.957+0600] {dag.py:4180} INFO - Setting next_dagrun for example_dynamic_task_mapping to None, run_after=None
[2025-03-10T14:30:16.992+0600] {processor.py:208} INFO - Processing /home/shamim/airflow_venv/lib/python3.12/site-packages/airflow/example_dags/example_dynamic_task_mapping.py took 0.170 seconds
[2025-03-10T14:31:52.298+0600] {processor.py:186} INFO - Started process (PID=19702) to work on /home/shamim/airflow_venv/lib/python3.12/site-packages/airflow/example_dags/example_dynamic_task_mapping.py
[2025-03-10T14:31:52.305+0600] {processor.py:914} INFO - Processing file /home/shamim/airflow_venv/lib/python3.12/site-packages/airflow/example_dags/example_dynamic_task_mapping.py for tasks to queue
[2025-03-10T14:31:52.308+0600] {logging_mixin.py:190} INFO - [2025-03-10T14:31:52.307+0600] {dagbag.py:588} INFO - Filling up the DagBag from /home/shamim/airflow_venv/lib/python3.12/site-packages/airflow/example_dags/example_dynamic_task_mapping.py
[2025-03-10T14:31:52.320+0600] {processor.py:925} INFO - DAG(s) 'example_dynamic_task_mapping' retrieved from /home/shamim/airflow_venv/lib/python3.12/site-packages/airflow/example_dags/example_dynamic_task_mapping.py
[2025-03-10T14:31:52.339+0600] {logging_mixin.py:190} INFO - [2025-03-10T14:31:52.339+0600] {dag.py:3239} INFO - Sync 1 DAGs
[2025-03-10T14:31:52.353+0600] {logging_mixin.py:190} INFO - [2025-03-10T14:31:52.353+0600] {dag.py:4180} INFO - Setting next_dagrun for example_dynamic_task_mapping to None, run_after=None
[2025-03-10T14:31:52.390+0600] {processor.py:208} INFO - Processing /home/shamim/airflow_venv/lib/python3.12/site-packages/airflow/example_dags/example_dynamic_task_mapping.py took 0.099 seconds
[2025-03-10T14:33:26.972+0600] {processor.py:186} INFO - Started process (PID=20589) to work on /home/shamim/airflow_venv/lib/python3.12/site-packages/airflow/example_dags/example_dynamic_task_mapping.py
[2025-03-10T14:33:26.979+0600] {processor.py:914} INFO - Processing file /home/shamim/airflow_venv/lib/python3.12/site-packages/airflow/example_dags/example_dynamic_task_mapping.py for tasks to queue
[2025-03-10T14:33:26.981+0600] {logging_mixin.py:190} INFO - [2025-03-10T14:33:26.981+0600] {dagbag.py:588} INFO - Filling up the DagBag from /home/shamim/airflow_venv/lib/python3.12/site-packages/airflow/example_dags/example_dynamic_task_mapping.py
[2025-03-10T14:33:26.992+0600] {processor.py:925} INFO - DAG(s) 'example_dynamic_task_mapping' retrieved from /home/shamim/airflow_venv/lib/python3.12/site-packages/airflow/example_dags/example_dynamic_task_mapping.py
[2025-03-10T14:33:27.012+0600] {logging_mixin.py:190} INFO - [2025-03-10T14:33:27.012+0600] {dag.py:3239} INFO - Sync 1 DAGs
[2025-03-10T14:33:27.028+0600] {logging_mixin.py:190} INFO - [2025-03-10T14:33:27.028+0600] {dag.py:4180} INFO - Setting next_dagrun for example_dynamic_task_mapping to None, run_after=None
[2025-03-10T14:33:27.052+0600] {processor.py:208} INFO - Processing /home/shamim/airflow_venv/lib/python3.12/site-packages/airflow/example_dags/example_dynamic_task_mapping.py took 0.087 seconds
[2025-03-10T14:34:53.930+0600] {processor.py:186} INFO - Started process (PID=21818) to work on /home/shamim/airflow_venv/lib/python3.12/site-packages/airflow/example_dags/example_dynamic_task_mapping.py
[2025-03-10T14:34:53.937+0600] {processor.py:914} INFO - Processing file /home/shamim/airflow_venv/lib/python3.12/site-packages/airflow/example_dags/example_dynamic_task_mapping.py for tasks to queue
[2025-03-10T14:34:53.943+0600] {logging_mixin.py:190} INFO - [2025-03-10T14:34:53.941+0600] {dagbag.py:588} INFO - Filling up the DagBag from /home/shamim/airflow_venv/lib/python3.12/site-packages/airflow/example_dags/example_dynamic_task_mapping.py
[2025-03-10T14:34:53.957+0600] {processor.py:925} INFO - DAG(s) 'example_dynamic_task_mapping' retrieved from /home/shamim/airflow_venv/lib/python3.12/site-packages/airflow/example_dags/example_dynamic_task_mapping.py
[2025-03-10T14:34:53.979+0600] {logging_mixin.py:190} INFO - [2025-03-10T14:34:53.979+0600] {dag.py:3239} INFO - Sync 1 DAGs
[2025-03-10T14:34:53.996+0600] {logging_mixin.py:190} INFO - [2025-03-10T14:34:53.996+0600] {dag.py:4180} INFO - Setting next_dagrun for example_dynamic_task_mapping to None, run_after=None
[2025-03-10T14:34:54.027+0600] {processor.py:208} INFO - Processing /home/shamim/airflow_venv/lib/python3.12/site-packages/airflow/example_dags/example_dynamic_task_mapping.py took 0.105 seconds
[2025-03-10T14:36:19.939+0600] {processor.py:186} INFO - Started process (PID=23529) to work on /home/shamim/airflow_venv/lib/python3.12/site-packages/airflow/example_dags/example_dynamic_task_mapping.py
[2025-03-10T14:36:19.942+0600] {processor.py:914} INFO - Processing file /home/shamim/airflow_venv/lib/python3.12/site-packages/airflow/example_dags/example_dynamic_task_mapping.py for tasks to queue
[2025-03-10T14:36:19.945+0600] {logging_mixin.py:190} INFO - [2025-03-10T14:36:19.945+0600] {dagbag.py:588} INFO - Filling up the DagBag from /home/shamim/airflow_venv/lib/python3.12/site-packages/airflow/example_dags/example_dynamic_task_mapping.py
[2025-03-10T14:36:19.960+0600] {processor.py:925} INFO - DAG(s) 'example_dynamic_task_mapping' retrieved from /home/shamim/airflow_venv/lib/python3.12/site-packages/airflow/example_dags/example_dynamic_task_mapping.py
[2025-03-10T14:36:19.978+0600] {logging_mixin.py:190} INFO - [2025-03-10T14:36:19.978+0600] {dag.py:3239} INFO - Sync 1 DAGs
[2025-03-10T14:36:19.993+0600] {logging_mixin.py:190} INFO - [2025-03-10T14:36:19.993+0600] {dag.py:4180} INFO - Setting next_dagrun for example_dynamic_task_mapping to None, run_after=None
[2025-03-10T14:36:20.015+0600] {processor.py:208} INFO - Processing /home/shamim/airflow_venv/lib/python3.12/site-packages/airflow/example_dags/example_dynamic_task_mapping.py took 0.087 seconds
[2025-03-10T14:37:35.851+0600] {processor.py:186} INFO - Started process (PID=24010) to work on /home/shamim/airflow_venv/lib/python3.12/site-packages/airflow/example_dags/example_dynamic_task_mapping.py
[2025-03-10T14:37:35.857+0600] {processor.py:914} INFO - Processing file /home/shamim/airflow_venv/lib/python3.12/site-packages/airflow/example_dags/example_dynamic_task_mapping.py for tasks to queue
[2025-03-10T14:37:35.860+0600] {logging_mixin.py:190} INFO - [2025-03-10T14:37:35.860+0600] {dagbag.py:588} INFO - Filling up the DagBag from /home/shamim/airflow_venv/lib/python3.12/site-packages/airflow/example_dags/example_dynamic_task_mapping.py
[2025-03-10T14:37:35.871+0600] {processor.py:925} INFO - DAG(s) 'example_dynamic_task_mapping' retrieved from /home/shamim/airflow_venv/lib/python3.12/site-packages/airflow/example_dags/example_dynamic_task_mapping.py
[2025-03-10T14:37:35.891+0600] {logging_mixin.py:190} INFO - [2025-03-10T14:37:35.890+0600] {dag.py:3239} INFO - Sync 1 DAGs
[2025-03-10T14:37:35.906+0600] {logging_mixin.py:190} INFO - [2025-03-10T14:37:35.905+0600] {dag.py:4180} INFO - Setting next_dagrun for example_dynamic_task_mapping to None, run_after=None
[2025-03-10T14:37:35.933+0600] {processor.py:208} INFO - Processing /home/shamim/airflow_venv/lib/python3.12/site-packages/airflow/example_dags/example_dynamic_task_mapping.py took 0.092 seconds
[2025-03-10T14:38:53.122+0600] {processor.py:186} INFO - Started process (PID=24523) to work on /home/shamim/airflow_venv/lib/python3.12/site-packages/airflow/example_dags/example_dynamic_task_mapping.py
[2025-03-10T14:38:53.125+0600] {processor.py:914} INFO - Processing file /home/shamim/airflow_venv/lib/python3.12/site-packages/airflow/example_dags/example_dynamic_task_mapping.py for tasks to queue
[2025-03-10T14:38:53.128+0600] {logging_mixin.py:190} INFO - [2025-03-10T14:38:53.127+0600] {dagbag.py:588} INFO - Filling up the DagBag from /home/shamim/airflow_venv/lib/python3.12/site-packages/airflow/example_dags/example_dynamic_task_mapping.py
[2025-03-10T14:38:53.138+0600] {processor.py:925} INFO - DAG(s) 'example_dynamic_task_mapping' retrieved from /home/shamim/airflow_venv/lib/python3.12/site-packages/airflow/example_dags/example_dynamic_task_mapping.py
[2025-03-10T14:38:53.157+0600] {logging_mixin.py:190} INFO - [2025-03-10T14:38:53.157+0600] {dag.py:3239} INFO - Sync 1 DAGs
[2025-03-10T14:38:53.172+0600] {logging_mixin.py:190} INFO - [2025-03-10T14:38:53.172+0600] {dag.py:4180} INFO - Setting next_dagrun for example_dynamic_task_mapping to None, run_after=None
[2025-03-10T14:38:53.196+0600] {processor.py:208} INFO - Processing /home/shamim/airflow_venv/lib/python3.12/site-packages/airflow/example_dags/example_dynamic_task_mapping.py took 0.081 seconds
[2025-03-10T14:40:11.972+0600] {processor.py:186} INFO - Started process (PID=25786) to work on /home/shamim/airflow_venv/lib/python3.12/site-packages/airflow/example_dags/example_dynamic_task_mapping.py
[2025-03-10T14:40:11.979+0600] {processor.py:914} INFO - Processing file /home/shamim/airflow_venv/lib/python3.12/site-packages/airflow/example_dags/example_dynamic_task_mapping.py for tasks to queue
[2025-03-10T14:40:11.982+0600] {logging_mixin.py:190} INFO - [2025-03-10T14:40:11.981+0600] {dagbag.py:588} INFO - Filling up the DagBag from /home/shamim/airflow_venv/lib/python3.12/site-packages/airflow/example_dags/example_dynamic_task_mapping.py
[2025-03-10T14:40:11.995+0600] {processor.py:925} INFO - DAG(s) 'example_dynamic_task_mapping' retrieved from /home/shamim/airflow_venv/lib/python3.12/site-packages/airflow/example_dags/example_dynamic_task_mapping.py
[2025-03-10T14:40:12.013+0600] {logging_mixin.py:190} INFO - [2025-03-10T14:40:12.013+0600] {dag.py:3239} INFO - Sync 1 DAGs
[2025-03-10T14:40:12.028+0600] {logging_mixin.py:190} INFO - [2025-03-10T14:40:12.028+0600] {dag.py:4180} INFO - Setting next_dagrun for example_dynamic_task_mapping to None, run_after=None
[2025-03-10T14:40:12.058+0600] {processor.py:208} INFO - Processing /home/shamim/airflow_venv/lib/python3.12/site-packages/airflow/example_dags/example_dynamic_task_mapping.py took 0.096 seconds
[2025-03-10T14:41:41.941+0600] {processor.py:186} INFO - Started process (PID=26701) to work on /home/shamim/airflow_venv/lib/python3.12/site-packages/airflow/example_dags/example_dynamic_task_mapping.py
[2025-03-10T14:41:41.950+0600] {processor.py:914} INFO - Processing file /home/shamim/airflow_venv/lib/python3.12/site-packages/airflow/example_dags/example_dynamic_task_mapping.py for tasks to queue
[2025-03-10T14:41:41.957+0600] {logging_mixin.py:190} INFO - [2025-03-10T14:41:41.956+0600] {dagbag.py:588} INFO - Filling up the DagBag from /home/shamim/airflow_venv/lib/python3.12/site-packages/airflow/example_dags/example_dynamic_task_mapping.py
[2025-03-10T14:41:41.982+0600] {processor.py:925} INFO - DAG(s) 'example_dynamic_task_mapping' retrieved from /home/shamim/airflow_venv/lib/python3.12/site-packages/airflow/example_dags/example_dynamic_task_mapping.py
[2025-03-10T14:41:42.005+0600] {logging_mixin.py:190} INFO - [2025-03-10T14:41:42.004+0600] {dag.py:3239} INFO - Sync 1 DAGs
[2025-03-10T14:41:42.022+0600] {logging_mixin.py:190} INFO - [2025-03-10T14:41:42.022+0600] {dag.py:4180} INFO - Setting next_dagrun for example_dynamic_task_mapping to None, run_after=None
[2025-03-10T14:41:42.054+0600] {processor.py:208} INFO - Processing /home/shamim/airflow_venv/lib/python3.12/site-packages/airflow/example_dags/example_dynamic_task_mapping.py took 0.136 seconds
[2025-03-10T14:43:09.765+0600] {processor.py:186} INFO - Started process (PID=27704) to work on /home/shamim/airflow_venv/lib/python3.12/site-packages/airflow/example_dags/example_dynamic_task_mapping.py
[2025-03-10T14:43:09.771+0600] {processor.py:914} INFO - Processing file /home/shamim/airflow_venv/lib/python3.12/site-packages/airflow/example_dags/example_dynamic_task_mapping.py for tasks to queue
[2025-03-10T14:43:09.774+0600] {logging_mixin.py:190} INFO - [2025-03-10T14:43:09.774+0600] {dagbag.py:588} INFO - Filling up the DagBag from /home/shamim/airflow_venv/lib/python3.12/site-packages/airflow/example_dags/example_dynamic_task_mapping.py
[2025-03-10T14:43:09.786+0600] {processor.py:925} INFO - DAG(s) 'example_dynamic_task_mapping' retrieved from /home/shamim/airflow_venv/lib/python3.12/site-packages/airflow/example_dags/example_dynamic_task_mapping.py
[2025-03-10T14:43:09.810+0600] {logging_mixin.py:190} INFO - [2025-03-10T14:43:09.810+0600] {dag.py:3239} INFO - Sync 1 DAGs
[2025-03-10T14:43:09.828+0600] {logging_mixin.py:190} INFO - [2025-03-10T14:43:09.827+0600] {dag.py:4180} INFO - Setting next_dagrun for example_dynamic_task_mapping to None, run_after=None
[2025-03-10T14:43:09.870+0600] {processor.py:208} INFO - Processing /home/shamim/airflow_venv/lib/python3.12/site-packages/airflow/example_dags/example_dynamic_task_mapping.py took 0.113 seconds
[2025-03-10T14:44:47.146+0600] {processor.py:186} INFO - Started process (PID=28695) to work on /home/shamim/airflow_venv/lib/python3.12/site-packages/airflow/example_dags/example_dynamic_task_mapping.py
[2025-03-10T14:44:47.152+0600] {processor.py:914} INFO - Processing file /home/shamim/airflow_venv/lib/python3.12/site-packages/airflow/example_dags/example_dynamic_task_mapping.py for tasks to queue
[2025-03-10T14:44:47.154+0600] {logging_mixin.py:190} INFO - [2025-03-10T14:44:47.154+0600] {dagbag.py:588} INFO - Filling up the DagBag from /home/shamim/airflow_venv/lib/python3.12/site-packages/airflow/example_dags/example_dynamic_task_mapping.py
[2025-03-10T14:44:47.166+0600] {processor.py:925} INFO - DAG(s) 'example_dynamic_task_mapping' retrieved from /home/shamim/airflow_venv/lib/python3.12/site-packages/airflow/example_dags/example_dynamic_task_mapping.py
[2025-03-10T14:44:47.186+0600] {logging_mixin.py:190} INFO - [2025-03-10T14:44:47.186+0600] {dag.py:3239} INFO - Sync 1 DAGs
[2025-03-10T14:44:47.203+0600] {logging_mixin.py:190} INFO - [2025-03-10T14:44:47.203+0600] {dag.py:4180} INFO - Setting next_dagrun for example_dynamic_task_mapping to None, run_after=None
[2025-03-10T14:44:47.228+0600] {processor.py:208} INFO - Processing /home/shamim/airflow_venv/lib/python3.12/site-packages/airflow/example_dags/example_dynamic_task_mapping.py took 0.089 seconds
[2025-03-10T14:46:12.514+0600] {processor.py:186} INFO - Started process (PID=29229) to work on /home/shamim/airflow_venv/lib/python3.12/site-packages/airflow/example_dags/example_dynamic_task_mapping.py
[2025-03-10T14:46:12.523+0600] {processor.py:914} INFO - Processing file /home/shamim/airflow_venv/lib/python3.12/site-packages/airflow/example_dags/example_dynamic_task_mapping.py for tasks to queue
[2025-03-10T14:46:12.526+0600] {logging_mixin.py:190} INFO - [2025-03-10T14:46:12.525+0600] {dagbag.py:588} INFO - Filling up the DagBag from /home/shamim/airflow_venv/lib/python3.12/site-packages/airflow/example_dags/example_dynamic_task_mapping.py
[2025-03-10T14:46:12.537+0600] {processor.py:925} INFO - DAG(s) 'example_dynamic_task_mapping' retrieved from /home/shamim/airflow_venv/lib/python3.12/site-packages/airflow/example_dags/example_dynamic_task_mapping.py
[2025-03-10T14:46:12.557+0600] {logging_mixin.py:190} INFO - [2025-03-10T14:46:12.557+0600] {dag.py:3239} INFO - Sync 1 DAGs
[2025-03-10T14:46:12.572+0600] {logging_mixin.py:190} INFO - [2025-03-10T14:46:12.572+0600] {dag.py:4180} INFO - Setting next_dagrun for example_dynamic_task_mapping to None, run_after=None
[2025-03-10T14:46:12.600+0600] {processor.py:208} INFO - Processing /home/shamim/airflow_venv/lib/python3.12/site-packages/airflow/example_dags/example_dynamic_task_mapping.py took 0.094 seconds
[2025-03-10T14:47:39.478+0600] {processor.py:186} INFO - Started process (PID=29869) to work on /home/shamim/airflow_venv/lib/python3.12/site-packages/airflow/example_dags/example_dynamic_task_mapping.py
[2025-03-10T14:47:39.485+0600] {processor.py:914} INFO - Processing file /home/shamim/airflow_venv/lib/python3.12/site-packages/airflow/example_dags/example_dynamic_task_mapping.py for tasks to queue
[2025-03-10T14:47:39.488+0600] {logging_mixin.py:190} INFO - [2025-03-10T14:47:39.488+0600] {dagbag.py:588} INFO - Filling up the DagBag from /home/shamim/airflow_venv/lib/python3.12/site-packages/airflow/example_dags/example_dynamic_task_mapping.py
[2025-03-10T14:47:39.502+0600] {processor.py:925} INFO - DAG(s) 'example_dynamic_task_mapping' retrieved from /home/shamim/airflow_venv/lib/python3.12/site-packages/airflow/example_dags/example_dynamic_task_mapping.py
[2025-03-10T14:47:39.531+0600] {logging_mixin.py:190} INFO - [2025-03-10T14:47:39.530+0600] {dag.py:3239} INFO - Sync 1 DAGs
[2025-03-10T14:47:39.558+0600] {logging_mixin.py:190} INFO - [2025-03-10T14:47:39.558+0600] {dag.py:4180} INFO - Setting next_dagrun for example_dynamic_task_mapping to None, run_after=None
[2025-03-10T14:47:39.590+0600] {processor.py:208} INFO - Processing /home/shamim/airflow_venv/lib/python3.12/site-packages/airflow/example_dags/example_dynamic_task_mapping.py took 0.121 seconds
[2025-03-10T14:49:05.848+0600] {processor.py:186} INFO - Started process (PID=30491) to work on /home/shamim/airflow_venv/lib/python3.12/site-packages/airflow/example_dags/example_dynamic_task_mapping.py
[2025-03-10T14:49:05.854+0600] {processor.py:914} INFO - Processing file /home/shamim/airflow_venv/lib/python3.12/site-packages/airflow/example_dags/example_dynamic_task_mapping.py for tasks to queue
[2025-03-10T14:49:05.857+0600] {logging_mixin.py:190} INFO - [2025-03-10T14:49:05.856+0600] {dagbag.py:588} INFO - Filling up the DagBag from /home/shamim/airflow_venv/lib/python3.12/site-packages/airflow/example_dags/example_dynamic_task_mapping.py
[2025-03-10T14:49:05.868+0600] {processor.py:925} INFO - DAG(s) 'example_dynamic_task_mapping' retrieved from /home/shamim/airflow_venv/lib/python3.12/site-packages/airflow/example_dags/example_dynamic_task_mapping.py
[2025-03-10T14:49:05.887+0600] {logging_mixin.py:190} INFO - [2025-03-10T14:49:05.887+0600] {dag.py:3239} INFO - Sync 1 DAGs
[2025-03-10T14:49:05.903+0600] {logging_mixin.py:190} INFO - [2025-03-10T14:49:05.902+0600] {dag.py:4180} INFO - Setting next_dagrun for example_dynamic_task_mapping to None, run_after=None
[2025-03-10T14:49:05.937+0600] {processor.py:208} INFO - Processing /home/shamim/airflow_venv/lib/python3.12/site-packages/airflow/example_dags/example_dynamic_task_mapping.py took 0.095 seconds
[2025-03-10T14:50:38.581+0600] {processor.py:186} INFO - Started process (PID=31049) to work on /home/shamim/airflow_venv/lib/python3.12/site-packages/airflow/example_dags/example_dynamic_task_mapping.py
[2025-03-10T14:50:38.586+0600] {processor.py:914} INFO - Processing file /home/shamim/airflow_venv/lib/python3.12/site-packages/airflow/example_dags/example_dynamic_task_mapping.py for tasks to queue
[2025-03-10T14:50:38.590+0600] {logging_mixin.py:190} INFO - [2025-03-10T14:50:38.589+0600] {dagbag.py:588} INFO - Filling up the DagBag from /home/shamim/airflow_venv/lib/python3.12/site-packages/airflow/example_dags/example_dynamic_task_mapping.py
[2025-03-10T14:50:38.605+0600] {processor.py:925} INFO - DAG(s) 'example_dynamic_task_mapping' retrieved from /home/shamim/airflow_venv/lib/python3.12/site-packages/airflow/example_dags/example_dynamic_task_mapping.py
[2025-03-10T14:50:38.627+0600] {logging_mixin.py:190} INFO - [2025-03-10T14:50:38.626+0600] {dag.py:3239} INFO - Sync 1 DAGs
[2025-03-10T14:50:38.644+0600] {logging_mixin.py:190} INFO - [2025-03-10T14:50:38.643+0600] {dag.py:4180} INFO - Setting next_dagrun for example_dynamic_task_mapping to None, run_after=None
[2025-03-10T14:50:38.669+0600] {processor.py:208} INFO - Processing /home/shamim/airflow_venv/lib/python3.12/site-packages/airflow/example_dags/example_dynamic_task_mapping.py took 0.099 seconds
[2025-03-10T14:52:13.989+0600] {processor.py:186} INFO - Started process (PID=31646) to work on /home/shamim/airflow_venv/lib/python3.12/site-packages/airflow/example_dags/example_dynamic_task_mapping.py
[2025-03-10T14:52:13.995+0600] {processor.py:914} INFO - Processing file /home/shamim/airflow_venv/lib/python3.12/site-packages/airflow/example_dags/example_dynamic_task_mapping.py for tasks to queue
[2025-03-10T14:52:13.998+0600] {logging_mixin.py:190} INFO - [2025-03-10T14:52:13.998+0600] {dagbag.py:588} INFO - Filling up the DagBag from /home/shamim/airflow_venv/lib/python3.12/site-packages/airflow/example_dags/example_dynamic_task_mapping.py
[2025-03-10T14:52:14.009+0600] {processor.py:925} INFO - DAG(s) 'example_dynamic_task_mapping' retrieved from /home/shamim/airflow_venv/lib/python3.12/site-packages/airflow/example_dags/example_dynamic_task_mapping.py
[2025-03-10T14:52:14.029+0600] {logging_mixin.py:190} INFO - [2025-03-10T14:52:14.029+0600] {dag.py:3239} INFO - Sync 1 DAGs
[2025-03-10T14:52:14.179+0600] {logging_mixin.py:190} INFO - [2025-03-10T14:52:14.179+0600] {dag.py:4180} INFO - Setting next_dagrun for example_dynamic_task_mapping to None, run_after=None
[2025-03-10T14:52:14.206+0600] {processor.py:208} INFO - Processing /home/shamim/airflow_venv/lib/python3.12/site-packages/airflow/example_dags/example_dynamic_task_mapping.py took 0.224 seconds
[2025-03-10T14:53:54.218+0600] {processor.py:186} INFO - Started process (PID=32402) to work on /home/shamim/airflow_venv/lib/python3.12/site-packages/airflow/example_dags/example_dynamic_task_mapping.py
[2025-03-10T14:53:54.226+0600] {processor.py:914} INFO - Processing file /home/shamim/airflow_venv/lib/python3.12/site-packages/airflow/example_dags/example_dynamic_task_mapping.py for tasks to queue
[2025-03-10T14:53:54.232+0600] {logging_mixin.py:190} INFO - [2025-03-10T14:53:54.231+0600] {dagbag.py:588} INFO - Filling up the DagBag from /home/shamim/airflow_venv/lib/python3.12/site-packages/airflow/example_dags/example_dynamic_task_mapping.py
[2025-03-10T14:53:54.262+0600] {processor.py:925} INFO - DAG(s) 'example_dynamic_task_mapping' retrieved from /home/shamim/airflow_venv/lib/python3.12/site-packages/airflow/example_dags/example_dynamic_task_mapping.py
[2025-03-10T14:53:54.290+0600] {logging_mixin.py:190} INFO - [2025-03-10T14:53:54.290+0600] {dag.py:3239} INFO - Sync 1 DAGs
[2025-03-10T14:53:54.458+0600] {logging_mixin.py:190} INFO - [2025-03-10T14:53:54.458+0600] {dag.py:4180} INFO - Setting next_dagrun for example_dynamic_task_mapping to None, run_after=None
[2025-03-10T14:53:54.490+0600] {processor.py:208} INFO - Processing /home/shamim/airflow_venv/lib/python3.12/site-packages/airflow/example_dags/example_dynamic_task_mapping.py took 0.282 seconds
[2025-03-10T14:55:36.066+0600] {processor.py:186} INFO - Started process (PID=33483) to work on /home/shamim/airflow_venv/lib/python3.12/site-packages/airflow/example_dags/example_dynamic_task_mapping.py
[2025-03-10T14:55:36.076+0600] {processor.py:914} INFO - Processing file /home/shamim/airflow_venv/lib/python3.12/site-packages/airflow/example_dags/example_dynamic_task_mapping.py for tasks to queue
[2025-03-10T14:55:36.085+0600] {logging_mixin.py:190} INFO - [2025-03-10T14:55:36.083+0600] {dagbag.py:588} INFO - Filling up the DagBag from /home/shamim/airflow_venv/lib/python3.12/site-packages/airflow/example_dags/example_dynamic_task_mapping.py
[2025-03-10T14:55:36.114+0600] {processor.py:925} INFO - DAG(s) 'example_dynamic_task_mapping' retrieved from /home/shamim/airflow_venv/lib/python3.12/site-packages/airflow/example_dags/example_dynamic_task_mapping.py
[2025-03-10T14:55:36.139+0600] {logging_mixin.py:190} INFO - [2025-03-10T14:55:36.139+0600] {dag.py:3239} INFO - Sync 1 DAGs
[2025-03-10T14:55:36.162+0600] {logging_mixin.py:190} INFO - [2025-03-10T14:55:36.161+0600] {dag.py:4180} INFO - Setting next_dagrun for example_dynamic_task_mapping to None, run_after=None
[2025-03-10T14:55:36.193+0600] {processor.py:208} INFO - Processing /home/shamim/airflow_venv/lib/python3.12/site-packages/airflow/example_dags/example_dynamic_task_mapping.py took 0.154 seconds
[2025-03-10T14:57:09.306+0600] {processor.py:186} INFO - Started process (PID=34086) to work on /home/shamim/airflow_venv/lib/python3.12/site-packages/airflow/example_dags/example_dynamic_task_mapping.py
[2025-03-10T14:57:09.309+0600] {processor.py:914} INFO - Processing file /home/shamim/airflow_venv/lib/python3.12/site-packages/airflow/example_dags/example_dynamic_task_mapping.py for tasks to queue
[2025-03-10T14:57:09.311+0600] {logging_mixin.py:190} INFO - [2025-03-10T14:57:09.311+0600] {dagbag.py:588} INFO - Filling up the DagBag from /home/shamim/airflow_venv/lib/python3.12/site-packages/airflow/example_dags/example_dynamic_task_mapping.py
[2025-03-10T14:57:09.322+0600] {processor.py:925} INFO - DAG(s) 'example_dynamic_task_mapping' retrieved from /home/shamim/airflow_venv/lib/python3.12/site-packages/airflow/example_dags/example_dynamic_task_mapping.py
[2025-03-10T14:57:09.341+0600] {logging_mixin.py:190} INFO - [2025-03-10T14:57:09.341+0600] {dag.py:3239} INFO - Sync 1 DAGs
[2025-03-10T14:57:09.358+0600] {logging_mixin.py:190} INFO - [2025-03-10T14:57:09.357+0600] {dag.py:4180} INFO - Setting next_dagrun for example_dynamic_task_mapping to None, run_after=None
[2025-03-10T14:57:09.384+0600] {processor.py:208} INFO - Processing /home/shamim/airflow_venv/lib/python3.12/site-packages/airflow/example_dags/example_dynamic_task_mapping.py took 0.086 seconds
[2025-03-10T14:58:38.016+0600] {processor.py:186} INFO - Started process (PID=34706) to work on /home/shamim/airflow_venv/lib/python3.12/site-packages/airflow/example_dags/example_dynamic_task_mapping.py
[2025-03-10T14:58:38.022+0600] {processor.py:914} INFO - Processing file /home/shamim/airflow_venv/lib/python3.12/site-packages/airflow/example_dags/example_dynamic_task_mapping.py for tasks to queue
[2025-03-10T14:58:38.025+0600] {logging_mixin.py:190} INFO - [2025-03-10T14:58:38.025+0600] {dagbag.py:588} INFO - Filling up the DagBag from /home/shamim/airflow_venv/lib/python3.12/site-packages/airflow/example_dags/example_dynamic_task_mapping.py
[2025-03-10T14:58:38.039+0600] {processor.py:925} INFO - DAG(s) 'example_dynamic_task_mapping' retrieved from /home/shamim/airflow_venv/lib/python3.12/site-packages/airflow/example_dags/example_dynamic_task_mapping.py
[2025-03-10T14:58:38.058+0600] {logging_mixin.py:190} INFO - [2025-03-10T14:58:38.058+0600] {dag.py:3239} INFO - Sync 1 DAGs
[2025-03-10T14:58:38.075+0600] {logging_mixin.py:190} INFO - [2025-03-10T14:58:38.074+0600] {dag.py:4180} INFO - Setting next_dagrun for example_dynamic_task_mapping to None, run_after=None
[2025-03-10T14:58:38.104+0600] {processor.py:208} INFO - Processing /home/shamim/airflow_venv/lib/python3.12/site-packages/airflow/example_dags/example_dynamic_task_mapping.py took 0.096 seconds
[2025-03-10T15:00:12.281+0600] {processor.py:186} INFO - Started process (PID=35621) to work on /home/shamim/airflow_venv/lib/python3.12/site-packages/airflow/example_dags/example_dynamic_task_mapping.py
[2025-03-10T15:00:12.283+0600] {processor.py:914} INFO - Processing file /home/shamim/airflow_venv/lib/python3.12/site-packages/airflow/example_dags/example_dynamic_task_mapping.py for tasks to queue
[2025-03-10T15:00:12.286+0600] {logging_mixin.py:190} INFO - [2025-03-10T15:00:12.286+0600] {dagbag.py:588} INFO - Filling up the DagBag from /home/shamim/airflow_venv/lib/python3.12/site-packages/airflow/example_dags/example_dynamic_task_mapping.py
[2025-03-10T15:00:12.319+0600] {processor.py:925} INFO - DAG(s) 'example_dynamic_task_mapping' retrieved from /home/shamim/airflow_venv/lib/python3.12/site-packages/airflow/example_dags/example_dynamic_task_mapping.py
[2025-03-10T15:00:12.346+0600] {logging_mixin.py:190} INFO - [2025-03-10T15:00:12.346+0600] {dag.py:3239} INFO - Sync 1 DAGs
[2025-03-10T15:00:12.370+0600] {logging_mixin.py:190} INFO - [2025-03-10T15:00:12.370+0600] {dag.py:4180} INFO - Setting next_dagrun for example_dynamic_task_mapping to None, run_after=None
[2025-03-10T15:00:12.410+0600] {processor.py:208} INFO - Processing /home/shamim/airflow_venv/lib/python3.12/site-packages/airflow/example_dags/example_dynamic_task_mapping.py took 0.140 seconds
[2025-03-10T15:01:48.762+0600] {processor.py:186} INFO - Started process (PID=36554) to work on /home/shamim/airflow_venv/lib/python3.12/site-packages/airflow/example_dags/example_dynamic_task_mapping.py
[2025-03-10T15:01:48.768+0600] {processor.py:914} INFO - Processing file /home/shamim/airflow_venv/lib/python3.12/site-packages/airflow/example_dags/example_dynamic_task_mapping.py for tasks to queue
[2025-03-10T15:01:48.773+0600] {logging_mixin.py:190} INFO - [2025-03-10T15:01:48.772+0600] {dagbag.py:588} INFO - Filling up the DagBag from /home/shamim/airflow_venv/lib/python3.12/site-packages/airflow/example_dags/example_dynamic_task_mapping.py
[2025-03-10T15:01:48.792+0600] {processor.py:925} INFO - DAG(s) 'example_dynamic_task_mapping' retrieved from /home/shamim/airflow_venv/lib/python3.12/site-packages/airflow/example_dags/example_dynamic_task_mapping.py
[2025-03-10T15:01:48.821+0600] {logging_mixin.py:190} INFO - [2025-03-10T15:01:48.820+0600] {dag.py:3239} INFO - Sync 1 DAGs
[2025-03-10T15:01:48.846+0600] {logging_mixin.py:190} INFO - [2025-03-10T15:01:48.846+0600] {dag.py:4180} INFO - Setting next_dagrun for example_dynamic_task_mapping to None, run_after=None
[2025-03-10T15:01:48.915+0600] {processor.py:208} INFO - Processing /home/shamim/airflow_venv/lib/python3.12/site-packages/airflow/example_dags/example_dynamic_task_mapping.py took 0.173 seconds
[2025-03-10T15:03:16.393+0600] {processor.py:186} INFO - Started process (PID=37224) to work on /home/shamim/airflow_venv/lib/python3.12/site-packages/airflow/example_dags/example_dynamic_task_mapping.py
[2025-03-10T15:03:16.397+0600] {processor.py:914} INFO - Processing file /home/shamim/airflow_venv/lib/python3.12/site-packages/airflow/example_dags/example_dynamic_task_mapping.py for tasks to queue
[2025-03-10T15:03:16.401+0600] {logging_mixin.py:190} INFO - [2025-03-10T15:03:16.400+0600] {dagbag.py:588} INFO - Filling up the DagBag from /home/shamim/airflow_venv/lib/python3.12/site-packages/airflow/example_dags/example_dynamic_task_mapping.py
[2025-03-10T15:03:16.412+0600] {processor.py:925} INFO - DAG(s) 'example_dynamic_task_mapping' retrieved from /home/shamim/airflow_venv/lib/python3.12/site-packages/airflow/example_dags/example_dynamic_task_mapping.py
[2025-03-10T15:03:16.434+0600] {logging_mixin.py:190} INFO - [2025-03-10T15:03:16.434+0600] {dag.py:3239} INFO - Sync 1 DAGs
[2025-03-10T15:03:16.453+0600] {logging_mixin.py:190} INFO - [2025-03-10T15:03:16.453+0600] {dag.py:4180} INFO - Setting next_dagrun for example_dynamic_task_mapping to None, run_after=None
[2025-03-10T15:03:16.488+0600] {processor.py:208} INFO - Processing /home/shamim/airflow_venv/lib/python3.12/site-packages/airflow/example_dags/example_dynamic_task_mapping.py took 0.105 seconds
[2025-03-10T15:04:35.493+0600] {processor.py:186} INFO - Started process (PID=37692) to work on /home/shamim/airflow_venv/lib/python3.12/site-packages/airflow/example_dags/example_dynamic_task_mapping.py
[2025-03-10T15:04:35.498+0600] {processor.py:914} INFO - Processing file /home/shamim/airflow_venv/lib/python3.12/site-packages/airflow/example_dags/example_dynamic_task_mapping.py for tasks to queue
[2025-03-10T15:04:35.501+0600] {logging_mixin.py:190} INFO - [2025-03-10T15:04:35.500+0600] {dagbag.py:588} INFO - Filling up the DagBag from /home/shamim/airflow_venv/lib/python3.12/site-packages/airflow/example_dags/example_dynamic_task_mapping.py
[2025-03-10T15:04:35.513+0600] {processor.py:925} INFO - DAG(s) 'example_dynamic_task_mapping' retrieved from /home/shamim/airflow_venv/lib/python3.12/site-packages/airflow/example_dags/example_dynamic_task_mapping.py
[2025-03-10T15:04:35.532+0600] {logging_mixin.py:190} INFO - [2025-03-10T15:04:35.532+0600] {dag.py:3239} INFO - Sync 1 DAGs
[2025-03-10T15:04:35.548+0600] {logging_mixin.py:190} INFO - [2025-03-10T15:04:35.548+0600] {dag.py:4180} INFO - Setting next_dagrun for example_dynamic_task_mapping to None, run_after=None
[2025-03-10T15:04:35.572+0600] {processor.py:208} INFO - Processing /home/shamim/airflow_venv/lib/python3.12/site-packages/airflow/example_dags/example_dynamic_task_mapping.py took 0.087 seconds
[2025-03-10T15:05:56.179+0600] {processor.py:186} INFO - Started process (PID=38194) to work on /home/shamim/airflow_venv/lib/python3.12/site-packages/airflow/example_dags/example_dynamic_task_mapping.py
[2025-03-10T15:05:56.185+0600] {processor.py:914} INFO - Processing file /home/shamim/airflow_venv/lib/python3.12/site-packages/airflow/example_dags/example_dynamic_task_mapping.py for tasks to queue
[2025-03-10T15:05:56.188+0600] {logging_mixin.py:190} INFO - [2025-03-10T15:05:56.187+0600] {dagbag.py:588} INFO - Filling up the DagBag from /home/shamim/airflow_venv/lib/python3.12/site-packages/airflow/example_dags/example_dynamic_task_mapping.py
[2025-03-10T15:05:56.200+0600] {processor.py:925} INFO - DAG(s) 'example_dynamic_task_mapping' retrieved from /home/shamim/airflow_venv/lib/python3.12/site-packages/airflow/example_dags/example_dynamic_task_mapping.py
[2025-03-10T15:05:56.220+0600] {logging_mixin.py:190} INFO - [2025-03-10T15:05:56.220+0600] {dag.py:3239} INFO - Sync 1 DAGs
[2025-03-10T15:05:56.238+0600] {logging_mixin.py:190} INFO - [2025-03-10T15:05:56.238+0600] {dag.py:4180} INFO - Setting next_dagrun for example_dynamic_task_mapping to None, run_after=None
[2025-03-10T15:05:56.262+0600] {processor.py:208} INFO - Processing /home/shamim/airflow_venv/lib/python3.12/site-packages/airflow/example_dags/example_dynamic_task_mapping.py took 0.091 seconds
[2025-03-10T15:07:13.902+0600] {processor.py:186} INFO - Started process (PID=38647) to work on /home/shamim/airflow_venv/lib/python3.12/site-packages/airflow/example_dags/example_dynamic_task_mapping.py
[2025-03-10T15:07:13.906+0600] {processor.py:914} INFO - Processing file /home/shamim/airflow_venv/lib/python3.12/site-packages/airflow/example_dags/example_dynamic_task_mapping.py for tasks to queue
[2025-03-10T15:07:13.909+0600] {logging_mixin.py:190} INFO - [2025-03-10T15:07:13.909+0600] {dagbag.py:588} INFO - Filling up the DagBag from /home/shamim/airflow_venv/lib/python3.12/site-packages/airflow/example_dags/example_dynamic_task_mapping.py
[2025-03-10T15:07:13.920+0600] {processor.py:925} INFO - DAG(s) 'example_dynamic_task_mapping' retrieved from /home/shamim/airflow_venv/lib/python3.12/site-packages/airflow/example_dags/example_dynamic_task_mapping.py
[2025-03-10T15:07:13.938+0600] {logging_mixin.py:190} INFO - [2025-03-10T15:07:13.938+0600] {dag.py:3239} INFO - Sync 1 DAGs
[2025-03-10T15:07:13.955+0600] {logging_mixin.py:190} INFO - [2025-03-10T15:07:13.954+0600] {dag.py:4180} INFO - Setting next_dagrun for example_dynamic_task_mapping to None, run_after=None
[2025-03-10T15:07:13.976+0600] {processor.py:208} INFO - Processing /home/shamim/airflow_venv/lib/python3.12/site-packages/airflow/example_dags/example_dynamic_task_mapping.py took 0.081 seconds
[2025-03-10T15:08:44.334+0600] {processor.py:186} INFO - Started process (PID=39195) to work on /home/shamim/airflow_venv/lib/python3.12/site-packages/airflow/example_dags/example_dynamic_task_mapping.py
[2025-03-10T15:08:44.340+0600] {processor.py:914} INFO - Processing file /home/shamim/airflow_venv/lib/python3.12/site-packages/airflow/example_dags/example_dynamic_task_mapping.py for tasks to queue
[2025-03-10T15:08:44.343+0600] {logging_mixin.py:190} INFO - [2025-03-10T15:08:44.342+0600] {dagbag.py:588} INFO - Filling up the DagBag from /home/shamim/airflow_venv/lib/python3.12/site-packages/airflow/example_dags/example_dynamic_task_mapping.py
[2025-03-10T15:08:44.354+0600] {processor.py:925} INFO - DAG(s) 'example_dynamic_task_mapping' retrieved from /home/shamim/airflow_venv/lib/python3.12/site-packages/airflow/example_dags/example_dynamic_task_mapping.py
[2025-03-10T15:08:44.373+0600] {logging_mixin.py:190} INFO - [2025-03-10T15:08:44.373+0600] {dag.py:3239} INFO - Sync 1 DAGs
[2025-03-10T15:08:44.390+0600] {logging_mixin.py:190} INFO - [2025-03-10T15:08:44.390+0600] {dag.py:4180} INFO - Setting next_dagrun for example_dynamic_task_mapping to None, run_after=None
[2025-03-10T15:08:44.416+0600] {processor.py:208} INFO - Processing /home/shamim/airflow_venv/lib/python3.12/site-packages/airflow/example_dags/example_dynamic_task_mapping.py took 0.090 seconds
[2025-03-10T15:10:08.055+0600] {processor.py:186} INFO - Started process (PID=39664) to work on /home/shamim/airflow_venv/lib/python3.12/site-packages/airflow/example_dags/example_dynamic_task_mapping.py
[2025-03-10T15:10:08.059+0600] {processor.py:914} INFO - Processing file /home/shamim/airflow_venv/lib/python3.12/site-packages/airflow/example_dags/example_dynamic_task_mapping.py for tasks to queue
[2025-03-10T15:10:08.061+0600] {logging_mixin.py:190} INFO - [2025-03-10T15:10:08.061+0600] {dagbag.py:588} INFO - Filling up the DagBag from /home/shamim/airflow_venv/lib/python3.12/site-packages/airflow/example_dags/example_dynamic_task_mapping.py
[2025-03-10T15:10:08.073+0600] {processor.py:925} INFO - DAG(s) 'example_dynamic_task_mapping' retrieved from /home/shamim/airflow_venv/lib/python3.12/site-packages/airflow/example_dags/example_dynamic_task_mapping.py
[2025-03-10T15:10:08.093+0600] {logging_mixin.py:190} INFO - [2025-03-10T15:10:08.092+0600] {dag.py:3239} INFO - Sync 1 DAGs
[2025-03-10T15:10:08.109+0600] {logging_mixin.py:190} INFO - [2025-03-10T15:10:08.109+0600] {dag.py:4180} INFO - Setting next_dagrun for example_dynamic_task_mapping to None, run_after=None
[2025-03-10T15:10:08.139+0600] {processor.py:208} INFO - Processing /home/shamim/airflow_venv/lib/python3.12/site-packages/airflow/example_dags/example_dynamic_task_mapping.py took 0.091 seconds
[2025-03-10T15:11:28.082+0600] {processor.py:186} INFO - Started process (PID=40142) to work on /home/shamim/airflow_venv/lib/python3.12/site-packages/airflow/example_dags/example_dynamic_task_mapping.py
[2025-03-10T15:11:28.088+0600] {processor.py:914} INFO - Processing file /home/shamim/airflow_venv/lib/python3.12/site-packages/airflow/example_dags/example_dynamic_task_mapping.py for tasks to queue
[2025-03-10T15:11:28.091+0600] {logging_mixin.py:190} INFO - [2025-03-10T15:11:28.090+0600] {dagbag.py:588} INFO - Filling up the DagBag from /home/shamim/airflow_venv/lib/python3.12/site-packages/airflow/example_dags/example_dynamic_task_mapping.py
[2025-03-10T15:11:28.102+0600] {processor.py:925} INFO - DAG(s) 'example_dynamic_task_mapping' retrieved from /home/shamim/airflow_venv/lib/python3.12/site-packages/airflow/example_dags/example_dynamic_task_mapping.py
[2025-03-10T15:11:28.120+0600] {logging_mixin.py:190} INFO - [2025-03-10T15:11:28.120+0600] {dag.py:3239} INFO - Sync 1 DAGs
[2025-03-10T15:11:28.136+0600] {logging_mixin.py:190} INFO - [2025-03-10T15:11:28.136+0600] {dag.py:4180} INFO - Setting next_dagrun for example_dynamic_task_mapping to None, run_after=None
[2025-03-10T15:11:28.162+0600] {processor.py:208} INFO - Processing /home/shamim/airflow_venv/lib/python3.12/site-packages/airflow/example_dags/example_dynamic_task_mapping.py took 0.086 seconds
[2025-03-10T15:12:55.799+0600] {processor.py:186} INFO - Started process (PID=40781) to work on /home/shamim/airflow_venv/lib/python3.12/site-packages/airflow/example_dags/example_dynamic_task_mapping.py
[2025-03-10T15:12:55.802+0600] {processor.py:914} INFO - Processing file /home/shamim/airflow_venv/lib/python3.12/site-packages/airflow/example_dags/example_dynamic_task_mapping.py for tasks to queue
[2025-03-10T15:12:55.805+0600] {logging_mixin.py:190} INFO - [2025-03-10T15:12:55.804+0600] {dagbag.py:588} INFO - Filling up the DagBag from /home/shamim/airflow_venv/lib/python3.12/site-packages/airflow/example_dags/example_dynamic_task_mapping.py
[2025-03-10T15:12:55.816+0600] {processor.py:925} INFO - DAG(s) 'example_dynamic_task_mapping' retrieved from /home/shamim/airflow_venv/lib/python3.12/site-packages/airflow/example_dags/example_dynamic_task_mapping.py
[2025-03-10T15:12:55.835+0600] {logging_mixin.py:190} INFO - [2025-03-10T15:12:55.834+0600] {dag.py:3239} INFO - Sync 1 DAGs
[2025-03-10T15:12:55.850+0600] {logging_mixin.py:190} INFO - [2025-03-10T15:12:55.850+0600] {dag.py:4180} INFO - Setting next_dagrun for example_dynamic_task_mapping to None, run_after=None
[2025-03-10T15:12:55.873+0600] {processor.py:208} INFO - Processing /home/shamim/airflow_venv/lib/python3.12/site-packages/airflow/example_dags/example_dynamic_task_mapping.py took 0.081 seconds
[2025-03-10T15:14:21.429+0600] {processor.py:186} INFO - Started process (PID=41348) to work on /home/shamim/airflow_venv/lib/python3.12/site-packages/airflow/example_dags/example_dynamic_task_mapping.py
[2025-03-10T15:14:21.432+0600] {processor.py:914} INFO - Processing file /home/shamim/airflow_venv/lib/python3.12/site-packages/airflow/example_dags/example_dynamic_task_mapping.py for tasks to queue
[2025-03-10T15:14:21.435+0600] {logging_mixin.py:190} INFO - [2025-03-10T15:14:21.435+0600] {dagbag.py:588} INFO - Filling up the DagBag from /home/shamim/airflow_venv/lib/python3.12/site-packages/airflow/example_dags/example_dynamic_task_mapping.py
[2025-03-10T15:14:21.448+0600] {processor.py:925} INFO - DAG(s) 'example_dynamic_task_mapping' retrieved from /home/shamim/airflow_venv/lib/python3.12/site-packages/airflow/example_dags/example_dynamic_task_mapping.py
[2025-03-10T15:14:21.470+0600] {logging_mixin.py:190} INFO - [2025-03-10T15:14:21.469+0600] {dag.py:3239} INFO - Sync 1 DAGs
[2025-03-10T15:14:21.487+0600] {logging_mixin.py:190} INFO - [2025-03-10T15:14:21.487+0600] {dag.py:4180} INFO - Setting next_dagrun for example_dynamic_task_mapping to None, run_after=None
[2025-03-10T15:14:21.512+0600] {processor.py:208} INFO - Processing /home/shamim/airflow_venv/lib/python3.12/site-packages/airflow/example_dags/example_dynamic_task_mapping.py took 0.092 seconds
[2025-03-10T15:15:53.336+0600] {processor.py:186} INFO - Started process (PID=41948) to work on /home/shamim/airflow_venv/lib/python3.12/site-packages/airflow/example_dags/example_dynamic_task_mapping.py
[2025-03-10T15:15:53.343+0600] {processor.py:914} INFO - Processing file /home/shamim/airflow_venv/lib/python3.12/site-packages/airflow/example_dags/example_dynamic_task_mapping.py for tasks to queue
[2025-03-10T15:15:53.346+0600] {logging_mixin.py:190} INFO - [2025-03-10T15:15:53.346+0600] {dagbag.py:588} INFO - Filling up the DagBag from /home/shamim/airflow_venv/lib/python3.12/site-packages/airflow/example_dags/example_dynamic_task_mapping.py
[2025-03-10T15:15:53.359+0600] {processor.py:925} INFO - DAG(s) 'example_dynamic_task_mapping' retrieved from /home/shamim/airflow_venv/lib/python3.12/site-packages/airflow/example_dags/example_dynamic_task_mapping.py
[2025-03-10T15:15:53.382+0600] {logging_mixin.py:190} INFO - [2025-03-10T15:15:53.381+0600] {dag.py:3239} INFO - Sync 1 DAGs
[2025-03-10T15:15:53.402+0600] {logging_mixin.py:190} INFO - [2025-03-10T15:15:53.402+0600] {dag.py:4180} INFO - Setting next_dagrun for example_dynamic_task_mapping to None, run_after=None
[2025-03-10T15:15:53.433+0600] {processor.py:208} INFO - Processing /home/shamim/airflow_venv/lib/python3.12/site-packages/airflow/example_dags/example_dynamic_task_mapping.py took 0.109 seconds
