[2025-03-08T21:10:00.221+0600] {processor.py:186} INFO - Started process (PID=26850) to work on /home/shamim/airflow_venv/lib/python3.12/site-packages/airflow/example_dags/example_branch_day_of_week_operator.py
[2025-03-08T21:10:00.225+0600] {processor.py:914} INFO - Processing file /home/shamim/airflow_venv/lib/python3.12/site-packages/airflow/example_dags/example_branch_day_of_week_operator.py for tasks to queue
[2025-03-08T21:10:00.236+0600] {logging_mixin.py:190} INFO - [2025-03-08T21:10:00.233+0600] {dagbag.py:588} INFO - Filling up the DagBag from /home/shamim/airflow_venv/lib/python3.12/site-packages/airflow/example_dags/example_branch_day_of_week_operator.py
[2025-03-08T21:10:00.260+0600] {processor.py:925} INFO - DAG(s) 'example_weekday_branch_operator' retrieved from /home/shamim/airflow_venv/lib/python3.12/site-packages/airflow/example_dags/example_branch_day_of_week_operator.py
[2025-03-08T21:10:00.282+0600] {logging_mixin.py:190} INFO - [2025-03-08T21:10:00.282+0600] {dag.py:3239} INFO - Sync 1 DAGs
[2025-03-08T21:10:00.308+0600] {logging_mixin.py:190} INFO - [2025-03-08T21:10:00.308+0600] {dag.py:4180} INFO - Setting next_dagrun for example_weekday_branch_operator to 2025-03-07 00:00:00+00:00, run_after=2025-03-08 00:00:00+00:00
[2025-03-08T21:10:00.334+0600] {processor.py:208} INFO - Processing /home/shamim/airflow_venv/lib/python3.12/site-packages/airflow/example_dags/example_branch_day_of_week_operator.py took 0.143 seconds
[2025-03-08T21:12:22.721+0600] {processor.py:186} INFO - Started process (PID=27551) to work on /home/shamim/airflow_venv/lib/python3.12/site-packages/airflow/example_dags/example_branch_day_of_week_operator.py
[2025-03-08T21:12:22.727+0600] {processor.py:914} INFO - Processing file /home/shamim/airflow_venv/lib/python3.12/site-packages/airflow/example_dags/example_branch_day_of_week_operator.py for tasks to queue
[2025-03-08T21:12:22.732+0600] {logging_mixin.py:190} INFO - [2025-03-08T21:12:22.730+0600] {dagbag.py:588} INFO - Filling up the DagBag from /home/shamim/airflow_venv/lib/python3.12/site-packages/airflow/example_dags/example_branch_day_of_week_operator.py
[2025-03-08T21:12:22.749+0600] {processor.py:925} INFO - DAG(s) 'example_weekday_branch_operator' retrieved from /home/shamim/airflow_venv/lib/python3.12/site-packages/airflow/example_dags/example_branch_day_of_week_operator.py
[2025-03-08T21:12:22.782+0600] {logging_mixin.py:190} INFO - [2025-03-08T21:12:22.781+0600] {dag.py:3239} INFO - Sync 1 DAGs
[2025-03-08T21:12:22.833+0600] {logging_mixin.py:190} INFO - [2025-03-08T21:12:22.830+0600] {dag.py:4180} INFO - Setting next_dagrun for example_weekday_branch_operator to 2025-03-07 00:00:00+00:00, run_after=2025-03-08 00:00:00+00:00
[2025-03-08T21:12:22.890+0600] {processor.py:208} INFO - Processing /home/shamim/airflow_venv/lib/python3.12/site-packages/airflow/example_dags/example_branch_day_of_week_operator.py took 0.176 seconds
[2025-03-08T21:13:56.994+0600] {processor.py:186} INFO - Started process (PID=28145) to work on /home/shamim/airflow_venv/lib/python3.12/site-packages/airflow/example_dags/example_branch_day_of_week_operator.py
[2025-03-08T21:13:57.001+0600] {processor.py:914} INFO - Processing file /home/shamim/airflow_venv/lib/python3.12/site-packages/airflow/example_dags/example_branch_day_of_week_operator.py for tasks to queue
[2025-03-08T21:13:57.005+0600] {logging_mixin.py:190} INFO - [2025-03-08T21:13:57.005+0600] {dagbag.py:588} INFO - Filling up the DagBag from /home/shamim/airflow_venv/lib/python3.12/site-packages/airflow/example_dags/example_branch_day_of_week_operator.py
[2025-03-08T21:13:57.026+0600] {processor.py:925} INFO - DAG(s) 'example_weekday_branch_operator' retrieved from /home/shamim/airflow_venv/lib/python3.12/site-packages/airflow/example_dags/example_branch_day_of_week_operator.py
[2025-03-08T21:13:57.047+0600] {logging_mixin.py:190} INFO - [2025-03-08T21:13:57.047+0600] {dag.py:3239} INFO - Sync 1 DAGs
[2025-03-08T21:13:57.081+0600] {logging_mixin.py:190} INFO - [2025-03-08T21:13:57.080+0600] {dag.py:4180} INFO - Setting next_dagrun for example_weekday_branch_operator to 2025-03-07 00:00:00+00:00, run_after=2025-03-08 00:00:00+00:00
[2025-03-08T21:13:57.108+0600] {processor.py:208} INFO - Processing /home/shamim/airflow_venv/lib/python3.12/site-packages/airflow/example_dags/example_branch_day_of_week_operator.py took 0.131 seconds
[2025-03-08T21:16:41.464+0600] {processor.py:186} INFO - Started process (PID=29524) to work on /home/shamim/airflow_venv/lib/python3.12/site-packages/airflow/example_dags/example_branch_day_of_week_operator.py
[2025-03-08T21:16:41.470+0600] {processor.py:914} INFO - Processing file /home/shamim/airflow_venv/lib/python3.12/site-packages/airflow/example_dags/example_branch_day_of_week_operator.py for tasks to queue
[2025-03-08T21:16:41.473+0600] {logging_mixin.py:190} INFO - [2025-03-08T21:16:41.472+0600] {dagbag.py:588} INFO - Filling up the DagBag from /home/shamim/airflow_venv/lib/python3.12/site-packages/airflow/example_dags/example_branch_day_of_week_operator.py
[2025-03-08T21:16:41.485+0600] {processor.py:925} INFO - DAG(s) 'example_weekday_branch_operator' retrieved from /home/shamim/airflow_venv/lib/python3.12/site-packages/airflow/example_dags/example_branch_day_of_week_operator.py
[2025-03-08T21:16:41.506+0600] {logging_mixin.py:190} INFO - [2025-03-08T21:16:41.505+0600] {dag.py:3239} INFO - Sync 1 DAGs
[2025-03-08T21:16:41.532+0600] {logging_mixin.py:190} INFO - [2025-03-08T21:16:41.532+0600] {dag.py:4180} INFO - Setting next_dagrun for example_weekday_branch_operator to 2025-03-07 00:00:00+00:00, run_after=2025-03-08 00:00:00+00:00
[2025-03-08T21:16:41.568+0600] {processor.py:208} INFO - Processing /home/shamim/airflow_venv/lib/python3.12/site-packages/airflow/example_dags/example_branch_day_of_week_operator.py took 0.110 seconds
[2025-03-08T21:18:26.218+0600] {processor.py:186} INFO - Started process (PID=30098) to work on /home/shamim/airflow_venv/lib/python3.12/site-packages/airflow/example_dags/example_branch_day_of_week_operator.py
[2025-03-08T21:18:26.225+0600] {processor.py:914} INFO - Processing file /home/shamim/airflow_venv/lib/python3.12/site-packages/airflow/example_dags/example_branch_day_of_week_operator.py for tasks to queue
[2025-03-08T21:18:26.227+0600] {logging_mixin.py:190} INFO - [2025-03-08T21:18:26.227+0600] {dagbag.py:588} INFO - Filling up the DagBag from /home/shamim/airflow_venv/lib/python3.12/site-packages/airflow/example_dags/example_branch_day_of_week_operator.py
[2025-03-08T21:18:26.240+0600] {processor.py:925} INFO - DAG(s) 'example_weekday_branch_operator' retrieved from /home/shamim/airflow_venv/lib/python3.12/site-packages/airflow/example_dags/example_branch_day_of_week_operator.py
[2025-03-08T21:18:26.260+0600] {logging_mixin.py:190} INFO - [2025-03-08T21:18:26.259+0600] {dag.py:3239} INFO - Sync 1 DAGs
[2025-03-08T21:18:26.285+0600] {logging_mixin.py:190} INFO - [2025-03-08T21:18:26.284+0600] {dag.py:4180} INFO - Setting next_dagrun for example_weekday_branch_operator to 2025-03-07 00:00:00+00:00, run_after=2025-03-08 00:00:00+00:00
[2025-03-08T21:18:26.319+0600] {processor.py:208} INFO - Processing /home/shamim/airflow_venv/lib/python3.12/site-packages/airflow/example_dags/example_branch_day_of_week_operator.py took 0.108 seconds
[2025-03-08T21:19:50.463+0600] {processor.py:186} INFO - Started process (PID=30675) to work on /home/shamim/airflow_venv/lib/python3.12/site-packages/airflow/example_dags/example_branch_day_of_week_operator.py
[2025-03-08T21:19:50.466+0600] {processor.py:914} INFO - Processing file /home/shamim/airflow_venv/lib/python3.12/site-packages/airflow/example_dags/example_branch_day_of_week_operator.py for tasks to queue
[2025-03-08T21:19:50.469+0600] {logging_mixin.py:190} INFO - [2025-03-08T21:19:50.468+0600] {dagbag.py:588} INFO - Filling up the DagBag from /home/shamim/airflow_venv/lib/python3.12/site-packages/airflow/example_dags/example_branch_day_of_week_operator.py
[2025-03-08T21:19:50.481+0600] {processor.py:925} INFO - DAG(s) 'example_weekday_branch_operator' retrieved from /home/shamim/airflow_venv/lib/python3.12/site-packages/airflow/example_dags/example_branch_day_of_week_operator.py
[2025-03-08T21:19:50.502+0600] {logging_mixin.py:190} INFO - [2025-03-08T21:19:50.502+0600] {dag.py:3239} INFO - Sync 1 DAGs
[2025-03-08T21:19:50.530+0600] {logging_mixin.py:190} INFO - [2025-03-08T21:19:50.529+0600] {dag.py:4180} INFO - Setting next_dagrun for example_weekday_branch_operator to 2025-03-07 00:00:00+00:00, run_after=2025-03-08 00:00:00+00:00
[2025-03-08T21:19:50.558+0600] {processor.py:208} INFO - Processing /home/shamim/airflow_venv/lib/python3.12/site-packages/airflow/example_dags/example_branch_day_of_week_operator.py took 0.102 seconds
[2025-03-08T21:21:10.488+0600] {processor.py:186} INFO - Started process (PID=31220) to work on /home/shamim/airflow_venv/lib/python3.12/site-packages/airflow/example_dags/example_branch_day_of_week_operator.py
[2025-03-08T21:21:10.492+0600] {processor.py:914} INFO - Processing file /home/shamim/airflow_venv/lib/python3.12/site-packages/airflow/example_dags/example_branch_day_of_week_operator.py for tasks to queue
[2025-03-08T21:21:10.494+0600] {logging_mixin.py:190} INFO - [2025-03-08T21:21:10.494+0600] {dagbag.py:588} INFO - Filling up the DagBag from /home/shamim/airflow_venv/lib/python3.12/site-packages/airflow/example_dags/example_branch_day_of_week_operator.py
[2025-03-08T21:21:10.507+0600] {processor.py:925} INFO - DAG(s) 'example_weekday_branch_operator' retrieved from /home/shamim/airflow_venv/lib/python3.12/site-packages/airflow/example_dags/example_branch_day_of_week_operator.py
[2025-03-08T21:21:10.529+0600] {logging_mixin.py:190} INFO - [2025-03-08T21:21:10.528+0600] {dag.py:3239} INFO - Sync 1 DAGs
[2025-03-08T21:21:10.555+0600] {logging_mixin.py:190} INFO - [2025-03-08T21:21:10.555+0600] {dag.py:4180} INFO - Setting next_dagrun for example_weekday_branch_operator to 2025-03-07 00:00:00+00:00, run_after=2025-03-08 00:00:00+00:00
[2025-03-08T21:21:10.581+0600] {processor.py:208} INFO - Processing /home/shamim/airflow_venv/lib/python3.12/site-packages/airflow/example_dags/example_branch_day_of_week_operator.py took 0.100 seconds
[2025-03-08T21:22:37.056+0600] {processor.py:186} INFO - Started process (PID=31738) to work on /home/shamim/airflow_venv/lib/python3.12/site-packages/airflow/example_dags/example_branch_day_of_week_operator.py
[2025-03-08T21:22:37.063+0600] {processor.py:914} INFO - Processing file /home/shamim/airflow_venv/lib/python3.12/site-packages/airflow/example_dags/example_branch_day_of_week_operator.py for tasks to queue
[2025-03-08T21:22:37.065+0600] {logging_mixin.py:190} INFO - [2025-03-08T21:22:37.065+0600] {dagbag.py:588} INFO - Filling up the DagBag from /home/shamim/airflow_venv/lib/python3.12/site-packages/airflow/example_dags/example_branch_day_of_week_operator.py
[2025-03-08T21:22:37.080+0600] {processor.py:925} INFO - DAG(s) 'example_weekday_branch_operator' retrieved from /home/shamim/airflow_venv/lib/python3.12/site-packages/airflow/example_dags/example_branch_day_of_week_operator.py
[2025-03-08T21:22:37.107+0600] {logging_mixin.py:190} INFO - [2025-03-08T21:22:37.107+0600] {dag.py:3239} INFO - Sync 1 DAGs
[2025-03-08T21:22:37.136+0600] {logging_mixin.py:190} INFO - [2025-03-08T21:22:37.136+0600] {dag.py:4180} INFO - Setting next_dagrun for example_weekday_branch_operator to 2025-03-07 00:00:00+00:00, run_after=2025-03-08 00:00:00+00:00
[2025-03-08T21:22:37.177+0600] {processor.py:208} INFO - Processing /home/shamim/airflow_venv/lib/python3.12/site-packages/airflow/example_dags/example_branch_day_of_week_operator.py took 0.132 seconds
[2025-03-08T21:24:11.163+0600] {processor.py:186} INFO - Started process (PID=32276) to work on /home/shamim/airflow_venv/lib/python3.12/site-packages/airflow/example_dags/example_branch_day_of_week_operator.py
[2025-03-08T21:24:11.164+0600] {processor.py:914} INFO - Processing file /home/shamim/airflow_venv/lib/python3.12/site-packages/airflow/example_dags/example_branch_day_of_week_operator.py for tasks to queue
[2025-03-08T21:24:11.167+0600] {logging_mixin.py:190} INFO - [2025-03-08T21:24:11.167+0600] {dagbag.py:588} INFO - Filling up the DagBag from /home/shamim/airflow_venv/lib/python3.12/site-packages/airflow/example_dags/example_branch_day_of_week_operator.py
[2025-03-08T21:24:11.186+0600] {processor.py:925} INFO - DAG(s) 'example_weekday_branch_operator' retrieved from /home/shamim/airflow_venv/lib/python3.12/site-packages/airflow/example_dags/example_branch_day_of_week_operator.py
[2025-03-08T21:24:11.212+0600] {logging_mixin.py:190} INFO - [2025-03-08T21:24:11.211+0600] {dag.py:3239} INFO - Sync 1 DAGs
[2025-03-08T21:24:11.253+0600] {logging_mixin.py:190} INFO - [2025-03-08T21:24:11.252+0600] {dag.py:4180} INFO - Setting next_dagrun for example_weekday_branch_operator to 2025-03-07 00:00:00+00:00, run_after=2025-03-08 00:00:00+00:00
[2025-03-08T21:24:11.300+0600] {processor.py:208} INFO - Processing /home/shamim/airflow_venv/lib/python3.12/site-packages/airflow/example_dags/example_branch_day_of_week_operator.py took 0.146 seconds
[2025-03-08T21:25:47.892+0600] {processor.py:186} INFO - Started process (PID=32788) to work on /home/shamim/airflow_venv/lib/python3.12/site-packages/airflow/example_dags/example_branch_day_of_week_operator.py
[2025-03-08T21:25:47.900+0600] {processor.py:914} INFO - Processing file /home/shamim/airflow_venv/lib/python3.12/site-packages/airflow/example_dags/example_branch_day_of_week_operator.py for tasks to queue
[2025-03-08T21:25:47.906+0600] {logging_mixin.py:190} INFO - [2025-03-08T21:25:47.905+0600] {dagbag.py:588} INFO - Filling up the DagBag from /home/shamim/airflow_venv/lib/python3.12/site-packages/airflow/example_dags/example_branch_day_of_week_operator.py
[2025-03-08T21:25:47.944+0600] {processor.py:925} INFO - DAG(s) 'example_weekday_branch_operator' retrieved from /home/shamim/airflow_venv/lib/python3.12/site-packages/airflow/example_dags/example_branch_day_of_week_operator.py
[2025-03-08T21:25:47.983+0600] {logging_mixin.py:190} INFO - [2025-03-08T21:25:47.983+0600] {dag.py:3239} INFO - Sync 1 DAGs
[2025-03-08T21:25:48.013+0600] {logging_mixin.py:190} INFO - [2025-03-08T21:25:48.013+0600] {dag.py:4180} INFO - Setting next_dagrun for example_weekday_branch_operator to 2025-03-07 00:00:00+00:00, run_after=2025-03-08 00:00:00+00:00
[2025-03-08T21:25:48.058+0600] {processor.py:208} INFO - Processing /home/shamim/airflow_venv/lib/python3.12/site-packages/airflow/example_dags/example_branch_day_of_week_operator.py took 0.184 seconds
[2025-03-08T21:27:18.738+0600] {processor.py:186} INFO - Started process (PID=33299) to work on /home/shamim/airflow_venv/lib/python3.12/site-packages/airflow/example_dags/example_branch_day_of_week_operator.py
[2025-03-08T21:27:18.758+0600] {processor.py:914} INFO - Processing file /home/shamim/airflow_venv/lib/python3.12/site-packages/airflow/example_dags/example_branch_day_of_week_operator.py for tasks to queue
[2025-03-08T21:27:18.765+0600] {logging_mixin.py:190} INFO - [2025-03-08T21:27:18.764+0600] {dagbag.py:588} INFO - Filling up the DagBag from /home/shamim/airflow_venv/lib/python3.12/site-packages/airflow/example_dags/example_branch_day_of_week_operator.py
[2025-03-08T21:27:18.808+0600] {processor.py:925} INFO - DAG(s) 'example_weekday_branch_operator' retrieved from /home/shamim/airflow_venv/lib/python3.12/site-packages/airflow/example_dags/example_branch_day_of_week_operator.py
[2025-03-08T21:27:18.836+0600] {logging_mixin.py:190} INFO - [2025-03-08T21:27:18.835+0600] {dag.py:3239} INFO - Sync 1 DAGs
[2025-03-08T21:27:18.878+0600] {logging_mixin.py:190} INFO - [2025-03-08T21:27:18.878+0600] {dag.py:4180} INFO - Setting next_dagrun for example_weekday_branch_operator to 2025-03-07 00:00:00+00:00, run_after=2025-03-08 00:00:00+00:00
[2025-03-08T21:27:18.916+0600] {processor.py:208} INFO - Processing /home/shamim/airflow_venv/lib/python3.12/site-packages/airflow/example_dags/example_branch_day_of_week_operator.py took 0.203 seconds
[2025-03-08T21:28:51.297+0600] {processor.py:186} INFO - Started process (PID=33936) to work on /home/shamim/airflow_venv/lib/python3.12/site-packages/airflow/example_dags/example_branch_day_of_week_operator.py
[2025-03-08T21:28:51.311+0600] {processor.py:914} INFO - Processing file /home/shamim/airflow_venv/lib/python3.12/site-packages/airflow/example_dags/example_branch_day_of_week_operator.py for tasks to queue
[2025-03-08T21:28:51.314+0600] {logging_mixin.py:190} INFO - [2025-03-08T21:28:51.314+0600] {dagbag.py:588} INFO - Filling up the DagBag from /home/shamim/airflow_venv/lib/python3.12/site-packages/airflow/example_dags/example_branch_day_of_week_operator.py
[2025-03-08T21:28:51.330+0600] {processor.py:925} INFO - DAG(s) 'example_weekday_branch_operator' retrieved from /home/shamim/airflow_venv/lib/python3.12/site-packages/airflow/example_dags/example_branch_day_of_week_operator.py
[2025-03-08T21:28:51.355+0600] {logging_mixin.py:190} INFO - [2025-03-08T21:28:51.354+0600] {dag.py:3239} INFO - Sync 1 DAGs
[2025-03-08T21:28:51.384+0600] {logging_mixin.py:190} INFO - [2025-03-08T21:28:51.384+0600] {dag.py:4180} INFO - Setting next_dagrun for example_weekday_branch_operator to 2025-03-07 00:00:00+00:00, run_after=2025-03-08 00:00:00+00:00
[2025-03-08T21:28:51.410+0600] {processor.py:208} INFO - Processing /home/shamim/airflow_venv/lib/python3.12/site-packages/airflow/example_dags/example_branch_day_of_week_operator.py took 0.131 seconds
[2025-03-08T21:30:26.338+0600] {processor.py:186} INFO - Started process (PID=34727) to work on /home/shamim/airflow_venv/lib/python3.12/site-packages/airflow/example_dags/example_branch_day_of_week_operator.py
[2025-03-08T21:30:26.340+0600] {processor.py:914} INFO - Processing file /home/shamim/airflow_venv/lib/python3.12/site-packages/airflow/example_dags/example_branch_day_of_week_operator.py for tasks to queue
[2025-03-08T21:30:26.345+0600] {logging_mixin.py:190} INFO - [2025-03-08T21:30:26.344+0600] {dagbag.py:588} INFO - Filling up the DagBag from /home/shamim/airflow_venv/lib/python3.12/site-packages/airflow/example_dags/example_branch_day_of_week_operator.py
[2025-03-08T21:30:26.365+0600] {processor.py:925} INFO - DAG(s) 'example_weekday_branch_operator' retrieved from /home/shamim/airflow_venv/lib/python3.12/site-packages/airflow/example_dags/example_branch_day_of_week_operator.py
[2025-03-08T21:30:26.390+0600] {logging_mixin.py:190} INFO - [2025-03-08T21:30:26.390+0600] {dag.py:3239} INFO - Sync 1 DAGs
[2025-03-08T21:30:26.424+0600] {logging_mixin.py:190} INFO - [2025-03-08T21:30:26.423+0600] {dag.py:4180} INFO - Setting next_dagrun for example_weekday_branch_operator to 2025-03-07 00:00:00+00:00, run_after=2025-03-08 00:00:00+00:00
[2025-03-08T21:30:26.452+0600] {processor.py:208} INFO - Processing /home/shamim/airflow_venv/lib/python3.12/site-packages/airflow/example_dags/example_branch_day_of_week_operator.py took 0.146 seconds
[2025-03-08T21:32:05.183+0600] {processor.py:186} INFO - Started process (PID=35305) to work on /home/shamim/airflow_venv/lib/python3.12/site-packages/airflow/example_dags/example_branch_day_of_week_operator.py
[2025-03-08T21:32:05.189+0600] {processor.py:914} INFO - Processing file /home/shamim/airflow_venv/lib/python3.12/site-packages/airflow/example_dags/example_branch_day_of_week_operator.py for tasks to queue
[2025-03-08T21:32:05.194+0600] {logging_mixin.py:190} INFO - [2025-03-08T21:32:05.193+0600] {dagbag.py:588} INFO - Filling up the DagBag from /home/shamim/airflow_venv/lib/python3.12/site-packages/airflow/example_dags/example_branch_day_of_week_operator.py
[2025-03-08T21:32:05.214+0600] {processor.py:925} INFO - DAG(s) 'example_weekday_branch_operator' retrieved from /home/shamim/airflow_venv/lib/python3.12/site-packages/airflow/example_dags/example_branch_day_of_week_operator.py
[2025-03-08T21:32:05.234+0600] {logging_mixin.py:190} INFO - [2025-03-08T21:32:05.234+0600] {dag.py:3239} INFO - Sync 1 DAGs
[2025-03-08T21:32:05.261+0600] {logging_mixin.py:190} INFO - [2025-03-08T21:32:05.260+0600] {dag.py:4180} INFO - Setting next_dagrun for example_weekday_branch_operator to 2025-03-07 00:00:00+00:00, run_after=2025-03-08 00:00:00+00:00
[2025-03-08T21:32:05.300+0600] {processor.py:208} INFO - Processing /home/shamim/airflow_venv/lib/python3.12/site-packages/airflow/example_dags/example_branch_day_of_week_operator.py took 0.128 seconds
[2025-03-08T21:33:37.550+0600] {processor.py:186} INFO - Started process (PID=35898) to work on /home/shamim/airflow_venv/lib/python3.12/site-packages/airflow/example_dags/example_branch_day_of_week_operator.py
[2025-03-08T21:33:37.554+0600] {processor.py:914} INFO - Processing file /home/shamim/airflow_venv/lib/python3.12/site-packages/airflow/example_dags/example_branch_day_of_week_operator.py for tasks to queue
[2025-03-08T21:33:37.557+0600] {logging_mixin.py:190} INFO - [2025-03-08T21:33:37.556+0600] {dagbag.py:588} INFO - Filling up the DagBag from /home/shamim/airflow_venv/lib/python3.12/site-packages/airflow/example_dags/example_branch_day_of_week_operator.py
[2025-03-08T21:33:37.571+0600] {processor.py:925} INFO - DAG(s) 'example_weekday_branch_operator' retrieved from /home/shamim/airflow_venv/lib/python3.12/site-packages/airflow/example_dags/example_branch_day_of_week_operator.py
[2025-03-08T21:33:37.595+0600] {logging_mixin.py:190} INFO - [2025-03-08T21:33:37.595+0600] {dag.py:3239} INFO - Sync 1 DAGs
[2025-03-08T21:33:37.624+0600] {logging_mixin.py:190} INFO - [2025-03-08T21:33:37.624+0600] {dag.py:4180} INFO - Setting next_dagrun for example_weekday_branch_operator to 2025-03-07 00:00:00+00:00, run_after=2025-03-08 00:00:00+00:00
[2025-03-08T21:33:37.650+0600] {processor.py:208} INFO - Processing /home/shamim/airflow_venv/lib/python3.12/site-packages/airflow/example_dags/example_branch_day_of_week_operator.py took 0.110 seconds
[2025-03-08T21:35:07.343+0600] {processor.py:186} INFO - Started process (PID=36446) to work on /home/shamim/airflow_venv/lib/python3.12/site-packages/airflow/example_dags/example_branch_day_of_week_operator.py
[2025-03-08T21:35:07.349+0600] {processor.py:914} INFO - Processing file /home/shamim/airflow_venv/lib/python3.12/site-packages/airflow/example_dags/example_branch_day_of_week_operator.py for tasks to queue
[2025-03-08T21:35:07.351+0600] {logging_mixin.py:190} INFO - [2025-03-08T21:35:07.351+0600] {dagbag.py:588} INFO - Filling up the DagBag from /home/shamim/airflow_venv/lib/python3.12/site-packages/airflow/example_dags/example_branch_day_of_week_operator.py
[2025-03-08T21:35:07.370+0600] {processor.py:925} INFO - DAG(s) 'example_weekday_branch_operator' retrieved from /home/shamim/airflow_venv/lib/python3.12/site-packages/airflow/example_dags/example_branch_day_of_week_operator.py
[2025-03-08T21:35:07.396+0600] {logging_mixin.py:190} INFO - [2025-03-08T21:35:07.395+0600] {dag.py:3239} INFO - Sync 1 DAGs
[2025-03-08T21:35:07.430+0600] {logging_mixin.py:190} INFO - [2025-03-08T21:35:07.430+0600] {dag.py:4180} INFO - Setting next_dagrun for example_weekday_branch_operator to 2025-03-07 00:00:00+00:00, run_after=2025-03-08 00:00:00+00:00
[2025-03-08T21:35:07.459+0600] {processor.py:208} INFO - Processing /home/shamim/airflow_venv/lib/python3.12/site-packages/airflow/example_dags/example_branch_day_of_week_operator.py took 0.125 seconds
[2025-03-08T21:36:41.335+0600] {processor.py:186} INFO - Started process (PID=36989) to work on /home/shamim/airflow_venv/lib/python3.12/site-packages/airflow/example_dags/example_branch_day_of_week_operator.py
[2025-03-08T21:36:41.341+0600] {processor.py:914} INFO - Processing file /home/shamim/airflow_venv/lib/python3.12/site-packages/airflow/example_dags/example_branch_day_of_week_operator.py for tasks to queue
[2025-03-08T21:36:41.344+0600] {logging_mixin.py:190} INFO - [2025-03-08T21:36:41.343+0600] {dagbag.py:588} INFO - Filling up the DagBag from /home/shamim/airflow_venv/lib/python3.12/site-packages/airflow/example_dags/example_branch_day_of_week_operator.py
[2025-03-08T21:36:41.357+0600] {processor.py:925} INFO - DAG(s) 'example_weekday_branch_operator' retrieved from /home/shamim/airflow_venv/lib/python3.12/site-packages/airflow/example_dags/example_branch_day_of_week_operator.py
[2025-03-08T21:36:41.377+0600] {logging_mixin.py:190} INFO - [2025-03-08T21:36:41.376+0600] {dag.py:3239} INFO - Sync 1 DAGs
[2025-03-08T21:36:41.402+0600] {logging_mixin.py:190} INFO - [2025-03-08T21:36:41.401+0600] {dag.py:4180} INFO - Setting next_dagrun for example_weekday_branch_operator to 2025-03-07 00:00:00+00:00, run_after=2025-03-08 00:00:00+00:00
[2025-03-08T21:36:41.439+0600] {processor.py:208} INFO - Processing /home/shamim/airflow_venv/lib/python3.12/site-packages/airflow/example_dags/example_branch_day_of_week_operator.py took 0.114 seconds
[2025-03-08T21:38:15.608+0600] {processor.py:186} INFO - Started process (PID=37640) to work on /home/shamim/airflow_venv/lib/python3.12/site-packages/airflow/example_dags/example_branch_day_of_week_operator.py
[2025-03-08T21:38:15.615+0600] {processor.py:914} INFO - Processing file /home/shamim/airflow_venv/lib/python3.12/site-packages/airflow/example_dags/example_branch_day_of_week_operator.py for tasks to queue
[2025-03-08T21:38:15.621+0600] {logging_mixin.py:190} INFO - [2025-03-08T21:38:15.620+0600] {dagbag.py:588} INFO - Filling up the DagBag from /home/shamim/airflow_venv/lib/python3.12/site-packages/airflow/example_dags/example_branch_day_of_week_operator.py
[2025-03-08T21:38:15.648+0600] {processor.py:925} INFO - DAG(s) 'example_weekday_branch_operator' retrieved from /home/shamim/airflow_venv/lib/python3.12/site-packages/airflow/example_dags/example_branch_day_of_week_operator.py
[2025-03-08T21:38:15.672+0600] {logging_mixin.py:190} INFO - [2025-03-08T21:38:15.671+0600] {dag.py:3239} INFO - Sync 1 DAGs
[2025-03-08T21:38:15.700+0600] {logging_mixin.py:190} INFO - [2025-03-08T21:38:15.700+0600] {dag.py:4180} INFO - Setting next_dagrun for example_weekday_branch_operator to 2025-03-07 00:00:00+00:00, run_after=2025-03-08 00:00:00+00:00
[2025-03-08T21:38:15.746+0600] {processor.py:208} INFO - Processing /home/shamim/airflow_venv/lib/python3.12/site-packages/airflow/example_dags/example_branch_day_of_week_operator.py took 0.164 seconds
[2025-03-08T21:39:43.124+0600] {processor.py:186} INFO - Started process (PID=38187) to work on /home/shamim/airflow_venv/lib/python3.12/site-packages/airflow/example_dags/example_branch_day_of_week_operator.py
[2025-03-08T21:39:43.125+0600] {processor.py:914} INFO - Processing file /home/shamim/airflow_venv/lib/python3.12/site-packages/airflow/example_dags/example_branch_day_of_week_operator.py for tasks to queue
[2025-03-08T21:39:43.128+0600] {logging_mixin.py:190} INFO - [2025-03-08T21:39:43.128+0600] {dagbag.py:588} INFO - Filling up the DagBag from /home/shamim/airflow_venv/lib/python3.12/site-packages/airflow/example_dags/example_branch_day_of_week_operator.py
[2025-03-08T21:39:43.147+0600] {processor.py:925} INFO - DAG(s) 'example_weekday_branch_operator' retrieved from /home/shamim/airflow_venv/lib/python3.12/site-packages/airflow/example_dags/example_branch_day_of_week_operator.py
[2025-03-08T21:39:43.172+0600] {logging_mixin.py:190} INFO - [2025-03-08T21:39:43.172+0600] {dag.py:3239} INFO - Sync 1 DAGs
[2025-03-08T21:39:43.198+0600] {logging_mixin.py:190} INFO - [2025-03-08T21:39:43.197+0600] {dag.py:4180} INFO - Setting next_dagrun for example_weekday_branch_operator to 2025-03-07 00:00:00+00:00, run_after=2025-03-08 00:00:00+00:00
[2025-03-08T21:39:43.220+0600] {processor.py:208} INFO - Processing /home/shamim/airflow_venv/lib/python3.12/site-packages/airflow/example_dags/example_branch_day_of_week_operator.py took 0.109 seconds
[2025-03-08T21:41:12.711+0600] {processor.py:186} INFO - Started process (PID=38830) to work on /home/shamim/airflow_venv/lib/python3.12/site-packages/airflow/example_dags/example_branch_day_of_week_operator.py
[2025-03-08T21:41:12.715+0600] {processor.py:914} INFO - Processing file /home/shamim/airflow_venv/lib/python3.12/site-packages/airflow/example_dags/example_branch_day_of_week_operator.py for tasks to queue
[2025-03-08T21:41:12.718+0600] {logging_mixin.py:190} INFO - [2025-03-08T21:41:12.717+0600] {dagbag.py:588} INFO - Filling up the DagBag from /home/shamim/airflow_venv/lib/python3.12/site-packages/airflow/example_dags/example_branch_day_of_week_operator.py
[2025-03-08T21:41:12.732+0600] {processor.py:925} INFO - DAG(s) 'example_weekday_branch_operator' retrieved from /home/shamim/airflow_venv/lib/python3.12/site-packages/airflow/example_dags/example_branch_day_of_week_operator.py
[2025-03-08T21:41:12.754+0600] {logging_mixin.py:190} INFO - [2025-03-08T21:41:12.754+0600] {dag.py:3239} INFO - Sync 1 DAGs
[2025-03-08T21:41:12.783+0600] {logging_mixin.py:190} INFO - [2025-03-08T21:41:12.783+0600] {dag.py:4180} INFO - Setting next_dagrun for example_weekday_branch_operator to 2025-03-07 00:00:00+00:00, run_after=2025-03-08 00:00:00+00:00
[2025-03-08T21:41:12.814+0600] {processor.py:208} INFO - Processing /home/shamim/airflow_venv/lib/python3.12/site-packages/airflow/example_dags/example_branch_day_of_week_operator.py took 0.114 seconds
[2025-03-08T21:42:46.708+0600] {processor.py:186} INFO - Started process (PID=39411) to work on /home/shamim/airflow_venv/lib/python3.12/site-packages/airflow/example_dags/example_branch_day_of_week_operator.py
[2025-03-08T21:42:46.710+0600] {processor.py:914} INFO - Processing file /home/shamim/airflow_venv/lib/python3.12/site-packages/airflow/example_dags/example_branch_day_of_week_operator.py for tasks to queue
[2025-03-08T21:42:46.712+0600] {logging_mixin.py:190} INFO - [2025-03-08T21:42:46.712+0600] {dagbag.py:588} INFO - Filling up the DagBag from /home/shamim/airflow_venv/lib/python3.12/site-packages/airflow/example_dags/example_branch_day_of_week_operator.py
[2025-03-08T21:42:46.727+0600] {processor.py:925} INFO - DAG(s) 'example_weekday_branch_operator' retrieved from /home/shamim/airflow_venv/lib/python3.12/site-packages/airflow/example_dags/example_branch_day_of_week_operator.py
[2025-03-08T21:42:46.750+0600] {logging_mixin.py:190} INFO - [2025-03-08T21:42:46.750+0600] {dag.py:3239} INFO - Sync 1 DAGs
[2025-03-08T21:42:46.790+0600] {logging_mixin.py:190} INFO - [2025-03-08T21:42:46.790+0600] {dag.py:4180} INFO - Setting next_dagrun for example_weekday_branch_operator to 2025-03-07 00:00:00+00:00, run_after=2025-03-08 00:00:00+00:00
[2025-03-08T21:42:46.828+0600] {processor.py:208} INFO - Processing /home/shamim/airflow_venv/lib/python3.12/site-packages/airflow/example_dags/example_branch_day_of_week_operator.py took 0.139 seconds
[2025-03-08T21:44:26.800+0600] {processor.py:186} INFO - Started process (PID=39970) to work on /home/shamim/airflow_venv/lib/python3.12/site-packages/airflow/example_dags/example_branch_day_of_week_operator.py
[2025-03-08T21:44:26.810+0600] {processor.py:914} INFO - Processing file /home/shamim/airflow_venv/lib/python3.12/site-packages/airflow/example_dags/example_branch_day_of_week_operator.py for tasks to queue
[2025-03-08T21:44:26.817+0600] {logging_mixin.py:190} INFO - [2025-03-08T21:44:26.816+0600] {dagbag.py:588} INFO - Filling up the DagBag from /home/shamim/airflow_venv/lib/python3.12/site-packages/airflow/example_dags/example_branch_day_of_week_operator.py
[2025-03-08T21:44:26.845+0600] {processor.py:925} INFO - DAG(s) 'example_weekday_branch_operator' retrieved from /home/shamim/airflow_venv/lib/python3.12/site-packages/airflow/example_dags/example_branch_day_of_week_operator.py
[2025-03-08T21:44:26.868+0600] {logging_mixin.py:190} INFO - [2025-03-08T21:44:26.868+0600] {dag.py:3239} INFO - Sync 1 DAGs
[2025-03-08T21:44:26.895+0600] {logging_mixin.py:190} INFO - [2025-03-08T21:44:26.895+0600] {dag.py:4180} INFO - Setting next_dagrun for example_weekday_branch_operator to 2025-03-07 00:00:00+00:00, run_after=2025-03-08 00:00:00+00:00
[2025-03-08T21:44:26.927+0600] {processor.py:208} INFO - Processing /home/shamim/airflow_venv/lib/python3.12/site-packages/airflow/example_dags/example_branch_day_of_week_operator.py took 0.157 seconds
[2025-03-08T21:46:00.265+0600] {processor.py:186} INFO - Started process (PID=40526) to work on /home/shamim/airflow_venv/lib/python3.12/site-packages/airflow/example_dags/example_branch_day_of_week_operator.py
[2025-03-08T21:46:00.269+0600] {processor.py:914} INFO - Processing file /home/shamim/airflow_venv/lib/python3.12/site-packages/airflow/example_dags/example_branch_day_of_week_operator.py for tasks to queue
[2025-03-08T21:46:00.272+0600] {logging_mixin.py:190} INFO - [2025-03-08T21:46:00.272+0600] {dagbag.py:588} INFO - Filling up the DagBag from /home/shamim/airflow_venv/lib/python3.12/site-packages/airflow/example_dags/example_branch_day_of_week_operator.py
[2025-03-08T21:46:00.291+0600] {processor.py:925} INFO - DAG(s) 'example_weekday_branch_operator' retrieved from /home/shamim/airflow_venv/lib/python3.12/site-packages/airflow/example_dags/example_branch_day_of_week_operator.py
[2025-03-08T21:46:00.326+0600] {logging_mixin.py:190} INFO - [2025-03-08T21:46:00.326+0600] {dag.py:3239} INFO - Sync 1 DAGs
[2025-03-08T21:46:00.360+0600] {logging_mixin.py:190} INFO - [2025-03-08T21:46:00.360+0600] {dag.py:4180} INFO - Setting next_dagrun for example_weekday_branch_operator to 2025-03-07 00:00:00+00:00, run_after=2025-03-08 00:00:00+00:00
[2025-03-08T21:46:00.394+0600] {processor.py:208} INFO - Processing /home/shamim/airflow_venv/lib/python3.12/site-packages/airflow/example_dags/example_branch_day_of_week_operator.py took 0.144 seconds
[2025-03-08T21:47:31.753+0600] {processor.py:186} INFO - Started process (PID=41110) to work on /home/shamim/airflow_venv/lib/python3.12/site-packages/airflow/example_dags/example_branch_day_of_week_operator.py
[2025-03-08T21:47:31.760+0600] {processor.py:914} INFO - Processing file /home/shamim/airflow_venv/lib/python3.12/site-packages/airflow/example_dags/example_branch_day_of_week_operator.py for tasks to queue
[2025-03-08T21:47:31.763+0600] {logging_mixin.py:190} INFO - [2025-03-08T21:47:31.763+0600] {dagbag.py:588} INFO - Filling up the DagBag from /home/shamim/airflow_venv/lib/python3.12/site-packages/airflow/example_dags/example_branch_day_of_week_operator.py
[2025-03-08T21:47:31.784+0600] {processor.py:925} INFO - DAG(s) 'example_weekday_branch_operator' retrieved from /home/shamim/airflow_venv/lib/python3.12/site-packages/airflow/example_dags/example_branch_day_of_week_operator.py
[2025-03-08T21:47:31.810+0600] {logging_mixin.py:190} INFO - [2025-03-08T21:47:31.810+0600] {dag.py:3239} INFO - Sync 1 DAGs
[2025-03-08T21:47:31.849+0600] {logging_mixin.py:190} INFO - [2025-03-08T21:47:31.849+0600] {dag.py:4180} INFO - Setting next_dagrun for example_weekday_branch_operator to 2025-03-07 00:00:00+00:00, run_after=2025-03-08 00:00:00+00:00
[2025-03-08T21:47:31.879+0600] {processor.py:208} INFO - Processing /home/shamim/airflow_venv/lib/python3.12/site-packages/airflow/example_dags/example_branch_day_of_week_operator.py took 0.143 seconds
[2025-03-08T21:49:06.227+0600] {processor.py:186} INFO - Started process (PID=41748) to work on /home/shamim/airflow_venv/lib/python3.12/site-packages/airflow/example_dags/example_branch_day_of_week_operator.py
[2025-03-08T21:49:06.233+0600] {processor.py:914} INFO - Processing file /home/shamim/airflow_venv/lib/python3.12/site-packages/airflow/example_dags/example_branch_day_of_week_operator.py for tasks to queue
[2025-03-08T21:49:06.235+0600] {logging_mixin.py:190} INFO - [2025-03-08T21:49:06.235+0600] {dagbag.py:588} INFO - Filling up the DagBag from /home/shamim/airflow_venv/lib/python3.12/site-packages/airflow/example_dags/example_branch_day_of_week_operator.py
[2025-03-08T21:49:06.248+0600] {processor.py:925} INFO - DAG(s) 'example_weekday_branch_operator' retrieved from /home/shamim/airflow_venv/lib/python3.12/site-packages/airflow/example_dags/example_branch_day_of_week_operator.py
[2025-03-08T21:49:06.269+0600] {logging_mixin.py:190} INFO - [2025-03-08T21:49:06.269+0600] {dag.py:3239} INFO - Sync 1 DAGs
[2025-03-08T21:49:06.296+0600] {logging_mixin.py:190} INFO - [2025-03-08T21:49:06.296+0600] {dag.py:4180} INFO - Setting next_dagrun for example_weekday_branch_operator to 2025-03-07 00:00:00+00:00, run_after=2025-03-08 00:00:00+00:00
[2025-03-08T21:49:06.336+0600] {processor.py:208} INFO - Processing /home/shamim/airflow_venv/lib/python3.12/site-packages/airflow/example_dags/example_branch_day_of_week_operator.py took 0.118 seconds
[2025-03-08T21:50:47.491+0600] {processor.py:186} INFO - Started process (PID=42266) to work on /home/shamim/airflow_venv/lib/python3.12/site-packages/airflow/example_dags/example_branch_day_of_week_operator.py
[2025-03-08T21:50:47.496+0600] {processor.py:914} INFO - Processing file /home/shamim/airflow_venv/lib/python3.12/site-packages/airflow/example_dags/example_branch_day_of_week_operator.py for tasks to queue
[2025-03-08T21:50:47.498+0600] {logging_mixin.py:190} INFO - [2025-03-08T21:50:47.498+0600] {dagbag.py:588} INFO - Filling up the DagBag from /home/shamim/airflow_venv/lib/python3.12/site-packages/airflow/example_dags/example_branch_day_of_week_operator.py
[2025-03-08T21:50:47.510+0600] {processor.py:925} INFO - DAG(s) 'example_weekday_branch_operator' retrieved from /home/shamim/airflow_venv/lib/python3.12/site-packages/airflow/example_dags/example_branch_day_of_week_operator.py
[2025-03-08T21:50:47.532+0600] {logging_mixin.py:190} INFO - [2025-03-08T21:50:47.532+0600] {dag.py:3239} INFO - Sync 1 DAGs
[2025-03-08T21:50:47.559+0600] {logging_mixin.py:190} INFO - [2025-03-08T21:50:47.559+0600] {dag.py:4180} INFO - Setting next_dagrun for example_weekday_branch_operator to 2025-03-07 00:00:00+00:00, run_after=2025-03-08 00:00:00+00:00
[2025-03-08T21:50:47.585+0600] {processor.py:208} INFO - Processing /home/shamim/airflow_venv/lib/python3.12/site-packages/airflow/example_dags/example_branch_day_of_week_operator.py took 0.103 seconds
[2025-03-08T21:52:10.505+0600] {processor.py:186} INFO - Started process (PID=42795) to work on /home/shamim/airflow_venv/lib/python3.12/site-packages/airflow/example_dags/example_branch_day_of_week_operator.py
[2025-03-08T21:52:10.506+0600] {processor.py:914} INFO - Processing file /home/shamim/airflow_venv/lib/python3.12/site-packages/airflow/example_dags/example_branch_day_of_week_operator.py for tasks to queue
[2025-03-08T21:52:10.509+0600] {logging_mixin.py:190} INFO - [2025-03-08T21:52:10.508+0600] {dagbag.py:588} INFO - Filling up the DagBag from /home/shamim/airflow_venv/lib/python3.12/site-packages/airflow/example_dags/example_branch_day_of_week_operator.py
[2025-03-08T21:52:10.521+0600] {processor.py:925} INFO - DAG(s) 'example_weekday_branch_operator' retrieved from /home/shamim/airflow_venv/lib/python3.12/site-packages/airflow/example_dags/example_branch_day_of_week_operator.py
[2025-03-08T21:52:10.543+0600] {logging_mixin.py:190} INFO - [2025-03-08T21:52:10.543+0600] {dag.py:3239} INFO - Sync 1 DAGs
[2025-03-08T21:52:10.569+0600] {logging_mixin.py:190} INFO - [2025-03-08T21:52:10.568+0600] {dag.py:4180} INFO - Setting next_dagrun for example_weekday_branch_operator to 2025-03-07 00:00:00+00:00, run_after=2025-03-08 00:00:00+00:00
[2025-03-08T21:52:10.604+0600] {processor.py:208} INFO - Processing /home/shamim/airflow_venv/lib/python3.12/site-packages/airflow/example_dags/example_branch_day_of_week_operator.py took 0.107 seconds
[2025-03-08T21:53:29.399+0600] {processor.py:186} INFO - Started process (PID=43354) to work on /home/shamim/airflow_venv/lib/python3.12/site-packages/airflow/example_dags/example_branch_day_of_week_operator.py
[2025-03-08T21:53:29.406+0600] {processor.py:914} INFO - Processing file /home/shamim/airflow_venv/lib/python3.12/site-packages/airflow/example_dags/example_branch_day_of_week_operator.py for tasks to queue
[2025-03-08T21:53:29.408+0600] {logging_mixin.py:190} INFO - [2025-03-08T21:53:29.408+0600] {dagbag.py:588} INFO - Filling up the DagBag from /home/shamim/airflow_venv/lib/python3.12/site-packages/airflow/example_dags/example_branch_day_of_week_operator.py
[2025-03-08T21:53:29.421+0600] {processor.py:925} INFO - DAG(s) 'example_weekday_branch_operator' retrieved from /home/shamim/airflow_venv/lib/python3.12/site-packages/airflow/example_dags/example_branch_day_of_week_operator.py
[2025-03-08T21:53:29.440+0600] {logging_mixin.py:190} INFO - [2025-03-08T21:53:29.440+0600] {dag.py:3239} INFO - Sync 1 DAGs
[2025-03-08T21:53:29.465+0600] {logging_mixin.py:190} INFO - [2025-03-08T21:53:29.465+0600] {dag.py:4180} INFO - Setting next_dagrun for example_weekday_branch_operator to 2025-03-07 00:00:00+00:00, run_after=2025-03-08 00:00:00+00:00
[2025-03-08T21:53:29.490+0600] {processor.py:208} INFO - Processing /home/shamim/airflow_venv/lib/python3.12/site-packages/airflow/example_dags/example_branch_day_of_week_operator.py took 0.101 seconds
[2025-03-08T21:54:53.070+0600] {processor.py:186} INFO - Started process (PID=43903) to work on /home/shamim/airflow_venv/lib/python3.12/site-packages/airflow/example_dags/example_branch_day_of_week_operator.py
[2025-03-08T21:54:53.071+0600] {processor.py:914} INFO - Processing file /home/shamim/airflow_venv/lib/python3.12/site-packages/airflow/example_dags/example_branch_day_of_week_operator.py for tasks to queue
[2025-03-08T21:54:53.074+0600] {logging_mixin.py:190} INFO - [2025-03-08T21:54:53.074+0600] {dagbag.py:588} INFO - Filling up the DagBag from /home/shamim/airflow_venv/lib/python3.12/site-packages/airflow/example_dags/example_branch_day_of_week_operator.py
[2025-03-08T21:54:53.089+0600] {processor.py:925} INFO - DAG(s) 'example_weekday_branch_operator' retrieved from /home/shamim/airflow_venv/lib/python3.12/site-packages/airflow/example_dags/example_branch_day_of_week_operator.py
[2025-03-08T21:54:53.115+0600] {logging_mixin.py:190} INFO - [2025-03-08T21:54:53.114+0600] {dag.py:3239} INFO - Sync 1 DAGs
[2025-03-08T21:54:53.143+0600] {logging_mixin.py:190} INFO - [2025-03-08T21:54:53.143+0600] {dag.py:4180} INFO - Setting next_dagrun for example_weekday_branch_operator to 2025-03-07 00:00:00+00:00, run_after=2025-03-08 00:00:00+00:00
[2025-03-08T21:54:53.168+0600] {processor.py:208} INFO - Processing /home/shamim/airflow_venv/lib/python3.12/site-packages/airflow/example_dags/example_branch_day_of_week_operator.py took 0.110 seconds
[2025-03-08T21:56:24.302+0600] {processor.py:186} INFO - Started process (PID=44483) to work on /home/shamim/airflow_venv/lib/python3.12/site-packages/airflow/example_dags/example_branch_day_of_week_operator.py
[2025-03-08T21:56:24.308+0600] {processor.py:914} INFO - Processing file /home/shamim/airflow_venv/lib/python3.12/site-packages/airflow/example_dags/example_branch_day_of_week_operator.py for tasks to queue
[2025-03-08T21:56:24.311+0600] {logging_mixin.py:190} INFO - [2025-03-08T21:56:24.310+0600] {dagbag.py:588} INFO - Filling up the DagBag from /home/shamim/airflow_venv/lib/python3.12/site-packages/airflow/example_dags/example_branch_day_of_week_operator.py
[2025-03-08T21:56:24.323+0600] {processor.py:925} INFO - DAG(s) 'example_weekday_branch_operator' retrieved from /home/shamim/airflow_venv/lib/python3.12/site-packages/airflow/example_dags/example_branch_day_of_week_operator.py
[2025-03-08T21:56:24.345+0600] {logging_mixin.py:190} INFO - [2025-03-08T21:56:24.345+0600] {dag.py:3239} INFO - Sync 1 DAGs
[2025-03-08T21:56:24.371+0600] {logging_mixin.py:190} INFO - [2025-03-08T21:56:24.370+0600] {dag.py:4180} INFO - Setting next_dagrun for example_weekday_branch_operator to 2025-03-07 00:00:00+00:00, run_after=2025-03-08 00:00:00+00:00
[2025-03-08T21:56:24.397+0600] {processor.py:208} INFO - Processing /home/shamim/airflow_venv/lib/python3.12/site-packages/airflow/example_dags/example_branch_day_of_week_operator.py took 0.104 seconds
[2025-03-08T21:57:46.728+0600] {processor.py:186} INFO - Started process (PID=45138) to work on /home/shamim/airflow_venv/lib/python3.12/site-packages/airflow/example_dags/example_branch_day_of_week_operator.py
[2025-03-08T21:57:46.736+0600] {processor.py:914} INFO - Processing file /home/shamim/airflow_venv/lib/python3.12/site-packages/airflow/example_dags/example_branch_day_of_week_operator.py for tasks to queue
[2025-03-08T21:57:46.744+0600] {logging_mixin.py:190} INFO - [2025-03-08T21:57:46.743+0600] {dagbag.py:588} INFO - Filling up the DagBag from /home/shamim/airflow_venv/lib/python3.12/site-packages/airflow/example_dags/example_branch_day_of_week_operator.py
[2025-03-08T21:57:46.778+0600] {processor.py:925} INFO - DAG(s) 'example_weekday_branch_operator' retrieved from /home/shamim/airflow_venv/lib/python3.12/site-packages/airflow/example_dags/example_branch_day_of_week_operator.py
[2025-03-08T21:57:46.802+0600] {logging_mixin.py:190} INFO - [2025-03-08T21:57:46.801+0600] {dag.py:3239} INFO - Sync 1 DAGs
[2025-03-08T21:57:46.828+0600] {logging_mixin.py:190} INFO - [2025-03-08T21:57:46.828+0600] {dag.py:4180} INFO - Setting next_dagrun for example_weekday_branch_operator to 2025-03-07 00:00:00+00:00, run_after=2025-03-08 00:00:00+00:00
[2025-03-08T21:57:46.864+0600] {processor.py:208} INFO - Processing /home/shamim/airflow_venv/lib/python3.12/site-packages/airflow/example_dags/example_branch_day_of_week_operator.py took 0.162 seconds
[2025-03-08T21:59:15.591+0600] {processor.py:186} INFO - Started process (PID=45918) to work on /home/shamim/airflow_venv/lib/python3.12/site-packages/airflow/example_dags/example_branch_day_of_week_operator.py
[2025-03-08T21:59:15.607+0600] {processor.py:914} INFO - Processing file /home/shamim/airflow_venv/lib/python3.12/site-packages/airflow/example_dags/example_branch_day_of_week_operator.py for tasks to queue
[2025-03-08T21:59:15.609+0600] {logging_mixin.py:190} INFO - [2025-03-08T21:59:15.609+0600] {dagbag.py:588} INFO - Filling up the DagBag from /home/shamim/airflow_venv/lib/python3.12/site-packages/airflow/example_dags/example_branch_day_of_week_operator.py
[2025-03-08T21:59:15.622+0600] {processor.py:925} INFO - DAG(s) 'example_weekday_branch_operator' retrieved from /home/shamim/airflow_venv/lib/python3.12/site-packages/airflow/example_dags/example_branch_day_of_week_operator.py
[2025-03-08T21:59:15.643+0600] {logging_mixin.py:190} INFO - [2025-03-08T21:59:15.642+0600] {dag.py:3239} INFO - Sync 1 DAGs
[2025-03-08T21:59:15.672+0600] {logging_mixin.py:190} INFO - [2025-03-08T21:59:15.671+0600] {dag.py:4180} INFO - Setting next_dagrun for example_weekday_branch_operator to 2025-03-07 00:00:00+00:00, run_after=2025-03-08 00:00:00+00:00
[2025-03-08T21:59:15.700+0600] {processor.py:208} INFO - Processing /home/shamim/airflow_venv/lib/python3.12/site-packages/airflow/example_dags/example_branch_day_of_week_operator.py took 0.122 seconds
[2025-03-08T22:00:48.910+0600] {processor.py:186} INFO - Started process (PID=46555) to work on /home/shamim/airflow_venv/lib/python3.12/site-packages/airflow/example_dags/example_branch_day_of_week_operator.py
[2025-03-08T22:00:48.916+0600] {processor.py:914} INFO - Processing file /home/shamim/airflow_venv/lib/python3.12/site-packages/airflow/example_dags/example_branch_day_of_week_operator.py for tasks to queue
[2025-03-08T22:00:48.919+0600] {logging_mixin.py:190} INFO - [2025-03-08T22:00:48.919+0600] {dagbag.py:588} INFO - Filling up the DagBag from /home/shamim/airflow_venv/lib/python3.12/site-packages/airflow/example_dags/example_branch_day_of_week_operator.py
[2025-03-08T22:00:48.932+0600] {processor.py:925} INFO - DAG(s) 'example_weekday_branch_operator' retrieved from /home/shamim/airflow_venv/lib/python3.12/site-packages/airflow/example_dags/example_branch_day_of_week_operator.py
[2025-03-08T22:00:48.957+0600] {logging_mixin.py:190} INFO - [2025-03-08T22:00:48.957+0600] {dag.py:3239} INFO - Sync 1 DAGs
[2025-03-08T22:00:48.983+0600] {logging_mixin.py:190} INFO - [2025-03-08T22:00:48.983+0600] {dag.py:4180} INFO - Setting next_dagrun for example_weekday_branch_operator to 2025-03-07 00:00:00+00:00, run_after=2025-03-08 00:00:00+00:00
[2025-03-08T22:00:49.008+0600] {processor.py:208} INFO - Processing /home/shamim/airflow_venv/lib/python3.12/site-packages/airflow/example_dags/example_branch_day_of_week_operator.py took 0.109 seconds
[2025-03-08T22:02:20.453+0600] {processor.py:186} INFO - Started process (PID=47384) to work on /home/shamim/airflow_venv/lib/python3.12/site-packages/airflow/example_dags/example_branch_day_of_week_operator.py
[2025-03-08T22:02:20.454+0600] {processor.py:914} INFO - Processing file /home/shamim/airflow_venv/lib/python3.12/site-packages/airflow/example_dags/example_branch_day_of_week_operator.py for tasks to queue
[2025-03-08T22:02:20.457+0600] {logging_mixin.py:190} INFO - [2025-03-08T22:02:20.457+0600] {dagbag.py:588} INFO - Filling up the DagBag from /home/shamim/airflow_venv/lib/python3.12/site-packages/airflow/example_dags/example_branch_day_of_week_operator.py
[2025-03-08T22:02:20.475+0600] {processor.py:925} INFO - DAG(s) 'example_weekday_branch_operator' retrieved from /home/shamim/airflow_venv/lib/python3.12/site-packages/airflow/example_dags/example_branch_day_of_week_operator.py
[2025-03-08T22:02:20.507+0600] {logging_mixin.py:190} INFO - [2025-03-08T22:02:20.507+0600] {dag.py:3239} INFO - Sync 1 DAGs
[2025-03-08T22:02:20.547+0600] {logging_mixin.py:190} INFO - [2025-03-08T22:02:20.547+0600] {dag.py:4180} INFO - Setting next_dagrun for example_weekday_branch_operator to 2025-03-07 00:00:00+00:00, run_after=2025-03-08 00:00:00+00:00
[2025-03-08T22:02:20.572+0600] {processor.py:208} INFO - Processing /home/shamim/airflow_venv/lib/python3.12/site-packages/airflow/example_dags/example_branch_day_of_week_operator.py took 0.135 seconds
[2025-03-08T22:03:50.652+0600] {processor.py:186} INFO - Started process (PID=48155) to work on /home/shamim/airflow_venv/lib/python3.12/site-packages/airflow/example_dags/example_branch_day_of_week_operator.py
[2025-03-08T22:03:50.654+0600] {processor.py:914} INFO - Processing file /home/shamim/airflow_venv/lib/python3.12/site-packages/airflow/example_dags/example_branch_day_of_week_operator.py for tasks to queue
[2025-03-08T22:03:50.658+0600] {logging_mixin.py:190} INFO - [2025-03-08T22:03:50.657+0600] {dagbag.py:588} INFO - Filling up the DagBag from /home/shamim/airflow_venv/lib/python3.12/site-packages/airflow/example_dags/example_branch_day_of_week_operator.py
[2025-03-08T22:03:50.675+0600] {processor.py:925} INFO - DAG(s) 'example_weekday_branch_operator' retrieved from /home/shamim/airflow_venv/lib/python3.12/site-packages/airflow/example_dags/example_branch_day_of_week_operator.py
[2025-03-08T22:03:50.697+0600] {logging_mixin.py:190} INFO - [2025-03-08T22:03:50.697+0600] {dag.py:3239} INFO - Sync 1 DAGs
[2025-03-08T22:03:50.724+0600] {logging_mixin.py:190} INFO - [2025-03-08T22:03:50.724+0600] {dag.py:4180} INFO - Setting next_dagrun for example_weekday_branch_operator to 2025-03-07 00:00:00+00:00, run_after=2025-03-08 00:00:00+00:00
[2025-03-08T22:03:50.764+0600] {processor.py:208} INFO - Processing /home/shamim/airflow_venv/lib/python3.12/site-packages/airflow/example_dags/example_branch_day_of_week_operator.py took 0.124 seconds
[2025-03-08T22:05:20.322+0600] {processor.py:186} INFO - Started process (PID=48692) to work on /home/shamim/airflow_venv/lib/python3.12/site-packages/airflow/example_dags/example_branch_day_of_week_operator.py
[2025-03-08T22:05:20.328+0600] {processor.py:914} INFO - Processing file /home/shamim/airflow_venv/lib/python3.12/site-packages/airflow/example_dags/example_branch_day_of_week_operator.py for tasks to queue
[2025-03-08T22:05:20.331+0600] {logging_mixin.py:190} INFO - [2025-03-08T22:05:20.330+0600] {dagbag.py:588} INFO - Filling up the DagBag from /home/shamim/airflow_venv/lib/python3.12/site-packages/airflow/example_dags/example_branch_day_of_week_operator.py
[2025-03-08T22:05:20.344+0600] {processor.py:925} INFO - DAG(s) 'example_weekday_branch_operator' retrieved from /home/shamim/airflow_venv/lib/python3.12/site-packages/airflow/example_dags/example_branch_day_of_week_operator.py
[2025-03-08T22:05:20.364+0600] {logging_mixin.py:190} INFO - [2025-03-08T22:05:20.364+0600] {dag.py:3239} INFO - Sync 1 DAGs
[2025-03-08T22:05:20.391+0600] {logging_mixin.py:190} INFO - [2025-03-08T22:05:20.391+0600] {dag.py:4180} INFO - Setting next_dagrun for example_weekday_branch_operator to 2025-03-07 00:00:00+00:00, run_after=2025-03-08 00:00:00+00:00
[2025-03-08T22:05:20.423+0600] {processor.py:208} INFO - Processing /home/shamim/airflow_venv/lib/python3.12/site-packages/airflow/example_dags/example_branch_day_of_week_operator.py took 0.111 seconds
[2025-03-08T22:06:54.051+0600] {processor.py:186} INFO - Started process (PID=49307) to work on /home/shamim/airflow_venv/lib/python3.12/site-packages/airflow/example_dags/example_branch_day_of_week_operator.py
[2025-03-08T22:06:54.052+0600] {processor.py:914} INFO - Processing file /home/shamim/airflow_venv/lib/python3.12/site-packages/airflow/example_dags/example_branch_day_of_week_operator.py for tasks to queue
[2025-03-08T22:06:54.055+0600] {logging_mixin.py:190} INFO - [2025-03-08T22:06:54.055+0600] {dagbag.py:588} INFO - Filling up the DagBag from /home/shamim/airflow_venv/lib/python3.12/site-packages/airflow/example_dags/example_branch_day_of_week_operator.py
[2025-03-08T22:06:54.072+0600] {processor.py:925} INFO - DAG(s) 'example_weekday_branch_operator' retrieved from /home/shamim/airflow_venv/lib/python3.12/site-packages/airflow/example_dags/example_branch_day_of_week_operator.py
[2025-03-08T22:06:54.101+0600] {logging_mixin.py:190} INFO - [2025-03-08T22:06:54.100+0600] {dag.py:3239} INFO - Sync 1 DAGs
[2025-03-08T22:06:54.139+0600] {logging_mixin.py:190} INFO - [2025-03-08T22:06:54.139+0600] {dag.py:4180} INFO - Setting next_dagrun for example_weekday_branch_operator to 2025-03-07 00:00:00+00:00, run_after=2025-03-08 00:00:00+00:00
[2025-03-08T22:06:54.173+0600] {processor.py:208} INFO - Processing /home/shamim/airflow_venv/lib/python3.12/site-packages/airflow/example_dags/example_branch_day_of_week_operator.py took 0.134 seconds
[2025-03-08T22:08:33.589+0600] {processor.py:186} INFO - Started process (PID=50150) to work on /home/shamim/airflow_venv/lib/python3.12/site-packages/airflow/example_dags/example_branch_day_of_week_operator.py
[2025-03-08T22:08:33.591+0600] {processor.py:914} INFO - Processing file /home/shamim/airflow_venv/lib/python3.12/site-packages/airflow/example_dags/example_branch_day_of_week_operator.py for tasks to queue
[2025-03-08T22:08:33.597+0600] {logging_mixin.py:190} INFO - [2025-03-08T22:08:33.596+0600] {dagbag.py:588} INFO - Filling up the DagBag from /home/shamim/airflow_venv/lib/python3.12/site-packages/airflow/example_dags/example_branch_day_of_week_operator.py
[2025-03-08T22:08:33.617+0600] {processor.py:925} INFO - DAG(s) 'example_weekday_branch_operator' retrieved from /home/shamim/airflow_venv/lib/python3.12/site-packages/airflow/example_dags/example_branch_day_of_week_operator.py
[2025-03-08T22:08:33.649+0600] {logging_mixin.py:190} INFO - [2025-03-08T22:08:33.649+0600] {dag.py:3239} INFO - Sync 1 DAGs
[2025-03-08T22:08:33.688+0600] {logging_mixin.py:190} INFO - [2025-03-08T22:08:33.687+0600] {dag.py:4180} INFO - Setting next_dagrun for example_weekday_branch_operator to 2025-03-07 00:00:00+00:00, run_after=2025-03-08 00:00:00+00:00
[2025-03-08T22:08:33.734+0600] {processor.py:208} INFO - Processing /home/shamim/airflow_venv/lib/python3.12/site-packages/airflow/example_dags/example_branch_day_of_week_operator.py took 0.159 seconds
[2025-03-08T22:10:06.288+0600] {processor.py:186} INFO - Started process (PID=50972) to work on /home/shamim/airflow_venv/lib/python3.12/site-packages/airflow/example_dags/example_branch_day_of_week_operator.py
[2025-03-08T22:10:06.290+0600] {processor.py:914} INFO - Processing file /home/shamim/airflow_venv/lib/python3.12/site-packages/airflow/example_dags/example_branch_day_of_week_operator.py for tasks to queue
[2025-03-08T22:10:06.292+0600] {logging_mixin.py:190} INFO - [2025-03-08T22:10:06.291+0600] {dagbag.py:588} INFO - Filling up the DagBag from /home/shamim/airflow_venv/lib/python3.12/site-packages/airflow/example_dags/example_branch_day_of_week_operator.py
[2025-03-08T22:10:06.304+0600] {processor.py:925} INFO - DAG(s) 'example_weekday_branch_operator' retrieved from /home/shamim/airflow_venv/lib/python3.12/site-packages/airflow/example_dags/example_branch_day_of_week_operator.py
[2025-03-08T22:10:06.324+0600] {logging_mixin.py:190} INFO - [2025-03-08T22:10:06.324+0600] {dag.py:3239} INFO - Sync 1 DAGs
[2025-03-08T22:10:06.350+0600] {logging_mixin.py:190} INFO - [2025-03-08T22:10:06.350+0600] {dag.py:4180} INFO - Setting next_dagrun for example_weekday_branch_operator to 2025-03-07 00:00:00+00:00, run_after=2025-03-08 00:00:00+00:00
[2025-03-08T22:10:06.375+0600] {processor.py:208} INFO - Processing /home/shamim/airflow_venv/lib/python3.12/site-packages/airflow/example_dags/example_branch_day_of_week_operator.py took 0.097 seconds
[2025-03-08T22:11:39.735+0600] {processor.py:186} INFO - Started process (PID=51512) to work on /home/shamim/airflow_venv/lib/python3.12/site-packages/airflow/example_dags/example_branch_day_of_week_operator.py
[2025-03-08T22:11:39.737+0600] {processor.py:914} INFO - Processing file /home/shamim/airflow_venv/lib/python3.12/site-packages/airflow/example_dags/example_branch_day_of_week_operator.py for tasks to queue
[2025-03-08T22:11:39.740+0600] {logging_mixin.py:190} INFO - [2025-03-08T22:11:39.740+0600] {dagbag.py:588} INFO - Filling up the DagBag from /home/shamim/airflow_venv/lib/python3.12/site-packages/airflow/example_dags/example_branch_day_of_week_operator.py
[2025-03-08T22:11:39.754+0600] {processor.py:925} INFO - DAG(s) 'example_weekday_branch_operator' retrieved from /home/shamim/airflow_venv/lib/python3.12/site-packages/airflow/example_dags/example_branch_day_of_week_operator.py
[2025-03-08T22:11:39.779+0600] {logging_mixin.py:190} INFO - [2025-03-08T22:11:39.779+0600] {dag.py:3239} INFO - Sync 1 DAGs
[2025-03-08T22:11:39.809+0600] {logging_mixin.py:190} INFO - [2025-03-08T22:11:39.808+0600] {dag.py:4180} INFO - Setting next_dagrun for example_weekday_branch_operator to 2025-03-07 00:00:00+00:00, run_after=2025-03-08 00:00:00+00:00
[2025-03-08T22:11:39.844+0600] {processor.py:208} INFO - Processing /home/shamim/airflow_venv/lib/python3.12/site-packages/airflow/example_dags/example_branch_day_of_week_operator.py took 0.119 seconds
[2025-03-08T22:13:12.652+0600] {processor.py:186} INFO - Started process (PID=52026) to work on /home/shamim/airflow_venv/lib/python3.12/site-packages/airflow/example_dags/example_branch_day_of_week_operator.py
[2025-03-08T22:13:12.655+0600] {processor.py:914} INFO - Processing file /home/shamim/airflow_venv/lib/python3.12/site-packages/airflow/example_dags/example_branch_day_of_week_operator.py for tasks to queue
[2025-03-08T22:13:12.658+0600] {logging_mixin.py:190} INFO - [2025-03-08T22:13:12.657+0600] {dagbag.py:588} INFO - Filling up the DagBag from /home/shamim/airflow_venv/lib/python3.12/site-packages/airflow/example_dags/example_branch_day_of_week_operator.py
[2025-03-08T22:13:12.670+0600] {processor.py:925} INFO - DAG(s) 'example_weekday_branch_operator' retrieved from /home/shamim/airflow_venv/lib/python3.12/site-packages/airflow/example_dags/example_branch_day_of_week_operator.py
[2025-03-08T22:13:12.690+0600] {logging_mixin.py:190} INFO - [2025-03-08T22:13:12.690+0600] {dag.py:3239} INFO - Sync 1 DAGs
[2025-03-08T22:13:12.716+0600] {logging_mixin.py:190} INFO - [2025-03-08T22:13:12.716+0600] {dag.py:4180} INFO - Setting next_dagrun for example_weekday_branch_operator to 2025-03-07 00:00:00+00:00, run_after=2025-03-08 00:00:00+00:00
[2025-03-08T22:13:12.740+0600] {processor.py:208} INFO - Processing /home/shamim/airflow_venv/lib/python3.12/site-packages/airflow/example_dags/example_branch_day_of_week_operator.py took 0.099 seconds
[2025-03-08T22:14:43.204+0600] {processor.py:186} INFO - Started process (PID=52525) to work on /home/shamim/airflow_venv/lib/python3.12/site-packages/airflow/example_dags/example_branch_day_of_week_operator.py
[2025-03-08T22:14:43.207+0600] {processor.py:914} INFO - Processing file /home/shamim/airflow_venv/lib/python3.12/site-packages/airflow/example_dags/example_branch_day_of_week_operator.py for tasks to queue
[2025-03-08T22:14:43.210+0600] {logging_mixin.py:190} INFO - [2025-03-08T22:14:43.209+0600] {dagbag.py:588} INFO - Filling up the DagBag from /home/shamim/airflow_venv/lib/python3.12/site-packages/airflow/example_dags/example_branch_day_of_week_operator.py
[2025-03-08T22:14:43.223+0600] {processor.py:925} INFO - DAG(s) 'example_weekday_branch_operator' retrieved from /home/shamim/airflow_venv/lib/python3.12/site-packages/airflow/example_dags/example_branch_day_of_week_operator.py
[2025-03-08T22:14:43.242+0600] {logging_mixin.py:190} INFO - [2025-03-08T22:14:43.242+0600] {dag.py:3239} INFO - Sync 1 DAGs
[2025-03-08T22:14:43.269+0600] {logging_mixin.py:190} INFO - [2025-03-08T22:14:43.268+0600] {dag.py:4180} INFO - Setting next_dagrun for example_weekday_branch_operator to 2025-03-07 00:00:00+00:00, run_after=2025-03-08 00:00:00+00:00
[2025-03-08T22:14:43.293+0600] {processor.py:208} INFO - Processing /home/shamim/airflow_venv/lib/python3.12/site-packages/airflow/example_dags/example_branch_day_of_week_operator.py took 0.098 seconds
[2025-03-08T22:16:19.828+0600] {processor.py:186} INFO - Started process (PID=53071) to work on /home/shamim/airflow_venv/lib/python3.12/site-packages/airflow/example_dags/example_branch_day_of_week_operator.py
[2025-03-08T22:16:19.835+0600] {processor.py:914} INFO - Processing file /home/shamim/airflow_venv/lib/python3.12/site-packages/airflow/example_dags/example_branch_day_of_week_operator.py for tasks to queue
[2025-03-08T22:16:19.837+0600] {logging_mixin.py:190} INFO - [2025-03-08T22:16:19.837+0600] {dagbag.py:588} INFO - Filling up the DagBag from /home/shamim/airflow_venv/lib/python3.12/site-packages/airflow/example_dags/example_branch_day_of_week_operator.py
[2025-03-08T22:16:19.851+0600] {processor.py:925} INFO - DAG(s) 'example_weekday_branch_operator' retrieved from /home/shamim/airflow_venv/lib/python3.12/site-packages/airflow/example_dags/example_branch_day_of_week_operator.py
[2025-03-08T22:16:19.877+0600] {logging_mixin.py:190} INFO - [2025-03-08T22:16:19.877+0600] {dag.py:3239} INFO - Sync 1 DAGs
[2025-03-08T22:16:19.909+0600] {logging_mixin.py:190} INFO - [2025-03-08T22:16:19.909+0600] {dag.py:4180} INFO - Setting next_dagrun for example_weekday_branch_operator to 2025-03-07 00:00:00+00:00, run_after=2025-03-08 00:00:00+00:00
[2025-03-08T22:16:19.939+0600] {processor.py:208} INFO - Processing /home/shamim/airflow_venv/lib/python3.12/site-packages/airflow/example_dags/example_branch_day_of_week_operator.py took 0.120 seconds
[2025-03-08T22:18:02.556+0600] {processor.py:186} INFO - Started process (PID=53597) to work on /home/shamim/airflow_venv/lib/python3.12/site-packages/airflow/example_dags/example_branch_day_of_week_operator.py
[2025-03-08T22:18:02.562+0600] {processor.py:914} INFO - Processing file /home/shamim/airflow_venv/lib/python3.12/site-packages/airflow/example_dags/example_branch_day_of_week_operator.py for tasks to queue
[2025-03-08T22:18:02.564+0600] {logging_mixin.py:190} INFO - [2025-03-08T22:18:02.564+0600] {dagbag.py:588} INFO - Filling up the DagBag from /home/shamim/airflow_venv/lib/python3.12/site-packages/airflow/example_dags/example_branch_day_of_week_operator.py
[2025-03-08T22:18:02.578+0600] {processor.py:925} INFO - DAG(s) 'example_weekday_branch_operator' retrieved from /home/shamim/airflow_venv/lib/python3.12/site-packages/airflow/example_dags/example_branch_day_of_week_operator.py
[2025-03-08T22:18:02.598+0600] {logging_mixin.py:190} INFO - [2025-03-08T22:18:02.598+0600] {dag.py:3239} INFO - Sync 1 DAGs
[2025-03-08T22:18:02.625+0600] {logging_mixin.py:190} INFO - [2025-03-08T22:18:02.625+0600] {dag.py:4180} INFO - Setting next_dagrun for example_weekday_branch_operator to 2025-03-07 00:00:00+00:00, run_after=2025-03-08 00:00:00+00:00
[2025-03-08T22:18:02.657+0600] {processor.py:208} INFO - Processing /home/shamim/airflow_venv/lib/python3.12/site-packages/airflow/example_dags/example_branch_day_of_week_operator.py took 0.110 seconds
[2025-03-08T22:19:38.168+0600] {processor.py:186} INFO - Started process (PID=54464) to work on /home/shamim/airflow_venv/lib/python3.12/site-packages/airflow/example_dags/example_branch_day_of_week_operator.py
[2025-03-08T22:19:38.174+0600] {processor.py:914} INFO - Processing file /home/shamim/airflow_venv/lib/python3.12/site-packages/airflow/example_dags/example_branch_day_of_week_operator.py for tasks to queue
[2025-03-08T22:19:38.176+0600] {logging_mixin.py:190} INFO - [2025-03-08T22:19:38.176+0600] {dagbag.py:588} INFO - Filling up the DagBag from /home/shamim/airflow_venv/lib/python3.12/site-packages/airflow/example_dags/example_branch_day_of_week_operator.py
[2025-03-08T22:19:38.189+0600] {processor.py:925} INFO - DAG(s) 'example_weekday_branch_operator' retrieved from /home/shamim/airflow_venv/lib/python3.12/site-packages/airflow/example_dags/example_branch_day_of_week_operator.py
[2025-03-08T22:19:38.210+0600] {logging_mixin.py:190} INFO - [2025-03-08T22:19:38.210+0600] {dag.py:3239} INFO - Sync 1 DAGs
[2025-03-08T22:19:38.237+0600] {logging_mixin.py:190} INFO - [2025-03-08T22:19:38.237+0600] {dag.py:4180} INFO - Setting next_dagrun for example_weekday_branch_operator to 2025-03-07 00:00:00+00:00, run_after=2025-03-08 00:00:00+00:00
[2025-03-08T22:19:38.267+0600] {processor.py:208} INFO - Processing /home/shamim/airflow_venv/lib/python3.12/site-packages/airflow/example_dags/example_branch_day_of_week_operator.py took 0.108 seconds
[2025-03-08T22:21:12.312+0600] {processor.py:186} INFO - Started process (PID=55126) to work on /home/shamim/airflow_venv/lib/python3.12/site-packages/airflow/example_dags/example_branch_day_of_week_operator.py
[2025-03-08T22:21:12.319+0600] {processor.py:914} INFO - Processing file /home/shamim/airflow_venv/lib/python3.12/site-packages/airflow/example_dags/example_branch_day_of_week_operator.py for tasks to queue
[2025-03-08T22:21:12.325+0600] {logging_mixin.py:190} INFO - [2025-03-08T22:21:12.324+0600] {dagbag.py:588} INFO - Filling up the DagBag from /home/shamim/airflow_venv/lib/python3.12/site-packages/airflow/example_dags/example_branch_day_of_week_operator.py
[2025-03-08T22:21:12.342+0600] {processor.py:925} INFO - DAG(s) 'example_weekday_branch_operator' retrieved from /home/shamim/airflow_venv/lib/python3.12/site-packages/airflow/example_dags/example_branch_day_of_week_operator.py
[2025-03-08T22:21:12.365+0600] {logging_mixin.py:190} INFO - [2025-03-08T22:21:12.365+0600] {dag.py:3239} INFO - Sync 1 DAGs
[2025-03-08T22:21:12.393+0600] {logging_mixin.py:190} INFO - [2025-03-08T22:21:12.393+0600] {dag.py:4180} INFO - Setting next_dagrun for example_weekday_branch_operator to 2025-03-07 00:00:00+00:00, run_after=2025-03-08 00:00:00+00:00
[2025-03-08T22:21:12.437+0600] {processor.py:208} INFO - Processing /home/shamim/airflow_venv/lib/python3.12/site-packages/airflow/example_dags/example_branch_day_of_week_operator.py took 0.152 seconds
[2025-03-08T22:22:55.807+0600] {processor.py:186} INFO - Started process (PID=55904) to work on /home/shamim/airflow_venv/lib/python3.12/site-packages/airflow/example_dags/example_branch_day_of_week_operator.py
[2025-03-08T22:22:55.813+0600] {processor.py:914} INFO - Processing file /home/shamim/airflow_venv/lib/python3.12/site-packages/airflow/example_dags/example_branch_day_of_week_operator.py for tasks to queue
[2025-03-08T22:22:55.819+0600] {logging_mixin.py:190} INFO - [2025-03-08T22:22:55.818+0600] {dagbag.py:588} INFO - Filling up the DagBag from /home/shamim/airflow_venv/lib/python3.12/site-packages/airflow/example_dags/example_branch_day_of_week_operator.py
[2025-03-08T22:22:55.849+0600] {processor.py:925} INFO - DAG(s) 'example_weekday_branch_operator' retrieved from /home/shamim/airflow_venv/lib/python3.12/site-packages/airflow/example_dags/example_branch_day_of_week_operator.py
[2025-03-08T22:22:55.874+0600] {logging_mixin.py:190} INFO - [2025-03-08T22:22:55.873+0600] {dag.py:3239} INFO - Sync 1 DAGs
[2025-03-08T22:22:56.034+0600] {logging_mixin.py:190} INFO - [2025-03-08T22:22:56.034+0600] {dag.py:4180} INFO - Setting next_dagrun for example_weekday_branch_operator to 2025-03-07 00:00:00+00:00, run_after=2025-03-08 00:00:00+00:00
[2025-03-08T22:22:56.063+0600] {processor.py:208} INFO - Processing /home/shamim/airflow_venv/lib/python3.12/site-packages/airflow/example_dags/example_branch_day_of_week_operator.py took 0.265 seconds
[2025-03-08T22:24:35.672+0600] {processor.py:186} INFO - Started process (PID=56585) to work on /home/shamim/airflow_venv/lib/python3.12/site-packages/airflow/example_dags/example_branch_day_of_week_operator.py
[2025-03-08T22:24:35.680+0600] {processor.py:914} INFO - Processing file /home/shamim/airflow_venv/lib/python3.12/site-packages/airflow/example_dags/example_branch_day_of_week_operator.py for tasks to queue
[2025-03-08T22:24:35.686+0600] {logging_mixin.py:190} INFO - [2025-03-08T22:24:35.685+0600] {dagbag.py:588} INFO - Filling up the DagBag from /home/shamim/airflow_venv/lib/python3.12/site-packages/airflow/example_dags/example_branch_day_of_week_operator.py
[2025-03-08T22:24:35.706+0600] {processor.py:925} INFO - DAG(s) 'example_weekday_branch_operator' retrieved from /home/shamim/airflow_venv/lib/python3.12/site-packages/airflow/example_dags/example_branch_day_of_week_operator.py
[2025-03-08T22:24:35.727+0600] {logging_mixin.py:190} INFO - [2025-03-08T22:24:35.726+0600] {dag.py:3239} INFO - Sync 1 DAGs
[2025-03-08T22:24:35.891+0600] {logging_mixin.py:190} INFO - [2025-03-08T22:24:35.890+0600] {dag.py:4180} INFO - Setting next_dagrun for example_weekday_branch_operator to 2025-03-07 00:00:00+00:00, run_after=2025-03-08 00:00:00+00:00
[2025-03-08T22:24:35.921+0600] {processor.py:208} INFO - Processing /home/shamim/airflow_venv/lib/python3.12/site-packages/airflow/example_dags/example_branch_day_of_week_operator.py took 0.275 seconds
[2025-03-08T22:26:11.131+0600] {processor.py:186} INFO - Started process (PID=57244) to work on /home/shamim/airflow_venv/lib/python3.12/site-packages/airflow/example_dags/example_branch_day_of_week_operator.py
[2025-03-08T22:26:11.137+0600] {processor.py:914} INFO - Processing file /home/shamim/airflow_venv/lib/python3.12/site-packages/airflow/example_dags/example_branch_day_of_week_operator.py for tasks to queue
[2025-03-08T22:26:11.141+0600] {logging_mixin.py:190} INFO - [2025-03-08T22:26:11.140+0600] {dagbag.py:588} INFO - Filling up the DagBag from /home/shamim/airflow_venv/lib/python3.12/site-packages/airflow/example_dags/example_branch_day_of_week_operator.py
[2025-03-08T22:26:11.156+0600] {processor.py:925} INFO - DAG(s) 'example_weekday_branch_operator' retrieved from /home/shamim/airflow_venv/lib/python3.12/site-packages/airflow/example_dags/example_branch_day_of_week_operator.py
[2025-03-08T22:26:11.179+0600] {logging_mixin.py:190} INFO - [2025-03-08T22:26:11.179+0600] {dag.py:3239} INFO - Sync 1 DAGs
[2025-03-08T22:26:11.341+0600] {logging_mixin.py:190} INFO - [2025-03-08T22:26:11.341+0600] {dag.py:4180} INFO - Setting next_dagrun for example_weekday_branch_operator to 2025-03-07 00:00:00+00:00, run_after=2025-03-08 00:00:00+00:00
[2025-03-08T22:26:11.368+0600] {processor.py:208} INFO - Processing /home/shamim/airflow_venv/lib/python3.12/site-packages/airflow/example_dags/example_branch_day_of_week_operator.py took 0.258 seconds
[2025-03-08T22:27:53.751+0600] {processor.py:186} INFO - Started process (PID=57869) to work on /home/shamim/airflow_venv/lib/python3.12/site-packages/airflow/example_dags/example_branch_day_of_week_operator.py
[2025-03-08T22:27:53.758+0600] {processor.py:914} INFO - Processing file /home/shamim/airflow_venv/lib/python3.12/site-packages/airflow/example_dags/example_branch_day_of_week_operator.py for tasks to queue
[2025-03-08T22:27:53.762+0600] {logging_mixin.py:190} INFO - [2025-03-08T22:27:53.761+0600] {dagbag.py:588} INFO - Filling up the DagBag from /home/shamim/airflow_venv/lib/python3.12/site-packages/airflow/example_dags/example_branch_day_of_week_operator.py
[2025-03-08T22:27:53.777+0600] {processor.py:925} INFO - DAG(s) 'example_weekday_branch_operator' retrieved from /home/shamim/airflow_venv/lib/python3.12/site-packages/airflow/example_dags/example_branch_day_of_week_operator.py
[2025-03-08T22:27:53.799+0600] {logging_mixin.py:190} INFO - [2025-03-08T22:27:53.799+0600] {dag.py:3239} INFO - Sync 1 DAGs
[2025-03-08T22:27:53.978+0600] {logging_mixin.py:190} INFO - [2025-03-08T22:27:53.978+0600] {dag.py:4180} INFO - Setting next_dagrun for example_weekday_branch_operator to 2025-03-07 00:00:00+00:00, run_after=2025-03-08 00:00:00+00:00
[2025-03-08T22:27:54.014+0600] {processor.py:208} INFO - Processing /home/shamim/airflow_venv/lib/python3.12/site-packages/airflow/example_dags/example_branch_day_of_week_operator.py took 0.277 seconds
[2025-03-08T22:29:38.216+0600] {processor.py:186} INFO - Started process (PID=58377) to work on /home/shamim/airflow_venv/lib/python3.12/site-packages/airflow/example_dags/example_branch_day_of_week_operator.py
[2025-03-08T22:29:38.223+0600] {processor.py:914} INFO - Processing file /home/shamim/airflow_venv/lib/python3.12/site-packages/airflow/example_dags/example_branch_day_of_week_operator.py for tasks to queue
[2025-03-08T22:29:38.226+0600] {logging_mixin.py:190} INFO - [2025-03-08T22:29:38.225+0600] {dagbag.py:588} INFO - Filling up the DagBag from /home/shamim/airflow_venv/lib/python3.12/site-packages/airflow/example_dags/example_branch_day_of_week_operator.py
[2025-03-08T22:29:38.239+0600] {processor.py:925} INFO - DAG(s) 'example_weekday_branch_operator' retrieved from /home/shamim/airflow_venv/lib/python3.12/site-packages/airflow/example_dags/example_branch_day_of_week_operator.py
[2025-03-08T22:29:38.260+0600] {logging_mixin.py:190} INFO - [2025-03-08T22:29:38.260+0600] {dag.py:3239} INFO - Sync 1 DAGs
[2025-03-08T22:29:38.289+0600] {logging_mixin.py:190} INFO - [2025-03-08T22:29:38.289+0600] {dag.py:4180} INFO - Setting next_dagrun for example_weekday_branch_operator to 2025-03-07 00:00:00+00:00, run_after=2025-03-08 00:00:00+00:00
[2025-03-08T22:29:38.315+0600] {processor.py:208} INFO - Processing /home/shamim/airflow_venv/lib/python3.12/site-packages/airflow/example_dags/example_branch_day_of_week_operator.py took 0.108 seconds
[2025-03-08T22:31:13.945+0600] {processor.py:186} INFO - Started process (PID=58887) to work on /home/shamim/airflow_venv/lib/python3.12/site-packages/airflow/example_dags/example_branch_day_of_week_operator.py
[2025-03-08T22:31:13.952+0600] {processor.py:914} INFO - Processing file /home/shamim/airflow_venv/lib/python3.12/site-packages/airflow/example_dags/example_branch_day_of_week_operator.py for tasks to queue
[2025-03-08T22:31:13.956+0600] {logging_mixin.py:190} INFO - [2025-03-08T22:31:13.956+0600] {dagbag.py:588} INFO - Filling up the DagBag from /home/shamim/airflow_venv/lib/python3.12/site-packages/airflow/example_dags/example_branch_day_of_week_operator.py
[2025-03-08T22:31:13.971+0600] {processor.py:925} INFO - DAG(s) 'example_weekday_branch_operator' retrieved from /home/shamim/airflow_venv/lib/python3.12/site-packages/airflow/example_dags/example_branch_day_of_week_operator.py
[2025-03-08T22:31:13.999+0600] {logging_mixin.py:190} INFO - [2025-03-08T22:31:13.999+0600] {dag.py:3239} INFO - Sync 1 DAGs
[2025-03-08T22:31:14.036+0600] {logging_mixin.py:190} INFO - [2025-03-08T22:31:14.036+0600] {dag.py:4180} INFO - Setting next_dagrun for example_weekday_branch_operator to 2025-03-07 00:00:00+00:00, run_after=2025-03-08 00:00:00+00:00
[2025-03-08T22:31:14.069+0600] {processor.py:208} INFO - Processing /home/shamim/airflow_venv/lib/python3.12/site-packages/airflow/example_dags/example_branch_day_of_week_operator.py took 0.141 seconds
[2025-03-08T22:32:44.023+0600] {processor.py:186} INFO - Started process (PID=59399) to work on /home/shamim/airflow_venv/lib/python3.12/site-packages/airflow/example_dags/example_branch_day_of_week_operator.py
[2025-03-08T22:32:44.029+0600] {processor.py:914} INFO - Processing file /home/shamim/airflow_venv/lib/python3.12/site-packages/airflow/example_dags/example_branch_day_of_week_operator.py for tasks to queue
[2025-03-08T22:32:44.031+0600] {logging_mixin.py:190} INFO - [2025-03-08T22:32:44.031+0600] {dagbag.py:588} INFO - Filling up the DagBag from /home/shamim/airflow_venv/lib/python3.12/site-packages/airflow/example_dags/example_branch_day_of_week_operator.py
[2025-03-08T22:32:44.044+0600] {processor.py:925} INFO - DAG(s) 'example_weekday_branch_operator' retrieved from /home/shamim/airflow_venv/lib/python3.12/site-packages/airflow/example_dags/example_branch_day_of_week_operator.py
[2025-03-08T22:32:44.066+0600] {logging_mixin.py:190} INFO - [2025-03-08T22:32:44.065+0600] {dag.py:3239} INFO - Sync 1 DAGs
[2025-03-08T22:32:44.094+0600] {logging_mixin.py:190} INFO - [2025-03-08T22:32:44.094+0600] {dag.py:4180} INFO - Setting next_dagrun for example_weekday_branch_operator to 2025-03-07 00:00:00+00:00, run_after=2025-03-08 00:00:00+00:00
[2025-03-08T22:32:44.123+0600] {processor.py:208} INFO - Processing /home/shamim/airflow_venv/lib/python3.12/site-packages/airflow/example_dags/example_branch_day_of_week_operator.py took 0.109 seconds
[2025-03-08T22:34:14.190+0600] {processor.py:186} INFO - Started process (PID=59982) to work on /home/shamim/airflow_venv/lib/python3.12/site-packages/airflow/example_dags/example_branch_day_of_week_operator.py
[2025-03-08T22:34:14.196+0600] {processor.py:914} INFO - Processing file /home/shamim/airflow_venv/lib/python3.12/site-packages/airflow/example_dags/example_branch_day_of_week_operator.py for tasks to queue
[2025-03-08T22:34:14.198+0600] {logging_mixin.py:190} INFO - [2025-03-08T22:34:14.198+0600] {dagbag.py:588} INFO - Filling up the DagBag from /home/shamim/airflow_venv/lib/python3.12/site-packages/airflow/example_dags/example_branch_day_of_week_operator.py
[2025-03-08T22:34:14.210+0600] {processor.py:925} INFO - DAG(s) 'example_weekday_branch_operator' retrieved from /home/shamim/airflow_venv/lib/python3.12/site-packages/airflow/example_dags/example_branch_day_of_week_operator.py
[2025-03-08T22:34:14.230+0600] {logging_mixin.py:190} INFO - [2025-03-08T22:34:14.230+0600] {dag.py:3239} INFO - Sync 1 DAGs
[2025-03-08T22:34:14.255+0600] {logging_mixin.py:190} INFO - [2025-03-08T22:34:14.255+0600] {dag.py:4180} INFO - Setting next_dagrun for example_weekday_branch_operator to 2025-03-07 00:00:00+00:00, run_after=2025-03-08 00:00:00+00:00
[2025-03-08T22:34:14.280+0600] {processor.py:208} INFO - Processing /home/shamim/airflow_venv/lib/python3.12/site-packages/airflow/example_dags/example_branch_day_of_week_operator.py took 0.100 seconds
