[2025-03-08T21:09:20.176+0600] {processor.py:186} INFO - Started process (PID=26717) to work on /home/shamim/airflow_venv/lib/python3.12/site-packages/airflow/example_dags/example_short_circuit_decorator.py
[2025-03-08T21:09:20.177+0600] {processor.py:914} INFO - Processing file /home/shamim/airflow_venv/lib/python3.12/site-packages/airflow/example_dags/example_short_circuit_decorator.py for tasks to queue
[2025-03-08T21:09:20.179+0600] {logging_mixin.py:190} INFO - [2025-03-08T21:09:20.179+0600] {dagbag.py:588} INFO - Filling up the DagBag from /home/shamim/airflow_venv/lib/python3.12/site-packages/airflow/example_dags/example_short_circuit_decorator.py
[2025-03-08T21:09:20.192+0600] {processor.py:925} INFO - DAG(s) 'example_short_circuit_decorator' retrieved from /home/shamim/airflow_venv/lib/python3.12/site-packages/airflow/example_dags/example_short_circuit_decorator.py
[2025-03-08T21:09:20.219+0600] {logging_mixin.py:190} INFO - [2025-03-08T21:09:20.219+0600] {dag.py:3239} INFO - Sync 1 DAGs
[2025-03-08T21:09:20.236+0600] {logging_mixin.py:190} INFO - [2025-03-08T21:09:20.236+0600] {dag.py:4180} INFO - Setting next_dagrun for example_short_circuit_decorator to None, run_after=None
[2025-03-08T21:09:20.267+0600] {processor.py:208} INFO - Processing /home/shamim/airflow_venv/lib/python3.12/site-packages/airflow/example_dags/example_short_circuit_decorator.py took 0.099 seconds
[2025-03-08T21:11:45.492+0600] {processor.py:186} INFO - Started process (PID=27402) to work on /home/shamim/airflow_venv/lib/python3.12/site-packages/airflow/example_dags/example_short_circuit_decorator.py
[2025-03-08T21:11:45.495+0600] {processor.py:914} INFO - Processing file /home/shamim/airflow_venv/lib/python3.12/site-packages/airflow/example_dags/example_short_circuit_decorator.py for tasks to queue
[2025-03-08T21:11:45.498+0600] {logging_mixin.py:190} INFO - [2025-03-08T21:11:45.497+0600] {dagbag.py:588} INFO - Filling up the DagBag from /home/shamim/airflow_venv/lib/python3.12/site-packages/airflow/example_dags/example_short_circuit_decorator.py
[2025-03-08T21:11:45.511+0600] {processor.py:925} INFO - DAG(s) 'example_short_circuit_decorator' retrieved from /home/shamim/airflow_venv/lib/python3.12/site-packages/airflow/example_dags/example_short_circuit_decorator.py
[2025-03-08T21:11:45.539+0600] {logging_mixin.py:190} INFO - [2025-03-08T21:11:45.538+0600] {dag.py:3239} INFO - Sync 1 DAGs
[2025-03-08T21:11:45.555+0600] {logging_mixin.py:190} INFO - [2025-03-08T21:11:45.554+0600] {dag.py:4180} INFO - Setting next_dagrun for example_short_circuit_decorator to None, run_after=None
[2025-03-08T21:11:45.585+0600] {processor.py:208} INFO - Processing /home/shamim/airflow_venv/lib/python3.12/site-packages/airflow/example_dags/example_short_circuit_decorator.py took 0.099 seconds
[2025-03-08T21:13:00.971+0600] {processor.py:186} INFO - Started process (PID=27820) to work on /home/shamim/airflow_venv/lib/python3.12/site-packages/airflow/example_dags/example_short_circuit_decorator.py
[2025-03-08T21:13:00.978+0600] {processor.py:914} INFO - Processing file /home/shamim/airflow_venv/lib/python3.12/site-packages/airflow/example_dags/example_short_circuit_decorator.py for tasks to queue
[2025-03-08T21:13:00.981+0600] {logging_mixin.py:190} INFO - [2025-03-08T21:13:00.981+0600] {dagbag.py:588} INFO - Filling up the DagBag from /home/shamim/airflow_venv/lib/python3.12/site-packages/airflow/example_dags/example_short_circuit_decorator.py
[2025-03-08T21:13:01.000+0600] {processor.py:925} INFO - DAG(s) 'example_short_circuit_decorator' retrieved from /home/shamim/airflow_venv/lib/python3.12/site-packages/airflow/example_dags/example_short_circuit_decorator.py
[2025-03-08T21:13:01.027+0600] {logging_mixin.py:190} INFO - [2025-03-08T21:13:01.027+0600] {dag.py:3239} INFO - Sync 1 DAGs
[2025-03-08T21:13:01.046+0600] {logging_mixin.py:190} INFO - [2025-03-08T21:13:01.046+0600] {dag.py:4180} INFO - Setting next_dagrun for example_short_circuit_decorator to None, run_after=None
[2025-03-08T21:13:01.074+0600] {processor.py:208} INFO - Processing /home/shamim/airflow_venv/lib/python3.12/site-packages/airflow/example_dags/example_short_circuit_decorator.py took 0.111 seconds
[2025-03-08T21:14:33.316+0600] {processor.py:186} INFO - Started process (PID=28405) to work on /home/shamim/airflow_venv/lib/python3.12/site-packages/airflow/example_dags/example_short_circuit_decorator.py
[2025-03-08T21:14:33.322+0600] {processor.py:914} INFO - Processing file /home/shamim/airflow_venv/lib/python3.12/site-packages/airflow/example_dags/example_short_circuit_decorator.py for tasks to queue
[2025-03-08T21:14:33.324+0600] {logging_mixin.py:190} INFO - [2025-03-08T21:14:33.324+0600] {dagbag.py:588} INFO - Filling up the DagBag from /home/shamim/airflow_venv/lib/python3.12/site-packages/airflow/example_dags/example_short_circuit_decorator.py
[2025-03-08T21:14:33.337+0600] {processor.py:925} INFO - DAG(s) 'example_short_circuit_decorator' retrieved from /home/shamim/airflow_venv/lib/python3.12/site-packages/airflow/example_dags/example_short_circuit_decorator.py
[2025-03-08T21:14:33.361+0600] {logging_mixin.py:190} INFO - [2025-03-08T21:14:33.361+0600] {dag.py:3239} INFO - Sync 1 DAGs
[2025-03-08T21:14:33.377+0600] {logging_mixin.py:190} INFO - [2025-03-08T21:14:33.377+0600] {dag.py:4180} INFO - Setting next_dagrun for example_short_circuit_decorator to None, run_after=None
[2025-03-08T21:14:33.407+0600] {processor.py:208} INFO - Processing /home/shamim/airflow_venv/lib/python3.12/site-packages/airflow/example_dags/example_short_circuit_decorator.py took 0.099 seconds
[2025-03-08T21:17:17.337+0600] {processor.py:186} INFO - Started process (PID=29772) to work on /home/shamim/airflow_venv/lib/python3.12/site-packages/airflow/example_dags/example_short_circuit_decorator.py
[2025-03-08T21:17:17.344+0600] {processor.py:914} INFO - Processing file /home/shamim/airflow_venv/lib/python3.12/site-packages/airflow/example_dags/example_short_circuit_decorator.py for tasks to queue
[2025-03-08T21:17:17.349+0600] {logging_mixin.py:190} INFO - [2025-03-08T21:17:17.348+0600] {dagbag.py:588} INFO - Filling up the DagBag from /home/shamim/airflow_venv/lib/python3.12/site-packages/airflow/example_dags/example_short_circuit_decorator.py
[2025-03-08T21:17:17.382+0600] {processor.py:925} INFO - DAG(s) 'example_short_circuit_decorator' retrieved from /home/shamim/airflow_venv/lib/python3.12/site-packages/airflow/example_dags/example_short_circuit_decorator.py
[2025-03-08T21:17:17.419+0600] {logging_mixin.py:190} INFO - [2025-03-08T21:17:17.419+0600] {dag.py:3239} INFO - Sync 1 DAGs
[2025-03-08T21:17:17.438+0600] {logging_mixin.py:190} INFO - [2025-03-08T21:17:17.437+0600] {dag.py:4180} INFO - Setting next_dagrun for example_short_circuit_decorator to None, run_after=None
[2025-03-08T21:17:17.475+0600] {processor.py:208} INFO - Processing /home/shamim/airflow_venv/lib/python3.12/site-packages/airflow/example_dags/example_short_circuit_decorator.py took 0.153 seconds
[2025-03-08T21:18:50.580+0600] {processor.py:186} INFO - Started process (PID=30337) to work on /home/shamim/airflow_venv/lib/python3.12/site-packages/airflow/example_dags/example_short_circuit_decorator.py
[2025-03-08T21:18:50.583+0600] {processor.py:914} INFO - Processing file /home/shamim/airflow_venv/lib/python3.12/site-packages/airflow/example_dags/example_short_circuit_decorator.py for tasks to queue
[2025-03-08T21:18:50.585+0600] {logging_mixin.py:190} INFO - [2025-03-08T21:18:50.585+0600] {dagbag.py:588} INFO - Filling up the DagBag from /home/shamim/airflow_venv/lib/python3.12/site-packages/airflow/example_dags/example_short_circuit_decorator.py
[2025-03-08T21:18:50.598+0600] {processor.py:925} INFO - DAG(s) 'example_short_circuit_decorator' retrieved from /home/shamim/airflow_venv/lib/python3.12/site-packages/airflow/example_dags/example_short_circuit_decorator.py
[2025-03-08T21:18:50.621+0600] {logging_mixin.py:190} INFO - [2025-03-08T21:18:50.621+0600] {dag.py:3239} INFO - Sync 1 DAGs
[2025-03-08T21:18:50.636+0600] {logging_mixin.py:190} INFO - [2025-03-08T21:18:50.636+0600] {dag.py:4180} INFO - Setting next_dagrun for example_short_circuit_decorator to None, run_after=None
[2025-03-08T21:18:50.659+0600] {processor.py:208} INFO - Processing /home/shamim/airflow_venv/lib/python3.12/site-packages/airflow/example_dags/example_short_circuit_decorator.py took 0.087 seconds
[2025-03-08T21:20:10.130+0600] {processor.py:186} INFO - Started process (PID=30887) to work on /home/shamim/airflow_venv/lib/python3.12/site-packages/airflow/example_dags/example_short_circuit_decorator.py
[2025-03-08T21:20:10.136+0600] {processor.py:914} INFO - Processing file /home/shamim/airflow_venv/lib/python3.12/site-packages/airflow/example_dags/example_short_circuit_decorator.py for tasks to queue
[2025-03-08T21:20:10.139+0600] {logging_mixin.py:190} INFO - [2025-03-08T21:20:10.138+0600] {dagbag.py:588} INFO - Filling up the DagBag from /home/shamim/airflow_venv/lib/python3.12/site-packages/airflow/example_dags/example_short_circuit_decorator.py
[2025-03-08T21:20:10.152+0600] {processor.py:925} INFO - DAG(s) 'example_short_circuit_decorator' retrieved from /home/shamim/airflow_venv/lib/python3.12/site-packages/airflow/example_dags/example_short_circuit_decorator.py
[2025-03-08T21:20:10.175+0600] {logging_mixin.py:190} INFO - [2025-03-08T21:20:10.175+0600] {dag.py:3239} INFO - Sync 1 DAGs
[2025-03-08T21:20:10.194+0600] {logging_mixin.py:190} INFO - [2025-03-08T21:20:10.194+0600] {dag.py:4180} INFO - Setting next_dagrun for example_short_circuit_decorator to None, run_after=None
[2025-03-08T21:20:10.224+0600] {processor.py:208} INFO - Processing /home/shamim/airflow_venv/lib/python3.12/site-packages/airflow/example_dags/example_short_circuit_decorator.py took 0.101 seconds
[2025-03-08T21:21:30.056+0600] {processor.py:186} INFO - Started process (PID=31445) to work on /home/shamim/airflow_venv/lib/python3.12/site-packages/airflow/example_dags/example_short_circuit_decorator.py
[2025-03-08T21:21:30.059+0600] {processor.py:914} INFO - Processing file /home/shamim/airflow_venv/lib/python3.12/site-packages/airflow/example_dags/example_short_circuit_decorator.py for tasks to queue
[2025-03-08T21:21:30.062+0600] {logging_mixin.py:190} INFO - [2025-03-08T21:21:30.061+0600] {dagbag.py:588} INFO - Filling up the DagBag from /home/shamim/airflow_venv/lib/python3.12/site-packages/airflow/example_dags/example_short_circuit_decorator.py
[2025-03-08T21:21:30.075+0600] {processor.py:925} INFO - DAG(s) 'example_short_circuit_decorator' retrieved from /home/shamim/airflow_venv/lib/python3.12/site-packages/airflow/example_dags/example_short_circuit_decorator.py
[2025-03-08T21:21:30.100+0600] {logging_mixin.py:190} INFO - [2025-03-08T21:21:30.099+0600] {dag.py:3239} INFO - Sync 1 DAGs
[2025-03-08T21:21:30.115+0600] {logging_mixin.py:190} INFO - [2025-03-08T21:21:30.115+0600] {dag.py:4180} INFO - Setting next_dagrun for example_short_circuit_decorator to None, run_after=None
[2025-03-08T21:21:30.138+0600] {processor.py:208} INFO - Processing /home/shamim/airflow_venv/lib/python3.12/site-packages/airflow/example_dags/example_short_circuit_decorator.py took 0.089 seconds
[2025-03-08T21:23:01.417+0600] {processor.py:186} INFO - Started process (PID=31974) to work on /home/shamim/airflow_venv/lib/python3.12/site-packages/airflow/example_dags/example_short_circuit_decorator.py
[2025-03-08T21:23:01.419+0600] {processor.py:914} INFO - Processing file /home/shamim/airflow_venv/lib/python3.12/site-packages/airflow/example_dags/example_short_circuit_decorator.py for tasks to queue
[2025-03-08T21:23:01.421+0600] {logging_mixin.py:190} INFO - [2025-03-08T21:23:01.421+0600] {dagbag.py:588} INFO - Filling up the DagBag from /home/shamim/airflow_venv/lib/python3.12/site-packages/airflow/example_dags/example_short_circuit_decorator.py
[2025-03-08T21:23:01.440+0600] {processor.py:925} INFO - DAG(s) 'example_short_circuit_decorator' retrieved from /home/shamim/airflow_venv/lib/python3.12/site-packages/airflow/example_dags/example_short_circuit_decorator.py
[2025-03-08T21:23:01.478+0600] {logging_mixin.py:190} INFO - [2025-03-08T21:23:01.478+0600] {dag.py:3239} INFO - Sync 1 DAGs
[2025-03-08T21:23:01.505+0600] {logging_mixin.py:190} INFO - [2025-03-08T21:23:01.505+0600] {dag.py:4180} INFO - Setting next_dagrun for example_short_circuit_decorator to None, run_after=None
[2025-03-08T21:23:01.542+0600] {processor.py:208} INFO - Processing /home/shamim/airflow_venv/lib/python3.12/site-packages/airflow/example_dags/example_short_circuit_decorator.py took 0.135 seconds
[2025-03-08T21:24:37.554+0600] {processor.py:186} INFO - Started process (PID=32483) to work on /home/shamim/airflow_venv/lib/python3.12/site-packages/airflow/example_dags/example_short_circuit_decorator.py
[2025-03-08T21:24:37.561+0600] {processor.py:914} INFO - Processing file /home/shamim/airflow_venv/lib/python3.12/site-packages/airflow/example_dags/example_short_circuit_decorator.py for tasks to queue
[2025-03-08T21:24:37.566+0600] {logging_mixin.py:190} INFO - [2025-03-08T21:24:37.565+0600] {dagbag.py:588} INFO - Filling up the DagBag from /home/shamim/airflow_venv/lib/python3.12/site-packages/airflow/example_dags/example_short_circuit_decorator.py
[2025-03-08T21:24:37.585+0600] {processor.py:925} INFO - DAG(s) 'example_short_circuit_decorator' retrieved from /home/shamim/airflow_venv/lib/python3.12/site-packages/airflow/example_dags/example_short_circuit_decorator.py
[2025-03-08T21:24:37.609+0600] {logging_mixin.py:190} INFO - [2025-03-08T21:24:37.608+0600] {dag.py:3239} INFO - Sync 1 DAGs
[2025-03-08T21:24:37.624+0600] {logging_mixin.py:190} INFO - [2025-03-08T21:24:37.624+0600] {dag.py:4180} INFO - Setting next_dagrun for example_short_circuit_decorator to None, run_after=None
[2025-03-08T21:24:37.661+0600] {processor.py:208} INFO - Processing /home/shamim/airflow_venv/lib/python3.12/site-packages/airflow/example_dags/example_short_circuit_decorator.py took 0.120 seconds
[2025-03-08T21:26:12.281+0600] {processor.py:186} INFO - Started process (PID=32997) to work on /home/shamim/airflow_venv/lib/python3.12/site-packages/airflow/example_dags/example_short_circuit_decorator.py
[2025-03-08T21:26:12.287+0600] {processor.py:914} INFO - Processing file /home/shamim/airflow_venv/lib/python3.12/site-packages/airflow/example_dags/example_short_circuit_decorator.py for tasks to queue
[2025-03-08T21:26:12.290+0600] {logging_mixin.py:190} INFO - [2025-03-08T21:26:12.289+0600] {dagbag.py:588} INFO - Filling up the DagBag from /home/shamim/airflow_venv/lib/python3.12/site-packages/airflow/example_dags/example_short_circuit_decorator.py
[2025-03-08T21:26:12.305+0600] {processor.py:925} INFO - DAG(s) 'example_short_circuit_decorator' retrieved from /home/shamim/airflow_venv/lib/python3.12/site-packages/airflow/example_dags/example_short_circuit_decorator.py
[2025-03-08T21:26:12.341+0600] {logging_mixin.py:190} INFO - [2025-03-08T21:26:12.341+0600] {dag.py:3239} INFO - Sync 1 DAGs
[2025-03-08T21:26:12.363+0600] {logging_mixin.py:190} INFO - [2025-03-08T21:26:12.363+0600] {dag.py:4180} INFO - Setting next_dagrun for example_short_circuit_decorator to None, run_after=None
[2025-03-08T21:26:12.399+0600] {processor.py:208} INFO - Processing /home/shamim/airflow_venv/lib/python3.12/site-packages/airflow/example_dags/example_short_circuit_decorator.py took 0.128 seconds
[2025-03-08T21:27:42.270+0600] {processor.py:186} INFO - Started process (PID=33535) to work on /home/shamim/airflow_venv/lib/python3.12/site-packages/airflow/example_dags/example_short_circuit_decorator.py
[2025-03-08T21:27:42.277+0600] {processor.py:914} INFO - Processing file /home/shamim/airflow_venv/lib/python3.12/site-packages/airflow/example_dags/example_short_circuit_decorator.py for tasks to queue
[2025-03-08T21:27:42.280+0600] {logging_mixin.py:190} INFO - [2025-03-08T21:27:42.280+0600] {dagbag.py:588} INFO - Filling up the DagBag from /home/shamim/airflow_venv/lib/python3.12/site-packages/airflow/example_dags/example_short_circuit_decorator.py
[2025-03-08T21:27:42.297+0600] {processor.py:925} INFO - DAG(s) 'example_short_circuit_decorator' retrieved from /home/shamim/airflow_venv/lib/python3.12/site-packages/airflow/example_dags/example_short_circuit_decorator.py
[2025-03-08T21:27:42.323+0600] {logging_mixin.py:190} INFO - [2025-03-08T21:27:42.323+0600] {dag.py:3239} INFO - Sync 1 DAGs
[2025-03-08T21:27:42.342+0600] {logging_mixin.py:190} INFO - [2025-03-08T21:27:42.342+0600] {dag.py:4180} INFO - Setting next_dagrun for example_short_circuit_decorator to None, run_after=None
[2025-03-08T21:27:42.381+0600] {processor.py:208} INFO - Processing /home/shamim/airflow_venv/lib/python3.12/site-packages/airflow/example_dags/example_short_circuit_decorator.py took 0.119 seconds
[2025-03-08T21:29:16.914+0600] {processor.py:186} INFO - Started process (PID=34261) to work on /home/shamim/airflow_venv/lib/python3.12/site-packages/airflow/example_dags/example_short_circuit_decorator.py
[2025-03-08T21:29:16.916+0600] {processor.py:914} INFO - Processing file /home/shamim/airflow_venv/lib/python3.12/site-packages/airflow/example_dags/example_short_circuit_decorator.py for tasks to queue
[2025-03-08T21:29:16.920+0600] {logging_mixin.py:190} INFO - [2025-03-08T21:29:16.919+0600] {dagbag.py:588} INFO - Filling up the DagBag from /home/shamim/airflow_venv/lib/python3.12/site-packages/airflow/example_dags/example_short_circuit_decorator.py
[2025-03-08T21:29:16.943+0600] {processor.py:925} INFO - DAG(s) 'example_short_circuit_decorator' retrieved from /home/shamim/airflow_venv/lib/python3.12/site-packages/airflow/example_dags/example_short_circuit_decorator.py
[2025-03-08T21:29:16.988+0600] {logging_mixin.py:190} INFO - [2025-03-08T21:29:16.988+0600] {dag.py:3239} INFO - Sync 1 DAGs
[2025-03-08T21:29:17.016+0600] {logging_mixin.py:190} INFO - [2025-03-08T21:29:17.015+0600] {dag.py:4180} INFO - Setting next_dagrun for example_short_circuit_decorator to None, run_after=None
[2025-03-08T21:29:17.055+0600] {processor.py:208} INFO - Processing /home/shamim/airflow_venv/lib/python3.12/site-packages/airflow/example_dags/example_short_circuit_decorator.py took 0.155 seconds
[2025-03-08T21:30:52.387+0600] {processor.py:186} INFO - Started process (PID=34947) to work on /home/shamim/airflow_venv/lib/python3.12/site-packages/airflow/example_dags/example_short_circuit_decorator.py
[2025-03-08T21:30:52.394+0600] {processor.py:914} INFO - Processing file /home/shamim/airflow_venv/lib/python3.12/site-packages/airflow/example_dags/example_short_circuit_decorator.py for tasks to queue
[2025-03-08T21:30:52.397+0600] {logging_mixin.py:190} INFO - [2025-03-08T21:30:52.397+0600] {dagbag.py:588} INFO - Filling up the DagBag from /home/shamim/airflow_venv/lib/python3.12/site-packages/airflow/example_dags/example_short_circuit_decorator.py
[2025-03-08T21:30:52.412+0600] {processor.py:925} INFO - DAG(s) 'example_short_circuit_decorator' retrieved from /home/shamim/airflow_venv/lib/python3.12/site-packages/airflow/example_dags/example_short_circuit_decorator.py
[2025-03-08T21:30:52.436+0600] {logging_mixin.py:190} INFO - [2025-03-08T21:30:52.436+0600] {dag.py:3239} INFO - Sync 1 DAGs
[2025-03-08T21:30:52.455+0600] {logging_mixin.py:190} INFO - [2025-03-08T21:30:52.454+0600] {dag.py:4180} INFO - Setting next_dagrun for example_short_circuit_decorator to None, run_after=None
[2025-03-08T21:30:52.493+0600] {processor.py:208} INFO - Processing /home/shamim/airflow_venv/lib/python3.12/site-packages/airflow/example_dags/example_short_circuit_decorator.py took 0.119 seconds
[2025-03-08T21:32:30.604+0600] {processor.py:186} INFO - Started process (PID=35554) to work on /home/shamim/airflow_venv/lib/python3.12/site-packages/airflow/example_dags/example_short_circuit_decorator.py
[2025-03-08T21:32:30.608+0600] {processor.py:914} INFO - Processing file /home/shamim/airflow_venv/lib/python3.12/site-packages/airflow/example_dags/example_short_circuit_decorator.py for tasks to queue
[2025-03-08T21:32:30.615+0600] {logging_mixin.py:190} INFO - [2025-03-08T21:32:30.615+0600] {dagbag.py:588} INFO - Filling up the DagBag from /home/shamim/airflow_venv/lib/python3.12/site-packages/airflow/example_dags/example_short_circuit_decorator.py
[2025-03-08T21:32:30.649+0600] {processor.py:925} INFO - DAG(s) 'example_short_circuit_decorator' retrieved from /home/shamim/airflow_venv/lib/python3.12/site-packages/airflow/example_dags/example_short_circuit_decorator.py
[2025-03-08T21:32:30.696+0600] {logging_mixin.py:190} INFO - [2025-03-08T21:32:30.696+0600] {dag.py:3239} INFO - Sync 1 DAGs
[2025-03-08T21:32:30.722+0600] {logging_mixin.py:190} INFO - [2025-03-08T21:32:30.722+0600] {dag.py:4180} INFO - Setting next_dagrun for example_short_circuit_decorator to None, run_after=None
[2025-03-08T21:32:30.761+0600] {processor.py:208} INFO - Processing /home/shamim/airflow_venv/lib/python3.12/site-packages/airflow/example_dags/example_short_circuit_decorator.py took 0.176 seconds
[2025-03-08T21:33:57.348+0600] {processor.py:186} INFO - Started process (PID=36118) to work on /home/shamim/airflow_venv/lib/python3.12/site-packages/airflow/example_dags/example_short_circuit_decorator.py
[2025-03-08T21:33:57.354+0600] {processor.py:914} INFO - Processing file /home/shamim/airflow_venv/lib/python3.12/site-packages/airflow/example_dags/example_short_circuit_decorator.py for tasks to queue
[2025-03-08T21:33:57.356+0600] {logging_mixin.py:190} INFO - [2025-03-08T21:33:57.356+0600] {dagbag.py:588} INFO - Filling up the DagBag from /home/shamim/airflow_venv/lib/python3.12/site-packages/airflow/example_dags/example_short_circuit_decorator.py
[2025-03-08T21:33:57.369+0600] {processor.py:925} INFO - DAG(s) 'example_short_circuit_decorator' retrieved from /home/shamim/airflow_venv/lib/python3.12/site-packages/airflow/example_dags/example_short_circuit_decorator.py
[2025-03-08T21:33:57.393+0600] {logging_mixin.py:190} INFO - [2025-03-08T21:33:57.392+0600] {dag.py:3239} INFO - Sync 1 DAGs
[2025-03-08T21:33:57.408+0600] {logging_mixin.py:190} INFO - [2025-03-08T21:33:57.407+0600] {dag.py:4180} INFO - Setting next_dagrun for example_short_circuit_decorator to None, run_after=None
[2025-03-08T21:33:57.438+0600] {processor.py:208} INFO - Processing /home/shamim/airflow_venv/lib/python3.12/site-packages/airflow/example_dags/example_short_circuit_decorator.py took 0.098 seconds
[2025-03-08T21:35:30.421+0600] {processor.py:186} INFO - Started process (PID=36662) to work on /home/shamim/airflow_venv/lib/python3.12/site-packages/airflow/example_dags/example_short_circuit_decorator.py
[2025-03-08T21:35:30.427+0600] {processor.py:914} INFO - Processing file /home/shamim/airflow_venv/lib/python3.12/site-packages/airflow/example_dags/example_short_circuit_decorator.py for tasks to queue
[2025-03-08T21:35:30.429+0600] {logging_mixin.py:190} INFO - [2025-03-08T21:35:30.429+0600] {dagbag.py:588} INFO - Filling up the DagBag from /home/shamim/airflow_venv/lib/python3.12/site-packages/airflow/example_dags/example_short_circuit_decorator.py
[2025-03-08T21:35:30.442+0600] {processor.py:925} INFO - DAG(s) 'example_short_circuit_decorator' retrieved from /home/shamim/airflow_venv/lib/python3.12/site-packages/airflow/example_dags/example_short_circuit_decorator.py
[2025-03-08T21:35:30.467+0600] {logging_mixin.py:190} INFO - [2025-03-08T21:35:30.467+0600] {dag.py:3239} INFO - Sync 1 DAGs
[2025-03-08T21:35:30.483+0600] {logging_mixin.py:190} INFO - [2025-03-08T21:35:30.482+0600] {dag.py:4180} INFO - Setting next_dagrun for example_short_circuit_decorator to None, run_after=None
[2025-03-08T21:35:30.519+0600] {processor.py:208} INFO - Processing /home/shamim/airflow_venv/lib/python3.12/site-packages/airflow/example_dags/example_short_circuit_decorator.py took 0.107 seconds
[2025-03-08T21:37:03.931+0600] {processor.py:186} INFO - Started process (PID=37205) to work on /home/shamim/airflow_venv/lib/python3.12/site-packages/airflow/example_dags/example_short_circuit_decorator.py
[2025-03-08T21:37:03.937+0600] {processor.py:914} INFO - Processing file /home/shamim/airflow_venv/lib/python3.12/site-packages/airflow/example_dags/example_short_circuit_decorator.py for tasks to queue
[2025-03-08T21:37:03.940+0600] {logging_mixin.py:190} INFO - [2025-03-08T21:37:03.939+0600] {dagbag.py:588} INFO - Filling up the DagBag from /home/shamim/airflow_venv/lib/python3.12/site-packages/airflow/example_dags/example_short_circuit_decorator.py
[2025-03-08T21:37:03.956+0600] {processor.py:925} INFO - DAG(s) 'example_short_circuit_decorator' retrieved from /home/shamim/airflow_venv/lib/python3.12/site-packages/airflow/example_dags/example_short_circuit_decorator.py
[2025-03-08T21:37:03.989+0600] {logging_mixin.py:190} INFO - [2025-03-08T21:37:03.988+0600] {dag.py:3239} INFO - Sync 1 DAGs
[2025-03-08T21:37:04.006+0600] {logging_mixin.py:190} INFO - [2025-03-08T21:37:04.006+0600] {dag.py:4180} INFO - Setting next_dagrun for example_short_circuit_decorator to None, run_after=None
[2025-03-08T21:37:04.049+0600] {processor.py:208} INFO - Processing /home/shamim/airflow_venv/lib/python3.12/site-packages/airflow/example_dags/example_short_circuit_decorator.py took 0.130 seconds
[2025-03-08T21:38:38.805+0600] {processor.py:186} INFO - Started process (PID=37854) to work on /home/shamim/airflow_venv/lib/python3.12/site-packages/airflow/example_dags/example_short_circuit_decorator.py
[2025-03-08T21:38:38.810+0600] {processor.py:914} INFO - Processing file /home/shamim/airflow_venv/lib/python3.12/site-packages/airflow/example_dags/example_short_circuit_decorator.py for tasks to queue
[2025-03-08T21:38:38.815+0600] {logging_mixin.py:190} INFO - [2025-03-08T21:38:38.814+0600] {dagbag.py:588} INFO - Filling up the DagBag from /home/shamim/airflow_venv/lib/python3.12/site-packages/airflow/example_dags/example_short_circuit_decorator.py
[2025-03-08T21:38:38.834+0600] {processor.py:925} INFO - DAG(s) 'example_short_circuit_decorator' retrieved from /home/shamim/airflow_venv/lib/python3.12/site-packages/airflow/example_dags/example_short_circuit_decorator.py
[2025-03-08T21:38:38.871+0600] {logging_mixin.py:190} INFO - [2025-03-08T21:38:38.871+0600] {dag.py:3239} INFO - Sync 1 DAGs
[2025-03-08T21:38:38.888+0600] {logging_mixin.py:190} INFO - [2025-03-08T21:38:38.888+0600] {dag.py:4180} INFO - Setting next_dagrun for example_short_circuit_decorator to None, run_after=None
[2025-03-08T21:38:38.912+0600] {processor.py:208} INFO - Processing /home/shamim/airflow_venv/lib/python3.12/site-packages/airflow/example_dags/example_short_circuit_decorator.py took 0.119 seconds
[2025-03-08T21:40:06.128+0600] {processor.py:186} INFO - Started process (PID=38512) to work on /home/shamim/airflow_venv/lib/python3.12/site-packages/airflow/example_dags/example_short_circuit_decorator.py
[2025-03-08T21:40:06.131+0600] {processor.py:914} INFO - Processing file /home/shamim/airflow_venv/lib/python3.12/site-packages/airflow/example_dags/example_short_circuit_decorator.py for tasks to queue
[2025-03-08T21:40:06.135+0600] {logging_mixin.py:190} INFO - [2025-03-08T21:40:06.134+0600] {dagbag.py:588} INFO - Filling up the DagBag from /home/shamim/airflow_venv/lib/python3.12/site-packages/airflow/example_dags/example_short_circuit_decorator.py
[2025-03-08T21:40:06.155+0600] {processor.py:925} INFO - DAG(s) 'example_short_circuit_decorator' retrieved from /home/shamim/airflow_venv/lib/python3.12/site-packages/airflow/example_dags/example_short_circuit_decorator.py
[2025-03-08T21:40:06.192+0600] {logging_mixin.py:190} INFO - [2025-03-08T21:40:06.192+0600] {dag.py:3239} INFO - Sync 1 DAGs
[2025-03-08T21:40:06.220+0600] {logging_mixin.py:190} INFO - [2025-03-08T21:40:06.219+0600] {dag.py:4180} INFO - Setting next_dagrun for example_short_circuit_decorator to None, run_after=None
[2025-03-08T21:40:06.262+0600] {processor.py:208} INFO - Processing /home/shamim/airflow_venv/lib/python3.12/site-packages/airflow/example_dags/example_short_circuit_decorator.py took 0.144 seconds
[2025-03-08T21:41:35.099+0600] {processor.py:186} INFO - Started process (PID=39045) to work on /home/shamim/airflow_venv/lib/python3.12/site-packages/airflow/example_dags/example_short_circuit_decorator.py
[2025-03-08T21:41:35.103+0600] {processor.py:914} INFO - Processing file /home/shamim/airflow_venv/lib/python3.12/site-packages/airflow/example_dags/example_short_circuit_decorator.py for tasks to queue
[2025-03-08T21:41:35.106+0600] {logging_mixin.py:190} INFO - [2025-03-08T21:41:35.105+0600] {dagbag.py:588} INFO - Filling up the DagBag from /home/shamim/airflow_venv/lib/python3.12/site-packages/airflow/example_dags/example_short_circuit_decorator.py
[2025-03-08T21:41:35.119+0600] {processor.py:925} INFO - DAG(s) 'example_short_circuit_decorator' retrieved from /home/shamim/airflow_venv/lib/python3.12/site-packages/airflow/example_dags/example_short_circuit_decorator.py
[2025-03-08T21:41:35.143+0600] {logging_mixin.py:190} INFO - [2025-03-08T21:41:35.142+0600] {dag.py:3239} INFO - Sync 1 DAGs
[2025-03-08T21:41:35.158+0600] {logging_mixin.py:190} INFO - [2025-03-08T21:41:35.158+0600] {dag.py:4180} INFO - Setting next_dagrun for example_short_circuit_decorator to None, run_after=None
[2025-03-08T21:41:35.180+0600] {processor.py:208} INFO - Processing /home/shamim/airflow_venv/lib/python3.12/site-packages/airflow/example_dags/example_short_circuit_decorator.py took 0.090 seconds
[2025-03-08T21:43:12.476+0600] {processor.py:186} INFO - Started process (PID=39634) to work on /home/shamim/airflow_venv/lib/python3.12/site-packages/airflow/example_dags/example_short_circuit_decorator.py
[2025-03-08T21:43:12.482+0600] {processor.py:914} INFO - Processing file /home/shamim/airflow_venv/lib/python3.12/site-packages/airflow/example_dags/example_short_circuit_decorator.py for tasks to queue
[2025-03-08T21:43:12.485+0600] {logging_mixin.py:190} INFO - [2025-03-08T21:43:12.484+0600] {dagbag.py:588} INFO - Filling up the DagBag from /home/shamim/airflow_venv/lib/python3.12/site-packages/airflow/example_dags/example_short_circuit_decorator.py
[2025-03-08T21:43:12.499+0600] {processor.py:925} INFO - DAG(s) 'example_short_circuit_decorator' retrieved from /home/shamim/airflow_venv/lib/python3.12/site-packages/airflow/example_dags/example_short_circuit_decorator.py
[2025-03-08T21:43:12.527+0600] {logging_mixin.py:190} INFO - [2025-03-08T21:43:12.527+0600] {dag.py:3239} INFO - Sync 1 DAGs
[2025-03-08T21:43:12.546+0600] {logging_mixin.py:190} INFO - [2025-03-08T21:43:12.546+0600] {dag.py:4180} INFO - Setting next_dagrun for example_short_circuit_decorator to None, run_after=None
[2025-03-08T21:43:12.573+0600] {processor.py:208} INFO - Processing /home/shamim/airflow_venv/lib/python3.12/site-packages/airflow/example_dags/example_short_circuit_decorator.py took 0.106 seconds
[2025-03-08T21:44:54.583+0600] {processor.py:186} INFO - Started process (PID=40196) to work on /home/shamim/airflow_venv/lib/python3.12/site-packages/airflow/example_dags/example_short_circuit_decorator.py
[2025-03-08T21:44:54.590+0600] {processor.py:914} INFO - Processing file /home/shamim/airflow_venv/lib/python3.12/site-packages/airflow/example_dags/example_short_circuit_decorator.py for tasks to queue
[2025-03-08T21:44:54.592+0600] {logging_mixin.py:190} INFO - [2025-03-08T21:44:54.592+0600] {dagbag.py:588} INFO - Filling up the DagBag from /home/shamim/airflow_venv/lib/python3.12/site-packages/airflow/example_dags/example_short_circuit_decorator.py
[2025-03-08T21:44:54.609+0600] {processor.py:925} INFO - DAG(s) 'example_short_circuit_decorator' retrieved from /home/shamim/airflow_venv/lib/python3.12/site-packages/airflow/example_dags/example_short_circuit_decorator.py
[2025-03-08T21:44:54.640+0600] {logging_mixin.py:190} INFO - [2025-03-08T21:44:54.639+0600] {dag.py:3239} INFO - Sync 1 DAGs
[2025-03-08T21:44:54.666+0600] {logging_mixin.py:190} INFO - [2025-03-08T21:44:54.666+0600] {dag.py:4180} INFO - Setting next_dagrun for example_short_circuit_decorator to None, run_after=None
[2025-03-08T21:44:54.723+0600] {processor.py:208} INFO - Processing /home/shamim/airflow_venv/lib/python3.12/site-packages/airflow/example_dags/example_short_circuit_decorator.py took 0.155 seconds
[2025-03-08T21:46:22.702+0600] {processor.py:186} INFO - Started process (PID=40745) to work on /home/shamim/airflow_venv/lib/python3.12/site-packages/airflow/example_dags/example_short_circuit_decorator.py
[2025-03-08T21:46:22.709+0600] {processor.py:914} INFO - Processing file /home/shamim/airflow_venv/lib/python3.12/site-packages/airflow/example_dags/example_short_circuit_decorator.py for tasks to queue
[2025-03-08T21:46:22.712+0600] {logging_mixin.py:190} INFO - [2025-03-08T21:46:22.712+0600] {dagbag.py:588} INFO - Filling up the DagBag from /home/shamim/airflow_venv/lib/python3.12/site-packages/airflow/example_dags/example_short_circuit_decorator.py
[2025-03-08T21:46:22.726+0600] {processor.py:925} INFO - DAG(s) 'example_short_circuit_decorator' retrieved from /home/shamim/airflow_venv/lib/python3.12/site-packages/airflow/example_dags/example_short_circuit_decorator.py
[2025-03-08T21:46:22.752+0600] {logging_mixin.py:190} INFO - [2025-03-08T21:46:22.752+0600] {dag.py:3239} INFO - Sync 1 DAGs
[2025-03-08T21:46:22.770+0600] {logging_mixin.py:190} INFO - [2025-03-08T21:46:22.770+0600] {dag.py:4180} INFO - Setting next_dagrun for example_short_circuit_decorator to None, run_after=None
[2025-03-08T21:46:22.800+0600] {processor.py:208} INFO - Processing /home/shamim/airflow_venv/lib/python3.12/site-packages/airflow/example_dags/example_short_circuit_decorator.py took 0.107 seconds
[2025-03-08T21:47:58.857+0600] {processor.py:186} INFO - Started process (PID=41399) to work on /home/shamim/airflow_venv/lib/python3.12/site-packages/airflow/example_dags/example_short_circuit_decorator.py
[2025-03-08T21:47:58.863+0600] {processor.py:914} INFO - Processing file /home/shamim/airflow_venv/lib/python3.12/site-packages/airflow/example_dags/example_short_circuit_decorator.py for tasks to queue
[2025-03-08T21:47:58.866+0600] {logging_mixin.py:190} INFO - [2025-03-08T21:47:58.865+0600] {dagbag.py:588} INFO - Filling up the DagBag from /home/shamim/airflow_venv/lib/python3.12/site-packages/airflow/example_dags/example_short_circuit_decorator.py
[2025-03-08T21:47:58.878+0600] {processor.py:925} INFO - DAG(s) 'example_short_circuit_decorator' retrieved from /home/shamim/airflow_venv/lib/python3.12/site-packages/airflow/example_dags/example_short_circuit_decorator.py
[2025-03-08T21:47:58.901+0600] {logging_mixin.py:190} INFO - [2025-03-08T21:47:58.901+0600] {dag.py:3239} INFO - Sync 1 DAGs
[2025-03-08T21:47:58.923+0600] {logging_mixin.py:190} INFO - [2025-03-08T21:47:58.923+0600] {dag.py:4180} INFO - Setting next_dagrun for example_short_circuit_decorator to None, run_after=None
[2025-03-08T21:47:58.956+0600] {processor.py:208} INFO - Processing /home/shamim/airflow_venv/lib/python3.12/site-packages/airflow/example_dags/example_short_circuit_decorator.py took 0.108 seconds
[2025-03-08T21:49:31.220+0600] {processor.py:186} INFO - Started process (PID=41952) to work on /home/shamim/airflow_venv/lib/python3.12/site-packages/airflow/example_dags/example_short_circuit_decorator.py
[2025-03-08T21:49:31.230+0600] {processor.py:914} INFO - Processing file /home/shamim/airflow_venv/lib/python3.12/site-packages/airflow/example_dags/example_short_circuit_decorator.py for tasks to queue
[2025-03-08T21:49:31.236+0600] {logging_mixin.py:190} INFO - [2025-03-08T21:49:31.235+0600] {dagbag.py:588} INFO - Filling up the DagBag from /home/shamim/airflow_venv/lib/python3.12/site-packages/airflow/example_dags/example_short_circuit_decorator.py
[2025-03-08T21:49:31.261+0600] {processor.py:925} INFO - DAG(s) 'example_short_circuit_decorator' retrieved from /home/shamim/airflow_venv/lib/python3.12/site-packages/airflow/example_dags/example_short_circuit_decorator.py
[2025-03-08T21:49:31.289+0600] {logging_mixin.py:190} INFO - [2025-03-08T21:49:31.288+0600] {dag.py:3239} INFO - Sync 1 DAGs
[2025-03-08T21:49:31.305+0600] {logging_mixin.py:190} INFO - [2025-03-08T21:49:31.305+0600] {dag.py:4180} INFO - Setting next_dagrun for example_short_circuit_decorator to None, run_after=None
[2025-03-08T21:49:31.343+0600] {processor.py:208} INFO - Processing /home/shamim/airflow_venv/lib/python3.12/site-packages/airflow/example_dags/example_short_circuit_decorator.py took 0.160 seconds
[2025-03-08T21:51:08.384+0600] {processor.py:186} INFO - Started process (PID=42483) to work on /home/shamim/airflow_venv/lib/python3.12/site-packages/airflow/example_dags/example_short_circuit_decorator.py
[2025-03-08T21:51:08.391+0600] {processor.py:914} INFO - Processing file /home/shamim/airflow_venv/lib/python3.12/site-packages/airflow/example_dags/example_short_circuit_decorator.py for tasks to queue
[2025-03-08T21:51:08.393+0600] {logging_mixin.py:190} INFO - [2025-03-08T21:51:08.392+0600] {dagbag.py:588} INFO - Filling up the DagBag from /home/shamim/airflow_venv/lib/python3.12/site-packages/airflow/example_dags/example_short_circuit_decorator.py
[2025-03-08T21:51:08.406+0600] {processor.py:925} INFO - DAG(s) 'example_short_circuit_decorator' retrieved from /home/shamim/airflow_venv/lib/python3.12/site-packages/airflow/example_dags/example_short_circuit_decorator.py
[2025-03-08T21:51:08.430+0600] {logging_mixin.py:190} INFO - [2025-03-08T21:51:08.430+0600] {dag.py:3239} INFO - Sync 1 DAGs
[2025-03-08T21:51:08.446+0600] {logging_mixin.py:190} INFO - [2025-03-08T21:51:08.446+0600] {dag.py:4180} INFO - Setting next_dagrun for example_short_circuit_decorator to None, run_after=None
[2025-03-08T21:51:08.472+0600] {processor.py:208} INFO - Processing /home/shamim/airflow_venv/lib/python3.12/site-packages/airflow/example_dags/example_short_circuit_decorator.py took 0.097 seconds
[2025-03-08T21:52:30.715+0600] {processor.py:186} INFO - Started process (PID=43023) to work on /home/shamim/airflow_venv/lib/python3.12/site-packages/airflow/example_dags/example_short_circuit_decorator.py
[2025-03-08T21:52:30.722+0600] {processor.py:914} INFO - Processing file /home/shamim/airflow_venv/lib/python3.12/site-packages/airflow/example_dags/example_short_circuit_decorator.py for tasks to queue
[2025-03-08T21:52:30.726+0600] {logging_mixin.py:190} INFO - [2025-03-08T21:52:30.725+0600] {dagbag.py:588} INFO - Filling up the DagBag from /home/shamim/airflow_venv/lib/python3.12/site-packages/airflow/example_dags/example_short_circuit_decorator.py
[2025-03-08T21:52:30.744+0600] {processor.py:925} INFO - DAG(s) 'example_short_circuit_decorator' retrieved from /home/shamim/airflow_venv/lib/python3.12/site-packages/airflow/example_dags/example_short_circuit_decorator.py
[2025-03-08T21:52:30.771+0600] {logging_mixin.py:190} INFO - [2025-03-08T21:52:30.770+0600] {dag.py:3239} INFO - Sync 1 DAGs
[2025-03-08T21:52:30.787+0600] {logging_mixin.py:190} INFO - [2025-03-08T21:52:30.786+0600] {dag.py:4180} INFO - Setting next_dagrun for example_short_circuit_decorator to None, run_after=None
[2025-03-08T21:52:30.816+0600] {processor.py:208} INFO - Processing /home/shamim/airflow_venv/lib/python3.12/site-packages/airflow/example_dags/example_short_circuit_decorator.py took 0.110 seconds
[2025-03-08T21:53:47.601+0600] {processor.py:186} INFO - Started process (PID=43576) to work on /home/shamim/airflow_venv/lib/python3.12/site-packages/airflow/example_dags/example_short_circuit_decorator.py
[2025-03-08T21:53:47.608+0600] {processor.py:914} INFO - Processing file /home/shamim/airflow_venv/lib/python3.12/site-packages/airflow/example_dags/example_short_circuit_decorator.py for tasks to queue
[2025-03-08T21:53:47.610+0600] {logging_mixin.py:190} INFO - [2025-03-08T21:53:47.609+0600] {dagbag.py:588} INFO - Filling up the DagBag from /home/shamim/airflow_venv/lib/python3.12/site-packages/airflow/example_dags/example_short_circuit_decorator.py
[2025-03-08T21:53:47.623+0600] {processor.py:925} INFO - DAG(s) 'example_short_circuit_decorator' retrieved from /home/shamim/airflow_venv/lib/python3.12/site-packages/airflow/example_dags/example_short_circuit_decorator.py
[2025-03-08T21:53:47.646+0600] {logging_mixin.py:190} INFO - [2025-03-08T21:53:47.646+0600] {dag.py:3239} INFO - Sync 1 DAGs
[2025-03-08T21:53:47.662+0600] {logging_mixin.py:190} INFO - [2025-03-08T21:53:47.661+0600] {dag.py:4180} INFO - Setting next_dagrun for example_short_circuit_decorator to None, run_after=None
[2025-03-08T21:53:47.687+0600] {processor.py:208} INFO - Processing /home/shamim/airflow_venv/lib/python3.12/site-packages/airflow/example_dags/example_short_circuit_decorator.py took 0.095 seconds
[2025-03-08T21:55:13.347+0600] {processor.py:186} INFO - Started process (PID=44123) to work on /home/shamim/airflow_venv/lib/python3.12/site-packages/airflow/example_dags/example_short_circuit_decorator.py
[2025-03-08T21:55:13.350+0600] {processor.py:914} INFO - Processing file /home/shamim/airflow_venv/lib/python3.12/site-packages/airflow/example_dags/example_short_circuit_decorator.py for tasks to queue
[2025-03-08T21:55:13.353+0600] {logging_mixin.py:190} INFO - [2025-03-08T21:55:13.352+0600] {dagbag.py:588} INFO - Filling up the DagBag from /home/shamim/airflow_venv/lib/python3.12/site-packages/airflow/example_dags/example_short_circuit_decorator.py
[2025-03-08T21:55:13.366+0600] {processor.py:925} INFO - DAG(s) 'example_short_circuit_decorator' retrieved from /home/shamim/airflow_venv/lib/python3.12/site-packages/airflow/example_dags/example_short_circuit_decorator.py
[2025-03-08T21:55:13.389+0600] {logging_mixin.py:190} INFO - [2025-03-08T21:55:13.389+0600] {dag.py:3239} INFO - Sync 1 DAGs
[2025-03-08T21:55:13.404+0600] {logging_mixin.py:190} INFO - [2025-03-08T21:55:13.404+0600] {dag.py:4180} INFO - Setting next_dagrun for example_short_circuit_decorator to None, run_after=None
[2025-03-08T21:55:13.429+0600] {processor.py:208} INFO - Processing /home/shamim/airflow_venv/lib/python3.12/site-packages/airflow/example_dags/example_short_circuit_decorator.py took 0.091 seconds
[2025-03-08T21:56:45.509+0600] {processor.py:186} INFO - Started process (PID=44699) to work on /home/shamim/airflow_venv/lib/python3.12/site-packages/airflow/example_dags/example_short_circuit_decorator.py
[2025-03-08T21:56:45.510+0600] {processor.py:914} INFO - Processing file /home/shamim/airflow_venv/lib/python3.12/site-packages/airflow/example_dags/example_short_circuit_decorator.py for tasks to queue
[2025-03-08T21:56:45.512+0600] {logging_mixin.py:190} INFO - [2025-03-08T21:56:45.512+0600] {dagbag.py:588} INFO - Filling up the DagBag from /home/shamim/airflow_venv/lib/python3.12/site-packages/airflow/example_dags/example_short_circuit_decorator.py
[2025-03-08T21:56:45.527+0600] {processor.py:925} INFO - DAG(s) 'example_short_circuit_decorator' retrieved from /home/shamim/airflow_venv/lib/python3.12/site-packages/airflow/example_dags/example_short_circuit_decorator.py
[2025-03-08T21:56:45.551+0600] {logging_mixin.py:190} INFO - [2025-03-08T21:56:45.551+0600] {dag.py:3239} INFO - Sync 1 DAGs
[2025-03-08T21:56:45.566+0600] {logging_mixin.py:190} INFO - [2025-03-08T21:56:45.566+0600] {dag.py:4180} INFO - Setting next_dagrun for example_short_circuit_decorator to None, run_after=None
[2025-03-08T21:56:45.591+0600] {processor.py:208} INFO - Processing /home/shamim/airflow_venv/lib/python3.12/site-packages/airflow/example_dags/example_short_circuit_decorator.py took 0.091 seconds
[2025-03-08T21:58:07.752+0600] {processor.py:186} INFO - Started process (PID=45378) to work on /home/shamim/airflow_venv/lib/python3.12/site-packages/airflow/example_dags/example_short_circuit_decorator.py
[2025-03-08T21:58:07.758+0600] {processor.py:914} INFO - Processing file /home/shamim/airflow_venv/lib/python3.12/site-packages/airflow/example_dags/example_short_circuit_decorator.py for tasks to queue
[2025-03-08T21:58:07.761+0600] {logging_mixin.py:190} INFO - [2025-03-08T21:58:07.760+0600] {dagbag.py:588} INFO - Filling up the DagBag from /home/shamim/airflow_venv/lib/python3.12/site-packages/airflow/example_dags/example_short_circuit_decorator.py
[2025-03-08T21:58:07.776+0600] {processor.py:925} INFO - DAG(s) 'example_short_circuit_decorator' retrieved from /home/shamim/airflow_venv/lib/python3.12/site-packages/airflow/example_dags/example_short_circuit_decorator.py
[2025-03-08T21:58:07.804+0600] {logging_mixin.py:190} INFO - [2025-03-08T21:58:07.804+0600] {dag.py:3239} INFO - Sync 1 DAGs
[2025-03-08T21:58:07.822+0600] {logging_mixin.py:190} INFO - [2025-03-08T21:58:07.822+0600] {dag.py:4180} INFO - Setting next_dagrun for example_short_circuit_decorator to None, run_after=None
[2025-03-08T21:58:07.862+0600] {processor.py:208} INFO - Processing /home/shamim/airflow_venv/lib/python3.12/site-packages/airflow/example_dags/example_short_circuit_decorator.py took 0.119 seconds
[2025-03-08T21:59:41.284+0600] {processor.py:186} INFO - Started process (PID=46214) to work on /home/shamim/airflow_venv/lib/python3.12/site-packages/airflow/example_dags/example_short_circuit_decorator.py
[2025-03-08T21:59:41.291+0600] {processor.py:914} INFO - Processing file /home/shamim/airflow_venv/lib/python3.12/site-packages/airflow/example_dags/example_short_circuit_decorator.py for tasks to queue
[2025-03-08T21:59:41.297+0600] {logging_mixin.py:190} INFO - [2025-03-08T21:59:41.295+0600] {dagbag.py:588} INFO - Filling up the DagBag from /home/shamim/airflow_venv/lib/python3.12/site-packages/airflow/example_dags/example_short_circuit_decorator.py
[2025-03-08T21:59:41.335+0600] {processor.py:925} INFO - DAG(s) 'example_short_circuit_decorator' retrieved from /home/shamim/airflow_venv/lib/python3.12/site-packages/airflow/example_dags/example_short_circuit_decorator.py
[2025-03-08T21:59:41.372+0600] {logging_mixin.py:190} INFO - [2025-03-08T21:59:41.371+0600] {dag.py:3239} INFO - Sync 1 DAGs
[2025-03-08T21:59:41.389+0600] {logging_mixin.py:190} INFO - [2025-03-08T21:59:41.388+0600] {dag.py:4180} INFO - Setting next_dagrun for example_short_circuit_decorator to None, run_after=None
[2025-03-08T21:59:41.428+0600] {processor.py:208} INFO - Processing /home/shamim/airflow_venv/lib/python3.12/site-packages/airflow/example_dags/example_short_circuit_decorator.py took 0.154 seconds
[2025-03-08T22:01:10.755+0600] {processor.py:186} INFO - Started process (PID=46886) to work on /home/shamim/airflow_venv/lib/python3.12/site-packages/airflow/example_dags/example_short_circuit_decorator.py
[2025-03-08T22:01:10.761+0600] {processor.py:914} INFO - Processing file /home/shamim/airflow_venv/lib/python3.12/site-packages/airflow/example_dags/example_short_circuit_decorator.py for tasks to queue
[2025-03-08T22:01:10.763+0600] {logging_mixin.py:190} INFO - [2025-03-08T22:01:10.763+0600] {dagbag.py:588} INFO - Filling up the DagBag from /home/shamim/airflow_venv/lib/python3.12/site-packages/airflow/example_dags/example_short_circuit_decorator.py
[2025-03-08T22:01:10.777+0600] {processor.py:925} INFO - DAG(s) 'example_short_circuit_decorator' retrieved from /home/shamim/airflow_venv/lib/python3.12/site-packages/airflow/example_dags/example_short_circuit_decorator.py
[2025-03-08T22:01:10.801+0600] {logging_mixin.py:190} INFO - [2025-03-08T22:01:10.801+0600] {dag.py:3239} INFO - Sync 1 DAGs
[2025-03-08T22:01:10.817+0600] {logging_mixin.py:190} INFO - [2025-03-08T22:01:10.817+0600] {dag.py:4180} INFO - Setting next_dagrun for example_short_circuit_decorator to None, run_after=None
[2025-03-08T22:01:10.844+0600] {processor.py:208} INFO - Processing /home/shamim/airflow_venv/lib/python3.12/site-packages/airflow/example_dags/example_short_circuit_decorator.py took 0.098 seconds
[2025-03-08T22:02:44.258+0600] {processor.py:186} INFO - Started process (PID=47605) to work on /home/shamim/airflow_venv/lib/python3.12/site-packages/airflow/example_dags/example_short_circuit_decorator.py
[2025-03-08T22:02:44.261+0600] {processor.py:914} INFO - Processing file /home/shamim/airflow_venv/lib/python3.12/site-packages/airflow/example_dags/example_short_circuit_decorator.py for tasks to queue
[2025-03-08T22:02:44.263+0600] {logging_mixin.py:190} INFO - [2025-03-08T22:02:44.262+0600] {dagbag.py:588} INFO - Filling up the DagBag from /home/shamim/airflow_venv/lib/python3.12/site-packages/airflow/example_dags/example_short_circuit_decorator.py
[2025-03-08T22:02:44.275+0600] {processor.py:925} INFO - DAG(s) 'example_short_circuit_decorator' retrieved from /home/shamim/airflow_venv/lib/python3.12/site-packages/airflow/example_dags/example_short_circuit_decorator.py
[2025-03-08T22:02:44.300+0600] {logging_mixin.py:190} INFO - [2025-03-08T22:02:44.299+0600] {dag.py:3239} INFO - Sync 1 DAGs
[2025-03-08T22:02:44.315+0600] {logging_mixin.py:190} INFO - [2025-03-08T22:02:44.314+0600] {dag.py:4180} INFO - Setting next_dagrun for example_short_circuit_decorator to None, run_after=None
[2025-03-08T22:02:44.342+0600] {processor.py:208} INFO - Processing /home/shamim/airflow_venv/lib/python3.12/site-packages/airflow/example_dags/example_short_circuit_decorator.py took 0.095 seconds
[2025-03-08T22:04:18.522+0600] {processor.py:186} INFO - Started process (PID=48377) to work on /home/shamim/airflow_venv/lib/python3.12/site-packages/airflow/example_dags/example_short_circuit_decorator.py
[2025-03-08T22:04:18.529+0600] {processor.py:914} INFO - Processing file /home/shamim/airflow_venv/lib/python3.12/site-packages/airflow/example_dags/example_short_circuit_decorator.py for tasks to queue
[2025-03-08T22:04:18.536+0600] {logging_mixin.py:190} INFO - [2025-03-08T22:04:18.535+0600] {dagbag.py:588} INFO - Filling up the DagBag from /home/shamim/airflow_venv/lib/python3.12/site-packages/airflow/example_dags/example_short_circuit_decorator.py
[2025-03-08T22:04:18.554+0600] {processor.py:925} INFO - DAG(s) 'example_short_circuit_decorator' retrieved from /home/shamim/airflow_venv/lib/python3.12/site-packages/airflow/example_dags/example_short_circuit_decorator.py
[2025-03-08T22:04:18.579+0600] {logging_mixin.py:190} INFO - [2025-03-08T22:04:18.579+0600] {dag.py:3239} INFO - Sync 1 DAGs
[2025-03-08T22:04:18.596+0600] {logging_mixin.py:190} INFO - [2025-03-08T22:04:18.595+0600] {dag.py:4180} INFO - Setting next_dagrun for example_short_circuit_decorator to None, run_after=None
[2025-03-08T22:04:18.622+0600] {processor.py:208} INFO - Processing /home/shamim/airflow_venv/lib/python3.12/site-packages/airflow/example_dags/example_short_circuit_decorator.py took 0.109 seconds
[2025-03-08T22:05:41.909+0600] {processor.py:186} INFO - Started process (PID=48900) to work on /home/shamim/airflow_venv/lib/python3.12/site-packages/airflow/example_dags/example_short_circuit_decorator.py
[2025-03-08T22:05:41.915+0600] {processor.py:914} INFO - Processing file /home/shamim/airflow_venv/lib/python3.12/site-packages/airflow/example_dags/example_short_circuit_decorator.py for tasks to queue
[2025-03-08T22:05:41.917+0600] {logging_mixin.py:190} INFO - [2025-03-08T22:05:41.917+0600] {dagbag.py:588} INFO - Filling up the DagBag from /home/shamim/airflow_venv/lib/python3.12/site-packages/airflow/example_dags/example_short_circuit_decorator.py
[2025-03-08T22:05:41.930+0600] {processor.py:925} INFO - DAG(s) 'example_short_circuit_decorator' retrieved from /home/shamim/airflow_venv/lib/python3.12/site-packages/airflow/example_dags/example_short_circuit_decorator.py
[2025-03-08T22:05:41.957+0600] {logging_mixin.py:190} INFO - [2025-03-08T22:05:41.956+0600] {dag.py:3239} INFO - Sync 1 DAGs
[2025-03-08T22:05:41.973+0600] {logging_mixin.py:190} INFO - [2025-03-08T22:05:41.973+0600] {dag.py:4180} INFO - Setting next_dagrun for example_short_circuit_decorator to None, run_after=None
[2025-03-08T22:05:42.021+0600] {processor.py:208} INFO - Processing /home/shamim/airflow_venv/lib/python3.12/site-packages/airflow/example_dags/example_short_circuit_decorator.py took 0.123 seconds
[2025-03-08T22:07:23.120+0600] {processor.py:186} INFO - Started process (PID=49608) to work on /home/shamim/airflow_venv/lib/python3.12/site-packages/airflow/example_dags/example_short_circuit_decorator.py
[2025-03-08T22:07:23.147+0600] {processor.py:914} INFO - Processing file /home/shamim/airflow_venv/lib/python3.12/site-packages/airflow/example_dags/example_short_circuit_decorator.py for tasks to queue
[2025-03-08T22:07:23.150+0600] {logging_mixin.py:190} INFO - [2025-03-08T22:07:23.149+0600] {dagbag.py:588} INFO - Filling up the DagBag from /home/shamim/airflow_venv/lib/python3.12/site-packages/airflow/example_dags/example_short_circuit_decorator.py
[2025-03-08T22:07:23.165+0600] {processor.py:925} INFO - DAG(s) 'example_short_circuit_decorator' retrieved from /home/shamim/airflow_venv/lib/python3.12/site-packages/airflow/example_dags/example_short_circuit_decorator.py
[2025-03-08T22:07:23.195+0600] {logging_mixin.py:190} INFO - [2025-03-08T22:07:23.195+0600] {dag.py:3239} INFO - Sync 1 DAGs
[2025-03-08T22:07:23.215+0600] {logging_mixin.py:190} INFO - [2025-03-08T22:07:23.214+0600] {dag.py:4180} INFO - Setting next_dagrun for example_short_circuit_decorator to None, run_after=None
[2025-03-08T22:07:23.243+0600] {processor.py:208} INFO - Processing /home/shamim/airflow_venv/lib/python3.12/site-packages/airflow/example_dags/example_short_circuit_decorator.py took 0.135 seconds
[2025-03-08T22:08:59.143+0600] {processor.py:186} INFO - Started process (PID=50430) to work on /home/shamim/airflow_venv/lib/python3.12/site-packages/airflow/example_dags/example_short_circuit_decorator.py
[2025-03-08T22:08:59.144+0600] {processor.py:914} INFO - Processing file /home/shamim/airflow_venv/lib/python3.12/site-packages/airflow/example_dags/example_short_circuit_decorator.py for tasks to queue
[2025-03-08T22:08:59.146+0600] {logging_mixin.py:190} INFO - [2025-03-08T22:08:59.146+0600] {dagbag.py:588} INFO - Filling up the DagBag from /home/shamim/airflow_venv/lib/python3.12/site-packages/airflow/example_dags/example_short_circuit_decorator.py
[2025-03-08T22:08:59.159+0600] {processor.py:925} INFO - DAG(s) 'example_short_circuit_decorator' retrieved from /home/shamim/airflow_venv/lib/python3.12/site-packages/airflow/example_dags/example_short_circuit_decorator.py
[2025-03-08T22:08:59.184+0600] {logging_mixin.py:190} INFO - [2025-03-08T22:08:59.184+0600] {dag.py:3239} INFO - Sync 1 DAGs
[2025-03-08T22:08:59.199+0600] {logging_mixin.py:190} INFO - [2025-03-08T22:08:59.199+0600] {dag.py:4180} INFO - Setting next_dagrun for example_short_circuit_decorator to None, run_after=None
[2025-03-08T22:08:59.236+0600] {processor.py:208} INFO - Processing /home/shamim/airflow_venv/lib/python3.12/site-packages/airflow/example_dags/example_short_circuit_decorator.py took 0.104 seconds
[2025-03-08T22:10:31.552+0600] {processor.py:186} INFO - Started process (PID=51220) to work on /home/shamim/airflow_venv/lib/python3.12/site-packages/airflow/example_dags/example_short_circuit_decorator.py
[2025-03-08T22:10:31.553+0600] {processor.py:914} INFO - Processing file /home/shamim/airflow_venv/lib/python3.12/site-packages/airflow/example_dags/example_short_circuit_decorator.py for tasks to queue
[2025-03-08T22:10:31.558+0600] {logging_mixin.py:190} INFO - [2025-03-08T22:10:31.557+0600] {dagbag.py:588} INFO - Filling up the DagBag from /home/shamim/airflow_venv/lib/python3.12/site-packages/airflow/example_dags/example_short_circuit_decorator.py
[2025-03-08T22:10:31.581+0600] {processor.py:925} INFO - DAG(s) 'example_short_circuit_decorator' retrieved from /home/shamim/airflow_venv/lib/python3.12/site-packages/airflow/example_dags/example_short_circuit_decorator.py
[2025-03-08T22:10:31.621+0600] {logging_mixin.py:190} INFO - [2025-03-08T22:10:31.620+0600] {dag.py:3239} INFO - Sync 1 DAGs
[2025-03-08T22:10:31.640+0600] {logging_mixin.py:190} INFO - [2025-03-08T22:10:31.640+0600] {dag.py:4180} INFO - Setting next_dagrun for example_short_circuit_decorator to None, run_after=None
[2025-03-08T22:10:31.665+0600] {processor.py:208} INFO - Processing /home/shamim/airflow_venv/lib/python3.12/site-packages/airflow/example_dags/example_short_circuit_decorator.py took 0.131 seconds
[2025-03-08T22:12:06.928+0600] {processor.py:186} INFO - Started process (PID=51727) to work on /home/shamim/airflow_venv/lib/python3.12/site-packages/airflow/example_dags/example_short_circuit_decorator.py
[2025-03-08T22:12:06.956+0600] {processor.py:914} INFO - Processing file /home/shamim/airflow_venv/lib/python3.12/site-packages/airflow/example_dags/example_short_circuit_decorator.py for tasks to queue
[2025-03-08T22:12:06.962+0600] {logging_mixin.py:190} INFO - [2025-03-08T22:12:06.961+0600] {dagbag.py:588} INFO - Filling up the DagBag from /home/shamim/airflow_venv/lib/python3.12/site-packages/airflow/example_dags/example_short_circuit_decorator.py
[2025-03-08T22:12:06.985+0600] {processor.py:925} INFO - DAG(s) 'example_short_circuit_decorator' retrieved from /home/shamim/airflow_venv/lib/python3.12/site-packages/airflow/example_dags/example_short_circuit_decorator.py
[2025-03-08T22:12:07.010+0600] {logging_mixin.py:190} INFO - [2025-03-08T22:12:07.010+0600] {dag.py:3239} INFO - Sync 1 DAGs
[2025-03-08T22:12:07.026+0600] {logging_mixin.py:190} INFO - [2025-03-08T22:12:07.025+0600] {dag.py:4180} INFO - Setting next_dagrun for example_short_circuit_decorator to None, run_after=None
[2025-03-08T22:12:07.050+0600] {processor.py:208} INFO - Processing /home/shamim/airflow_venv/lib/python3.12/site-packages/airflow/example_dags/example_short_circuit_decorator.py took 0.137 seconds
[2025-03-08T22:13:36.855+0600] {processor.py:186} INFO - Started process (PID=52229) to work on /home/shamim/airflow_venv/lib/python3.12/site-packages/airflow/example_dags/example_short_circuit_decorator.py
[2025-03-08T22:13:36.863+0600] {processor.py:914} INFO - Processing file /home/shamim/airflow_venv/lib/python3.12/site-packages/airflow/example_dags/example_short_circuit_decorator.py for tasks to queue
[2025-03-08T22:13:36.872+0600] {logging_mixin.py:190} INFO - [2025-03-08T22:13:36.871+0600] {dagbag.py:588} INFO - Filling up the DagBag from /home/shamim/airflow_venv/lib/python3.12/site-packages/airflow/example_dags/example_short_circuit_decorator.py
[2025-03-08T22:13:36.904+0600] {processor.py:925} INFO - DAG(s) 'example_short_circuit_decorator' retrieved from /home/shamim/airflow_venv/lib/python3.12/site-packages/airflow/example_dags/example_short_circuit_decorator.py
[2025-03-08T22:13:36.932+0600] {logging_mixin.py:190} INFO - [2025-03-08T22:13:36.931+0600] {dag.py:3239} INFO - Sync 1 DAGs
[2025-03-08T22:13:36.948+0600] {logging_mixin.py:190} INFO - [2025-03-08T22:13:36.948+0600] {dag.py:4180} INFO - Setting next_dagrun for example_short_circuit_decorator to None, run_after=None
[2025-03-08T22:13:36.985+0600] {processor.py:208} INFO - Processing /home/shamim/airflow_venv/lib/python3.12/site-packages/airflow/example_dags/example_short_circuit_decorator.py took 0.163 seconds
[2025-03-08T22:15:02.962+0600] {processor.py:186} INFO - Started process (PID=52725) to work on /home/shamim/airflow_venv/lib/python3.12/site-packages/airflow/example_dags/example_short_circuit_decorator.py
[2025-03-08T22:15:02.965+0600] {processor.py:914} INFO - Processing file /home/shamim/airflow_venv/lib/python3.12/site-packages/airflow/example_dags/example_short_circuit_decorator.py for tasks to queue
[2025-03-08T22:15:02.968+0600] {logging_mixin.py:190} INFO - [2025-03-08T22:15:02.967+0600] {dagbag.py:588} INFO - Filling up the DagBag from /home/shamim/airflow_venv/lib/python3.12/site-packages/airflow/example_dags/example_short_circuit_decorator.py
[2025-03-08T22:15:02.983+0600] {processor.py:925} INFO - DAG(s) 'example_short_circuit_decorator' retrieved from /home/shamim/airflow_venv/lib/python3.12/site-packages/airflow/example_dags/example_short_circuit_decorator.py
[2025-03-08T22:15:03.008+0600] {logging_mixin.py:190} INFO - [2025-03-08T22:15:03.008+0600] {dag.py:3239} INFO - Sync 1 DAGs
[2025-03-08T22:15:03.024+0600] {logging_mixin.py:190} INFO - [2025-03-08T22:15:03.024+0600] {dag.py:4180} INFO - Setting next_dagrun for example_short_circuit_decorator to None, run_after=None
[2025-03-08T22:15:03.048+0600] {processor.py:208} INFO - Processing /home/shamim/airflow_venv/lib/python3.12/site-packages/airflow/example_dags/example_short_circuit_decorator.py took 0.102 seconds
[2025-03-08T22:16:46.159+0600] {processor.py:186} INFO - Started process (PID=53288) to work on /home/shamim/airflow_venv/lib/python3.12/site-packages/airflow/example_dags/example_short_circuit_decorator.py
[2025-03-08T22:16:46.166+0600] {processor.py:914} INFO - Processing file /home/shamim/airflow_venv/lib/python3.12/site-packages/airflow/example_dags/example_short_circuit_decorator.py for tasks to queue
[2025-03-08T22:16:46.169+0600] {logging_mixin.py:190} INFO - [2025-03-08T22:16:46.168+0600] {dagbag.py:588} INFO - Filling up the DagBag from /home/shamim/airflow_venv/lib/python3.12/site-packages/airflow/example_dags/example_short_circuit_decorator.py
[2025-03-08T22:16:46.183+0600] {processor.py:925} INFO - DAG(s) 'example_short_circuit_decorator' retrieved from /home/shamim/airflow_venv/lib/python3.12/site-packages/airflow/example_dags/example_short_circuit_decorator.py
[2025-03-08T22:16:46.213+0600] {logging_mixin.py:190} INFO - [2025-03-08T22:16:46.213+0600] {dag.py:3239} INFO - Sync 1 DAGs
[2025-03-08T22:16:46.236+0600] {logging_mixin.py:190} INFO - [2025-03-08T22:16:46.236+0600] {dag.py:4180} INFO - Setting next_dagrun for example_short_circuit_decorator to None, run_after=None
[2025-03-08T22:16:46.269+0600] {processor.py:208} INFO - Processing /home/shamim/airflow_venv/lib/python3.12/site-packages/airflow/example_dags/example_short_circuit_decorator.py took 0.121 seconds
[2025-03-08T22:18:27.541+0600] {processor.py:186} INFO - Started process (PID=53876) to work on /home/shamim/airflow_venv/lib/python3.12/site-packages/airflow/example_dags/example_short_circuit_decorator.py
[2025-03-08T22:18:27.545+0600] {processor.py:914} INFO - Processing file /home/shamim/airflow_venv/lib/python3.12/site-packages/airflow/example_dags/example_short_circuit_decorator.py for tasks to queue
[2025-03-08T22:18:27.547+0600] {logging_mixin.py:190} INFO - [2025-03-08T22:18:27.547+0600] {dagbag.py:588} INFO - Filling up the DagBag from /home/shamim/airflow_venv/lib/python3.12/site-packages/airflow/example_dags/example_short_circuit_decorator.py
[2025-03-08T22:18:27.560+0600] {processor.py:925} INFO - DAG(s) 'example_short_circuit_decorator' retrieved from /home/shamim/airflow_venv/lib/python3.12/site-packages/airflow/example_dags/example_short_circuit_decorator.py
[2025-03-08T22:18:27.585+0600] {logging_mixin.py:190} INFO - [2025-03-08T22:18:27.584+0600] {dag.py:3239} INFO - Sync 1 DAGs
[2025-03-08T22:18:27.600+0600] {logging_mixin.py:190} INFO - [2025-03-08T22:18:27.600+0600] {dag.py:4180} INFO - Setting next_dagrun for example_short_circuit_decorator to None, run_after=None
[2025-03-08T22:18:27.626+0600] {processor.py:208} INFO - Processing /home/shamim/airflow_venv/lib/python3.12/site-packages/airflow/example_dags/example_short_circuit_decorator.py took 0.094 seconds
[2025-03-08T22:20:04.928+0600] {processor.py:186} INFO - Started process (PID=54738) to work on /home/shamim/airflow_venv/lib/python3.12/site-packages/airflow/example_dags/example_short_circuit_decorator.py
[2025-03-08T22:20:04.929+0600] {processor.py:914} INFO - Processing file /home/shamim/airflow_venv/lib/python3.12/site-packages/airflow/example_dags/example_short_circuit_decorator.py for tasks to queue
[2025-03-08T22:20:04.932+0600] {logging_mixin.py:190} INFO - [2025-03-08T22:20:04.931+0600] {dagbag.py:588} INFO - Filling up the DagBag from /home/shamim/airflow_venv/lib/python3.12/site-packages/airflow/example_dags/example_short_circuit_decorator.py
[2025-03-08T22:20:04.946+0600] {processor.py:925} INFO - DAG(s) 'example_short_circuit_decorator' retrieved from /home/shamim/airflow_venv/lib/python3.12/site-packages/airflow/example_dags/example_short_circuit_decorator.py
[2025-03-08T22:20:04.969+0600] {logging_mixin.py:190} INFO - [2025-03-08T22:20:04.969+0600] {dag.py:3239} INFO - Sync 1 DAGs
[2025-03-08T22:20:04.984+0600] {logging_mixin.py:190} INFO - [2025-03-08T22:20:04.984+0600] {dag.py:4180} INFO - Setting next_dagrun for example_short_circuit_decorator to None, run_after=None
[2025-03-08T22:20:05.011+0600] {processor.py:208} INFO - Processing /home/shamim/airflow_venv/lib/python3.12/site-packages/airflow/example_dags/example_short_circuit_decorator.py took 0.092 seconds
[2025-03-08T22:21:37.804+0600] {processor.py:186} INFO - Started process (PID=55372) to work on /home/shamim/airflow_venv/lib/python3.12/site-packages/airflow/example_dags/example_short_circuit_decorator.py
[2025-03-08T22:21:37.812+0600] {processor.py:914} INFO - Processing file /home/shamim/airflow_venv/lib/python3.12/site-packages/airflow/example_dags/example_short_circuit_decorator.py for tasks to queue
[2025-03-08T22:21:37.819+0600] {logging_mixin.py:190} INFO - [2025-03-08T22:21:37.818+0600] {dagbag.py:588} INFO - Filling up the DagBag from /home/shamim/airflow_venv/lib/python3.12/site-packages/airflow/example_dags/example_short_circuit_decorator.py
[2025-03-08T22:21:37.846+0600] {processor.py:925} INFO - DAG(s) 'example_short_circuit_decorator' retrieved from /home/shamim/airflow_venv/lib/python3.12/site-packages/airflow/example_dags/example_short_circuit_decorator.py
[2025-03-08T22:21:37.875+0600] {logging_mixin.py:190} INFO - [2025-03-08T22:21:37.874+0600] {dag.py:3239} INFO - Sync 1 DAGs
[2025-03-08T22:21:37.892+0600] {logging_mixin.py:190} INFO - [2025-03-08T22:21:37.891+0600] {dag.py:4180} INFO - Setting next_dagrun for example_short_circuit_decorator to None, run_after=None
[2025-03-08T22:21:37.933+0600] {processor.py:208} INFO - Processing /home/shamim/airflow_venv/lib/python3.12/site-packages/airflow/example_dags/example_short_circuit_decorator.py took 0.161 seconds
[2025-03-08T22:23:23.613+0600] {processor.py:186} INFO - Started process (PID=56163) to work on /home/shamim/airflow_venv/lib/python3.12/site-packages/airflow/example_dags/example_short_circuit_decorator.py
[2025-03-08T22:23:23.620+0600] {processor.py:914} INFO - Processing file /home/shamim/airflow_venv/lib/python3.12/site-packages/airflow/example_dags/example_short_circuit_decorator.py for tasks to queue
[2025-03-08T22:23:23.622+0600] {logging_mixin.py:190} INFO - [2025-03-08T22:23:23.622+0600] {dagbag.py:588} INFO - Filling up the DagBag from /home/shamim/airflow_venv/lib/python3.12/site-packages/airflow/example_dags/example_short_circuit_decorator.py
[2025-03-08T22:23:23.635+0600] {processor.py:925} INFO - DAG(s) 'example_short_circuit_decorator' retrieved from /home/shamim/airflow_venv/lib/python3.12/site-packages/airflow/example_dags/example_short_circuit_decorator.py
[2025-03-08T22:23:23.658+0600] {logging_mixin.py:190} INFO - [2025-03-08T22:23:23.658+0600] {dag.py:3239} INFO - Sync 1 DAGs
[2025-03-08T22:23:23.675+0600] {logging_mixin.py:190} INFO - [2025-03-08T22:23:23.674+0600] {dag.py:4180} INFO - Setting next_dagrun for example_short_circuit_decorator to None, run_after=None
[2025-03-08T22:23:23.711+0600] {processor.py:208} INFO - Processing /home/shamim/airflow_venv/lib/python3.12/site-packages/airflow/example_dags/example_short_circuit_decorator.py took 0.106 seconds
[2025-03-08T22:25:03.048+0600] {processor.py:186} INFO - Started process (PID=56915) to work on /home/shamim/airflow_venv/lib/python3.12/site-packages/airflow/example_dags/example_short_circuit_decorator.py
[2025-03-08T22:25:03.054+0600] {processor.py:914} INFO - Processing file /home/shamim/airflow_venv/lib/python3.12/site-packages/airflow/example_dags/example_short_circuit_decorator.py for tasks to queue
[2025-03-08T22:25:03.058+0600] {logging_mixin.py:190} INFO - [2025-03-08T22:25:03.057+0600] {dagbag.py:588} INFO - Filling up the DagBag from /home/shamim/airflow_venv/lib/python3.12/site-packages/airflow/example_dags/example_short_circuit_decorator.py
[2025-03-08T22:25:03.073+0600] {processor.py:925} INFO - DAG(s) 'example_short_circuit_decorator' retrieved from /home/shamim/airflow_venv/lib/python3.12/site-packages/airflow/example_dags/example_short_circuit_decorator.py
[2025-03-08T22:25:03.239+0600] {logging_mixin.py:190} INFO - [2025-03-08T22:25:03.239+0600] {dag.py:3239} INFO - Sync 1 DAGs
[2025-03-08T22:25:03.255+0600] {logging_mixin.py:190} INFO - [2025-03-08T22:25:03.255+0600] {dag.py:4180} INFO - Setting next_dagrun for example_short_circuit_decorator to None, run_after=None
[2025-03-08T22:25:03.287+0600] {processor.py:208} INFO - Processing /home/shamim/airflow_venv/lib/python3.12/site-packages/airflow/example_dags/example_short_circuit_decorator.py took 0.253 seconds
[2025-03-08T22:26:37.434+0600] {processor.py:186} INFO - Started process (PID=57493) to work on /home/shamim/airflow_venv/lib/python3.12/site-packages/airflow/example_dags/example_short_circuit_decorator.py
[2025-03-08T22:26:37.441+0600] {processor.py:914} INFO - Processing file /home/shamim/airflow_venv/lib/python3.12/site-packages/airflow/example_dags/example_short_circuit_decorator.py for tasks to queue
[2025-03-08T22:26:37.443+0600] {logging_mixin.py:190} INFO - [2025-03-08T22:26:37.443+0600] {dagbag.py:588} INFO - Filling up the DagBag from /home/shamim/airflow_venv/lib/python3.12/site-packages/airflow/example_dags/example_short_circuit_decorator.py
[2025-03-08T22:26:37.457+0600] {processor.py:925} INFO - DAG(s) 'example_short_circuit_decorator' retrieved from /home/shamim/airflow_venv/lib/python3.12/site-packages/airflow/example_dags/example_short_circuit_decorator.py
[2025-03-08T22:26:37.482+0600] {logging_mixin.py:190} INFO - [2025-03-08T22:26:37.482+0600] {dag.py:3239} INFO - Sync 1 DAGs
[2025-03-08T22:26:37.641+0600] {logging_mixin.py:190} INFO - [2025-03-08T22:26:37.641+0600] {dag.py:4180} INFO - Setting next_dagrun for example_short_circuit_decorator to None, run_after=None
[2025-03-08T22:26:37.672+0600] {processor.py:208} INFO - Processing /home/shamim/airflow_venv/lib/python3.12/site-packages/airflow/example_dags/example_short_circuit_decorator.py took 0.258 seconds
[2025-03-08T22:28:22.199+0600] {processor.py:186} INFO - Started process (PID=58091) to work on /home/shamim/airflow_venv/lib/python3.12/site-packages/airflow/example_dags/example_short_circuit_decorator.py
[2025-03-08T22:28:22.203+0600] {processor.py:914} INFO - Processing file /home/shamim/airflow_venv/lib/python3.12/site-packages/airflow/example_dags/example_short_circuit_decorator.py for tasks to queue
[2025-03-08T22:28:22.207+0600] {logging_mixin.py:190} INFO - [2025-03-08T22:28:22.206+0600] {dagbag.py:588} INFO - Filling up the DagBag from /home/shamim/airflow_venv/lib/python3.12/site-packages/airflow/example_dags/example_short_circuit_decorator.py
[2025-03-08T22:28:22.222+0600] {processor.py:925} INFO - DAG(s) 'example_short_circuit_decorator' retrieved from /home/shamim/airflow_venv/lib/python3.12/site-packages/airflow/example_dags/example_short_circuit_decorator.py
[2025-03-08T22:28:22.252+0600] {logging_mixin.py:190} INFO - [2025-03-08T22:28:22.252+0600] {dag.py:3239} INFO - Sync 1 DAGs
[2025-03-08T22:28:22.418+0600] {logging_mixin.py:190} INFO - [2025-03-08T22:28:22.418+0600] {dag.py:4180} INFO - Setting next_dagrun for example_short_circuit_decorator to None, run_after=None
[2025-03-08T22:28:22.448+0600] {processor.py:208} INFO - Processing /home/shamim/airflow_venv/lib/python3.12/site-packages/airflow/example_dags/example_short_circuit_decorator.py took 0.259 seconds
[2025-03-08T22:30:01.027+0600] {processor.py:186} INFO - Started process (PID=58607) to work on /home/shamim/airflow_venv/lib/python3.12/site-packages/airflow/example_dags/example_short_circuit_decorator.py
[2025-03-08T22:30:01.033+0600] {processor.py:914} INFO - Processing file /home/shamim/airflow_venv/lib/python3.12/site-packages/airflow/example_dags/example_short_circuit_decorator.py for tasks to queue
[2025-03-08T22:30:01.036+0600] {logging_mixin.py:190} INFO - [2025-03-08T22:30:01.035+0600] {dagbag.py:588} INFO - Filling up the DagBag from /home/shamim/airflow_venv/lib/python3.12/site-packages/airflow/example_dags/example_short_circuit_decorator.py
[2025-03-08T22:30:01.049+0600] {processor.py:925} INFO - DAG(s) 'example_short_circuit_decorator' retrieved from /home/shamim/airflow_venv/lib/python3.12/site-packages/airflow/example_dags/example_short_circuit_decorator.py
[2025-03-08T22:30:01.073+0600] {logging_mixin.py:190} INFO - [2025-03-08T22:30:01.072+0600] {dag.py:3239} INFO - Sync 1 DAGs
[2025-03-08T22:30:01.090+0600] {logging_mixin.py:190} INFO - [2025-03-08T22:30:01.089+0600] {dag.py:4180} INFO - Setting next_dagrun for example_short_circuit_decorator to None, run_after=None
[2025-03-08T22:30:01.116+0600] {processor.py:208} INFO - Processing /home/shamim/airflow_venv/lib/python3.12/site-packages/airflow/example_dags/example_short_circuit_decorator.py took 0.098 seconds
[2025-03-08T22:31:38.332+0600] {processor.py:186} INFO - Started process (PID=59101) to work on /home/shamim/airflow_venv/lib/python3.12/site-packages/airflow/example_dags/example_short_circuit_decorator.py
[2025-03-08T22:31:38.337+0600] {processor.py:914} INFO - Processing file /home/shamim/airflow_venv/lib/python3.12/site-packages/airflow/example_dags/example_short_circuit_decorator.py for tasks to queue
[2025-03-08T22:31:38.340+0600] {logging_mixin.py:190} INFO - [2025-03-08T22:31:38.340+0600] {dagbag.py:588} INFO - Filling up the DagBag from /home/shamim/airflow_venv/lib/python3.12/site-packages/airflow/example_dags/example_short_circuit_decorator.py
[2025-03-08T22:31:38.356+0600] {processor.py:925} INFO - DAG(s) 'example_short_circuit_decorator' retrieved from /home/shamim/airflow_venv/lib/python3.12/site-packages/airflow/example_dags/example_short_circuit_decorator.py
[2025-03-08T22:31:38.384+0600] {logging_mixin.py:190} INFO - [2025-03-08T22:31:38.383+0600] {dag.py:3239} INFO - Sync 1 DAGs
[2025-03-08T22:31:38.408+0600] {logging_mixin.py:190} INFO - [2025-03-08T22:31:38.408+0600] {dag.py:4180} INFO - Setting next_dagrun for example_short_circuit_decorator to None, run_after=None
[2025-03-08T22:31:38.436+0600] {processor.py:208} INFO - Processing /home/shamim/airflow_venv/lib/python3.12/site-packages/airflow/example_dags/example_short_circuit_decorator.py took 0.114 seconds
[2025-03-08T22:33:06.883+0600] {processor.py:186} INFO - Started process (PID=59616) to work on /home/shamim/airflow_venv/lib/python3.12/site-packages/airflow/example_dags/example_short_circuit_decorator.py
[2025-03-08T22:33:06.889+0600] {processor.py:914} INFO - Processing file /home/shamim/airflow_venv/lib/python3.12/site-packages/airflow/example_dags/example_short_circuit_decorator.py for tasks to queue
[2025-03-08T22:33:06.892+0600] {logging_mixin.py:190} INFO - [2025-03-08T22:33:06.891+0600] {dagbag.py:588} INFO - Filling up the DagBag from /home/shamim/airflow_venv/lib/python3.12/site-packages/airflow/example_dags/example_short_circuit_decorator.py
[2025-03-08T22:33:06.907+0600] {processor.py:925} INFO - DAG(s) 'example_short_circuit_decorator' retrieved from /home/shamim/airflow_venv/lib/python3.12/site-packages/airflow/example_dags/example_short_circuit_decorator.py
[2025-03-08T22:33:06.934+0600] {logging_mixin.py:190} INFO - [2025-03-08T22:33:06.934+0600] {dag.py:3239} INFO - Sync 1 DAGs
[2025-03-08T22:33:06.950+0600] {logging_mixin.py:190} INFO - [2025-03-08T22:33:06.950+0600] {dag.py:4180} INFO - Setting next_dagrun for example_short_circuit_decorator to None, run_after=None
[2025-03-08T22:33:06.985+0600] {processor.py:208} INFO - Processing /home/shamim/airflow_venv/lib/python3.12/site-packages/airflow/example_dags/example_short_circuit_decorator.py took 0.113 seconds
