[2025-03-08T21:09:39.720+0600] {processor.py:186} INFO - Started process (PID=26821) to work on /home/shamim/airflow_venv/lib/python3.12/site-packages/airflow/example_dags/example_outlet_event_extra.py
[2025-03-08T21:09:39.721+0600] {processor.py:914} INFO - Processing file /home/shamim/airflow_venv/lib/python3.12/site-packages/airflow/example_dags/example_outlet_event_extra.py for tasks to queue
[2025-03-08T21:09:39.724+0600] {logging_mixin.py:190} INFO - [2025-03-08T21:09:39.723+0600] {dagbag.py:588} INFO - Filling up the DagBag from /home/shamim/airflow_venv/lib/python3.12/site-packages/airflow/example_dags/example_outlet_event_extra.py
[2025-03-08T21:09:39.745+0600] {processor.py:925} INFO - DAG(s) 'dataset_with_extra_from_classic_operator', 'dataset_with_extra_by_context', 'dataset_with_extra_by_yield' retrieved from /home/shamim/airflow_venv/lib/python3.12/site-packages/airflow/example_dags/example_outlet_event_extra.py
[2025-03-08T21:09:39.776+0600] {logging_mixin.py:190} INFO - [2025-03-08T21:09:39.775+0600] {dag.py:3239} INFO - Sync 3 DAGs
[2025-03-08T21:09:39.809+0600] {logging_mixin.py:190} INFO - [2025-03-08T21:09:39.808+0600] {dag.py:4180} INFO - Setting next_dagrun for dataset_with_extra_by_context to 2025-03-07 00:00:00+00:00, run_after=2025-03-08 00:00:00+00:00
[2025-03-08T21:09:39.815+0600] {logging_mixin.py:190} INFO - [2025-03-08T21:09:39.814+0600] {dag.py:4180} INFO - Setting next_dagrun for dataset_with_extra_by_yield to 2025-03-07 00:00:00+00:00, run_after=2025-03-08 00:00:00+00:00
[2025-03-08T21:09:39.817+0600] {logging_mixin.py:190} INFO - [2025-03-08T21:09:39.817+0600] {dag.py:4180} INFO - Setting next_dagrun for dataset_with_extra_from_classic_operator to 2025-03-07 00:00:00+00:00, run_after=2025-03-08 00:00:00+00:00
[2025-03-08T21:09:39.849+0600] {processor.py:208} INFO - Processing /home/shamim/airflow_venv/lib/python3.12/site-packages/airflow/example_dags/example_outlet_event_extra.py took 0.138 seconds
[2025-03-08T21:12:02.437+0600] {processor.py:186} INFO - Started process (PID=27501) to work on /home/shamim/airflow_venv/lib/python3.12/site-packages/airflow/example_dags/example_outlet_event_extra.py
[2025-03-08T21:12:02.443+0600] {processor.py:914} INFO - Processing file /home/shamim/airflow_venv/lib/python3.12/site-packages/airflow/example_dags/example_outlet_event_extra.py for tasks to queue
[2025-03-08T21:12:02.446+0600] {logging_mixin.py:190} INFO - [2025-03-08T21:12:02.446+0600] {dagbag.py:588} INFO - Filling up the DagBag from /home/shamim/airflow_venv/lib/python3.12/site-packages/airflow/example_dags/example_outlet_event_extra.py
[2025-03-08T21:12:02.469+0600] {processor.py:925} INFO - DAG(s) 'dataset_with_extra_from_classic_operator', 'dataset_with_extra_by_yield', 'dataset_with_extra_by_context' retrieved from /home/shamim/airflow_venv/lib/python3.12/site-packages/airflow/example_dags/example_outlet_event_extra.py
[2025-03-08T21:12:02.505+0600] {logging_mixin.py:190} INFO - [2025-03-08T21:12:02.505+0600] {dag.py:3239} INFO - Sync 3 DAGs
[2025-03-08T21:12:02.537+0600] {logging_mixin.py:190} INFO - [2025-03-08T21:12:02.537+0600] {dag.py:4180} INFO - Setting next_dagrun for dataset_with_extra_by_context to 2025-03-07 00:00:00+00:00, run_after=2025-03-08 00:00:00+00:00
[2025-03-08T21:12:02.543+0600] {logging_mixin.py:190} INFO - [2025-03-08T21:12:02.543+0600] {dag.py:4180} INFO - Setting next_dagrun for dataset_with_extra_by_yield to 2025-03-07 00:00:00+00:00, run_after=2025-03-08 00:00:00+00:00
[2025-03-08T21:12:02.546+0600] {logging_mixin.py:190} INFO - [2025-03-08T21:12:02.546+0600] {dag.py:4180} INFO - Setting next_dagrun for dataset_with_extra_from_classic_operator to 2025-03-07 00:00:00+00:00, run_after=2025-03-08 00:00:00+00:00
[2025-03-08T21:12:02.589+0600] {processor.py:208} INFO - Processing /home/shamim/airflow_venv/lib/python3.12/site-packages/airflow/example_dags/example_outlet_event_extra.py took 0.160 seconds
[2025-03-08T21:13:36.202+0600] {processor.py:186} INFO - Started process (PID=28068) to work on /home/shamim/airflow_venv/lib/python3.12/site-packages/airflow/example_dags/example_outlet_event_extra.py
[2025-03-08T21:13:36.209+0600] {processor.py:914} INFO - Processing file /home/shamim/airflow_venv/lib/python3.12/site-packages/airflow/example_dags/example_outlet_event_extra.py for tasks to queue
[2025-03-08T21:13:36.212+0600] {logging_mixin.py:190} INFO - [2025-03-08T21:13:36.211+0600] {dagbag.py:588} INFO - Filling up the DagBag from /home/shamim/airflow_venv/lib/python3.12/site-packages/airflow/example_dags/example_outlet_event_extra.py
[2025-03-08T21:13:36.234+0600] {processor.py:925} INFO - DAG(s) 'dataset_with_extra_by_context', 'dataset_with_extra_from_classic_operator', 'dataset_with_extra_by_yield' retrieved from /home/shamim/airflow_venv/lib/python3.12/site-packages/airflow/example_dags/example_outlet_event_extra.py
[2025-03-08T21:13:36.267+0600] {logging_mixin.py:190} INFO - [2025-03-08T21:13:36.266+0600] {dag.py:3239} INFO - Sync 3 DAGs
[2025-03-08T21:13:36.300+0600] {logging_mixin.py:190} INFO - [2025-03-08T21:13:36.300+0600] {dag.py:4180} INFO - Setting next_dagrun for dataset_with_extra_by_context to 2025-03-07 00:00:00+00:00, run_after=2025-03-08 00:00:00+00:00
[2025-03-08T21:13:36.307+0600] {logging_mixin.py:190} INFO - [2025-03-08T21:13:36.307+0600] {dag.py:4180} INFO - Setting next_dagrun for dataset_with_extra_by_yield to 2025-03-07 00:00:00+00:00, run_after=2025-03-08 00:00:00+00:00
[2025-03-08T21:13:36.311+0600] {logging_mixin.py:190} INFO - [2025-03-08T21:13:36.311+0600] {dag.py:4180} INFO - Setting next_dagrun for dataset_with_extra_from_classic_operator to 2025-03-07 00:00:00+00:00, run_after=2025-03-08 00:00:00+00:00
[2025-03-08T21:13:36.347+0600] {processor.py:208} INFO - Processing /home/shamim/airflow_venv/lib/python3.12/site-packages/airflow/example_dags/example_outlet_event_extra.py took 0.151 seconds
[2025-03-08T21:15:11.583+0600] {processor.py:186} INFO - Started process (PID=28683) to work on /home/shamim/airflow_venv/lib/python3.12/site-packages/airflow/example_dags/example_outlet_event_extra.py
[2025-03-08T21:15:11.588+0600] {processor.py:914} INFO - Processing file /home/shamim/airflow_venv/lib/python3.12/site-packages/airflow/example_dags/example_outlet_event_extra.py for tasks to queue
[2025-03-08T21:15:11.594+0600] {logging_mixin.py:190} INFO - [2025-03-08T21:15:11.593+0600] {dagbag.py:588} INFO - Filling up the DagBag from /home/shamim/airflow_venv/lib/python3.12/site-packages/airflow/example_dags/example_outlet_event_extra.py
[2025-03-08T21:15:11.633+0600] {processor.py:925} INFO - DAG(s) 'dataset_with_extra_by_context', 'dataset_with_extra_from_classic_operator', 'dataset_with_extra_by_yield' retrieved from /home/shamim/airflow_venv/lib/python3.12/site-packages/airflow/example_dags/example_outlet_event_extra.py
[2025-03-08T21:15:11.660+0600] {logging_mixin.py:190} INFO - [2025-03-08T21:15:11.660+0600] {dag.py:3239} INFO - Sync 3 DAGs
[2025-03-08T21:15:11.690+0600] {logging_mixin.py:190} INFO - [2025-03-08T21:15:11.690+0600] {dag.py:4180} INFO - Setting next_dagrun for dataset_with_extra_by_context to 2025-03-07 00:00:00+00:00, run_after=2025-03-08 00:00:00+00:00
[2025-03-08T21:15:11.697+0600] {logging_mixin.py:190} INFO - [2025-03-08T21:15:11.697+0600] {dag.py:4180} INFO - Setting next_dagrun for dataset_with_extra_by_yield to 2025-03-07 00:00:00+00:00, run_after=2025-03-08 00:00:00+00:00
[2025-03-08T21:15:11.700+0600] {logging_mixin.py:190} INFO - [2025-03-08T21:15:11.699+0600] {dag.py:4180} INFO - Setting next_dagrun for dataset_with_extra_from_classic_operator to 2025-03-07 00:00:00+00:00, run_after=2025-03-08 00:00:00+00:00
[2025-03-08T21:15:11.729+0600] {processor.py:208} INFO - Processing /home/shamim/airflow_venv/lib/python3.12/site-packages/airflow/example_dags/example_outlet_event_extra.py took 0.174 seconds
[2025-03-08T21:17:36.838+0600] {processor.py:186} INFO - Started process (PID=29810) to work on /home/shamim/airflow_venv/lib/python3.12/site-packages/airflow/example_dags/example_outlet_event_extra.py
[2025-03-08T21:17:36.844+0600] {processor.py:914} INFO - Processing file /home/shamim/airflow_venv/lib/python3.12/site-packages/airflow/example_dags/example_outlet_event_extra.py for tasks to queue
[2025-03-08T21:17:36.846+0600] {logging_mixin.py:190} INFO - [2025-03-08T21:17:36.846+0600] {dagbag.py:588} INFO - Filling up the DagBag from /home/shamim/airflow_venv/lib/python3.12/site-packages/airflow/example_dags/example_outlet_event_extra.py
[2025-03-08T21:17:36.866+0600] {processor.py:925} INFO - DAG(s) 'dataset_with_extra_by_context', 'dataset_with_extra_from_classic_operator', 'dataset_with_extra_by_yield' retrieved from /home/shamim/airflow_venv/lib/python3.12/site-packages/airflow/example_dags/example_outlet_event_extra.py
[2025-03-08T21:17:36.891+0600] {logging_mixin.py:190} INFO - [2025-03-08T21:17:36.890+0600] {dag.py:3239} INFO - Sync 3 DAGs
[2025-03-08T21:17:36.920+0600] {logging_mixin.py:190} INFO - [2025-03-08T21:17:36.920+0600] {dag.py:4180} INFO - Setting next_dagrun for dataset_with_extra_by_context to 2025-03-07 00:00:00+00:00, run_after=2025-03-08 00:00:00+00:00
[2025-03-08T21:17:36.927+0600] {logging_mixin.py:190} INFO - [2025-03-08T21:17:36.927+0600] {dag.py:4180} INFO - Setting next_dagrun for dataset_with_extra_by_yield to 2025-03-07 00:00:00+00:00, run_after=2025-03-08 00:00:00+00:00
[2025-03-08T21:17:36.930+0600] {logging_mixin.py:190} INFO - [2025-03-08T21:17:36.930+0600] {dag.py:4180} INFO - Setting next_dagrun for dataset_with_extra_from_classic_operator to 2025-03-07 00:00:00+00:00, run_after=2025-03-08 00:00:00+00:00
[2025-03-08T21:17:36.972+0600] {processor.py:208} INFO - Processing /home/shamim/airflow_venv/lib/python3.12/site-packages/airflow/example_dags/example_outlet_event_extra.py took 0.141 seconds
[2025-03-08T21:19:07.382+0600] {processor.py:186} INFO - Started process (PID=30368) to work on /home/shamim/airflow_venv/lib/python3.12/site-packages/airflow/example_dags/example_outlet_event_extra.py
[2025-03-08T21:19:07.386+0600] {processor.py:914} INFO - Processing file /home/shamim/airflow_venv/lib/python3.12/site-packages/airflow/example_dags/example_outlet_event_extra.py for tasks to queue
[2025-03-08T21:19:07.392+0600] {logging_mixin.py:190} INFO - [2025-03-08T21:19:07.391+0600] {dagbag.py:588} INFO - Filling up the DagBag from /home/shamim/airflow_venv/lib/python3.12/site-packages/airflow/example_dags/example_outlet_event_extra.py
[2025-03-08T21:19:07.413+0600] {processor.py:925} INFO - DAG(s) 'dataset_with_extra_by_context', 'dataset_with_extra_by_yield', 'dataset_with_extra_from_classic_operator' retrieved from /home/shamim/airflow_venv/lib/python3.12/site-packages/airflow/example_dags/example_outlet_event_extra.py
[2025-03-08T21:19:07.438+0600] {logging_mixin.py:190} INFO - [2025-03-08T21:19:07.438+0600] {dag.py:3239} INFO - Sync 3 DAGs
[2025-03-08T21:19:07.465+0600] {logging_mixin.py:190} INFO - [2025-03-08T21:19:07.465+0600] {dag.py:4180} INFO - Setting next_dagrun for dataset_with_extra_by_context to 2025-03-07 00:00:00+00:00, run_after=2025-03-08 00:00:00+00:00
[2025-03-08T21:19:07.471+0600] {logging_mixin.py:190} INFO - [2025-03-08T21:19:07.471+0600] {dag.py:4180} INFO - Setting next_dagrun for dataset_with_extra_by_yield to 2025-03-07 00:00:00+00:00, run_after=2025-03-08 00:00:00+00:00
[2025-03-08T21:19:07.474+0600] {logging_mixin.py:190} INFO - [2025-03-08T21:19:07.474+0600] {dag.py:4180} INFO - Setting next_dagrun for dataset_with_extra_from_classic_operator to 2025-03-07 00:00:00+00:00, run_after=2025-03-08 00:00:00+00:00
[2025-03-08T21:19:07.500+0600] {processor.py:208} INFO - Processing /home/shamim/airflow_venv/lib/python3.12/site-packages/airflow/example_dags/example_outlet_event_extra.py took 0.125 seconds
[2025-03-08T21:20:27.744+0600] {processor.py:186} INFO - Started process (PID=30920) to work on /home/shamim/airflow_venv/lib/python3.12/site-packages/airflow/example_dags/example_outlet_event_extra.py
[2025-03-08T21:20:27.751+0600] {processor.py:914} INFO - Processing file /home/shamim/airflow_venv/lib/python3.12/site-packages/airflow/example_dags/example_outlet_event_extra.py for tasks to queue
[2025-03-08T21:20:27.753+0600] {logging_mixin.py:190} INFO - [2025-03-08T21:20:27.752+0600] {dagbag.py:588} INFO - Filling up the DagBag from /home/shamim/airflow_venv/lib/python3.12/site-packages/airflow/example_dags/example_outlet_event_extra.py
[2025-03-08T21:20:27.772+0600] {processor.py:925} INFO - DAG(s) 'dataset_with_extra_by_yield', 'dataset_with_extra_from_classic_operator', 'dataset_with_extra_by_context' retrieved from /home/shamim/airflow_venv/lib/python3.12/site-packages/airflow/example_dags/example_outlet_event_extra.py
[2025-03-08T21:20:27.797+0600] {logging_mixin.py:190} INFO - [2025-03-08T21:20:27.797+0600] {dag.py:3239} INFO - Sync 3 DAGs
[2025-03-08T21:20:27.825+0600] {logging_mixin.py:190} INFO - [2025-03-08T21:20:27.825+0600] {dag.py:4180} INFO - Setting next_dagrun for dataset_with_extra_by_context to 2025-03-07 00:00:00+00:00, run_after=2025-03-08 00:00:00+00:00
[2025-03-08T21:20:27.832+0600] {logging_mixin.py:190} INFO - [2025-03-08T21:20:27.832+0600] {dag.py:4180} INFO - Setting next_dagrun for dataset_with_extra_by_yield to 2025-03-07 00:00:00+00:00, run_after=2025-03-08 00:00:00+00:00
[2025-03-08T21:20:27.835+0600] {logging_mixin.py:190} INFO - [2025-03-08T21:20:27.835+0600] {dag.py:4180} INFO - Setting next_dagrun for dataset_with_extra_from_classic_operator to 2025-03-07 00:00:00+00:00, run_after=2025-03-08 00:00:00+00:00
[2025-03-08T21:20:27.863+0600] {processor.py:208} INFO - Processing /home/shamim/airflow_venv/lib/python3.12/site-packages/airflow/example_dags/example_outlet_event_extra.py took 0.126 seconds
[2025-03-08T21:21:48.571+0600] {processor.py:186} INFO - Started process (PID=31488) to work on /home/shamim/airflow_venv/lib/python3.12/site-packages/airflow/example_dags/example_outlet_event_extra.py
[2025-03-08T21:21:48.578+0600] {processor.py:914} INFO - Processing file /home/shamim/airflow_venv/lib/python3.12/site-packages/airflow/example_dags/example_outlet_event_extra.py for tasks to queue
[2025-03-08T21:21:48.581+0600] {logging_mixin.py:190} INFO - [2025-03-08T21:21:48.580+0600] {dagbag.py:588} INFO - Filling up the DagBag from /home/shamim/airflow_venv/lib/python3.12/site-packages/airflow/example_dags/example_outlet_event_extra.py
[2025-03-08T21:21:48.612+0600] {processor.py:925} INFO - DAG(s) 'dataset_with_extra_by_yield', 'dataset_with_extra_from_classic_operator', 'dataset_with_extra_by_context' retrieved from /home/shamim/airflow_venv/lib/python3.12/site-packages/airflow/example_dags/example_outlet_event_extra.py
[2025-03-08T21:21:48.657+0600] {logging_mixin.py:190} INFO - [2025-03-08T21:21:48.656+0600] {dag.py:3239} INFO - Sync 3 DAGs
[2025-03-08T21:21:48.695+0600] {logging_mixin.py:190} INFO - [2025-03-08T21:21:48.694+0600] {dag.py:4180} INFO - Setting next_dagrun for dataset_with_extra_by_context to 2025-03-07 00:00:00+00:00, run_after=2025-03-08 00:00:00+00:00
[2025-03-08T21:21:48.702+0600] {logging_mixin.py:190} INFO - [2025-03-08T21:21:48.701+0600] {dag.py:4180} INFO - Setting next_dagrun for dataset_with_extra_by_yield to 2025-03-07 00:00:00+00:00, run_after=2025-03-08 00:00:00+00:00
[2025-03-08T21:21:48.705+0600] {logging_mixin.py:190} INFO - [2025-03-08T21:21:48.704+0600] {dag.py:4180} INFO - Setting next_dagrun for dataset_with_extra_from_classic_operator to 2025-03-07 00:00:00+00:00, run_after=2025-03-08 00:00:00+00:00
[2025-03-08T21:21:48.744+0600] {processor.py:208} INFO - Processing /home/shamim/airflow_venv/lib/python3.12/site-packages/airflow/example_dags/example_outlet_event_extra.py took 0.185 seconds
[2025-03-08T21:23:20.801+0600] {processor.py:186} INFO - Started process (PID=32002) to work on /home/shamim/airflow_venv/lib/python3.12/site-packages/airflow/example_dags/example_outlet_event_extra.py
[2025-03-08T21:23:20.807+0600] {processor.py:914} INFO - Processing file /home/shamim/airflow_venv/lib/python3.12/site-packages/airflow/example_dags/example_outlet_event_extra.py for tasks to queue
[2025-03-08T21:23:20.810+0600] {logging_mixin.py:190} INFO - [2025-03-08T21:23:20.810+0600] {dagbag.py:588} INFO - Filling up the DagBag from /home/shamim/airflow_venv/lib/python3.12/site-packages/airflow/example_dags/example_outlet_event_extra.py
[2025-03-08T21:23:20.834+0600] {processor.py:925} INFO - DAG(s) 'dataset_with_extra_by_yield', 'dataset_with_extra_by_context', 'dataset_with_extra_from_classic_operator' retrieved from /home/shamim/airflow_venv/lib/python3.12/site-packages/airflow/example_dags/example_outlet_event_extra.py
[2025-03-08T21:23:20.865+0600] {logging_mixin.py:190} INFO - [2025-03-08T21:23:20.864+0600] {dag.py:3239} INFO - Sync 3 DAGs
[2025-03-08T21:23:20.900+0600] {logging_mixin.py:190} INFO - [2025-03-08T21:23:20.900+0600] {dag.py:4180} INFO - Setting next_dagrun for dataset_with_extra_by_context to 2025-03-07 00:00:00+00:00, run_after=2025-03-08 00:00:00+00:00
[2025-03-08T21:23:20.908+0600] {logging_mixin.py:190} INFO - [2025-03-08T21:23:20.908+0600] {dag.py:4180} INFO - Setting next_dagrun for dataset_with_extra_by_yield to 2025-03-07 00:00:00+00:00, run_after=2025-03-08 00:00:00+00:00
[2025-03-08T21:23:20.913+0600] {logging_mixin.py:190} INFO - [2025-03-08T21:23:20.913+0600] {dag.py:4180} INFO - Setting next_dagrun for dataset_with_extra_from_classic_operator to 2025-03-07 00:00:00+00:00, run_after=2025-03-08 00:00:00+00:00
[2025-03-08T21:23:20.961+0600] {processor.py:208} INFO - Processing /home/shamim/airflow_venv/lib/python3.12/site-packages/airflow/example_dags/example_outlet_event_extra.py took 0.171 seconds
