[2025-03-08T21:09:47.185+0600] {processor.py:186} INFO - Started process (PID=26832) to work on /home/shamim/airflow_venv/lib/python3.12/site-packages/airflow/example_dags/example_dataset_alias_with_no_taskflow.py
[2025-03-08T21:09:47.186+0600] {processor.py:914} INFO - Processing file /home/shamim/airflow_venv/lib/python3.12/site-packages/airflow/example_dags/example_dataset_alias_with_no_taskflow.py for tasks to queue
[2025-03-08T21:09:47.190+0600] {logging_mixin.py:190} INFO - [2025-03-08T21:09:47.189+0600] {dagbag.py:588} INFO - Filling up the DagBag from /home/shamim/airflow_venv/lib/python3.12/site-packages/airflow/example_dags/example_dataset_alias_with_no_taskflow.py
[2025-03-08T21:09:47.222+0600] {processor.py:925} INFO - DAG(s) 'dataset_alias_example_alias_producer_with_no_taskflow', 'dataset_alias_example_alias_consumer_with_no_taskflow', 'dataset_s3_bucket_producer_with_no_taskflow', 'dataset_s3_bucket_consumer_with_no_taskflow' retrieved from /home/shamim/airflow_venv/lib/python3.12/site-packages/airflow/example_dags/example_dataset_alias_with_no_taskflow.py
[2025-03-08T21:09:47.250+0600] {logging_mixin.py:190} INFO - [2025-03-08T21:09:47.250+0600] {dag.py:3239} INFO - Sync 4 DAGs
[2025-03-08T21:09:47.277+0600] {logging_mixin.py:190} INFO - [2025-03-08T21:09:47.276+0600] {dag.py:4180} INFO - Setting next_dagrun for dataset_alias_example_alias_consumer_with_no_taskflow to None, run_after=None
[2025-03-08T21:09:47.279+0600] {logging_mixin.py:190} INFO - [2025-03-08T21:09:47.279+0600] {dag.py:4180} INFO - Setting next_dagrun for dataset_alias_example_alias_producer_with_no_taskflow to None, run_after=None
[2025-03-08T21:09:47.281+0600] {logging_mixin.py:190} INFO - [2025-03-08T21:09:47.281+0600] {dag.py:4180} INFO - Setting next_dagrun for dataset_s3_bucket_consumer_with_no_taskflow to None, run_after=None
[2025-03-08T21:09:47.283+0600] {logging_mixin.py:190} INFO - [2025-03-08T21:09:47.282+0600] {dag.py:4180} INFO - Setting next_dagrun for dataset_s3_bucket_producer_with_no_taskflow to None, run_after=None
[2025-03-08T21:09:47.311+0600] {processor.py:208} INFO - Processing /home/shamim/airflow_venv/lib/python3.12/site-packages/airflow/example_dags/example_dataset_alias_with_no_taskflow.py took 0.134 seconds
[2025-03-08T21:12:10.970+0600] {processor.py:186} INFO - Started process (PID=27532) to work on /home/shamim/airflow_venv/lib/python3.12/site-packages/airflow/example_dags/example_dataset_alias_with_no_taskflow.py
[2025-03-08T21:12:10.976+0600] {processor.py:914} INFO - Processing file /home/shamim/airflow_venv/lib/python3.12/site-packages/airflow/example_dags/example_dataset_alias_with_no_taskflow.py for tasks to queue
[2025-03-08T21:12:10.979+0600] {logging_mixin.py:190} INFO - [2025-03-08T21:12:10.979+0600] {dagbag.py:588} INFO - Filling up the DagBag from /home/shamim/airflow_venv/lib/python3.12/site-packages/airflow/example_dags/example_dataset_alias_with_no_taskflow.py
[2025-03-08T21:12:11.022+0600] {processor.py:925} INFO - DAG(s) 'dataset_alias_example_alias_consumer_with_no_taskflow', 'dataset_s3_bucket_consumer_with_no_taskflow', 'dataset_s3_bucket_producer_with_no_taskflow', 'dataset_alias_example_alias_producer_with_no_taskflow' retrieved from /home/shamim/airflow_venv/lib/python3.12/site-packages/airflow/example_dags/example_dataset_alias_with_no_taskflow.py
[2025-03-08T21:12:11.062+0600] {logging_mixin.py:190} INFO - [2025-03-08T21:12:11.062+0600] {dag.py:3239} INFO - Sync 4 DAGs
[2025-03-08T21:12:11.101+0600] {logging_mixin.py:190} INFO - [2025-03-08T21:12:11.100+0600] {dag.py:4180} INFO - Setting next_dagrun for dataset_alias_example_alias_consumer_with_no_taskflow to None, run_after=None
[2025-03-08T21:12:11.105+0600] {logging_mixin.py:190} INFO - [2025-03-08T21:12:11.104+0600] {dag.py:4180} INFO - Setting next_dagrun for dataset_alias_example_alias_producer_with_no_taskflow to None, run_after=None
[2025-03-08T21:12:11.107+0600] {logging_mixin.py:190} INFO - [2025-03-08T21:12:11.106+0600] {dag.py:4180} INFO - Setting next_dagrun for dataset_s3_bucket_consumer_with_no_taskflow to None, run_after=None
[2025-03-08T21:12:11.109+0600] {logging_mixin.py:190} INFO - [2025-03-08T21:12:11.108+0600] {dag.py:4180} INFO - Setting next_dagrun for dataset_s3_bucket_producer_with_no_taskflow to None, run_after=None
[2025-03-08T21:12:11.150+0600] {processor.py:208} INFO - Processing /home/shamim/airflow_venv/lib/python3.12/site-packages/airflow/example_dags/example_dataset_alias_with_no_taskflow.py took 0.190 seconds
[2025-03-08T21:13:44.010+0600] {processor.py:186} INFO - Started process (PID=28100) to work on /home/shamim/airflow_venv/lib/python3.12/site-packages/airflow/example_dags/example_dataset_alias_with_no_taskflow.py
[2025-03-08T21:13:44.017+0600] {processor.py:914} INFO - Processing file /home/shamim/airflow_venv/lib/python3.12/site-packages/airflow/example_dags/example_dataset_alias_with_no_taskflow.py for tasks to queue
[2025-03-08T21:13:44.019+0600] {logging_mixin.py:190} INFO - [2025-03-08T21:13:44.019+0600] {dagbag.py:588} INFO - Filling up the DagBag from /home/shamim/airflow_venv/lib/python3.12/site-packages/airflow/example_dags/example_dataset_alias_with_no_taskflow.py
[2025-03-08T21:13:44.056+0600] {processor.py:925} INFO - DAG(s) 'dataset_alias_example_alias_producer_with_no_taskflow', 'dataset_s3_bucket_consumer_with_no_taskflow', 'dataset_alias_example_alias_consumer_with_no_taskflow', 'dataset_s3_bucket_producer_with_no_taskflow' retrieved from /home/shamim/airflow_venv/lib/python3.12/site-packages/airflow/example_dags/example_dataset_alias_with_no_taskflow.py
[2025-03-08T21:13:44.091+0600] {logging_mixin.py:190} INFO - [2025-03-08T21:13:44.091+0600] {dag.py:3239} INFO - Sync 4 DAGs
[2025-03-08T21:13:44.124+0600] {logging_mixin.py:190} INFO - [2025-03-08T21:13:44.124+0600] {dag.py:4180} INFO - Setting next_dagrun for dataset_alias_example_alias_consumer_with_no_taskflow to None, run_after=None
[2025-03-08T21:13:44.128+0600] {logging_mixin.py:190} INFO - [2025-03-08T21:13:44.128+0600] {dag.py:4180} INFO - Setting next_dagrun for dataset_alias_example_alias_producer_with_no_taskflow to None, run_after=None
[2025-03-08T21:13:44.129+0600] {logging_mixin.py:190} INFO - [2025-03-08T21:13:44.129+0600] {dag.py:4180} INFO - Setting next_dagrun for dataset_s3_bucket_consumer_with_no_taskflow to None, run_after=None
[2025-03-08T21:13:44.130+0600] {logging_mixin.py:190} INFO - [2025-03-08T21:13:44.130+0600] {dag.py:4180} INFO - Setting next_dagrun for dataset_s3_bucket_producer_with_no_taskflow to None, run_after=None
[2025-03-08T21:13:44.166+0600] {processor.py:208} INFO - Processing /home/shamim/airflow_venv/lib/python3.12/site-packages/airflow/example_dags/example_dataset_alias_with_no_taskflow.py took 0.163 seconds
[2025-03-08T21:16:29.330+0600] {processor.py:186} INFO - Started process (PID=29509) to work on /home/shamim/airflow_venv/lib/python3.12/site-packages/airflow/example_dags/example_dataset_alias_with_no_taskflow.py
[2025-03-08T21:16:29.338+0600] {processor.py:914} INFO - Processing file /home/shamim/airflow_venv/lib/python3.12/site-packages/airflow/example_dags/example_dataset_alias_with_no_taskflow.py for tasks to queue
[2025-03-08T21:16:29.345+0600] {logging_mixin.py:190} INFO - [2025-03-08T21:16:29.344+0600] {dagbag.py:588} INFO - Filling up the DagBag from /home/shamim/airflow_venv/lib/python3.12/site-packages/airflow/example_dags/example_dataset_alias_with_no_taskflow.py
[2025-03-08T21:16:29.398+0600] {processor.py:925} INFO - DAG(s) 'dataset_alias_example_alias_consumer_with_no_taskflow', 'dataset_s3_bucket_producer_with_no_taskflow', 'dataset_s3_bucket_consumer_with_no_taskflow', 'dataset_alias_example_alias_producer_with_no_taskflow' retrieved from /home/shamim/airflow_venv/lib/python3.12/site-packages/airflow/example_dags/example_dataset_alias_with_no_taskflow.py
[2025-03-08T21:16:29.425+0600] {logging_mixin.py:190} INFO - [2025-03-08T21:16:29.425+0600] {dag.py:3239} INFO - Sync 4 DAGs
[2025-03-08T21:16:29.451+0600] {logging_mixin.py:190} INFO - [2025-03-08T21:16:29.451+0600] {dag.py:4180} INFO - Setting next_dagrun for dataset_alias_example_alias_consumer_with_no_taskflow to None, run_after=None
[2025-03-08T21:16:29.455+0600] {logging_mixin.py:190} INFO - [2025-03-08T21:16:29.454+0600] {dag.py:4180} INFO - Setting next_dagrun for dataset_alias_example_alias_producer_with_no_taskflow to None, run_after=None
[2025-03-08T21:16:29.457+0600] {logging_mixin.py:190} INFO - [2025-03-08T21:16:29.456+0600] {dag.py:4180} INFO - Setting next_dagrun for dataset_s3_bucket_consumer_with_no_taskflow to None, run_after=None
[2025-03-08T21:16:29.458+0600] {logging_mixin.py:190} INFO - [2025-03-08T21:16:29.458+0600] {dag.py:4180} INFO - Setting next_dagrun for dataset_s3_bucket_producer_with_no_taskflow to None, run_after=None
[2025-03-08T21:16:29.501+0600] {processor.py:208} INFO - Processing /home/shamim/airflow_venv/lib/python3.12/site-packages/airflow/example_dags/example_dataset_alias_with_no_taskflow.py took 0.191 seconds
[2025-03-08T21:18:13.101+0600] {processor.py:186} INFO - Started process (PID=30070) to work on /home/shamim/airflow_venv/lib/python3.12/site-packages/airflow/example_dags/example_dataset_alias_with_no_taskflow.py
[2025-03-08T21:18:13.107+0600] {processor.py:914} INFO - Processing file /home/shamim/airflow_venv/lib/python3.12/site-packages/airflow/example_dags/example_dataset_alias_with_no_taskflow.py for tasks to queue
[2025-03-08T21:18:13.109+0600] {logging_mixin.py:190} INFO - [2025-03-08T21:18:13.109+0600] {dagbag.py:588} INFO - Filling up the DagBag from /home/shamim/airflow_venv/lib/python3.12/site-packages/airflow/example_dags/example_dataset_alias_with_no_taskflow.py
[2025-03-08T21:18:13.139+0600] {processor.py:925} INFO - DAG(s) 'dataset_alias_example_alias_consumer_with_no_taskflow', 'dataset_s3_bucket_consumer_with_no_taskflow', 'dataset_alias_example_alias_producer_with_no_taskflow', 'dataset_s3_bucket_producer_with_no_taskflow' retrieved from /home/shamim/airflow_venv/lib/python3.12/site-packages/airflow/example_dags/example_dataset_alias_with_no_taskflow.py
[2025-03-08T21:18:13.164+0600] {logging_mixin.py:190} INFO - [2025-03-08T21:18:13.164+0600] {dag.py:3239} INFO - Sync 4 DAGs
[2025-03-08T21:18:13.192+0600] {logging_mixin.py:190} INFO - [2025-03-08T21:18:13.192+0600] {dag.py:4180} INFO - Setting next_dagrun for dataset_alias_example_alias_consumer_with_no_taskflow to None, run_after=None
[2025-03-08T21:18:13.195+0600] {logging_mixin.py:190} INFO - [2025-03-08T21:18:13.195+0600] {dag.py:4180} INFO - Setting next_dagrun for dataset_alias_example_alias_producer_with_no_taskflow to None, run_after=None
[2025-03-08T21:18:13.196+0600] {logging_mixin.py:190} INFO - [2025-03-08T21:18:13.196+0600] {dag.py:4180} INFO - Setting next_dagrun for dataset_s3_bucket_consumer_with_no_taskflow to None, run_after=None
[2025-03-08T21:18:13.197+0600] {logging_mixin.py:190} INFO - [2025-03-08T21:18:13.197+0600] {dag.py:4180} INFO - Setting next_dagrun for dataset_s3_bucket_producer_with_no_taskflow to None, run_after=None
[2025-03-08T21:18:13.236+0600] {processor.py:208} INFO - Processing /home/shamim/airflow_venv/lib/python3.12/site-packages/airflow/example_dags/example_dataset_alias_with_no_taskflow.py took 0.142 seconds
[2025-03-08T21:19:39.133+0600] {processor.py:186} INFO - Started process (PID=30616) to work on /home/shamim/airflow_venv/lib/python3.12/site-packages/airflow/example_dags/example_dataset_alias_with_no_taskflow.py
[2025-03-08T21:19:39.138+0600] {processor.py:914} INFO - Processing file /home/shamim/airflow_venv/lib/python3.12/site-packages/airflow/example_dags/example_dataset_alias_with_no_taskflow.py for tasks to queue
[2025-03-08T21:19:39.140+0600] {logging_mixin.py:190} INFO - [2025-03-08T21:19:39.140+0600] {dagbag.py:588} INFO - Filling up the DagBag from /home/shamim/airflow_venv/lib/python3.12/site-packages/airflow/example_dags/example_dataset_alias_with_no_taskflow.py
[2025-03-08T21:19:39.175+0600] {processor.py:925} INFO - DAG(s) 'dataset_s3_bucket_consumer_with_no_taskflow', 'dataset_s3_bucket_producer_with_no_taskflow', 'dataset_alias_example_alias_consumer_with_no_taskflow', 'dataset_alias_example_alias_producer_with_no_taskflow' retrieved from /home/shamim/airflow_venv/lib/python3.12/site-packages/airflow/example_dags/example_dataset_alias_with_no_taskflow.py
[2025-03-08T21:19:39.205+0600] {logging_mixin.py:190} INFO - [2025-03-08T21:19:39.205+0600] {dag.py:3239} INFO - Sync 4 DAGs
[2025-03-08T21:19:39.229+0600] {logging_mixin.py:190} INFO - [2025-03-08T21:19:39.229+0600] {dag.py:4180} INFO - Setting next_dagrun for dataset_alias_example_alias_consumer_with_no_taskflow to None, run_after=None
[2025-03-08T21:19:39.232+0600] {logging_mixin.py:190} INFO - [2025-03-08T21:19:39.232+0600] {dag.py:4180} INFO - Setting next_dagrun for dataset_alias_example_alias_producer_with_no_taskflow to None, run_after=None
[2025-03-08T21:19:39.233+0600] {logging_mixin.py:190} INFO - [2025-03-08T21:19:39.233+0600] {dag.py:4180} INFO - Setting next_dagrun for dataset_s3_bucket_consumer_with_no_taskflow to None, run_after=None
[2025-03-08T21:19:39.234+0600] {logging_mixin.py:190} INFO - [2025-03-08T21:19:39.234+0600] {dag.py:4180} INFO - Setting next_dagrun for dataset_s3_bucket_producer_with_no_taskflow to None, run_after=None
[2025-03-08T21:19:39.264+0600] {processor.py:208} INFO - Processing /home/shamim/airflow_venv/lib/python3.12/site-packages/airflow/example_dags/example_dataset_alias_with_no_taskflow.py took 0.138 seconds
[2025-03-08T21:20:59.671+0600] {processor.py:186} INFO - Started process (PID=31186) to work on /home/shamim/airflow_venv/lib/python3.12/site-packages/airflow/example_dags/example_dataset_alias_with_no_taskflow.py
[2025-03-08T21:20:59.677+0600] {processor.py:914} INFO - Processing file /home/shamim/airflow_venv/lib/python3.12/site-packages/airflow/example_dags/example_dataset_alias_with_no_taskflow.py for tasks to queue
[2025-03-08T21:20:59.680+0600] {logging_mixin.py:190} INFO - [2025-03-08T21:20:59.679+0600] {dagbag.py:588} INFO - Filling up the DagBag from /home/shamim/airflow_venv/lib/python3.12/site-packages/airflow/example_dags/example_dataset_alias_with_no_taskflow.py
[2025-03-08T21:20:59.711+0600] {processor.py:925} INFO - DAG(s) 'dataset_s3_bucket_consumer_with_no_taskflow', 'dataset_alias_example_alias_consumer_with_no_taskflow', 'dataset_s3_bucket_producer_with_no_taskflow', 'dataset_alias_example_alias_producer_with_no_taskflow' retrieved from /home/shamim/airflow_venv/lib/python3.12/site-packages/airflow/example_dags/example_dataset_alias_with_no_taskflow.py
[2025-03-08T21:20:59.739+0600] {logging_mixin.py:190} INFO - [2025-03-08T21:20:59.739+0600] {dag.py:3239} INFO - Sync 4 DAGs
[2025-03-08T21:20:59.763+0600] {logging_mixin.py:190} INFO - [2025-03-08T21:20:59.763+0600] {dag.py:4180} INFO - Setting next_dagrun for dataset_alias_example_alias_consumer_with_no_taskflow to None, run_after=None
[2025-03-08T21:20:59.766+0600] {logging_mixin.py:190} INFO - [2025-03-08T21:20:59.765+0600] {dag.py:4180} INFO - Setting next_dagrun for dataset_alias_example_alias_producer_with_no_taskflow to None, run_after=None
[2025-03-08T21:20:59.767+0600] {logging_mixin.py:190} INFO - [2025-03-08T21:20:59.766+0600] {dag.py:4180} INFO - Setting next_dagrun for dataset_s3_bucket_consumer_with_no_taskflow to None, run_after=None
[2025-03-08T21:20:59.768+0600] {logging_mixin.py:190} INFO - [2025-03-08T21:20:59.768+0600] {dag.py:4180} INFO - Setting next_dagrun for dataset_s3_bucket_producer_with_no_taskflow to None, run_after=None
[2025-03-08T21:20:59.795+0600] {processor.py:208} INFO - Processing /home/shamim/airflow_venv/lib/python3.12/site-packages/airflow/example_dags/example_dataset_alias_with_no_taskflow.py took 0.131 seconds
[2025-03-08T21:22:23.902+0600] {processor.py:186} INFO - Started process (PID=31723) to work on /home/shamim/airflow_venv/lib/python3.12/site-packages/airflow/example_dags/example_dataset_alias_with_no_taskflow.py
[2025-03-08T21:22:23.908+0600] {processor.py:914} INFO - Processing file /home/shamim/airflow_venv/lib/python3.12/site-packages/airflow/example_dags/example_dataset_alias_with_no_taskflow.py for tasks to queue
[2025-03-08T21:22:23.912+0600] {logging_mixin.py:190} INFO - [2025-03-08T21:22:23.911+0600] {dagbag.py:588} INFO - Filling up the DagBag from /home/shamim/airflow_venv/lib/python3.12/site-packages/airflow/example_dags/example_dataset_alias_with_no_taskflow.py
[2025-03-08T21:22:23.948+0600] {processor.py:925} INFO - DAG(s) 'dataset_alias_example_alias_producer_with_no_taskflow', 'dataset_alias_example_alias_consumer_with_no_taskflow', 'dataset_s3_bucket_consumer_with_no_taskflow', 'dataset_s3_bucket_producer_with_no_taskflow' retrieved from /home/shamim/airflow_venv/lib/python3.12/site-packages/airflow/example_dags/example_dataset_alias_with_no_taskflow.py
[2025-03-08T21:22:23.978+0600] {logging_mixin.py:190} INFO - [2025-03-08T21:22:23.978+0600] {dag.py:3239} INFO - Sync 4 DAGs
[2025-03-08T21:22:24.008+0600] {logging_mixin.py:190} INFO - [2025-03-08T21:22:24.007+0600] {dag.py:4180} INFO - Setting next_dagrun for dataset_alias_example_alias_consumer_with_no_taskflow to None, run_after=None
[2025-03-08T21:22:24.012+0600] {logging_mixin.py:190} INFO - [2025-03-08T21:22:24.012+0600] {dag.py:4180} INFO - Setting next_dagrun for dataset_alias_example_alias_producer_with_no_taskflow to None, run_after=None
[2025-03-08T21:22:24.014+0600] {logging_mixin.py:190} INFO - [2025-03-08T21:22:24.013+0600] {dag.py:4180} INFO - Setting next_dagrun for dataset_s3_bucket_consumer_with_no_taskflow to None, run_after=None
[2025-03-08T21:22:24.015+0600] {logging_mixin.py:190} INFO - [2025-03-08T21:22:24.015+0600] {dag.py:4180} INFO - Setting next_dagrun for dataset_s3_bucket_producer_with_no_taskflow to None, run_after=None
[2025-03-08T21:22:24.069+0600] {processor.py:208} INFO - Processing /home/shamim/airflow_venv/lib/python3.12/site-packages/airflow/example_dags/example_dataset_alias_with_no_taskflow.py took 0.187 seconds
[2025-03-08T21:23:56.655+0600] {processor.py:186} INFO - Started process (PID=32237) to work on /home/shamim/airflow_venv/lib/python3.12/site-packages/airflow/example_dags/example_dataset_alias_with_no_taskflow.py
[2025-03-08T21:23:56.661+0600] {processor.py:914} INFO - Processing file /home/shamim/airflow_venv/lib/python3.12/site-packages/airflow/example_dags/example_dataset_alias_with_no_taskflow.py for tasks to queue
[2025-03-08T21:23:56.664+0600] {logging_mixin.py:190} INFO - [2025-03-08T21:23:56.663+0600] {dagbag.py:588} INFO - Filling up the DagBag from /home/shamim/airflow_venv/lib/python3.12/site-packages/airflow/example_dags/example_dataset_alias_with_no_taskflow.py
[2025-03-08T21:23:56.693+0600] {processor.py:925} INFO - DAG(s) 'dataset_alias_example_alias_producer_with_no_taskflow', 'dataset_s3_bucket_consumer_with_no_taskflow', 'dataset_alias_example_alias_consumer_with_no_taskflow', 'dataset_s3_bucket_producer_with_no_taskflow' retrieved from /home/shamim/airflow_venv/lib/python3.12/site-packages/airflow/example_dags/example_dataset_alias_with_no_taskflow.py
[2025-03-08T21:23:56.718+0600] {logging_mixin.py:190} INFO - [2025-03-08T21:23:56.718+0600] {dag.py:3239} INFO - Sync 4 DAGs
[2025-03-08T21:23:56.744+0600] {logging_mixin.py:190} INFO - [2025-03-08T21:23:56.743+0600] {dag.py:4180} INFO - Setting next_dagrun for dataset_alias_example_alias_consumer_with_no_taskflow to None, run_after=None
[2025-03-08T21:23:56.747+0600] {logging_mixin.py:190} INFO - [2025-03-08T21:23:56.746+0600] {dag.py:4180} INFO - Setting next_dagrun for dataset_alias_example_alias_producer_with_no_taskflow to None, run_after=None
[2025-03-08T21:23:56.748+0600] {logging_mixin.py:190} INFO - [2025-03-08T21:23:56.748+0600] {dag.py:4180} INFO - Setting next_dagrun for dataset_s3_bucket_consumer_with_no_taskflow to None, run_after=None
[2025-03-08T21:23:56.749+0600] {logging_mixin.py:190} INFO - [2025-03-08T21:23:56.749+0600] {dag.py:4180} INFO - Setting next_dagrun for dataset_s3_bucket_producer_with_no_taskflow to None, run_after=None
[2025-03-08T21:23:56.788+0600] {processor.py:208} INFO - Processing /home/shamim/airflow_venv/lib/python3.12/site-packages/airflow/example_dags/example_dataset_alias_with_no_taskflow.py took 0.140 seconds
