[2025-03-08T21:07:35.541+0600] {processor.py:186} INFO - Started process (PID=26386) to work on /home/shamim/airflow_venv/lib/python3.12/site-packages/airflow/example_dags/example_workday_timetable.py
[2025-03-08T21:07:35.542+0600] {processor.py:914} INFO - Processing file /home/shamim/airflow_venv/lib/python3.12/site-packages/airflow/example_dags/example_workday_timetable.py for tasks to queue
[2025-03-08T21:07:35.544+0600] {logging_mixin.py:190} INFO - [2025-03-08T21:07:35.543+0600] {dagbag.py:588} INFO - Filling up the DagBag from /home/shamim/airflow_venv/lib/python3.12/site-packages/airflow/example_dags/example_workday_timetable.py
[2025-03-08T21:07:35.552+0600] {processor.py:925} INFO - DAG(s) 'example_workday_timetable' retrieved from /home/shamim/airflow_venv/lib/python3.12/site-packages/airflow/example_dags/example_workday_timetable.py
[2025-03-08T21:07:35.580+0600] {logging_mixin.py:190} INFO - [2025-03-08T21:07:35.580+0600] {dag.py:3239} INFO - Sync 1 DAGs
[2025-03-08T21:07:35.687+0600] {logging_mixin.py:190} INFO - [2025-03-08T21:07:35.686+0600] {dag.py:4180} INFO - Setting next_dagrun for example_workday_timetable to 2021-01-04 00:00:00+00:00, run_after=2021-01-05 00:00:00+00:00
[2025-03-08T21:07:35.711+0600] {processor.py:208} INFO - Processing /home/shamim/airflow_venv/lib/python3.12/site-packages/airflow/example_dags/example_workday_timetable.py took 0.177 seconds
[2025-03-08T21:09:08.653+0600] {processor.py:186} INFO - Started process (PID=26690) to work on /home/shamim/airflow_venv/lib/python3.12/site-packages/airflow/example_dags/example_workday_timetable.py
[2025-03-08T21:09:08.660+0600] {processor.py:914} INFO - Processing file /home/shamim/airflow_venv/lib/python3.12/site-packages/airflow/example_dags/example_workday_timetable.py for tasks to queue
[2025-03-08T21:09:08.663+0600] {logging_mixin.py:190} INFO - [2025-03-08T21:09:08.662+0600] {dagbag.py:588} INFO - Filling up the DagBag from /home/shamim/airflow_venv/lib/python3.12/site-packages/airflow/example_dags/example_workday_timetable.py
[2025-03-08T21:09:08.671+0600] {processor.py:925} INFO - DAG(s) 'example_workday_timetable' retrieved from /home/shamim/airflow_venv/lib/python3.12/site-packages/airflow/example_dags/example_workday_timetable.py
[2025-03-08T21:09:08.699+0600] {logging_mixin.py:190} INFO - [2025-03-08T21:09:08.698+0600] {dag.py:3239} INFO - Sync 1 DAGs
[2025-03-08T21:09:08.779+0600] {logging_mixin.py:190} INFO - [2025-03-08T21:09:08.779+0600] {dag.py:4180} INFO - Setting next_dagrun for example_workday_timetable to 2021-01-04 00:00:00+00:00, run_after=2021-01-05 00:00:00+00:00
[2025-03-08T21:09:08.806+0600] {processor.py:208} INFO - Processing /home/shamim/airflow_venv/lib/python3.12/site-packages/airflow/example_dags/example_workday_timetable.py took 0.161 seconds
[2025-03-08T21:11:34.309+0600] {processor.py:186} INFO - Started process (PID=27378) to work on /home/shamim/airflow_venv/lib/python3.12/site-packages/airflow/example_dags/example_workday_timetable.py
[2025-03-08T21:11:34.314+0600] {processor.py:914} INFO - Processing file /home/shamim/airflow_venv/lib/python3.12/site-packages/airflow/example_dags/example_workday_timetable.py for tasks to queue
[2025-03-08T21:11:34.317+0600] {logging_mixin.py:190} INFO - [2025-03-08T21:11:34.316+0600] {dagbag.py:588} INFO - Filling up the DagBag from /home/shamim/airflow_venv/lib/python3.12/site-packages/airflow/example_dags/example_workday_timetable.py
[2025-03-08T21:11:34.325+0600] {processor.py:925} INFO - DAG(s) 'example_workday_timetable' retrieved from /home/shamim/airflow_venv/lib/python3.12/site-packages/airflow/example_dags/example_workday_timetable.py
[2025-03-08T21:11:34.351+0600] {logging_mixin.py:190} INFO - [2025-03-08T21:11:34.351+0600] {dag.py:3239} INFO - Sync 1 DAGs
[2025-03-08T21:11:34.424+0600] {logging_mixin.py:190} INFO - [2025-03-08T21:11:34.423+0600] {dag.py:4180} INFO - Setting next_dagrun for example_workday_timetable to 2021-01-04 00:00:00+00:00, run_after=2021-01-05 00:00:00+00:00
[2025-03-08T21:11:34.450+0600] {processor.py:208} INFO - Processing /home/shamim/airflow_venv/lib/python3.12/site-packages/airflow/example_dags/example_workday_timetable.py took 0.148 seconds
[2025-03-08T21:12:48.268+0600] {processor.py:186} INFO - Started process (PID=27796) to work on /home/shamim/airflow_venv/lib/python3.12/site-packages/airflow/example_dags/example_workday_timetable.py
[2025-03-08T21:12:48.275+0600] {processor.py:914} INFO - Processing file /home/shamim/airflow_venv/lib/python3.12/site-packages/airflow/example_dags/example_workday_timetable.py for tasks to queue
[2025-03-08T21:12:48.279+0600] {logging_mixin.py:190} INFO - [2025-03-08T21:12:48.278+0600] {dagbag.py:588} INFO - Filling up the DagBag from /home/shamim/airflow_venv/lib/python3.12/site-packages/airflow/example_dags/example_workday_timetable.py
[2025-03-08T21:12:48.289+0600] {processor.py:925} INFO - DAG(s) 'example_workday_timetable' retrieved from /home/shamim/airflow_venv/lib/python3.12/site-packages/airflow/example_dags/example_workday_timetable.py
[2025-03-08T21:12:48.310+0600] {logging_mixin.py:190} INFO - [2025-03-08T21:12:48.310+0600] {dag.py:3239} INFO - Sync 1 DAGs
[2025-03-08T21:12:48.389+0600] {logging_mixin.py:190} INFO - [2025-03-08T21:12:48.388+0600] {dag.py:4180} INFO - Setting next_dagrun for example_workday_timetable to 2021-01-04 00:00:00+00:00, run_after=2021-01-05 00:00:00+00:00
[2025-03-08T21:12:48.437+0600] {processor.py:208} INFO - Processing /home/shamim/airflow_venv/lib/python3.12/site-packages/airflow/example_dags/example_workday_timetable.py took 0.186 seconds
[2025-03-08T21:14:22.468+0600] {processor.py:186} INFO - Started process (PID=28384) to work on /home/shamim/airflow_venv/lib/python3.12/site-packages/airflow/example_dags/example_workday_timetable.py
[2025-03-08T21:14:22.475+0600] {processor.py:914} INFO - Processing file /home/shamim/airflow_venv/lib/python3.12/site-packages/airflow/example_dags/example_workday_timetable.py for tasks to queue
[2025-03-08T21:14:22.477+0600] {logging_mixin.py:190} INFO - [2025-03-08T21:14:22.477+0600] {dagbag.py:588} INFO - Filling up the DagBag from /home/shamim/airflow_venv/lib/python3.12/site-packages/airflow/example_dags/example_workday_timetable.py
[2025-03-08T21:14:22.485+0600] {processor.py:925} INFO - DAG(s) 'example_workday_timetable' retrieved from /home/shamim/airflow_venv/lib/python3.12/site-packages/airflow/example_dags/example_workday_timetable.py
[2025-03-08T21:14:22.503+0600] {logging_mixin.py:190} INFO - [2025-03-08T21:14:22.503+0600] {dag.py:3239} INFO - Sync 1 DAGs
[2025-03-08T21:14:22.574+0600] {logging_mixin.py:190} INFO - [2025-03-08T21:14:22.574+0600] {dag.py:4180} INFO - Setting next_dagrun for example_workday_timetable to 2021-01-04 00:00:00+00:00, run_after=2021-01-05 00:00:00+00:00
[2025-03-08T21:14:22.604+0600] {processor.py:208} INFO - Processing /home/shamim/airflow_venv/lib/python3.12/site-packages/airflow/example_dags/example_workday_timetable.py took 0.143 seconds
[2025-03-08T21:17:05.601+0600] {processor.py:186} INFO - Started process (PID=29746) to work on /home/shamim/airflow_venv/lib/python3.12/site-packages/airflow/example_dags/example_workday_timetable.py
[2025-03-08T21:17:05.627+0600] {processor.py:914} INFO - Processing file /home/shamim/airflow_venv/lib/python3.12/site-packages/airflow/example_dags/example_workday_timetable.py for tasks to queue
[2025-03-08T21:17:05.630+0600] {logging_mixin.py:190} INFO - [2025-03-08T21:17:05.629+0600] {dagbag.py:588} INFO - Filling up the DagBag from /home/shamim/airflow_venv/lib/python3.12/site-packages/airflow/example_dags/example_workday_timetable.py
[2025-03-08T21:17:05.638+0600] {processor.py:925} INFO - DAG(s) 'example_workday_timetable' retrieved from /home/shamim/airflow_venv/lib/python3.12/site-packages/airflow/example_dags/example_workday_timetable.py
[2025-03-08T21:17:05.658+0600] {logging_mixin.py:190} INFO - [2025-03-08T21:17:05.657+0600] {dag.py:3239} INFO - Sync 1 DAGs
[2025-03-08T21:17:05.738+0600] {logging_mixin.py:190} INFO - [2025-03-08T21:17:05.738+0600] {dag.py:4180} INFO - Setting next_dagrun for example_workday_timetable to 2021-01-04 00:00:00+00:00, run_after=2021-01-05 00:00:00+00:00
[2025-03-08T21:17:05.764+0600] {processor.py:208} INFO - Processing /home/shamim/airflow_venv/lib/python3.12/site-packages/airflow/example_dags/example_workday_timetable.py took 0.171 seconds
[2025-03-08T21:18:03.829+0600] {processor.py:186} INFO - Started process (PID=30051) to work on /home/shamim/airflow_venv/lib/python3.12/site-packages/airflow/example_dags/example_workday_timetable.py
[2025-03-08T21:18:04.629+0600] {processor.py:914} INFO - Processing file /home/shamim/airflow_venv/lib/python3.12/site-packages/airflow/example_dags/example_workday_timetable.py for tasks to queue
[2025-03-08T21:18:04.641+0600] {logging_mixin.py:190} INFO - [2025-03-08T21:18:04.638+0600] {dagbag.py:588} INFO - Filling up the DagBag from /home/shamim/airflow_venv/lib/python3.12/site-packages/airflow/example_dags/example_workday_timetable.py
[2025-03-08T21:18:04.669+0600] {processor.py:925} INFO - DAG(s) 'example_workday_timetable' retrieved from /home/shamim/airflow_venv/lib/python3.12/site-packages/airflow/example_dags/example_workday_timetable.py
[2025-03-08T21:18:04.694+0600] {logging_mixin.py:190} INFO - [2025-03-08T21:18:04.693+0600] {dag.py:3239} INFO - Sync 1 DAGs
[2025-03-08T21:18:04.772+0600] {logging_mixin.py:190} INFO - [2025-03-08T21:18:04.772+0600] {dag.py:4180} INFO - Setting next_dagrun for example_workday_timetable to 2021-01-04 00:00:00+00:00, run_after=2021-01-05 00:00:00+00:00
[2025-03-08T21:18:04.834+0600] {processor.py:208} INFO - Processing /home/shamim/airflow_venv/lib/python3.12/site-packages/airflow/example_dags/example_workday_timetable.py took 1.014 seconds
[2025-03-08T21:19:31.958+0600] {processor.py:186} INFO - Started process (PID=30600) to work on /home/shamim/airflow_venv/lib/python3.12/site-packages/airflow/example_dags/example_workday_timetable.py
[2025-03-08T21:19:31.962+0600] {processor.py:914} INFO - Processing file /home/shamim/airflow_venv/lib/python3.12/site-packages/airflow/example_dags/example_workday_timetable.py for tasks to queue
[2025-03-08T21:19:31.964+0600] {logging_mixin.py:190} INFO - [2025-03-08T21:19:31.964+0600] {dagbag.py:588} INFO - Filling up the DagBag from /home/shamim/airflow_venv/lib/python3.12/site-packages/airflow/example_dags/example_workday_timetable.py
[2025-03-08T21:19:31.971+0600] {processor.py:925} INFO - DAG(s) 'example_workday_timetable' retrieved from /home/shamim/airflow_venv/lib/python3.12/site-packages/airflow/example_dags/example_workday_timetable.py
[2025-03-08T21:19:31.991+0600] {logging_mixin.py:190} INFO - [2025-03-08T21:19:31.991+0600] {dag.py:3239} INFO - Sync 1 DAGs
[2025-03-08T21:19:32.061+0600] {logging_mixin.py:190} INFO - [2025-03-08T21:19:32.061+0600] {dag.py:4180} INFO - Setting next_dagrun for example_workday_timetable to 2021-01-04 00:00:00+00:00, run_after=2021-01-05 00:00:00+00:00
[2025-03-08T21:19:32.086+0600] {processor.py:208} INFO - Processing /home/shamim/airflow_venv/lib/python3.12/site-packages/airflow/example_dags/example_workday_timetable.py took 0.134 seconds
[2025-03-08T21:20:51.712+0600] {processor.py:186} INFO - Started process (PID=31168) to work on /home/shamim/airflow_venv/lib/python3.12/site-packages/airflow/example_dags/example_workday_timetable.py
[2025-03-08T21:20:51.718+0600] {processor.py:914} INFO - Processing file /home/shamim/airflow_venv/lib/python3.12/site-packages/airflow/example_dags/example_workday_timetable.py for tasks to queue
[2025-03-08T21:20:51.721+0600] {logging_mixin.py:190} INFO - [2025-03-08T21:20:51.720+0600] {dagbag.py:588} INFO - Filling up the DagBag from /home/shamim/airflow_venv/lib/python3.12/site-packages/airflow/example_dags/example_workday_timetable.py
[2025-03-08T21:20:51.729+0600] {processor.py:925} INFO - DAG(s) 'example_workday_timetable' retrieved from /home/shamim/airflow_venv/lib/python3.12/site-packages/airflow/example_dags/example_workday_timetable.py
[2025-03-08T21:20:51.748+0600] {logging_mixin.py:190} INFO - [2025-03-08T21:20:51.748+0600] {dag.py:3239} INFO - Sync 1 DAGs
[2025-03-08T21:20:51.821+0600] {logging_mixin.py:190} INFO - [2025-03-08T21:20:51.820+0600] {dag.py:4180} INFO - Setting next_dagrun for example_workday_timetable to 2021-01-04 00:00:00+00:00, run_after=2021-01-05 00:00:00+00:00
[2025-03-08T21:20:51.847+0600] {processor.py:208} INFO - Processing /home/shamim/airflow_venv/lib/python3.12/site-packages/airflow/example_dags/example_workday_timetable.py took 0.143 seconds
[2025-03-08T21:22:14.727+0600] {processor.py:186} INFO - Started process (PID=31707) to work on /home/shamim/airflow_venv/lib/python3.12/site-packages/airflow/example_dags/example_workday_timetable.py
[2025-03-08T21:22:14.733+0600] {processor.py:914} INFO - Processing file /home/shamim/airflow_venv/lib/python3.12/site-packages/airflow/example_dags/example_workday_timetable.py for tasks to queue
[2025-03-08T21:22:14.737+0600] {logging_mixin.py:190} INFO - [2025-03-08T21:22:14.736+0600] {dagbag.py:588} INFO - Filling up the DagBag from /home/shamim/airflow_venv/lib/python3.12/site-packages/airflow/example_dags/example_workday_timetable.py
[2025-03-08T21:22:14.748+0600] {processor.py:925} INFO - DAG(s) 'example_workday_timetable' retrieved from /home/shamim/airflow_venv/lib/python3.12/site-packages/airflow/example_dags/example_workday_timetable.py
[2025-03-08T21:22:14.776+0600] {logging_mixin.py:190} INFO - [2025-03-08T21:22:14.776+0600] {dag.py:3239} INFO - Sync 1 DAGs
[2025-03-08T21:22:14.868+0600] {logging_mixin.py:190} INFO - [2025-03-08T21:22:14.868+0600] {dag.py:4180} INFO - Setting next_dagrun for example_workday_timetable to 2021-01-04 00:00:00+00:00, run_after=2021-01-05 00:00:00+00:00
[2025-03-08T21:22:14.911+0600] {processor.py:208} INFO - Processing /home/shamim/airflow_venv/lib/python3.12/site-packages/airflow/example_dags/example_workday_timetable.py took 0.195 seconds
[2025-03-08T21:23:47.523+0600] {processor.py:186} INFO - Started process (PID=32225) to work on /home/shamim/airflow_venv/lib/python3.12/site-packages/airflow/example_dags/example_workday_timetable.py
[2025-03-08T21:23:47.529+0600] {processor.py:914} INFO - Processing file /home/shamim/airflow_venv/lib/python3.12/site-packages/airflow/example_dags/example_workday_timetable.py for tasks to queue
[2025-03-08T21:23:47.531+0600] {logging_mixin.py:190} INFO - [2025-03-08T21:23:47.531+0600] {dagbag.py:588} INFO - Filling up the DagBag from /home/shamim/airflow_venv/lib/python3.12/site-packages/airflow/example_dags/example_workday_timetable.py
[2025-03-08T21:23:47.539+0600] {processor.py:925} INFO - DAG(s) 'example_workday_timetable' retrieved from /home/shamim/airflow_venv/lib/python3.12/site-packages/airflow/example_dags/example_workday_timetable.py
[2025-03-08T21:23:47.557+0600] {logging_mixin.py:190} INFO - [2025-03-08T21:23:47.557+0600] {dag.py:3239} INFO - Sync 1 DAGs
[2025-03-08T21:23:47.634+0600] {logging_mixin.py:190} INFO - [2025-03-08T21:23:47.634+0600] {dag.py:4180} INFO - Setting next_dagrun for example_workday_timetable to 2021-01-04 00:00:00+00:00, run_after=2021-01-05 00:00:00+00:00
[2025-03-08T21:23:47.673+0600] {processor.py:208} INFO - Processing /home/shamim/airflow_venv/lib/python3.12/site-packages/airflow/example_dags/example_workday_timetable.py took 0.157 seconds
[2025-03-08T21:25:24.697+0600] {processor.py:186} INFO - Started process (PID=32728) to work on /home/shamim/airflow_venv/lib/python3.12/site-packages/airflow/example_dags/example_workday_timetable.py
[2025-03-08T21:25:24.703+0600] {processor.py:914} INFO - Processing file /home/shamim/airflow_venv/lib/python3.12/site-packages/airflow/example_dags/example_workday_timetable.py for tasks to queue
[2025-03-08T21:25:24.706+0600] {logging_mixin.py:190} INFO - [2025-03-08T21:25:24.705+0600] {dagbag.py:588} INFO - Filling up the DagBag from /home/shamim/airflow_venv/lib/python3.12/site-packages/airflow/example_dags/example_workday_timetable.py
[2025-03-08T21:25:24.714+0600] {processor.py:925} INFO - DAG(s) 'example_workday_timetable' retrieved from /home/shamim/airflow_venv/lib/python3.12/site-packages/airflow/example_dags/example_workday_timetable.py
[2025-03-08T21:25:24.733+0600] {logging_mixin.py:190} INFO - [2025-03-08T21:25:24.732+0600] {dag.py:3239} INFO - Sync 1 DAGs
[2025-03-08T21:25:24.806+0600] {logging_mixin.py:190} INFO - [2025-03-08T21:25:24.806+0600] {dag.py:4180} INFO - Setting next_dagrun for example_workday_timetable to 2021-01-04 00:00:00+00:00, run_after=2021-01-05 00:00:00+00:00
[2025-03-08T21:25:24.841+0600] {processor.py:208} INFO - Processing /home/shamim/airflow_venv/lib/python3.12/site-packages/airflow/example_dags/example_workday_timetable.py took 0.151 seconds
[2025-03-08T21:26:58.773+0600] {processor.py:186} INFO - Started process (PID=33244) to work on /home/shamim/airflow_venv/lib/python3.12/site-packages/airflow/example_dags/example_workday_timetable.py
[2025-03-08T21:26:58.781+0600] {processor.py:914} INFO - Processing file /home/shamim/airflow_venv/lib/python3.12/site-packages/airflow/example_dags/example_workday_timetable.py for tasks to queue
[2025-03-08T21:26:58.787+0600] {logging_mixin.py:190} INFO - [2025-03-08T21:26:58.786+0600] {dagbag.py:588} INFO - Filling up the DagBag from /home/shamim/airflow_venv/lib/python3.12/site-packages/airflow/example_dags/example_workday_timetable.py
[2025-03-08T21:26:58.806+0600] {processor.py:925} INFO - DAG(s) 'example_workday_timetable' retrieved from /home/shamim/airflow_venv/lib/python3.12/site-packages/airflow/example_dags/example_workday_timetable.py
[2025-03-08T21:26:58.850+0600] {logging_mixin.py:190} INFO - [2025-03-08T21:26:58.850+0600] {dag.py:3239} INFO - Sync 1 DAGs
[2025-03-08T21:26:58.927+0600] {logging_mixin.py:190} INFO - [2025-03-08T21:26:58.927+0600] {dag.py:4180} INFO - Setting next_dagrun for example_workday_timetable to 2021-01-04 00:00:00+00:00, run_after=2021-01-05 00:00:00+00:00
[2025-03-08T21:26:58.965+0600] {processor.py:208} INFO - Processing /home/shamim/airflow_venv/lib/python3.12/site-packages/airflow/example_dags/example_workday_timetable.py took 0.210 seconds
[2025-03-08T21:28:29.779+0600] {processor.py:186} INFO - Started process (PID=33887) to work on /home/shamim/airflow_venv/lib/python3.12/site-packages/airflow/example_dags/example_workday_timetable.py
[2025-03-08T21:28:29.787+0600] {processor.py:914} INFO - Processing file /home/shamim/airflow_venv/lib/python3.12/site-packages/airflow/example_dags/example_workday_timetable.py for tasks to queue
[2025-03-08T21:28:29.791+0600] {logging_mixin.py:190} INFO - [2025-03-08T21:28:29.790+0600] {dagbag.py:588} INFO - Filling up the DagBag from /home/shamim/airflow_venv/lib/python3.12/site-packages/airflow/example_dags/example_workday_timetable.py
[2025-03-08T21:28:29.801+0600] {processor.py:925} INFO - DAG(s) 'example_workday_timetable' retrieved from /home/shamim/airflow_venv/lib/python3.12/site-packages/airflow/example_dags/example_workday_timetable.py
[2025-03-08T21:28:29.833+0600] {logging_mixin.py:190} INFO - [2025-03-08T21:28:29.832+0600] {dag.py:3239} INFO - Sync 1 DAGs
[2025-03-08T21:28:29.941+0600] {logging_mixin.py:190} INFO - [2025-03-08T21:28:29.941+0600] {dag.py:4180} INFO - Setting next_dagrun for example_workday_timetable to 2021-01-04 00:00:00+00:00, run_after=2021-01-05 00:00:00+00:00
[2025-03-08T21:28:29.975+0600] {processor.py:208} INFO - Processing /home/shamim/airflow_venv/lib/python3.12/site-packages/airflow/example_dags/example_workday_timetable.py took 0.207 seconds
[2025-03-08T21:30:05.117+0600] {processor.py:186} INFO - Started process (PID=34683) to work on /home/shamim/airflow_venv/lib/python3.12/site-packages/airflow/example_dags/example_workday_timetable.py
[2025-03-08T21:30:05.118+0600] {processor.py:914} INFO - Processing file /home/shamim/airflow_venv/lib/python3.12/site-packages/airflow/example_dags/example_workday_timetable.py for tasks to queue
[2025-03-08T21:30:05.121+0600] {logging_mixin.py:190} INFO - [2025-03-08T21:30:05.121+0600] {dagbag.py:588} INFO - Filling up the DagBag from /home/shamim/airflow_venv/lib/python3.12/site-packages/airflow/example_dags/example_workday_timetable.py
[2025-03-08T21:30:05.131+0600] {processor.py:925} INFO - DAG(s) 'example_workday_timetable' retrieved from /home/shamim/airflow_venv/lib/python3.12/site-packages/airflow/example_dags/example_workday_timetable.py
[2025-03-08T21:30:05.151+0600] {logging_mixin.py:190} INFO - [2025-03-08T21:30:05.151+0600] {dag.py:3239} INFO - Sync 1 DAGs
[2025-03-08T21:30:05.229+0600] {logging_mixin.py:190} INFO - [2025-03-08T21:30:05.229+0600] {dag.py:4180} INFO - Setting next_dagrun for example_workday_timetable to 2021-01-04 00:00:00+00:00, run_after=2021-01-05 00:00:00+00:00
[2025-03-08T21:30:05.252+0600] {processor.py:208} INFO - Processing /home/shamim/airflow_venv/lib/python3.12/site-packages/airflow/example_dags/example_workday_timetable.py took 0.147 seconds
[2025-03-08T21:31:40.892+0600] {processor.py:186} INFO - Started process (PID=35224) to work on /home/shamim/airflow_venv/lib/python3.12/site-packages/airflow/example_dags/example_workday_timetable.py
[2025-03-08T21:31:40.897+0600] {processor.py:914} INFO - Processing file /home/shamim/airflow_venv/lib/python3.12/site-packages/airflow/example_dags/example_workday_timetable.py for tasks to queue
[2025-03-08T21:31:40.899+0600] {logging_mixin.py:190} INFO - [2025-03-08T21:31:40.899+0600] {dagbag.py:588} INFO - Filling up the DagBag from /home/shamim/airflow_venv/lib/python3.12/site-packages/airflow/example_dags/example_workday_timetable.py
[2025-03-08T21:31:40.907+0600] {processor.py:925} INFO - DAG(s) 'example_workday_timetable' retrieved from /home/shamim/airflow_venv/lib/python3.12/site-packages/airflow/example_dags/example_workday_timetable.py
[2025-03-08T21:31:40.929+0600] {logging_mixin.py:190} INFO - [2025-03-08T21:31:40.929+0600] {dag.py:3239} INFO - Sync 1 DAGs
[2025-03-08T21:31:41.016+0600] {logging_mixin.py:190} INFO - [2025-03-08T21:31:41.015+0600] {dag.py:4180} INFO - Setting next_dagrun for example_workday_timetable to 2021-01-04 00:00:00+00:00, run_after=2021-01-05 00:00:00+00:00
[2025-03-08T21:31:41.057+0600] {processor.py:208} INFO - Processing /home/shamim/airflow_venv/lib/python3.12/site-packages/airflow/example_dags/example_workday_timetable.py took 0.183 seconds
[2025-03-08T21:33:17.588+0600] {processor.py:186} INFO - Started process (PID=35859) to work on /home/shamim/airflow_venv/lib/python3.12/site-packages/airflow/example_dags/example_workday_timetable.py
[2025-03-08T21:33:17.593+0600] {processor.py:914} INFO - Processing file /home/shamim/airflow_venv/lib/python3.12/site-packages/airflow/example_dags/example_workday_timetable.py for tasks to queue
[2025-03-08T21:33:17.596+0600] {logging_mixin.py:190} INFO - [2025-03-08T21:33:17.595+0600] {dagbag.py:588} INFO - Filling up the DagBag from /home/shamim/airflow_venv/lib/python3.12/site-packages/airflow/example_dags/example_workday_timetable.py
[2025-03-08T21:33:17.605+0600] {processor.py:925} INFO - DAG(s) 'example_workday_timetable' retrieved from /home/shamim/airflow_venv/lib/python3.12/site-packages/airflow/example_dags/example_workday_timetable.py
[2025-03-08T21:33:17.631+0600] {logging_mixin.py:190} INFO - [2025-03-08T21:33:17.631+0600] {dag.py:3239} INFO - Sync 1 DAGs
[2025-03-08T21:33:17.703+0600] {logging_mixin.py:190} INFO - [2025-03-08T21:33:17.703+0600] {dag.py:4180} INFO - Setting next_dagrun for example_workday_timetable to 2021-01-04 00:00:00+00:00, run_after=2021-01-05 00:00:00+00:00
[2025-03-08T21:33:17.732+0600] {processor.py:208} INFO - Processing /home/shamim/airflow_venv/lib/python3.12/site-packages/airflow/example_dags/example_workday_timetable.py took 0.153 seconds
[2025-03-08T21:34:44.967+0600] {processor.py:186} INFO - Started process (PID=36397) to work on /home/shamim/airflow_venv/lib/python3.12/site-packages/airflow/example_dags/example_workday_timetable.py
[2025-03-08T21:34:44.971+0600] {processor.py:914} INFO - Processing file /home/shamim/airflow_venv/lib/python3.12/site-packages/airflow/example_dags/example_workday_timetable.py for tasks to queue
[2025-03-08T21:34:44.974+0600] {logging_mixin.py:190} INFO - [2025-03-08T21:34:44.973+0600] {dagbag.py:588} INFO - Filling up the DagBag from /home/shamim/airflow_venv/lib/python3.12/site-packages/airflow/example_dags/example_workday_timetable.py
[2025-03-08T21:34:44.983+0600] {processor.py:925} INFO - DAG(s) 'example_workday_timetable' retrieved from /home/shamim/airflow_venv/lib/python3.12/site-packages/airflow/example_dags/example_workday_timetable.py
[2025-03-08T21:34:45.005+0600] {logging_mixin.py:190} INFO - [2025-03-08T21:34:45.005+0600] {dag.py:3239} INFO - Sync 1 DAGs
[2025-03-08T21:34:45.123+0600] {logging_mixin.py:190} INFO - [2025-03-08T21:34:45.122+0600] {dag.py:4180} INFO - Setting next_dagrun for example_workday_timetable to 2021-01-04 00:00:00+00:00, run_after=2021-01-05 00:00:00+00:00
[2025-03-08T21:34:45.157+0600] {processor.py:208} INFO - Processing /home/shamim/airflow_venv/lib/python3.12/site-packages/airflow/example_dags/example_workday_timetable.py took 0.204 seconds
[2025-03-08T21:36:18.625+0600] {processor.py:186} INFO - Started process (PID=36941) to work on /home/shamim/airflow_venv/lib/python3.12/site-packages/airflow/example_dags/example_workday_timetable.py
[2025-03-08T21:36:18.631+0600] {processor.py:914} INFO - Processing file /home/shamim/airflow_venv/lib/python3.12/site-packages/airflow/example_dags/example_workday_timetable.py for tasks to queue
[2025-03-08T21:36:18.634+0600] {logging_mixin.py:190} INFO - [2025-03-08T21:36:18.633+0600] {dagbag.py:588} INFO - Filling up the DagBag from /home/shamim/airflow_venv/lib/python3.12/site-packages/airflow/example_dags/example_workday_timetable.py
[2025-03-08T21:36:18.643+0600] {processor.py:925} INFO - DAG(s) 'example_workday_timetable' retrieved from /home/shamim/airflow_venv/lib/python3.12/site-packages/airflow/example_dags/example_workday_timetable.py
[2025-03-08T21:36:18.662+0600] {logging_mixin.py:190} INFO - [2025-03-08T21:36:18.661+0600] {dag.py:3239} INFO - Sync 1 DAGs
[2025-03-08T21:36:18.735+0600] {logging_mixin.py:190} INFO - [2025-03-08T21:36:18.735+0600] {dag.py:4180} INFO - Setting next_dagrun for example_workday_timetable to 2021-01-04 00:00:00+00:00, run_after=2021-01-05 00:00:00+00:00
[2025-03-08T21:36:18.777+0600] {processor.py:208} INFO - Processing /home/shamim/airflow_venv/lib/python3.12/site-packages/airflow/example_dags/example_workday_timetable.py took 0.162 seconds
[2025-03-08T21:37:53.058+0600] {processor.py:186} INFO - Started process (PID=37512) to work on /home/shamim/airflow_venv/lib/python3.12/site-packages/airflow/example_dags/example_workday_timetable.py
[2025-03-08T21:37:53.076+0600] {processor.py:914} INFO - Processing file /home/shamim/airflow_venv/lib/python3.12/site-packages/airflow/example_dags/example_workday_timetable.py for tasks to queue
[2025-03-08T21:37:53.082+0600] {logging_mixin.py:190} INFO - [2025-03-08T21:37:53.080+0600] {dagbag.py:588} INFO - Filling up the DagBag from /home/shamim/airflow_venv/lib/python3.12/site-packages/airflow/example_dags/example_workday_timetable.py
[2025-03-08T21:37:53.097+0600] {processor.py:925} INFO - DAG(s) 'example_workday_timetable' retrieved from /home/shamim/airflow_venv/lib/python3.12/site-packages/airflow/example_dags/example_workday_timetable.py
[2025-03-08T21:37:53.128+0600] {logging_mixin.py:190} INFO - [2025-03-08T21:37:53.128+0600] {dag.py:3239} INFO - Sync 1 DAGs
[2025-03-08T21:37:53.234+0600] {logging_mixin.py:190} INFO - [2025-03-08T21:37:53.233+0600] {dag.py:4180} INFO - Setting next_dagrun for example_workday_timetable to 2021-01-04 00:00:00+00:00, run_after=2021-01-05 00:00:00+00:00
[2025-03-08T21:37:53.290+0600] {processor.py:208} INFO - Processing /home/shamim/airflow_venv/lib/python3.12/site-packages/airflow/example_dags/example_workday_timetable.py took 0.258 seconds
[2025-03-08T21:39:21.822+0600] {processor.py:186} INFO - Started process (PID=38113) to work on /home/shamim/airflow_venv/lib/python3.12/site-packages/airflow/example_dags/example_workday_timetable.py
[2025-03-08T21:39:21.828+0600] {processor.py:914} INFO - Processing file /home/shamim/airflow_venv/lib/python3.12/site-packages/airflow/example_dags/example_workday_timetable.py for tasks to queue
[2025-03-08T21:39:21.831+0600] {logging_mixin.py:190} INFO - [2025-03-08T21:39:21.830+0600] {dagbag.py:588} INFO - Filling up the DagBag from /home/shamim/airflow_venv/lib/python3.12/site-packages/airflow/example_dags/example_workday_timetable.py
[2025-03-08T21:39:21.838+0600] {processor.py:925} INFO - DAG(s) 'example_workday_timetable' retrieved from /home/shamim/airflow_venv/lib/python3.12/site-packages/airflow/example_dags/example_workday_timetable.py
[2025-03-08T21:39:21.857+0600] {logging_mixin.py:190} INFO - [2025-03-08T21:39:21.857+0600] {dag.py:3239} INFO - Sync 1 DAGs
[2025-03-08T21:39:21.951+0600] {logging_mixin.py:190} INFO - [2025-03-08T21:39:21.951+0600] {dag.py:4180} INFO - Setting next_dagrun for example_workday_timetable to 2021-01-04 00:00:00+00:00, run_after=2021-01-05 00:00:00+00:00
[2025-03-08T21:39:21.976+0600] {processor.py:208} INFO - Processing /home/shamim/airflow_venv/lib/python3.12/site-packages/airflow/example_dags/example_workday_timetable.py took 0.163 seconds
[2025-03-08T21:40:50.586+0600] {processor.py:186} INFO - Started process (PID=38776) to work on /home/shamim/airflow_venv/lib/python3.12/site-packages/airflow/example_dags/example_workday_timetable.py
[2025-03-08T21:40:50.590+0600] {processor.py:914} INFO - Processing file /home/shamim/airflow_venv/lib/python3.12/site-packages/airflow/example_dags/example_workday_timetable.py for tasks to queue
[2025-03-08T21:40:50.593+0600] {logging_mixin.py:190} INFO - [2025-03-08T21:40:50.592+0600] {dagbag.py:588} INFO - Filling up the DagBag from /home/shamim/airflow_venv/lib/python3.12/site-packages/airflow/example_dags/example_workday_timetable.py
[2025-03-08T21:40:50.600+0600] {processor.py:925} INFO - DAG(s) 'example_workday_timetable' retrieved from /home/shamim/airflow_venv/lib/python3.12/site-packages/airflow/example_dags/example_workday_timetable.py
[2025-03-08T21:40:50.619+0600] {logging_mixin.py:190} INFO - [2025-03-08T21:40:50.619+0600] {dag.py:3239} INFO - Sync 1 DAGs
[2025-03-08T21:40:50.694+0600] {logging_mixin.py:190} INFO - [2025-03-08T21:40:50.693+0600] {dag.py:4180} INFO - Setting next_dagrun for example_workday_timetable to 2021-01-04 00:00:00+00:00, run_after=2021-01-05 00:00:00+00:00
[2025-03-08T21:40:50.727+0600] {processor.py:208} INFO - Processing /home/shamim/airflow_venv/lib/python3.12/site-packages/airflow/example_dags/example_workday_timetable.py took 0.150 seconds
[2025-03-08T21:42:23.348+0600] {processor.py:186} INFO - Started process (PID=39325) to work on /home/shamim/airflow_venv/lib/python3.12/site-packages/airflow/example_dags/example_workday_timetable.py
[2025-03-08T21:42:23.352+0600] {processor.py:914} INFO - Processing file /home/shamim/airflow_venv/lib/python3.12/site-packages/airflow/example_dags/example_workday_timetable.py for tasks to queue
[2025-03-08T21:42:23.355+0600] {logging_mixin.py:190} INFO - [2025-03-08T21:42:23.354+0600] {dagbag.py:588} INFO - Filling up the DagBag from /home/shamim/airflow_venv/lib/python3.12/site-packages/airflow/example_dags/example_workday_timetable.py
[2025-03-08T21:42:23.362+0600] {processor.py:925} INFO - DAG(s) 'example_workday_timetable' retrieved from /home/shamim/airflow_venv/lib/python3.12/site-packages/airflow/example_dags/example_workday_timetable.py
[2025-03-08T21:42:23.381+0600] {logging_mixin.py:190} INFO - [2025-03-08T21:42:23.381+0600] {dag.py:3239} INFO - Sync 1 DAGs
[2025-03-08T21:42:23.457+0600] {logging_mixin.py:190} INFO - [2025-03-08T21:42:23.457+0600] {dag.py:4180} INFO - Setting next_dagrun for example_workday_timetable to 2021-01-04 00:00:00+00:00, run_after=2021-01-05 00:00:00+00:00
[2025-03-08T21:42:23.485+0600] {processor.py:208} INFO - Processing /home/shamim/airflow_venv/lib/python3.12/site-packages/airflow/example_dags/example_workday_timetable.py took 0.145 seconds
[2025-03-08T21:44:01.420+0600] {processor.py:186} INFO - Started process (PID=39912) to work on /home/shamim/airflow_venv/lib/python3.12/site-packages/airflow/example_dags/example_workday_timetable.py
[2025-03-08T21:44:01.426+0600] {processor.py:914} INFO - Processing file /home/shamim/airflow_venv/lib/python3.12/site-packages/airflow/example_dags/example_workday_timetable.py for tasks to queue
[2025-03-08T21:44:01.429+0600] {logging_mixin.py:190} INFO - [2025-03-08T21:44:01.428+0600] {dagbag.py:588} INFO - Filling up the DagBag from /home/shamim/airflow_venv/lib/python3.12/site-packages/airflow/example_dags/example_workday_timetable.py
[2025-03-08T21:44:01.436+0600] {processor.py:925} INFO - DAG(s) 'example_workday_timetable' retrieved from /home/shamim/airflow_venv/lib/python3.12/site-packages/airflow/example_dags/example_workday_timetable.py
[2025-03-08T21:44:01.455+0600] {logging_mixin.py:190} INFO - [2025-03-08T21:44:01.455+0600] {dag.py:3239} INFO - Sync 1 DAGs
[2025-03-08T21:44:01.532+0600] {logging_mixin.py:190} INFO - [2025-03-08T21:44:01.532+0600] {dag.py:4180} INFO - Setting next_dagrun for example_workday_timetable to 2021-01-04 00:00:00+00:00, run_after=2021-01-05 00:00:00+00:00
[2025-03-08T21:44:01.562+0600] {processor.py:208} INFO - Processing /home/shamim/airflow_venv/lib/python3.12/site-packages/airflow/example_dags/example_workday_timetable.py took 0.150 seconds
[2025-03-08T21:45:39.187+0600] {processor.py:186} INFO - Started process (PID=40471) to work on /home/shamim/airflow_venv/lib/python3.12/site-packages/airflow/example_dags/example_workday_timetable.py
[2025-03-08T21:45:39.192+0600] {processor.py:914} INFO - Processing file /home/shamim/airflow_venv/lib/python3.12/site-packages/airflow/example_dags/example_workday_timetable.py for tasks to queue
[2025-03-08T21:45:39.194+0600] {logging_mixin.py:190} INFO - [2025-03-08T21:45:39.194+0600] {dagbag.py:588} INFO - Filling up the DagBag from /home/shamim/airflow_venv/lib/python3.12/site-packages/airflow/example_dags/example_workday_timetable.py
[2025-03-08T21:45:39.202+0600] {processor.py:925} INFO - DAG(s) 'example_workday_timetable' retrieved from /home/shamim/airflow_venv/lib/python3.12/site-packages/airflow/example_dags/example_workday_timetable.py
[2025-03-08T21:45:39.223+0600] {logging_mixin.py:190} INFO - [2025-03-08T21:45:39.223+0600] {dag.py:3239} INFO - Sync 1 DAGs
[2025-03-08T21:45:39.319+0600] {logging_mixin.py:190} INFO - [2025-03-08T21:45:39.318+0600] {dag.py:4180} INFO - Setting next_dagrun for example_workday_timetable to 2021-01-04 00:00:00+00:00, run_after=2021-01-05 00:00:00+00:00
[2025-03-08T21:45:39.352+0600] {processor.py:208} INFO - Processing /home/shamim/airflow_venv/lib/python3.12/site-packages/airflow/example_dags/example_workday_timetable.py took 0.180 seconds
[2025-03-08T21:47:07.920+0600] {processor.py:186} INFO - Started process (PID=41050) to work on /home/shamim/airflow_venv/lib/python3.12/site-packages/airflow/example_dags/example_workday_timetable.py
[2025-03-08T21:47:07.922+0600] {processor.py:914} INFO - Processing file /home/shamim/airflow_venv/lib/python3.12/site-packages/airflow/example_dags/example_workday_timetable.py for tasks to queue
[2025-03-08T21:47:07.925+0600] {logging_mixin.py:190} INFO - [2025-03-08T21:47:07.924+0600] {dagbag.py:588} INFO - Filling up the DagBag from /home/shamim/airflow_venv/lib/python3.12/site-packages/airflow/example_dags/example_workday_timetable.py
[2025-03-08T21:47:07.935+0600] {processor.py:925} INFO - DAG(s) 'example_workday_timetable' retrieved from /home/shamim/airflow_venv/lib/python3.12/site-packages/airflow/example_dags/example_workday_timetable.py
[2025-03-08T21:47:07.960+0600] {logging_mixin.py:190} INFO - [2025-03-08T21:47:07.960+0600] {dag.py:3239} INFO - Sync 1 DAGs
[2025-03-08T21:47:08.053+0600] {logging_mixin.py:190} INFO - [2025-03-08T21:47:08.053+0600] {dag.py:4180} INFO - Setting next_dagrun for example_workday_timetable to 2021-01-04 00:00:00+00:00, run_after=2021-01-05 00:00:00+00:00
[2025-03-08T21:47:08.082+0600] {processor.py:208} INFO - Processing /home/shamim/airflow_venv/lib/python3.12/site-packages/airflow/example_dags/example_workday_timetable.py took 0.175 seconds
[2025-03-08T21:48:43.758+0600] {processor.py:186} INFO - Started process (PID=41670) to work on /home/shamim/airflow_venv/lib/python3.12/site-packages/airflow/example_dags/example_workday_timetable.py
[2025-03-08T21:48:43.766+0600] {processor.py:914} INFO - Processing file /home/shamim/airflow_venv/lib/python3.12/site-packages/airflow/example_dags/example_workday_timetable.py for tasks to queue
[2025-03-08T21:48:43.773+0600] {logging_mixin.py:190} INFO - [2025-03-08T21:48:43.771+0600] {dagbag.py:588} INFO - Filling up the DagBag from /home/shamim/airflow_venv/lib/python3.12/site-packages/airflow/example_dags/example_workday_timetable.py
[2025-03-08T21:48:43.793+0600] {processor.py:925} INFO - DAG(s) 'example_workday_timetable' retrieved from /home/shamim/airflow_venv/lib/python3.12/site-packages/airflow/example_dags/example_workday_timetable.py
[2025-03-08T21:48:43.819+0600] {logging_mixin.py:190} INFO - [2025-03-08T21:48:43.819+0600] {dag.py:3239} INFO - Sync 1 DAGs
[2025-03-08T21:48:43.895+0600] {logging_mixin.py:190} INFO - [2025-03-08T21:48:43.895+0600] {dag.py:4180} INFO - Setting next_dagrun for example_workday_timetable to 2021-01-04 00:00:00+00:00, run_after=2021-01-05 00:00:00+00:00
[2025-03-08T21:48:43.943+0600] {processor.py:208} INFO - Processing /home/shamim/airflow_venv/lib/python3.12/site-packages/airflow/example_dags/example_workday_timetable.py took 0.212 seconds
[2025-03-08T21:50:24.258+0600] {processor.py:186} INFO - Started process (PID=42222) to work on /home/shamim/airflow_venv/lib/python3.12/site-packages/airflow/example_dags/example_workday_timetable.py
[2025-03-08T21:50:24.264+0600] {processor.py:914} INFO - Processing file /home/shamim/airflow_venv/lib/python3.12/site-packages/airflow/example_dags/example_workday_timetable.py for tasks to queue
[2025-03-08T21:50:24.266+0600] {logging_mixin.py:190} INFO - [2025-03-08T21:50:24.265+0600] {dagbag.py:588} INFO - Filling up the DagBag from /home/shamim/airflow_venv/lib/python3.12/site-packages/airflow/example_dags/example_workday_timetable.py
[2025-03-08T21:50:24.273+0600] {processor.py:925} INFO - DAG(s) 'example_workday_timetable' retrieved from /home/shamim/airflow_venv/lib/python3.12/site-packages/airflow/example_dags/example_workday_timetable.py
[2025-03-08T21:50:24.292+0600] {logging_mixin.py:190} INFO - [2025-03-08T21:50:24.292+0600] {dag.py:3239} INFO - Sync 1 DAGs
[2025-03-08T21:50:24.367+0600] {logging_mixin.py:190} INFO - [2025-03-08T21:50:24.367+0600] {dag.py:4180} INFO - Setting next_dagrun for example_workday_timetable to 2021-01-04 00:00:00+00:00, run_after=2021-01-05 00:00:00+00:00
[2025-03-08T21:50:24.396+0600] {processor.py:208} INFO - Processing /home/shamim/airflow_venv/lib/python3.12/site-packages/airflow/example_dags/example_workday_timetable.py took 0.147 seconds
[2025-03-08T21:51:48.375+0600] {processor.py:186} INFO - Started process (PID=42750) to work on /home/shamim/airflow_venv/lib/python3.12/site-packages/airflow/example_dags/example_workday_timetable.py
[2025-03-08T21:51:48.383+0600] {processor.py:914} INFO - Processing file /home/shamim/airflow_venv/lib/python3.12/site-packages/airflow/example_dags/example_workday_timetable.py for tasks to queue
[2025-03-08T21:51:48.390+0600] {logging_mixin.py:190} INFO - [2025-03-08T21:51:48.389+0600] {dagbag.py:588} INFO - Filling up the DagBag from /home/shamim/airflow_venv/lib/python3.12/site-packages/airflow/example_dags/example_workday_timetable.py
[2025-03-08T21:51:48.410+0600] {processor.py:925} INFO - DAG(s) 'example_workday_timetable' retrieved from /home/shamim/airflow_venv/lib/python3.12/site-packages/airflow/example_dags/example_workday_timetable.py
[2025-03-08T21:51:48.441+0600] {logging_mixin.py:190} INFO - [2025-03-08T21:51:48.440+0600] {dag.py:3239} INFO - Sync 1 DAGs
[2025-03-08T21:51:48.513+0600] {logging_mixin.py:190} INFO - [2025-03-08T21:51:48.513+0600] {dag.py:4180} INFO - Setting next_dagrun for example_workday_timetable to 2021-01-04 00:00:00+00:00, run_after=2021-01-05 00:00:00+00:00
[2025-03-08T21:51:48.539+0600] {processor.py:208} INFO - Processing /home/shamim/airflow_venv/lib/python3.12/site-packages/airflow/example_dags/example_workday_timetable.py took 0.201 seconds
[2025-03-08T21:53:07.609+0600] {processor.py:186} INFO - Started process (PID=43305) to work on /home/shamim/airflow_venv/lib/python3.12/site-packages/airflow/example_dags/example_workday_timetable.py
[2025-03-08T21:53:07.612+0600] {processor.py:914} INFO - Processing file /home/shamim/airflow_venv/lib/python3.12/site-packages/airflow/example_dags/example_workday_timetable.py for tasks to queue
[2025-03-08T21:53:07.615+0600] {logging_mixin.py:190} INFO - [2025-03-08T21:53:07.614+0600] {dagbag.py:588} INFO - Filling up the DagBag from /home/shamim/airflow_venv/lib/python3.12/site-packages/airflow/example_dags/example_workday_timetable.py
[2025-03-08T21:53:07.622+0600] {processor.py:925} INFO - DAG(s) 'example_workday_timetable' retrieved from /home/shamim/airflow_venv/lib/python3.12/site-packages/airflow/example_dags/example_workday_timetable.py
[2025-03-08T21:53:07.641+0600] {logging_mixin.py:190} INFO - [2025-03-08T21:53:07.641+0600] {dag.py:3239} INFO - Sync 1 DAGs
[2025-03-08T21:53:07.712+0600] {logging_mixin.py:190} INFO - [2025-03-08T21:53:07.712+0600] {dag.py:4180} INFO - Setting next_dagrun for example_workday_timetable to 2021-01-04 00:00:00+00:00, run_after=2021-01-05 00:00:00+00:00
[2025-03-08T21:53:07.737+0600] {processor.py:208} INFO - Processing /home/shamim/airflow_venv/lib/python3.12/site-packages/airflow/example_dags/example_workday_timetable.py took 0.137 seconds
[2025-03-08T21:54:30.995+0600] {processor.py:186} INFO - Started process (PID=43845) to work on /home/shamim/airflow_venv/lib/python3.12/site-packages/airflow/example_dags/example_workday_timetable.py
[2025-03-08T21:54:31.001+0600] {processor.py:914} INFO - Processing file /home/shamim/airflow_venv/lib/python3.12/site-packages/airflow/example_dags/example_workday_timetable.py for tasks to queue
[2025-03-08T21:54:31.004+0600] {logging_mixin.py:190} INFO - [2025-03-08T21:54:31.003+0600] {dagbag.py:588} INFO - Filling up the DagBag from /home/shamim/airflow_venv/lib/python3.12/site-packages/airflow/example_dags/example_workday_timetable.py
[2025-03-08T21:54:31.011+0600] {processor.py:925} INFO - DAG(s) 'example_workday_timetable' retrieved from /home/shamim/airflow_venv/lib/python3.12/site-packages/airflow/example_dags/example_workday_timetable.py
[2025-03-08T21:54:31.030+0600] {logging_mixin.py:190} INFO - [2025-03-08T21:54:31.030+0600] {dag.py:3239} INFO - Sync 1 DAGs
[2025-03-08T21:54:31.112+0600] {logging_mixin.py:190} INFO - [2025-03-08T21:54:31.112+0600] {dag.py:4180} INFO - Setting next_dagrun for example_workday_timetable to 2021-01-04 00:00:00+00:00, run_after=2021-01-05 00:00:00+00:00
[2025-03-08T21:54:31.135+0600] {processor.py:208} INFO - Processing /home/shamim/airflow_venv/lib/python3.12/site-packages/airflow/example_dags/example_workday_timetable.py took 0.149 seconds
[2025-03-08T21:56:00.924+0600] {processor.py:186} INFO - Started process (PID=44420) to work on /home/shamim/airflow_venv/lib/python3.12/site-packages/airflow/example_dags/example_workday_timetable.py
[2025-03-08T21:56:00.931+0600] {processor.py:914} INFO - Processing file /home/shamim/airflow_venv/lib/python3.12/site-packages/airflow/example_dags/example_workday_timetable.py for tasks to queue
[2025-03-08T21:56:00.933+0600] {logging_mixin.py:190} INFO - [2025-03-08T21:56:00.932+0600] {dagbag.py:588} INFO - Filling up the DagBag from /home/shamim/airflow_venv/lib/python3.12/site-packages/airflow/example_dags/example_workday_timetable.py
[2025-03-08T21:56:00.940+0600] {processor.py:925} INFO - DAG(s) 'example_workday_timetable' retrieved from /home/shamim/airflow_venv/lib/python3.12/site-packages/airflow/example_dags/example_workday_timetable.py
[2025-03-08T21:56:00.961+0600] {logging_mixin.py:190} INFO - [2025-03-08T21:56:00.960+0600] {dag.py:3239} INFO - Sync 1 DAGs
[2025-03-08T21:56:01.031+0600] {logging_mixin.py:190} INFO - [2025-03-08T21:56:01.031+0600] {dag.py:4180} INFO - Setting next_dagrun for example_workday_timetable to 2021-01-04 00:00:00+00:00, run_after=2021-01-05 00:00:00+00:00
[2025-03-08T21:56:01.056+0600] {processor.py:208} INFO - Processing /home/shamim/airflow_venv/lib/python3.12/site-packages/airflow/example_dags/example_workday_timetable.py took 0.141 seconds
[2025-03-08T21:57:22.921+0600] {processor.py:186} INFO - Started process (PID=44970) to work on /home/shamim/airflow_venv/lib/python3.12/site-packages/airflow/example_dags/example_workday_timetable.py
[2025-03-08T21:57:22.935+0600] {processor.py:914} INFO - Processing file /home/shamim/airflow_venv/lib/python3.12/site-packages/airflow/example_dags/example_workday_timetable.py for tasks to queue
[2025-03-08T21:57:22.938+0600] {logging_mixin.py:190} INFO - [2025-03-08T21:57:22.937+0600] {dagbag.py:588} INFO - Filling up the DagBag from /home/shamim/airflow_venv/lib/python3.12/site-packages/airflow/example_dags/example_workday_timetable.py
[2025-03-08T21:57:22.948+0600] {processor.py:925} INFO - DAG(s) 'example_workday_timetable' retrieved from /home/shamim/airflow_venv/lib/python3.12/site-packages/airflow/example_dags/example_workday_timetable.py
[2025-03-08T21:57:22.968+0600] {logging_mixin.py:190} INFO - [2025-03-08T21:57:22.968+0600] {dag.py:3239} INFO - Sync 1 DAGs
[2025-03-08T21:57:23.042+0600] {logging_mixin.py:190} INFO - [2025-03-08T21:57:23.042+0600] {dag.py:4180} INFO - Setting next_dagrun for example_workday_timetable to 2021-01-04 00:00:00+00:00, run_after=2021-01-05 00:00:00+00:00
[2025-03-08T21:57:23.070+0600] {processor.py:208} INFO - Processing /home/shamim/airflow_venv/lib/python3.12/site-packages/airflow/example_dags/example_workday_timetable.py took 0.158 seconds
[2025-03-08T21:58:52.373+0600] {processor.py:186} INFO - Started process (PID=45754) to work on /home/shamim/airflow_venv/lib/python3.12/site-packages/airflow/example_dags/example_workday_timetable.py
[2025-03-08T21:58:52.379+0600] {processor.py:914} INFO - Processing file /home/shamim/airflow_venv/lib/python3.12/site-packages/airflow/example_dags/example_workday_timetable.py for tasks to queue
[2025-03-08T21:58:52.384+0600] {logging_mixin.py:190} INFO - [2025-03-08T21:58:52.382+0600] {dagbag.py:588} INFO - Filling up the DagBag from /home/shamim/airflow_venv/lib/python3.12/site-packages/airflow/example_dags/example_workday_timetable.py
[2025-03-08T21:58:52.395+0600] {processor.py:925} INFO - DAG(s) 'example_workday_timetable' retrieved from /home/shamim/airflow_venv/lib/python3.12/site-packages/airflow/example_dags/example_workday_timetable.py
[2025-03-08T21:58:52.425+0600] {logging_mixin.py:190} INFO - [2025-03-08T21:58:52.424+0600] {dag.py:3239} INFO - Sync 1 DAGs
[2025-03-08T21:58:52.553+0600] {logging_mixin.py:190} INFO - [2025-03-08T21:58:52.553+0600] {dag.py:4180} INFO - Setting next_dagrun for example_workday_timetable to 2021-01-04 00:00:00+00:00, run_after=2021-01-05 00:00:00+00:00
[2025-03-08T21:58:52.608+0600] {processor.py:208} INFO - Processing /home/shamim/airflow_venv/lib/python3.12/site-packages/airflow/example_dags/example_workday_timetable.py took 0.252 seconds
[2025-03-08T22:00:26.353+0600] {processor.py:186} INFO - Started process (PID=46485) to work on /home/shamim/airflow_venv/lib/python3.12/site-packages/airflow/example_dags/example_workday_timetable.py
[2025-03-08T22:00:26.357+0600] {processor.py:914} INFO - Processing file /home/shamim/airflow_venv/lib/python3.12/site-packages/airflow/example_dags/example_workday_timetable.py for tasks to queue
[2025-03-08T22:00:26.359+0600] {logging_mixin.py:190} INFO - [2025-03-08T22:00:26.359+0600] {dagbag.py:588} INFO - Filling up the DagBag from /home/shamim/airflow_venv/lib/python3.12/site-packages/airflow/example_dags/example_workday_timetable.py
[2025-03-08T22:00:26.366+0600] {processor.py:925} INFO - DAG(s) 'example_workday_timetable' retrieved from /home/shamim/airflow_venv/lib/python3.12/site-packages/airflow/example_dags/example_workday_timetable.py
[2025-03-08T22:00:26.387+0600] {logging_mixin.py:190} INFO - [2025-03-08T22:00:26.387+0600] {dag.py:3239} INFO - Sync 1 DAGs
[2025-03-08T22:00:26.465+0600] {logging_mixin.py:190} INFO - [2025-03-08T22:00:26.465+0600] {dag.py:4180} INFO - Setting next_dagrun for example_workday_timetable to 2021-01-04 00:00:00+00:00, run_after=2021-01-05 00:00:00+00:00
[2025-03-08T22:00:26.492+0600] {processor.py:208} INFO - Processing /home/shamim/airflow_venv/lib/python3.12/site-packages/airflow/example_dags/example_workday_timetable.py took 0.148 seconds
[2025-03-08T22:01:55.436+0600] {processor.py:186} INFO - Started process (PID=47317) to work on /home/shamim/airflow_venv/lib/python3.12/site-packages/airflow/example_dags/example_workday_timetable.py
[2025-03-08T22:01:55.444+0600] {processor.py:914} INFO - Processing file /home/shamim/airflow_venv/lib/python3.12/site-packages/airflow/example_dags/example_workday_timetable.py for tasks to queue
[2025-03-08T22:01:55.452+0600] {logging_mixin.py:190} INFO - [2025-03-08T22:01:55.450+0600] {dagbag.py:588} INFO - Filling up the DagBag from /home/shamim/airflow_venv/lib/python3.12/site-packages/airflow/example_dags/example_workday_timetable.py
[2025-03-08T22:01:55.462+0600] {processor.py:925} INFO - DAG(s) 'example_workday_timetable' retrieved from /home/shamim/airflow_venv/lib/python3.12/site-packages/airflow/example_dags/example_workday_timetable.py
[2025-03-08T22:01:55.494+0600] {logging_mixin.py:190} INFO - [2025-03-08T22:01:55.493+0600] {dag.py:3239} INFO - Sync 1 DAGs
[2025-03-08T22:01:55.639+0600] {logging_mixin.py:190} INFO - [2025-03-08T22:01:55.638+0600] {dag.py:4180} INFO - Setting next_dagrun for example_workday_timetable to 2021-01-04 00:00:00+00:00, run_after=2021-01-05 00:00:00+00:00
[2025-03-08T22:01:55.671+0600] {processor.py:208} INFO - Processing /home/shamim/airflow_venv/lib/python3.12/site-packages/airflow/example_dags/example_workday_timetable.py took 0.257 seconds
[2025-03-08T22:03:26.436+0600] {processor.py:186} INFO - Started process (PID=48075) to work on /home/shamim/airflow_venv/lib/python3.12/site-packages/airflow/example_dags/example_workday_timetable.py
[2025-03-08T22:03:26.444+0600] {processor.py:914} INFO - Processing file /home/shamim/airflow_venv/lib/python3.12/site-packages/airflow/example_dags/example_workday_timetable.py for tasks to queue
[2025-03-08T22:03:26.454+0600] {logging_mixin.py:190} INFO - [2025-03-08T22:03:26.452+0600] {dagbag.py:588} INFO - Filling up the DagBag from /home/shamim/airflow_venv/lib/python3.12/site-packages/airflow/example_dags/example_workday_timetable.py
[2025-03-08T22:03:26.478+0600] {processor.py:925} INFO - DAG(s) 'example_workday_timetable' retrieved from /home/shamim/airflow_venv/lib/python3.12/site-packages/airflow/example_dags/example_workday_timetable.py
[2025-03-08T22:03:26.507+0600] {logging_mixin.py:190} INFO - [2025-03-08T22:03:26.506+0600] {dag.py:3239} INFO - Sync 1 DAGs
[2025-03-08T22:03:26.598+0600] {logging_mixin.py:190} INFO - [2025-03-08T22:03:26.598+0600] {dag.py:4180} INFO - Setting next_dagrun for example_workday_timetable to 2021-01-04 00:00:00+00:00, run_after=2021-01-05 00:00:00+00:00
[2025-03-08T22:03:26.625+0600] {processor.py:208} INFO - Processing /home/shamim/airflow_venv/lib/python3.12/site-packages/airflow/example_dags/example_workday_timetable.py took 0.222 seconds
[2025-03-08T22:04:59.555+0600] {processor.py:186} INFO - Started process (PID=48636) to work on /home/shamim/airflow_venv/lib/python3.12/site-packages/airflow/example_dags/example_workday_timetable.py
[2025-03-08T22:04:59.562+0600] {processor.py:914} INFO - Processing file /home/shamim/airflow_venv/lib/python3.12/site-packages/airflow/example_dags/example_workday_timetable.py for tasks to queue
[2025-03-08T22:04:59.564+0600] {logging_mixin.py:190} INFO - [2025-03-08T22:04:59.564+0600] {dagbag.py:588} INFO - Filling up the DagBag from /home/shamim/airflow_venv/lib/python3.12/site-packages/airflow/example_dags/example_workday_timetable.py
[2025-03-08T22:04:59.571+0600] {processor.py:925} INFO - DAG(s) 'example_workday_timetable' retrieved from /home/shamim/airflow_venv/lib/python3.12/site-packages/airflow/example_dags/example_workday_timetable.py
[2025-03-08T22:04:59.591+0600] {logging_mixin.py:190} INFO - [2025-03-08T22:04:59.591+0600] {dag.py:3239} INFO - Sync 1 DAGs
[2025-03-08T22:04:59.665+0600] {logging_mixin.py:190} INFO - [2025-03-08T22:04:59.665+0600] {dag.py:4180} INFO - Setting next_dagrun for example_workday_timetable to 2021-01-04 00:00:00+00:00, run_after=2021-01-05 00:00:00+00:00
[2025-03-08T22:04:59.694+0600] {processor.py:208} INFO - Processing /home/shamim/airflow_venv/lib/python3.12/site-packages/airflow/example_dags/example_workday_timetable.py took 0.148 seconds
[2025-03-08T22:06:28.949+0600] {processor.py:186} INFO - Started process (PID=49172) to work on /home/shamim/airflow_venv/lib/python3.12/site-packages/airflow/example_dags/example_workday_timetable.py
[2025-03-08T22:06:28.956+0600] {processor.py:914} INFO - Processing file /home/shamim/airflow_venv/lib/python3.12/site-packages/airflow/example_dags/example_workday_timetable.py for tasks to queue
[2025-03-08T22:06:28.960+0600] {logging_mixin.py:190} INFO - [2025-03-08T22:06:28.959+0600] {dagbag.py:588} INFO - Filling up the DagBag from /home/shamim/airflow_venv/lib/python3.12/site-packages/airflow/example_dags/example_workday_timetable.py
[2025-03-08T22:06:28.972+0600] {processor.py:925} INFO - DAG(s) 'example_workday_timetable' retrieved from /home/shamim/airflow_venv/lib/python3.12/site-packages/airflow/example_dags/example_workday_timetable.py
[2025-03-08T22:06:28.994+0600] {logging_mixin.py:190} INFO - [2025-03-08T22:06:28.994+0600] {dag.py:3239} INFO - Sync 1 DAGs
[2025-03-08T22:06:29.086+0600] {logging_mixin.py:190} INFO - [2025-03-08T22:06:29.086+0600] {dag.py:4180} INFO - Setting next_dagrun for example_workday_timetable to 2021-01-04 00:00:00+00:00, run_after=2021-01-05 00:00:00+00:00
[2025-03-08T22:06:29.124+0600] {processor.py:208} INFO - Processing /home/shamim/airflow_venv/lib/python3.12/site-packages/airflow/example_dags/example_workday_timetable.py took 0.191 seconds
[2025-03-08T22:08:07.765+0600] {processor.py:186} INFO - Started process (PID=50026) to work on /home/shamim/airflow_venv/lib/python3.12/site-packages/airflow/example_dags/example_workday_timetable.py
[2025-03-08T22:08:07.771+0600] {processor.py:914} INFO - Processing file /home/shamim/airflow_venv/lib/python3.12/site-packages/airflow/example_dags/example_workday_timetable.py for tasks to queue
[2025-03-08T22:08:07.773+0600] {logging_mixin.py:190} INFO - [2025-03-08T22:08:07.773+0600] {dagbag.py:588} INFO - Filling up the DagBag from /home/shamim/airflow_venv/lib/python3.12/site-packages/airflow/example_dags/example_workday_timetable.py
[2025-03-08T22:08:07.780+0600] {processor.py:925} INFO - DAG(s) 'example_workday_timetable' retrieved from /home/shamim/airflow_venv/lib/python3.12/site-packages/airflow/example_dags/example_workday_timetable.py
[2025-03-08T22:08:07.801+0600] {logging_mixin.py:190} INFO - [2025-03-08T22:08:07.801+0600] {dag.py:3239} INFO - Sync 1 DAGs
[2025-03-08T22:08:07.877+0600] {logging_mixin.py:190} INFO - [2025-03-08T22:08:07.877+0600] {dag.py:4180} INFO - Setting next_dagrun for example_workday_timetable to 2021-01-04 00:00:00+00:00, run_after=2021-01-05 00:00:00+00:00
[2025-03-08T22:08:07.915+0600] {processor.py:208} INFO - Processing /home/shamim/airflow_venv/lib/python3.12/site-packages/airflow/example_dags/example_workday_timetable.py took 0.159 seconds
[2025-03-08T22:09:43.057+0600] {processor.py:186} INFO - Started process (PID=50813) to work on /home/shamim/airflow_venv/lib/python3.12/site-packages/airflow/example_dags/example_workday_timetable.py
[2025-03-08T22:09:43.066+0600] {processor.py:914} INFO - Processing file /home/shamim/airflow_venv/lib/python3.12/site-packages/airflow/example_dags/example_workday_timetable.py for tasks to queue
[2025-03-08T22:09:43.075+0600] {logging_mixin.py:190} INFO - [2025-03-08T22:09:43.074+0600] {dagbag.py:588} INFO - Filling up the DagBag from /home/shamim/airflow_venv/lib/python3.12/site-packages/airflow/example_dags/example_workday_timetable.py
[2025-03-08T22:09:43.103+0600] {processor.py:925} INFO - DAG(s) 'example_workday_timetable' retrieved from /home/shamim/airflow_venv/lib/python3.12/site-packages/airflow/example_dags/example_workday_timetable.py
[2025-03-08T22:09:43.136+0600] {logging_mixin.py:190} INFO - [2025-03-08T22:09:43.135+0600] {dag.py:3239} INFO - Sync 1 DAGs
[2025-03-08T22:09:43.232+0600] {logging_mixin.py:190} INFO - [2025-03-08T22:09:43.232+0600] {dag.py:4180} INFO - Setting next_dagrun for example_workday_timetable to 2021-01-04 00:00:00+00:00, run_after=2021-01-05 00:00:00+00:00
[2025-03-08T22:09:43.274+0600] {processor.py:208} INFO - Processing /home/shamim/airflow_venv/lib/python3.12/site-packages/airflow/example_dags/example_workday_timetable.py took 0.251 seconds
[2025-03-08T22:11:18.553+0600] {processor.py:186} INFO - Started process (PID=51449) to work on /home/shamim/airflow_venv/lib/python3.12/site-packages/airflow/example_dags/example_workday_timetable.py
[2025-03-08T22:11:18.559+0600] {processor.py:914} INFO - Processing file /home/shamim/airflow_venv/lib/python3.12/site-packages/airflow/example_dags/example_workday_timetable.py for tasks to queue
[2025-03-08T22:11:18.563+0600] {logging_mixin.py:190} INFO - [2025-03-08T22:11:18.562+0600] {dagbag.py:588} INFO - Filling up the DagBag from /home/shamim/airflow_venv/lib/python3.12/site-packages/airflow/example_dags/example_workday_timetable.py
[2025-03-08T22:11:18.572+0600] {processor.py:925} INFO - DAG(s) 'example_workday_timetable' retrieved from /home/shamim/airflow_venv/lib/python3.12/site-packages/airflow/example_dags/example_workday_timetable.py
[2025-03-08T22:11:18.591+0600] {logging_mixin.py:190} INFO - [2025-03-08T22:11:18.591+0600] {dag.py:3239} INFO - Sync 1 DAGs
[2025-03-08T22:11:18.666+0600] {logging_mixin.py:190} INFO - [2025-03-08T22:11:18.665+0600] {dag.py:4180} INFO - Setting next_dagrun for example_workday_timetable to 2021-01-04 00:00:00+00:00, run_after=2021-01-05 00:00:00+00:00
[2025-03-08T22:11:18.705+0600] {processor.py:208} INFO - Processing /home/shamim/airflow_venv/lib/python3.12/site-packages/airflow/example_dags/example_workday_timetable.py took 0.166 seconds
[2025-03-08T22:12:49.042+0600] {processor.py:186} INFO - Started process (PID=51999) to work on /home/shamim/airflow_venv/lib/python3.12/site-packages/airflow/example_dags/example_workday_timetable.py
[2025-03-08T22:12:49.044+0600] {processor.py:914} INFO - Processing file /home/shamim/airflow_venv/lib/python3.12/site-packages/airflow/example_dags/example_workday_timetable.py for tasks to queue
[2025-03-08T22:12:49.047+0600] {logging_mixin.py:190} INFO - [2025-03-08T22:12:49.046+0600] {dagbag.py:588} INFO - Filling up the DagBag from /home/shamim/airflow_venv/lib/python3.12/site-packages/airflow/example_dags/example_workday_timetable.py
[2025-03-08T22:12:49.057+0600] {processor.py:925} INFO - DAG(s) 'example_workday_timetable' retrieved from /home/shamim/airflow_venv/lib/python3.12/site-packages/airflow/example_dags/example_workday_timetable.py
[2025-03-08T22:12:49.086+0600] {logging_mixin.py:190} INFO - [2025-03-08T22:12:49.086+0600] {dag.py:3239} INFO - Sync 1 DAGs
[2025-03-08T22:12:49.222+0600] {logging_mixin.py:190} INFO - [2025-03-08T22:12:49.221+0600] {dag.py:4180} INFO - Setting next_dagrun for example_workday_timetable to 2021-01-04 00:00:00+00:00, run_after=2021-01-05 00:00:00+00:00
[2025-03-08T22:12:49.281+0600] {processor.py:208} INFO - Processing /home/shamim/airflow_venv/lib/python3.12/site-packages/airflow/example_dags/example_workday_timetable.py took 0.255 seconds
[2025-03-08T22:14:20.813+0600] {processor.py:186} INFO - Started process (PID=52482) to work on /home/shamim/airflow_venv/lib/python3.12/site-packages/airflow/example_dags/example_workday_timetable.py
[2025-03-08T22:14:20.817+0600] {processor.py:914} INFO - Processing file /home/shamim/airflow_venv/lib/python3.12/site-packages/airflow/example_dags/example_workday_timetable.py for tasks to queue
[2025-03-08T22:14:20.821+0600] {logging_mixin.py:190} INFO - [2025-03-08T22:14:20.820+0600] {dagbag.py:588} INFO - Filling up the DagBag from /home/shamim/airflow_venv/lib/python3.12/site-packages/airflow/example_dags/example_workday_timetable.py
[2025-03-08T22:14:20.830+0600] {processor.py:925} INFO - DAG(s) 'example_workday_timetable' retrieved from /home/shamim/airflow_venv/lib/python3.12/site-packages/airflow/example_dags/example_workday_timetable.py
[2025-03-08T22:14:20.851+0600] {logging_mixin.py:190} INFO - [2025-03-08T22:14:20.850+0600] {dag.py:3239} INFO - Sync 1 DAGs
[2025-03-08T22:14:20.937+0600] {logging_mixin.py:190} INFO - [2025-03-08T22:14:20.937+0600] {dag.py:4180} INFO - Setting next_dagrun for example_workday_timetable to 2021-01-04 00:00:00+00:00, run_after=2021-01-05 00:00:00+00:00
[2025-03-08T22:14:20.963+0600] {processor.py:208} INFO - Processing /home/shamim/airflow_venv/lib/python3.12/site-packages/airflow/example_dags/example_workday_timetable.py took 0.164 seconds
[2025-03-08T22:15:56.016+0600] {processor.py:186} INFO - Started process (PID=53032) to work on /home/shamim/airflow_venv/lib/python3.12/site-packages/airflow/example_dags/example_workday_timetable.py
[2025-03-08T22:15:56.022+0600] {processor.py:914} INFO - Processing file /home/shamim/airflow_venv/lib/python3.12/site-packages/airflow/example_dags/example_workday_timetable.py for tasks to queue
[2025-03-08T22:15:56.025+0600] {logging_mixin.py:190} INFO - [2025-03-08T22:15:56.024+0600] {dagbag.py:588} INFO - Filling up the DagBag from /home/shamim/airflow_venv/lib/python3.12/site-packages/airflow/example_dags/example_workday_timetable.py
[2025-03-08T22:15:56.032+0600] {processor.py:925} INFO - DAG(s) 'example_workday_timetable' retrieved from /home/shamim/airflow_venv/lib/python3.12/site-packages/airflow/example_dags/example_workday_timetable.py
[2025-03-08T22:15:56.052+0600] {logging_mixin.py:190} INFO - [2025-03-08T22:15:56.051+0600] {dag.py:3239} INFO - Sync 1 DAGs
[2025-03-08T22:15:56.139+0600] {logging_mixin.py:190} INFO - [2025-03-08T22:15:56.139+0600] {dag.py:4180} INFO - Setting next_dagrun for example_workday_timetable to 2021-01-04 00:00:00+00:00, run_after=2021-01-05 00:00:00+00:00
[2025-03-08T22:15:56.163+0600] {processor.py:208} INFO - Processing /home/shamim/airflow_venv/lib/python3.12/site-packages/airflow/example_dags/example_workday_timetable.py took 0.157 seconds
[2025-03-08T22:17:36.983+0600] {processor.py:186} INFO - Started process (PID=53531) to work on /home/shamim/airflow_venv/lib/python3.12/site-packages/airflow/example_dags/example_workday_timetable.py
[2025-03-08T22:17:36.989+0600] {processor.py:914} INFO - Processing file /home/shamim/airflow_venv/lib/python3.12/site-packages/airflow/example_dags/example_workday_timetable.py for tasks to queue
[2025-03-08T22:17:36.992+0600] {logging_mixin.py:190} INFO - [2025-03-08T22:17:36.991+0600] {dagbag.py:588} INFO - Filling up the DagBag from /home/shamim/airflow_venv/lib/python3.12/site-packages/airflow/example_dags/example_workday_timetable.py
[2025-03-08T22:17:37.000+0600] {processor.py:925} INFO - DAG(s) 'example_workday_timetable' retrieved from /home/shamim/airflow_venv/lib/python3.12/site-packages/airflow/example_dags/example_workday_timetable.py
[2025-03-08T22:17:37.021+0600] {logging_mixin.py:190} INFO - [2025-03-08T22:17:37.020+0600] {dag.py:3239} INFO - Sync 1 DAGs
[2025-03-08T22:17:37.095+0600] {logging_mixin.py:190} INFO - [2025-03-08T22:17:37.095+0600] {dag.py:4180} INFO - Setting next_dagrun for example_workday_timetable to 2021-01-04 00:00:00+00:00, run_after=2021-01-05 00:00:00+00:00
[2025-03-08T22:17:37.120+0600] {processor.py:208} INFO - Processing /home/shamim/airflow_venv/lib/python3.12/site-packages/airflow/example_dags/example_workday_timetable.py took 0.152 seconds
[2025-03-08T22:19:12.102+0600] {processor.py:186} INFO - Started process (PID=54284) to work on /home/shamim/airflow_venv/lib/python3.12/site-packages/airflow/example_dags/example_workday_timetable.py
[2025-03-08T22:19:12.108+0600] {processor.py:914} INFO - Processing file /home/shamim/airflow_venv/lib/python3.12/site-packages/airflow/example_dags/example_workday_timetable.py for tasks to queue
[2025-03-08T22:19:12.110+0600] {logging_mixin.py:190} INFO - [2025-03-08T22:19:12.110+0600] {dagbag.py:588} INFO - Filling up the DagBag from /home/shamim/airflow_venv/lib/python3.12/site-packages/airflow/example_dags/example_workday_timetable.py
[2025-03-08T22:19:12.118+0600] {processor.py:925} INFO - DAG(s) 'example_workday_timetable' retrieved from /home/shamim/airflow_venv/lib/python3.12/site-packages/airflow/example_dags/example_workday_timetable.py
[2025-03-08T22:19:12.136+0600] {logging_mixin.py:190} INFO - [2025-03-08T22:19:12.136+0600] {dag.py:3239} INFO - Sync 1 DAGs
[2025-03-08T22:19:12.342+0600] {logging_mixin.py:190} INFO - [2025-03-08T22:19:12.342+0600] {dag.py:4180} INFO - Setting next_dagrun for example_workday_timetable to 2021-01-04 00:00:00+00:00, run_after=2021-01-05 00:00:00+00:00
[2025-03-08T22:19:12.371+0600] {processor.py:208} INFO - Processing /home/shamim/airflow_venv/lib/python3.12/site-packages/airflow/example_dags/example_workday_timetable.py took 0.279 seconds
[2025-03-08T22:20:47.679+0600] {processor.py:186} INFO - Started process (PID=55044) to work on /home/shamim/airflow_venv/lib/python3.12/site-packages/airflow/example_dags/example_workday_timetable.py
[2025-03-08T22:20:47.686+0600] {processor.py:914} INFO - Processing file /home/shamim/airflow_venv/lib/python3.12/site-packages/airflow/example_dags/example_workday_timetable.py for tasks to queue
[2025-03-08T22:20:47.690+0600] {logging_mixin.py:190} INFO - [2025-03-08T22:20:47.690+0600] {dagbag.py:588} INFO - Filling up the DagBag from /home/shamim/airflow_venv/lib/python3.12/site-packages/airflow/example_dags/example_workday_timetable.py
[2025-03-08T22:20:47.702+0600] {processor.py:925} INFO - DAG(s) 'example_workday_timetable' retrieved from /home/shamim/airflow_venv/lib/python3.12/site-packages/airflow/example_dags/example_workday_timetable.py
[2025-03-08T22:20:47.726+0600] {logging_mixin.py:190} INFO - [2025-03-08T22:20:47.726+0600] {dag.py:3239} INFO - Sync 1 DAGs
[2025-03-08T22:20:47.968+0600] {logging_mixin.py:190} INFO - [2025-03-08T22:20:47.968+0600] {dag.py:4180} INFO - Setting next_dagrun for example_workday_timetable to 2021-01-04 00:00:00+00:00, run_after=2021-01-05 00:00:00+00:00
[2025-03-08T22:20:47.998+0600] {processor.py:208} INFO - Processing /home/shamim/airflow_venv/lib/python3.12/site-packages/airflow/example_dags/example_workday_timetable.py took 0.338 seconds
[2025-03-08T22:22:25.969+0600] {processor.py:186} INFO - Started process (PID=55796) to work on /home/shamim/airflow_venv/lib/python3.12/site-packages/airflow/example_dags/example_workday_timetable.py
[2025-03-08T22:22:25.996+0600] {processor.py:914} INFO - Processing file /home/shamim/airflow_venv/lib/python3.12/site-packages/airflow/example_dags/example_workday_timetable.py for tasks to queue
[2025-03-08T22:22:25.998+0600] {logging_mixin.py:190} INFO - [2025-03-08T22:22:25.998+0600] {dagbag.py:588} INFO - Filling up the DagBag from /home/shamim/airflow_venv/lib/python3.12/site-packages/airflow/example_dags/example_workday_timetable.py
[2025-03-08T22:22:26.005+0600] {processor.py:925} INFO - DAG(s) 'example_workday_timetable' retrieved from /home/shamim/airflow_venv/lib/python3.12/site-packages/airflow/example_dags/example_workday_timetable.py
[2025-03-08T22:22:26.025+0600] {logging_mixin.py:190} INFO - [2025-03-08T22:22:26.025+0600] {dag.py:3239} INFO - Sync 1 DAGs
[2025-03-08T22:22:26.227+0600] {logging_mixin.py:190} INFO - [2025-03-08T22:22:26.226+0600] {dag.py:4180} INFO - Setting next_dagrun for example_workday_timetable to 2021-01-04 00:00:00+00:00, run_after=2021-01-05 00:00:00+00:00
[2025-03-08T22:22:26.256+0600] {processor.py:208} INFO - Processing /home/shamim/airflow_venv/lib/python3.12/site-packages/airflow/example_dags/example_workday_timetable.py took 0.297 seconds
[2025-03-08T22:23:20.892+0600] {processor.py:186} INFO - Started process (PID=56159) to work on /home/shamim/airflow_venv/lib/python3.12/site-packages/airflow/example_dags/example_workday_timetable.py
[2025-03-08T22:23:20.898+0600] {processor.py:914} INFO - Processing file /home/shamim/airflow_venv/lib/python3.12/site-packages/airflow/example_dags/example_workday_timetable.py for tasks to queue
[2025-03-08T22:23:20.901+0600] {logging_mixin.py:190} INFO - [2025-03-08T22:23:20.900+0600] {dagbag.py:588} INFO - Filling up the DagBag from /home/shamim/airflow_venv/lib/python3.12/site-packages/airflow/example_dags/example_workday_timetable.py
[2025-03-08T22:23:20.908+0600] {processor.py:925} INFO - DAG(s) 'example_workday_timetable' retrieved from /home/shamim/airflow_venv/lib/python3.12/site-packages/airflow/example_dags/example_workday_timetable.py
[2025-03-08T22:23:20.928+0600] {logging_mixin.py:190} INFO - [2025-03-08T22:23:20.928+0600] {dag.py:3239} INFO - Sync 1 DAGs
[2025-03-08T22:23:21.029+0600] {logging_mixin.py:190} INFO - [2025-03-08T22:23:21.028+0600] {dag.py:4180} INFO - Setting next_dagrun for example_workday_timetable to 2021-01-04 00:00:00+00:00, run_after=2021-01-05 00:00:00+00:00
[2025-03-08T22:23:21.075+0600] {processor.py:208} INFO - Processing /home/shamim/airflow_venv/lib/python3.12/site-packages/airflow/example_dags/example_workday_timetable.py took 0.192 seconds
[2025-03-08T22:24:58.696+0600] {processor.py:186} INFO - Started process (PID=56874) to work on /home/shamim/airflow_venv/lib/python3.12/site-packages/airflow/example_dags/example_workday_timetable.py
[2025-03-08T22:24:58.712+0600] {processor.py:914} INFO - Processing file /home/shamim/airflow_venv/lib/python3.12/site-packages/airflow/example_dags/example_workday_timetable.py for tasks to queue
[2025-03-08T22:24:58.718+0600] {logging_mixin.py:190} INFO - [2025-03-08T22:24:58.717+0600] {dagbag.py:588} INFO - Filling up the DagBag from /home/shamim/airflow_venv/lib/python3.12/site-packages/airflow/example_dags/example_workday_timetable.py
[2025-03-08T22:24:58.738+0600] {processor.py:925} INFO - DAG(s) 'example_workday_timetable' retrieved from /home/shamim/airflow_venv/lib/python3.12/site-packages/airflow/example_dags/example_workday_timetable.py
[2025-03-08T22:24:58.775+0600] {logging_mixin.py:190} INFO - [2025-03-08T22:24:58.774+0600] {dag.py:3239} INFO - Sync 1 DAGs
[2025-03-08T22:24:59.091+0600] {logging_mixin.py:190} INFO - [2025-03-08T22:24:59.091+0600] {dag.py:4180} INFO - Setting next_dagrun for example_workday_timetable to 2021-01-04 00:00:00+00:00, run_after=2021-01-05 00:00:00+00:00
[2025-03-08T22:24:59.131+0600] {processor.py:208} INFO - Processing /home/shamim/airflow_venv/lib/python3.12/site-packages/airflow/example_dags/example_workday_timetable.py took 0.460 seconds
[2025-03-08T22:26:33.688+0600] {processor.py:186} INFO - Started process (PID=57480) to work on /home/shamim/airflow_venv/lib/python3.12/site-packages/airflow/example_dags/example_workday_timetable.py
[2025-03-08T22:26:33.695+0600] {processor.py:914} INFO - Processing file /home/shamim/airflow_venv/lib/python3.12/site-packages/airflow/example_dags/example_workday_timetable.py for tasks to queue
[2025-03-08T22:26:33.699+0600] {logging_mixin.py:190} INFO - [2025-03-08T22:26:33.698+0600] {dagbag.py:588} INFO - Filling up the DagBag from /home/shamim/airflow_venv/lib/python3.12/site-packages/airflow/example_dags/example_workday_timetable.py
[2025-03-08T22:26:33.709+0600] {processor.py:925} INFO - DAG(s) 'example_workday_timetable' retrieved from /home/shamim/airflow_venv/lib/python3.12/site-packages/airflow/example_dags/example_workday_timetable.py
[2025-03-08T22:26:33.731+0600] {logging_mixin.py:190} INFO - [2025-03-08T22:26:33.731+0600] {dag.py:3239} INFO - Sync 1 DAGs
[2025-03-08T22:26:33.944+0600] {logging_mixin.py:190} INFO - [2025-03-08T22:26:33.943+0600] {dag.py:4180} INFO - Setting next_dagrun for example_workday_timetable to 2021-01-04 00:00:00+00:00, run_after=2021-01-05 00:00:00+00:00
[2025-03-08T22:26:33.970+0600] {processor.py:208} INFO - Processing /home/shamim/airflow_venv/lib/python3.12/site-packages/airflow/example_dags/example_workday_timetable.py took 0.292 seconds
[2025-03-08T22:28:19.561+0600] {processor.py:186} INFO - Started process (PID=58086) to work on /home/shamim/airflow_venv/lib/python3.12/site-packages/airflow/example_dags/example_workday_timetable.py
[2025-03-08T22:28:19.567+0600] {processor.py:914} INFO - Processing file /home/shamim/airflow_venv/lib/python3.12/site-packages/airflow/example_dags/example_workday_timetable.py for tasks to queue
[2025-03-08T22:28:19.573+0600] {logging_mixin.py:190} INFO - [2025-03-08T22:28:19.573+0600] {dagbag.py:588} INFO - Filling up the DagBag from /home/shamim/airflow_venv/lib/python3.12/site-packages/airflow/example_dags/example_workday_timetable.py
[2025-03-08T22:28:19.587+0600] {processor.py:925} INFO - DAG(s) 'example_workday_timetable' retrieved from /home/shamim/airflow_venv/lib/python3.12/site-packages/airflow/example_dags/example_workday_timetable.py
[2025-03-08T22:28:19.608+0600] {logging_mixin.py:190} INFO - [2025-03-08T22:28:19.608+0600] {dag.py:3239} INFO - Sync 1 DAGs
[2025-03-08T22:28:19.829+0600] {logging_mixin.py:190} INFO - [2025-03-08T22:28:19.829+0600] {dag.py:4180} INFO - Setting next_dagrun for example_workday_timetable to 2021-01-04 00:00:00+00:00, run_after=2021-01-05 00:00:00+00:00
[2025-03-08T22:28:19.860+0600] {processor.py:208} INFO - Processing /home/shamim/airflow_venv/lib/python3.12/site-packages/airflow/example_dags/example_workday_timetable.py took 0.310 seconds
[2025-03-08T22:29:14.722+0600] {processor.py:186} INFO - Started process (PID=58353) to work on /home/shamim/airflow_venv/lib/python3.12/site-packages/airflow/example_dags/example_workday_timetable.py
[2025-03-08T22:29:14.727+0600] {processor.py:914} INFO - Processing file /home/shamim/airflow_venv/lib/python3.12/site-packages/airflow/example_dags/example_workday_timetable.py for tasks to queue
[2025-03-08T22:29:14.729+0600] {logging_mixin.py:190} INFO - [2025-03-08T22:29:14.729+0600] {dagbag.py:588} INFO - Filling up the DagBag from /home/shamim/airflow_venv/lib/python3.12/site-packages/airflow/example_dags/example_workday_timetable.py
[2025-03-08T22:29:14.737+0600] {processor.py:925} INFO - DAG(s) 'example_workday_timetable' retrieved from /home/shamim/airflow_venv/lib/python3.12/site-packages/airflow/example_dags/example_workday_timetable.py
[2025-03-08T22:29:14.757+0600] {logging_mixin.py:190} INFO - [2025-03-08T22:29:14.757+0600] {dag.py:3239} INFO - Sync 1 DAGs
[2025-03-08T22:29:14.835+0600] {logging_mixin.py:190} INFO - [2025-03-08T22:29:14.835+0600] {dag.py:4180} INFO - Setting next_dagrun for example_workday_timetable to 2021-01-04 00:00:00+00:00, run_after=2021-01-05 00:00:00+00:00
[2025-03-08T22:29:14.861+0600] {processor.py:208} INFO - Processing /home/shamim/airflow_venv/lib/python3.12/site-packages/airflow/example_dags/example_workday_timetable.py took 0.150 seconds
[2025-03-08T22:30:50.311+0600] {processor.py:186} INFO - Started process (PID=58858) to work on /home/shamim/airflow_venv/lib/python3.12/site-packages/airflow/example_dags/example_workday_timetable.py
[2025-03-08T22:30:50.318+0600] {processor.py:914} INFO - Processing file /home/shamim/airflow_venv/lib/python3.12/site-packages/airflow/example_dags/example_workday_timetable.py for tasks to queue
[2025-03-08T22:30:50.323+0600] {logging_mixin.py:190} INFO - [2025-03-08T22:30:50.322+0600] {dagbag.py:588} INFO - Filling up the DagBag from /home/shamim/airflow_venv/lib/python3.12/site-packages/airflow/example_dags/example_workday_timetable.py
[2025-03-08T22:30:50.337+0600] {processor.py:925} INFO - DAG(s) 'example_workday_timetable' retrieved from /home/shamim/airflow_venv/lib/python3.12/site-packages/airflow/example_dags/example_workday_timetable.py
[2025-03-08T22:30:50.371+0600] {logging_mixin.py:190} INFO - [2025-03-08T22:30:50.371+0600] {dag.py:3239} INFO - Sync 1 DAGs
[2025-03-08T22:30:50.454+0600] {logging_mixin.py:190} INFO - [2025-03-08T22:30:50.454+0600] {dag.py:4180} INFO - Setting next_dagrun for example_workday_timetable to 2021-01-04 00:00:00+00:00, run_after=2021-01-05 00:00:00+00:00
[2025-03-08T22:30:50.484+0600] {processor.py:208} INFO - Processing /home/shamim/airflow_venv/lib/python3.12/site-packages/airflow/example_dags/example_workday_timetable.py took 0.191 seconds
[2025-03-08T22:32:20.744+0600] {processor.py:186} INFO - Started process (PID=59335) to work on /home/shamim/airflow_venv/lib/python3.12/site-packages/airflow/example_dags/example_workday_timetable.py
[2025-03-08T22:32:20.751+0600] {processor.py:914} INFO - Processing file /home/shamim/airflow_venv/lib/python3.12/site-packages/airflow/example_dags/example_workday_timetable.py for tasks to queue
[2025-03-08T22:32:20.753+0600] {logging_mixin.py:190} INFO - [2025-03-08T22:32:20.753+0600] {dagbag.py:588} INFO - Filling up the DagBag from /home/shamim/airflow_venv/lib/python3.12/site-packages/airflow/example_dags/example_workday_timetable.py
[2025-03-08T22:32:20.761+0600] {processor.py:925} INFO - DAG(s) 'example_workday_timetable' retrieved from /home/shamim/airflow_venv/lib/python3.12/site-packages/airflow/example_dags/example_workday_timetable.py
[2025-03-08T22:32:20.781+0600] {logging_mixin.py:190} INFO - [2025-03-08T22:32:20.781+0600] {dag.py:3239} INFO - Sync 1 DAGs
[2025-03-08T22:32:20.858+0600] {logging_mixin.py:190} INFO - [2025-03-08T22:32:20.857+0600] {dag.py:4180} INFO - Setting next_dagrun for example_workday_timetable to 2021-01-04 00:00:00+00:00, run_after=2021-01-05 00:00:00+00:00
[2025-03-08T22:32:20.891+0600] {processor.py:208} INFO - Processing /home/shamim/airflow_venv/lib/python3.12/site-packages/airflow/example_dags/example_workday_timetable.py took 0.157 seconds
[2025-03-08T22:33:52.023+0600] {processor.py:186} INFO - Started process (PID=59900) to work on /home/shamim/airflow_venv/lib/python3.12/site-packages/airflow/example_dags/example_workday_timetable.py
[2025-03-08T22:33:52.027+0600] {processor.py:914} INFO - Processing file /home/shamim/airflow_venv/lib/python3.12/site-packages/airflow/example_dags/example_workday_timetable.py for tasks to queue
[2025-03-08T22:33:52.030+0600] {logging_mixin.py:190} INFO - [2025-03-08T22:33:52.029+0600] {dagbag.py:588} INFO - Filling up the DagBag from /home/shamim/airflow_venv/lib/python3.12/site-packages/airflow/example_dags/example_workday_timetable.py
[2025-03-08T22:33:52.039+0600] {processor.py:925} INFO - DAG(s) 'example_workday_timetable' retrieved from /home/shamim/airflow_venv/lib/python3.12/site-packages/airflow/example_dags/example_workday_timetable.py
[2025-03-08T22:33:52.066+0600] {logging_mixin.py:190} INFO - [2025-03-08T22:33:52.065+0600] {dag.py:3239} INFO - Sync 1 DAGs
[2025-03-08T22:33:52.150+0600] {logging_mixin.py:190} INFO - [2025-03-08T22:33:52.150+0600] {dag.py:4180} INFO - Setting next_dagrun for example_workday_timetable to 2021-01-04 00:00:00+00:00, run_after=2021-01-05 00:00:00+00:00
[2025-03-08T22:33:52.182+0600] {processor.py:208} INFO - Processing /home/shamim/airflow_venv/lib/python3.12/site-packages/airflow/example_dags/example_workday_timetable.py took 0.175 seconds
