[2025-03-08T21:07:43.397+0600] {processor.py:186} INFO - Started process (PID=26416) to work on /home/shamim/airflow_venv/lib/python3.12/site-packages/airflow/example_dags/example_task_group.py
[2025-03-08T21:07:43.399+0600] {processor.py:914} INFO - Processing file /home/shamim/airflow_venv/lib/python3.12/site-packages/airflow/example_dags/example_task_group.py for tasks to queue
[2025-03-08T21:07:43.404+0600] {logging_mixin.py:190} INFO - [2025-03-08T21:07:43.403+0600] {dagbag.py:588} INFO - Filling up the DagBag from /home/shamim/airflow_venv/lib/python3.12/site-packages/airflow/example_dags/example_task_group.py
[2025-03-08T21:07:43.425+0600] {processor.py:925} INFO - DAG(s) 'example_task_group' retrieved from /home/shamim/airflow_venv/lib/python3.12/site-packages/airflow/example_dags/example_task_group.py
[2025-03-08T21:07:43.457+0600] {logging_mixin.py:190} INFO - [2025-03-08T21:07:43.457+0600] {dag.py:3239} INFO - Sync 1 DAGs
[2025-03-08T21:07:43.474+0600] {logging_mixin.py:190} INFO - [2025-03-08T21:07:43.473+0600] {dag.py:4180} INFO - Setting next_dagrun for example_task_group to None, run_after=None
[2025-03-08T21:07:43.503+0600] {processor.py:208} INFO - Processing /home/shamim/airflow_venv/lib/python3.12/site-packages/airflow/example_dags/example_task_group.py took 0.118 seconds
[2025-03-08T21:09:16.380+0600] {processor.py:186} INFO - Started process (PID=26712) to work on /home/shamim/airflow_venv/lib/python3.12/site-packages/airflow/example_dags/example_task_group.py
[2025-03-08T21:09:16.384+0600] {processor.py:914} INFO - Processing file /home/shamim/airflow_venv/lib/python3.12/site-packages/airflow/example_dags/example_task_group.py for tasks to queue
[2025-03-08T21:09:16.388+0600] {logging_mixin.py:190} INFO - [2025-03-08T21:09:16.388+0600] {dagbag.py:588} INFO - Filling up the DagBag from /home/shamim/airflow_venv/lib/python3.12/site-packages/airflow/example_dags/example_task_group.py
[2025-03-08T21:09:16.403+0600] {processor.py:925} INFO - DAG(s) 'example_task_group' retrieved from /home/shamim/airflow_venv/lib/python3.12/site-packages/airflow/example_dags/example_task_group.py
[2025-03-08T21:09:16.430+0600] {logging_mixin.py:190} INFO - [2025-03-08T21:09:16.430+0600] {dag.py:3239} INFO - Sync 1 DAGs
[2025-03-08T21:09:16.449+0600] {logging_mixin.py:190} INFO - [2025-03-08T21:09:16.449+0600] {dag.py:4180} INFO - Setting next_dagrun for example_task_group to None, run_after=None
[2025-03-08T21:09:16.483+0600] {processor.py:208} INFO - Processing /home/shamim/airflow_venv/lib/python3.12/site-packages/airflow/example_dags/example_task_group.py took 0.113 seconds
[2025-03-08T21:11:42.001+0600] {processor.py:186} INFO - Started process (PID=27393) to work on /home/shamim/airflow_venv/lib/python3.12/site-packages/airflow/example_dags/example_task_group.py
[2025-03-08T21:11:42.005+0600] {processor.py:914} INFO - Processing file /home/shamim/airflow_venv/lib/python3.12/site-packages/airflow/example_dags/example_task_group.py for tasks to queue
[2025-03-08T21:11:42.008+0600] {logging_mixin.py:190} INFO - [2025-03-08T21:11:42.008+0600] {dagbag.py:588} INFO - Filling up the DagBag from /home/shamim/airflow_venv/lib/python3.12/site-packages/airflow/example_dags/example_task_group.py
[2025-03-08T21:11:42.020+0600] {processor.py:925} INFO - DAG(s) 'example_task_group' retrieved from /home/shamim/airflow_venv/lib/python3.12/site-packages/airflow/example_dags/example_task_group.py
[2025-03-08T21:11:42.051+0600] {logging_mixin.py:190} INFO - [2025-03-08T21:11:42.050+0600] {dag.py:3239} INFO - Sync 1 DAGs
[2025-03-08T21:11:42.065+0600] {logging_mixin.py:190} INFO - [2025-03-08T21:11:42.065+0600] {dag.py:4180} INFO - Setting next_dagrun for example_task_group to None, run_after=None
[2025-03-08T21:11:42.090+0600] {processor.py:208} INFO - Processing /home/shamim/airflow_venv/lib/python3.12/site-packages/airflow/example_dags/example_task_group.py took 0.095 seconds
[2025-03-08T21:12:57.200+0600] {processor.py:186} INFO - Started process (PID=27812) to work on /home/shamim/airflow_venv/lib/python3.12/site-packages/airflow/example_dags/example_task_group.py
[2025-03-08T21:12:57.207+0600] {processor.py:914} INFO - Processing file /home/shamim/airflow_venv/lib/python3.12/site-packages/airflow/example_dags/example_task_group.py for tasks to queue
[2025-03-08T21:12:57.211+0600] {logging_mixin.py:190} INFO - [2025-03-08T21:12:57.210+0600] {dagbag.py:588} INFO - Filling up the DagBag from /home/shamim/airflow_venv/lib/python3.12/site-packages/airflow/example_dags/example_task_group.py
[2025-03-08T21:12:57.223+0600] {processor.py:925} INFO - DAG(s) 'example_task_group' retrieved from /home/shamim/airflow_venv/lib/python3.12/site-packages/airflow/example_dags/example_task_group.py
[2025-03-08T21:12:57.245+0600] {logging_mixin.py:190} INFO - [2025-03-08T21:12:57.245+0600] {dag.py:3239} INFO - Sync 1 DAGs
[2025-03-08T21:12:57.262+0600] {logging_mixin.py:190} INFO - [2025-03-08T21:12:57.261+0600] {dag.py:4180} INFO - Setting next_dagrun for example_task_group to None, run_after=None
[2025-03-08T21:12:57.291+0600] {processor.py:208} INFO - Processing /home/shamim/airflow_venv/lib/python3.12/site-packages/airflow/example_dags/example_task_group.py took 0.103 seconds
[2025-03-08T21:14:29.549+0600] {processor.py:186} INFO - Started process (PID=28397) to work on /home/shamim/airflow_venv/lib/python3.12/site-packages/airflow/example_dags/example_task_group.py
[2025-03-08T21:14:29.550+0600] {processor.py:914} INFO - Processing file /home/shamim/airflow_venv/lib/python3.12/site-packages/airflow/example_dags/example_task_group.py for tasks to queue
[2025-03-08T21:14:29.552+0600] {logging_mixin.py:190} INFO - [2025-03-08T21:14:29.551+0600] {dagbag.py:588} INFO - Filling up the DagBag from /home/shamim/airflow_venv/lib/python3.12/site-packages/airflow/example_dags/example_task_group.py
[2025-03-08T21:14:29.565+0600] {processor.py:925} INFO - DAG(s) 'example_task_group' retrieved from /home/shamim/airflow_venv/lib/python3.12/site-packages/airflow/example_dags/example_task_group.py
[2025-03-08T21:14:29.591+0600] {logging_mixin.py:190} INFO - [2025-03-08T21:14:29.591+0600] {dag.py:3239} INFO - Sync 1 DAGs
[2025-03-08T21:14:29.608+0600] {logging_mixin.py:190} INFO - [2025-03-08T21:14:29.608+0600] {dag.py:4180} INFO - Setting next_dagrun for example_task_group to None, run_after=None
[2025-03-08T21:14:29.636+0600] {processor.py:208} INFO - Processing /home/shamim/airflow_venv/lib/python3.12/site-packages/airflow/example_dags/example_task_group.py took 0.097 seconds
[2025-03-08T21:17:13.470+0600] {processor.py:186} INFO - Started process (PID=29757) to work on /home/shamim/airflow_venv/lib/python3.12/site-packages/airflow/example_dags/example_task_group.py
[2025-03-08T21:17:13.476+0600] {processor.py:914} INFO - Processing file /home/shamim/airflow_venv/lib/python3.12/site-packages/airflow/example_dags/example_task_group.py for tasks to queue
[2025-03-08T21:17:13.479+0600] {logging_mixin.py:190} INFO - [2025-03-08T21:17:13.479+0600] {dagbag.py:588} INFO - Filling up the DagBag from /home/shamim/airflow_venv/lib/python3.12/site-packages/airflow/example_dags/example_task_group.py
[2025-03-08T21:17:13.491+0600] {processor.py:925} INFO - DAG(s) 'example_task_group' retrieved from /home/shamim/airflow_venv/lib/python3.12/site-packages/airflow/example_dags/example_task_group.py
[2025-03-08T21:17:13.512+0600] {logging_mixin.py:190} INFO - [2025-03-08T21:17:13.512+0600] {dag.py:3239} INFO - Sync 1 DAGs
[2025-03-08T21:17:13.527+0600] {logging_mixin.py:190} INFO - [2025-03-08T21:17:13.527+0600] {dag.py:4180} INFO - Setting next_dagrun for example_task_group to None, run_after=None
[2025-03-08T21:17:13.564+0600] {processor.py:208} INFO - Processing /home/shamim/airflow_venv/lib/python3.12/site-packages/airflow/example_dags/example_task_group.py took 0.103 seconds
[2025-03-08T21:18:46.948+0600] {processor.py:186} INFO - Started process (PID=30329) to work on /home/shamim/airflow_venv/lib/python3.12/site-packages/airflow/example_dags/example_task_group.py
[2025-03-08T21:18:46.954+0600] {processor.py:914} INFO - Processing file /home/shamim/airflow_venv/lib/python3.12/site-packages/airflow/example_dags/example_task_group.py for tasks to queue
[2025-03-08T21:18:46.957+0600] {logging_mixin.py:190} INFO - [2025-03-08T21:18:46.956+0600] {dagbag.py:588} INFO - Filling up the DagBag from /home/shamim/airflow_venv/lib/python3.12/site-packages/airflow/example_dags/example_task_group.py
[2025-03-08T21:18:46.968+0600] {processor.py:925} INFO - DAG(s) 'example_task_group' retrieved from /home/shamim/airflow_venv/lib/python3.12/site-packages/airflow/example_dags/example_task_group.py
[2025-03-08T21:18:46.990+0600] {logging_mixin.py:190} INFO - [2025-03-08T21:18:46.989+0600] {dag.py:3239} INFO - Sync 1 DAGs
[2025-03-08T21:18:47.004+0600] {logging_mixin.py:190} INFO - [2025-03-08T21:18:47.004+0600] {dag.py:4180} INFO - Setting next_dagrun for example_task_group to None, run_after=None
[2025-03-08T21:18:47.041+0600] {processor.py:208} INFO - Processing /home/shamim/airflow_venv/lib/python3.12/site-packages/airflow/example_dags/example_task_group.py took 0.100 seconds
[2025-03-08T21:20:06.546+0600] {processor.py:186} INFO - Started process (PID=30879) to work on /home/shamim/airflow_venv/lib/python3.12/site-packages/airflow/example_dags/example_task_group.py
[2025-03-08T21:20:06.551+0600] {processor.py:914} INFO - Processing file /home/shamim/airflow_venv/lib/python3.12/site-packages/airflow/example_dags/example_task_group.py for tasks to queue
[2025-03-08T21:20:06.554+0600] {logging_mixin.py:190} INFO - [2025-03-08T21:20:06.554+0600] {dagbag.py:588} INFO - Filling up the DagBag from /home/shamim/airflow_venv/lib/python3.12/site-packages/airflow/example_dags/example_task_group.py
[2025-03-08T21:20:06.571+0600] {processor.py:925} INFO - DAG(s) 'example_task_group' retrieved from /home/shamim/airflow_venv/lib/python3.12/site-packages/airflow/example_dags/example_task_group.py
[2025-03-08T21:20:06.591+0600] {logging_mixin.py:190} INFO - [2025-03-08T21:20:06.591+0600] {dag.py:3239} INFO - Sync 1 DAGs
[2025-03-08T21:20:06.607+0600] {logging_mixin.py:190} INFO - [2025-03-08T21:20:06.606+0600] {dag.py:4180} INFO - Setting next_dagrun for example_task_group to None, run_after=None
[2025-03-08T21:20:06.631+0600] {processor.py:208} INFO - Processing /home/shamim/airflow_venv/lib/python3.12/site-packages/airflow/example_dags/example_task_group.py took 0.095 seconds
[2025-03-08T21:21:26.458+0600] {processor.py:186} INFO - Started process (PID=31434) to work on /home/shamim/airflow_venv/lib/python3.12/site-packages/airflow/example_dags/example_task_group.py
[2025-03-08T21:21:26.462+0600] {processor.py:914} INFO - Processing file /home/shamim/airflow_venv/lib/python3.12/site-packages/airflow/example_dags/example_task_group.py for tasks to queue
[2025-03-08T21:21:26.464+0600] {logging_mixin.py:190} INFO - [2025-03-08T21:21:26.464+0600] {dagbag.py:588} INFO - Filling up the DagBag from /home/shamim/airflow_venv/lib/python3.12/site-packages/airflow/example_dags/example_task_group.py
[2025-03-08T21:21:26.475+0600] {processor.py:925} INFO - DAG(s) 'example_task_group' retrieved from /home/shamim/airflow_venv/lib/python3.12/site-packages/airflow/example_dags/example_task_group.py
[2025-03-08T21:21:26.496+0600] {logging_mixin.py:190} INFO - [2025-03-08T21:21:26.496+0600] {dag.py:3239} INFO - Sync 1 DAGs
[2025-03-08T21:21:26.512+0600] {logging_mixin.py:190} INFO - [2025-03-08T21:21:26.511+0600] {dag.py:4180} INFO - Setting next_dagrun for example_task_group to None, run_after=None
[2025-03-08T21:21:26.535+0600] {processor.py:208} INFO - Processing /home/shamim/airflow_venv/lib/python3.12/site-packages/airflow/example_dags/example_task_group.py took 0.084 seconds
[2025-03-08T21:22:57.465+0600] {processor.py:186} INFO - Started process (PID=31968) to work on /home/shamim/airflow_venv/lib/python3.12/site-packages/airflow/example_dags/example_task_group.py
[2025-03-08T21:22:57.471+0600] {processor.py:914} INFO - Processing file /home/shamim/airflow_venv/lib/python3.12/site-packages/airflow/example_dags/example_task_group.py for tasks to queue
[2025-03-08T21:22:57.474+0600] {logging_mixin.py:190} INFO - [2025-03-08T21:22:57.474+0600] {dagbag.py:588} INFO - Filling up the DagBag from /home/shamim/airflow_venv/lib/python3.12/site-packages/airflow/example_dags/example_task_group.py
[2025-03-08T21:22:57.488+0600] {processor.py:925} INFO - DAG(s) 'example_task_group' retrieved from /home/shamim/airflow_venv/lib/python3.12/site-packages/airflow/example_dags/example_task_group.py
[2025-03-08T21:22:57.511+0600] {logging_mixin.py:190} INFO - [2025-03-08T21:22:57.511+0600] {dag.py:3239} INFO - Sync 1 DAGs
[2025-03-08T21:22:57.528+0600] {logging_mixin.py:190} INFO - [2025-03-08T21:22:57.528+0600] {dag.py:4180} INFO - Setting next_dagrun for example_task_group to None, run_after=None
[2025-03-08T21:22:57.565+0600] {processor.py:208} INFO - Processing /home/shamim/airflow_venv/lib/python3.12/site-packages/airflow/example_dags/example_task_group.py took 0.108 seconds
[2025-03-08T21:24:33.633+0600] {processor.py:186} INFO - Started process (PID=32478) to work on /home/shamim/airflow_venv/lib/python3.12/site-packages/airflow/example_dags/example_task_group.py
[2025-03-08T21:24:33.640+0600] {processor.py:914} INFO - Processing file /home/shamim/airflow_venv/lib/python3.12/site-packages/airflow/example_dags/example_task_group.py for tasks to queue
[2025-03-08T21:24:33.643+0600] {logging_mixin.py:190} INFO - [2025-03-08T21:24:33.643+0600] {dagbag.py:588} INFO - Filling up the DagBag from /home/shamim/airflow_venv/lib/python3.12/site-packages/airflow/example_dags/example_task_group.py
[2025-03-08T21:24:33.657+0600] {processor.py:925} INFO - DAG(s) 'example_task_group' retrieved from /home/shamim/airflow_venv/lib/python3.12/site-packages/airflow/example_dags/example_task_group.py
[2025-03-08T21:24:33.681+0600] {logging_mixin.py:190} INFO - [2025-03-08T21:24:33.680+0600] {dag.py:3239} INFO - Sync 1 DAGs
[2025-03-08T21:24:33.696+0600] {logging_mixin.py:190} INFO - [2025-03-08T21:24:33.696+0600] {dag.py:4180} INFO - Setting next_dagrun for example_task_group to None, run_after=None
[2025-03-08T21:24:33.731+0600] {processor.py:208} INFO - Processing /home/shamim/airflow_venv/lib/python3.12/site-packages/airflow/example_dags/example_task_group.py took 0.109 seconds
[2025-03-08T21:26:08.819+0600] {processor.py:186} INFO - Started process (PID=32993) to work on /home/shamim/airflow_venv/lib/python3.12/site-packages/airflow/example_dags/example_task_group.py
[2025-03-08T21:26:08.825+0600] {processor.py:914} INFO - Processing file /home/shamim/airflow_venv/lib/python3.12/site-packages/airflow/example_dags/example_task_group.py for tasks to queue
[2025-03-08T21:26:08.828+0600] {logging_mixin.py:190} INFO - [2025-03-08T21:26:08.828+0600] {dagbag.py:588} INFO - Filling up the DagBag from /home/shamim/airflow_venv/lib/python3.12/site-packages/airflow/example_dags/example_task_group.py
[2025-03-08T21:26:08.840+0600] {processor.py:925} INFO - DAG(s) 'example_task_group' retrieved from /home/shamim/airflow_venv/lib/python3.12/site-packages/airflow/example_dags/example_task_group.py
[2025-03-08T21:26:08.862+0600] {logging_mixin.py:190} INFO - [2025-03-08T21:26:08.862+0600] {dag.py:3239} INFO - Sync 1 DAGs
[2025-03-08T21:26:08.877+0600] {logging_mixin.py:190} INFO - [2025-03-08T21:26:08.877+0600] {dag.py:4180} INFO - Setting next_dagrun for example_task_group to None, run_after=None
[2025-03-08T21:26:08.913+0600] {processor.py:208} INFO - Processing /home/shamim/airflow_venv/lib/python3.12/site-packages/airflow/example_dags/example_task_group.py took 0.101 seconds
[2025-03-08T21:27:38.387+0600] {processor.py:186} INFO - Started process (PID=33530) to work on /home/shamim/airflow_venv/lib/python3.12/site-packages/airflow/example_dags/example_task_group.py
[2025-03-08T21:27:38.394+0600] {processor.py:914} INFO - Processing file /home/shamim/airflow_venv/lib/python3.12/site-packages/airflow/example_dags/example_task_group.py for tasks to queue
[2025-03-08T21:27:38.397+0600] {logging_mixin.py:190} INFO - [2025-03-08T21:27:38.396+0600] {dagbag.py:588} INFO - Filling up the DagBag from /home/shamim/airflow_venv/lib/python3.12/site-packages/airflow/example_dags/example_task_group.py
[2025-03-08T21:27:38.413+0600] {processor.py:925} INFO - DAG(s) 'example_task_group' retrieved from /home/shamim/airflow_venv/lib/python3.12/site-packages/airflow/example_dags/example_task_group.py
[2025-03-08T21:27:38.439+0600] {logging_mixin.py:190} INFO - [2025-03-08T21:27:38.439+0600] {dag.py:3239} INFO - Sync 1 DAGs
[2025-03-08T21:27:38.458+0600] {logging_mixin.py:190} INFO - [2025-03-08T21:27:38.457+0600] {dag.py:4180} INFO - Setting next_dagrun for example_task_group to None, run_after=None
[2025-03-08T21:27:38.497+0600] {processor.py:208} INFO - Processing /home/shamim/airflow_venv/lib/python3.12/site-packages/airflow/example_dags/example_task_group.py took 0.119 seconds
[2025-03-08T21:29:13.087+0600] {processor.py:186} INFO - Started process (PID=34251) to work on /home/shamim/airflow_venv/lib/python3.12/site-packages/airflow/example_dags/example_task_group.py
[2025-03-08T21:29:13.088+0600] {processor.py:914} INFO - Processing file /home/shamim/airflow_venv/lib/python3.12/site-packages/airflow/example_dags/example_task_group.py for tasks to queue
[2025-03-08T21:29:13.091+0600] {logging_mixin.py:190} INFO - [2025-03-08T21:29:13.090+0600] {dagbag.py:588} INFO - Filling up the DagBag from /home/shamim/airflow_venv/lib/python3.12/site-packages/airflow/example_dags/example_task_group.py
[2025-03-08T21:29:13.103+0600] {processor.py:925} INFO - DAG(s) 'example_task_group' retrieved from /home/shamim/airflow_venv/lib/python3.12/site-packages/airflow/example_dags/example_task_group.py
[2025-03-08T21:29:13.125+0600] {logging_mixin.py:190} INFO - [2025-03-08T21:29:13.125+0600] {dag.py:3239} INFO - Sync 1 DAGs
[2025-03-08T21:29:13.141+0600] {logging_mixin.py:190} INFO - [2025-03-08T21:29:13.141+0600] {dag.py:4180} INFO - Setting next_dagrun for example_task_group to None, run_after=None
[2025-03-08T21:29:13.178+0600] {processor.py:208} INFO - Processing /home/shamim/airflow_venv/lib/python3.12/site-packages/airflow/example_dags/example_task_group.py took 0.102 seconds
[2025-03-08T21:30:48.498+0600] {processor.py:186} INFO - Started process (PID=34939) to work on /home/shamim/airflow_venv/lib/python3.12/site-packages/airflow/example_dags/example_task_group.py
[2025-03-08T21:30:48.518+0600] {processor.py:914} INFO - Processing file /home/shamim/airflow_venv/lib/python3.12/site-packages/airflow/example_dags/example_task_group.py for tasks to queue
[2025-03-08T21:30:48.520+0600] {logging_mixin.py:190} INFO - [2025-03-08T21:30:48.520+0600] {dagbag.py:588} INFO - Filling up the DagBag from /home/shamim/airflow_venv/lib/python3.12/site-packages/airflow/example_dags/example_task_group.py
[2025-03-08T21:30:48.531+0600] {processor.py:925} INFO - DAG(s) 'example_task_group' retrieved from /home/shamim/airflow_venv/lib/python3.12/site-packages/airflow/example_dags/example_task_group.py
[2025-03-08T21:30:48.552+0600] {logging_mixin.py:190} INFO - [2025-03-08T21:30:48.552+0600] {dag.py:3239} INFO - Sync 1 DAGs
[2025-03-08T21:30:48.568+0600] {logging_mixin.py:190} INFO - [2025-03-08T21:30:48.568+0600] {dag.py:4180} INFO - Setting next_dagrun for example_task_group to None, run_after=None
[2025-03-08T21:30:48.591+0600] {processor.py:208} INFO - Processing /home/shamim/airflow_venv/lib/python3.12/site-packages/airflow/example_dags/example_task_group.py took 0.101 seconds
[2025-03-08T21:32:26.983+0600] {processor.py:186} INFO - Started process (PID=35543) to work on /home/shamim/airflow_venv/lib/python3.12/site-packages/airflow/example_dags/example_task_group.py
[2025-03-08T21:32:26.986+0600] {processor.py:914} INFO - Processing file /home/shamim/airflow_venv/lib/python3.12/site-packages/airflow/example_dags/example_task_group.py for tasks to queue
[2025-03-08T21:32:26.989+0600] {logging_mixin.py:190} INFO - [2025-03-08T21:32:26.988+0600] {dagbag.py:588} INFO - Filling up the DagBag from /home/shamim/airflow_venv/lib/python3.12/site-packages/airflow/example_dags/example_task_group.py
[2025-03-08T21:32:27.000+0600] {processor.py:925} INFO - DAG(s) 'example_task_group' retrieved from /home/shamim/airflow_venv/lib/python3.12/site-packages/airflow/example_dags/example_task_group.py
[2025-03-08T21:32:27.023+0600] {logging_mixin.py:190} INFO - [2025-03-08T21:32:27.023+0600] {dag.py:3239} INFO - Sync 1 DAGs
[2025-03-08T21:32:27.043+0600] {logging_mixin.py:190} INFO - [2025-03-08T21:32:27.042+0600] {dag.py:4180} INFO - Setting next_dagrun for example_task_group to None, run_after=None
[2025-03-08T21:32:27.070+0600] {processor.py:208} INFO - Processing /home/shamim/airflow_venv/lib/python3.12/site-packages/airflow/example_dags/example_task_group.py took 0.098 seconds
[2025-03-08T21:33:53.584+0600] {processor.py:186} INFO - Started process (PID=36109) to work on /home/shamim/airflow_venv/lib/python3.12/site-packages/airflow/example_dags/example_task_group.py
[2025-03-08T21:33:53.589+0600] {processor.py:914} INFO - Processing file /home/shamim/airflow_venv/lib/python3.12/site-packages/airflow/example_dags/example_task_group.py for tasks to queue
[2025-03-08T21:33:53.592+0600] {logging_mixin.py:190} INFO - [2025-03-08T21:33:53.591+0600] {dagbag.py:588} INFO - Filling up the DagBag from /home/shamim/airflow_venv/lib/python3.12/site-packages/airflow/example_dags/example_task_group.py
[2025-03-08T21:33:53.603+0600] {processor.py:925} INFO - DAG(s) 'example_task_group' retrieved from /home/shamim/airflow_venv/lib/python3.12/site-packages/airflow/example_dags/example_task_group.py
[2025-03-08T21:33:53.626+0600] {logging_mixin.py:190} INFO - [2025-03-08T21:33:53.625+0600] {dag.py:3239} INFO - Sync 1 DAGs
[2025-03-08T21:33:53.643+0600] {logging_mixin.py:190} INFO - [2025-03-08T21:33:53.643+0600] {dag.py:4180} INFO - Setting next_dagrun for example_task_group to None, run_after=None
[2025-03-08T21:33:53.669+0600] {processor.py:208} INFO - Processing /home/shamim/airflow_venv/lib/python3.12/site-packages/airflow/example_dags/example_task_group.py took 0.095 seconds
[2025-03-08T21:35:27.651+0600] {processor.py:186} INFO - Started process (PID=36659) to work on /home/shamim/airflow_venv/lib/python3.12/site-packages/airflow/example_dags/example_task_group.py
[2025-03-08T21:35:27.659+0600] {processor.py:914} INFO - Processing file /home/shamim/airflow_venv/lib/python3.12/site-packages/airflow/example_dags/example_task_group.py for tasks to queue
[2025-03-08T21:35:27.667+0600] {logging_mixin.py:190} INFO - [2025-03-08T21:35:27.666+0600] {dagbag.py:588} INFO - Filling up the DagBag from /home/shamim/airflow_venv/lib/python3.12/site-packages/airflow/example_dags/example_task_group.py
[2025-03-08T21:35:27.695+0600] {processor.py:925} INFO - DAG(s) 'example_task_group' retrieved from /home/shamim/airflow_venv/lib/python3.12/site-packages/airflow/example_dags/example_task_group.py
[2025-03-08T21:35:27.719+0600] {logging_mixin.py:190} INFO - [2025-03-08T21:35:27.719+0600] {dag.py:3239} INFO - Sync 1 DAGs
[2025-03-08T21:35:27.735+0600] {logging_mixin.py:190} INFO - [2025-03-08T21:35:27.734+0600] {dag.py:4180} INFO - Setting next_dagrun for example_task_group to None, run_after=None
[2025-03-08T21:35:27.772+0600] {processor.py:208} INFO - Processing /home/shamim/airflow_venv/lib/python3.12/site-packages/airflow/example_dags/example_task_group.py took 0.146 seconds
[2025-03-08T21:37:01.216+0600] {processor.py:186} INFO - Started process (PID=37201) to work on /home/shamim/airflow_venv/lib/python3.12/site-packages/airflow/example_dags/example_task_group.py
[2025-03-08T21:37:01.223+0600] {processor.py:914} INFO - Processing file /home/shamim/airflow_venv/lib/python3.12/site-packages/airflow/example_dags/example_task_group.py for tasks to queue
[2025-03-08T21:37:01.227+0600] {logging_mixin.py:190} INFO - [2025-03-08T21:37:01.226+0600] {dagbag.py:588} INFO - Filling up the DagBag from /home/shamim/airflow_venv/lib/python3.12/site-packages/airflow/example_dags/example_task_group.py
[2025-03-08T21:37:01.240+0600] {processor.py:925} INFO - DAG(s) 'example_task_group' retrieved from /home/shamim/airflow_venv/lib/python3.12/site-packages/airflow/example_dags/example_task_group.py
[2025-03-08T21:37:01.264+0600] {logging_mixin.py:190} INFO - [2025-03-08T21:37:01.264+0600] {dag.py:3239} INFO - Sync 1 DAGs
[2025-03-08T21:37:01.284+0600] {logging_mixin.py:190} INFO - [2025-03-08T21:37:01.283+0600] {dag.py:4180} INFO - Setting next_dagrun for example_task_group to None, run_after=None
[2025-03-08T21:37:01.321+0600] {processor.py:208} INFO - Processing /home/shamim/airflow_venv/lib/python3.12/site-packages/airflow/example_dags/example_task_group.py took 0.116 seconds
[2025-03-08T21:38:37.275+0600] {processor.py:186} INFO - Started process (PID=37851) to work on /home/shamim/airflow_venv/lib/python3.12/site-packages/airflow/example_dags/example_task_group.py
[2025-03-08T21:38:37.279+0600] {processor.py:914} INFO - Processing file /home/shamim/airflow_venv/lib/python3.12/site-packages/airflow/example_dags/example_task_group.py for tasks to queue
[2025-03-08T21:38:37.282+0600] {logging_mixin.py:190} INFO - [2025-03-08T21:38:37.281+0600] {dagbag.py:588} INFO - Filling up the DagBag from /home/shamim/airflow_venv/lib/python3.12/site-packages/airflow/example_dags/example_task_group.py
[2025-03-08T21:38:37.293+0600] {processor.py:925} INFO - DAG(s) 'example_task_group' retrieved from /home/shamim/airflow_venv/lib/python3.12/site-packages/airflow/example_dags/example_task_group.py
[2025-03-08T21:38:37.315+0600] {logging_mixin.py:190} INFO - [2025-03-08T21:38:37.315+0600] {dag.py:3239} INFO - Sync 1 DAGs
[2025-03-08T21:38:37.331+0600] {logging_mixin.py:190} INFO - [2025-03-08T21:38:37.330+0600] {dag.py:4180} INFO - Setting next_dagrun for example_task_group to None, run_after=None
[2025-03-08T21:38:37.354+0600] {processor.py:208} INFO - Processing /home/shamim/airflow_venv/lib/python3.12/site-packages/airflow/example_dags/example_task_group.py took 0.087 seconds
[2025-03-08T21:40:02.237+0600] {processor.py:186} INFO - Started process (PID=38494) to work on /home/shamim/airflow_venv/lib/python3.12/site-packages/airflow/example_dags/example_task_group.py
[2025-03-08T21:40:02.243+0600] {processor.py:914} INFO - Processing file /home/shamim/airflow_venv/lib/python3.12/site-packages/airflow/example_dags/example_task_group.py for tasks to queue
[2025-03-08T21:40:02.246+0600] {logging_mixin.py:190} INFO - [2025-03-08T21:40:02.245+0600] {dagbag.py:588} INFO - Filling up the DagBag from /home/shamim/airflow_venv/lib/python3.12/site-packages/airflow/example_dags/example_task_group.py
[2025-03-08T21:40:02.257+0600] {processor.py:925} INFO - DAG(s) 'example_task_group' retrieved from /home/shamim/airflow_venv/lib/python3.12/site-packages/airflow/example_dags/example_task_group.py
[2025-03-08T21:40:02.278+0600] {logging_mixin.py:190} INFO - [2025-03-08T21:40:02.278+0600] {dag.py:3239} INFO - Sync 1 DAGs
[2025-03-08T21:40:02.294+0600] {logging_mixin.py:190} INFO - [2025-03-08T21:40:02.294+0600] {dag.py:4180} INFO - Setting next_dagrun for example_task_group to None, run_after=None
[2025-03-08T21:40:02.322+0600] {processor.py:208} INFO - Processing /home/shamim/airflow_venv/lib/python3.12/site-packages/airflow/example_dags/example_task_group.py took 0.094 seconds
[2025-03-08T21:41:32.290+0600] {processor.py:186} INFO - Started process (PID=39041) to work on /home/shamim/airflow_venv/lib/python3.12/site-packages/airflow/example_dags/example_task_group.py
[2025-03-08T21:41:32.297+0600] {processor.py:914} INFO - Processing file /home/shamim/airflow_venv/lib/python3.12/site-packages/airflow/example_dags/example_task_group.py for tasks to queue
[2025-03-08T21:41:32.299+0600] {logging_mixin.py:190} INFO - [2025-03-08T21:41:32.299+0600] {dagbag.py:588} INFO - Filling up the DagBag from /home/shamim/airflow_venv/lib/python3.12/site-packages/airflow/example_dags/example_task_group.py
[2025-03-08T21:41:32.310+0600] {processor.py:925} INFO - DAG(s) 'example_task_group' retrieved from /home/shamim/airflow_venv/lib/python3.12/site-packages/airflow/example_dags/example_task_group.py
[2025-03-08T21:41:32.332+0600] {logging_mixin.py:190} INFO - [2025-03-08T21:41:32.332+0600] {dag.py:3239} INFO - Sync 1 DAGs
[2025-03-08T21:41:32.347+0600] {logging_mixin.py:190} INFO - [2025-03-08T21:41:32.347+0600] {dag.py:4180} INFO - Setting next_dagrun for example_task_group to None, run_after=None
[2025-03-08T21:41:32.374+0600] {processor.py:208} INFO - Processing /home/shamim/airflow_venv/lib/python3.12/site-packages/airflow/example_dags/example_task_group.py took 0.093 seconds
[2025-03-08T21:43:08.610+0600] {processor.py:186} INFO - Started process (PID=39625) to work on /home/shamim/airflow_venv/lib/python3.12/site-packages/airflow/example_dags/example_task_group.py
[2025-03-08T21:43:08.617+0600] {processor.py:914} INFO - Processing file /home/shamim/airflow_venv/lib/python3.12/site-packages/airflow/example_dags/example_task_group.py for tasks to queue
[2025-03-08T21:43:08.620+0600] {logging_mixin.py:190} INFO - [2025-03-08T21:43:08.619+0600] {dagbag.py:588} INFO - Filling up the DagBag from /home/shamim/airflow_venv/lib/python3.12/site-packages/airflow/example_dags/example_task_group.py
[2025-03-08T21:43:08.634+0600] {processor.py:925} INFO - DAG(s) 'example_task_group' retrieved from /home/shamim/airflow_venv/lib/python3.12/site-packages/airflow/example_dags/example_task_group.py
[2025-03-08T21:43:08.658+0600] {logging_mixin.py:190} INFO - [2025-03-08T21:43:08.657+0600] {dag.py:3239} INFO - Sync 1 DAGs
[2025-03-08T21:43:08.675+0600] {logging_mixin.py:190} INFO - [2025-03-08T21:43:08.675+0600] {dag.py:4180} INFO - Setting next_dagrun for example_task_group to None, run_after=None
[2025-03-08T21:43:08.705+0600] {processor.py:208} INFO - Processing /home/shamim/airflow_venv/lib/python3.12/site-packages/airflow/example_dags/example_task_group.py took 0.107 seconds
[2025-03-08T21:44:51.041+0600] {processor.py:186} INFO - Started process (PID=40193) to work on /home/shamim/airflow_venv/lib/python3.12/site-packages/airflow/example_dags/example_task_group.py
[2025-03-08T21:44:51.047+0600] {processor.py:914} INFO - Processing file /home/shamim/airflow_venv/lib/python3.12/site-packages/airflow/example_dags/example_task_group.py for tasks to queue
[2025-03-08T21:44:51.050+0600] {logging_mixin.py:190} INFO - [2025-03-08T21:44:51.050+0600] {dagbag.py:588} INFO - Filling up the DagBag from /home/shamim/airflow_venv/lib/python3.12/site-packages/airflow/example_dags/example_task_group.py
[2025-03-08T21:44:51.062+0600] {processor.py:925} INFO - DAG(s) 'example_task_group' retrieved from /home/shamim/airflow_venv/lib/python3.12/site-packages/airflow/example_dags/example_task_group.py
[2025-03-08T21:44:51.088+0600] {logging_mixin.py:190} INFO - [2025-03-08T21:44:51.087+0600] {dag.py:3239} INFO - Sync 1 DAGs
[2025-03-08T21:44:51.107+0600] {logging_mixin.py:190} INFO - [2025-03-08T21:44:51.107+0600] {dag.py:4180} INFO - Setting next_dagrun for example_task_group to None, run_after=None
[2025-03-08T21:44:51.137+0600] {processor.py:208} INFO - Processing /home/shamim/airflow_venv/lib/python3.12/site-packages/airflow/example_dags/example_task_group.py took 0.108 seconds
[2025-03-08T21:46:19.032+0600] {processor.py:186} INFO - Started process (PID=40734) to work on /home/shamim/airflow_venv/lib/python3.12/site-packages/airflow/example_dags/example_task_group.py
[2025-03-08T21:46:19.040+0600] {processor.py:914} INFO - Processing file /home/shamim/airflow_venv/lib/python3.12/site-packages/airflow/example_dags/example_task_group.py for tasks to queue
[2025-03-08T21:46:19.047+0600] {logging_mixin.py:190} INFO - [2025-03-08T21:46:19.045+0600] {dagbag.py:588} INFO - Filling up the DagBag from /home/shamim/airflow_venv/lib/python3.12/site-packages/airflow/example_dags/example_task_group.py
[2025-03-08T21:46:19.064+0600] {processor.py:925} INFO - DAG(s) 'example_task_group' retrieved from /home/shamim/airflow_venv/lib/python3.12/site-packages/airflow/example_dags/example_task_group.py
[2025-03-08T21:46:19.099+0600] {logging_mixin.py:190} INFO - [2025-03-08T21:46:19.098+0600] {dag.py:3239} INFO - Sync 1 DAGs
[2025-03-08T21:46:19.124+0600] {logging_mixin.py:190} INFO - [2025-03-08T21:46:19.124+0600] {dag.py:4180} INFO - Setting next_dagrun for example_task_group to None, run_after=None
[2025-03-08T21:46:19.171+0600] {processor.py:208} INFO - Processing /home/shamim/airflow_venv/lib/python3.12/site-packages/airflow/example_dags/example_task_group.py took 0.171 seconds
[2025-03-08T21:47:56.034+0600] {processor.py:186} INFO - Started process (PID=41388) to work on /home/shamim/airflow_venv/lib/python3.12/site-packages/airflow/example_dags/example_task_group.py
[2025-03-08T21:47:56.040+0600] {processor.py:914} INFO - Processing file /home/shamim/airflow_venv/lib/python3.12/site-packages/airflow/example_dags/example_task_group.py for tasks to queue
[2025-03-08T21:47:56.043+0600] {logging_mixin.py:190} INFO - [2025-03-08T21:47:56.042+0600] {dagbag.py:588} INFO - Filling up the DagBag from /home/shamim/airflow_venv/lib/python3.12/site-packages/airflow/example_dags/example_task_group.py
[2025-03-08T21:47:56.054+0600] {processor.py:925} INFO - DAG(s) 'example_task_group' retrieved from /home/shamim/airflow_venv/lib/python3.12/site-packages/airflow/example_dags/example_task_group.py
[2025-03-08T21:47:56.076+0600] {logging_mixin.py:190} INFO - [2025-03-08T21:47:56.076+0600] {dag.py:3239} INFO - Sync 1 DAGs
[2025-03-08T21:47:56.091+0600] {logging_mixin.py:190} INFO - [2025-03-08T21:47:56.091+0600] {dag.py:4180} INFO - Setting next_dagrun for example_task_group to None, run_after=None
[2025-03-08T21:47:56.117+0600] {processor.py:208} INFO - Processing /home/shamim/airflow_venv/lib/python3.12/site-packages/airflow/example_dags/example_task_group.py took 0.093 seconds
[2025-03-08T21:49:27.302+0600] {processor.py:186} INFO - Started process (PID=41948) to work on /home/shamim/airflow_venv/lib/python3.12/site-packages/airflow/example_dags/example_task_group.py
[2025-03-08T21:49:27.310+0600] {processor.py:914} INFO - Processing file /home/shamim/airflow_venv/lib/python3.12/site-packages/airflow/example_dags/example_task_group.py for tasks to queue
[2025-03-08T21:49:27.313+0600] {logging_mixin.py:190} INFO - [2025-03-08T21:49:27.313+0600] {dagbag.py:588} INFO - Filling up the DagBag from /home/shamim/airflow_venv/lib/python3.12/site-packages/airflow/example_dags/example_task_group.py
[2025-03-08T21:49:27.328+0600] {processor.py:925} INFO - DAG(s) 'example_task_group' retrieved from /home/shamim/airflow_venv/lib/python3.12/site-packages/airflow/example_dags/example_task_group.py
[2025-03-08T21:49:27.353+0600] {logging_mixin.py:190} INFO - [2025-03-08T21:49:27.353+0600] {dag.py:3239} INFO - Sync 1 DAGs
[2025-03-08T21:49:27.373+0600] {logging_mixin.py:190} INFO - [2025-03-08T21:49:27.373+0600] {dag.py:4180} INFO - Setting next_dagrun for example_task_group to None, run_after=None
[2025-03-08T21:49:27.413+0600] {processor.py:208} INFO - Processing /home/shamim/airflow_venv/lib/python3.12/site-packages/airflow/example_dags/example_task_group.py took 0.125 seconds
[2025-03-08T21:50:31.965+0600] {processor.py:186} INFO - Started process (PID=42235) to work on /home/shamim/airflow_venv/lib/python3.12/site-packages/airflow/example_dags/example_task_group.py
[2025-03-08T21:50:31.970+0600] {processor.py:914} INFO - Processing file /home/shamim/airflow_venv/lib/python3.12/site-packages/airflow/example_dags/example_task_group.py for tasks to queue
[2025-03-08T21:50:31.972+0600] {logging_mixin.py:190} INFO - [2025-03-08T21:50:31.971+0600] {dagbag.py:588} INFO - Filling up the DagBag from /home/shamim/airflow_venv/lib/python3.12/site-packages/airflow/example_dags/example_task_group.py
[2025-03-08T21:50:31.983+0600] {processor.py:925} INFO - DAG(s) 'example_task_group' retrieved from /home/shamim/airflow_venv/lib/python3.12/site-packages/airflow/example_dags/example_task_group.py
[2025-03-08T21:50:32.006+0600] {logging_mixin.py:190} INFO - [2025-03-08T21:50:32.006+0600] {dag.py:3239} INFO - Sync 1 DAGs
[2025-03-08T21:50:32.021+0600] {logging_mixin.py:190} INFO - [2025-03-08T21:50:32.021+0600] {dag.py:4180} INFO - Setting next_dagrun for example_task_group to None, run_after=None
[2025-03-08T21:50:32.055+0600] {processor.py:208} INFO - Processing /home/shamim/airflow_venv/lib/python3.12/site-packages/airflow/example_dags/example_task_group.py took 0.099 seconds
[2025-03-08T21:51:55.933+0600] {processor.py:186} INFO - Started process (PID=42763) to work on /home/shamim/airflow_venv/lib/python3.12/site-packages/airflow/example_dags/example_task_group.py
[2025-03-08T21:51:55.939+0600] {processor.py:914} INFO - Processing file /home/shamim/airflow_venv/lib/python3.12/site-packages/airflow/example_dags/example_task_group.py for tasks to queue
[2025-03-08T21:51:55.943+0600] {logging_mixin.py:190} INFO - [2025-03-08T21:51:55.942+0600] {dagbag.py:588} INFO - Filling up the DagBag from /home/shamim/airflow_venv/lib/python3.12/site-packages/airflow/example_dags/example_task_group.py
[2025-03-08T21:51:55.954+0600] {processor.py:925} INFO - DAG(s) 'example_task_group' retrieved from /home/shamim/airflow_venv/lib/python3.12/site-packages/airflow/example_dags/example_task_group.py
[2025-03-08T21:51:55.975+0600] {logging_mixin.py:190} INFO - [2025-03-08T21:51:55.975+0600] {dag.py:3239} INFO - Sync 1 DAGs
[2025-03-08T21:51:55.991+0600] {logging_mixin.py:190} INFO - [2025-03-08T21:51:55.991+0600] {dag.py:4180} INFO - Setting next_dagrun for example_task_group to None, run_after=None
[2025-03-08T21:51:56.017+0600] {processor.py:208} INFO - Processing /home/shamim/airflow_venv/lib/python3.12/site-packages/airflow/example_dags/example_task_group.py took 0.093 seconds
[2025-03-08T21:53:14.840+0600] {processor.py:186} INFO - Started process (PID=43325) to work on /home/shamim/airflow_venv/lib/python3.12/site-packages/airflow/example_dags/example_task_group.py
[2025-03-08T21:53:14.844+0600] {processor.py:914} INFO - Processing file /home/shamim/airflow_venv/lib/python3.12/site-packages/airflow/example_dags/example_task_group.py for tasks to queue
[2025-03-08T21:53:14.847+0600] {logging_mixin.py:190} INFO - [2025-03-08T21:53:14.846+0600] {dagbag.py:588} INFO - Filling up the DagBag from /home/shamim/airflow_venv/lib/python3.12/site-packages/airflow/example_dags/example_task_group.py
[2025-03-08T21:53:14.858+0600] {processor.py:925} INFO - DAG(s) 'example_task_group' retrieved from /home/shamim/airflow_venv/lib/python3.12/site-packages/airflow/example_dags/example_task_group.py
[2025-03-08T21:53:14.878+0600] {logging_mixin.py:190} INFO - [2025-03-08T21:53:14.878+0600] {dag.py:3239} INFO - Sync 1 DAGs
[2025-03-08T21:53:14.894+0600] {logging_mixin.py:190} INFO - [2025-03-08T21:53:14.894+0600] {dag.py:4180} INFO - Setting next_dagrun for example_task_group to None, run_after=None
[2025-03-08T21:53:14.919+0600] {processor.py:208} INFO - Processing /home/shamim/airflow_venv/lib/python3.12/site-packages/airflow/example_dags/example_task_group.py took 0.089 seconds
[2025-03-08T21:54:37.570+0600] {processor.py:186} INFO - Started process (PID=43859) to work on /home/shamim/airflow_venv/lib/python3.12/site-packages/airflow/example_dags/example_task_group.py
[2025-03-08T21:54:37.573+0600] {processor.py:914} INFO - Processing file /home/shamim/airflow_venv/lib/python3.12/site-packages/airflow/example_dags/example_task_group.py for tasks to queue
[2025-03-08T21:54:37.576+0600] {logging_mixin.py:190} INFO - [2025-03-08T21:54:37.575+0600] {dagbag.py:588} INFO - Filling up the DagBag from /home/shamim/airflow_venv/lib/python3.12/site-packages/airflow/example_dags/example_task_group.py
[2025-03-08T21:54:37.587+0600] {processor.py:925} INFO - DAG(s) 'example_task_group' retrieved from /home/shamim/airflow_venv/lib/python3.12/site-packages/airflow/example_dags/example_task_group.py
[2025-03-08T21:54:37.609+0600] {logging_mixin.py:190} INFO - [2025-03-08T21:54:37.608+0600] {dag.py:3239} INFO - Sync 1 DAGs
[2025-03-08T21:54:37.624+0600] {logging_mixin.py:190} INFO - [2025-03-08T21:54:37.624+0600] {dag.py:4180} INFO - Setting next_dagrun for example_task_group to None, run_after=None
[2025-03-08T21:54:37.648+0600] {processor.py:208} INFO - Processing /home/shamim/airflow_venv/lib/python3.12/site-packages/airflow/example_dags/example_task_group.py took 0.088 seconds
[2025-03-08T21:56:08.679+0600] {processor.py:186} INFO - Started process (PID=44440) to work on /home/shamim/airflow_venv/lib/python3.12/site-packages/airflow/example_dags/example_task_group.py
[2025-03-08T21:56:08.686+0600] {processor.py:914} INFO - Processing file /home/shamim/airflow_venv/lib/python3.12/site-packages/airflow/example_dags/example_task_group.py for tasks to queue
[2025-03-08T21:56:08.688+0600] {logging_mixin.py:190} INFO - [2025-03-08T21:56:08.688+0600] {dagbag.py:588} INFO - Filling up the DagBag from /home/shamim/airflow_venv/lib/python3.12/site-packages/airflow/example_dags/example_task_group.py
[2025-03-08T21:56:08.699+0600] {processor.py:925} INFO - DAG(s) 'example_task_group' retrieved from /home/shamim/airflow_venv/lib/python3.12/site-packages/airflow/example_dags/example_task_group.py
[2025-03-08T21:56:08.723+0600] {logging_mixin.py:190} INFO - [2025-03-08T21:56:08.722+0600] {dag.py:3239} INFO - Sync 1 DAGs
[2025-03-08T21:56:08.739+0600] {logging_mixin.py:190} INFO - [2025-03-08T21:56:08.739+0600] {dag.py:4180} INFO - Setting next_dagrun for example_task_group to None, run_after=None
[2025-03-08T21:56:08.765+0600] {processor.py:208} INFO - Processing /home/shamim/airflow_venv/lib/python3.12/site-packages/airflow/example_dags/example_task_group.py took 0.095 seconds
[2025-03-08T21:57:30.772+0600] {processor.py:186} INFO - Started process (PID=44995) to work on /home/shamim/airflow_venv/lib/python3.12/site-packages/airflow/example_dags/example_task_group.py
[2025-03-08T21:57:30.779+0600] {processor.py:914} INFO - Processing file /home/shamim/airflow_venv/lib/python3.12/site-packages/airflow/example_dags/example_task_group.py for tasks to queue
[2025-03-08T21:57:30.781+0600] {logging_mixin.py:190} INFO - [2025-03-08T21:57:30.781+0600] {dagbag.py:588} INFO - Filling up the DagBag from /home/shamim/airflow_venv/lib/python3.12/site-packages/airflow/example_dags/example_task_group.py
[2025-03-08T21:57:30.792+0600] {processor.py:925} INFO - DAG(s) 'example_task_group' retrieved from /home/shamim/airflow_venv/lib/python3.12/site-packages/airflow/example_dags/example_task_group.py
[2025-03-08T21:57:30.816+0600] {logging_mixin.py:190} INFO - [2025-03-08T21:57:30.816+0600] {dag.py:3239} INFO - Sync 1 DAGs
[2025-03-08T21:57:30.833+0600] {logging_mixin.py:190} INFO - [2025-03-08T21:57:30.833+0600] {dag.py:4180} INFO - Setting next_dagrun for example_task_group to None, run_after=None
[2025-03-08T21:57:30.869+0600] {processor.py:208} INFO - Processing /home/shamim/airflow_venv/lib/python3.12/site-packages/airflow/example_dags/example_task_group.py took 0.106 seconds
[2025-03-08T21:59:00.419+0600] {processor.py:186} INFO - Started process (PID=45773) to work on /home/shamim/airflow_venv/lib/python3.12/site-packages/airflow/example_dags/example_task_group.py
[2025-03-08T21:59:00.426+0600] {processor.py:914} INFO - Processing file /home/shamim/airflow_venv/lib/python3.12/site-packages/airflow/example_dags/example_task_group.py for tasks to queue
[2025-03-08T21:59:00.434+0600] {logging_mixin.py:190} INFO - [2025-03-08T21:59:00.433+0600] {dagbag.py:588} INFO - Filling up the DagBag from /home/shamim/airflow_venv/lib/python3.12/site-packages/airflow/example_dags/example_task_group.py
[2025-03-08T21:59:00.472+0600] {processor.py:925} INFO - DAG(s) 'example_task_group' retrieved from /home/shamim/airflow_venv/lib/python3.12/site-packages/airflow/example_dags/example_task_group.py
[2025-03-08T21:59:00.511+0600] {logging_mixin.py:190} INFO - [2025-03-08T21:59:00.510+0600] {dag.py:3239} INFO - Sync 1 DAGs
[2025-03-08T21:59:00.530+0600] {logging_mixin.py:190} INFO - [2025-03-08T21:59:00.530+0600] {dag.py:4180} INFO - Setting next_dagrun for example_task_group to None, run_after=None
[2025-03-08T21:59:00.579+0600] {processor.py:208} INFO - Processing /home/shamim/airflow_venv/lib/python3.12/site-packages/airflow/example_dags/example_task_group.py took 0.184 seconds
[2025-03-08T22:00:34.250+0600] {processor.py:186} INFO - Started process (PID=46498) to work on /home/shamim/airflow_venv/lib/python3.12/site-packages/airflow/example_dags/example_task_group.py
[2025-03-08T22:00:34.255+0600] {processor.py:914} INFO - Processing file /home/shamim/airflow_venv/lib/python3.12/site-packages/airflow/example_dags/example_task_group.py for tasks to queue
[2025-03-08T22:00:34.259+0600] {logging_mixin.py:190} INFO - [2025-03-08T22:00:34.258+0600] {dagbag.py:588} INFO - Filling up the DagBag from /home/shamim/airflow_venv/lib/python3.12/site-packages/airflow/example_dags/example_task_group.py
[2025-03-08T22:00:34.276+0600] {processor.py:925} INFO - DAG(s) 'example_task_group' retrieved from /home/shamim/airflow_venv/lib/python3.12/site-packages/airflow/example_dags/example_task_group.py
[2025-03-08T22:00:34.301+0600] {logging_mixin.py:190} INFO - [2025-03-08T22:00:34.300+0600] {dag.py:3239} INFO - Sync 1 DAGs
[2025-03-08T22:00:34.319+0600] {logging_mixin.py:190} INFO - [2025-03-08T22:00:34.318+0600] {dag.py:4180} INFO - Setting next_dagrun for example_task_group to None, run_after=None
[2025-03-08T22:00:34.350+0600] {processor.py:208} INFO - Processing /home/shamim/airflow_venv/lib/python3.12/site-packages/airflow/example_dags/example_task_group.py took 0.115 seconds
[2025-03-08T22:02:02.632+0600] {processor.py:186} INFO - Started process (PID=47335) to work on /home/shamim/airflow_venv/lib/python3.12/site-packages/airflow/example_dags/example_task_group.py
[2025-03-08T22:02:02.634+0600] {processor.py:914} INFO - Processing file /home/shamim/airflow_venv/lib/python3.12/site-packages/airflow/example_dags/example_task_group.py for tasks to queue
[2025-03-08T22:02:02.637+0600] {logging_mixin.py:190} INFO - [2025-03-08T22:02:02.637+0600] {dagbag.py:588} INFO - Filling up the DagBag from /home/shamim/airflow_venv/lib/python3.12/site-packages/airflow/example_dags/example_task_group.py
[2025-03-08T22:02:02.651+0600] {processor.py:925} INFO - DAG(s) 'example_task_group' retrieved from /home/shamim/airflow_venv/lib/python3.12/site-packages/airflow/example_dags/example_task_group.py
[2025-03-08T22:02:02.675+0600] {logging_mixin.py:190} INFO - [2025-03-08T22:02:02.674+0600] {dag.py:3239} INFO - Sync 1 DAGs
[2025-03-08T22:02:02.692+0600] {logging_mixin.py:190} INFO - [2025-03-08T22:02:02.692+0600] {dag.py:4180} INFO - Setting next_dagrun for example_task_group to None, run_after=None
[2025-03-08T22:02:02.720+0600] {processor.py:208} INFO - Processing /home/shamim/airflow_venv/lib/python3.12/site-packages/airflow/example_dags/example_task_group.py took 0.100 seconds
[2025-03-08T22:03:35.348+0600] {processor.py:186} INFO - Started process (PID=48098) to work on /home/shamim/airflow_venv/lib/python3.12/site-packages/airflow/example_dags/example_task_group.py
[2025-03-08T22:03:35.352+0600] {processor.py:914} INFO - Processing file /home/shamim/airflow_venv/lib/python3.12/site-packages/airflow/example_dags/example_task_group.py for tasks to queue
[2025-03-08T22:03:35.355+0600] {logging_mixin.py:190} INFO - [2025-03-08T22:03:35.354+0600] {dagbag.py:588} INFO - Filling up the DagBag from /home/shamim/airflow_venv/lib/python3.12/site-packages/airflow/example_dags/example_task_group.py
[2025-03-08T22:03:35.366+0600] {processor.py:925} INFO - DAG(s) 'example_task_group' retrieved from /home/shamim/airflow_venv/lib/python3.12/site-packages/airflow/example_dags/example_task_group.py
[2025-03-08T22:03:35.388+0600] {logging_mixin.py:190} INFO - [2025-03-08T22:03:35.387+0600] {dag.py:3239} INFO - Sync 1 DAGs
[2025-03-08T22:03:35.403+0600] {logging_mixin.py:190} INFO - [2025-03-08T22:03:35.403+0600] {dag.py:4180} INFO - Setting next_dagrun for example_task_group to None, run_after=None
[2025-03-08T22:03:35.427+0600] {processor.py:208} INFO - Processing /home/shamim/airflow_venv/lib/python3.12/site-packages/airflow/example_dags/example_task_group.py took 0.088 seconds
[2025-03-08T22:05:06.123+0600] {processor.py:186} INFO - Started process (PID=48652) to work on /home/shamim/airflow_venv/lib/python3.12/site-packages/airflow/example_dags/example_task_group.py
[2025-03-08T22:05:06.130+0600] {processor.py:914} INFO - Processing file /home/shamim/airflow_venv/lib/python3.12/site-packages/airflow/example_dags/example_task_group.py for tasks to queue
[2025-03-08T22:05:06.132+0600] {logging_mixin.py:190} INFO - [2025-03-08T22:05:06.131+0600] {dagbag.py:588} INFO - Filling up the DagBag from /home/shamim/airflow_venv/lib/python3.12/site-packages/airflow/example_dags/example_task_group.py
[2025-03-08T22:05:06.143+0600] {processor.py:925} INFO - DAG(s) 'example_task_group' retrieved from /home/shamim/airflow_venv/lib/python3.12/site-packages/airflow/example_dags/example_task_group.py
[2025-03-08T22:05:06.166+0600] {logging_mixin.py:190} INFO - [2025-03-08T22:05:06.166+0600] {dag.py:3239} INFO - Sync 1 DAGs
[2025-03-08T22:05:06.181+0600] {logging_mixin.py:190} INFO - [2025-03-08T22:05:06.181+0600] {dag.py:4180} INFO - Setting next_dagrun for example_task_group to None, run_after=None
[2025-03-08T22:05:06.206+0600] {processor.py:208} INFO - Processing /home/shamim/airflow_venv/lib/python3.12/site-packages/airflow/example_dags/example_task_group.py took 0.091 seconds
[2025-03-08T22:06:37.108+0600] {processor.py:186} INFO - Started process (PID=49201) to work on /home/shamim/airflow_venv/lib/python3.12/site-packages/airflow/example_dags/example_task_group.py
[2025-03-08T22:06:37.114+0600] {processor.py:914} INFO - Processing file /home/shamim/airflow_venv/lib/python3.12/site-packages/airflow/example_dags/example_task_group.py for tasks to queue
[2025-03-08T22:06:37.117+0600] {logging_mixin.py:190} INFO - [2025-03-08T22:06:37.116+0600] {dagbag.py:588} INFO - Filling up the DagBag from /home/shamim/airflow_venv/lib/python3.12/site-packages/airflow/example_dags/example_task_group.py
[2025-03-08T22:06:37.128+0600] {processor.py:925} INFO - DAG(s) 'example_task_group' retrieved from /home/shamim/airflow_venv/lib/python3.12/site-packages/airflow/example_dags/example_task_group.py
[2025-03-08T22:06:37.153+0600] {logging_mixin.py:190} INFO - [2025-03-08T22:06:37.153+0600] {dag.py:3239} INFO - Sync 1 DAGs
[2025-03-08T22:06:37.171+0600] {logging_mixin.py:190} INFO - [2025-03-08T22:06:37.171+0600] {dag.py:4180} INFO - Setting next_dagrun for example_task_group to None, run_after=None
[2025-03-08T22:06:37.213+0600] {processor.py:208} INFO - Processing /home/shamim/airflow_venv/lib/python3.12/site-packages/airflow/example_dags/example_task_group.py took 0.116 seconds
[2025-03-08T22:08:16.690+0600] {processor.py:186} INFO - Started process (PID=50074) to work on /home/shamim/airflow_venv/lib/python3.12/site-packages/airflow/example_dags/example_task_group.py
[2025-03-08T22:08:16.697+0600] {processor.py:914} INFO - Processing file /home/shamim/airflow_venv/lib/python3.12/site-packages/airflow/example_dags/example_task_group.py for tasks to queue
[2025-03-08T22:08:16.700+0600] {logging_mixin.py:190} INFO - [2025-03-08T22:08:16.700+0600] {dagbag.py:588} INFO - Filling up the DagBag from /home/shamim/airflow_venv/lib/python3.12/site-packages/airflow/example_dags/example_task_group.py
[2025-03-08T22:08:16.718+0600] {processor.py:925} INFO - DAG(s) 'example_task_group' retrieved from /home/shamim/airflow_venv/lib/python3.12/site-packages/airflow/example_dags/example_task_group.py
[2025-03-08T22:08:16.749+0600] {logging_mixin.py:190} INFO - [2025-03-08T22:08:16.749+0600] {dag.py:3239} INFO - Sync 1 DAGs
[2025-03-08T22:08:16.766+0600] {logging_mixin.py:190} INFO - [2025-03-08T22:08:16.766+0600] {dag.py:4180} INFO - Setting next_dagrun for example_task_group to None, run_after=None
[2025-03-08T22:08:16.803+0600] {processor.py:208} INFO - Processing /home/shamim/airflow_venv/lib/python3.12/site-packages/airflow/example_dags/example_task_group.py took 0.134 seconds
[2025-03-08T22:09:50.995+0600] {processor.py:186} INFO - Started process (PID=50844) to work on /home/shamim/airflow_venv/lib/python3.12/site-packages/airflow/example_dags/example_task_group.py
[2025-03-08T22:09:51.001+0600] {processor.py:914} INFO - Processing file /home/shamim/airflow_venv/lib/python3.12/site-packages/airflow/example_dags/example_task_group.py for tasks to queue
[2025-03-08T22:09:51.005+0600] {logging_mixin.py:190} INFO - [2025-03-08T22:09:51.004+0600] {dagbag.py:588} INFO - Filling up the DagBag from /home/shamim/airflow_venv/lib/python3.12/site-packages/airflow/example_dags/example_task_group.py
[2025-03-08T22:09:51.021+0600] {processor.py:925} INFO - DAG(s) 'example_task_group' retrieved from /home/shamim/airflow_venv/lib/python3.12/site-packages/airflow/example_dags/example_task_group.py
[2025-03-08T22:09:51.046+0600] {logging_mixin.py:190} INFO - [2025-03-08T22:09:51.046+0600] {dag.py:3239} INFO - Sync 1 DAGs
[2025-03-08T22:09:51.065+0600] {logging_mixin.py:190} INFO - [2025-03-08T22:09:51.065+0600] {dag.py:4180} INFO - Setting next_dagrun for example_task_group to None, run_after=None
[2025-03-08T22:09:51.107+0600] {processor.py:208} INFO - Processing /home/shamim/airflow_venv/lib/python3.12/site-packages/airflow/example_dags/example_task_group.py took 0.124 seconds
[2025-03-08T22:11:25.121+0600] {processor.py:186} INFO - Started process (PID=51468) to work on /home/shamim/airflow_venv/lib/python3.12/site-packages/airflow/example_dags/example_task_group.py
[2025-03-08T22:11:25.122+0600] {processor.py:914} INFO - Processing file /home/shamim/airflow_venv/lib/python3.12/site-packages/airflow/example_dags/example_task_group.py for tasks to queue
[2025-03-08T22:11:25.125+0600] {logging_mixin.py:190} INFO - [2025-03-08T22:11:25.125+0600] {dagbag.py:588} INFO - Filling up the DagBag from /home/shamim/airflow_venv/lib/python3.12/site-packages/airflow/example_dags/example_task_group.py
[2025-03-08T22:11:25.137+0600] {processor.py:925} INFO - DAG(s) 'example_task_group' retrieved from /home/shamim/airflow_venv/lib/python3.12/site-packages/airflow/example_dags/example_task_group.py
[2025-03-08T22:11:25.161+0600] {logging_mixin.py:190} INFO - [2025-03-08T22:11:25.161+0600] {dag.py:3239} INFO - Sync 1 DAGs
[2025-03-08T22:11:25.179+0600] {logging_mixin.py:190} INFO - [2025-03-08T22:11:25.179+0600] {dag.py:4180} INFO - Setting next_dagrun for example_task_group to None, run_after=None
[2025-03-08T22:11:25.206+0600] {processor.py:208} INFO - Processing /home/shamim/airflow_venv/lib/python3.12/site-packages/airflow/example_dags/example_task_group.py took 0.095 seconds
[2025-03-08T22:12:57.374+0600] {processor.py:186} INFO - Started process (PID=52008) to work on /home/shamim/airflow_venv/lib/python3.12/site-packages/airflow/example_dags/example_task_group.py
[2025-03-08T22:12:57.381+0600] {processor.py:914} INFO - Processing file /home/shamim/airflow_venv/lib/python3.12/site-packages/airflow/example_dags/example_task_group.py for tasks to queue
[2025-03-08T22:12:57.384+0600] {logging_mixin.py:190} INFO - [2025-03-08T22:12:57.383+0600] {dagbag.py:588} INFO - Filling up the DagBag from /home/shamim/airflow_venv/lib/python3.12/site-packages/airflow/example_dags/example_task_group.py
[2025-03-08T22:12:57.395+0600] {processor.py:925} INFO - DAG(s) 'example_task_group' retrieved from /home/shamim/airflow_venv/lib/python3.12/site-packages/airflow/example_dags/example_task_group.py
[2025-03-08T22:12:57.417+0600] {logging_mixin.py:190} INFO - [2025-03-08T22:12:57.417+0600] {dag.py:3239} INFO - Sync 1 DAGs
[2025-03-08T22:12:57.433+0600] {logging_mixin.py:190} INFO - [2025-03-08T22:12:57.433+0600] {dag.py:4180} INFO - Setting next_dagrun for example_task_group to None, run_after=None
[2025-03-08T22:12:57.469+0600] {processor.py:208} INFO - Processing /home/shamim/airflow_venv/lib/python3.12/site-packages/airflow/example_dags/example_task_group.py took 0.105 seconds
[2025-03-08T22:14:28.633+0600] {processor.py:186} INFO - Started process (PID=52504) to work on /home/shamim/airflow_venv/lib/python3.12/site-packages/airflow/example_dags/example_task_group.py
[2025-03-08T22:14:28.638+0600] {processor.py:914} INFO - Processing file /home/shamim/airflow_venv/lib/python3.12/site-packages/airflow/example_dags/example_task_group.py for tasks to queue
[2025-03-08T22:14:28.640+0600] {logging_mixin.py:190} INFO - [2025-03-08T22:14:28.640+0600] {dagbag.py:588} INFO - Filling up the DagBag from /home/shamim/airflow_venv/lib/python3.12/site-packages/airflow/example_dags/example_task_group.py
[2025-03-08T22:14:28.652+0600] {processor.py:925} INFO - DAG(s) 'example_task_group' retrieved from /home/shamim/airflow_venv/lib/python3.12/site-packages/airflow/example_dags/example_task_group.py
[2025-03-08T22:14:28.675+0600] {logging_mixin.py:190} INFO - [2025-03-08T22:14:28.675+0600] {dag.py:3239} INFO - Sync 1 DAGs
[2025-03-08T22:14:28.691+0600] {logging_mixin.py:190} INFO - [2025-03-08T22:14:28.691+0600] {dag.py:4180} INFO - Setting next_dagrun for example_task_group to None, run_after=None
[2025-03-08T22:14:28.716+0600] {processor.py:208} INFO - Processing /home/shamim/airflow_venv/lib/python3.12/site-packages/airflow/example_dags/example_task_group.py took 0.096 seconds
[2025-03-08T22:16:03.779+0600] {processor.py:186} INFO - Started process (PID=53041) to work on /home/shamim/airflow_venv/lib/python3.12/site-packages/airflow/example_dags/example_task_group.py
[2025-03-08T22:16:03.786+0600] {processor.py:914} INFO - Processing file /home/shamim/airflow_venv/lib/python3.12/site-packages/airflow/example_dags/example_task_group.py for tasks to queue
[2025-03-08T22:16:03.788+0600] {logging_mixin.py:190} INFO - [2025-03-08T22:16:03.787+0600] {dagbag.py:588} INFO - Filling up the DagBag from /home/shamim/airflow_venv/lib/python3.12/site-packages/airflow/example_dags/example_task_group.py
[2025-03-08T22:16:03.799+0600] {processor.py:925} INFO - DAG(s) 'example_task_group' retrieved from /home/shamim/airflow_venv/lib/python3.12/site-packages/airflow/example_dags/example_task_group.py
[2025-03-08T22:16:03.822+0600] {logging_mixin.py:190} INFO - [2025-03-08T22:16:03.822+0600] {dag.py:3239} INFO - Sync 1 DAGs
[2025-03-08T22:16:03.839+0600] {logging_mixin.py:190} INFO - [2025-03-08T22:16:03.839+0600] {dag.py:4180} INFO - Setting next_dagrun for example_task_group to None, run_after=None
[2025-03-08T22:16:03.866+0600] {processor.py:208} INFO - Processing /home/shamim/airflow_venv/lib/python3.12/site-packages/airflow/example_dags/example_task_group.py took 0.096 seconds
[2025-03-08T22:17:44.639+0600] {processor.py:186} INFO - Started process (PID=53559) to work on /home/shamim/airflow_venv/lib/python3.12/site-packages/airflow/example_dags/example_task_group.py
[2025-03-08T22:17:44.641+0600] {processor.py:914} INFO - Processing file /home/shamim/airflow_venv/lib/python3.12/site-packages/airflow/example_dags/example_task_group.py for tasks to queue
[2025-03-08T22:17:44.643+0600] {logging_mixin.py:190} INFO - [2025-03-08T22:17:44.642+0600] {dagbag.py:588} INFO - Filling up the DagBag from /home/shamim/airflow_venv/lib/python3.12/site-packages/airflow/example_dags/example_task_group.py
[2025-03-08T22:17:44.655+0600] {processor.py:925} INFO - DAG(s) 'example_task_group' retrieved from /home/shamim/airflow_venv/lib/python3.12/site-packages/airflow/example_dags/example_task_group.py
[2025-03-08T22:17:44.677+0600] {logging_mixin.py:190} INFO - [2025-03-08T22:17:44.677+0600] {dag.py:3239} INFO - Sync 1 DAGs
[2025-03-08T22:17:44.694+0600] {logging_mixin.py:190} INFO - [2025-03-08T22:17:44.693+0600] {dag.py:4180} INFO - Setting next_dagrun for example_task_group to None, run_after=None
[2025-03-08T22:17:44.717+0600] {processor.py:208} INFO - Processing /home/shamim/airflow_venv/lib/python3.12/site-packages/airflow/example_dags/example_task_group.py took 0.087 seconds
[2025-03-08T22:19:21.191+0600] {processor.py:186} INFO - Started process (PID=54315) to work on /home/shamim/airflow_venv/lib/python3.12/site-packages/airflow/example_dags/example_task_group.py
[2025-03-08T22:19:21.198+0600] {processor.py:914} INFO - Processing file /home/shamim/airflow_venv/lib/python3.12/site-packages/airflow/example_dags/example_task_group.py for tasks to queue
[2025-03-08T22:19:21.200+0600] {logging_mixin.py:190} INFO - [2025-03-08T22:19:21.199+0600] {dagbag.py:588} INFO - Filling up the DagBag from /home/shamim/airflow_venv/lib/python3.12/site-packages/airflow/example_dags/example_task_group.py
[2025-03-08T22:19:21.211+0600] {processor.py:925} INFO - DAG(s) 'example_task_group' retrieved from /home/shamim/airflow_venv/lib/python3.12/site-packages/airflow/example_dags/example_task_group.py
[2025-03-08T22:19:21.234+0600] {logging_mixin.py:190} INFO - [2025-03-08T22:19:21.234+0600] {dag.py:3239} INFO - Sync 1 DAGs
[2025-03-08T22:19:21.252+0600] {logging_mixin.py:190} INFO - [2025-03-08T22:19:21.251+0600] {dag.py:4180} INFO - Setting next_dagrun for example_task_group to None, run_after=None
[2025-03-08T22:19:21.279+0600] {processor.py:208} INFO - Processing /home/shamim/airflow_venv/lib/python3.12/site-packages/airflow/example_dags/example_task_group.py took 0.096 seconds
[2025-03-08T22:20:54.896+0600] {processor.py:186} INFO - Started process (PID=55062) to work on /home/shamim/airflow_venv/lib/python3.12/site-packages/airflow/example_dags/example_task_group.py
[2025-03-08T22:20:54.903+0600] {processor.py:914} INFO - Processing file /home/shamim/airflow_venv/lib/python3.12/site-packages/airflow/example_dags/example_task_group.py for tasks to queue
[2025-03-08T22:20:54.907+0600] {logging_mixin.py:190} INFO - [2025-03-08T22:20:54.906+0600] {dagbag.py:588} INFO - Filling up the DagBag from /home/shamim/airflow_venv/lib/python3.12/site-packages/airflow/example_dags/example_task_group.py
[2025-03-08T22:20:54.926+0600] {processor.py:925} INFO - DAG(s) 'example_task_group' retrieved from /home/shamim/airflow_venv/lib/python3.12/site-packages/airflow/example_dags/example_task_group.py
[2025-03-08T22:20:54.950+0600] {logging_mixin.py:190} INFO - [2025-03-08T22:20:54.949+0600] {dag.py:3239} INFO - Sync 1 DAGs
[2025-03-08T22:20:54.969+0600] {logging_mixin.py:190} INFO - [2025-03-08T22:20:54.968+0600] {dag.py:4180} INFO - Setting next_dagrun for example_task_group to None, run_after=None
[2025-03-08T22:20:55.148+0600] {processor.py:208} INFO - Processing /home/shamim/airflow_venv/lib/python3.12/site-packages/airflow/example_dags/example_task_group.py took 0.274 seconds
[2025-03-08T22:22:35.047+0600] {processor.py:186} INFO - Started process (PID=55815) to work on /home/shamim/airflow_venv/lib/python3.12/site-packages/airflow/example_dags/example_task_group.py
[2025-03-08T22:22:35.063+0600] {processor.py:914} INFO - Processing file /home/shamim/airflow_venv/lib/python3.12/site-packages/airflow/example_dags/example_task_group.py for tasks to queue
[2025-03-08T22:22:35.065+0600] {logging_mixin.py:190} INFO - [2025-03-08T22:22:35.065+0600] {dagbag.py:588} INFO - Filling up the DagBag from /home/shamim/airflow_venv/lib/python3.12/site-packages/airflow/example_dags/example_task_group.py
[2025-03-08T22:22:35.077+0600] {processor.py:925} INFO - DAG(s) 'example_task_group' retrieved from /home/shamim/airflow_venv/lib/python3.12/site-packages/airflow/example_dags/example_task_group.py
[2025-03-08T22:22:35.098+0600] {logging_mixin.py:190} INFO - [2025-03-08T22:22:35.098+0600] {dag.py:3239} INFO - Sync 1 DAGs
[2025-03-08T22:22:35.114+0600] {logging_mixin.py:190} INFO - [2025-03-08T22:22:35.114+0600] {dag.py:4180} INFO - Setting next_dagrun for example_task_group to None, run_after=None
[2025-03-08T22:22:35.272+0600] {processor.py:208} INFO - Processing /home/shamim/airflow_venv/lib/python3.12/site-packages/airflow/example_dags/example_task_group.py took 0.233 seconds
[2025-03-08T22:24:17.496+0600] {processor.py:186} INFO - Started process (PID=56543) to work on /home/shamim/airflow_venv/lib/python3.12/site-packages/airflow/example_dags/example_task_group.py
[2025-03-08T22:24:17.504+0600] {processor.py:914} INFO - Processing file /home/shamim/airflow_venv/lib/python3.12/site-packages/airflow/example_dags/example_task_group.py for tasks to queue
[2025-03-08T22:24:17.508+0600] {logging_mixin.py:190} INFO - [2025-03-08T22:24:17.507+0600] {dagbag.py:588} INFO - Filling up the DagBag from /home/shamim/airflow_venv/lib/python3.12/site-packages/airflow/example_dags/example_task_group.py
[2025-03-08T22:24:17.532+0600] {processor.py:925} INFO - DAG(s) 'example_task_group' retrieved from /home/shamim/airflow_venv/lib/python3.12/site-packages/airflow/example_dags/example_task_group.py
[2025-03-08T22:24:17.568+0600] {logging_mixin.py:190} INFO - [2025-03-08T22:24:17.568+0600] {dag.py:3239} INFO - Sync 1 DAGs
[2025-03-08T22:24:17.585+0600] {logging_mixin.py:190} INFO - [2025-03-08T22:24:17.585+0600] {dag.py:4180} INFO - Setting next_dagrun for example_task_group to None, run_after=None
[2025-03-08T22:24:17.623+0600] {processor.py:208} INFO - Processing /home/shamim/airflow_venv/lib/python3.12/site-packages/airflow/example_dags/example_task_group.py took 0.144 seconds
[2025-03-08T22:25:50.600+0600] {processor.py:186} INFO - Started process (PID=57209) to work on /home/shamim/airflow_venv/lib/python3.12/site-packages/airflow/example_dags/example_task_group.py
[2025-03-08T22:25:50.607+0600] {processor.py:914} INFO - Processing file /home/shamim/airflow_venv/lib/python3.12/site-packages/airflow/example_dags/example_task_group.py for tasks to queue
[2025-03-08T22:25:50.609+0600] {logging_mixin.py:190} INFO - [2025-03-08T22:25:50.609+0600] {dagbag.py:588} INFO - Filling up the DagBag from /home/shamim/airflow_venv/lib/python3.12/site-packages/airflow/example_dags/example_task_group.py
[2025-03-08T22:25:50.621+0600] {processor.py:925} INFO - DAG(s) 'example_task_group' retrieved from /home/shamim/airflow_venv/lib/python3.12/site-packages/airflow/example_dags/example_task_group.py
[2025-03-08T22:25:50.643+0600] {logging_mixin.py:190} INFO - [2025-03-08T22:25:50.643+0600] {dag.py:3239} INFO - Sync 1 DAGs
[2025-03-08T22:25:50.660+0600] {logging_mixin.py:190} INFO - [2025-03-08T22:25:50.660+0600] {dag.py:4180} INFO - Setting next_dagrun for example_task_group to None, run_after=None
[2025-03-08T22:25:50.698+0600] {processor.py:208} INFO - Processing /home/shamim/airflow_venv/lib/python3.12/site-packages/airflow/example_dags/example_task_group.py took 0.107 seconds
[2025-03-08T22:27:33.823+0600] {processor.py:186} INFO - Started process (PID=57814) to work on /home/shamim/airflow_venv/lib/python3.12/site-packages/airflow/example_dags/example_task_group.py
[2025-03-08T22:27:33.830+0600] {processor.py:914} INFO - Processing file /home/shamim/airflow_venv/lib/python3.12/site-packages/airflow/example_dags/example_task_group.py for tasks to queue
[2025-03-08T22:27:33.834+0600] {logging_mixin.py:190} INFO - [2025-03-08T22:27:33.833+0600] {dagbag.py:588} INFO - Filling up the DagBag from /home/shamim/airflow_venv/lib/python3.12/site-packages/airflow/example_dags/example_task_group.py
[2025-03-08T22:27:33.854+0600] {processor.py:925} INFO - DAG(s) 'example_task_group' retrieved from /home/shamim/airflow_venv/lib/python3.12/site-packages/airflow/example_dags/example_task_group.py
[2025-03-08T22:27:33.888+0600] {logging_mixin.py:190} INFO - [2025-03-08T22:27:33.888+0600] {dag.py:3239} INFO - Sync 1 DAGs
[2025-03-08T22:27:33.907+0600] {logging_mixin.py:190} INFO - [2025-03-08T22:27:33.907+0600] {dag.py:4180} INFO - Setting next_dagrun for example_task_group to None, run_after=None
[2025-03-08T22:27:33.947+0600] {processor.py:208} INFO - Processing /home/shamim/airflow_venv/lib/python3.12/site-packages/airflow/example_dags/example_task_group.py took 0.141 seconds
[2025-03-08T22:29:21.176+0600] {processor.py:186} INFO - Started process (PID=58360) to work on /home/shamim/airflow_venv/lib/python3.12/site-packages/airflow/example_dags/example_task_group.py
[2025-03-08T22:29:21.180+0600] {processor.py:914} INFO - Processing file /home/shamim/airflow_venv/lib/python3.12/site-packages/airflow/example_dags/example_task_group.py for tasks to queue
[2025-03-08T22:29:21.183+0600] {logging_mixin.py:190} INFO - [2025-03-08T22:29:21.182+0600] {dagbag.py:588} INFO - Filling up the DagBag from /home/shamim/airflow_venv/lib/python3.12/site-packages/airflow/example_dags/example_task_group.py
[2025-03-08T22:29:21.195+0600] {processor.py:925} INFO - DAG(s) 'example_task_group' retrieved from /home/shamim/airflow_venv/lib/python3.12/site-packages/airflow/example_dags/example_task_group.py
[2025-03-08T22:29:21.216+0600] {logging_mixin.py:190} INFO - [2025-03-08T22:29:21.215+0600] {dag.py:3239} INFO - Sync 1 DAGs
[2025-03-08T22:29:21.231+0600] {logging_mixin.py:190} INFO - [2025-03-08T22:29:21.231+0600] {dag.py:4180} INFO - Setting next_dagrun for example_task_group to None, run_after=None
[2025-03-08T22:29:21.258+0600] {processor.py:208} INFO - Processing /home/shamim/airflow_venv/lib/python3.12/site-packages/airflow/example_dags/example_task_group.py took 0.092 seconds
[2025-03-08T22:30:57.053+0600] {processor.py:186} INFO - Started process (PID=58867) to work on /home/shamim/airflow_venv/lib/python3.12/site-packages/airflow/example_dags/example_task_group.py
[2025-03-08T22:30:57.054+0600] {processor.py:914} INFO - Processing file /home/shamim/airflow_venv/lib/python3.12/site-packages/airflow/example_dags/example_task_group.py for tasks to queue
[2025-03-08T22:30:57.057+0600] {logging_mixin.py:190} INFO - [2025-03-08T22:30:57.056+0600] {dagbag.py:588} INFO - Filling up the DagBag from /home/shamim/airflow_venv/lib/python3.12/site-packages/airflow/example_dags/example_task_group.py
[2025-03-08T22:30:57.070+0600] {processor.py:925} INFO - DAG(s) 'example_task_group' retrieved from /home/shamim/airflow_venv/lib/python3.12/site-packages/airflow/example_dags/example_task_group.py
[2025-03-08T22:30:57.092+0600] {logging_mixin.py:190} INFO - [2025-03-08T22:30:57.092+0600] {dag.py:3239} INFO - Sync 1 DAGs
[2025-03-08T22:30:57.107+0600] {logging_mixin.py:190} INFO - [2025-03-08T22:30:57.107+0600] {dag.py:4180} INFO - Setting next_dagrun for example_task_group to None, run_after=None
[2025-03-08T22:30:57.133+0600] {processor.py:208} INFO - Processing /home/shamim/airflow_venv/lib/python3.12/site-packages/airflow/example_dags/example_task_group.py took 0.090 seconds
[2025-03-08T22:32:27.337+0600] {processor.py:186} INFO - Started process (PID=59343) to work on /home/shamim/airflow_venv/lib/python3.12/site-packages/airflow/example_dags/example_task_group.py
[2025-03-08T22:32:27.344+0600] {processor.py:914} INFO - Processing file /home/shamim/airflow_venv/lib/python3.12/site-packages/airflow/example_dags/example_task_group.py for tasks to queue
[2025-03-08T22:32:27.347+0600] {logging_mixin.py:190} INFO - [2025-03-08T22:32:27.346+0600] {dagbag.py:588} INFO - Filling up the DagBag from /home/shamim/airflow_venv/lib/python3.12/site-packages/airflow/example_dags/example_task_group.py
[2025-03-08T22:32:27.359+0600] {processor.py:925} INFO - DAG(s) 'example_task_group' retrieved from /home/shamim/airflow_venv/lib/python3.12/site-packages/airflow/example_dags/example_task_group.py
[2025-03-08T22:32:27.381+0600] {logging_mixin.py:190} INFO - [2025-03-08T22:32:27.380+0600] {dag.py:3239} INFO - Sync 1 DAGs
[2025-03-08T22:32:27.396+0600] {logging_mixin.py:190} INFO - [2025-03-08T22:32:27.396+0600] {dag.py:4180} INFO - Setting next_dagrun for example_task_group to None, run_after=None
[2025-03-08T22:32:27.427+0600] {processor.py:208} INFO - Processing /home/shamim/airflow_venv/lib/python3.12/site-packages/airflow/example_dags/example_task_group.py took 0.101 seconds
[2025-03-08T22:33:58.626+0600] {processor.py:186} INFO - Started process (PID=59927) to work on /home/shamim/airflow_venv/lib/python3.12/site-packages/airflow/example_dags/example_task_group.py
[2025-03-08T22:33:58.628+0600] {processor.py:914} INFO - Processing file /home/shamim/airflow_venv/lib/python3.12/site-packages/airflow/example_dags/example_task_group.py for tasks to queue
[2025-03-08T22:33:58.631+0600] {logging_mixin.py:190} INFO - [2025-03-08T22:33:58.631+0600] {dagbag.py:588} INFO - Filling up the DagBag from /home/shamim/airflow_venv/lib/python3.12/site-packages/airflow/example_dags/example_task_group.py
[2025-03-08T22:33:58.646+0600] {processor.py:925} INFO - DAG(s) 'example_task_group' retrieved from /home/shamim/airflow_venv/lib/python3.12/site-packages/airflow/example_dags/example_task_group.py
[2025-03-08T22:33:58.672+0600] {logging_mixin.py:190} INFO - [2025-03-08T22:33:58.672+0600] {dag.py:3239} INFO - Sync 1 DAGs
[2025-03-08T22:33:58.690+0600] {logging_mixin.py:190} INFO - [2025-03-08T22:33:58.689+0600] {dag.py:4180} INFO - Setting next_dagrun for example_task_group to None, run_after=None
[2025-03-08T22:33:58.717+0600] {processor.py:208} INFO - Processing /home/shamim/airflow_venv/lib/python3.12/site-packages/airflow/example_dags/example_task_group.py took 0.114 seconds
