[2025-03-08T21:09:35.880+0600] {processor.py:186} INFO - Started process (PID=26815) to work on /home/shamim/airflow_venv/lib/python3.12/site-packages/airflow/example_dags/example_latest_only_with_trigger.py
[2025-03-08T21:09:35.881+0600] {processor.py:914} INFO - Processing file /home/shamim/airflow_venv/lib/python3.12/site-packages/airflow/example_dags/example_latest_only_with_trigger.py for tasks to queue
[2025-03-08T21:09:35.883+0600] {logging_mixin.py:190} INFO - [2025-03-08T21:09:35.883+0600] {dagbag.py:588} INFO - Filling up the DagBag from /home/shamim/airflow_venv/lib/python3.12/site-packages/airflow/example_dags/example_latest_only_with_trigger.py
[2025-03-08T21:09:35.894+0600] {processor.py:925} INFO - DAG(s) 'latest_only_with_trigger' retrieved from /home/shamim/airflow_venv/lib/python3.12/site-packages/airflow/example_dags/example_latest_only_with_trigger.py
[2025-03-08T21:09:35.916+0600] {logging_mixin.py:190} INFO - [2025-03-08T21:09:35.916+0600] {dag.py:3239} INFO - Sync 1 DAGs
[2025-03-08T21:09:35.944+0600] {logging_mixin.py:190} INFO - [2025-03-08T21:09:35.944+0600] {dag.py:4180} INFO - Setting next_dagrun for latest_only_with_trigger to 2025-03-08 08:00:00+00:00, run_after=2025-03-08 12:00:00+00:00
[2025-03-08T21:09:35.972+0600] {processor.py:208} INFO - Processing /home/shamim/airflow_venv/lib/python3.12/site-packages/airflow/example_dags/example_latest_only_with_trigger.py took 0.099 seconds
[2025-03-08T21:11:58.188+0600] {processor.py:186} INFO - Started process (PID=27482) to work on /home/shamim/airflow_venv/lib/python3.12/site-packages/airflow/example_dags/example_latest_only_with_trigger.py
[2025-03-08T21:11:58.192+0600] {processor.py:914} INFO - Processing file /home/shamim/airflow_venv/lib/python3.12/site-packages/airflow/example_dags/example_latest_only_with_trigger.py for tasks to queue
[2025-03-08T21:11:58.195+0600] {logging_mixin.py:190} INFO - [2025-03-08T21:11:58.195+0600] {dagbag.py:588} INFO - Filling up the DagBag from /home/shamim/airflow_venv/lib/python3.12/site-packages/airflow/example_dags/example_latest_only_with_trigger.py
[2025-03-08T21:11:58.214+0600] {processor.py:925} INFO - DAG(s) 'latest_only_with_trigger' retrieved from /home/shamim/airflow_venv/lib/python3.12/site-packages/airflow/example_dags/example_latest_only_with_trigger.py
[2025-03-08T21:11:58.252+0600] {logging_mixin.py:190} INFO - [2025-03-08T21:11:58.252+0600] {dag.py:3239} INFO - Sync 1 DAGs
[2025-03-08T21:11:58.295+0600] {logging_mixin.py:190} INFO - [2025-03-08T21:11:58.295+0600] {dag.py:4180} INFO - Setting next_dagrun for latest_only_with_trigger to 2025-03-08 08:00:00+00:00, run_after=2025-03-08 12:00:00+00:00
[2025-03-08T21:11:58.330+0600] {processor.py:208} INFO - Processing /home/shamim/airflow_venv/lib/python3.12/site-packages/airflow/example_dags/example_latest_only_with_trigger.py took 0.150 seconds
[2025-03-08T21:13:31.185+0600] {processor.py:186} INFO - Started process (PID=28054) to work on /home/shamim/airflow_venv/lib/python3.12/site-packages/airflow/example_dags/example_latest_only_with_trigger.py
[2025-03-08T21:13:31.191+0600] {processor.py:914} INFO - Processing file /home/shamim/airflow_venv/lib/python3.12/site-packages/airflow/example_dags/example_latest_only_with_trigger.py for tasks to queue
[2025-03-08T21:13:31.195+0600] {logging_mixin.py:190} INFO - [2025-03-08T21:13:31.194+0600] {dagbag.py:588} INFO - Filling up the DagBag from /home/shamim/airflow_venv/lib/python3.12/site-packages/airflow/example_dags/example_latest_only_with_trigger.py
[2025-03-08T21:13:31.205+0600] {processor.py:925} INFO - DAG(s) 'latest_only_with_trigger' retrieved from /home/shamim/airflow_venv/lib/python3.12/site-packages/airflow/example_dags/example_latest_only_with_trigger.py
[2025-03-08T21:13:31.228+0600] {logging_mixin.py:190} INFO - [2025-03-08T21:13:31.228+0600] {dag.py:3239} INFO - Sync 1 DAGs
[2025-03-08T21:13:31.260+0600] {logging_mixin.py:190} INFO - [2025-03-08T21:13:31.260+0600] {dag.py:4180} INFO - Setting next_dagrun for latest_only_with_trigger to 2025-03-08 08:00:00+00:00, run_after=2025-03-08 12:00:00+00:00
[2025-03-08T21:13:31.295+0600] {processor.py:208} INFO - Processing /home/shamim/airflow_venv/lib/python3.12/site-packages/airflow/example_dags/example_latest_only_with_trigger.py took 0.123 seconds
[2025-03-08T21:15:06.541+0600] {processor.py:186} INFO - Started process (PID=28675) to work on /home/shamim/airflow_venv/lib/python3.12/site-packages/airflow/example_dags/example_latest_only_with_trigger.py
[2025-03-08T21:15:06.559+0600] {processor.py:914} INFO - Processing file /home/shamim/airflow_venv/lib/python3.12/site-packages/airflow/example_dags/example_latest_only_with_trigger.py for tasks to queue
[2025-03-08T21:15:06.565+0600] {logging_mixin.py:190} INFO - [2025-03-08T21:15:06.564+0600] {dagbag.py:588} INFO - Filling up the DagBag from /home/shamim/airflow_venv/lib/python3.12/site-packages/airflow/example_dags/example_latest_only_with_trigger.py
[2025-03-08T21:15:06.584+0600] {processor.py:925} INFO - DAG(s) 'latest_only_with_trigger' retrieved from /home/shamim/airflow_venv/lib/python3.12/site-packages/airflow/example_dags/example_latest_only_with_trigger.py
[2025-03-08T21:15:06.606+0600] {logging_mixin.py:190} INFO - [2025-03-08T21:15:06.606+0600] {dag.py:3239} INFO - Sync 1 DAGs
[2025-03-08T21:15:06.632+0600] {logging_mixin.py:190} INFO - [2025-03-08T21:15:06.631+0600] {dag.py:4180} INFO - Setting next_dagrun for latest_only_with_trigger to 2025-03-08 08:00:00+00:00, run_after=2025-03-08 12:00:00+00:00
[2025-03-08T21:15:06.654+0600] {processor.py:208} INFO - Processing /home/shamim/airflow_venv/lib/python3.12/site-packages/airflow/example_dags/example_latest_only_with_trigger.py took 0.133 seconds
[2025-03-08T21:17:32.756+0600] {processor.py:186} INFO - Started process (PID=29805) to work on /home/shamim/airflow_venv/lib/python3.12/site-packages/airflow/example_dags/example_latest_only_with_trigger.py
[2025-03-08T21:17:32.762+0600] {processor.py:914} INFO - Processing file /home/shamim/airflow_venv/lib/python3.12/site-packages/airflow/example_dags/example_latest_only_with_trigger.py for tasks to queue
[2025-03-08T21:17:32.765+0600] {logging_mixin.py:190} INFO - [2025-03-08T21:17:32.764+0600] {dagbag.py:588} INFO - Filling up the DagBag from /home/shamim/airflow_venv/lib/python3.12/site-packages/airflow/example_dags/example_latest_only_with_trigger.py
[2025-03-08T21:17:32.775+0600] {processor.py:925} INFO - DAG(s) 'latest_only_with_trigger' retrieved from /home/shamim/airflow_venv/lib/python3.12/site-packages/airflow/example_dags/example_latest_only_with_trigger.py
[2025-03-08T21:17:32.799+0600] {logging_mixin.py:190} INFO - [2025-03-08T21:17:32.799+0600] {dag.py:3239} INFO - Sync 1 DAGs
[2025-03-08T21:17:32.828+0600] {logging_mixin.py:190} INFO - [2025-03-08T21:17:32.828+0600] {dag.py:4180} INFO - Setting next_dagrun for latest_only_with_trigger to 2025-03-08 08:00:00+00:00, run_after=2025-03-08 12:00:00+00:00
[2025-03-08T21:17:32.871+0600] {processor.py:208} INFO - Processing /home/shamim/airflow_venv/lib/python3.12/site-packages/airflow/example_dags/example_latest_only_with_trigger.py took 0.124 seconds
[2025-03-08T21:19:03.770+0600] {processor.py:186} INFO - Started process (PID=30359) to work on /home/shamim/airflow_venv/lib/python3.12/site-packages/airflow/example_dags/example_latest_only_with_trigger.py
[2025-03-08T21:19:03.775+0600] {processor.py:914} INFO - Processing file /home/shamim/airflow_venv/lib/python3.12/site-packages/airflow/example_dags/example_latest_only_with_trigger.py for tasks to queue
[2025-03-08T21:19:03.777+0600] {logging_mixin.py:190} INFO - [2025-03-08T21:19:03.777+0600] {dagbag.py:588} INFO - Filling up the DagBag from /home/shamim/airflow_venv/lib/python3.12/site-packages/airflow/example_dags/example_latest_only_with_trigger.py
[2025-03-08T21:19:03.787+0600] {processor.py:925} INFO - DAG(s) 'latest_only_with_trigger' retrieved from /home/shamim/airflow_venv/lib/python3.12/site-packages/airflow/example_dags/example_latest_only_with_trigger.py
[2025-03-08T21:19:03.807+0600] {logging_mixin.py:190} INFO - [2025-03-08T21:19:03.806+0600] {dag.py:3239} INFO - Sync 1 DAGs
[2025-03-08T21:19:03.832+0600] {logging_mixin.py:190} INFO - [2025-03-08T21:19:03.832+0600] {dag.py:4180} INFO - Setting next_dagrun for latest_only_with_trigger to 2025-03-08 08:00:00+00:00, run_after=2025-03-08 12:00:00+00:00
[2025-03-08T21:19:03.855+0600] {processor.py:208} INFO - Processing /home/shamim/airflow_venv/lib/python3.12/site-packages/airflow/example_dags/example_latest_only_with_trigger.py took 0.092 seconds
[2025-03-08T21:20:23.749+0600] {processor.py:186} INFO - Started process (PID=30916) to work on /home/shamim/airflow_venv/lib/python3.12/site-packages/airflow/example_dags/example_latest_only_with_trigger.py
[2025-03-08T21:20:23.750+0600] {processor.py:914} INFO - Processing file /home/shamim/airflow_venv/lib/python3.12/site-packages/airflow/example_dags/example_latest_only_with_trigger.py for tasks to queue
[2025-03-08T21:20:23.752+0600] {logging_mixin.py:190} INFO - [2025-03-08T21:20:23.752+0600] {dagbag.py:588} INFO - Filling up the DagBag from /home/shamim/airflow_venv/lib/python3.12/site-packages/airflow/example_dags/example_latest_only_with_trigger.py
[2025-03-08T21:20:23.762+0600] {processor.py:925} INFO - DAG(s) 'latest_only_with_trigger' retrieved from /home/shamim/airflow_venv/lib/python3.12/site-packages/airflow/example_dags/example_latest_only_with_trigger.py
[2025-03-08T21:20:23.782+0600] {logging_mixin.py:190} INFO - [2025-03-08T21:20:23.782+0600] {dag.py:3239} INFO - Sync 1 DAGs
[2025-03-08T21:20:23.807+0600] {logging_mixin.py:190} INFO - [2025-03-08T21:20:23.807+0600] {dag.py:4180} INFO - Setting next_dagrun for latest_only_with_trigger to 2025-03-08 08:00:00+00:00, run_after=2025-03-08 12:00:00+00:00
[2025-03-08T21:20:23.833+0600] {processor.py:208} INFO - Processing /home/shamim/airflow_venv/lib/python3.12/site-packages/airflow/example_dags/example_latest_only_with_trigger.py took 0.091 seconds
[2025-03-08T21:21:43.489+0600] {processor.py:186} INFO - Started process (PID=31474) to work on /home/shamim/airflow_venv/lib/python3.12/site-packages/airflow/example_dags/example_latest_only_with_trigger.py
[2025-03-08T21:21:43.496+0600] {processor.py:914} INFO - Processing file /home/shamim/airflow_venv/lib/python3.12/site-packages/airflow/example_dags/example_latest_only_with_trigger.py for tasks to queue
[2025-03-08T21:21:43.499+0600] {logging_mixin.py:190} INFO - [2025-03-08T21:21:43.499+0600] {dagbag.py:588} INFO - Filling up the DagBag from /home/shamim/airflow_venv/lib/python3.12/site-packages/airflow/example_dags/example_latest_only_with_trigger.py
[2025-03-08T21:21:43.511+0600] {processor.py:925} INFO - DAG(s) 'latest_only_with_trigger' retrieved from /home/shamim/airflow_venv/lib/python3.12/site-packages/airflow/example_dags/example_latest_only_with_trigger.py
[2025-03-08T21:21:43.533+0600] {logging_mixin.py:190} INFO - [2025-03-08T21:21:43.532+0600] {dag.py:3239} INFO - Sync 1 DAGs
[2025-03-08T21:21:43.563+0600] {logging_mixin.py:190} INFO - [2025-03-08T21:21:43.563+0600] {dag.py:4180} INFO - Setting next_dagrun for latest_only_with_trigger to 2025-03-08 08:00:00+00:00, run_after=2025-03-08 12:00:00+00:00
[2025-03-08T21:21:43.591+0600] {processor.py:208} INFO - Processing /home/shamim/airflow_venv/lib/python3.12/site-packages/airflow/example_dags/example_latest_only_with_trigger.py took 0.113 seconds
[2025-03-08T21:23:16.815+0600] {processor.py:186} INFO - Started process (PID=31996) to work on /home/shamim/airflow_venv/lib/python3.12/site-packages/airflow/example_dags/example_latest_only_with_trigger.py
[2025-03-08T21:23:16.821+0600] {processor.py:914} INFO - Processing file /home/shamim/airflow_venv/lib/python3.12/site-packages/airflow/example_dags/example_latest_only_with_trigger.py for tasks to queue
[2025-03-08T21:23:16.824+0600] {logging_mixin.py:190} INFO - [2025-03-08T21:23:16.824+0600] {dagbag.py:588} INFO - Filling up the DagBag from /home/shamim/airflow_venv/lib/python3.12/site-packages/airflow/example_dags/example_latest_only_with_trigger.py
[2025-03-08T21:23:16.834+0600] {processor.py:925} INFO - DAG(s) 'latest_only_with_trigger' retrieved from /home/shamim/airflow_venv/lib/python3.12/site-packages/airflow/example_dags/example_latest_only_with_trigger.py
[2025-03-08T21:23:16.855+0600] {logging_mixin.py:190} INFO - [2025-03-08T21:23:16.855+0600] {dag.py:3239} INFO - Sync 1 DAGs
[2025-03-08T21:23:16.885+0600] {logging_mixin.py:190} INFO - [2025-03-08T21:23:16.885+0600] {dag.py:4180} INFO - Setting next_dagrun for latest_only_with_trigger to 2025-03-08 08:00:00+00:00, run_after=2025-03-08 12:00:00+00:00
[2025-03-08T21:23:16.924+0600] {processor.py:208} INFO - Processing /home/shamim/airflow_venv/lib/python3.12/site-packages/airflow/example_dags/example_latest_only_with_trigger.py took 0.117 seconds
[2025-03-08T21:24:53.219+0600] {processor.py:186} INFO - Started process (PID=32501) to work on /home/shamim/airflow_venv/lib/python3.12/site-packages/airflow/example_dags/example_latest_only_with_trigger.py
[2025-03-08T21:24:53.225+0600] {processor.py:914} INFO - Processing file /home/shamim/airflow_venv/lib/python3.12/site-packages/airflow/example_dags/example_latest_only_with_trigger.py for tasks to queue
[2025-03-08T21:24:53.227+0600] {logging_mixin.py:190} INFO - [2025-03-08T21:24:53.227+0600] {dagbag.py:588} INFO - Filling up the DagBag from /home/shamim/airflow_venv/lib/python3.12/site-packages/airflow/example_dags/example_latest_only_with_trigger.py
[2025-03-08T21:24:53.238+0600] {processor.py:925} INFO - DAG(s) 'latest_only_with_trigger' retrieved from /home/shamim/airflow_venv/lib/python3.12/site-packages/airflow/example_dags/example_latest_only_with_trigger.py
[2025-03-08T21:24:53.261+0600] {logging_mixin.py:190} INFO - [2025-03-08T21:24:53.261+0600] {dag.py:3239} INFO - Sync 1 DAGs
[2025-03-08T21:24:53.292+0600] {logging_mixin.py:190} INFO - [2025-03-08T21:24:53.291+0600] {dag.py:4180} INFO - Setting next_dagrun for latest_only_with_trigger to 2025-03-08 08:00:00+00:00, run_after=2025-03-08 12:00:00+00:00
[2025-03-08T21:24:53.330+0600] {processor.py:208} INFO - Processing /home/shamim/airflow_venv/lib/python3.12/site-packages/airflow/example_dags/example_latest_only_with_trigger.py took 0.120 seconds
[2025-03-08T21:26:26.636+0600] {processor.py:186} INFO - Started process (PID=33016) to work on /home/shamim/airflow_venv/lib/python3.12/site-packages/airflow/example_dags/example_latest_only_with_trigger.py
[2025-03-08T21:26:26.643+0600] {processor.py:914} INFO - Processing file /home/shamim/airflow_venv/lib/python3.12/site-packages/airflow/example_dags/example_latest_only_with_trigger.py for tasks to queue
[2025-03-08T21:26:26.645+0600] {logging_mixin.py:190} INFO - [2025-03-08T21:26:26.645+0600] {dagbag.py:588} INFO - Filling up the DagBag from /home/shamim/airflow_venv/lib/python3.12/site-packages/airflow/example_dags/example_latest_only_with_trigger.py
[2025-03-08T21:26:26.655+0600] {processor.py:925} INFO - DAG(s) 'latest_only_with_trigger' retrieved from /home/shamim/airflow_venv/lib/python3.12/site-packages/airflow/example_dags/example_latest_only_with_trigger.py
[2025-03-08T21:26:26.674+0600] {logging_mixin.py:190} INFO - [2025-03-08T21:26:26.674+0600] {dag.py:3239} INFO - Sync 1 DAGs
[2025-03-08T21:26:26.699+0600] {logging_mixin.py:190} INFO - [2025-03-08T21:26:26.699+0600] {dag.py:4180} INFO - Setting next_dagrun for latest_only_with_trigger to 2025-03-08 08:00:00+00:00, run_after=2025-03-08 12:00:00+00:00
[2025-03-08T21:26:26.735+0600] {processor.py:208} INFO - Processing /home/shamim/airflow_venv/lib/python3.12/site-packages/airflow/example_dags/example_latest_only_with_trigger.py took 0.106 seconds
[2025-03-08T21:27:56.703+0600] {processor.py:186} INFO - Started process (PID=33592) to work on /home/shamim/airflow_venv/lib/python3.12/site-packages/airflow/example_dags/example_latest_only_with_trigger.py
[2025-03-08T21:27:56.709+0600] {processor.py:914} INFO - Processing file /home/shamim/airflow_venv/lib/python3.12/site-packages/airflow/example_dags/example_latest_only_with_trigger.py for tasks to queue
[2025-03-08T21:27:56.712+0600] {logging_mixin.py:190} INFO - [2025-03-08T21:27:56.711+0600] {dagbag.py:588} INFO - Filling up the DagBag from /home/shamim/airflow_venv/lib/python3.12/site-packages/airflow/example_dags/example_latest_only_with_trigger.py
[2025-03-08T21:27:56.721+0600] {processor.py:925} INFO - DAG(s) 'latest_only_with_trigger' retrieved from /home/shamim/airflow_venv/lib/python3.12/site-packages/airflow/example_dags/example_latest_only_with_trigger.py
[2025-03-08T21:27:56.741+0600] {logging_mixin.py:190} INFO - [2025-03-08T21:27:56.741+0600] {dag.py:3239} INFO - Sync 1 DAGs
[2025-03-08T21:27:56.766+0600] {logging_mixin.py:190} INFO - [2025-03-08T21:27:56.766+0600] {dag.py:4180} INFO - Setting next_dagrun for latest_only_with_trigger to 2025-03-08 08:00:00+00:00, run_after=2025-03-08 12:00:00+00:00
[2025-03-08T21:27:56.803+0600] {processor.py:208} INFO - Processing /home/shamim/airflow_venv/lib/python3.12/site-packages/airflow/example_dags/example_latest_only_with_trigger.py took 0.107 seconds
[2025-03-08T21:29:30.917+0600] {processor.py:186} INFO - Started process (PID=34357) to work on /home/shamim/airflow_venv/lib/python3.12/site-packages/airflow/example_dags/example_latest_only_with_trigger.py
[2025-03-08T21:29:30.923+0600] {processor.py:914} INFO - Processing file /home/shamim/airflow_venv/lib/python3.12/site-packages/airflow/example_dags/example_latest_only_with_trigger.py for tasks to queue
[2025-03-08T21:29:30.927+0600] {logging_mixin.py:190} INFO - [2025-03-08T21:29:30.926+0600] {dagbag.py:588} INFO - Filling up the DagBag from /home/shamim/airflow_venv/lib/python3.12/site-packages/airflow/example_dags/example_latest_only_with_trigger.py
[2025-03-08T21:29:30.939+0600] {processor.py:925} INFO - DAG(s) 'latest_only_with_trigger' retrieved from /home/shamim/airflow_venv/lib/python3.12/site-packages/airflow/example_dags/example_latest_only_with_trigger.py
[2025-03-08T21:29:30.967+0600] {logging_mixin.py:190} INFO - [2025-03-08T21:29:30.967+0600] {dag.py:3239} INFO - Sync 1 DAGs
[2025-03-08T21:29:31.003+0600] {logging_mixin.py:190} INFO - [2025-03-08T21:29:31.002+0600] {dag.py:4180} INFO - Setting next_dagrun for latest_only_with_trigger to 2025-03-08 08:00:00+00:00, run_after=2025-03-08 12:00:00+00:00
[2025-03-08T21:29:31.054+0600] {processor.py:208} INFO - Processing /home/shamim/airflow_venv/lib/python3.12/site-packages/airflow/example_dags/example_latest_only_with_trigger.py took 0.153 seconds
[2025-03-08T21:31:09.219+0600] {processor.py:186} INFO - Started process (PID=34985) to work on /home/shamim/airflow_venv/lib/python3.12/site-packages/airflow/example_dags/example_latest_only_with_trigger.py
[2025-03-08T21:31:09.221+0600] {processor.py:914} INFO - Processing file /home/shamim/airflow_venv/lib/python3.12/site-packages/airflow/example_dags/example_latest_only_with_trigger.py for tasks to queue
[2025-03-08T21:31:09.226+0600] {logging_mixin.py:190} INFO - [2025-03-08T21:31:09.225+0600] {dagbag.py:588} INFO - Filling up the DagBag from /home/shamim/airflow_venv/lib/python3.12/site-packages/airflow/example_dags/example_latest_only_with_trigger.py
[2025-03-08T21:31:09.240+0600] {processor.py:925} INFO - DAG(s) 'latest_only_with_trigger' retrieved from /home/shamim/airflow_venv/lib/python3.12/site-packages/airflow/example_dags/example_latest_only_with_trigger.py
[2025-03-08T21:31:09.266+0600] {logging_mixin.py:190} INFO - [2025-03-08T21:31:09.266+0600] {dag.py:3239} INFO - Sync 1 DAGs
[2025-03-08T21:31:09.303+0600] {logging_mixin.py:190} INFO - [2025-03-08T21:31:09.303+0600] {dag.py:4180} INFO - Setting next_dagrun for latest_only_with_trigger to 2025-03-08 08:00:00+00:00, run_after=2025-03-08 12:00:00+00:00
[2025-03-08T21:31:09.353+0600] {processor.py:208} INFO - Processing /home/shamim/airflow_venv/lib/python3.12/site-packages/airflow/example_dags/example_latest_only_with_trigger.py took 0.145 seconds
[2025-03-08T21:32:46.669+0600] {processor.py:186} INFO - Started process (PID=35627) to work on /home/shamim/airflow_venv/lib/python3.12/site-packages/airflow/example_dags/example_latest_only_with_trigger.py
[2025-03-08T21:32:46.673+0600] {processor.py:914} INFO - Processing file /home/shamim/airflow_venv/lib/python3.12/site-packages/airflow/example_dags/example_latest_only_with_trigger.py for tasks to queue
[2025-03-08T21:32:46.678+0600] {logging_mixin.py:190} INFO - [2025-03-08T21:32:46.677+0600] {dagbag.py:588} INFO - Filling up the DagBag from /home/shamim/airflow_venv/lib/python3.12/site-packages/airflow/example_dags/example_latest_only_with_trigger.py
[2025-03-08T21:32:46.693+0600] {processor.py:925} INFO - DAG(s) 'latest_only_with_trigger' retrieved from /home/shamim/airflow_venv/lib/python3.12/site-packages/airflow/example_dags/example_latest_only_with_trigger.py
[2025-03-08T21:32:46.721+0600] {logging_mixin.py:190} INFO - [2025-03-08T21:32:46.720+0600] {dag.py:3239} INFO - Sync 1 DAGs
[2025-03-08T21:32:46.753+0600] {logging_mixin.py:190} INFO - [2025-03-08T21:32:46.753+0600] {dag.py:4180} INFO - Setting next_dagrun for latest_only_with_trigger to 2025-03-08 08:00:00+00:00, run_after=2025-03-08 12:00:00+00:00
[2025-03-08T21:32:46.784+0600] {processor.py:208} INFO - Processing /home/shamim/airflow_venv/lib/python3.12/site-packages/airflow/example_dags/example_latest_only_with_trigger.py took 0.142 seconds
[2025-03-08T21:34:12.728+0600] {processor.py:186} INFO - Started process (PID=36149) to work on /home/shamim/airflow_venv/lib/python3.12/site-packages/airflow/example_dags/example_latest_only_with_trigger.py
[2025-03-08T21:34:12.734+0600] {processor.py:914} INFO - Processing file /home/shamim/airflow_venv/lib/python3.12/site-packages/airflow/example_dags/example_latest_only_with_trigger.py for tasks to queue
[2025-03-08T21:34:12.737+0600] {logging_mixin.py:190} INFO - [2025-03-08T21:34:12.737+0600] {dagbag.py:588} INFO - Filling up the DagBag from /home/shamim/airflow_venv/lib/python3.12/site-packages/airflow/example_dags/example_latest_only_with_trigger.py
[2025-03-08T21:34:12.748+0600] {processor.py:925} INFO - DAG(s) 'latest_only_with_trigger' retrieved from /home/shamim/airflow_venv/lib/python3.12/site-packages/airflow/example_dags/example_latest_only_with_trigger.py
[2025-03-08T21:34:12.770+0600] {logging_mixin.py:190} INFO - [2025-03-08T21:34:12.770+0600] {dag.py:3239} INFO - Sync 1 DAGs
[2025-03-08T21:34:12.797+0600] {logging_mixin.py:190} INFO - [2025-03-08T21:34:12.797+0600] {dag.py:4180} INFO - Setting next_dagrun for latest_only_with_trigger to 2025-03-08 08:00:00+00:00, run_after=2025-03-08 12:00:00+00:00
[2025-03-08T21:34:12.823+0600] {processor.py:208} INFO - Processing /home/shamim/airflow_venv/lib/python3.12/site-packages/airflow/example_dags/example_latest_only_with_trigger.py took 0.105 seconds
[2025-03-08T21:35:45.957+0600] {processor.py:186} INFO - Started process (PID=36695) to work on /home/shamim/airflow_venv/lib/python3.12/site-packages/airflow/example_dags/example_latest_only_with_trigger.py
[2025-03-08T21:35:45.958+0600] {processor.py:914} INFO - Processing file /home/shamim/airflow_venv/lib/python3.12/site-packages/airflow/example_dags/example_latest_only_with_trigger.py for tasks to queue
[2025-03-08T21:35:45.961+0600] {logging_mixin.py:190} INFO - [2025-03-08T21:35:45.961+0600] {dagbag.py:588} INFO - Filling up the DagBag from /home/shamim/airflow_venv/lib/python3.12/site-packages/airflow/example_dags/example_latest_only_with_trigger.py
[2025-03-08T21:35:45.970+0600] {processor.py:925} INFO - DAG(s) 'latest_only_with_trigger' retrieved from /home/shamim/airflow_venv/lib/python3.12/site-packages/airflow/example_dags/example_latest_only_with_trigger.py
[2025-03-08T21:35:45.993+0600] {logging_mixin.py:190} INFO - [2025-03-08T21:35:45.993+0600] {dag.py:3239} INFO - Sync 1 DAGs
[2025-03-08T21:35:46.018+0600] {logging_mixin.py:190} INFO - [2025-03-08T21:35:46.018+0600] {dag.py:4180} INFO - Setting next_dagrun for latest_only_with_trigger to 2025-03-08 08:00:00+00:00, run_after=2025-03-08 12:00:00+00:00
[2025-03-08T21:35:46.057+0600] {processor.py:208} INFO - Processing /home/shamim/airflow_venv/lib/python3.12/site-packages/airflow/example_dags/example_latest_only_with_trigger.py took 0.109 seconds
[2025-03-08T21:37:19.599+0600] {processor.py:186} INFO - Started process (PID=37242) to work on /home/shamim/airflow_venv/lib/python3.12/site-packages/airflow/example_dags/example_latest_only_with_trigger.py
[2025-03-08T21:37:19.601+0600] {processor.py:914} INFO - Processing file /home/shamim/airflow_venv/lib/python3.12/site-packages/airflow/example_dags/example_latest_only_with_trigger.py for tasks to queue
[2025-03-08T21:37:19.604+0600] {logging_mixin.py:190} INFO - [2025-03-08T21:37:19.604+0600] {dagbag.py:588} INFO - Filling up the DagBag from /home/shamim/airflow_venv/lib/python3.12/site-packages/airflow/example_dags/example_latest_only_with_trigger.py
[2025-03-08T21:37:19.615+0600] {processor.py:925} INFO - DAG(s) 'latest_only_with_trigger' retrieved from /home/shamim/airflow_venv/lib/python3.12/site-packages/airflow/example_dags/example_latest_only_with_trigger.py
[2025-03-08T21:37:19.638+0600] {logging_mixin.py:190} INFO - [2025-03-08T21:37:19.638+0600] {dag.py:3239} INFO - Sync 1 DAGs
[2025-03-08T21:37:19.672+0600] {logging_mixin.py:190} INFO - [2025-03-08T21:37:19.672+0600] {dag.py:4180} INFO - Setting next_dagrun for latest_only_with_trigger to 2025-03-08 08:00:00+00:00, run_after=2025-03-08 12:00:00+00:00
[2025-03-08T21:37:19.701+0600] {processor.py:208} INFO - Processing /home/shamim/airflow_venv/lib/python3.12/site-packages/airflow/example_dags/example_latest_only_with_trigger.py took 0.112 seconds
[2025-03-08T21:38:53.274+0600] {processor.py:186} INFO - Started process (PID=37885) to work on /home/shamim/airflow_venv/lib/python3.12/site-packages/airflow/example_dags/example_latest_only_with_trigger.py
[2025-03-08T21:38:53.282+0600] {processor.py:914} INFO - Processing file /home/shamim/airflow_venv/lib/python3.12/site-packages/airflow/example_dags/example_latest_only_with_trigger.py for tasks to queue
[2025-03-08T21:38:53.285+0600] {logging_mixin.py:190} INFO - [2025-03-08T21:38:53.284+0600] {dagbag.py:588} INFO - Filling up the DagBag from /home/shamim/airflow_venv/lib/python3.12/site-packages/airflow/example_dags/example_latest_only_with_trigger.py
[2025-03-08T21:38:53.294+0600] {processor.py:925} INFO - DAG(s) 'latest_only_with_trigger' retrieved from /home/shamim/airflow_venv/lib/python3.12/site-packages/airflow/example_dags/example_latest_only_with_trigger.py
[2025-03-08T21:38:53.315+0600] {logging_mixin.py:190} INFO - [2025-03-08T21:38:53.315+0600] {dag.py:3239} INFO - Sync 1 DAGs
[2025-03-08T21:38:53.340+0600] {logging_mixin.py:190} INFO - [2025-03-08T21:38:53.340+0600] {dag.py:4180} INFO - Setting next_dagrun for latest_only_with_trigger to 2025-03-08 08:00:00+00:00, run_after=2025-03-08 12:00:00+00:00
[2025-03-08T21:38:53.363+0600] {processor.py:208} INFO - Processing /home/shamim/airflow_venv/lib/python3.12/site-packages/airflow/example_dags/example_latest_only_with_trigger.py took 0.097 seconds
[2025-03-08T21:40:20.476+0600] {processor.py:186} INFO - Started process (PID=38549) to work on /home/shamim/airflow_venv/lib/python3.12/site-packages/airflow/example_dags/example_latest_only_with_trigger.py
[2025-03-08T21:40:20.484+0600] {processor.py:914} INFO - Processing file /home/shamim/airflow_venv/lib/python3.12/site-packages/airflow/example_dags/example_latest_only_with_trigger.py for tasks to queue
[2025-03-08T21:40:20.487+0600] {logging_mixin.py:190} INFO - [2025-03-08T21:40:20.486+0600] {dagbag.py:588} INFO - Filling up the DagBag from /home/shamim/airflow_venv/lib/python3.12/site-packages/airflow/example_dags/example_latest_only_with_trigger.py
[2025-03-08T21:40:20.497+0600] {processor.py:925} INFO - DAG(s) 'latest_only_with_trigger' retrieved from /home/shamim/airflow_venv/lib/python3.12/site-packages/airflow/example_dags/example_latest_only_with_trigger.py
[2025-03-08T21:40:20.520+0600] {logging_mixin.py:190} INFO - [2025-03-08T21:40:20.519+0600] {dag.py:3239} INFO - Sync 1 DAGs
[2025-03-08T21:40:20.557+0600] {logging_mixin.py:190} INFO - [2025-03-08T21:40:20.557+0600] {dag.py:4180} INFO - Setting next_dagrun for latest_only_with_trigger to 2025-03-08 08:00:00+00:00, run_after=2025-03-08 12:00:00+00:00
[2025-03-08T21:40:20.592+0600] {processor.py:208} INFO - Processing /home/shamim/airflow_venv/lib/python3.12/site-packages/airflow/example_dags/example_latest_only_with_trigger.py took 0.124 seconds
[2025-03-08T21:41:49.495+0600] {processor.py:186} INFO - Started process (PID=39075) to work on /home/shamim/airflow_venv/lib/python3.12/site-packages/airflow/example_dags/example_latest_only_with_trigger.py
[2025-03-08T21:41:49.501+0600] {processor.py:914} INFO - Processing file /home/shamim/airflow_venv/lib/python3.12/site-packages/airflow/example_dags/example_latest_only_with_trigger.py for tasks to queue
[2025-03-08T21:41:49.504+0600] {logging_mixin.py:190} INFO - [2025-03-08T21:41:49.504+0600] {dagbag.py:588} INFO - Filling up the DagBag from /home/shamim/airflow_venv/lib/python3.12/site-packages/airflow/example_dags/example_latest_only_with_trigger.py
[2025-03-08T21:41:49.514+0600] {processor.py:925} INFO - DAG(s) 'latest_only_with_trigger' retrieved from /home/shamim/airflow_venv/lib/python3.12/site-packages/airflow/example_dags/example_latest_only_with_trigger.py
[2025-03-08T21:41:49.537+0600] {logging_mixin.py:190} INFO - [2025-03-08T21:41:49.537+0600] {dag.py:3239} INFO - Sync 1 DAGs
[2025-03-08T21:41:49.564+0600] {logging_mixin.py:190} INFO - [2025-03-08T21:41:49.564+0600] {dag.py:4180} INFO - Setting next_dagrun for latest_only_with_trigger to 2025-03-08 08:00:00+00:00, run_after=2025-03-08 12:00:00+00:00
[2025-03-08T21:41:49.602+0600] {processor.py:208} INFO - Processing /home/shamim/airflow_venv/lib/python3.12/site-packages/airflow/example_dags/example_latest_only_with_trigger.py took 0.122 seconds
[2025-03-08T21:43:26.843+0600] {processor.py:186} INFO - Started process (PID=39665) to work on /home/shamim/airflow_venv/lib/python3.12/site-packages/airflow/example_dags/example_latest_only_with_trigger.py
[2025-03-08T21:43:26.850+0600] {processor.py:914} INFO - Processing file /home/shamim/airflow_venv/lib/python3.12/site-packages/airflow/example_dags/example_latest_only_with_trigger.py for tasks to queue
[2025-03-08T21:43:26.853+0600] {logging_mixin.py:190} INFO - [2025-03-08T21:43:26.852+0600] {dagbag.py:588} INFO - Filling up the DagBag from /home/shamim/airflow_venv/lib/python3.12/site-packages/airflow/example_dags/example_latest_only_with_trigger.py
[2025-03-08T21:43:26.863+0600] {processor.py:925} INFO - DAG(s) 'latest_only_with_trigger' retrieved from /home/shamim/airflow_venv/lib/python3.12/site-packages/airflow/example_dags/example_latest_only_with_trigger.py
[2025-03-08T21:43:26.886+0600] {logging_mixin.py:190} INFO - [2025-03-08T21:43:26.885+0600] {dag.py:3239} INFO - Sync 1 DAGs
[2025-03-08T21:43:26.910+0600] {logging_mixin.py:190} INFO - [2025-03-08T21:43:26.910+0600] {dag.py:4180} INFO - Setting next_dagrun for latest_only_with_trigger to 2025-03-08 08:00:00+00:00, run_after=2025-03-08 12:00:00+00:00
[2025-03-08T21:43:26.939+0600] {processor.py:208} INFO - Processing /home/shamim/airflow_venv/lib/python3.12/site-packages/airflow/example_dags/example_latest_only_with_trigger.py took 0.107 seconds
[2025-03-08T21:45:09.450+0600] {processor.py:186} INFO - Started process (PID=40229) to work on /home/shamim/airflow_venv/lib/python3.12/site-packages/airflow/example_dags/example_latest_only_with_trigger.py
[2025-03-08T21:45:09.457+0600] {processor.py:914} INFO - Processing file /home/shamim/airflow_venv/lib/python3.12/site-packages/airflow/example_dags/example_latest_only_with_trigger.py for tasks to queue
[2025-03-08T21:45:09.459+0600] {logging_mixin.py:190} INFO - [2025-03-08T21:45:09.459+0600] {dagbag.py:588} INFO - Filling up the DagBag from /home/shamim/airflow_venv/lib/python3.12/site-packages/airflow/example_dags/example_latest_only_with_trigger.py
[2025-03-08T21:45:09.471+0600] {processor.py:925} INFO - DAG(s) 'latest_only_with_trigger' retrieved from /home/shamim/airflow_venv/lib/python3.12/site-packages/airflow/example_dags/example_latest_only_with_trigger.py
[2025-03-08T21:45:09.495+0600] {logging_mixin.py:190} INFO - [2025-03-08T21:45:09.494+0600] {dag.py:3239} INFO - Sync 1 DAGs
[2025-03-08T21:45:09.526+0600] {logging_mixin.py:190} INFO - [2025-03-08T21:45:09.525+0600] {dag.py:4180} INFO - Setting next_dagrun for latest_only_with_trigger to 2025-03-08 08:00:00+00:00, run_after=2025-03-08 12:00:00+00:00
[2025-03-08T21:45:09.559+0600] {processor.py:208} INFO - Processing /home/shamim/airflow_venv/lib/python3.12/site-packages/airflow/example_dags/example_latest_only_with_trigger.py took 0.119 seconds
[2025-03-08T21:46:38.104+0600] {processor.py:186} INFO - Started process (PID=40810) to work on /home/shamim/airflow_venv/lib/python3.12/site-packages/airflow/example_dags/example_latest_only_with_trigger.py
[2025-03-08T21:46:38.110+0600] {processor.py:914} INFO - Processing file /home/shamim/airflow_venv/lib/python3.12/site-packages/airflow/example_dags/example_latest_only_with_trigger.py for tasks to queue
[2025-03-08T21:46:38.114+0600] {logging_mixin.py:190} INFO - [2025-03-08T21:46:38.113+0600] {dagbag.py:588} INFO - Filling up the DagBag from /home/shamim/airflow_venv/lib/python3.12/site-packages/airflow/example_dags/example_latest_only_with_trigger.py
[2025-03-08T21:46:38.123+0600] {processor.py:925} INFO - DAG(s) 'latest_only_with_trigger' retrieved from /home/shamim/airflow_venv/lib/python3.12/site-packages/airflow/example_dags/example_latest_only_with_trigger.py
[2025-03-08T21:46:38.146+0600] {logging_mixin.py:190} INFO - [2025-03-08T21:46:38.146+0600] {dag.py:3239} INFO - Sync 1 DAGs
[2025-03-08T21:46:38.171+0600] {logging_mixin.py:190} INFO - [2025-03-08T21:46:38.171+0600] {dag.py:4180} INFO - Setting next_dagrun for latest_only_with_trigger to 2025-03-08 08:00:00+00:00, run_after=2025-03-08 12:00:00+00:00
[2025-03-08T21:46:38.202+0600] {processor.py:208} INFO - Processing /home/shamim/airflow_venv/lib/python3.12/site-packages/airflow/example_dags/example_latest_only_with_trigger.py took 0.107 seconds
[2025-03-08T21:48:13.107+0600] {processor.py:186} INFO - Started process (PID=41440) to work on /home/shamim/airflow_venv/lib/python3.12/site-packages/airflow/example_dags/example_latest_only_with_trigger.py
[2025-03-08T21:48:13.114+0600] {processor.py:914} INFO - Processing file /home/shamim/airflow_venv/lib/python3.12/site-packages/airflow/example_dags/example_latest_only_with_trigger.py for tasks to queue
[2025-03-08T21:48:13.117+0600] {logging_mixin.py:190} INFO - [2025-03-08T21:48:13.116+0600] {dagbag.py:588} INFO - Filling up the DagBag from /home/shamim/airflow_venv/lib/python3.12/site-packages/airflow/example_dags/example_latest_only_with_trigger.py
[2025-03-08T21:48:13.126+0600] {processor.py:925} INFO - DAG(s) 'latest_only_with_trigger' retrieved from /home/shamim/airflow_venv/lib/python3.12/site-packages/airflow/example_dags/example_latest_only_with_trigger.py
[2025-03-08T21:48:13.151+0600] {logging_mixin.py:190} INFO - [2025-03-08T21:48:13.151+0600] {dag.py:3239} INFO - Sync 1 DAGs
[2025-03-08T21:48:13.178+0600] {logging_mixin.py:190} INFO - [2025-03-08T21:48:13.178+0600] {dag.py:4180} INFO - Setting next_dagrun for latest_only_with_trigger to 2025-03-08 08:00:00+00:00, run_after=2025-03-08 12:00:00+00:00
[2025-03-08T21:48:13.207+0600] {processor.py:208} INFO - Processing /home/shamim/airflow_venv/lib/python3.12/site-packages/airflow/example_dags/example_latest_only_with_trigger.py took 0.110 seconds
[2025-03-08T21:49:47.769+0600] {processor.py:186} INFO - Started process (PID=41970) to work on /home/shamim/airflow_venv/lib/python3.12/site-packages/airflow/example_dags/example_latest_only_with_trigger.py
[2025-03-08T21:49:47.785+0600] {processor.py:914} INFO - Processing file /home/shamim/airflow_venv/lib/python3.12/site-packages/airflow/example_dags/example_latest_only_with_trigger.py for tasks to queue
[2025-03-08T21:49:47.788+0600] {logging_mixin.py:190} INFO - [2025-03-08T21:49:47.787+0600] {dagbag.py:588} INFO - Filling up the DagBag from /home/shamim/airflow_venv/lib/python3.12/site-packages/airflow/example_dags/example_latest_only_with_trigger.py
[2025-03-08T21:49:47.799+0600] {processor.py:925} INFO - DAG(s) 'latest_only_with_trigger' retrieved from /home/shamim/airflow_venv/lib/python3.12/site-packages/airflow/example_dags/example_latest_only_with_trigger.py
[2025-03-08T21:49:47.819+0600] {logging_mixin.py:190} INFO - [2025-03-08T21:49:47.819+0600] {dag.py:3239} INFO - Sync 1 DAGs
[2025-03-08T21:49:47.844+0600] {logging_mixin.py:190} INFO - [2025-03-08T21:49:47.844+0600] {dag.py:4180} INFO - Setting next_dagrun for latest_only_with_trigger to 2025-03-08 08:00:00+00:00, run_after=2025-03-08 12:00:00+00:00
[2025-03-08T21:49:47.867+0600] {processor.py:208} INFO - Processing /home/shamim/airflow_venv/lib/python3.12/site-packages/airflow/example_dags/example_latest_only_with_trigger.py took 0.108 seconds
[2025-03-08T21:51:22.603+0600] {processor.py:186} INFO - Started process (PID=42523) to work on /home/shamim/airflow_venv/lib/python3.12/site-packages/airflow/example_dags/example_latest_only_with_trigger.py
[2025-03-08T21:51:22.609+0600] {processor.py:914} INFO - Processing file /home/shamim/airflow_venv/lib/python3.12/site-packages/airflow/example_dags/example_latest_only_with_trigger.py for tasks to queue
[2025-03-08T21:51:22.612+0600] {logging_mixin.py:190} INFO - [2025-03-08T21:51:22.612+0600] {dagbag.py:588} INFO - Filling up the DagBag from /home/shamim/airflow_venv/lib/python3.12/site-packages/airflow/example_dags/example_latest_only_with_trigger.py
[2025-03-08T21:51:22.621+0600] {processor.py:925} INFO - DAG(s) 'latest_only_with_trigger' retrieved from /home/shamim/airflow_venv/lib/python3.12/site-packages/airflow/example_dags/example_latest_only_with_trigger.py
[2025-03-08T21:51:22.642+0600] {logging_mixin.py:190} INFO - [2025-03-08T21:51:22.642+0600] {dag.py:3239} INFO - Sync 1 DAGs
[2025-03-08T21:51:22.666+0600] {logging_mixin.py:190} INFO - [2025-03-08T21:51:22.666+0600] {dag.py:4180} INFO - Setting next_dagrun for latest_only_with_trigger to 2025-03-08 08:00:00+00:00, run_after=2025-03-08 12:00:00+00:00
[2025-03-08T21:51:22.691+0600] {processor.py:208} INFO - Processing /home/shamim/airflow_venv/lib/python3.12/site-packages/airflow/example_dags/example_latest_only_with_trigger.py took 0.096 seconds
[2025-03-08T21:52:43.366+0600] {processor.py:186} INFO - Started process (PID=43073) to work on /home/shamim/airflow_venv/lib/python3.12/site-packages/airflow/example_dags/example_latest_only_with_trigger.py
[2025-03-08T21:52:43.375+0600] {processor.py:914} INFO - Processing file /home/shamim/airflow_venv/lib/python3.12/site-packages/airflow/example_dags/example_latest_only_with_trigger.py for tasks to queue
[2025-03-08T21:52:43.382+0600] {logging_mixin.py:190} INFO - [2025-03-08T21:52:43.381+0600] {dagbag.py:588} INFO - Filling up the DagBag from /home/shamim/airflow_venv/lib/python3.12/site-packages/airflow/example_dags/example_latest_only_with_trigger.py
[2025-03-08T21:52:43.407+0600] {processor.py:925} INFO - DAG(s) 'latest_only_with_trigger' retrieved from /home/shamim/airflow_venv/lib/python3.12/site-packages/airflow/example_dags/example_latest_only_with_trigger.py
[2025-03-08T21:52:43.439+0600] {logging_mixin.py:190} INFO - [2025-03-08T21:52:43.438+0600] {dag.py:3239} INFO - Sync 1 DAGs
[2025-03-08T21:52:43.465+0600] {logging_mixin.py:190} INFO - [2025-03-08T21:52:43.465+0600] {dag.py:4180} INFO - Setting next_dagrun for latest_only_with_trigger to 2025-03-08 08:00:00+00:00, run_after=2025-03-08 12:00:00+00:00
[2025-03-08T21:52:43.493+0600] {processor.py:208} INFO - Processing /home/shamim/airflow_venv/lib/python3.12/site-packages/airflow/example_dags/example_latest_only_with_trigger.py took 0.150 seconds
[2025-03-08T21:54:01.968+0600] {processor.py:186} INFO - Started process (PID=43604) to work on /home/shamim/airflow_venv/lib/python3.12/site-packages/airflow/example_dags/example_latest_only_with_trigger.py
[2025-03-08T21:54:01.975+0600] {processor.py:914} INFO - Processing file /home/shamim/airflow_venv/lib/python3.12/site-packages/airflow/example_dags/example_latest_only_with_trigger.py for tasks to queue
[2025-03-08T21:54:01.977+0600] {logging_mixin.py:190} INFO - [2025-03-08T21:54:01.977+0600] {dagbag.py:588} INFO - Filling up the DagBag from /home/shamim/airflow_venv/lib/python3.12/site-packages/airflow/example_dags/example_latest_only_with_trigger.py
[2025-03-08T21:54:01.987+0600] {processor.py:925} INFO - DAG(s) 'latest_only_with_trigger' retrieved from /home/shamim/airflow_venv/lib/python3.12/site-packages/airflow/example_dags/example_latest_only_with_trigger.py
[2025-03-08T21:54:02.007+0600] {logging_mixin.py:190} INFO - [2025-03-08T21:54:02.007+0600] {dag.py:3239} INFO - Sync 1 DAGs
[2025-03-08T21:54:02.034+0600] {logging_mixin.py:190} INFO - [2025-03-08T21:54:02.033+0600] {dag.py:4180} INFO - Setting next_dagrun for latest_only_with_trigger to 2025-03-08 08:00:00+00:00, run_after=2025-03-08 12:00:00+00:00
[2025-03-08T21:54:02.059+0600] {processor.py:208} INFO - Processing /home/shamim/airflow_venv/lib/python3.12/site-packages/airflow/example_dags/example_latest_only_with_trigger.py took 0.099 seconds
[2025-03-08T21:55:27.675+0600] {processor.py:186} INFO - Started process (PID=44176) to work on /home/shamim/airflow_venv/lib/python3.12/site-packages/airflow/example_dags/example_latest_only_with_trigger.py
[2025-03-08T21:55:27.682+0600] {processor.py:914} INFO - Processing file /home/shamim/airflow_venv/lib/python3.12/site-packages/airflow/example_dags/example_latest_only_with_trigger.py for tasks to queue
[2025-03-08T21:55:27.689+0600] {logging_mixin.py:190} INFO - [2025-03-08T21:55:27.688+0600] {dagbag.py:588} INFO - Filling up the DagBag from /home/shamim/airflow_venv/lib/python3.12/site-packages/airflow/example_dags/example_latest_only_with_trigger.py
[2025-03-08T21:55:27.715+0600] {processor.py:925} INFO - DAG(s) 'latest_only_with_trigger' retrieved from /home/shamim/airflow_venv/lib/python3.12/site-packages/airflow/example_dags/example_latest_only_with_trigger.py
[2025-03-08T21:55:27.742+0600] {logging_mixin.py:190} INFO - [2025-03-08T21:55:27.742+0600] {dag.py:3239} INFO - Sync 1 DAGs
[2025-03-08T21:55:27.767+0600] {logging_mixin.py:190} INFO - [2025-03-08T21:55:27.767+0600] {dag.py:4180} INFO - Setting next_dagrun for latest_only_with_trigger to 2025-03-08 08:00:00+00:00, run_after=2025-03-08 12:00:00+00:00
[2025-03-08T21:55:27.795+0600] {processor.py:208} INFO - Processing /home/shamim/airflow_venv/lib/python3.12/site-packages/airflow/example_dags/example_latest_only_with_trigger.py took 0.145 seconds
[2025-03-08T21:56:58.619+0600] {processor.py:186} INFO - Started process (PID=44742) to work on /home/shamim/airflow_venv/lib/python3.12/site-packages/airflow/example_dags/example_latest_only_with_trigger.py
[2025-03-08T21:56:58.625+0600] {processor.py:914} INFO - Processing file /home/shamim/airflow_venv/lib/python3.12/site-packages/airflow/example_dags/example_latest_only_with_trigger.py for tasks to queue
[2025-03-08T21:56:58.628+0600] {logging_mixin.py:190} INFO - [2025-03-08T21:56:58.627+0600] {dagbag.py:588} INFO - Filling up the DagBag from /home/shamim/airflow_venv/lib/python3.12/site-packages/airflow/example_dags/example_latest_only_with_trigger.py
[2025-03-08T21:56:58.637+0600] {processor.py:925} INFO - DAG(s) 'latest_only_with_trigger' retrieved from /home/shamim/airflow_venv/lib/python3.12/site-packages/airflow/example_dags/example_latest_only_with_trigger.py
[2025-03-08T21:56:58.656+0600] {logging_mixin.py:190} INFO - [2025-03-08T21:56:58.656+0600] {dag.py:3239} INFO - Sync 1 DAGs
[2025-03-08T21:56:58.680+0600] {logging_mixin.py:190} INFO - [2025-03-08T21:56:58.680+0600] {dag.py:4180} INFO - Setting next_dagrun for latest_only_with_trigger to 2025-03-08 08:00:00+00:00, run_after=2025-03-08 12:00:00+00:00
[2025-03-08T21:56:58.706+0600] {processor.py:208} INFO - Processing /home/shamim/airflow_venv/lib/python3.12/site-packages/airflow/example_dags/example_latest_only_with_trigger.py took 0.096 seconds
[2025-03-08T21:58:22.460+0600] {processor.py:186} INFO - Started process (PID=45412) to work on /home/shamim/airflow_venv/lib/python3.12/site-packages/airflow/example_dags/example_latest_only_with_trigger.py
[2025-03-08T21:58:22.466+0600] {processor.py:914} INFO - Processing file /home/shamim/airflow_venv/lib/python3.12/site-packages/airflow/example_dags/example_latest_only_with_trigger.py for tasks to queue
[2025-03-08T21:58:22.471+0600] {logging_mixin.py:190} INFO - [2025-03-08T21:58:22.470+0600] {dagbag.py:588} INFO - Filling up the DagBag from /home/shamim/airflow_venv/lib/python3.12/site-packages/airflow/example_dags/example_latest_only_with_trigger.py
[2025-03-08T21:58:22.486+0600] {processor.py:925} INFO - DAG(s) 'latest_only_with_trigger' retrieved from /home/shamim/airflow_venv/lib/python3.12/site-packages/airflow/example_dags/example_latest_only_with_trigger.py
[2025-03-08T21:58:22.516+0600] {logging_mixin.py:190} INFO - [2025-03-08T21:58:22.516+0600] {dag.py:3239} INFO - Sync 1 DAGs
[2025-03-08T21:58:22.549+0600] {logging_mixin.py:190} INFO - [2025-03-08T21:58:22.549+0600] {dag.py:4180} INFO - Setting next_dagrun for latest_only_with_trigger to 2025-03-08 08:00:00+00:00, run_after=2025-03-08 12:00:00+00:00
[2025-03-08T21:58:22.590+0600] {processor.py:208} INFO - Processing /home/shamim/airflow_venv/lib/python3.12/site-packages/airflow/example_dags/example_latest_only_with_trigger.py took 0.144 seconds
[2025-03-08T21:59:57.210+0600] {processor.py:186} INFO - Started process (PID=46261) to work on /home/shamim/airflow_venv/lib/python3.12/site-packages/airflow/example_dags/example_latest_only_with_trigger.py
[2025-03-08T21:59:57.217+0600] {processor.py:914} INFO - Processing file /home/shamim/airflow_venv/lib/python3.12/site-packages/airflow/example_dags/example_latest_only_with_trigger.py for tasks to queue
[2025-03-08T21:59:57.219+0600] {logging_mixin.py:190} INFO - [2025-03-08T21:59:57.219+0600] {dagbag.py:588} INFO - Filling up the DagBag from /home/shamim/airflow_venv/lib/python3.12/site-packages/airflow/example_dags/example_latest_only_with_trigger.py
[2025-03-08T21:59:57.229+0600] {processor.py:925} INFO - DAG(s) 'latest_only_with_trigger' retrieved from /home/shamim/airflow_venv/lib/python3.12/site-packages/airflow/example_dags/example_latest_only_with_trigger.py
[2025-03-08T21:59:57.249+0600] {logging_mixin.py:190} INFO - [2025-03-08T21:59:57.249+0600] {dag.py:3239} INFO - Sync 1 DAGs
[2025-03-08T21:59:57.275+0600] {logging_mixin.py:190} INFO - [2025-03-08T21:59:57.274+0600] {dag.py:4180} INFO - Setting next_dagrun for latest_only_with_trigger to 2025-03-08 08:00:00+00:00, run_after=2025-03-08 12:00:00+00:00
[2025-03-08T21:59:57.311+0600] {processor.py:208} INFO - Processing /home/shamim/airflow_venv/lib/python3.12/site-packages/airflow/example_dags/example_latest_only_with_trigger.py took 0.111 seconds
[2025-03-08T22:01:26.084+0600] {processor.py:186} INFO - Started process (PID=47006) to work on /home/shamim/airflow_venv/lib/python3.12/site-packages/airflow/example_dags/example_latest_only_with_trigger.py
[2025-03-08T22:01:26.090+0600] {processor.py:914} INFO - Processing file /home/shamim/airflow_venv/lib/python3.12/site-packages/airflow/example_dags/example_latest_only_with_trigger.py for tasks to queue
[2025-03-08T22:01:26.093+0600] {logging_mixin.py:190} INFO - [2025-03-08T22:01:26.092+0600] {dagbag.py:588} INFO - Filling up the DagBag from /home/shamim/airflow_venv/lib/python3.12/site-packages/airflow/example_dags/example_latest_only_with_trigger.py
[2025-03-08T22:01:26.103+0600] {processor.py:925} INFO - DAG(s) 'latest_only_with_trigger' retrieved from /home/shamim/airflow_venv/lib/python3.12/site-packages/airflow/example_dags/example_latest_only_with_trigger.py
[2025-03-08T22:01:26.124+0600] {logging_mixin.py:190} INFO - [2025-03-08T22:01:26.123+0600] {dag.py:3239} INFO - Sync 1 DAGs
[2025-03-08T22:01:26.150+0600] {logging_mixin.py:190} INFO - [2025-03-08T22:01:26.149+0600] {dag.py:4180} INFO - Setting next_dagrun for latest_only_with_trigger to 2025-03-08 12:00:00+00:00, run_after=2025-03-08 16:00:00+00:00
[2025-03-08T22:01:26.180+0600] {processor.py:208} INFO - Processing /home/shamim/airflow_venv/lib/python3.12/site-packages/airflow/example_dags/example_latest_only_with_trigger.py took 0.104 seconds
[2025-03-08T22:02:58.520+0600] {processor.py:186} INFO - Started process (PID=47651) to work on /home/shamim/airflow_venv/lib/python3.12/site-packages/airflow/example_dags/example_latest_only_with_trigger.py
[2025-03-08T22:02:58.523+0600] {processor.py:914} INFO - Processing file /home/shamim/airflow_venv/lib/python3.12/site-packages/airflow/example_dags/example_latest_only_with_trigger.py for tasks to queue
[2025-03-08T22:02:58.530+0600] {logging_mixin.py:190} INFO - [2025-03-08T22:02:58.529+0600] {dagbag.py:588} INFO - Filling up the DagBag from /home/shamim/airflow_venv/lib/python3.12/site-packages/airflow/example_dags/example_latest_only_with_trigger.py
[2025-03-08T22:02:58.552+0600] {processor.py:925} INFO - DAG(s) 'latest_only_with_trigger' retrieved from /home/shamim/airflow_venv/lib/python3.12/site-packages/airflow/example_dags/example_latest_only_with_trigger.py
[2025-03-08T22:02:58.582+0600] {logging_mixin.py:190} INFO - [2025-03-08T22:02:58.582+0600] {dag.py:3239} INFO - Sync 1 DAGs
[2025-03-08T22:02:58.612+0600] {logging_mixin.py:190} INFO - [2025-03-08T22:02:58.612+0600] {dag.py:4180} INFO - Setting next_dagrun for latest_only_with_trigger to 2025-03-08 12:00:00+00:00, run_after=2025-03-08 16:00:00+00:00
[2025-03-08T22:02:58.639+0600] {processor.py:208} INFO - Processing /home/shamim/airflow_venv/lib/python3.12/site-packages/airflow/example_dags/example_latest_only_with_trigger.py took 0.138 seconds
[2025-03-08T22:04:32.777+0600] {processor.py:186} INFO - Started process (PID=48407) to work on /home/shamim/airflow_venv/lib/python3.12/site-packages/airflow/example_dags/example_latest_only_with_trigger.py
[2025-03-08T22:04:32.784+0600] {processor.py:914} INFO - Processing file /home/shamim/airflow_venv/lib/python3.12/site-packages/airflow/example_dags/example_latest_only_with_trigger.py for tasks to queue
[2025-03-08T22:04:32.790+0600] {logging_mixin.py:190} INFO - [2025-03-08T22:04:32.789+0600] {dagbag.py:588} INFO - Filling up the DagBag from /home/shamim/airflow_venv/lib/python3.12/site-packages/airflow/example_dags/example_latest_only_with_trigger.py
[2025-03-08T22:04:32.810+0600] {processor.py:925} INFO - DAG(s) 'latest_only_with_trigger' retrieved from /home/shamim/airflow_venv/lib/python3.12/site-packages/airflow/example_dags/example_latest_only_with_trigger.py
[2025-03-08T22:04:32.843+0600] {logging_mixin.py:190} INFO - [2025-03-08T22:04:32.842+0600] {dag.py:3239} INFO - Sync 1 DAGs
[2025-03-08T22:04:32.867+0600] {logging_mixin.py:190} INFO - [2025-03-08T22:04:32.867+0600] {dag.py:4180} INFO - Setting next_dagrun for latest_only_with_trigger to 2025-03-08 12:00:00+00:00, run_after=2025-03-08 16:00:00+00:00
[2025-03-08T22:04:32.893+0600] {processor.py:208} INFO - Processing /home/shamim/airflow_venv/lib/python3.12/site-packages/airflow/example_dags/example_latest_only_with_trigger.py took 0.144 seconds
[2025-03-08T22:05:57.518+0600] {processor.py:186} INFO - Started process (PID=48940) to work on /home/shamim/airflow_venv/lib/python3.12/site-packages/airflow/example_dags/example_latest_only_with_trigger.py
[2025-03-08T22:05:57.524+0600] {processor.py:914} INFO - Processing file /home/shamim/airflow_venv/lib/python3.12/site-packages/airflow/example_dags/example_latest_only_with_trigger.py for tasks to queue
[2025-03-08T22:05:57.528+0600] {logging_mixin.py:190} INFO - [2025-03-08T22:05:57.528+0600] {dagbag.py:588} INFO - Filling up the DagBag from /home/shamim/airflow_venv/lib/python3.12/site-packages/airflow/example_dags/example_latest_only_with_trigger.py
[2025-03-08T22:05:57.539+0600] {processor.py:925} INFO - DAG(s) 'latest_only_with_trigger' retrieved from /home/shamim/airflow_venv/lib/python3.12/site-packages/airflow/example_dags/example_latest_only_with_trigger.py
[2025-03-08T22:05:57.560+0600] {logging_mixin.py:190} INFO - [2025-03-08T22:05:57.560+0600] {dag.py:3239} INFO - Sync 1 DAGs
[2025-03-08T22:05:57.586+0600] {logging_mixin.py:190} INFO - [2025-03-08T22:05:57.585+0600] {dag.py:4180} INFO - Setting next_dagrun for latest_only_with_trigger to 2025-03-08 12:00:00+00:00, run_after=2025-03-08 16:00:00+00:00
[2025-03-08T22:05:57.625+0600] {processor.py:208} INFO - Processing /home/shamim/airflow_venv/lib/python3.12/site-packages/airflow/example_dags/example_latest_only_with_trigger.py took 0.117 seconds
[2025-03-08T22:07:37.635+0600] {processor.py:186} INFO - Started process (PID=49669) to work on /home/shamim/airflow_venv/lib/python3.12/site-packages/airflow/example_dags/example_latest_only_with_trigger.py
[2025-03-08T22:07:37.641+0600] {processor.py:914} INFO - Processing file /home/shamim/airflow_venv/lib/python3.12/site-packages/airflow/example_dags/example_latest_only_with_trigger.py for tasks to queue
[2025-03-08T22:07:37.644+0600] {logging_mixin.py:190} INFO - [2025-03-08T22:07:37.644+0600] {dagbag.py:588} INFO - Filling up the DagBag from /home/shamim/airflow_venv/lib/python3.12/site-packages/airflow/example_dags/example_latest_only_with_trigger.py
[2025-03-08T22:07:37.656+0600] {processor.py:925} INFO - DAG(s) 'latest_only_with_trigger' retrieved from /home/shamim/airflow_venv/lib/python3.12/site-packages/airflow/example_dags/example_latest_only_with_trigger.py
[2025-03-08T22:07:37.679+0600] {logging_mixin.py:190} INFO - [2025-03-08T22:07:37.679+0600] {dag.py:3239} INFO - Sync 1 DAGs
[2025-03-08T22:07:37.709+0600] {logging_mixin.py:190} INFO - [2025-03-08T22:07:37.709+0600] {dag.py:4180} INFO - Setting next_dagrun for latest_only_with_trigger to 2025-03-08 12:00:00+00:00, run_after=2025-03-08 16:00:00+00:00
[2025-03-08T22:07:37.754+0600] {processor.py:208} INFO - Processing /home/shamim/airflow_venv/lib/python3.12/site-packages/airflow/example_dags/example_latest_only_with_trigger.py took 0.130 seconds
[2025-03-08T22:09:12.523+0600] {processor.py:186} INFO - Started process (PID=50495) to work on /home/shamim/airflow_venv/lib/python3.12/site-packages/airflow/example_dags/example_latest_only_with_trigger.py
[2025-03-08T22:09:12.529+0600] {processor.py:914} INFO - Processing file /home/shamim/airflow_venv/lib/python3.12/site-packages/airflow/example_dags/example_latest_only_with_trigger.py for tasks to queue
[2025-03-08T22:09:12.533+0600] {logging_mixin.py:190} INFO - [2025-03-08T22:09:12.533+0600] {dagbag.py:588} INFO - Filling up the DagBag from /home/shamim/airflow_venv/lib/python3.12/site-packages/airflow/example_dags/example_latest_only_with_trigger.py
[2025-03-08T22:09:12.544+0600] {processor.py:925} INFO - DAG(s) 'latest_only_with_trigger' retrieved from /home/shamim/airflow_venv/lib/python3.12/site-packages/airflow/example_dags/example_latest_only_with_trigger.py
[2025-03-08T22:09:12.571+0600] {logging_mixin.py:190} INFO - [2025-03-08T22:09:12.571+0600] {dag.py:3239} INFO - Sync 1 DAGs
[2025-03-08T22:09:12.597+0600] {logging_mixin.py:190} INFO - [2025-03-08T22:09:12.596+0600] {dag.py:4180} INFO - Setting next_dagrun for latest_only_with_trigger to 2025-03-08 12:00:00+00:00, run_after=2025-03-08 16:00:00+00:00
[2025-03-08T22:09:12.635+0600] {processor.py:208} INFO - Processing /home/shamim/airflow_venv/lib/python3.12/site-packages/airflow/example_dags/example_latest_only_with_trigger.py took 0.123 seconds
[2025-03-08T22:10:48.388+0600] {processor.py:186} INFO - Started process (PID=51242) to work on /home/shamim/airflow_venv/lib/python3.12/site-packages/airflow/example_dags/example_latest_only_with_trigger.py
[2025-03-08T22:10:48.415+0600] {processor.py:914} INFO - Processing file /home/shamim/airflow_venv/lib/python3.12/site-packages/airflow/example_dags/example_latest_only_with_trigger.py for tasks to queue
[2025-03-08T22:10:48.424+0600] {logging_mixin.py:190} INFO - [2025-03-08T22:10:48.424+0600] {dagbag.py:588} INFO - Filling up the DagBag from /home/shamim/airflow_venv/lib/python3.12/site-packages/airflow/example_dags/example_latest_only_with_trigger.py
[2025-03-08T22:10:48.436+0600] {processor.py:925} INFO - DAG(s) 'latest_only_with_trigger' retrieved from /home/shamim/airflow_venv/lib/python3.12/site-packages/airflow/example_dags/example_latest_only_with_trigger.py
[2025-03-08T22:10:48.459+0600] {logging_mixin.py:190} INFO - [2025-03-08T22:10:48.459+0600] {dag.py:3239} INFO - Sync 1 DAGs
[2025-03-08T22:10:48.489+0600] {logging_mixin.py:190} INFO - [2025-03-08T22:10:48.489+0600] {dag.py:4180} INFO - Setting next_dagrun for latest_only_with_trigger to 2025-03-08 12:00:00+00:00, run_after=2025-03-08 16:00:00+00:00
[2025-03-08T22:10:48.515+0600] {processor.py:208} INFO - Processing /home/shamim/airflow_venv/lib/python3.12/site-packages/airflow/example_dags/example_latest_only_with_trigger.py took 0.143 seconds
[2025-03-08T22:12:20.776+0600] {processor.py:186} INFO - Started process (PID=51761) to work on /home/shamim/airflow_venv/lib/python3.12/site-packages/airflow/example_dags/example_latest_only_with_trigger.py
[2025-03-08T22:12:20.784+0600] {processor.py:914} INFO - Processing file /home/shamim/airflow_venv/lib/python3.12/site-packages/airflow/example_dags/example_latest_only_with_trigger.py for tasks to queue
[2025-03-08T22:12:20.792+0600] {logging_mixin.py:190} INFO - [2025-03-08T22:12:20.791+0600] {dagbag.py:588} INFO - Filling up the DagBag from /home/shamim/airflow_venv/lib/python3.12/site-packages/airflow/example_dags/example_latest_only_with_trigger.py
[2025-03-08T22:12:20.810+0600] {processor.py:925} INFO - DAG(s) 'latest_only_with_trigger' retrieved from /home/shamim/airflow_venv/lib/python3.12/site-packages/airflow/example_dags/example_latest_only_with_trigger.py
[2025-03-08T22:12:20.831+0600] {logging_mixin.py:190} INFO - [2025-03-08T22:12:20.831+0600] {dag.py:3239} INFO - Sync 1 DAGs
[2025-03-08T22:12:20.857+0600] {logging_mixin.py:190} INFO - [2025-03-08T22:12:20.857+0600] {dag.py:4180} INFO - Setting next_dagrun for latest_only_with_trigger to 2025-03-08 12:00:00+00:00, run_after=2025-03-08 16:00:00+00:00
[2025-03-08T22:12:20.895+0600] {processor.py:208} INFO - Processing /home/shamim/airflow_venv/lib/python3.12/site-packages/airflow/example_dags/example_latest_only_with_trigger.py took 0.145 seconds
[2025-03-08T22:13:52.562+0600] {processor.py:186} INFO - Started process (PID=52275) to work on /home/shamim/airflow_venv/lib/python3.12/site-packages/airflow/example_dags/example_latest_only_with_trigger.py
[2025-03-08T22:13:52.568+0600] {processor.py:914} INFO - Processing file /home/shamim/airflow_venv/lib/python3.12/site-packages/airflow/example_dags/example_latest_only_with_trigger.py for tasks to queue
[2025-03-08T22:13:52.571+0600] {logging_mixin.py:190} INFO - [2025-03-08T22:13:52.570+0600] {dagbag.py:588} INFO - Filling up the DagBag from /home/shamim/airflow_venv/lib/python3.12/site-packages/airflow/example_dags/example_latest_only_with_trigger.py
[2025-03-08T22:13:52.580+0600] {processor.py:925} INFO - DAG(s) 'latest_only_with_trigger' retrieved from /home/shamim/airflow_venv/lib/python3.12/site-packages/airflow/example_dags/example_latest_only_with_trigger.py
[2025-03-08T22:13:52.600+0600] {logging_mixin.py:190} INFO - [2025-03-08T22:13:52.600+0600] {dag.py:3239} INFO - Sync 1 DAGs
[2025-03-08T22:13:52.628+0600] {logging_mixin.py:190} INFO - [2025-03-08T22:13:52.627+0600] {dag.py:4180} INFO - Setting next_dagrun for latest_only_with_trigger to 2025-03-08 12:00:00+00:00, run_after=2025-03-08 16:00:00+00:00
[2025-03-08T22:13:52.663+0600] {processor.py:208} INFO - Processing /home/shamim/airflow_venv/lib/python3.12/site-packages/airflow/example_dags/example_latest_only_with_trigger.py took 0.111 seconds
[2025-03-08T22:15:18.866+0600] {processor.py:186} INFO - Started process (PID=52785) to work on /home/shamim/airflow_venv/lib/python3.12/site-packages/airflow/example_dags/example_latest_only_with_trigger.py
[2025-03-08T22:15:18.872+0600] {processor.py:914} INFO - Processing file /home/shamim/airflow_venv/lib/python3.12/site-packages/airflow/example_dags/example_latest_only_with_trigger.py for tasks to queue
[2025-03-08T22:15:18.875+0600] {logging_mixin.py:190} INFO - [2025-03-08T22:15:18.875+0600] {dagbag.py:588} INFO - Filling up the DagBag from /home/shamim/airflow_venv/lib/python3.12/site-packages/airflow/example_dags/example_latest_only_with_trigger.py
[2025-03-08T22:15:18.887+0600] {processor.py:925} INFO - DAG(s) 'latest_only_with_trigger' retrieved from /home/shamim/airflow_venv/lib/python3.12/site-packages/airflow/example_dags/example_latest_only_with_trigger.py
[2025-03-08T22:15:18.910+0600] {logging_mixin.py:190} INFO - [2025-03-08T22:15:18.909+0600] {dag.py:3239} INFO - Sync 1 DAGs
[2025-03-08T22:15:18.943+0600] {logging_mixin.py:190} INFO - [2025-03-08T22:15:18.943+0600] {dag.py:4180} INFO - Setting next_dagrun for latest_only_with_trigger to 2025-03-08 12:00:00+00:00, run_after=2025-03-08 16:00:00+00:00
[2025-03-08T22:15:18.983+0600] {processor.py:208} INFO - Processing /home/shamim/airflow_venv/lib/python3.12/site-packages/airflow/example_dags/example_latest_only_with_trigger.py took 0.127 seconds
[2025-03-08T22:17:02.897+0600] {processor.py:186} INFO - Started process (PID=53313) to work on /home/shamim/airflow_venv/lib/python3.12/site-packages/airflow/example_dags/example_latest_only_with_trigger.py
[2025-03-08T22:17:02.905+0600] {processor.py:914} INFO - Processing file /home/shamim/airflow_venv/lib/python3.12/site-packages/airflow/example_dags/example_latest_only_with_trigger.py for tasks to queue
[2025-03-08T22:17:02.914+0600] {logging_mixin.py:190} INFO - [2025-03-08T22:17:02.912+0600] {dagbag.py:588} INFO - Filling up the DagBag from /home/shamim/airflow_venv/lib/python3.12/site-packages/airflow/example_dags/example_latest_only_with_trigger.py
[2025-03-08T22:17:02.937+0600] {processor.py:925} INFO - DAG(s) 'latest_only_with_trigger' retrieved from /home/shamim/airflow_venv/lib/python3.12/site-packages/airflow/example_dags/example_latest_only_with_trigger.py
[2025-03-08T22:17:02.970+0600] {logging_mixin.py:190} INFO - [2025-03-08T22:17:02.970+0600] {dag.py:3239} INFO - Sync 1 DAGs
[2025-03-08T22:17:02.995+0600] {logging_mixin.py:190} INFO - [2025-03-08T22:17:02.995+0600] {dag.py:4180} INFO - Setting next_dagrun for latest_only_with_trigger to 2025-03-08 12:00:00+00:00, run_after=2025-03-08 16:00:00+00:00
[2025-03-08T22:17:03.170+0600] {processor.py:208} INFO - Processing /home/shamim/airflow_venv/lib/python3.12/site-packages/airflow/example_dags/example_latest_only_with_trigger.py took 0.299 seconds
[2025-03-08T22:18:42.150+0600] {processor.py:186} INFO - Started process (PID=53942) to work on /home/shamim/airflow_venv/lib/python3.12/site-packages/airflow/example_dags/example_latest_only_with_trigger.py
[2025-03-08T22:18:42.158+0600] {processor.py:914} INFO - Processing file /home/shamim/airflow_venv/lib/python3.12/site-packages/airflow/example_dags/example_latest_only_with_trigger.py for tasks to queue
[2025-03-08T22:18:42.167+0600] {logging_mixin.py:190} INFO - [2025-03-08T22:18:42.165+0600] {dagbag.py:588} INFO - Filling up the DagBag from /home/shamim/airflow_venv/lib/python3.12/site-packages/airflow/example_dags/example_latest_only_with_trigger.py
[2025-03-08T22:18:42.196+0600] {processor.py:925} INFO - DAG(s) 'latest_only_with_trigger' retrieved from /home/shamim/airflow_venv/lib/python3.12/site-packages/airflow/example_dags/example_latest_only_with_trigger.py
[2025-03-08T22:18:42.226+0600] {logging_mixin.py:190} INFO - [2025-03-08T22:18:42.226+0600] {dag.py:3239} INFO - Sync 1 DAGs
[2025-03-08T22:18:42.253+0600] {logging_mixin.py:190} INFO - [2025-03-08T22:18:42.253+0600] {dag.py:4180} INFO - Setting next_dagrun for latest_only_with_trigger to 2025-03-08 12:00:00+00:00, run_after=2025-03-08 16:00:00+00:00
[2025-03-08T22:18:42.286+0600] {processor.py:208} INFO - Processing /home/shamim/airflow_venv/lib/python3.12/site-packages/airflow/example_dags/example_latest_only_with_trigger.py took 0.169 seconds
[2025-03-08T22:20:18.247+0600] {processor.py:186} INFO - Started process (PID=54787) to work on /home/shamim/airflow_venv/lib/python3.12/site-packages/airflow/example_dags/example_latest_only_with_trigger.py
[2025-03-08T22:20:18.254+0600] {processor.py:914} INFO - Processing file /home/shamim/airflow_venv/lib/python3.12/site-packages/airflow/example_dags/example_latest_only_with_trigger.py for tasks to queue
[2025-03-08T22:20:18.262+0600] {logging_mixin.py:190} INFO - [2025-03-08T22:20:18.261+0600] {dagbag.py:588} INFO - Filling up the DagBag from /home/shamim/airflow_venv/lib/python3.12/site-packages/airflow/example_dags/example_latest_only_with_trigger.py
[2025-03-08T22:20:18.283+0600] {processor.py:925} INFO - DAG(s) 'latest_only_with_trigger' retrieved from /home/shamim/airflow_venv/lib/python3.12/site-packages/airflow/example_dags/example_latest_only_with_trigger.py
[2025-03-08T22:20:18.308+0600] {logging_mixin.py:190} INFO - [2025-03-08T22:20:18.307+0600] {dag.py:3239} INFO - Sync 1 DAGs
[2025-03-08T22:20:18.337+0600] {logging_mixin.py:190} INFO - [2025-03-08T22:20:18.336+0600] {dag.py:4180} INFO - Setting next_dagrun for latest_only_with_trigger to 2025-03-08 12:00:00+00:00, run_after=2025-03-08 16:00:00+00:00
[2025-03-08T22:20:18.367+0600] {processor.py:208} INFO - Processing /home/shamim/airflow_venv/lib/python3.12/site-packages/airflow/example_dags/example_latest_only_with_trigger.py took 0.148 seconds
[2025-03-08T22:21:52.968+0600] {processor.py:186} INFO - Started process (PID=55431) to work on /home/shamim/airflow_venv/lib/python3.12/site-packages/airflow/example_dags/example_latest_only_with_trigger.py
[2025-03-08T22:21:52.974+0600] {processor.py:914} INFO - Processing file /home/shamim/airflow_venv/lib/python3.12/site-packages/airflow/example_dags/example_latest_only_with_trigger.py for tasks to queue
[2025-03-08T22:21:52.977+0600] {logging_mixin.py:190} INFO - [2025-03-08T22:21:52.976+0600] {dagbag.py:588} INFO - Filling up the DagBag from /home/shamim/airflow_venv/lib/python3.12/site-packages/airflow/example_dags/example_latest_only_with_trigger.py
[2025-03-08T22:21:52.986+0600] {processor.py:925} INFO - DAG(s) 'latest_only_with_trigger' retrieved from /home/shamim/airflow_venv/lib/python3.12/site-packages/airflow/example_dags/example_latest_only_with_trigger.py
[2025-03-08T22:21:53.006+0600] {logging_mixin.py:190} INFO - [2025-03-08T22:21:53.005+0600] {dag.py:3239} INFO - Sync 1 DAGs
[2025-03-08T22:21:53.030+0600] {logging_mixin.py:190} INFO - [2025-03-08T22:21:53.030+0600] {dag.py:4180} INFO - Setting next_dagrun for latest_only_with_trigger to 2025-03-08 12:00:00+00:00, run_after=2025-03-08 16:00:00+00:00
[2025-03-08T22:21:53.065+0600] {processor.py:208} INFO - Processing /home/shamim/airflow_venv/lib/python3.12/site-packages/airflow/example_dags/example_latest_only_with_trigger.py took 0.106 seconds
[2025-03-08T22:23:39.411+0600] {processor.py:186} INFO - Started process (PID=56218) to work on /home/shamim/airflow_venv/lib/python3.12/site-packages/airflow/example_dags/example_latest_only_with_trigger.py
[2025-03-08T22:23:39.418+0600] {processor.py:914} INFO - Processing file /home/shamim/airflow_venv/lib/python3.12/site-packages/airflow/example_dags/example_latest_only_with_trigger.py for tasks to queue
[2025-03-08T22:23:39.422+0600] {logging_mixin.py:190} INFO - [2025-03-08T22:23:39.421+0600] {dagbag.py:588} INFO - Filling up the DagBag from /home/shamim/airflow_venv/lib/python3.12/site-packages/airflow/example_dags/example_latest_only_with_trigger.py
[2025-03-08T22:23:39.432+0600] {processor.py:925} INFO - DAG(s) 'latest_only_with_trigger' retrieved from /home/shamim/airflow_venv/lib/python3.12/site-packages/airflow/example_dags/example_latest_only_with_trigger.py
[2025-03-08T22:23:39.454+0600] {logging_mixin.py:190} INFO - [2025-03-08T22:23:39.454+0600] {dag.py:3239} INFO - Sync 1 DAGs
[2025-03-08T22:23:39.481+0600] {logging_mixin.py:190} INFO - [2025-03-08T22:23:39.481+0600] {dag.py:4180} INFO - Setting next_dagrun for latest_only_with_trigger to 2025-03-08 12:00:00+00:00, run_after=2025-03-08 16:00:00+00:00
[2025-03-08T22:23:39.530+0600] {processor.py:208} INFO - Processing /home/shamim/airflow_venv/lib/python3.12/site-packages/airflow/example_dags/example_latest_only_with_trigger.py took 0.144 seconds
[2025-03-08T22:25:17.428+0600] {processor.py:186} INFO - Started process (PID=56955) to work on /home/shamim/airflow_venv/lib/python3.12/site-packages/airflow/example_dags/example_latest_only_with_trigger.py
[2025-03-08T22:25:17.435+0600] {processor.py:914} INFO - Processing file /home/shamim/airflow_venv/lib/python3.12/site-packages/airflow/example_dags/example_latest_only_with_trigger.py for tasks to queue
[2025-03-08T22:25:17.439+0600] {logging_mixin.py:190} INFO - [2025-03-08T22:25:17.439+0600] {dagbag.py:588} INFO - Filling up the DagBag from /home/shamim/airflow_venv/lib/python3.12/site-packages/airflow/example_dags/example_latest_only_with_trigger.py
[2025-03-08T22:25:17.454+0600] {processor.py:925} INFO - DAG(s) 'latest_only_with_trigger' retrieved from /home/shamim/airflow_venv/lib/python3.12/site-packages/airflow/example_dags/example_latest_only_with_trigger.py
[2025-03-08T22:25:17.483+0600] {logging_mixin.py:190} INFO - [2025-03-08T22:25:17.483+0600] {dag.py:3239} INFO - Sync 1 DAGs
[2025-03-08T22:25:17.512+0600] {logging_mixin.py:190} INFO - [2025-03-08T22:25:17.511+0600] {dag.py:4180} INFO - Setting next_dagrun for latest_only_with_trigger to 2025-03-08 12:00:00+00:00, run_after=2025-03-08 16:00:00+00:00
[2025-03-08T22:25:17.555+0600] {processor.py:208} INFO - Processing /home/shamim/airflow_venv/lib/python3.12/site-packages/airflow/example_dags/example_latest_only_with_trigger.py took 0.140 seconds
[2025-03-08T22:26:53.505+0600] {processor.py:186} INFO - Started process (PID=57574) to work on /home/shamim/airflow_venv/lib/python3.12/site-packages/airflow/example_dags/example_latest_only_with_trigger.py
[2025-03-08T22:26:53.507+0600] {processor.py:914} INFO - Processing file /home/shamim/airflow_venv/lib/python3.12/site-packages/airflow/example_dags/example_latest_only_with_trigger.py for tasks to queue
[2025-03-08T22:26:53.512+0600] {logging_mixin.py:190} INFO - [2025-03-08T22:26:53.511+0600] {dagbag.py:588} INFO - Filling up the DagBag from /home/shamim/airflow_venv/lib/python3.12/site-packages/airflow/example_dags/example_latest_only_with_trigger.py
[2025-03-08T22:26:53.527+0600] {processor.py:925} INFO - DAG(s) 'latest_only_with_trigger' retrieved from /home/shamim/airflow_venv/lib/python3.12/site-packages/airflow/example_dags/example_latest_only_with_trigger.py
[2025-03-08T22:26:53.548+0600] {logging_mixin.py:190} INFO - [2025-03-08T22:26:53.548+0600] {dag.py:3239} INFO - Sync 1 DAGs
[2025-03-08T22:26:53.574+0600] {logging_mixin.py:190} INFO - [2025-03-08T22:26:53.574+0600] {dag.py:4180} INFO - Setting next_dagrun for latest_only_with_trigger to 2025-03-08 12:00:00+00:00, run_after=2025-03-08 16:00:00+00:00
[2025-03-08T22:26:53.599+0600] {processor.py:208} INFO - Processing /home/shamim/airflow_venv/lib/python3.12/site-packages/airflow/example_dags/example_latest_only_with_trigger.py took 0.108 seconds
[2025-03-08T22:28:39.120+0600] {processor.py:186} INFO - Started process (PID=58114) to work on /home/shamim/airflow_venv/lib/python3.12/site-packages/airflow/example_dags/example_latest_only_with_trigger.py
[2025-03-08T22:28:39.129+0600] {processor.py:914} INFO - Processing file /home/shamim/airflow_venv/lib/python3.12/site-packages/airflow/example_dags/example_latest_only_with_trigger.py for tasks to queue
[2025-03-08T22:28:39.138+0600] {logging_mixin.py:190} INFO - [2025-03-08T22:28:39.135+0600] {dagbag.py:588} INFO - Filling up the DagBag from /home/shamim/airflow_venv/lib/python3.12/site-packages/airflow/example_dags/example_latest_only_with_trigger.py
[2025-03-08T22:28:39.170+0600] {processor.py:925} INFO - DAG(s) 'latest_only_with_trigger' retrieved from /home/shamim/airflow_venv/lib/python3.12/site-packages/airflow/example_dags/example_latest_only_with_trigger.py
[2025-03-08T22:28:39.398+0600] {logging_mixin.py:190} INFO - [2025-03-08T22:28:39.397+0600] {dag.py:3239} INFO - Sync 1 DAGs
[2025-03-08T22:28:39.430+0600] {logging_mixin.py:190} INFO - [2025-03-08T22:28:39.429+0600] {dag.py:4180} INFO - Setting next_dagrun for latest_only_with_trigger to 2025-03-08 12:00:00+00:00, run_after=2025-03-08 16:00:00+00:00
[2025-03-08T22:28:39.468+0600] {processor.py:208} INFO - Processing /home/shamim/airflow_venv/lib/python3.12/site-packages/airflow/example_dags/example_latest_only_with_trigger.py took 0.387 seconds
[2025-03-08T22:30:17.523+0600] {processor.py:186} INFO - Started process (PID=58629) to work on /home/shamim/airflow_venv/lib/python3.12/site-packages/airflow/example_dags/example_latest_only_with_trigger.py
[2025-03-08T22:30:17.529+0600] {processor.py:914} INFO - Processing file /home/shamim/airflow_venv/lib/python3.12/site-packages/airflow/example_dags/example_latest_only_with_trigger.py for tasks to queue
[2025-03-08T22:30:17.532+0600] {logging_mixin.py:190} INFO - [2025-03-08T22:30:17.531+0600] {dagbag.py:588} INFO - Filling up the DagBag from /home/shamim/airflow_venv/lib/python3.12/site-packages/airflow/example_dags/example_latest_only_with_trigger.py
[2025-03-08T22:30:17.541+0600] {processor.py:925} INFO - DAG(s) 'latest_only_with_trigger' retrieved from /home/shamim/airflow_venv/lib/python3.12/site-packages/airflow/example_dags/example_latest_only_with_trigger.py
[2025-03-08T22:30:17.564+0600] {logging_mixin.py:190} INFO - [2025-03-08T22:30:17.564+0600] {dag.py:3239} INFO - Sync 1 DAGs
[2025-03-08T22:30:17.589+0600] {logging_mixin.py:190} INFO - [2025-03-08T22:30:17.589+0600] {dag.py:4180} INFO - Setting next_dagrun for latest_only_with_trigger to 2025-03-08 12:00:00+00:00, run_after=2025-03-08 16:00:00+00:00
[2025-03-08T22:30:17.614+0600] {processor.py:208} INFO - Processing /home/shamim/airflow_venv/lib/python3.12/site-packages/airflow/example_dags/example_latest_only_with_trigger.py took 0.100 seconds
[2025-03-08T22:31:51.999+0600] {processor.py:186} INFO - Started process (PID=59126) to work on /home/shamim/airflow_venv/lib/python3.12/site-packages/airflow/example_dags/example_latest_only_with_trigger.py
[2025-03-08T22:31:52.004+0600] {processor.py:914} INFO - Processing file /home/shamim/airflow_venv/lib/python3.12/site-packages/airflow/example_dags/example_latest_only_with_trigger.py for tasks to queue
[2025-03-08T22:31:52.007+0600] {logging_mixin.py:190} INFO - [2025-03-08T22:31:52.006+0600] {dagbag.py:588} INFO - Filling up the DagBag from /home/shamim/airflow_venv/lib/python3.12/site-packages/airflow/example_dags/example_latest_only_with_trigger.py
[2025-03-08T22:31:52.016+0600] {processor.py:925} INFO - DAG(s) 'latest_only_with_trigger' retrieved from /home/shamim/airflow_venv/lib/python3.12/site-packages/airflow/example_dags/example_latest_only_with_trigger.py
[2025-03-08T22:31:52.037+0600] {logging_mixin.py:190} INFO - [2025-03-08T22:31:52.037+0600] {dag.py:3239} INFO - Sync 1 DAGs
[2025-03-08T22:31:52.065+0600] {logging_mixin.py:190} INFO - [2025-03-08T22:31:52.065+0600] {dag.py:4180} INFO - Setting next_dagrun for latest_only_with_trigger to 2025-03-08 12:00:00+00:00, run_after=2025-03-08 16:00:00+00:00
[2025-03-08T22:31:52.093+0600] {processor.py:208} INFO - Processing /home/shamim/airflow_venv/lib/python3.12/site-packages/airflow/example_dags/example_latest_only_with_trigger.py took 0.104 seconds
[2025-03-08T22:33:22.504+0600] {processor.py:186} INFO - Started process (PID=59651) to work on /home/shamim/airflow_venv/lib/python3.12/site-packages/airflow/example_dags/example_latest_only_with_trigger.py
[2025-03-08T22:33:22.507+0600] {processor.py:914} INFO - Processing file /home/shamim/airflow_venv/lib/python3.12/site-packages/airflow/example_dags/example_latest_only_with_trigger.py for tasks to queue
[2025-03-08T22:33:22.510+0600] {logging_mixin.py:190} INFO - [2025-03-08T22:33:22.510+0600] {dagbag.py:588} INFO - Filling up the DagBag from /home/shamim/airflow_venv/lib/python3.12/site-packages/airflow/example_dags/example_latest_only_with_trigger.py
[2025-03-08T22:33:22.522+0600] {processor.py:925} INFO - DAG(s) 'latest_only_with_trigger' retrieved from /home/shamim/airflow_venv/lib/python3.12/site-packages/airflow/example_dags/example_latest_only_with_trigger.py
[2025-03-08T22:33:22.546+0600] {logging_mixin.py:190} INFO - [2025-03-08T22:33:22.545+0600] {dag.py:3239} INFO - Sync 1 DAGs
[2025-03-08T22:33:22.572+0600] {logging_mixin.py:190} INFO - [2025-03-08T22:33:22.572+0600] {dag.py:4180} INFO - Setting next_dagrun for latest_only_with_trigger to 2025-03-08 12:00:00+00:00, run_after=2025-03-08 16:00:00+00:00
[2025-03-08T22:33:22.597+0600] {processor.py:208} INFO - Processing /home/shamim/airflow_venv/lib/python3.12/site-packages/airflow/example_dags/example_latest_only_with_trigger.py took 0.102 seconds
