[2025-03-08T21:09:43.454+0600] {processor.py:186} INFO - Started process (PID=26826) to work on /home/shamim/airflow_venv/lib/python3.12/site-packages/airflow/example_dags/example_inlet_event_extra.py
[2025-03-08T21:09:43.456+0600] {processor.py:914} INFO - Processing file /home/shamim/airflow_venv/lib/python3.12/site-packages/airflow/example_dags/example_inlet_event_extra.py for tasks to queue
[2025-03-08T21:09:43.458+0600] {logging_mixin.py:190} INFO - [2025-03-08T21:09:43.458+0600] {dagbag.py:588} INFO - Filling up the DagBag from /home/shamim/airflow_venv/lib/python3.12/site-packages/airflow/example_dags/example_inlet_event_extra.py
[2025-03-08T21:09:43.476+0600] {processor.py:925} INFO - DAG(s) 'read_dataset_event', 'read_dataset_event_from_classic' retrieved from /home/shamim/airflow_venv/lib/python3.12/site-packages/airflow/example_dags/example_inlet_event_extra.py
[2025-03-08T21:09:43.504+0600] {logging_mixin.py:190} INFO - [2025-03-08T21:09:43.504+0600] {dag.py:3239} INFO - Sync 2 DAGs
[2025-03-08T21:09:43.539+0600] {logging_mixin.py:190} INFO - [2025-03-08T21:09:43.539+0600] {dag.py:4180} INFO - Setting next_dagrun for read_dataset_event to 2025-03-07 00:00:00+00:00, run_after=2025-03-08 00:00:00+00:00
[2025-03-08T21:09:43.550+0600] {logging_mixin.py:190} INFO - [2025-03-08T21:09:43.549+0600] {dag.py:4180} INFO - Setting next_dagrun for read_dataset_event_from_classic to 2025-03-07 00:00:00+00:00, run_after=2025-03-08 00:00:00+00:00
[2025-03-08T21:09:43.582+0600] {processor.py:208} INFO - Processing /home/shamim/airflow_venv/lib/python3.12/site-packages/airflow/example_dags/example_inlet_event_extra.py took 0.138 seconds
[2025-03-08T21:12:06.009+0600] {processor.py:186} INFO - Started process (PID=27524) to work on /home/shamim/airflow_venv/lib/python3.12/site-packages/airflow/example_dags/example_inlet_event_extra.py
[2025-03-08T21:12:06.010+0600] {processor.py:914} INFO - Processing file /home/shamim/airflow_venv/lib/python3.12/site-packages/airflow/example_dags/example_inlet_event_extra.py for tasks to queue
[2025-03-08T21:12:06.017+0600] {logging_mixin.py:190} INFO - [2025-03-08T21:12:06.016+0600] {dagbag.py:588} INFO - Filling up the DagBag from /home/shamim/airflow_venv/lib/python3.12/site-packages/airflow/example_dags/example_inlet_event_extra.py
[2025-03-08T21:12:06.054+0600] {processor.py:925} INFO - DAG(s) 'read_dataset_event', 'read_dataset_event_from_classic' retrieved from /home/shamim/airflow_venv/lib/python3.12/site-packages/airflow/example_dags/example_inlet_event_extra.py
[2025-03-08T21:12:06.104+0600] {logging_mixin.py:190} INFO - [2025-03-08T21:12:06.103+0600] {dag.py:3239} INFO - Sync 2 DAGs
[2025-03-08T21:12:06.159+0600] {logging_mixin.py:190} INFO - [2025-03-08T21:12:06.159+0600] {dag.py:4180} INFO - Setting next_dagrun for read_dataset_event to 2025-03-07 00:00:00+00:00, run_after=2025-03-08 00:00:00+00:00
[2025-03-08T21:12:06.167+0600] {logging_mixin.py:190} INFO - [2025-03-08T21:12:06.167+0600] {dag.py:4180} INFO - Setting next_dagrun for read_dataset_event_from_classic to 2025-03-07 00:00:00+00:00, run_after=2025-03-08 00:00:00+00:00
[2025-03-08T21:12:06.189+0600] {processor.py:208} INFO - Processing /home/shamim/airflow_venv/lib/python3.12/site-packages/airflow/example_dags/example_inlet_event_extra.py took 0.192 seconds
[2025-03-08T21:13:39.920+0600] {processor.py:186} INFO - Started process (PID=28076) to work on /home/shamim/airflow_venv/lib/python3.12/site-packages/airflow/example_dags/example_inlet_event_extra.py
[2025-03-08T21:13:39.921+0600] {processor.py:914} INFO - Processing file /home/shamim/airflow_venv/lib/python3.12/site-packages/airflow/example_dags/example_inlet_event_extra.py for tasks to queue
[2025-03-08T21:13:39.924+0600] {logging_mixin.py:190} INFO - [2025-03-08T21:13:39.923+0600] {dagbag.py:588} INFO - Filling up the DagBag from /home/shamim/airflow_venv/lib/python3.12/site-packages/airflow/example_dags/example_inlet_event_extra.py
[2025-03-08T21:13:39.942+0600] {processor.py:925} INFO - DAG(s) 'read_dataset_event', 'read_dataset_event_from_classic' retrieved from /home/shamim/airflow_venv/lib/python3.12/site-packages/airflow/example_dags/example_inlet_event_extra.py
[2025-03-08T21:13:39.966+0600] {logging_mixin.py:190} INFO - [2025-03-08T21:13:39.965+0600] {dag.py:3239} INFO - Sync 2 DAGs
[2025-03-08T21:13:39.996+0600] {logging_mixin.py:190} INFO - [2025-03-08T21:13:39.996+0600] {dag.py:4180} INFO - Setting next_dagrun for read_dataset_event to 2025-03-07 00:00:00+00:00, run_after=2025-03-08 00:00:00+00:00
[2025-03-08T21:13:40.002+0600] {logging_mixin.py:190} INFO - [2025-03-08T21:13:40.001+0600] {dag.py:4180} INFO - Setting next_dagrun for read_dataset_event_from_classic to 2025-03-07 00:00:00+00:00, run_after=2025-03-08 00:00:00+00:00
[2025-03-08T21:13:40.029+0600] {processor.py:208} INFO - Processing /home/shamim/airflow_venv/lib/python3.12/site-packages/airflow/example_dags/example_inlet_event_extra.py took 0.116 seconds
[2025-03-08T21:15:14.240+0600] {processor.py:186} INFO - Started process (PID=28687) to work on /home/shamim/airflow_venv/lib/python3.12/site-packages/airflow/example_dags/example_inlet_event_extra.py
[2025-03-08T21:15:14.255+0600] {processor.py:914} INFO - Processing file /home/shamim/airflow_venv/lib/python3.12/site-packages/airflow/example_dags/example_inlet_event_extra.py for tasks to queue
[2025-03-08T21:15:14.263+0600] {logging_mixin.py:190} INFO - [2025-03-08T21:15:14.261+0600] {dagbag.py:588} INFO - Filling up the DagBag from /home/shamim/airflow_venv/lib/python3.12/site-packages/airflow/example_dags/example_inlet_event_extra.py
[2025-03-08T21:15:14.322+0600] {processor.py:925} INFO - DAG(s) 'read_dataset_event', 'read_dataset_event_from_classic' retrieved from /home/shamim/airflow_venv/lib/python3.12/site-packages/airflow/example_dags/example_inlet_event_extra.py
[2025-03-08T21:15:14.351+0600] {logging_mixin.py:190} INFO - [2025-03-08T21:15:14.350+0600] {dag.py:3239} INFO - Sync 2 DAGs
[2025-03-08T21:15:14.383+0600] {logging_mixin.py:190} INFO - [2025-03-08T21:15:14.383+0600] {dag.py:4180} INFO - Setting next_dagrun for read_dataset_event to 2025-03-07 00:00:00+00:00, run_after=2025-03-08 00:00:00+00:00
[2025-03-08T21:15:14.390+0600] {logging_mixin.py:190} INFO - [2025-03-08T21:15:14.389+0600] {dag.py:4180} INFO - Setting next_dagrun for read_dataset_event_from_classic to 2025-03-07 00:00:00+00:00, run_after=2025-03-08 00:00:00+00:00
[2025-03-08T21:15:14.443+0600] {processor.py:208} INFO - Processing /home/shamim/airflow_venv/lib/python3.12/site-packages/airflow/example_dags/example_inlet_event_extra.py took 0.212 seconds
[2025-03-08T21:17:40.585+0600] {processor.py:186} INFO - Started process (PID=29816) to work on /home/shamim/airflow_venv/lib/python3.12/site-packages/airflow/example_dags/example_inlet_event_extra.py
[2025-03-08T21:17:40.591+0600] {processor.py:914} INFO - Processing file /home/shamim/airflow_venv/lib/python3.12/site-packages/airflow/example_dags/example_inlet_event_extra.py for tasks to queue
[2025-03-08T21:17:40.593+0600] {logging_mixin.py:190} INFO - [2025-03-08T21:17:40.593+0600] {dagbag.py:588} INFO - Filling up the DagBag from /home/shamim/airflow_venv/lib/python3.12/site-packages/airflow/example_dags/example_inlet_event_extra.py
[2025-03-08T21:17:40.610+0600] {processor.py:925} INFO - DAG(s) 'read_dataset_event', 'read_dataset_event_from_classic' retrieved from /home/shamim/airflow_venv/lib/python3.12/site-packages/airflow/example_dags/example_inlet_event_extra.py
[2025-03-08T21:17:40.633+0600] {logging_mixin.py:190} INFO - [2025-03-08T21:17:40.632+0600] {dag.py:3239} INFO - Sync 2 DAGs
[2025-03-08T21:17:40.661+0600] {logging_mixin.py:190} INFO - [2025-03-08T21:17:40.661+0600] {dag.py:4180} INFO - Setting next_dagrun for read_dataset_event to 2025-03-07 00:00:00+00:00, run_after=2025-03-08 00:00:00+00:00
[2025-03-08T21:17:40.668+0600] {logging_mixin.py:190} INFO - [2025-03-08T21:17:40.667+0600] {dag.py:4180} INFO - Setting next_dagrun for read_dataset_event_from_classic to 2025-03-07 00:00:00+00:00, run_after=2025-03-08 00:00:00+00:00
[2025-03-08T21:17:40.702+0600] {processor.py:208} INFO - Processing /home/shamim/airflow_venv/lib/python3.12/site-packages/airflow/example_dags/example_inlet_event_extra.py took 0.125 seconds
[2025-03-08T21:19:10.449+0600] {processor.py:186} INFO - Started process (PID=30371) to work on /home/shamim/airflow_venv/lib/python3.12/site-packages/airflow/example_dags/example_inlet_event_extra.py
[2025-03-08T21:19:10.451+0600] {processor.py:914} INFO - Processing file /home/shamim/airflow_venv/lib/python3.12/site-packages/airflow/example_dags/example_inlet_event_extra.py for tasks to queue
[2025-03-08T21:19:10.454+0600] {logging_mixin.py:190} INFO - [2025-03-08T21:19:10.453+0600] {dagbag.py:588} INFO - Filling up the DagBag from /home/shamim/airflow_venv/lib/python3.12/site-packages/airflow/example_dags/example_inlet_event_extra.py
[2025-03-08T21:19:10.473+0600] {processor.py:925} INFO - DAG(s) 'read_dataset_event', 'read_dataset_event_from_classic' retrieved from /home/shamim/airflow_venv/lib/python3.12/site-packages/airflow/example_dags/example_inlet_event_extra.py
[2025-03-08T21:19:10.499+0600] {logging_mixin.py:190} INFO - [2025-03-08T21:19:10.499+0600] {dag.py:3239} INFO - Sync 2 DAGs
[2025-03-08T21:19:10.526+0600] {logging_mixin.py:190} INFO - [2025-03-08T21:19:10.526+0600] {dag.py:4180} INFO - Setting next_dagrun for read_dataset_event to 2025-03-07 00:00:00+00:00, run_after=2025-03-08 00:00:00+00:00
[2025-03-08T21:19:10.532+0600] {logging_mixin.py:190} INFO - [2025-03-08T21:19:10.531+0600] {dag.py:4180} INFO - Setting next_dagrun for read_dataset_event_from_classic to 2025-03-07 00:00:00+00:00, run_after=2025-03-08 00:00:00+00:00
[2025-03-08T21:19:10.554+0600] {processor.py:208} INFO - Processing /home/shamim/airflow_venv/lib/python3.12/site-packages/airflow/example_dags/example_inlet_event_extra.py took 0.119 seconds
[2025-03-08T21:20:31.383+0600] {processor.py:186} INFO - Started process (PID=30927) to work on /home/shamim/airflow_venv/lib/python3.12/site-packages/airflow/example_dags/example_inlet_event_extra.py
[2025-03-08T21:20:31.389+0600] {processor.py:914} INFO - Processing file /home/shamim/airflow_venv/lib/python3.12/site-packages/airflow/example_dags/example_inlet_event_extra.py for tasks to queue
[2025-03-08T21:20:31.392+0600] {logging_mixin.py:190} INFO - [2025-03-08T21:20:31.391+0600] {dagbag.py:588} INFO - Filling up the DagBag from /home/shamim/airflow_venv/lib/python3.12/site-packages/airflow/example_dags/example_inlet_event_extra.py
[2025-03-08T21:20:31.408+0600] {processor.py:925} INFO - DAG(s) 'read_dataset_event', 'read_dataset_event_from_classic' retrieved from /home/shamim/airflow_venv/lib/python3.12/site-packages/airflow/example_dags/example_inlet_event_extra.py
[2025-03-08T21:20:31.429+0600] {logging_mixin.py:190} INFO - [2025-03-08T21:20:31.429+0600] {dag.py:3239} INFO - Sync 2 DAGs
[2025-03-08T21:20:31.457+0600] {logging_mixin.py:190} INFO - [2025-03-08T21:20:31.457+0600] {dag.py:4180} INFO - Setting next_dagrun for read_dataset_event to 2025-03-07 00:00:00+00:00, run_after=2025-03-08 00:00:00+00:00
[2025-03-08T21:20:31.462+0600] {logging_mixin.py:190} INFO - [2025-03-08T21:20:31.462+0600] {dag.py:4180} INFO - Setting next_dagrun for read_dataset_event_from_classic to 2025-03-07 00:00:00+00:00, run_after=2025-03-08 00:00:00+00:00
[2025-03-08T21:20:31.484+0600] {processor.py:208} INFO - Processing /home/shamim/airflow_venv/lib/python3.12/site-packages/airflow/example_dags/example_inlet_event_extra.py took 0.108 seconds
[2025-03-08T21:21:51.646+0600] {processor.py:186} INFO - Started process (PID=31491) to work on /home/shamim/airflow_venv/lib/python3.12/site-packages/airflow/example_dags/example_inlet_event_extra.py
[2025-03-08T21:21:51.652+0600] {processor.py:914} INFO - Processing file /home/shamim/airflow_venv/lib/python3.12/site-packages/airflow/example_dags/example_inlet_event_extra.py for tasks to queue
[2025-03-08T21:21:51.654+0600] {logging_mixin.py:190} INFO - [2025-03-08T21:21:51.654+0600] {dagbag.py:588} INFO - Filling up the DagBag from /home/shamim/airflow_venv/lib/python3.12/site-packages/airflow/example_dags/example_inlet_event_extra.py
[2025-03-08T21:21:51.673+0600] {processor.py:925} INFO - DAG(s) 'read_dataset_event_from_classic', 'read_dataset_event' retrieved from /home/shamim/airflow_venv/lib/python3.12/site-packages/airflow/example_dags/example_inlet_event_extra.py
[2025-03-08T21:21:51.699+0600] {logging_mixin.py:190} INFO - [2025-03-08T21:21:51.699+0600] {dag.py:3239} INFO - Sync 2 DAGs
[2025-03-08T21:21:51.730+0600] {logging_mixin.py:190} INFO - [2025-03-08T21:21:51.730+0600] {dag.py:4180} INFO - Setting next_dagrun for read_dataset_event to 2025-03-07 00:00:00+00:00, run_after=2025-03-08 00:00:00+00:00
[2025-03-08T21:21:51.736+0600] {logging_mixin.py:190} INFO - [2025-03-08T21:21:51.736+0600] {dag.py:4180} INFO - Setting next_dagrun for read_dataset_event_from_classic to 2025-03-07 00:00:00+00:00, run_after=2025-03-08 00:00:00+00:00
[2025-03-08T21:21:51.765+0600] {processor.py:208} INFO - Processing /home/shamim/airflow_venv/lib/python3.12/site-packages/airflow/example_dags/example_inlet_event_extra.py took 0.127 seconds
[2025-03-08T21:23:24.262+0600] {processor.py:186} INFO - Started process (PID=32006) to work on /home/shamim/airflow_venv/lib/python3.12/site-packages/airflow/example_dags/example_inlet_event_extra.py
[2025-03-08T21:23:24.268+0600] {processor.py:914} INFO - Processing file /home/shamim/airflow_venv/lib/python3.12/site-packages/airflow/example_dags/example_inlet_event_extra.py for tasks to queue
[2025-03-08T21:23:24.270+0600] {logging_mixin.py:190} INFO - [2025-03-08T21:23:24.270+0600] {dagbag.py:588} INFO - Filling up the DagBag from /home/shamim/airflow_venv/lib/python3.12/site-packages/airflow/example_dags/example_inlet_event_extra.py
[2025-03-08T21:23:24.288+0600] {processor.py:925} INFO - DAG(s) 'read_dataset_event_from_classic', 'read_dataset_event' retrieved from /home/shamim/airflow_venv/lib/python3.12/site-packages/airflow/example_dags/example_inlet_event_extra.py
[2025-03-08T21:23:24.308+0600] {logging_mixin.py:190} INFO - [2025-03-08T21:23:24.308+0600] {dag.py:3239} INFO - Sync 2 DAGs
[2025-03-08T21:23:24.336+0600] {logging_mixin.py:190} INFO - [2025-03-08T21:23:24.336+0600] {dag.py:4180} INFO - Setting next_dagrun for read_dataset_event to 2025-03-07 00:00:00+00:00, run_after=2025-03-08 00:00:00+00:00
[2025-03-08T21:23:24.342+0600] {logging_mixin.py:190} INFO - [2025-03-08T21:23:24.342+0600] {dag.py:4180} INFO - Setting next_dagrun for read_dataset_event_from_classic to 2025-03-07 00:00:00+00:00, run_after=2025-03-08 00:00:00+00:00
[2025-03-08T21:23:24.379+0600] {processor.py:208} INFO - Processing /home/shamim/airflow_venv/lib/python3.12/site-packages/airflow/example_dags/example_inlet_event_extra.py took 0.124 seconds
