[2025-03-08T21:09:58.935+0600] {processor.py:186} INFO - Started process (PID=26847) to work on /home/shamim/airflow_venv/lib/python3.12/site-packages/airflow/example_dags/example_bash_operator.py
[2025-03-08T21:09:58.938+0600] {processor.py:914} INFO - Processing file /home/shamim/airflow_venv/lib/python3.12/site-packages/airflow/example_dags/example_bash_operator.py for tasks to queue
[2025-03-08T21:09:58.945+0600] {logging_mixin.py:190} INFO - [2025-03-08T21:09:58.944+0600] {dagbag.py:588} INFO - Filling up the DagBag from /home/shamim/airflow_venv/lib/python3.12/site-packages/airflow/example_dags/example_bash_operator.py
[2025-03-08T21:09:58.975+0600] {processor.py:925} INFO - DAG(s) 'example_bash_operator' retrieved from /home/shamim/airflow_venv/lib/python3.12/site-packages/airflow/example_dags/example_bash_operator.py
[2025-03-08T21:09:59.008+0600] {logging_mixin.py:190} INFO - [2025-03-08T21:09:59.008+0600] {dag.py:3239} INFO - Sync 1 DAGs
[2025-03-08T21:09:59.038+0600] {logging_mixin.py:190} INFO - [2025-03-08T21:09:59.037+0600] {dag.py:4180} INFO - Setting next_dagrun for example_bash_operator to 2025-03-07 00:00:00+00:00, run_after=2025-03-08 00:00:00+00:00
[2025-03-08T21:09:59.073+0600] {processor.py:208} INFO - Processing /home/shamim/airflow_venv/lib/python3.12/site-packages/airflow/example_dags/example_bash_operator.py took 0.165 seconds
[2025-03-08T21:12:21.447+0600] {processor.py:186} INFO - Started process (PID=27548) to work on /home/shamim/airflow_venv/lib/python3.12/site-packages/airflow/example_dags/example_bash_operator.py
[2025-03-08T21:12:21.453+0600] {processor.py:914} INFO - Processing file /home/shamim/airflow_venv/lib/python3.12/site-packages/airflow/example_dags/example_bash_operator.py for tasks to queue
[2025-03-08T21:12:21.456+0600] {logging_mixin.py:190} INFO - [2025-03-08T21:12:21.455+0600] {dagbag.py:588} INFO - Filling up the DagBag from /home/shamim/airflow_venv/lib/python3.12/site-packages/airflow/example_dags/example_bash_operator.py
[2025-03-08T21:12:21.476+0600] {processor.py:925} INFO - DAG(s) 'example_bash_operator' retrieved from /home/shamim/airflow_venv/lib/python3.12/site-packages/airflow/example_dags/example_bash_operator.py
[2025-03-08T21:12:21.517+0600] {logging_mixin.py:190} INFO - [2025-03-08T21:12:21.516+0600] {dag.py:3239} INFO - Sync 1 DAGs
[2025-03-08T21:12:21.549+0600] {logging_mixin.py:190} INFO - [2025-03-08T21:12:21.549+0600] {dag.py:4180} INFO - Setting next_dagrun for example_bash_operator to 2025-03-07 00:00:00+00:00, run_after=2025-03-08 00:00:00+00:00
[2025-03-08T21:12:21.584+0600] {processor.py:208} INFO - Processing /home/shamim/airflow_venv/lib/python3.12/site-packages/airflow/example_dags/example_bash_operator.py took 0.146 seconds
[2025-03-08T21:13:55.655+0600] {processor.py:186} INFO - Started process (PID=28144) to work on /home/shamim/airflow_venv/lib/python3.12/site-packages/airflow/example_dags/example_bash_operator.py
[2025-03-08T21:13:55.662+0600] {processor.py:914} INFO - Processing file /home/shamim/airflow_venv/lib/python3.12/site-packages/airflow/example_dags/example_bash_operator.py for tasks to queue
[2025-03-08T21:13:55.665+0600] {logging_mixin.py:190} INFO - [2025-03-08T21:13:55.664+0600] {dagbag.py:588} INFO - Filling up the DagBag from /home/shamim/airflow_venv/lib/python3.12/site-packages/airflow/example_dags/example_bash_operator.py
[2025-03-08T21:13:55.688+0600] {processor.py:925} INFO - DAG(s) 'example_bash_operator' retrieved from /home/shamim/airflow_venv/lib/python3.12/site-packages/airflow/example_dags/example_bash_operator.py
[2025-03-08T21:13:55.731+0600] {logging_mixin.py:190} INFO - [2025-03-08T21:13:55.731+0600] {dag.py:3239} INFO - Sync 1 DAGs
[2025-03-08T21:13:55.769+0600] {logging_mixin.py:190} INFO - [2025-03-08T21:13:55.769+0600] {dag.py:4180} INFO - Setting next_dagrun for example_bash_operator to 2025-03-07 00:00:00+00:00, run_after=2025-03-08 00:00:00+00:00
[2025-03-08T21:13:55.807+0600] {processor.py:208} INFO - Processing /home/shamim/airflow_venv/lib/python3.12/site-packages/airflow/example_dags/example_bash_operator.py took 0.163 seconds
[2025-03-08T21:16:40.434+0600] {processor.py:186} INFO - Started process (PID=29523) to work on /home/shamim/airflow_venv/lib/python3.12/site-packages/airflow/example_dags/example_bash_operator.py
[2025-03-08T21:16:40.440+0600] {processor.py:914} INFO - Processing file /home/shamim/airflow_venv/lib/python3.12/site-packages/airflow/example_dags/example_bash_operator.py for tasks to queue
[2025-03-08T21:16:40.442+0600] {logging_mixin.py:190} INFO - [2025-03-08T21:16:40.442+0600] {dagbag.py:588} INFO - Filling up the DagBag from /home/shamim/airflow_venv/lib/python3.12/site-packages/airflow/example_dags/example_bash_operator.py
[2025-03-08T21:16:40.461+0600] {processor.py:925} INFO - DAG(s) 'example_bash_operator' retrieved from /home/shamim/airflow_venv/lib/python3.12/site-packages/airflow/example_dags/example_bash_operator.py
[2025-03-08T21:16:40.493+0600] {logging_mixin.py:190} INFO - [2025-03-08T21:16:40.493+0600] {dag.py:3239} INFO - Sync 1 DAGs
[2025-03-08T21:16:40.522+0600] {logging_mixin.py:190} INFO - [2025-03-08T21:16:40.521+0600] {dag.py:4180} INFO - Setting next_dagrun for example_bash_operator to 2025-03-07 00:00:00+00:00, run_after=2025-03-08 00:00:00+00:00
[2025-03-08T21:16:40.560+0600] {processor.py:208} INFO - Processing /home/shamim/airflow_venv/lib/python3.12/site-packages/airflow/example_dags/example_bash_operator.py took 0.134 seconds
[2025-03-08T21:18:24.927+0600] {processor.py:186} INFO - Started process (PID=30096) to work on /home/shamim/airflow_venv/lib/python3.12/site-packages/airflow/example_dags/example_bash_operator.py
[2025-03-08T21:18:24.928+0600] {processor.py:914} INFO - Processing file /home/shamim/airflow_venv/lib/python3.12/site-packages/airflow/example_dags/example_bash_operator.py for tasks to queue
[2025-03-08T21:18:24.930+0600] {logging_mixin.py:190} INFO - [2025-03-08T21:18:24.930+0600] {dagbag.py:588} INFO - Filling up the DagBag from /home/shamim/airflow_venv/lib/python3.12/site-packages/airflow/example_dags/example_bash_operator.py
[2025-03-08T21:18:24.947+0600] {processor.py:925} INFO - DAG(s) 'example_bash_operator' retrieved from /home/shamim/airflow_venv/lib/python3.12/site-packages/airflow/example_dags/example_bash_operator.py
[2025-03-08T21:18:24.977+0600] {logging_mixin.py:190} INFO - [2025-03-08T21:18:24.977+0600] {dag.py:3239} INFO - Sync 1 DAGs
[2025-03-08T21:18:25.003+0600] {logging_mixin.py:190} INFO - [2025-03-08T21:18:25.003+0600] {dag.py:4180} INFO - Setting next_dagrun for example_bash_operator to 2025-03-07 00:00:00+00:00, run_after=2025-03-08 00:00:00+00:00
[2025-03-08T21:18:25.041+0600] {processor.py:208} INFO - Processing /home/shamim/airflow_venv/lib/python3.12/site-packages/airflow/example_dags/example_bash_operator.py took 0.121 seconds
[2025-03-08T21:19:49.193+0600] {processor.py:186} INFO - Started process (PID=30657) to work on /home/shamim/airflow_venv/lib/python3.12/site-packages/airflow/example_dags/example_bash_operator.py
[2025-03-08T21:19:49.197+0600] {processor.py:914} INFO - Processing file /home/shamim/airflow_venv/lib/python3.12/site-packages/airflow/example_dags/example_bash_operator.py for tasks to queue
[2025-03-08T21:19:49.200+0600] {logging_mixin.py:190} INFO - [2025-03-08T21:19:49.199+0600] {dagbag.py:588} INFO - Filling up the DagBag from /home/shamim/airflow_venv/lib/python3.12/site-packages/airflow/example_dags/example_bash_operator.py
[2025-03-08T21:19:49.217+0600] {processor.py:925} INFO - DAG(s) 'example_bash_operator' retrieved from /home/shamim/airflow_venv/lib/python3.12/site-packages/airflow/example_dags/example_bash_operator.py
[2025-03-08T21:19:49.248+0600] {logging_mixin.py:190} INFO - [2025-03-08T21:19:49.248+0600] {dag.py:3239} INFO - Sync 1 DAGs
[2025-03-08T21:19:49.282+0600] {logging_mixin.py:190} INFO - [2025-03-08T21:19:49.282+0600] {dag.py:4180} INFO - Setting next_dagrun for example_bash_operator to 2025-03-07 00:00:00+00:00, run_after=2025-03-08 00:00:00+00:00
[2025-03-08T21:19:49.320+0600] {processor.py:208} INFO - Processing /home/shamim/airflow_venv/lib/python3.12/site-packages/airflow/example_dags/example_bash_operator.py took 0.135 seconds
[2025-03-08T21:21:09.226+0600] {processor.py:186} INFO - Started process (PID=31219) to work on /home/shamim/airflow_venv/lib/python3.12/site-packages/airflow/example_dags/example_bash_operator.py
[2025-03-08T21:21:09.232+0600] {processor.py:914} INFO - Processing file /home/shamim/airflow_venv/lib/python3.12/site-packages/airflow/example_dags/example_bash_operator.py for tasks to queue
[2025-03-08T21:21:09.235+0600] {logging_mixin.py:190} INFO - [2025-03-08T21:21:09.234+0600] {dagbag.py:588} INFO - Filling up the DagBag from /home/shamim/airflow_venv/lib/python3.12/site-packages/airflow/example_dags/example_bash_operator.py
[2025-03-08T21:21:09.252+0600] {processor.py:925} INFO - DAG(s) 'example_bash_operator' retrieved from /home/shamim/airflow_venv/lib/python3.12/site-packages/airflow/example_dags/example_bash_operator.py
[2025-03-08T21:21:09.288+0600] {logging_mixin.py:190} INFO - [2025-03-08T21:21:09.287+0600] {dag.py:3239} INFO - Sync 1 DAGs
[2025-03-08T21:21:09.321+0600] {logging_mixin.py:190} INFO - [2025-03-08T21:21:09.320+0600] {dag.py:4180} INFO - Setting next_dagrun for example_bash_operator to 2025-03-07 00:00:00+00:00, run_after=2025-03-08 00:00:00+00:00
[2025-03-08T21:21:09.347+0600] {processor.py:208} INFO - Processing /home/shamim/airflow_venv/lib/python3.12/site-packages/airflow/example_dags/example_bash_operator.py took 0.128 seconds
[2025-03-08T21:22:35.761+0600] {processor.py:186} INFO - Started process (PID=31737) to work on /home/shamim/airflow_venv/lib/python3.12/site-packages/airflow/example_dags/example_bash_operator.py
[2025-03-08T21:22:35.762+0600] {processor.py:914} INFO - Processing file /home/shamim/airflow_venv/lib/python3.12/site-packages/airflow/example_dags/example_bash_operator.py for tasks to queue
[2025-03-08T21:22:35.766+0600] {logging_mixin.py:190} INFO - [2025-03-08T21:22:35.766+0600] {dagbag.py:588} INFO - Filling up the DagBag from /home/shamim/airflow_venv/lib/python3.12/site-packages/airflow/example_dags/example_bash_operator.py
[2025-03-08T21:22:35.790+0600] {processor.py:925} INFO - DAG(s) 'example_bash_operator' retrieved from /home/shamim/airflow_venv/lib/python3.12/site-packages/airflow/example_dags/example_bash_operator.py
[2025-03-08T21:22:35.831+0600] {logging_mixin.py:190} INFO - [2025-03-08T21:22:35.830+0600] {dag.py:3239} INFO - Sync 1 DAGs
[2025-03-08T21:22:35.865+0600] {logging_mixin.py:190} INFO - [2025-03-08T21:22:35.865+0600] {dag.py:4180} INFO - Setting next_dagrun for example_bash_operator to 2025-03-07 00:00:00+00:00, run_after=2025-03-08 00:00:00+00:00
[2025-03-08T21:22:35.908+0600] {processor.py:208} INFO - Processing /home/shamim/airflow_venv/lib/python3.12/site-packages/airflow/example_dags/example_bash_operator.py took 0.155 seconds
[2025-03-08T21:24:09.931+0600] {processor.py:186} INFO - Started process (PID=32264) to work on /home/shamim/airflow_venv/lib/python3.12/site-packages/airflow/example_dags/example_bash_operator.py
[2025-03-08T21:24:09.935+0600] {processor.py:914} INFO - Processing file /home/shamim/airflow_venv/lib/python3.12/site-packages/airflow/example_dags/example_bash_operator.py for tasks to queue
[2025-03-08T21:24:09.944+0600] {logging_mixin.py:190} INFO - [2025-03-08T21:24:09.942+0600] {dagbag.py:588} INFO - Filling up the DagBag from /home/shamim/airflow_venv/lib/python3.12/site-packages/airflow/example_dags/example_bash_operator.py
[2025-03-08T21:24:09.975+0600] {processor.py:925} INFO - DAG(s) 'example_bash_operator' retrieved from /home/shamim/airflow_venv/lib/python3.12/site-packages/airflow/example_dags/example_bash_operator.py
[2025-03-08T21:24:10.008+0600] {logging_mixin.py:190} INFO - [2025-03-08T21:24:10.008+0600] {dag.py:3239} INFO - Sync 1 DAGs
[2025-03-08T21:24:10.037+0600] {logging_mixin.py:190} INFO - [2025-03-08T21:24:10.036+0600] {dag.py:4180} INFO - Setting next_dagrun for example_bash_operator to 2025-03-07 00:00:00+00:00, run_after=2025-03-08 00:00:00+00:00
[2025-03-08T21:24:10.079+0600] {processor.py:208} INFO - Processing /home/shamim/airflow_venv/lib/python3.12/site-packages/airflow/example_dags/example_bash_operator.py took 0.175 seconds
[2025-03-08T21:25:46.594+0600] {processor.py:186} INFO - Started process (PID=32787) to work on /home/shamim/airflow_venv/lib/python3.12/site-packages/airflow/example_dags/example_bash_operator.py
[2025-03-08T21:25:46.601+0600] {processor.py:914} INFO - Processing file /home/shamim/airflow_venv/lib/python3.12/site-packages/airflow/example_dags/example_bash_operator.py for tasks to queue
[2025-03-08T21:25:46.604+0600] {logging_mixin.py:190} INFO - [2025-03-08T21:25:46.604+0600] {dagbag.py:588} INFO - Filling up the DagBag from /home/shamim/airflow_venv/lib/python3.12/site-packages/airflow/example_dags/example_bash_operator.py
[2025-03-08T21:25:46.629+0600] {processor.py:925} INFO - DAG(s) 'example_bash_operator' retrieved from /home/shamim/airflow_venv/lib/python3.12/site-packages/airflow/example_dags/example_bash_operator.py
[2025-03-08T21:25:46.677+0600] {logging_mixin.py:190} INFO - [2025-03-08T21:25:46.677+0600] {dag.py:3239} INFO - Sync 1 DAGs
[2025-03-08T21:25:46.721+0600] {logging_mixin.py:190} INFO - [2025-03-08T21:25:46.720+0600] {dag.py:4180} INFO - Setting next_dagrun for example_bash_operator to 2025-03-07 00:00:00+00:00, run_after=2025-03-08 00:00:00+00:00
[2025-03-08T21:25:46.769+0600] {processor.py:208} INFO - Processing /home/shamim/airflow_venv/lib/python3.12/site-packages/airflow/example_dags/example_bash_operator.py took 0.183 seconds
[2025-03-08T21:27:17.416+0600] {processor.py:186} INFO - Started process (PID=33294) to work on /home/shamim/airflow_venv/lib/python3.12/site-packages/airflow/example_dags/example_bash_operator.py
[2025-03-08T21:27:17.423+0600] {processor.py:914} INFO - Processing file /home/shamim/airflow_venv/lib/python3.12/site-packages/airflow/example_dags/example_bash_operator.py for tasks to queue
[2025-03-08T21:27:17.426+0600] {logging_mixin.py:190} INFO - [2025-03-08T21:27:17.425+0600] {dagbag.py:588} INFO - Filling up the DagBag from /home/shamim/airflow_venv/lib/python3.12/site-packages/airflow/example_dags/example_bash_operator.py
[2025-03-08T21:27:17.445+0600] {processor.py:925} INFO - DAG(s) 'example_bash_operator' retrieved from /home/shamim/airflow_venv/lib/python3.12/site-packages/airflow/example_dags/example_bash_operator.py
[2025-03-08T21:27:17.473+0600] {logging_mixin.py:190} INFO - [2025-03-08T21:27:17.473+0600] {dag.py:3239} INFO - Sync 1 DAGs
[2025-03-08T21:27:17.502+0600] {logging_mixin.py:190} INFO - [2025-03-08T21:27:17.502+0600] {dag.py:4180} INFO - Setting next_dagrun for example_bash_operator to 2025-03-07 00:00:00+00:00, run_after=2025-03-08 00:00:00+00:00
[2025-03-08T21:27:17.542+0600] {processor.py:208} INFO - Processing /home/shamim/airflow_venv/lib/python3.12/site-packages/airflow/example_dags/example_bash_operator.py took 0.134 seconds
[2025-03-08T21:28:49.957+0600] {processor.py:186} INFO - Started process (PID=33931) to work on /home/shamim/airflow_venv/lib/python3.12/site-packages/airflow/example_dags/example_bash_operator.py
[2025-03-08T21:28:49.959+0600] {processor.py:914} INFO - Processing file /home/shamim/airflow_venv/lib/python3.12/site-packages/airflow/example_dags/example_bash_operator.py for tasks to queue
[2025-03-08T21:28:49.962+0600] {logging_mixin.py:190} INFO - [2025-03-08T21:28:49.961+0600] {dagbag.py:588} INFO - Filling up the DagBag from /home/shamim/airflow_venv/lib/python3.12/site-packages/airflow/example_dags/example_bash_operator.py
[2025-03-08T21:28:49.980+0600] {processor.py:925} INFO - DAG(s) 'example_bash_operator' retrieved from /home/shamim/airflow_venv/lib/python3.12/site-packages/airflow/example_dags/example_bash_operator.py
[2025-03-08T21:28:50.013+0600] {logging_mixin.py:190} INFO - [2025-03-08T21:28:50.012+0600] {dag.py:3239} INFO - Sync 1 DAGs
[2025-03-08T21:28:50.043+0600] {logging_mixin.py:190} INFO - [2025-03-08T21:28:50.042+0600] {dag.py:4180} INFO - Setting next_dagrun for example_bash_operator to 2025-03-07 00:00:00+00:00, run_after=2025-03-08 00:00:00+00:00
[2025-03-08T21:28:50.082+0600] {processor.py:208} INFO - Processing /home/shamim/airflow_venv/lib/python3.12/site-packages/airflow/example_dags/example_bash_operator.py took 0.133 seconds
[2025-03-08T21:30:24.857+0600] {processor.py:186} INFO - Started process (PID=34721) to work on /home/shamim/airflow_venv/lib/python3.12/site-packages/airflow/example_dags/example_bash_operator.py
[2025-03-08T21:30:24.860+0600] {processor.py:914} INFO - Processing file /home/shamim/airflow_venv/lib/python3.12/site-packages/airflow/example_dags/example_bash_operator.py for tasks to queue
[2025-03-08T21:30:24.864+0600] {logging_mixin.py:190} INFO - [2025-03-08T21:30:24.863+0600] {dagbag.py:588} INFO - Filling up the DagBag from /home/shamim/airflow_venv/lib/python3.12/site-packages/airflow/example_dags/example_bash_operator.py
[2025-03-08T21:30:24.896+0600] {processor.py:925} INFO - DAG(s) 'example_bash_operator' retrieved from /home/shamim/airflow_venv/lib/python3.12/site-packages/airflow/example_dags/example_bash_operator.py
[2025-03-08T21:30:24.946+0600] {logging_mixin.py:190} INFO - [2025-03-08T21:30:24.945+0600] {dag.py:3239} INFO - Sync 1 DAGs
[2025-03-08T21:30:25.001+0600] {logging_mixin.py:190} INFO - [2025-03-08T21:30:25.000+0600] {dag.py:4180} INFO - Setting next_dagrun for example_bash_operator to 2025-03-07 00:00:00+00:00, run_after=2025-03-08 00:00:00+00:00
[2025-03-08T21:30:25.069+0600] {processor.py:208} INFO - Processing /home/shamim/airflow_venv/lib/python3.12/site-packages/airflow/example_dags/example_bash_operator.py took 0.239 seconds
[2025-03-08T21:32:03.911+0600] {processor.py:186} INFO - Started process (PID=35303) to work on /home/shamim/airflow_venv/lib/python3.12/site-packages/airflow/example_dags/example_bash_operator.py
[2025-03-08T21:32:03.937+0600] {processor.py:914} INFO - Processing file /home/shamim/airflow_venv/lib/python3.12/site-packages/airflow/example_dags/example_bash_operator.py for tasks to queue
[2025-03-08T21:32:03.940+0600] {logging_mixin.py:190} INFO - [2025-03-08T21:32:03.939+0600] {dagbag.py:588} INFO - Filling up the DagBag from /home/shamim/airflow_venv/lib/python3.12/site-packages/airflow/example_dags/example_bash_operator.py
[2025-03-08T21:32:03.957+0600] {processor.py:925} INFO - DAG(s) 'example_bash_operator' retrieved from /home/shamim/airflow_venv/lib/python3.12/site-packages/airflow/example_dags/example_bash_operator.py
[2025-03-08T21:32:03.985+0600] {logging_mixin.py:190} INFO - [2025-03-08T21:32:03.985+0600] {dag.py:3239} INFO - Sync 1 DAGs
[2025-03-08T21:32:04.013+0600] {logging_mixin.py:190} INFO - [2025-03-08T21:32:04.013+0600] {dag.py:4180} INFO - Setting next_dagrun for example_bash_operator to 2025-03-07 00:00:00+00:00, run_after=2025-03-08 00:00:00+00:00
[2025-03-08T21:32:04.052+0600] {processor.py:208} INFO - Processing /home/shamim/airflow_venv/lib/python3.12/site-packages/airflow/example_dags/example_bash_operator.py took 0.151 seconds
[2025-03-08T21:33:36.380+0600] {processor.py:186} INFO - Started process (PID=35896) to work on /home/shamim/airflow_venv/lib/python3.12/site-packages/airflow/example_dags/example_bash_operator.py
[2025-03-08T21:33:36.385+0600] {processor.py:914} INFO - Processing file /home/shamim/airflow_venv/lib/python3.12/site-packages/airflow/example_dags/example_bash_operator.py for tasks to queue
[2025-03-08T21:33:36.387+0600] {logging_mixin.py:190} INFO - [2025-03-08T21:33:36.387+0600] {dagbag.py:588} INFO - Filling up the DagBag from /home/shamim/airflow_venv/lib/python3.12/site-packages/airflow/example_dags/example_bash_operator.py
[2025-03-08T21:33:36.404+0600] {processor.py:925} INFO - DAG(s) 'example_bash_operator' retrieved from /home/shamim/airflow_venv/lib/python3.12/site-packages/airflow/example_dags/example_bash_operator.py
[2025-03-08T21:33:36.434+0600] {logging_mixin.py:190} INFO - [2025-03-08T21:33:36.434+0600] {dag.py:3239} INFO - Sync 1 DAGs
[2025-03-08T21:33:36.461+0600] {logging_mixin.py:190} INFO - [2025-03-08T21:33:36.461+0600] {dag.py:4180} INFO - Setting next_dagrun for example_bash_operator to 2025-03-07 00:00:00+00:00, run_after=2025-03-08 00:00:00+00:00
[2025-03-08T21:33:36.488+0600] {processor.py:208} INFO - Processing /home/shamim/airflow_venv/lib/python3.12/site-packages/airflow/example_dags/example_bash_operator.py took 0.116 seconds
[2025-03-08T21:35:06.073+0600] {processor.py:186} INFO - Started process (PID=36445) to work on /home/shamim/airflow_venv/lib/python3.12/site-packages/airflow/example_dags/example_bash_operator.py
[2025-03-08T21:35:06.077+0600] {processor.py:914} INFO - Processing file /home/shamim/airflow_venv/lib/python3.12/site-packages/airflow/example_dags/example_bash_operator.py for tasks to queue
[2025-03-08T21:35:06.079+0600] {logging_mixin.py:190} INFO - [2025-03-08T21:35:06.078+0600] {dagbag.py:588} INFO - Filling up the DagBag from /home/shamim/airflow_venv/lib/python3.12/site-packages/airflow/example_dags/example_bash_operator.py
[2025-03-08T21:35:06.096+0600] {processor.py:925} INFO - DAG(s) 'example_bash_operator' retrieved from /home/shamim/airflow_venv/lib/python3.12/site-packages/airflow/example_dags/example_bash_operator.py
[2025-03-08T21:35:06.125+0600] {logging_mixin.py:190} INFO - [2025-03-08T21:35:06.125+0600] {dag.py:3239} INFO - Sync 1 DAGs
[2025-03-08T21:35:06.151+0600] {logging_mixin.py:190} INFO - [2025-03-08T21:35:06.151+0600] {dag.py:4180} INFO - Setting next_dagrun for example_bash_operator to 2025-03-07 00:00:00+00:00, run_after=2025-03-08 00:00:00+00:00
[2025-03-08T21:35:06.177+0600] {processor.py:208} INFO - Processing /home/shamim/airflow_venv/lib/python3.12/site-packages/airflow/example_dags/example_bash_operator.py took 0.114 seconds
[2025-03-08T21:36:40.040+0600] {processor.py:186} INFO - Started process (PID=36987) to work on /home/shamim/airflow_venv/lib/python3.12/site-packages/airflow/example_dags/example_bash_operator.py
[2025-03-08T21:36:40.044+0600] {processor.py:914} INFO - Processing file /home/shamim/airflow_venv/lib/python3.12/site-packages/airflow/example_dags/example_bash_operator.py for tasks to queue
[2025-03-08T21:36:40.047+0600] {logging_mixin.py:190} INFO - [2025-03-08T21:36:40.046+0600] {dagbag.py:588} INFO - Filling up the DagBag from /home/shamim/airflow_venv/lib/python3.12/site-packages/airflow/example_dags/example_bash_operator.py
[2025-03-08T21:36:40.064+0600] {processor.py:925} INFO - DAG(s) 'example_bash_operator' retrieved from /home/shamim/airflow_venv/lib/python3.12/site-packages/airflow/example_dags/example_bash_operator.py
[2025-03-08T21:36:40.095+0600] {logging_mixin.py:190} INFO - [2025-03-08T21:36:40.094+0600] {dag.py:3239} INFO - Sync 1 DAGs
[2025-03-08T21:36:40.120+0600] {logging_mixin.py:190} INFO - [2025-03-08T21:36:40.120+0600] {dag.py:4180} INFO - Setting next_dagrun for example_bash_operator to 2025-03-07 00:00:00+00:00, run_after=2025-03-08 00:00:00+00:00
[2025-03-08T21:36:40.148+0600] {processor.py:208} INFO - Processing /home/shamim/airflow_venv/lib/python3.12/site-packages/airflow/example_dags/example_bash_operator.py took 0.118 seconds
[2025-03-08T21:38:14.299+0600] {processor.py:186} INFO - Started process (PID=37639) to work on /home/shamim/airflow_venv/lib/python3.12/site-packages/airflow/example_dags/example_bash_operator.py
[2025-03-08T21:38:14.300+0600] {processor.py:914} INFO - Processing file /home/shamim/airflow_venv/lib/python3.12/site-packages/airflow/example_dags/example_bash_operator.py for tasks to queue
[2025-03-08T21:38:14.303+0600] {logging_mixin.py:190} INFO - [2025-03-08T21:38:14.302+0600] {dagbag.py:588} INFO - Filling up the DagBag from /home/shamim/airflow_venv/lib/python3.12/site-packages/airflow/example_dags/example_bash_operator.py
[2025-03-08T21:38:14.322+0600] {processor.py:925} INFO - DAG(s) 'example_bash_operator' retrieved from /home/shamim/airflow_venv/lib/python3.12/site-packages/airflow/example_dags/example_bash_operator.py
[2025-03-08T21:38:14.355+0600] {logging_mixin.py:190} INFO - [2025-03-08T21:38:14.355+0600] {dag.py:3239} INFO - Sync 1 DAGs
[2025-03-08T21:38:14.387+0600] {logging_mixin.py:190} INFO - [2025-03-08T21:38:14.387+0600] {dag.py:4180} INFO - Setting next_dagrun for example_bash_operator to 2025-03-07 00:00:00+00:00, run_after=2025-03-08 00:00:00+00:00
[2025-03-08T21:38:14.432+0600] {processor.py:208} INFO - Processing /home/shamim/airflow_venv/lib/python3.12/site-packages/airflow/example_dags/example_bash_operator.py took 0.143 seconds
[2025-03-08T21:39:42.162+0600] {processor.py:186} INFO - Started process (PID=38186) to work on /home/shamim/airflow_venv/lib/python3.12/site-packages/airflow/example_dags/example_bash_operator.py
[2025-03-08T21:39:42.170+0600] {processor.py:914} INFO - Processing file /home/shamim/airflow_venv/lib/python3.12/site-packages/airflow/example_dags/example_bash_operator.py for tasks to queue
[2025-03-08T21:39:42.177+0600] {logging_mixin.py:190} INFO - [2025-03-08T21:39:42.176+0600] {dagbag.py:588} INFO - Filling up the DagBag from /home/shamim/airflow_venv/lib/python3.12/site-packages/airflow/example_dags/example_bash_operator.py
[2025-03-08T21:39:42.200+0600] {processor.py:925} INFO - DAG(s) 'example_bash_operator' retrieved from /home/shamim/airflow_venv/lib/python3.12/site-packages/airflow/example_dags/example_bash_operator.py
[2025-03-08T21:39:42.229+0600] {logging_mixin.py:190} INFO - [2025-03-08T21:39:42.228+0600] {dag.py:3239} INFO - Sync 1 DAGs
[2025-03-08T21:39:42.255+0600] {logging_mixin.py:190} INFO - [2025-03-08T21:39:42.254+0600] {dag.py:4180} INFO - Setting next_dagrun for example_bash_operator to 2025-03-07 00:00:00+00:00, run_after=2025-03-08 00:00:00+00:00
[2025-03-08T21:39:42.285+0600] {processor.py:208} INFO - Processing /home/shamim/airflow_venv/lib/python3.12/site-packages/airflow/example_dags/example_bash_operator.py took 0.135 seconds
[2025-03-08T21:41:11.462+0600] {processor.py:186} INFO - Started process (PID=38829) to work on /home/shamim/airflow_venv/lib/python3.12/site-packages/airflow/example_dags/example_bash_operator.py
[2025-03-08T21:41:11.469+0600] {processor.py:914} INFO - Processing file /home/shamim/airflow_venv/lib/python3.12/site-packages/airflow/example_dags/example_bash_operator.py for tasks to queue
[2025-03-08T21:41:11.471+0600] {logging_mixin.py:190} INFO - [2025-03-08T21:41:11.471+0600] {dagbag.py:588} INFO - Filling up the DagBag from /home/shamim/airflow_venv/lib/python3.12/site-packages/airflow/example_dags/example_bash_operator.py
[2025-03-08T21:41:11.497+0600] {processor.py:925} INFO - DAG(s) 'example_bash_operator' retrieved from /home/shamim/airflow_venv/lib/python3.12/site-packages/airflow/example_dags/example_bash_operator.py
[2025-03-08T21:41:11.534+0600] {logging_mixin.py:190} INFO - [2025-03-08T21:41:11.533+0600] {dag.py:3239} INFO - Sync 1 DAGs
[2025-03-08T21:41:11.562+0600] {logging_mixin.py:190} INFO - [2025-03-08T21:41:11.562+0600] {dag.py:4180} INFO - Setting next_dagrun for example_bash_operator to 2025-03-07 00:00:00+00:00, run_after=2025-03-08 00:00:00+00:00
[2025-03-08T21:41:11.591+0600] {processor.py:208} INFO - Processing /home/shamim/airflow_venv/lib/python3.12/site-packages/airflow/example_dags/example_bash_operator.py took 0.140 seconds
[2025-03-08T21:42:45.407+0600] {processor.py:186} INFO - Started process (PID=39407) to work on /home/shamim/airflow_venv/lib/python3.12/site-packages/airflow/example_dags/example_bash_operator.py
[2025-03-08T21:42:45.408+0600] {processor.py:914} INFO - Processing file /home/shamim/airflow_venv/lib/python3.12/site-packages/airflow/example_dags/example_bash_operator.py for tasks to queue
[2025-03-08T21:42:45.412+0600] {logging_mixin.py:190} INFO - [2025-03-08T21:42:45.411+0600] {dagbag.py:588} INFO - Filling up the DagBag from /home/shamim/airflow_venv/lib/python3.12/site-packages/airflow/example_dags/example_bash_operator.py
[2025-03-08T21:42:45.445+0600] {processor.py:925} INFO - DAG(s) 'example_bash_operator' retrieved from /home/shamim/airflow_venv/lib/python3.12/site-packages/airflow/example_dags/example_bash_operator.py
[2025-03-08T21:42:45.490+0600] {logging_mixin.py:190} INFO - [2025-03-08T21:42:45.490+0600] {dag.py:3239} INFO - Sync 1 DAGs
[2025-03-08T21:42:45.522+0600] {logging_mixin.py:190} INFO - [2025-03-08T21:42:45.522+0600] {dag.py:4180} INFO - Setting next_dagrun for example_bash_operator to 2025-03-07 00:00:00+00:00, run_after=2025-03-08 00:00:00+00:00
[2025-03-08T21:42:45.556+0600] {processor.py:208} INFO - Processing /home/shamim/airflow_venv/lib/python3.12/site-packages/airflow/example_dags/example_bash_operator.py took 0.167 seconds
[2025-03-08T21:44:25.468+0600] {processor.py:186} INFO - Started process (PID=39967) to work on /home/shamim/airflow_venv/lib/python3.12/site-packages/airflow/example_dags/example_bash_operator.py
[2025-03-08T21:44:25.472+0600] {processor.py:914} INFO - Processing file /home/shamim/airflow_venv/lib/python3.12/site-packages/airflow/example_dags/example_bash_operator.py for tasks to queue
[2025-03-08T21:44:25.475+0600] {logging_mixin.py:190} INFO - [2025-03-08T21:44:25.474+0600] {dagbag.py:588} INFO - Filling up the DagBag from /home/shamim/airflow_venv/lib/python3.12/site-packages/airflow/example_dags/example_bash_operator.py
[2025-03-08T21:44:25.492+0600] {processor.py:925} INFO - DAG(s) 'example_bash_operator' retrieved from /home/shamim/airflow_venv/lib/python3.12/site-packages/airflow/example_dags/example_bash_operator.py
[2025-03-08T21:44:25.520+0600] {logging_mixin.py:190} INFO - [2025-03-08T21:44:25.520+0600] {dag.py:3239} INFO - Sync 1 DAGs
[2025-03-08T21:44:25.549+0600] {logging_mixin.py:190} INFO - [2025-03-08T21:44:25.549+0600] {dag.py:4180} INFO - Setting next_dagrun for example_bash_operator to 2025-03-07 00:00:00+00:00, run_after=2025-03-08 00:00:00+00:00
[2025-03-08T21:44:25.583+0600] {processor.py:208} INFO - Processing /home/shamim/airflow_venv/lib/python3.12/site-packages/airflow/example_dags/example_bash_operator.py took 0.123 seconds
[2025-03-08T21:45:59.208+0600] {processor.py:186} INFO - Started process (PID=40525) to work on /home/shamim/airflow_venv/lib/python3.12/site-packages/airflow/example_dags/example_bash_operator.py
[2025-03-08T21:45:59.213+0600] {processor.py:914} INFO - Processing file /home/shamim/airflow_venv/lib/python3.12/site-packages/airflow/example_dags/example_bash_operator.py for tasks to queue
[2025-03-08T21:45:59.215+0600] {logging_mixin.py:190} INFO - [2025-03-08T21:45:59.215+0600] {dagbag.py:588} INFO - Filling up the DagBag from /home/shamim/airflow_venv/lib/python3.12/site-packages/airflow/example_dags/example_bash_operator.py
[2025-03-08T21:45:59.232+0600] {processor.py:925} INFO - DAG(s) 'example_bash_operator' retrieved from /home/shamim/airflow_venv/lib/python3.12/site-packages/airflow/example_dags/example_bash_operator.py
[2025-03-08T21:45:59.275+0600] {logging_mixin.py:190} INFO - [2025-03-08T21:45:59.274+0600] {dag.py:3239} INFO - Sync 1 DAGs
[2025-03-08T21:45:59.303+0600] {logging_mixin.py:190} INFO - [2025-03-08T21:45:59.303+0600] {dag.py:4180} INFO - Setting next_dagrun for example_bash_operator to 2025-03-07 00:00:00+00:00, run_after=2025-03-08 00:00:00+00:00
[2025-03-08T21:45:59.329+0600] {processor.py:208} INFO - Processing /home/shamim/airflow_venv/lib/python3.12/site-packages/airflow/example_dags/example_bash_operator.py took 0.131 seconds
[2025-03-08T21:47:30.363+0600] {processor.py:186} INFO - Started process (PID=41108) to work on /home/shamim/airflow_venv/lib/python3.12/site-packages/airflow/example_dags/example_bash_operator.py
[2025-03-08T21:47:30.371+0600] {processor.py:914} INFO - Processing file /home/shamim/airflow_venv/lib/python3.12/site-packages/airflow/example_dags/example_bash_operator.py for tasks to queue
[2025-03-08T21:47:30.378+0600] {logging_mixin.py:190} INFO - [2025-03-08T21:47:30.377+0600] {dagbag.py:588} INFO - Filling up the DagBag from /home/shamim/airflow_venv/lib/python3.12/site-packages/airflow/example_dags/example_bash_operator.py
[2025-03-08T21:47:30.409+0600] {processor.py:925} INFO - DAG(s) 'example_bash_operator' retrieved from /home/shamim/airflow_venv/lib/python3.12/site-packages/airflow/example_dags/example_bash_operator.py
[2025-03-08T21:47:30.465+0600] {logging_mixin.py:190} INFO - [2025-03-08T21:47:30.464+0600] {dag.py:3239} INFO - Sync 1 DAGs
[2025-03-08T21:47:30.530+0600] {logging_mixin.py:190} INFO - [2025-03-08T21:47:30.527+0600] {dag.py:4180} INFO - Setting next_dagrun for example_bash_operator to 2025-03-07 00:00:00+00:00, run_after=2025-03-08 00:00:00+00:00
[2025-03-08T21:47:30.608+0600] {processor.py:208} INFO - Processing /home/shamim/airflow_venv/lib/python3.12/site-packages/airflow/example_dags/example_bash_operator.py took 0.273 seconds
[2025-03-08T21:49:04.914+0600] {processor.py:186} INFO - Started process (PID=41747) to work on /home/shamim/airflow_venv/lib/python3.12/site-packages/airflow/example_dags/example_bash_operator.py
[2025-03-08T21:49:04.916+0600] {processor.py:914} INFO - Processing file /home/shamim/airflow_venv/lib/python3.12/site-packages/airflow/example_dags/example_bash_operator.py for tasks to queue
[2025-03-08T21:49:04.918+0600] {logging_mixin.py:190} INFO - [2025-03-08T21:49:04.917+0600] {dagbag.py:588} INFO - Filling up the DagBag from /home/shamim/airflow_venv/lib/python3.12/site-packages/airflow/example_dags/example_bash_operator.py
[2025-03-08T21:49:04.936+0600] {processor.py:925} INFO - DAG(s) 'example_bash_operator' retrieved from /home/shamim/airflow_venv/lib/python3.12/site-packages/airflow/example_dags/example_bash_operator.py
[2025-03-08T21:49:04.970+0600] {logging_mixin.py:190} INFO - [2025-03-08T21:49:04.970+0600] {dag.py:3239} INFO - Sync 1 DAGs
[2025-03-08T21:49:05.001+0600] {logging_mixin.py:190} INFO - [2025-03-08T21:49:05.001+0600] {dag.py:4180} INFO - Setting next_dagrun for example_bash_operator to 2025-03-07 00:00:00+00:00, run_after=2025-03-08 00:00:00+00:00
[2025-03-08T21:49:05.026+0600] {processor.py:208} INFO - Processing /home/shamim/airflow_venv/lib/python3.12/site-packages/airflow/example_dags/example_bash_operator.py took 0.121 seconds
[2025-03-08T21:50:46.759+0600] {processor.py:186} INFO - Started process (PID=42265) to work on /home/shamim/airflow_venv/lib/python3.12/site-packages/airflow/example_dags/example_bash_operator.py
[2025-03-08T21:50:46.762+0600] {processor.py:914} INFO - Processing file /home/shamim/airflow_venv/lib/python3.12/site-packages/airflow/example_dags/example_bash_operator.py for tasks to queue
[2025-03-08T21:50:46.765+0600] {logging_mixin.py:190} INFO - [2025-03-08T21:50:46.764+0600] {dagbag.py:588} INFO - Filling up the DagBag from /home/shamim/airflow_venv/lib/python3.12/site-packages/airflow/example_dags/example_bash_operator.py
[2025-03-08T21:50:46.782+0600] {processor.py:925} INFO - DAG(s) 'example_bash_operator' retrieved from /home/shamim/airflow_venv/lib/python3.12/site-packages/airflow/example_dags/example_bash_operator.py
[2025-03-08T21:50:46.810+0600] {logging_mixin.py:190} INFO - [2025-03-08T21:50:46.810+0600] {dag.py:3239} INFO - Sync 1 DAGs
[2025-03-08T21:50:46.836+0600] {logging_mixin.py:190} INFO - [2025-03-08T21:50:46.836+0600] {dag.py:4180} INFO - Setting next_dagrun for example_bash_operator to 2025-03-07 00:00:00+00:00, run_after=2025-03-08 00:00:00+00:00
[2025-03-08T21:50:46.864+0600] {processor.py:208} INFO - Processing /home/shamim/airflow_venv/lib/python3.12/site-packages/airflow/example_dags/example_bash_operator.py took 0.114 seconds
[2025-03-08T21:52:09.215+0600] {processor.py:186} INFO - Started process (PID=42794) to work on /home/shamim/airflow_venv/lib/python3.12/site-packages/airflow/example_dags/example_bash_operator.py
[2025-03-08T21:52:09.221+0600] {processor.py:914} INFO - Processing file /home/shamim/airflow_venv/lib/python3.12/site-packages/airflow/example_dags/example_bash_operator.py for tasks to queue
[2025-03-08T21:52:09.224+0600] {logging_mixin.py:190} INFO - [2025-03-08T21:52:09.223+0600] {dagbag.py:588} INFO - Filling up the DagBag from /home/shamim/airflow_venv/lib/python3.12/site-packages/airflow/example_dags/example_bash_operator.py
[2025-03-08T21:52:09.241+0600] {processor.py:925} INFO - DAG(s) 'example_bash_operator' retrieved from /home/shamim/airflow_venv/lib/python3.12/site-packages/airflow/example_dags/example_bash_operator.py
[2025-03-08T21:52:09.270+0600] {logging_mixin.py:190} INFO - [2025-03-08T21:52:09.270+0600] {dag.py:3239} INFO - Sync 1 DAGs
[2025-03-08T21:52:09.297+0600] {logging_mixin.py:190} INFO - [2025-03-08T21:52:09.297+0600] {dag.py:4180} INFO - Setting next_dagrun for example_bash_operator to 2025-03-07 00:00:00+00:00, run_after=2025-03-08 00:00:00+00:00
[2025-03-08T21:52:09.324+0600] {processor.py:208} INFO - Processing /home/shamim/airflow_venv/lib/python3.12/site-packages/airflow/example_dags/example_bash_operator.py took 0.118 seconds
[2025-03-08T21:53:28.104+0600] {processor.py:186} INFO - Started process (PID=43349) to work on /home/shamim/airflow_venv/lib/python3.12/site-packages/airflow/example_dags/example_bash_operator.py
[2025-03-08T21:53:28.109+0600] {processor.py:914} INFO - Processing file /home/shamim/airflow_venv/lib/python3.12/site-packages/airflow/example_dags/example_bash_operator.py for tasks to queue
[2025-03-08T21:53:28.116+0600] {logging_mixin.py:190} INFO - [2025-03-08T21:53:28.114+0600] {dagbag.py:588} INFO - Filling up the DagBag from /home/shamim/airflow_venv/lib/python3.12/site-packages/airflow/example_dags/example_bash_operator.py
[2025-03-08T21:53:28.141+0600] {processor.py:925} INFO - DAG(s) 'example_bash_operator' retrieved from /home/shamim/airflow_venv/lib/python3.12/site-packages/airflow/example_dags/example_bash_operator.py
[2025-03-08T21:53:28.168+0600] {logging_mixin.py:190} INFO - [2025-03-08T21:53:28.168+0600] {dag.py:3239} INFO - Sync 1 DAGs
[2025-03-08T21:53:28.194+0600] {logging_mixin.py:190} INFO - [2025-03-08T21:53:28.193+0600] {dag.py:4180} INFO - Setting next_dagrun for example_bash_operator to 2025-03-07 00:00:00+00:00, run_after=2025-03-08 00:00:00+00:00
[2025-03-08T21:53:28.219+0600] {processor.py:208} INFO - Processing /home/shamim/airflow_venv/lib/python3.12/site-packages/airflow/example_dags/example_bash_operator.py took 0.124 seconds
[2025-03-08T21:54:52.773+0600] {processor.py:186} INFO - Started process (PID=43901) to work on /home/shamim/airflow_venv/lib/python3.12/site-packages/airflow/example_dags/example_bash_operator.py
[2025-03-08T21:54:52.779+0600] {processor.py:914} INFO - Processing file /home/shamim/airflow_venv/lib/python3.12/site-packages/airflow/example_dags/example_bash_operator.py for tasks to queue
[2025-03-08T21:54:52.781+0600] {logging_mixin.py:190} INFO - [2025-03-08T21:54:52.781+0600] {dagbag.py:588} INFO - Filling up the DagBag from /home/shamim/airflow_venv/lib/python3.12/site-packages/airflow/example_dags/example_bash_operator.py
[2025-03-08T21:54:52.799+0600] {processor.py:925} INFO - DAG(s) 'example_bash_operator' retrieved from /home/shamim/airflow_venv/lib/python3.12/site-packages/airflow/example_dags/example_bash_operator.py
[2025-03-08T21:54:52.843+0600] {logging_mixin.py:190} INFO - [2025-03-08T21:54:52.843+0600] {dag.py:3239} INFO - Sync 1 DAGs
[2025-03-08T21:54:52.881+0600] {logging_mixin.py:190} INFO - [2025-03-08T21:54:52.880+0600] {dag.py:4180} INFO - Setting next_dagrun for example_bash_operator to 2025-03-07 00:00:00+00:00, run_after=2025-03-08 00:00:00+00:00
[2025-03-08T21:54:52.919+0600] {processor.py:208} INFO - Processing /home/shamim/airflow_venv/lib/python3.12/site-packages/airflow/example_dags/example_bash_operator.py took 0.156 seconds
[2025-03-08T21:56:23.025+0600] {processor.py:186} INFO - Started process (PID=44482) to work on /home/shamim/airflow_venv/lib/python3.12/site-packages/airflow/example_dags/example_bash_operator.py
[2025-03-08T21:56:23.031+0600] {processor.py:914} INFO - Processing file /home/shamim/airflow_venv/lib/python3.12/site-packages/airflow/example_dags/example_bash_operator.py for tasks to queue
[2025-03-08T21:56:23.034+0600] {logging_mixin.py:190} INFO - [2025-03-08T21:56:23.033+0600] {dagbag.py:588} INFO - Filling up the DagBag from /home/shamim/airflow_venv/lib/python3.12/site-packages/airflow/example_dags/example_bash_operator.py
[2025-03-08T21:56:23.051+0600] {processor.py:925} INFO - DAG(s) 'example_bash_operator' retrieved from /home/shamim/airflow_venv/lib/python3.12/site-packages/airflow/example_dags/example_bash_operator.py
[2025-03-08T21:56:23.080+0600] {logging_mixin.py:190} INFO - [2025-03-08T21:56:23.080+0600] {dag.py:3239} INFO - Sync 1 DAGs
[2025-03-08T21:56:23.106+0600] {logging_mixin.py:190} INFO - [2025-03-08T21:56:23.105+0600] {dag.py:4180} INFO - Setting next_dagrun for example_bash_operator to 2025-03-07 00:00:00+00:00, run_after=2025-03-08 00:00:00+00:00
[2025-03-08T21:56:23.134+0600] {processor.py:208} INFO - Processing /home/shamim/airflow_venv/lib/python3.12/site-packages/airflow/example_dags/example_bash_operator.py took 0.118 seconds
[2025-03-08T21:57:45.343+0600] {processor.py:186} INFO - Started process (PID=45134) to work on /home/shamim/airflow_venv/lib/python3.12/site-packages/airflow/example_dags/example_bash_operator.py
[2025-03-08T21:57:45.345+0600] {processor.py:914} INFO - Processing file /home/shamim/airflow_venv/lib/python3.12/site-packages/airflow/example_dags/example_bash_operator.py for tasks to queue
[2025-03-08T21:57:45.351+0600] {logging_mixin.py:190} INFO - [2025-03-08T21:57:45.350+0600] {dagbag.py:588} INFO - Filling up the DagBag from /home/shamim/airflow_venv/lib/python3.12/site-packages/airflow/example_dags/example_bash_operator.py
[2025-03-08T21:57:45.388+0600] {processor.py:925} INFO - DAG(s) 'example_bash_operator' retrieved from /home/shamim/airflow_venv/lib/python3.12/site-packages/airflow/example_dags/example_bash_operator.py
[2025-03-08T21:57:45.444+0600] {logging_mixin.py:190} INFO - [2025-03-08T21:57:45.441+0600] {dag.py:3239} INFO - Sync 1 DAGs
[2025-03-08T21:57:45.492+0600] {logging_mixin.py:190} INFO - [2025-03-08T21:57:45.492+0600] {dag.py:4180} INFO - Setting next_dagrun for example_bash_operator to 2025-03-07 00:00:00+00:00, run_after=2025-03-08 00:00:00+00:00
[2025-03-08T21:57:45.529+0600] {processor.py:208} INFO - Processing /home/shamim/airflow_venv/lib/python3.12/site-packages/airflow/example_dags/example_bash_operator.py took 0.219 seconds
[2025-03-08T21:59:14.318+0600] {processor.py:186} INFO - Started process (PID=45909) to work on /home/shamim/airflow_venv/lib/python3.12/site-packages/airflow/example_dags/example_bash_operator.py
[2025-03-08T21:59:14.324+0600] {processor.py:914} INFO - Processing file /home/shamim/airflow_venv/lib/python3.12/site-packages/airflow/example_dags/example_bash_operator.py for tasks to queue
[2025-03-08T21:59:14.327+0600] {logging_mixin.py:190} INFO - [2025-03-08T21:59:14.326+0600] {dagbag.py:588} INFO - Filling up the DagBag from /home/shamim/airflow_venv/lib/python3.12/site-packages/airflow/example_dags/example_bash_operator.py
[2025-03-08T21:59:14.344+0600] {processor.py:925} INFO - DAG(s) 'example_bash_operator' retrieved from /home/shamim/airflow_venv/lib/python3.12/site-packages/airflow/example_dags/example_bash_operator.py
[2025-03-08T21:59:14.376+0600] {logging_mixin.py:190} INFO - [2025-03-08T21:59:14.375+0600] {dag.py:3239} INFO - Sync 1 DAGs
[2025-03-08T21:59:14.407+0600] {logging_mixin.py:190} INFO - [2025-03-08T21:59:14.407+0600] {dag.py:4180} INFO - Setting next_dagrun for example_bash_operator to 2025-03-07 00:00:00+00:00, run_after=2025-03-08 00:00:00+00:00
[2025-03-08T21:59:14.449+0600] {processor.py:208} INFO - Processing /home/shamim/airflow_venv/lib/python3.12/site-packages/airflow/example_dags/example_bash_operator.py took 0.140 seconds
[2025-03-08T22:00:47.596+0600] {processor.py:186} INFO - Started process (PID=46554) to work on /home/shamim/airflow_venv/lib/python3.12/site-packages/airflow/example_dags/example_bash_operator.py
[2025-03-08T22:00:47.603+0600] {processor.py:914} INFO - Processing file /home/shamim/airflow_venv/lib/python3.12/site-packages/airflow/example_dags/example_bash_operator.py for tasks to queue
[2025-03-08T22:00:47.605+0600] {logging_mixin.py:190} INFO - [2025-03-08T22:00:47.605+0600] {dagbag.py:588} INFO - Filling up the DagBag from /home/shamim/airflow_venv/lib/python3.12/site-packages/airflow/example_dags/example_bash_operator.py
[2025-03-08T22:00:47.622+0600] {processor.py:925} INFO - DAG(s) 'example_bash_operator' retrieved from /home/shamim/airflow_venv/lib/python3.12/site-packages/airflow/example_dags/example_bash_operator.py
[2025-03-08T22:00:47.651+0600] {logging_mixin.py:190} INFO - [2025-03-08T22:00:47.650+0600] {dag.py:3239} INFO - Sync 1 DAGs
[2025-03-08T22:00:47.678+0600] {logging_mixin.py:190} INFO - [2025-03-08T22:00:47.678+0600] {dag.py:4180} INFO - Setting next_dagrun for example_bash_operator to 2025-03-07 00:00:00+00:00, run_after=2025-03-08 00:00:00+00:00
[2025-03-08T22:00:47.706+0600] {processor.py:208} INFO - Processing /home/shamim/airflow_venv/lib/python3.12/site-packages/airflow/example_dags/example_bash_operator.py took 0.119 seconds
[2025-03-08T22:02:19.176+0600] {processor.py:186} INFO - Started process (PID=47383) to work on /home/shamim/airflow_venv/lib/python3.12/site-packages/airflow/example_dags/example_bash_operator.py
[2025-03-08T22:02:19.182+0600] {processor.py:914} INFO - Processing file /home/shamim/airflow_venv/lib/python3.12/site-packages/airflow/example_dags/example_bash_operator.py for tasks to queue
[2025-03-08T22:02:19.185+0600] {logging_mixin.py:190} INFO - [2025-03-08T22:02:19.184+0600] {dagbag.py:588} INFO - Filling up the DagBag from /home/shamim/airflow_venv/lib/python3.12/site-packages/airflow/example_dags/example_bash_operator.py
[2025-03-08T22:02:19.206+0600] {processor.py:925} INFO - DAG(s) 'example_bash_operator' retrieved from /home/shamim/airflow_venv/lib/python3.12/site-packages/airflow/example_dags/example_bash_operator.py
[2025-03-08T22:02:19.243+0600] {logging_mixin.py:190} INFO - [2025-03-08T22:02:19.243+0600] {dag.py:3239} INFO - Sync 1 DAGs
[2025-03-08T22:02:19.278+0600] {logging_mixin.py:190} INFO - [2025-03-08T22:02:19.277+0600] {dag.py:4180} INFO - Setting next_dagrun for example_bash_operator to 2025-03-07 00:00:00+00:00, run_after=2025-03-08 00:00:00+00:00
[2025-03-08T22:02:19.317+0600] {processor.py:208} INFO - Processing /home/shamim/airflow_venv/lib/python3.12/site-packages/airflow/example_dags/example_bash_operator.py took 0.152 seconds
[2025-03-08T22:03:49.376+0600] {processor.py:186} INFO - Started process (PID=48153) to work on /home/shamim/airflow_venv/lib/python3.12/site-packages/airflow/example_dags/example_bash_operator.py
[2025-03-08T22:03:49.380+0600] {processor.py:914} INFO - Processing file /home/shamim/airflow_venv/lib/python3.12/site-packages/airflow/example_dags/example_bash_operator.py for tasks to queue
[2025-03-08T22:03:49.383+0600] {logging_mixin.py:190} INFO - [2025-03-08T22:03:49.382+0600] {dagbag.py:588} INFO - Filling up the DagBag from /home/shamim/airflow_venv/lib/python3.12/site-packages/airflow/example_dags/example_bash_operator.py
[2025-03-08T22:03:49.402+0600] {processor.py:925} INFO - DAG(s) 'example_bash_operator' retrieved from /home/shamim/airflow_venv/lib/python3.12/site-packages/airflow/example_dags/example_bash_operator.py
[2025-03-08T22:03:49.440+0600] {logging_mixin.py:190} INFO - [2025-03-08T22:03:49.440+0600] {dag.py:3239} INFO - Sync 1 DAGs
[2025-03-08T22:03:49.478+0600] {logging_mixin.py:190} INFO - [2025-03-08T22:03:49.477+0600] {dag.py:4180} INFO - Setting next_dagrun for example_bash_operator to 2025-03-07 00:00:00+00:00, run_after=2025-03-08 00:00:00+00:00
[2025-03-08T22:03:49.508+0600] {processor.py:208} INFO - Processing /home/shamim/airflow_venv/lib/python3.12/site-packages/airflow/example_dags/example_bash_operator.py took 0.152 seconds
[2025-03-08T22:05:19.079+0600] {processor.py:186} INFO - Started process (PID=48691) to work on /home/shamim/airflow_venv/lib/python3.12/site-packages/airflow/example_dags/example_bash_operator.py
[2025-03-08T22:05:19.088+0600] {processor.py:914} INFO - Processing file /home/shamim/airflow_venv/lib/python3.12/site-packages/airflow/example_dags/example_bash_operator.py for tasks to queue
[2025-03-08T22:05:19.094+0600] {logging_mixin.py:190} INFO - [2025-03-08T22:05:19.093+0600] {dagbag.py:588} INFO - Filling up the DagBag from /home/shamim/airflow_venv/lib/python3.12/site-packages/airflow/example_dags/example_bash_operator.py
[2025-03-08T22:05:19.118+0600] {processor.py:925} INFO - DAG(s) 'example_bash_operator' retrieved from /home/shamim/airflow_venv/lib/python3.12/site-packages/airflow/example_dags/example_bash_operator.py
[2025-03-08T22:05:19.151+0600] {logging_mixin.py:190} INFO - [2025-03-08T22:05:19.150+0600] {dag.py:3239} INFO - Sync 1 DAGs
[2025-03-08T22:05:19.179+0600] {logging_mixin.py:190} INFO - [2025-03-08T22:05:19.179+0600] {dag.py:4180} INFO - Setting next_dagrun for example_bash_operator to 2025-03-07 00:00:00+00:00, run_after=2025-03-08 00:00:00+00:00
[2025-03-08T22:05:19.207+0600] {processor.py:208} INFO - Processing /home/shamim/airflow_venv/lib/python3.12/site-packages/airflow/example_dags/example_bash_operator.py took 0.168 seconds
[2025-03-08T22:06:53.736+0600] {processor.py:186} INFO - Started process (PID=49304) to work on /home/shamim/airflow_venv/lib/python3.12/site-packages/airflow/example_dags/example_bash_operator.py
[2025-03-08T22:06:53.738+0600] {processor.py:914} INFO - Processing file /home/shamim/airflow_venv/lib/python3.12/site-packages/airflow/example_dags/example_bash_operator.py for tasks to queue
[2025-03-08T22:06:53.741+0600] {logging_mixin.py:190} INFO - [2025-03-08T22:06:53.740+0600] {dagbag.py:588} INFO - Filling up the DagBag from /home/shamim/airflow_venv/lib/python3.12/site-packages/airflow/example_dags/example_bash_operator.py
[2025-03-08T22:06:53.758+0600] {processor.py:925} INFO - DAG(s) 'example_bash_operator' retrieved from /home/shamim/airflow_venv/lib/python3.12/site-packages/airflow/example_dags/example_bash_operator.py
[2025-03-08T22:06:53.798+0600] {logging_mixin.py:190} INFO - [2025-03-08T22:06:53.798+0600] {dag.py:3239} INFO - Sync 1 DAGs
[2025-03-08T22:06:53.834+0600] {logging_mixin.py:190} INFO - [2025-03-08T22:06:53.833+0600] {dag.py:4180} INFO - Setting next_dagrun for example_bash_operator to 2025-03-07 00:00:00+00:00, run_after=2025-03-08 00:00:00+00:00
[2025-03-08T22:06:53.865+0600] {processor.py:208} INFO - Processing /home/shamim/airflow_venv/lib/python3.12/site-packages/airflow/example_dags/example_bash_operator.py took 0.139 seconds
[2025-03-08T22:08:32.327+0600] {processor.py:186} INFO - Started process (PID=50149) to work on /home/shamim/airflow_venv/lib/python3.12/site-packages/airflow/example_dags/example_bash_operator.py
[2025-03-08T22:08:32.334+0600] {processor.py:914} INFO - Processing file /home/shamim/airflow_venv/lib/python3.12/site-packages/airflow/example_dags/example_bash_operator.py for tasks to queue
[2025-03-08T22:08:32.337+0600] {logging_mixin.py:190} INFO - [2025-03-08T22:08:32.337+0600] {dagbag.py:588} INFO - Filling up the DagBag from /home/shamim/airflow_venv/lib/python3.12/site-packages/airflow/example_dags/example_bash_operator.py
[2025-03-08T22:08:32.358+0600] {processor.py:925} INFO - DAG(s) 'example_bash_operator' retrieved from /home/shamim/airflow_venv/lib/python3.12/site-packages/airflow/example_dags/example_bash_operator.py
[2025-03-08T22:08:32.388+0600] {logging_mixin.py:190} INFO - [2025-03-08T22:08:32.387+0600] {dag.py:3239} INFO - Sync 1 DAGs
[2025-03-08T22:08:32.414+0600] {logging_mixin.py:190} INFO - [2025-03-08T22:08:32.413+0600] {dag.py:4180} INFO - Setting next_dagrun for example_bash_operator to 2025-03-07 00:00:00+00:00, run_after=2025-03-08 00:00:00+00:00
[2025-03-08T22:08:32.451+0600] {processor.py:208} INFO - Processing /home/shamim/airflow_venv/lib/python3.12/site-packages/airflow/example_dags/example_bash_operator.py took 0.138 seconds
[2025-03-08T22:10:05.417+0600] {processor.py:186} INFO - Started process (PID=50965) to work on /home/shamim/airflow_venv/lib/python3.12/site-packages/airflow/example_dags/example_bash_operator.py
[2025-03-08T22:10:05.423+0600] {processor.py:914} INFO - Processing file /home/shamim/airflow_venv/lib/python3.12/site-packages/airflow/example_dags/example_bash_operator.py for tasks to queue
[2025-03-08T22:10:05.426+0600] {logging_mixin.py:190} INFO - [2025-03-08T22:10:05.425+0600] {dagbag.py:588} INFO - Filling up the DagBag from /home/shamim/airflow_venv/lib/python3.12/site-packages/airflow/example_dags/example_bash_operator.py
[2025-03-08T22:10:05.443+0600] {processor.py:925} INFO - DAG(s) 'example_bash_operator' retrieved from /home/shamim/airflow_venv/lib/python3.12/site-packages/airflow/example_dags/example_bash_operator.py
[2025-03-08T22:10:05.474+0600] {logging_mixin.py:190} INFO - [2025-03-08T22:10:05.474+0600] {dag.py:3239} INFO - Sync 1 DAGs
[2025-03-08T22:10:05.504+0600] {logging_mixin.py:190} INFO - [2025-03-08T22:10:05.504+0600] {dag.py:4180} INFO - Setting next_dagrun for example_bash_operator to 2025-03-07 00:00:00+00:00, run_after=2025-03-08 00:00:00+00:00
[2025-03-08T22:10:05.544+0600] {processor.py:208} INFO - Processing /home/shamim/airflow_venv/lib/python3.12/site-packages/airflow/example_dags/example_bash_operator.py took 0.137 seconds
[2025-03-08T22:11:38.435+0600] {processor.py:186} INFO - Started process (PID=51508) to work on /home/shamim/airflow_venv/lib/python3.12/site-packages/airflow/example_dags/example_bash_operator.py
[2025-03-08T22:11:38.444+0600] {processor.py:914} INFO - Processing file /home/shamim/airflow_venv/lib/python3.12/site-packages/airflow/example_dags/example_bash_operator.py for tasks to queue
[2025-03-08T22:11:38.450+0600] {logging_mixin.py:190} INFO - [2025-03-08T22:11:38.450+0600] {dagbag.py:588} INFO - Filling up the DagBag from /home/shamim/airflow_venv/lib/python3.12/site-packages/airflow/example_dags/example_bash_operator.py
[2025-03-08T22:11:38.475+0600] {processor.py:925} INFO - DAG(s) 'example_bash_operator' retrieved from /home/shamim/airflow_venv/lib/python3.12/site-packages/airflow/example_dags/example_bash_operator.py
[2025-03-08T22:11:38.506+0600] {logging_mixin.py:190} INFO - [2025-03-08T22:11:38.505+0600] {dag.py:3239} INFO - Sync 1 DAGs
[2025-03-08T22:11:38.532+0600] {logging_mixin.py:190} INFO - [2025-03-08T22:11:38.532+0600] {dag.py:4180} INFO - Setting next_dagrun for example_bash_operator to 2025-03-07 00:00:00+00:00, run_after=2025-03-08 00:00:00+00:00
[2025-03-08T22:11:38.569+0600] {processor.py:208} INFO - Processing /home/shamim/airflow_venv/lib/python3.12/site-packages/airflow/example_dags/example_bash_operator.py took 0.171 seconds
[2025-03-08T22:13:12.393+0600] {processor.py:186} INFO - Started process (PID=52025) to work on /home/shamim/airflow_venv/lib/python3.12/site-packages/airflow/example_dags/example_bash_operator.py
[2025-03-08T22:13:12.401+0600] {processor.py:914} INFO - Processing file /home/shamim/airflow_venv/lib/python3.12/site-packages/airflow/example_dags/example_bash_operator.py for tasks to queue
[2025-03-08T22:13:12.409+0600] {logging_mixin.py:190} INFO - [2025-03-08T22:13:12.407+0600] {dagbag.py:588} INFO - Filling up the DagBag from /home/shamim/airflow_venv/lib/python3.12/site-packages/airflow/example_dags/example_bash_operator.py
[2025-03-08T22:13:12.440+0600] {processor.py:925} INFO - DAG(s) 'example_bash_operator' retrieved from /home/shamim/airflow_venv/lib/python3.12/site-packages/airflow/example_dags/example_bash_operator.py
[2025-03-08T22:13:12.477+0600] {logging_mixin.py:190} INFO - [2025-03-08T22:13:12.476+0600] {dag.py:3239} INFO - Sync 1 DAGs
[2025-03-08T22:13:12.506+0600] {logging_mixin.py:190} INFO - [2025-03-08T22:13:12.506+0600] {dag.py:4180} INFO - Setting next_dagrun for example_bash_operator to 2025-03-07 00:00:00+00:00, run_after=2025-03-08 00:00:00+00:00
[2025-03-08T22:13:12.546+0600] {processor.py:208} INFO - Processing /home/shamim/airflow_venv/lib/python3.12/site-packages/airflow/example_dags/example_bash_operator.py took 0.184 seconds
[2025-03-08T22:14:41.910+0600] {processor.py:186} INFO - Started process (PID=52524) to work on /home/shamim/airflow_venv/lib/python3.12/site-packages/airflow/example_dags/example_bash_operator.py
[2025-03-08T22:14:41.913+0600] {processor.py:914} INFO - Processing file /home/shamim/airflow_venv/lib/python3.12/site-packages/airflow/example_dags/example_bash_operator.py for tasks to queue
[2025-03-08T22:14:41.916+0600] {logging_mixin.py:190} INFO - [2025-03-08T22:14:41.915+0600] {dagbag.py:588} INFO - Filling up the DagBag from /home/shamim/airflow_venv/lib/python3.12/site-packages/airflow/example_dags/example_bash_operator.py
[2025-03-08T22:14:41.934+0600] {processor.py:925} INFO - DAG(s) 'example_bash_operator' retrieved from /home/shamim/airflow_venv/lib/python3.12/site-packages/airflow/example_dags/example_bash_operator.py
[2025-03-08T22:14:41.963+0600] {logging_mixin.py:190} INFO - [2025-03-08T22:14:41.963+0600] {dag.py:3239} INFO - Sync 1 DAGs
[2025-03-08T22:14:41.988+0600] {logging_mixin.py:190} INFO - [2025-03-08T22:14:41.988+0600] {dag.py:4180} INFO - Setting next_dagrun for example_bash_operator to 2025-03-07 00:00:00+00:00, run_after=2025-03-08 00:00:00+00:00
[2025-03-08T22:14:42.013+0600] {processor.py:208} INFO - Processing /home/shamim/airflow_venv/lib/python3.12/site-packages/airflow/example_dags/example_bash_operator.py took 0.113 seconds
[2025-03-08T22:16:18.557+0600] {processor.py:186} INFO - Started process (PID=53069) to work on /home/shamim/airflow_venv/lib/python3.12/site-packages/airflow/example_dags/example_bash_operator.py
[2025-03-08T22:16:18.559+0600] {processor.py:914} INFO - Processing file /home/shamim/airflow_venv/lib/python3.12/site-packages/airflow/example_dags/example_bash_operator.py for tasks to queue
[2025-03-08T22:16:18.563+0600] {logging_mixin.py:190} INFO - [2025-03-08T22:16:18.562+0600] {dagbag.py:588} INFO - Filling up the DagBag from /home/shamim/airflow_venv/lib/python3.12/site-packages/airflow/example_dags/example_bash_operator.py
[2025-03-08T22:16:18.586+0600] {processor.py:925} INFO - DAG(s) 'example_bash_operator' retrieved from /home/shamim/airflow_venv/lib/python3.12/site-packages/airflow/example_dags/example_bash_operator.py
[2025-03-08T22:16:18.635+0600] {logging_mixin.py:190} INFO - [2025-03-08T22:16:18.635+0600] {dag.py:3239} INFO - Sync 1 DAGs
[2025-03-08T22:16:18.677+0600] {logging_mixin.py:190} INFO - [2025-03-08T22:16:18.677+0600] {dag.py:4180} INFO - Setting next_dagrun for example_bash_operator to 2025-03-07 00:00:00+00:00, run_after=2025-03-08 00:00:00+00:00
[2025-03-08T22:16:18.715+0600] {processor.py:208} INFO - Processing /home/shamim/airflow_venv/lib/python3.12/site-packages/airflow/example_dags/example_bash_operator.py took 0.171 seconds
[2025-03-08T22:18:01.276+0600] {processor.py:186} INFO - Started process (PID=53595) to work on /home/shamim/airflow_venv/lib/python3.12/site-packages/airflow/example_dags/example_bash_operator.py
[2025-03-08T22:18:01.283+0600] {processor.py:914} INFO - Processing file /home/shamim/airflow_venv/lib/python3.12/site-packages/airflow/example_dags/example_bash_operator.py for tasks to queue
[2025-03-08T22:18:01.290+0600] {logging_mixin.py:190} INFO - [2025-03-08T22:18:01.288+0600] {dagbag.py:588} INFO - Filling up the DagBag from /home/shamim/airflow_venv/lib/python3.12/site-packages/airflow/example_dags/example_bash_operator.py
[2025-03-08T22:18:01.316+0600] {processor.py:925} INFO - DAG(s) 'example_bash_operator' retrieved from /home/shamim/airflow_venv/lib/python3.12/site-packages/airflow/example_dags/example_bash_operator.py
[2025-03-08T22:18:01.345+0600] {logging_mixin.py:190} INFO - [2025-03-08T22:18:01.344+0600] {dag.py:3239} INFO - Sync 1 DAGs
[2025-03-08T22:18:01.372+0600] {logging_mixin.py:190} INFO - [2025-03-08T22:18:01.372+0600] {dag.py:4180} INFO - Setting next_dagrun for example_bash_operator to 2025-03-07 00:00:00+00:00, run_after=2025-03-08 00:00:00+00:00
[2025-03-08T22:18:01.399+0600] {processor.py:208} INFO - Processing /home/shamim/airflow_venv/lib/python3.12/site-packages/airflow/example_dags/example_bash_operator.py took 0.132 seconds
[2025-03-08T22:19:36.812+0600] {processor.py:186} INFO - Started process (PID=54458) to work on /home/shamim/airflow_venv/lib/python3.12/site-packages/airflow/example_dags/example_bash_operator.py
[2025-03-08T22:19:36.820+0600] {processor.py:914} INFO - Processing file /home/shamim/airflow_venv/lib/python3.12/site-packages/airflow/example_dags/example_bash_operator.py for tasks to queue
[2025-03-08T22:19:36.827+0600] {logging_mixin.py:190} INFO - [2025-03-08T22:19:36.825+0600] {dagbag.py:588} INFO - Filling up the DagBag from /home/shamim/airflow_venv/lib/python3.12/site-packages/airflow/example_dags/example_bash_operator.py
[2025-03-08T22:19:36.881+0600] {processor.py:925} INFO - DAG(s) 'example_bash_operator' retrieved from /home/shamim/airflow_venv/lib/python3.12/site-packages/airflow/example_dags/example_bash_operator.py
[2025-03-08T22:19:36.917+0600] {logging_mixin.py:190} INFO - [2025-03-08T22:19:36.917+0600] {dag.py:3239} INFO - Sync 1 DAGs
[2025-03-08T22:19:36.949+0600] {logging_mixin.py:190} INFO - [2025-03-08T22:19:36.948+0600] {dag.py:4180} INFO - Setting next_dagrun for example_bash_operator to 2025-03-07 00:00:00+00:00, run_after=2025-03-08 00:00:00+00:00
[2025-03-08T22:19:36.980+0600] {processor.py:208} INFO - Processing /home/shamim/airflow_venv/lib/python3.12/site-packages/airflow/example_dags/example_bash_operator.py took 0.201 seconds
[2025-03-08T22:21:10.992+0600] {processor.py:186} INFO - Started process (PID=55125) to work on /home/shamim/airflow_venv/lib/python3.12/site-packages/airflow/example_dags/example_bash_operator.py
[2025-03-08T22:21:11.004+0600] {processor.py:914} INFO - Processing file /home/shamim/airflow_venv/lib/python3.12/site-packages/airflow/example_dags/example_bash_operator.py for tasks to queue
[2025-03-08T22:21:11.008+0600] {logging_mixin.py:190} INFO - [2025-03-08T22:21:11.007+0600] {dagbag.py:588} INFO - Filling up the DagBag from /home/shamim/airflow_venv/lib/python3.12/site-packages/airflow/example_dags/example_bash_operator.py
[2025-03-08T22:21:11.031+0600] {processor.py:925} INFO - DAG(s) 'example_bash_operator' retrieved from /home/shamim/airflow_venv/lib/python3.12/site-packages/airflow/example_dags/example_bash_operator.py
[2025-03-08T22:21:11.067+0600] {logging_mixin.py:190} INFO - [2025-03-08T22:21:11.066+0600] {dag.py:3239} INFO - Sync 1 DAGs
[2025-03-08T22:21:11.097+0600] {logging_mixin.py:190} INFO - [2025-03-08T22:21:11.096+0600] {dag.py:4180} INFO - Setting next_dagrun for example_bash_operator to 2025-03-07 00:00:00+00:00, run_after=2025-03-08 00:00:00+00:00
[2025-03-08T22:21:11.133+0600] {processor.py:208} INFO - Processing /home/shamim/airflow_venv/lib/python3.12/site-packages/airflow/example_dags/example_bash_operator.py took 0.151 seconds
[2025-03-08T22:22:53.498+0600] {processor.py:186} INFO - Started process (PID=55893) to work on /home/shamim/airflow_venv/lib/python3.12/site-packages/airflow/example_dags/example_bash_operator.py
[2025-03-08T22:22:53.505+0600] {processor.py:914} INFO - Processing file /home/shamim/airflow_venv/lib/python3.12/site-packages/airflow/example_dags/example_bash_operator.py for tasks to queue
[2025-03-08T22:22:53.509+0600] {logging_mixin.py:190} INFO - [2025-03-08T22:22:53.508+0600] {dagbag.py:588} INFO - Filling up the DagBag from /home/shamim/airflow_venv/lib/python3.12/site-packages/airflow/example_dags/example_bash_operator.py
[2025-03-08T22:22:53.531+0600] {processor.py:925} INFO - DAG(s) 'example_bash_operator' retrieved from /home/shamim/airflow_venv/lib/python3.12/site-packages/airflow/example_dags/example_bash_operator.py
[2025-03-08T22:22:53.562+0600] {logging_mixin.py:190} INFO - [2025-03-08T22:22:53.561+0600] {dag.py:3239} INFO - Sync 1 DAGs
[2025-03-08T22:22:53.734+0600] {logging_mixin.py:190} INFO - [2025-03-08T22:22:53.733+0600] {dag.py:4180} INFO - Setting next_dagrun for example_bash_operator to 2025-03-07 00:00:00+00:00, run_after=2025-03-08 00:00:00+00:00
[2025-03-08T22:22:54.616+0600] {processor.py:208} INFO - Processing /home/shamim/airflow_venv/lib/python3.12/site-packages/airflow/example_dags/example_bash_operator.py took 1.133 seconds
[2025-03-08T22:24:34.282+0600] {processor.py:186} INFO - Started process (PID=56579) to work on /home/shamim/airflow_venv/lib/python3.12/site-packages/airflow/example_dags/example_bash_operator.py
[2025-03-08T22:24:34.288+0600] {processor.py:914} INFO - Processing file /home/shamim/airflow_venv/lib/python3.12/site-packages/airflow/example_dags/example_bash_operator.py for tasks to queue
[2025-03-08T22:24:34.291+0600] {logging_mixin.py:190} INFO - [2025-03-08T22:24:34.290+0600] {dagbag.py:588} INFO - Filling up the DagBag from /home/shamim/airflow_venv/lib/python3.12/site-packages/airflow/example_dags/example_bash_operator.py
[2025-03-08T22:24:34.310+0600] {processor.py:925} INFO - DAG(s) 'example_bash_operator' retrieved from /home/shamim/airflow_venv/lib/python3.12/site-packages/airflow/example_dags/example_bash_operator.py
[2025-03-08T22:24:34.343+0600] {logging_mixin.py:190} INFO - [2025-03-08T22:24:34.343+0600] {dag.py:3239} INFO - Sync 1 DAGs
[2025-03-08T22:24:34.505+0600] {logging_mixin.py:190} INFO - [2025-03-08T22:24:34.505+0600] {dag.py:4180} INFO - Setting next_dagrun for example_bash_operator to 2025-03-07 00:00:00+00:00, run_after=2025-03-08 00:00:00+00:00
[2025-03-08T22:24:34.534+0600] {processor.py:208} INFO - Processing /home/shamim/airflow_venv/lib/python3.12/site-packages/airflow/example_dags/example_bash_operator.py took 0.266 seconds
[2025-03-08T22:26:09.709+0600] {processor.py:186} INFO - Started process (PID=57243) to work on /home/shamim/airflow_venv/lib/python3.12/site-packages/airflow/example_dags/example_bash_operator.py
[2025-03-08T22:26:09.715+0600] {processor.py:914} INFO - Processing file /home/shamim/airflow_venv/lib/python3.12/site-packages/airflow/example_dags/example_bash_operator.py for tasks to queue
[2025-03-08T22:26:09.718+0600] {logging_mixin.py:190} INFO - [2025-03-08T22:26:09.717+0600] {dagbag.py:588} INFO - Filling up the DagBag from /home/shamim/airflow_venv/lib/python3.12/site-packages/airflow/example_dags/example_bash_operator.py
[2025-03-08T22:26:09.735+0600] {processor.py:925} INFO - DAG(s) 'example_bash_operator' retrieved from /home/shamim/airflow_venv/lib/python3.12/site-packages/airflow/example_dags/example_bash_operator.py
[2025-03-08T22:26:09.764+0600] {logging_mixin.py:190} INFO - [2025-03-08T22:26:09.764+0600] {dag.py:3239} INFO - Sync 1 DAGs
[2025-03-08T22:26:09.924+0600] {logging_mixin.py:190} INFO - [2025-03-08T22:26:09.924+0600] {dag.py:4180} INFO - Setting next_dagrun for example_bash_operator to 2025-03-07 00:00:00+00:00, run_after=2025-03-08 00:00:00+00:00
[2025-03-08T22:26:09.947+0600] {processor.py:208} INFO - Processing /home/shamim/airflow_venv/lib/python3.12/site-packages/airflow/example_dags/example_bash_operator.py took 0.247 seconds
[2025-03-08T22:27:52.397+0600] {processor.py:186} INFO - Started process (PID=57867) to work on /home/shamim/airflow_venv/lib/python3.12/site-packages/airflow/example_dags/example_bash_operator.py
[2025-03-08T22:27:52.398+0600] {processor.py:914} INFO - Processing file /home/shamim/airflow_venv/lib/python3.12/site-packages/airflow/example_dags/example_bash_operator.py for tasks to queue
[2025-03-08T22:27:52.401+0600] {logging_mixin.py:190} INFO - [2025-03-08T22:27:52.400+0600] {dagbag.py:588} INFO - Filling up the DagBag from /home/shamim/airflow_venv/lib/python3.12/site-packages/airflow/example_dags/example_bash_operator.py
[2025-03-08T22:27:52.421+0600] {processor.py:925} INFO - DAG(s) 'example_bash_operator' retrieved from /home/shamim/airflow_venv/lib/python3.12/site-packages/airflow/example_dags/example_bash_operator.py
[2025-03-08T22:27:52.453+0600] {logging_mixin.py:190} INFO - [2025-03-08T22:27:52.453+0600] {dag.py:3239} INFO - Sync 1 DAGs
[2025-03-08T22:27:52.635+0600] {logging_mixin.py:190} INFO - [2025-03-08T22:27:52.635+0600] {dag.py:4180} INFO - Setting next_dagrun for example_bash_operator to 2025-03-07 00:00:00+00:00, run_after=2025-03-08 00:00:00+00:00
[2025-03-08T22:27:52.666+0600] {processor.py:208} INFO - Processing /home/shamim/airflow_venv/lib/python3.12/site-packages/airflow/example_dags/example_bash_operator.py took 0.285 seconds
[2025-03-08T22:29:36.917+0600] {processor.py:186} INFO - Started process (PID=58376) to work on /home/shamim/airflow_venv/lib/python3.12/site-packages/airflow/example_dags/example_bash_operator.py
[2025-03-08T22:29:36.922+0600] {processor.py:914} INFO - Processing file /home/shamim/airflow_venv/lib/python3.12/site-packages/airflow/example_dags/example_bash_operator.py for tasks to queue
[2025-03-08T22:29:36.925+0600] {logging_mixin.py:190} INFO - [2025-03-08T22:29:36.924+0600] {dagbag.py:588} INFO - Filling up the DagBag from /home/shamim/airflow_venv/lib/python3.12/site-packages/airflow/example_dags/example_bash_operator.py
[2025-03-08T22:29:36.942+0600] {processor.py:925} INFO - DAG(s) 'example_bash_operator' retrieved from /home/shamim/airflow_venv/lib/python3.12/site-packages/airflow/example_dags/example_bash_operator.py
[2025-03-08T22:29:36.971+0600] {logging_mixin.py:190} INFO - [2025-03-08T22:29:36.970+0600] {dag.py:3239} INFO - Sync 1 DAGs
[2025-03-08T22:29:36.998+0600] {logging_mixin.py:190} INFO - [2025-03-08T22:29:36.998+0600] {dag.py:4180} INFO - Setting next_dagrun for example_bash_operator to 2025-03-07 00:00:00+00:00, run_after=2025-03-08 00:00:00+00:00
[2025-03-08T22:29:37.032+0600] {processor.py:208} INFO - Processing /home/shamim/airflow_venv/lib/python3.12/site-packages/airflow/example_dags/example_bash_operator.py took 0.124 seconds
[2025-03-08T22:31:12.665+0600] {processor.py:186} INFO - Started process (PID=58886) to work on /home/shamim/airflow_venv/lib/python3.12/site-packages/airflow/example_dags/example_bash_operator.py
[2025-03-08T22:31:12.672+0600] {processor.py:914} INFO - Processing file /home/shamim/airflow_venv/lib/python3.12/site-packages/airflow/example_dags/example_bash_operator.py for tasks to queue
[2025-03-08T22:31:12.677+0600] {logging_mixin.py:190} INFO - [2025-03-08T22:31:12.676+0600] {dagbag.py:588} INFO - Filling up the DagBag from /home/shamim/airflow_venv/lib/python3.12/site-packages/airflow/example_dags/example_bash_operator.py
[2025-03-08T22:31:12.710+0600] {processor.py:925} INFO - DAG(s) 'example_bash_operator' retrieved from /home/shamim/airflow_venv/lib/python3.12/site-packages/airflow/example_dags/example_bash_operator.py
[2025-03-08T22:31:12.743+0600] {logging_mixin.py:190} INFO - [2025-03-08T22:31:12.743+0600] {dag.py:3239} INFO - Sync 1 DAGs
[2025-03-08T22:31:12.774+0600] {logging_mixin.py:190} INFO - [2025-03-08T22:31:12.773+0600] {dag.py:4180} INFO - Setting next_dagrun for example_bash_operator to 2025-03-07 00:00:00+00:00, run_after=2025-03-08 00:00:00+00:00
[2025-03-08T22:31:12.802+0600] {processor.py:208} INFO - Processing /home/shamim/airflow_venv/lib/python3.12/site-packages/airflow/example_dags/example_bash_operator.py took 0.157 seconds
[2025-03-08T22:32:42.715+0600] {processor.py:186} INFO - Started process (PID=59377) to work on /home/shamim/airflow_venv/lib/python3.12/site-packages/airflow/example_dags/example_bash_operator.py
[2025-03-08T22:32:42.721+0600] {processor.py:914} INFO - Processing file /home/shamim/airflow_venv/lib/python3.12/site-packages/airflow/example_dags/example_bash_operator.py for tasks to queue
[2025-03-08T22:32:42.724+0600] {logging_mixin.py:190} INFO - [2025-03-08T22:32:42.723+0600] {dagbag.py:588} INFO - Filling up the DagBag from /home/shamim/airflow_venv/lib/python3.12/site-packages/airflow/example_dags/example_bash_operator.py
[2025-03-08T22:32:42.742+0600] {processor.py:925} INFO - DAG(s) 'example_bash_operator' retrieved from /home/shamim/airflow_venv/lib/python3.12/site-packages/airflow/example_dags/example_bash_operator.py
[2025-03-08T22:32:42.773+0600] {logging_mixin.py:190} INFO - [2025-03-08T22:32:42.772+0600] {dag.py:3239} INFO - Sync 1 DAGs
[2025-03-08T22:32:42.800+0600] {logging_mixin.py:190} INFO - [2025-03-08T22:32:42.800+0600] {dag.py:4180} INFO - Setting next_dagrun for example_bash_operator to 2025-03-07 00:00:00+00:00, run_after=2025-03-08 00:00:00+00:00
[2025-03-08T22:32:42.837+0600] {processor.py:208} INFO - Processing /home/shamim/airflow_venv/lib/python3.12/site-packages/airflow/example_dags/example_bash_operator.py took 0.131 seconds
[2025-03-08T22:34:13.207+0600] {processor.py:186} INFO - Started process (PID=59981) to work on /home/shamim/airflow_venv/lib/python3.12/site-packages/airflow/example_dags/example_bash_operator.py
[2025-03-08T22:34:13.213+0600] {processor.py:914} INFO - Processing file /home/shamim/airflow_venv/lib/python3.12/site-packages/airflow/example_dags/example_bash_operator.py for tasks to queue
[2025-03-08T22:34:13.215+0600] {logging_mixin.py:190} INFO - [2025-03-08T22:34:13.215+0600] {dagbag.py:588} INFO - Filling up the DagBag from /home/shamim/airflow_venv/lib/python3.12/site-packages/airflow/example_dags/example_bash_operator.py
[2025-03-08T22:34:13.232+0600] {processor.py:925} INFO - DAG(s) 'example_bash_operator' retrieved from /home/shamim/airflow_venv/lib/python3.12/site-packages/airflow/example_dags/example_bash_operator.py
[2025-03-08T22:34:13.258+0600] {logging_mixin.py:190} INFO - [2025-03-08T22:34:13.258+0600] {dag.py:3239} INFO - Sync 1 DAGs
[2025-03-08T22:34:13.285+0600] {logging_mixin.py:190} INFO - [2025-03-08T22:34:13.284+0600] {dag.py:4180} INFO - Setting next_dagrun for example_bash_operator to 2025-03-07 00:00:00+00:00, run_after=2025-03-08 00:00:00+00:00
[2025-03-08T22:34:13.316+0600] {processor.py:208} INFO - Processing /home/shamim/airflow_venv/lib/python3.12/site-packages/airflow/example_dags/example_bash_operator.py took 0.123 seconds
