[2025-03-08T21:07:38.085+0600] {processor.py:186} INFO - Started process (PID=26388) to work on /home/shamim/airflow_venv/lib/python3.12/site-packages/airflow/example_dags/example_xcomargs.py
[2025-03-08T21:07:38.086+0600] {processor.py:914} INFO - Processing file /home/shamim/airflow_venv/lib/python3.12/site-packages/airflow/example_dags/example_xcomargs.py for tasks to queue
[2025-03-08T21:07:38.089+0600] {logging_mixin.py:190} INFO - [2025-03-08T21:07:38.089+0600] {dagbag.py:588} INFO - Filling up the DagBag from /home/shamim/airflow_venv/lib/python3.12/site-packages/airflow/example_dags/example_xcomargs.py
[2025-03-08T21:07:38.103+0600] {processor.py:925} INFO - DAG(s) 'example_xcom_args_with_operators', 'example_xcom_args' retrieved from /home/shamim/airflow_venv/lib/python3.12/site-packages/airflow/example_dags/example_xcomargs.py
[2025-03-08T21:07:38.136+0600] {logging_mixin.py:190} INFO - [2025-03-08T21:07:38.136+0600] {dag.py:3239} INFO - Sync 2 DAGs
[2025-03-08T21:07:38.154+0600] {logging_mixin.py:190} INFO - [2025-03-08T21:07:38.153+0600] {dag.py:4180} INFO - Setting next_dagrun for example_xcom_args to None, run_after=None
[2025-03-08T21:07:38.158+0600] {logging_mixin.py:190} INFO - [2025-03-08T21:07:38.158+0600] {dag.py:4180} INFO - Setting next_dagrun for example_xcom_args_with_operators to None, run_after=None
[2025-03-08T21:07:38.185+0600] {processor.py:208} INFO - Processing /home/shamim/airflow_venv/lib/python3.12/site-packages/airflow/example_dags/example_xcomargs.py took 0.108 seconds
[2025-03-08T21:09:11.244+0600] {processor.py:186} INFO - Started process (PID=26693) to work on /home/shamim/airflow_venv/lib/python3.12/site-packages/airflow/example_dags/example_xcomargs.py
[2025-03-08T21:09:11.247+0600] {processor.py:914} INFO - Processing file /home/shamim/airflow_venv/lib/python3.12/site-packages/airflow/example_dags/example_xcomargs.py for tasks to queue
[2025-03-08T21:09:11.252+0600] {logging_mixin.py:190} INFO - [2025-03-08T21:09:11.251+0600] {dagbag.py:588} INFO - Filling up the DagBag from /home/shamim/airflow_venv/lib/python3.12/site-packages/airflow/example_dags/example_xcomargs.py
[2025-03-08T21:09:11.267+0600] {processor.py:925} INFO - DAG(s) 'example_xcom_args_with_operators', 'example_xcom_args' retrieved from /home/shamim/airflow_venv/lib/python3.12/site-packages/airflow/example_dags/example_xcomargs.py
[2025-03-08T21:09:11.306+0600] {logging_mixin.py:190} INFO - [2025-03-08T21:09:11.306+0600] {dag.py:3239} INFO - Sync 2 DAGs
[2025-03-08T21:09:11.325+0600] {logging_mixin.py:190} INFO - [2025-03-08T21:09:11.325+0600] {dag.py:4180} INFO - Setting next_dagrun for example_xcom_args to None, run_after=None
[2025-03-08T21:09:11.330+0600] {logging_mixin.py:190} INFO - [2025-03-08T21:09:11.330+0600] {dag.py:4180} INFO - Setting next_dagrun for example_xcom_args_with_operators to None, run_after=None
[2025-03-08T21:09:11.361+0600] {processor.py:208} INFO - Processing /home/shamim/airflow_venv/lib/python3.12/site-packages/airflow/example_dags/example_xcomargs.py took 0.131 seconds
[2025-03-08T21:11:36.760+0600] {processor.py:186} INFO - Started process (PID=27381) to work on /home/shamim/airflow_venv/lib/python3.12/site-packages/airflow/example_dags/example_xcomargs.py
[2025-03-08T21:11:36.761+0600] {processor.py:914} INFO - Processing file /home/shamim/airflow_venv/lib/python3.12/site-packages/airflow/example_dags/example_xcomargs.py for tasks to queue
[2025-03-08T21:11:36.764+0600] {logging_mixin.py:190} INFO - [2025-03-08T21:11:36.763+0600] {dagbag.py:588} INFO - Filling up the DagBag from /home/shamim/airflow_venv/lib/python3.12/site-packages/airflow/example_dags/example_xcomargs.py
[2025-03-08T21:11:36.777+0600] {processor.py:925} INFO - DAG(s) 'example_xcom_args', 'example_xcom_args_with_operators' retrieved from /home/shamim/airflow_venv/lib/python3.12/site-packages/airflow/example_dags/example_xcomargs.py
[2025-03-08T21:11:36.810+0600] {logging_mixin.py:190} INFO - [2025-03-08T21:11:36.810+0600] {dag.py:3239} INFO - Sync 2 DAGs
[2025-03-08T21:11:36.827+0600] {logging_mixin.py:190} INFO - [2025-03-08T21:11:36.826+0600] {dag.py:4180} INFO - Setting next_dagrun for example_xcom_args to None, run_after=None
[2025-03-08T21:11:36.831+0600] {logging_mixin.py:190} INFO - [2025-03-08T21:11:36.831+0600] {dag.py:4180} INFO - Setting next_dagrun for example_xcom_args_with_operators to None, run_after=None
[2025-03-08T21:11:36.852+0600] {processor.py:208} INFO - Processing /home/shamim/airflow_venv/lib/python3.12/site-packages/airflow/example_dags/example_xcomargs.py took 0.099 seconds
[2025-03-08T21:12:50.685+0600] {processor.py:186} INFO - Started process (PID=27803) to work on /home/shamim/airflow_venv/lib/python3.12/site-packages/airflow/example_dags/example_xcomargs.py
[2025-03-08T21:12:50.691+0600] {processor.py:914} INFO - Processing file /home/shamim/airflow_venv/lib/python3.12/site-packages/airflow/example_dags/example_xcomargs.py for tasks to queue
[2025-03-08T21:12:50.697+0600] {logging_mixin.py:190} INFO - [2025-03-08T21:12:50.696+0600] {dagbag.py:588} INFO - Filling up the DagBag from /home/shamim/airflow_venv/lib/python3.12/site-packages/airflow/example_dags/example_xcomargs.py
[2025-03-08T21:12:50.714+0600] {processor.py:925} INFO - DAG(s) 'example_xcom_args_with_operators', 'example_xcom_args' retrieved from /home/shamim/airflow_venv/lib/python3.12/site-packages/airflow/example_dags/example_xcomargs.py
[2025-03-08T21:12:50.740+0600] {logging_mixin.py:190} INFO - [2025-03-08T21:12:50.739+0600] {dag.py:3239} INFO - Sync 2 DAGs
[2025-03-08T21:12:50.758+0600] {logging_mixin.py:190} INFO - [2025-03-08T21:12:50.758+0600] {dag.py:4180} INFO - Setting next_dagrun for example_xcom_args to None, run_after=None
[2025-03-08T21:12:50.763+0600] {logging_mixin.py:190} INFO - [2025-03-08T21:12:50.763+0600] {dag.py:4180} INFO - Setting next_dagrun for example_xcom_args_with_operators to None, run_after=None
[2025-03-08T21:12:50.790+0600] {processor.py:208} INFO - Processing /home/shamim/airflow_venv/lib/python3.12/site-packages/airflow/example_dags/example_xcomargs.py took 0.117 seconds
[2025-03-08T21:14:25.001+0600] {processor.py:186} INFO - Started process (PID=28387) to work on /home/shamim/airflow_venv/lib/python3.12/site-packages/airflow/example_dags/example_xcomargs.py
[2025-03-08T21:14:25.004+0600] {processor.py:914} INFO - Processing file /home/shamim/airflow_venv/lib/python3.12/site-packages/airflow/example_dags/example_xcomargs.py for tasks to queue
[2025-03-08T21:14:25.007+0600] {logging_mixin.py:190} INFO - [2025-03-08T21:14:25.006+0600] {dagbag.py:588} INFO - Filling up the DagBag from /home/shamim/airflow_venv/lib/python3.12/site-packages/airflow/example_dags/example_xcomargs.py
[2025-03-08T21:14:25.020+0600] {processor.py:925} INFO - DAG(s) 'example_xcom_args_with_operators', 'example_xcom_args' retrieved from /home/shamim/airflow_venv/lib/python3.12/site-packages/airflow/example_dags/example_xcomargs.py
[2025-03-08T21:14:25.044+0600] {logging_mixin.py:190} INFO - [2025-03-08T21:14:25.043+0600] {dag.py:3239} INFO - Sync 2 DAGs
[2025-03-08T21:14:25.060+0600] {logging_mixin.py:190} INFO - [2025-03-08T21:14:25.059+0600] {dag.py:4180} INFO - Setting next_dagrun for example_xcom_args to None, run_after=None
[2025-03-08T21:14:25.065+0600] {logging_mixin.py:190} INFO - [2025-03-08T21:14:25.064+0600] {dag.py:4180} INFO - Setting next_dagrun for example_xcom_args_with_operators to None, run_after=None
[2025-03-08T21:14:25.089+0600] {processor.py:208} INFO - Processing /home/shamim/airflow_venv/lib/python3.12/site-packages/airflow/example_dags/example_xcomargs.py took 0.095 seconds
[2025-03-08T21:17:08.165+0600] {processor.py:186} INFO - Started process (PID=29749) to work on /home/shamim/airflow_venv/lib/python3.12/site-packages/airflow/example_dags/example_xcomargs.py
[2025-03-08T21:17:08.171+0600] {processor.py:914} INFO - Processing file /home/shamim/airflow_venv/lib/python3.12/site-packages/airflow/example_dags/example_xcomargs.py for tasks to queue
[2025-03-08T21:17:08.174+0600] {logging_mixin.py:190} INFO - [2025-03-08T21:17:08.174+0600] {dagbag.py:588} INFO - Filling up the DagBag from /home/shamim/airflow_venv/lib/python3.12/site-packages/airflow/example_dags/example_xcomargs.py
[2025-03-08T21:17:08.189+0600] {processor.py:925} INFO - DAG(s) 'example_xcom_args', 'example_xcom_args_with_operators' retrieved from /home/shamim/airflow_venv/lib/python3.12/site-packages/airflow/example_dags/example_xcomargs.py
[2025-03-08T21:17:08.212+0600] {logging_mixin.py:190} INFO - [2025-03-08T21:17:08.212+0600] {dag.py:3239} INFO - Sync 2 DAGs
[2025-03-08T21:17:08.227+0600] {logging_mixin.py:190} INFO - [2025-03-08T21:17:08.227+0600] {dag.py:4180} INFO - Setting next_dagrun for example_xcom_args to None, run_after=None
[2025-03-08T21:17:08.231+0600] {logging_mixin.py:190} INFO - [2025-03-08T21:17:08.231+0600] {dag.py:4180} INFO - Setting next_dagrun for example_xcom_args_with_operators to None, run_after=None
[2025-03-08T21:17:08.267+0600] {processor.py:208} INFO - Processing /home/shamim/airflow_venv/lib/python3.12/site-packages/airflow/example_dags/example_xcomargs.py took 0.109 seconds
[2025-03-08T21:18:06.512+0600] {processor.py:186} INFO - Started process (PID=30058) to work on /home/shamim/airflow_venv/lib/python3.12/site-packages/airflow/example_dags/example_xcomargs.py
[2025-03-08T21:18:06.519+0600] {processor.py:914} INFO - Processing file /home/shamim/airflow_venv/lib/python3.12/site-packages/airflow/example_dags/example_xcomargs.py for tasks to queue
[2025-03-08T21:18:06.521+0600] {logging_mixin.py:190} INFO - [2025-03-08T21:18:06.521+0600] {dagbag.py:588} INFO - Filling up the DagBag from /home/shamim/airflow_venv/lib/python3.12/site-packages/airflow/example_dags/example_xcomargs.py
[2025-03-08T21:18:06.535+0600] {processor.py:925} INFO - DAG(s) 'example_xcom_args_with_operators', 'example_xcom_args' retrieved from /home/shamim/airflow_venv/lib/python3.12/site-packages/airflow/example_dags/example_xcomargs.py
[2025-03-08T21:18:06.558+0600] {logging_mixin.py:190} INFO - [2025-03-08T21:18:06.558+0600] {dag.py:3239} INFO - Sync 2 DAGs
[2025-03-08T21:18:06.574+0600] {logging_mixin.py:190} INFO - [2025-03-08T21:18:06.574+0600] {dag.py:4180} INFO - Setting next_dagrun for example_xcom_args to None, run_after=None
[2025-03-08T21:18:06.578+0600] {logging_mixin.py:190} INFO - [2025-03-08T21:18:06.578+0600] {dag.py:4180} INFO - Setting next_dagrun for example_xcom_args_with_operators to None, run_after=None
[2025-03-08T21:18:06.611+0600] {processor.py:208} INFO - Processing /home/shamim/airflow_venv/lib/python3.12/site-packages/airflow/example_dags/example_xcomargs.py took 0.106 seconds
[2025-03-08T21:19:33.401+0600] {processor.py:186} INFO - Started process (PID=30603) to work on /home/shamim/airflow_venv/lib/python3.12/site-packages/airflow/example_dags/example_xcomargs.py
[2025-03-08T21:19:33.405+0600] {processor.py:914} INFO - Processing file /home/shamim/airflow_venv/lib/python3.12/site-packages/airflow/example_dags/example_xcomargs.py for tasks to queue
[2025-03-08T21:19:33.407+0600] {logging_mixin.py:190} INFO - [2025-03-08T21:19:33.407+0600] {dagbag.py:588} INFO - Filling up the DagBag from /home/shamim/airflow_venv/lib/python3.12/site-packages/airflow/example_dags/example_xcomargs.py
[2025-03-08T21:19:33.420+0600] {processor.py:925} INFO - DAG(s) 'example_xcom_args', 'example_xcom_args_with_operators' retrieved from /home/shamim/airflow_venv/lib/python3.12/site-packages/airflow/example_dags/example_xcomargs.py
[2025-03-08T21:19:33.443+0600] {logging_mixin.py:190} INFO - [2025-03-08T21:19:33.443+0600] {dag.py:3239} INFO - Sync 2 DAGs
[2025-03-08T21:19:33.458+0600] {logging_mixin.py:190} INFO - [2025-03-08T21:19:33.458+0600] {dag.py:4180} INFO - Setting next_dagrun for example_xcom_args to None, run_after=None
[2025-03-08T21:19:33.462+0600] {logging_mixin.py:190} INFO - [2025-03-08T21:19:33.462+0600] {dag.py:4180} INFO - Setting next_dagrun for example_xcom_args_with_operators to None, run_after=None
[2025-03-08T21:19:33.485+0600] {processor.py:208} INFO - Processing /home/shamim/airflow_venv/lib/python3.12/site-packages/airflow/example_dags/example_xcomargs.py took 0.091 seconds
[2025-03-08T21:20:53.231+0600] {processor.py:186} INFO - Started process (PID=31171) to work on /home/shamim/airflow_venv/lib/python3.12/site-packages/airflow/example_dags/example_xcomargs.py
[2025-03-08T21:20:53.237+0600] {processor.py:914} INFO - Processing file /home/shamim/airflow_venv/lib/python3.12/site-packages/airflow/example_dags/example_xcomargs.py for tasks to queue
[2025-03-08T21:20:53.240+0600] {logging_mixin.py:190} INFO - [2025-03-08T21:20:53.240+0600] {dagbag.py:588} INFO - Filling up the DagBag from /home/shamim/airflow_venv/lib/python3.12/site-packages/airflow/example_dags/example_xcomargs.py
[2025-03-08T21:20:53.258+0600] {processor.py:925} INFO - DAG(s) 'example_xcom_args_with_operators', 'example_xcom_args' retrieved from /home/shamim/airflow_venv/lib/python3.12/site-packages/airflow/example_dags/example_xcomargs.py
[2025-03-08T21:20:53.289+0600] {logging_mixin.py:190} INFO - [2025-03-08T21:20:53.289+0600] {dag.py:3239} INFO - Sync 2 DAGs
[2025-03-08T21:20:53.306+0600] {logging_mixin.py:190} INFO - [2025-03-08T21:20:53.306+0600] {dag.py:4180} INFO - Setting next_dagrun for example_xcom_args to None, run_after=None
[2025-03-08T21:20:53.310+0600] {logging_mixin.py:190} INFO - [2025-03-08T21:20:53.310+0600] {dag.py:4180} INFO - Setting next_dagrun for example_xcom_args_with_operators to None, run_after=None
[2025-03-08T21:20:53.333+0600] {processor.py:208} INFO - Processing /home/shamim/airflow_venv/lib/python3.12/site-packages/airflow/example_dags/example_xcomargs.py took 0.110 seconds
[2025-03-08T21:22:17.279+0600] {processor.py:186} INFO - Started process (PID=31711) to work on /home/shamim/airflow_venv/lib/python3.12/site-packages/airflow/example_dags/example_xcomargs.py
[2025-03-08T21:22:17.285+0600] {processor.py:914} INFO - Processing file /home/shamim/airflow_venv/lib/python3.12/site-packages/airflow/example_dags/example_xcomargs.py for tasks to queue
[2025-03-08T21:22:17.288+0600] {logging_mixin.py:190} INFO - [2025-03-08T21:22:17.288+0600] {dagbag.py:588} INFO - Filling up the DagBag from /home/shamim/airflow_venv/lib/python3.12/site-packages/airflow/example_dags/example_xcomargs.py
[2025-03-08T21:22:17.304+0600] {processor.py:925} INFO - DAG(s) 'example_xcom_args_with_operators', 'example_xcom_args' retrieved from /home/shamim/airflow_venv/lib/python3.12/site-packages/airflow/example_dags/example_xcomargs.py
[2025-03-08T21:22:17.331+0600] {logging_mixin.py:190} INFO - [2025-03-08T21:22:17.330+0600] {dag.py:3239} INFO - Sync 2 DAGs
[2025-03-08T21:22:17.350+0600] {logging_mixin.py:190} INFO - [2025-03-08T21:22:17.349+0600] {dag.py:4180} INFO - Setting next_dagrun for example_xcom_args to None, run_after=None
[2025-03-08T21:22:17.355+0600] {logging_mixin.py:190} INFO - [2025-03-08T21:22:17.355+0600] {dag.py:4180} INFO - Setting next_dagrun for example_xcom_args_with_operators to None, run_after=None
[2025-03-08T21:22:17.390+0600] {processor.py:208} INFO - Processing /home/shamim/airflow_venv/lib/python3.12/site-packages/airflow/example_dags/example_xcomargs.py took 0.119 seconds
[2025-03-08T21:23:50.068+0600] {processor.py:186} INFO - Started process (PID=32228) to work on /home/shamim/airflow_venv/lib/python3.12/site-packages/airflow/example_dags/example_xcomargs.py
[2025-03-08T21:23:50.084+0600] {processor.py:914} INFO - Processing file /home/shamim/airflow_venv/lib/python3.12/site-packages/airflow/example_dags/example_xcomargs.py for tasks to queue
[2025-03-08T21:23:50.087+0600] {logging_mixin.py:190} INFO - [2025-03-08T21:23:50.087+0600] {dagbag.py:588} INFO - Filling up the DagBag from /home/shamim/airflow_venv/lib/python3.12/site-packages/airflow/example_dags/example_xcomargs.py
[2025-03-08T21:23:50.101+0600] {processor.py:925} INFO - DAG(s) 'example_xcom_args', 'example_xcom_args_with_operators' retrieved from /home/shamim/airflow_venv/lib/python3.12/site-packages/airflow/example_dags/example_xcomargs.py
[2025-03-08T21:23:50.125+0600] {logging_mixin.py:190} INFO - [2025-03-08T21:23:50.125+0600] {dag.py:3239} INFO - Sync 2 DAGs
[2025-03-08T21:23:50.141+0600] {logging_mixin.py:190} INFO - [2025-03-08T21:23:50.141+0600] {dag.py:4180} INFO - Setting next_dagrun for example_xcom_args to None, run_after=None
[2025-03-08T21:23:50.146+0600] {logging_mixin.py:190} INFO - [2025-03-08T21:23:50.145+0600] {dag.py:4180} INFO - Setting next_dagrun for example_xcom_args_with_operators to None, run_after=None
[2025-03-08T21:23:50.168+0600] {processor.py:208} INFO - Processing /home/shamim/airflow_venv/lib/python3.12/site-packages/airflow/example_dags/example_xcomargs.py took 0.106 seconds
[2025-03-08T21:25:27.248+0600] {processor.py:186} INFO - Started process (PID=32730) to work on /home/shamim/airflow_venv/lib/python3.12/site-packages/airflow/example_dags/example_xcomargs.py
[2025-03-08T21:25:27.254+0600] {processor.py:914} INFO - Processing file /home/shamim/airflow_venv/lib/python3.12/site-packages/airflow/example_dags/example_xcomargs.py for tasks to queue
[2025-03-08T21:25:27.257+0600] {logging_mixin.py:190} INFO - [2025-03-08T21:25:27.256+0600] {dagbag.py:588} INFO - Filling up the DagBag from /home/shamim/airflow_venv/lib/python3.12/site-packages/airflow/example_dags/example_xcomargs.py
[2025-03-08T21:25:27.271+0600] {processor.py:925} INFO - DAG(s) 'example_xcom_args', 'example_xcom_args_with_operators' retrieved from /home/shamim/airflow_venv/lib/python3.12/site-packages/airflow/example_dags/example_xcomargs.py
[2025-03-08T21:25:27.298+0600] {logging_mixin.py:190} INFO - [2025-03-08T21:25:27.297+0600] {dag.py:3239} INFO - Sync 2 DAGs
[2025-03-08T21:25:27.314+0600] {logging_mixin.py:190} INFO - [2025-03-08T21:25:27.314+0600] {dag.py:4180} INFO - Setting next_dagrun for example_xcom_args to None, run_after=None
[2025-03-08T21:25:27.319+0600] {logging_mixin.py:190} INFO - [2025-03-08T21:25:27.318+0600] {dag.py:4180} INFO - Setting next_dagrun for example_xcom_args_with_operators to None, run_after=None
[2025-03-08T21:25:27.352+0600] {processor.py:208} INFO - Processing /home/shamim/airflow_venv/lib/python3.12/site-packages/airflow/example_dags/example_xcomargs.py took 0.111 seconds
[2025-03-08T21:27:00.981+0600] {processor.py:186} INFO - Started process (PID=33248) to work on /home/shamim/airflow_venv/lib/python3.12/site-packages/airflow/example_dags/example_xcomargs.py
[2025-03-08T21:27:00.987+0600] {processor.py:914} INFO - Processing file /home/shamim/airflow_venv/lib/python3.12/site-packages/airflow/example_dags/example_xcomargs.py for tasks to queue
[2025-03-08T21:27:00.990+0600] {logging_mixin.py:190} INFO - [2025-03-08T21:27:00.989+0600] {dagbag.py:588} INFO - Filling up the DagBag from /home/shamim/airflow_venv/lib/python3.12/site-packages/airflow/example_dags/example_xcomargs.py
[2025-03-08T21:27:01.003+0600] {processor.py:925} INFO - DAG(s) 'example_xcom_args_with_operators', 'example_xcom_args' retrieved from /home/shamim/airflow_venv/lib/python3.12/site-packages/airflow/example_dags/example_xcomargs.py
[2025-03-08T21:27:01.025+0600] {logging_mixin.py:190} INFO - [2025-03-08T21:27:01.025+0600] {dag.py:3239} INFO - Sync 2 DAGs
[2025-03-08T21:27:01.041+0600] {logging_mixin.py:190} INFO - [2025-03-08T21:27:01.041+0600] {dag.py:4180} INFO - Setting next_dagrun for example_xcom_args to None, run_after=None
[2025-03-08T21:27:01.045+0600] {logging_mixin.py:190} INFO - [2025-03-08T21:27:01.045+0600] {dag.py:4180} INFO - Setting next_dagrun for example_xcom_args_with_operators to None, run_after=None
[2025-03-08T21:27:01.079+0600] {processor.py:208} INFO - Processing /home/shamim/airflow_venv/lib/python3.12/site-packages/airflow/example_dags/example_xcomargs.py took 0.105 seconds
[2025-03-08T21:28:32.506+0600] {processor.py:186} INFO - Started process (PID=33891) to work on /home/shamim/airflow_venv/lib/python3.12/site-packages/airflow/example_dags/example_xcomargs.py
[2025-03-08T21:28:32.513+0600] {processor.py:914} INFO - Processing file /home/shamim/airflow_venv/lib/python3.12/site-packages/airflow/example_dags/example_xcomargs.py for tasks to queue
[2025-03-08T21:28:32.521+0600] {logging_mixin.py:190} INFO - [2025-03-08T21:28:32.520+0600] {dagbag.py:588} INFO - Filling up the DagBag from /home/shamim/airflow_venv/lib/python3.12/site-packages/airflow/example_dags/example_xcomargs.py
[2025-03-08T21:28:32.546+0600] {processor.py:925} INFO - DAG(s) 'example_xcom_args_with_operators', 'example_xcom_args' retrieved from /home/shamim/airflow_venv/lib/python3.12/site-packages/airflow/example_dags/example_xcomargs.py
[2025-03-08T21:28:32.590+0600] {logging_mixin.py:190} INFO - [2025-03-08T21:28:32.590+0600] {dag.py:3239} INFO - Sync 2 DAGs
[2025-03-08T21:28:32.621+0600] {logging_mixin.py:190} INFO - [2025-03-08T21:28:32.620+0600] {dag.py:4180} INFO - Setting next_dagrun for example_xcom_args to None, run_after=None
[2025-03-08T21:28:32.629+0600] {logging_mixin.py:190} INFO - [2025-03-08T21:28:32.628+0600] {dag.py:4180} INFO - Setting next_dagrun for example_xcom_args_with_operators to None, run_after=None
[2025-03-08T21:28:32.704+0600] {processor.py:208} INFO - Processing /home/shamim/airflow_venv/lib/python3.12/site-packages/airflow/example_dags/example_xcomargs.py took 0.209 seconds
[2025-03-08T21:30:07.669+0600] {processor.py:186} INFO - Started process (PID=34685) to work on /home/shamim/airflow_venv/lib/python3.12/site-packages/airflow/example_dags/example_xcomargs.py
[2025-03-08T21:30:07.670+0600] {processor.py:914} INFO - Processing file /home/shamim/airflow_venv/lib/python3.12/site-packages/airflow/example_dags/example_xcomargs.py for tasks to queue
[2025-03-08T21:30:07.673+0600] {logging_mixin.py:190} INFO - [2025-03-08T21:30:07.673+0600] {dagbag.py:588} INFO - Filling up the DagBag from /home/shamim/airflow_venv/lib/python3.12/site-packages/airflow/example_dags/example_xcomargs.py
[2025-03-08T21:30:07.686+0600] {processor.py:925} INFO - DAG(s) 'example_xcom_args', 'example_xcom_args_with_operators' retrieved from /home/shamim/airflow_venv/lib/python3.12/site-packages/airflow/example_dags/example_xcomargs.py
[2025-03-08T21:30:07.709+0600] {logging_mixin.py:190} INFO - [2025-03-08T21:30:07.708+0600] {dag.py:3239} INFO - Sync 2 DAGs
[2025-03-08T21:30:07.725+0600] {logging_mixin.py:190} INFO - [2025-03-08T21:30:07.725+0600] {dag.py:4180} INFO - Setting next_dagrun for example_xcom_args to None, run_after=None
[2025-03-08T21:30:07.729+0600] {logging_mixin.py:190} INFO - [2025-03-08T21:30:07.728+0600] {dag.py:4180} INFO - Setting next_dagrun for example_xcom_args_with_operators to None, run_after=None
[2025-03-08T21:30:07.762+0600] {processor.py:208} INFO - Processing /home/shamim/airflow_venv/lib/python3.12/site-packages/airflow/example_dags/example_xcomargs.py took 0.102 seconds
[2025-03-08T21:31:43.023+0600] {processor.py:186} INFO - Started process (PID=35227) to work on /home/shamim/airflow_venv/lib/python3.12/site-packages/airflow/example_dags/example_xcomargs.py
[2025-03-08T21:31:43.037+0600] {processor.py:914} INFO - Processing file /home/shamim/airflow_venv/lib/python3.12/site-packages/airflow/example_dags/example_xcomargs.py for tasks to queue
[2025-03-08T21:31:43.039+0600] {logging_mixin.py:190} INFO - [2025-03-08T21:31:43.038+0600] {dagbag.py:588} INFO - Filling up the DagBag from /home/shamim/airflow_venv/lib/python3.12/site-packages/airflow/example_dags/example_xcomargs.py
[2025-03-08T21:31:43.052+0600] {processor.py:925} INFO - DAG(s) 'example_xcom_args', 'example_xcom_args_with_operators' retrieved from /home/shamim/airflow_venv/lib/python3.12/site-packages/airflow/example_dags/example_xcomargs.py
[2025-03-08T21:31:43.075+0600] {logging_mixin.py:190} INFO - [2025-03-08T21:31:43.075+0600] {dag.py:3239} INFO - Sync 2 DAGs
[2025-03-08T21:31:43.092+0600] {logging_mixin.py:190} INFO - [2025-03-08T21:31:43.092+0600] {dag.py:4180} INFO - Setting next_dagrun for example_xcom_args to None, run_after=None
[2025-03-08T21:31:43.097+0600] {logging_mixin.py:190} INFO - [2025-03-08T21:31:43.096+0600] {dag.py:4180} INFO - Setting next_dagrun for example_xcom_args_with_operators to None, run_after=None
[2025-03-08T21:31:43.117+0600] {processor.py:208} INFO - Processing /home/shamim/airflow_venv/lib/python3.12/site-packages/airflow/example_dags/example_xcomargs.py took 0.103 seconds
[2025-03-08T21:33:19.078+0600] {processor.py:186} INFO - Started process (PID=35861) to work on /home/shamim/airflow_venv/lib/python3.12/site-packages/airflow/example_dags/example_xcomargs.py
[2025-03-08T21:33:19.081+0600] {processor.py:914} INFO - Processing file /home/shamim/airflow_venv/lib/python3.12/site-packages/airflow/example_dags/example_xcomargs.py for tasks to queue
[2025-03-08T21:33:19.083+0600] {logging_mixin.py:190} INFO - [2025-03-08T21:33:19.083+0600] {dagbag.py:588} INFO - Filling up the DagBag from /home/shamim/airflow_venv/lib/python3.12/site-packages/airflow/example_dags/example_xcomargs.py
[2025-03-08T21:33:19.097+0600] {processor.py:925} INFO - DAG(s) 'example_xcom_args', 'example_xcom_args_with_operators' retrieved from /home/shamim/airflow_venv/lib/python3.12/site-packages/airflow/example_dags/example_xcomargs.py
[2025-03-08T21:33:19.119+0600] {logging_mixin.py:190} INFO - [2025-03-08T21:33:19.119+0600] {dag.py:3239} INFO - Sync 2 DAGs
[2025-03-08T21:33:19.135+0600] {logging_mixin.py:190} INFO - [2025-03-08T21:33:19.135+0600] {dag.py:4180} INFO - Setting next_dagrun for example_xcom_args to None, run_after=None
[2025-03-08T21:33:19.140+0600] {logging_mixin.py:190} INFO - [2025-03-08T21:33:19.139+0600] {dag.py:4180} INFO - Setting next_dagrun for example_xcom_args_with_operators to None, run_after=None
[2025-03-08T21:33:19.162+0600] {processor.py:208} INFO - Processing /home/shamim/airflow_venv/lib/python3.12/site-packages/airflow/example_dags/example_xcomargs.py took 0.093 seconds
[2025-03-08T21:34:47.610+0600] {processor.py:186} INFO - Started process (PID=36400) to work on /home/shamim/airflow_venv/lib/python3.12/site-packages/airflow/example_dags/example_xcomargs.py
[2025-03-08T21:34:47.616+0600] {processor.py:914} INFO - Processing file /home/shamim/airflow_venv/lib/python3.12/site-packages/airflow/example_dags/example_xcomargs.py for tasks to queue
[2025-03-08T21:34:47.618+0600] {logging_mixin.py:190} INFO - [2025-03-08T21:34:47.618+0600] {dagbag.py:588} INFO - Filling up the DagBag from /home/shamim/airflow_venv/lib/python3.12/site-packages/airflow/example_dags/example_xcomargs.py
[2025-03-08T21:34:47.632+0600] {processor.py:925} INFO - DAG(s) 'example_xcom_args', 'example_xcom_args_with_operators' retrieved from /home/shamim/airflow_venv/lib/python3.12/site-packages/airflow/example_dags/example_xcomargs.py
[2025-03-08T21:34:47.658+0600] {logging_mixin.py:190} INFO - [2025-03-08T21:34:47.658+0600] {dag.py:3239} INFO - Sync 2 DAGs
[2025-03-08T21:34:47.675+0600] {logging_mixin.py:190} INFO - [2025-03-08T21:34:47.674+0600] {dag.py:4180} INFO - Setting next_dagrun for example_xcom_args to None, run_after=None
[2025-03-08T21:34:47.679+0600] {logging_mixin.py:190} INFO - [2025-03-08T21:34:47.678+0600] {dag.py:4180} INFO - Setting next_dagrun for example_xcom_args_with_operators to None, run_after=None
[2025-03-08T21:34:47.703+0600] {processor.py:208} INFO - Processing /home/shamim/airflow_venv/lib/python3.12/site-packages/airflow/example_dags/example_xcomargs.py took 0.103 seconds
[2025-03-08T21:36:20.614+0600] {processor.py:186} INFO - Started process (PID=36946) to work on /home/shamim/airflow_venv/lib/python3.12/site-packages/airflow/example_dags/example_xcomargs.py
[2025-03-08T21:36:20.628+0600] {processor.py:914} INFO - Processing file /home/shamim/airflow_venv/lib/python3.12/site-packages/airflow/example_dags/example_xcomargs.py for tasks to queue
[2025-03-08T21:36:20.631+0600] {logging_mixin.py:190} INFO - [2025-03-08T21:36:20.630+0600] {dagbag.py:588} INFO - Filling up the DagBag from /home/shamim/airflow_venv/lib/python3.12/site-packages/airflow/example_dags/example_xcomargs.py
[2025-03-08T21:36:20.652+0600] {processor.py:925} INFO - DAG(s) 'example_xcom_args_with_operators', 'example_xcom_args' retrieved from /home/shamim/airflow_venv/lib/python3.12/site-packages/airflow/example_dags/example_xcomargs.py
[2025-03-08T21:36:20.688+0600] {logging_mixin.py:190} INFO - [2025-03-08T21:36:20.688+0600] {dag.py:3239} INFO - Sync 2 DAGs
[2025-03-08T21:36:20.714+0600] {logging_mixin.py:190} INFO - [2025-03-08T21:36:20.713+0600] {dag.py:4180} INFO - Setting next_dagrun for example_xcom_args to None, run_after=None
[2025-03-08T21:36:20.720+0600] {logging_mixin.py:190} INFO - [2025-03-08T21:36:20.719+0600] {dag.py:4180} INFO - Setting next_dagrun for example_xcom_args_with_operators to None, run_after=None
[2025-03-08T21:36:20.750+0600] {processor.py:208} INFO - Processing /home/shamim/airflow_venv/lib/python3.12/site-packages/airflow/example_dags/example_xcomargs.py took 0.147 seconds
[2025-03-08T21:37:55.250+0600] {processor.py:186} INFO - Started process (PID=37515) to work on /home/shamim/airflow_venv/lib/python3.12/site-packages/airflow/example_dags/example_xcomargs.py
[2025-03-08T21:37:55.256+0600] {processor.py:914} INFO - Processing file /home/shamim/airflow_venv/lib/python3.12/site-packages/airflow/example_dags/example_xcomargs.py for tasks to queue
[2025-03-08T21:37:55.258+0600] {logging_mixin.py:190} INFO - [2025-03-08T21:37:55.258+0600] {dagbag.py:588} INFO - Filling up the DagBag from /home/shamim/airflow_venv/lib/python3.12/site-packages/airflow/example_dags/example_xcomargs.py
[2025-03-08T21:37:55.272+0600] {processor.py:925} INFO - DAG(s) 'example_xcom_args', 'example_xcom_args_with_operators' retrieved from /home/shamim/airflow_venv/lib/python3.12/site-packages/airflow/example_dags/example_xcomargs.py
[2025-03-08T21:37:55.295+0600] {logging_mixin.py:190} INFO - [2025-03-08T21:37:55.294+0600] {dag.py:3239} INFO - Sync 2 DAGs
[2025-03-08T21:37:55.310+0600] {logging_mixin.py:190} INFO - [2025-03-08T21:37:55.310+0600] {dag.py:4180} INFO - Setting next_dagrun for example_xcom_args to None, run_after=None
[2025-03-08T21:37:55.315+0600] {logging_mixin.py:190} INFO - [2025-03-08T21:37:55.315+0600] {dag.py:4180} INFO - Setting next_dagrun for example_xcom_args_with_operators to None, run_after=None
[2025-03-08T21:37:55.348+0600] {processor.py:208} INFO - Processing /home/shamim/airflow_venv/lib/python3.12/site-packages/airflow/example_dags/example_xcomargs.py took 0.107 seconds
[2025-03-08T21:39:23.267+0600] {processor.py:186} INFO - Started process (PID=38120) to work on /home/shamim/airflow_venv/lib/python3.12/site-packages/airflow/example_dags/example_xcomargs.py
[2025-03-08T21:39:23.273+0600] {processor.py:914} INFO - Processing file /home/shamim/airflow_venv/lib/python3.12/site-packages/airflow/example_dags/example_xcomargs.py for tasks to queue
[2025-03-08T21:39:23.276+0600] {logging_mixin.py:190} INFO - [2025-03-08T21:39:23.275+0600] {dagbag.py:588} INFO - Filling up the DagBag from /home/shamim/airflow_venv/lib/python3.12/site-packages/airflow/example_dags/example_xcomargs.py
[2025-03-08T21:39:23.289+0600] {processor.py:925} INFO - DAG(s) 'example_xcom_args', 'example_xcom_args_with_operators' retrieved from /home/shamim/airflow_venv/lib/python3.12/site-packages/airflow/example_dags/example_xcomargs.py
[2025-03-08T21:39:23.316+0600] {logging_mixin.py:190} INFO - [2025-03-08T21:39:23.315+0600] {dag.py:3239} INFO - Sync 2 DAGs
[2025-03-08T21:39:23.334+0600] {logging_mixin.py:190} INFO - [2025-03-08T21:39:23.334+0600] {dag.py:4180} INFO - Setting next_dagrun for example_xcom_args to None, run_after=None
[2025-03-08T21:39:23.339+0600] {logging_mixin.py:190} INFO - [2025-03-08T21:39:23.339+0600] {dag.py:4180} INFO - Setting next_dagrun for example_xcom_args_with_operators to None, run_after=None
[2025-03-08T21:39:23.371+0600] {processor.py:208} INFO - Processing /home/shamim/airflow_venv/lib/python3.12/site-packages/airflow/example_dags/example_xcomargs.py took 0.114 seconds
[2025-03-08T21:40:53.068+0600] {processor.py:186} INFO - Started process (PID=38783) to work on /home/shamim/airflow_venv/lib/python3.12/site-packages/airflow/example_dags/example_xcomargs.py
[2025-03-08T21:40:53.077+0600] {processor.py:914} INFO - Processing file /home/shamim/airflow_venv/lib/python3.12/site-packages/airflow/example_dags/example_xcomargs.py for tasks to queue
[2025-03-08T21:40:53.083+0600] {logging_mixin.py:190} INFO - [2025-03-08T21:40:53.082+0600] {dagbag.py:588} INFO - Filling up the DagBag from /home/shamim/airflow_venv/lib/python3.12/site-packages/airflow/example_dags/example_xcomargs.py
[2025-03-08T21:40:53.126+0600] {processor.py:925} INFO - DAG(s) 'example_xcom_args_with_operators', 'example_xcom_args' retrieved from /home/shamim/airflow_venv/lib/python3.12/site-packages/airflow/example_dags/example_xcomargs.py
[2025-03-08T21:40:53.163+0600] {logging_mixin.py:190} INFO - [2025-03-08T21:40:53.163+0600] {dag.py:3239} INFO - Sync 2 DAGs
[2025-03-08T21:40:53.179+0600] {logging_mixin.py:190} INFO - [2025-03-08T21:40:53.179+0600] {dag.py:4180} INFO - Setting next_dagrun for example_xcom_args to None, run_after=None
[2025-03-08T21:40:53.183+0600] {logging_mixin.py:190} INFO - [2025-03-08T21:40:53.183+0600] {dag.py:4180} INFO - Setting next_dagrun for example_xcom_args_with_operators to None, run_after=None
[2025-03-08T21:40:53.208+0600] {processor.py:208} INFO - Processing /home/shamim/airflow_venv/lib/python3.12/site-packages/airflow/example_dags/example_xcomargs.py took 0.169 seconds
[2025-03-08T21:42:25.785+0600] {processor.py:186} INFO - Started process (PID=39328) to work on /home/shamim/airflow_venv/lib/python3.12/site-packages/airflow/example_dags/example_xcomargs.py
[2025-03-08T21:42:25.789+0600] {processor.py:914} INFO - Processing file /home/shamim/airflow_venv/lib/python3.12/site-packages/airflow/example_dags/example_xcomargs.py for tasks to queue
[2025-03-08T21:42:25.791+0600] {logging_mixin.py:190} INFO - [2025-03-08T21:42:25.791+0600] {dagbag.py:588} INFO - Filling up the DagBag from /home/shamim/airflow_venv/lib/python3.12/site-packages/airflow/example_dags/example_xcomargs.py
[2025-03-08T21:42:25.805+0600] {processor.py:925} INFO - DAG(s) 'example_xcom_args_with_operators', 'example_xcom_args' retrieved from /home/shamim/airflow_venv/lib/python3.12/site-packages/airflow/example_dags/example_xcomargs.py
[2025-03-08T21:42:25.827+0600] {logging_mixin.py:190} INFO - [2025-03-08T21:42:25.827+0600] {dag.py:3239} INFO - Sync 2 DAGs
[2025-03-08T21:42:25.845+0600] {logging_mixin.py:190} INFO - [2025-03-08T21:42:25.845+0600] {dag.py:4180} INFO - Setting next_dagrun for example_xcom_args to None, run_after=None
[2025-03-08T21:42:25.849+0600] {logging_mixin.py:190} INFO - [2025-03-08T21:42:25.849+0600] {dag.py:4180} INFO - Setting next_dagrun for example_xcom_args_with_operators to None, run_after=None
[2025-03-08T21:42:25.872+0600] {processor.py:208} INFO - Processing /home/shamim/airflow_venv/lib/python3.12/site-packages/airflow/example_dags/example_xcomargs.py took 0.097 seconds
[2025-03-08T21:44:03.847+0600] {processor.py:186} INFO - Started process (PID=39914) to work on /home/shamim/airflow_venv/lib/python3.12/site-packages/airflow/example_dags/example_xcomargs.py
[2025-03-08T21:44:03.851+0600] {processor.py:914} INFO - Processing file /home/shamim/airflow_venv/lib/python3.12/site-packages/airflow/example_dags/example_xcomargs.py for tasks to queue
[2025-03-08T21:44:03.854+0600] {logging_mixin.py:190} INFO - [2025-03-08T21:44:03.853+0600] {dagbag.py:588} INFO - Filling up the DagBag from /home/shamim/airflow_venv/lib/python3.12/site-packages/airflow/example_dags/example_xcomargs.py
[2025-03-08T21:44:03.866+0600] {processor.py:925} INFO - DAG(s) 'example_xcom_args_with_operators', 'example_xcom_args' retrieved from /home/shamim/airflow_venv/lib/python3.12/site-packages/airflow/example_dags/example_xcomargs.py
[2025-03-08T21:44:03.888+0600] {logging_mixin.py:190} INFO - [2025-03-08T21:44:03.888+0600] {dag.py:3239} INFO - Sync 2 DAGs
[2025-03-08T21:44:03.905+0600] {logging_mixin.py:190} INFO - [2025-03-08T21:44:03.905+0600] {dag.py:4180} INFO - Setting next_dagrun for example_xcom_args to None, run_after=None
[2025-03-08T21:44:03.909+0600] {logging_mixin.py:190} INFO - [2025-03-08T21:44:03.909+0600] {dag.py:4180} INFO - Setting next_dagrun for example_xcom_args_with_operators to None, run_after=None
[2025-03-08T21:44:03.932+0600] {processor.py:208} INFO - Processing /home/shamim/airflow_venv/lib/python3.12/site-packages/airflow/example_dags/example_xcomargs.py took 0.097 seconds
[2025-03-08T21:45:40.806+0600] {processor.py:186} INFO - Started process (PID=40478) to work on /home/shamim/airflow_venv/lib/python3.12/site-packages/airflow/example_dags/example_xcomargs.py
[2025-03-08T21:45:40.811+0600] {processor.py:914} INFO - Processing file /home/shamim/airflow_venv/lib/python3.12/site-packages/airflow/example_dags/example_xcomargs.py for tasks to queue
[2025-03-08T21:45:40.814+0600] {logging_mixin.py:190} INFO - [2025-03-08T21:45:40.813+0600] {dagbag.py:588} INFO - Filling up the DagBag from /home/shamim/airflow_venv/lib/python3.12/site-packages/airflow/example_dags/example_xcomargs.py
[2025-03-08T21:45:40.829+0600] {processor.py:925} INFO - DAG(s) 'example_xcom_args_with_operators', 'example_xcom_args' retrieved from /home/shamim/airflow_venv/lib/python3.12/site-packages/airflow/example_dags/example_xcomargs.py
[2025-03-08T21:45:40.856+0600] {logging_mixin.py:190} INFO - [2025-03-08T21:45:40.856+0600] {dag.py:3239} INFO - Sync 2 DAGs
[2025-03-08T21:45:40.879+0600] {logging_mixin.py:190} INFO - [2025-03-08T21:45:40.878+0600] {dag.py:4180} INFO - Setting next_dagrun for example_xcom_args to None, run_after=None
[2025-03-08T21:45:40.885+0600] {logging_mixin.py:190} INFO - [2025-03-08T21:45:40.885+0600] {dag.py:4180} INFO - Setting next_dagrun for example_xcom_args_with_operators to None, run_after=None
[2025-03-08T21:45:40.911+0600] {processor.py:208} INFO - Processing /home/shamim/airflow_venv/lib/python3.12/site-packages/airflow/example_dags/example_xcomargs.py took 0.115 seconds
[2025-03-08T21:47:10.469+0600] {processor.py:186} INFO - Started process (PID=41053) to work on /home/shamim/airflow_venv/lib/python3.12/site-packages/airflow/example_dags/example_xcomargs.py
[2025-03-08T21:47:10.476+0600] {processor.py:914} INFO - Processing file /home/shamim/airflow_venv/lib/python3.12/site-packages/airflow/example_dags/example_xcomargs.py for tasks to queue
[2025-03-08T21:47:10.478+0600] {logging_mixin.py:190} INFO - [2025-03-08T21:47:10.477+0600] {dagbag.py:588} INFO - Filling up the DagBag from /home/shamim/airflow_venv/lib/python3.12/site-packages/airflow/example_dags/example_xcomargs.py
[2025-03-08T21:47:10.491+0600] {processor.py:925} INFO - DAG(s) 'example_xcom_args', 'example_xcom_args_with_operators' retrieved from /home/shamim/airflow_venv/lib/python3.12/site-packages/airflow/example_dags/example_xcomargs.py
[2025-03-08T21:47:10.513+0600] {logging_mixin.py:190} INFO - [2025-03-08T21:47:10.513+0600] {dag.py:3239} INFO - Sync 2 DAGs
[2025-03-08T21:47:10.533+0600] {logging_mixin.py:190} INFO - [2025-03-08T21:47:10.533+0600] {dag.py:4180} INFO - Setting next_dagrun for example_xcom_args to None, run_after=None
[2025-03-08T21:47:10.537+0600] {logging_mixin.py:190} INFO - [2025-03-08T21:47:10.537+0600] {dag.py:4180} INFO - Setting next_dagrun for example_xcom_args_with_operators to None, run_after=None
[2025-03-08T21:47:10.561+0600] {processor.py:208} INFO - Processing /home/shamim/airflow_venv/lib/python3.12/site-packages/airflow/example_dags/example_xcomargs.py took 0.101 seconds
[2025-03-08T21:48:46.181+0600] {processor.py:186} INFO - Started process (PID=41672) to work on /home/shamim/airflow_venv/lib/python3.12/site-packages/airflow/example_dags/example_xcomargs.py
[2025-03-08T21:48:46.187+0600] {processor.py:914} INFO - Processing file /home/shamim/airflow_venv/lib/python3.12/site-packages/airflow/example_dags/example_xcomargs.py for tasks to queue
[2025-03-08T21:48:46.190+0600] {logging_mixin.py:190} INFO - [2025-03-08T21:48:46.189+0600] {dagbag.py:588} INFO - Filling up the DagBag from /home/shamim/airflow_venv/lib/python3.12/site-packages/airflow/example_dags/example_xcomargs.py
[2025-03-08T21:48:46.210+0600] {processor.py:925} INFO - DAG(s) 'example_xcom_args', 'example_xcom_args_with_operators' retrieved from /home/shamim/airflow_venv/lib/python3.12/site-packages/airflow/example_dags/example_xcomargs.py
[2025-03-08T21:48:46.243+0600] {logging_mixin.py:190} INFO - [2025-03-08T21:48:46.242+0600] {dag.py:3239} INFO - Sync 2 DAGs
[2025-03-08T21:48:46.264+0600] {logging_mixin.py:190} INFO - [2025-03-08T21:48:46.264+0600] {dag.py:4180} INFO - Setting next_dagrun for example_xcom_args to None, run_after=None
[2025-03-08T21:48:46.269+0600] {logging_mixin.py:190} INFO - [2025-03-08T21:48:46.269+0600] {dag.py:4180} INFO - Setting next_dagrun for example_xcom_args_with_operators to None, run_after=None
[2025-03-08T21:48:46.314+0600] {processor.py:208} INFO - Processing /home/shamim/airflow_venv/lib/python3.12/site-packages/airflow/example_dags/example_xcomargs.py took 0.147 seconds
[2025-03-08T21:50:26.679+0600] {processor.py:186} INFO - Started process (PID=42224) to work on /home/shamim/airflow_venv/lib/python3.12/site-packages/airflow/example_dags/example_xcomargs.py
[2025-03-08T21:50:26.682+0600] {processor.py:914} INFO - Processing file /home/shamim/airflow_venv/lib/python3.12/site-packages/airflow/example_dags/example_xcomargs.py for tasks to queue
[2025-03-08T21:50:26.685+0600] {logging_mixin.py:190} INFO - [2025-03-08T21:50:26.684+0600] {dagbag.py:588} INFO - Filling up the DagBag from /home/shamim/airflow_venv/lib/python3.12/site-packages/airflow/example_dags/example_xcomargs.py
[2025-03-08T21:50:26.698+0600] {processor.py:925} INFO - DAG(s) 'example_xcom_args_with_operators', 'example_xcom_args' retrieved from /home/shamim/airflow_venv/lib/python3.12/site-packages/airflow/example_dags/example_xcomargs.py
[2025-03-08T21:50:26.728+0600] {logging_mixin.py:190} INFO - [2025-03-08T21:50:26.727+0600] {dag.py:3239} INFO - Sync 2 DAGs
[2025-03-08T21:50:26.745+0600] {logging_mixin.py:190} INFO - [2025-03-08T21:50:26.745+0600] {dag.py:4180} INFO - Setting next_dagrun for example_xcom_args to None, run_after=None
[2025-03-08T21:50:26.749+0600] {logging_mixin.py:190} INFO - [2025-03-08T21:50:26.749+0600] {dag.py:4180} INFO - Setting next_dagrun for example_xcom_args_with_operators to None, run_after=None
[2025-03-08T21:50:26.773+0600] {processor.py:208} INFO - Processing /home/shamim/airflow_venv/lib/python3.12/site-packages/airflow/example_dags/example_xcomargs.py took 0.105 seconds
[2025-03-08T21:51:50.720+0600] {processor.py:186} INFO - Started process (PID=42753) to work on /home/shamim/airflow_venv/lib/python3.12/site-packages/airflow/example_dags/example_xcomargs.py
[2025-03-08T21:51:50.725+0600] {processor.py:914} INFO - Processing file /home/shamim/airflow_venv/lib/python3.12/site-packages/airflow/example_dags/example_xcomargs.py for tasks to queue
[2025-03-08T21:51:50.728+0600] {logging_mixin.py:190} INFO - [2025-03-08T21:51:50.727+0600] {dagbag.py:588} INFO - Filling up the DagBag from /home/shamim/airflow_venv/lib/python3.12/site-packages/airflow/example_dags/example_xcomargs.py
[2025-03-08T21:51:50.742+0600] {processor.py:925} INFO - DAG(s) 'example_xcom_args', 'example_xcom_args_with_operators' retrieved from /home/shamim/airflow_venv/lib/python3.12/site-packages/airflow/example_dags/example_xcomargs.py
[2025-03-08T21:51:50.766+0600] {logging_mixin.py:190} INFO - [2025-03-08T21:51:50.766+0600] {dag.py:3239} INFO - Sync 2 DAGs
[2025-03-08T21:51:50.782+0600] {logging_mixin.py:190} INFO - [2025-03-08T21:51:50.782+0600] {dag.py:4180} INFO - Setting next_dagrun for example_xcom_args to None, run_after=None
[2025-03-08T21:51:50.786+0600] {logging_mixin.py:190} INFO - [2025-03-08T21:51:50.786+0600] {dag.py:4180} INFO - Setting next_dagrun for example_xcom_args_with_operators to None, run_after=None
[2025-03-08T21:51:50.809+0600] {processor.py:208} INFO - Processing /home/shamim/airflow_venv/lib/python3.12/site-packages/airflow/example_dags/example_xcomargs.py took 0.098 seconds
[2025-03-08T21:53:10.203+0600] {processor.py:186} INFO - Started process (PID=43312) to work on /home/shamim/airflow_venv/lib/python3.12/site-packages/airflow/example_dags/example_xcomargs.py
[2025-03-08T21:53:10.211+0600] {processor.py:914} INFO - Processing file /home/shamim/airflow_venv/lib/python3.12/site-packages/airflow/example_dags/example_xcomargs.py for tasks to queue
[2025-03-08T21:53:10.218+0600] {logging_mixin.py:190} INFO - [2025-03-08T21:53:10.217+0600] {dagbag.py:588} INFO - Filling up the DagBag from /home/shamim/airflow_venv/lib/python3.12/site-packages/airflow/example_dags/example_xcomargs.py
[2025-03-08T21:53:10.247+0600] {processor.py:925} INFO - DAG(s) 'example_xcom_args', 'example_xcom_args_with_operators' retrieved from /home/shamim/airflow_venv/lib/python3.12/site-packages/airflow/example_dags/example_xcomargs.py
[2025-03-08T21:53:10.271+0600] {logging_mixin.py:190} INFO - [2025-03-08T21:53:10.271+0600] {dag.py:3239} INFO - Sync 2 DAGs
[2025-03-08T21:53:10.287+0600] {logging_mixin.py:190} INFO - [2025-03-08T21:53:10.287+0600] {dag.py:4180} INFO - Setting next_dagrun for example_xcom_args to None, run_after=None
[2025-03-08T21:53:10.291+0600] {logging_mixin.py:190} INFO - [2025-03-08T21:53:10.291+0600] {dag.py:4180} INFO - Setting next_dagrun for example_xcom_args_with_operators to None, run_after=None
[2025-03-08T21:53:10.312+0600] {processor.py:208} INFO - Processing /home/shamim/airflow_venv/lib/python3.12/site-packages/airflow/example_dags/example_xcomargs.py took 0.134 seconds
[2025-03-08T21:54:32.402+0600] {processor.py:186} INFO - Started process (PID=43847) to work on /home/shamim/airflow_venv/lib/python3.12/site-packages/airflow/example_dags/example_xcomargs.py
[2025-03-08T21:54:32.404+0600] {processor.py:914} INFO - Processing file /home/shamim/airflow_venv/lib/python3.12/site-packages/airflow/example_dags/example_xcomargs.py for tasks to queue
[2025-03-08T21:54:32.406+0600] {logging_mixin.py:190} INFO - [2025-03-08T21:54:32.405+0600] {dagbag.py:588} INFO - Filling up the DagBag from /home/shamim/airflow_venv/lib/python3.12/site-packages/airflow/example_dags/example_xcomargs.py
[2025-03-08T21:54:32.420+0600] {processor.py:925} INFO - DAG(s) 'example_xcom_args', 'example_xcom_args_with_operators' retrieved from /home/shamim/airflow_venv/lib/python3.12/site-packages/airflow/example_dags/example_xcomargs.py
[2025-03-08T21:54:32.443+0600] {logging_mixin.py:190} INFO - [2025-03-08T21:54:32.442+0600] {dag.py:3239} INFO - Sync 2 DAGs
[2025-03-08T21:54:32.458+0600] {logging_mixin.py:190} INFO - [2025-03-08T21:54:32.457+0600] {dag.py:4180} INFO - Setting next_dagrun for example_xcom_args to None, run_after=None
[2025-03-08T21:54:32.462+0600] {logging_mixin.py:190} INFO - [2025-03-08T21:54:32.461+0600] {dag.py:4180} INFO - Setting next_dagrun for example_xcom_args_with_operators to None, run_after=None
[2025-03-08T21:54:32.483+0600] {processor.py:208} INFO - Processing /home/shamim/airflow_venv/lib/python3.12/site-packages/airflow/example_dags/example_xcomargs.py took 0.089 seconds
[2025-03-08T21:56:03.365+0600] {processor.py:186} INFO - Started process (PID=44429) to work on /home/shamim/airflow_venv/lib/python3.12/site-packages/airflow/example_dags/example_xcomargs.py
[2025-03-08T21:56:03.371+0600] {processor.py:914} INFO - Processing file /home/shamim/airflow_venv/lib/python3.12/site-packages/airflow/example_dags/example_xcomargs.py for tasks to queue
[2025-03-08T21:56:03.374+0600] {logging_mixin.py:190} INFO - [2025-03-08T21:56:03.373+0600] {dagbag.py:588} INFO - Filling up the DagBag from /home/shamim/airflow_venv/lib/python3.12/site-packages/airflow/example_dags/example_xcomargs.py
[2025-03-08T21:56:03.386+0600] {processor.py:925} INFO - DAG(s) 'example_xcom_args_with_operators', 'example_xcom_args' retrieved from /home/shamim/airflow_venv/lib/python3.12/site-packages/airflow/example_dags/example_xcomargs.py
[2025-03-08T21:56:03.409+0600] {logging_mixin.py:190} INFO - [2025-03-08T21:56:03.409+0600] {dag.py:3239} INFO - Sync 2 DAGs
[2025-03-08T21:56:03.426+0600] {logging_mixin.py:190} INFO - [2025-03-08T21:56:03.426+0600] {dag.py:4180} INFO - Setting next_dagrun for example_xcom_args to None, run_after=None
[2025-03-08T21:56:03.430+0600] {logging_mixin.py:190} INFO - [2025-03-08T21:56:03.430+0600] {dag.py:4180} INFO - Setting next_dagrun for example_xcom_args_with_operators to None, run_after=None
[2025-03-08T21:56:03.453+0600] {processor.py:208} INFO - Processing /home/shamim/airflow_venv/lib/python3.12/site-packages/airflow/example_dags/example_xcomargs.py took 0.097 seconds
[2025-03-08T21:57:25.457+0600] {processor.py:186} INFO - Started process (PID=44984) to work on /home/shamim/airflow_venv/lib/python3.12/site-packages/airflow/example_dags/example_xcomargs.py
[2025-03-08T21:57:25.464+0600] {processor.py:914} INFO - Processing file /home/shamim/airflow_venv/lib/python3.12/site-packages/airflow/example_dags/example_xcomargs.py for tasks to queue
[2025-03-08T21:57:25.466+0600] {logging_mixin.py:190} INFO - [2025-03-08T21:57:25.465+0600] {dagbag.py:588} INFO - Filling up the DagBag from /home/shamim/airflow_venv/lib/python3.12/site-packages/airflow/example_dags/example_xcomargs.py
[2025-03-08T21:57:25.479+0600] {processor.py:925} INFO - DAG(s) 'example_xcom_args_with_operators', 'example_xcom_args' retrieved from /home/shamim/airflow_venv/lib/python3.12/site-packages/airflow/example_dags/example_xcomargs.py
[2025-03-08T21:57:25.502+0600] {logging_mixin.py:190} INFO - [2025-03-08T21:57:25.502+0600] {dag.py:3239} INFO - Sync 2 DAGs
[2025-03-08T21:57:25.519+0600] {logging_mixin.py:190} INFO - [2025-03-08T21:57:25.519+0600] {dag.py:4180} INFO - Setting next_dagrun for example_xcom_args to None, run_after=None
[2025-03-08T21:57:25.523+0600] {logging_mixin.py:190} INFO - [2025-03-08T21:57:25.523+0600] {dag.py:4180} INFO - Setting next_dagrun for example_xcom_args_with_operators to None, run_after=None
[2025-03-08T21:57:25.559+0600] {processor.py:208} INFO - Processing /home/shamim/airflow_venv/lib/python3.12/site-packages/airflow/example_dags/example_xcomargs.py took 0.115 seconds
[2025-03-08T21:58:55.125+0600] {processor.py:186} INFO - Started process (PID=45763) to work on /home/shamim/airflow_venv/lib/python3.12/site-packages/airflow/example_dags/example_xcomargs.py
[2025-03-08T21:58:55.126+0600] {processor.py:914} INFO - Processing file /home/shamim/airflow_venv/lib/python3.12/site-packages/airflow/example_dags/example_xcomargs.py for tasks to queue
[2025-03-08T21:58:55.130+0600] {logging_mixin.py:190} INFO - [2025-03-08T21:58:55.129+0600] {dagbag.py:588} INFO - Filling up the DagBag from /home/shamim/airflow_venv/lib/python3.12/site-packages/airflow/example_dags/example_xcomargs.py
[2025-03-08T21:58:55.152+0600] {processor.py:925} INFO - DAG(s) 'example_xcom_args_with_operators', 'example_xcom_args' retrieved from /home/shamim/airflow_venv/lib/python3.12/site-packages/airflow/example_dags/example_xcomargs.py
[2025-03-08T21:58:55.190+0600] {logging_mixin.py:190} INFO - [2025-03-08T21:58:55.190+0600] {dag.py:3239} INFO - Sync 2 DAGs
[2025-03-08T21:58:55.220+0600] {logging_mixin.py:190} INFO - [2025-03-08T21:58:55.219+0600] {dag.py:4180} INFO - Setting next_dagrun for example_xcom_args to None, run_after=None
[2025-03-08T21:58:55.227+0600] {logging_mixin.py:190} INFO - [2025-03-08T21:58:55.226+0600] {dag.py:4180} INFO - Setting next_dagrun for example_xcom_args_with_operators to None, run_after=None
[2025-03-08T21:58:55.269+0600] {processor.py:208} INFO - Processing /home/shamim/airflow_venv/lib/python3.12/site-packages/airflow/example_dags/example_xcomargs.py took 0.159 seconds
[2025-03-08T22:00:28.956+0600] {processor.py:186} INFO - Started process (PID=46489) to work on /home/shamim/airflow_venv/lib/python3.12/site-packages/airflow/example_dags/example_xcomargs.py
[2025-03-08T22:00:28.960+0600] {processor.py:914} INFO - Processing file /home/shamim/airflow_venv/lib/python3.12/site-packages/airflow/example_dags/example_xcomargs.py for tasks to queue
[2025-03-08T22:00:28.965+0600] {logging_mixin.py:190} INFO - [2025-03-08T22:00:28.964+0600] {dagbag.py:588} INFO - Filling up the DagBag from /home/shamim/airflow_venv/lib/python3.12/site-packages/airflow/example_dags/example_xcomargs.py
[2025-03-08T22:00:28.984+0600] {processor.py:925} INFO - DAG(s) 'example_xcom_args', 'example_xcom_args_with_operators' retrieved from /home/shamim/airflow_venv/lib/python3.12/site-packages/airflow/example_dags/example_xcomargs.py
[2025-03-08T22:00:29.009+0600] {logging_mixin.py:190} INFO - [2025-03-08T22:00:29.009+0600] {dag.py:3239} INFO - Sync 2 DAGs
[2025-03-08T22:00:29.027+0600] {logging_mixin.py:190} INFO - [2025-03-08T22:00:29.027+0600] {dag.py:4180} INFO - Setting next_dagrun for example_xcom_args to None, run_after=None
[2025-03-08T22:00:29.032+0600] {logging_mixin.py:190} INFO - [2025-03-08T22:00:29.031+0600] {dag.py:4180} INFO - Setting next_dagrun for example_xcom_args_with_operators to None, run_after=None
[2025-03-08T22:00:29.053+0600] {processor.py:208} INFO - Processing /home/shamim/airflow_venv/lib/python3.12/site-packages/airflow/example_dags/example_xcomargs.py took 0.128 seconds
[2025-03-08T22:01:57.110+0600] {processor.py:186} INFO - Started process (PID=47320) to work on /home/shamim/airflow_venv/lib/python3.12/site-packages/airflow/example_dags/example_xcomargs.py
[2025-03-08T22:01:57.114+0600] {processor.py:914} INFO - Processing file /home/shamim/airflow_venv/lib/python3.12/site-packages/airflow/example_dags/example_xcomargs.py for tasks to queue
[2025-03-08T22:01:57.119+0600] {logging_mixin.py:190} INFO - [2025-03-08T22:01:57.118+0600] {dagbag.py:588} INFO - Filling up the DagBag from /home/shamim/airflow_venv/lib/python3.12/site-packages/airflow/example_dags/example_xcomargs.py
[2025-03-08T22:01:57.148+0600] {processor.py:925} INFO - DAG(s) 'example_xcom_args_with_operators', 'example_xcom_args' retrieved from /home/shamim/airflow_venv/lib/python3.12/site-packages/airflow/example_dags/example_xcomargs.py
[2025-03-08T22:01:57.180+0600] {logging_mixin.py:190} INFO - [2025-03-08T22:01:57.180+0600] {dag.py:3239} INFO - Sync 2 DAGs
[2025-03-08T22:01:57.201+0600] {logging_mixin.py:190} INFO - [2025-03-08T22:01:57.200+0600] {dag.py:4180} INFO - Setting next_dagrun for example_xcom_args to None, run_after=None
[2025-03-08T22:01:57.206+0600] {logging_mixin.py:190} INFO - [2025-03-08T22:01:57.206+0600] {dag.py:4180} INFO - Setting next_dagrun for example_xcom_args_with_operators to None, run_after=None
[2025-03-08T22:01:57.235+0600] {processor.py:208} INFO - Processing /home/shamim/airflow_venv/lib/python3.12/site-packages/airflow/example_dags/example_xcomargs.py took 0.143 seconds
[2025-03-08T22:03:28.849+0600] {processor.py:186} INFO - Started process (PID=48080) to work on /home/shamim/airflow_venv/lib/python3.12/site-packages/airflow/example_dags/example_xcomargs.py
[2025-03-08T22:03:28.852+0600] {processor.py:914} INFO - Processing file /home/shamim/airflow_venv/lib/python3.12/site-packages/airflow/example_dags/example_xcomargs.py for tasks to queue
[2025-03-08T22:03:28.854+0600] {logging_mixin.py:190} INFO - [2025-03-08T22:03:28.854+0600] {dagbag.py:588} INFO - Filling up the DagBag from /home/shamim/airflow_venv/lib/python3.12/site-packages/airflow/example_dags/example_xcomargs.py
[2025-03-08T22:03:28.868+0600] {processor.py:925} INFO - DAG(s) 'example_xcom_args_with_operators', 'example_xcom_args' retrieved from /home/shamim/airflow_venv/lib/python3.12/site-packages/airflow/example_dags/example_xcomargs.py
[2025-03-08T22:03:28.897+0600] {logging_mixin.py:190} INFO - [2025-03-08T22:03:28.897+0600] {dag.py:3239} INFO - Sync 2 DAGs
[2025-03-08T22:03:28.915+0600] {logging_mixin.py:190} INFO - [2025-03-08T22:03:28.915+0600] {dag.py:4180} INFO - Setting next_dagrun for example_xcom_args to None, run_after=None
[2025-03-08T22:03:28.919+0600] {logging_mixin.py:190} INFO - [2025-03-08T22:03:28.919+0600] {dag.py:4180} INFO - Setting next_dagrun for example_xcom_args_with_operators to None, run_after=None
[2025-03-08T22:03:28.942+0600] {processor.py:208} INFO - Processing /home/shamim/airflow_venv/lib/python3.12/site-packages/airflow/example_dags/example_xcomargs.py took 0.103 seconds
[2025-03-08T22:05:00.945+0600] {processor.py:186} INFO - Started process (PID=48638) to work on /home/shamim/airflow_venv/lib/python3.12/site-packages/airflow/example_dags/example_xcomargs.py
[2025-03-08T22:05:00.948+0600] {processor.py:914} INFO - Processing file /home/shamim/airflow_venv/lib/python3.12/site-packages/airflow/example_dags/example_xcomargs.py for tasks to queue
[2025-03-08T22:05:00.951+0600] {logging_mixin.py:190} INFO - [2025-03-08T22:05:00.950+0600] {dagbag.py:588} INFO - Filling up the DagBag from /home/shamim/airflow_venv/lib/python3.12/site-packages/airflow/example_dags/example_xcomargs.py
[2025-03-08T22:05:00.963+0600] {processor.py:925} INFO - DAG(s) 'example_xcom_args', 'example_xcom_args_with_operators' retrieved from /home/shamim/airflow_venv/lib/python3.12/site-packages/airflow/example_dags/example_xcomargs.py
[2025-03-08T22:05:00.986+0600] {logging_mixin.py:190} INFO - [2025-03-08T22:05:00.986+0600] {dag.py:3239} INFO - Sync 2 DAGs
[2025-03-08T22:05:01.004+0600] {logging_mixin.py:190} INFO - [2025-03-08T22:05:01.003+0600] {dag.py:4180} INFO - Setting next_dagrun for example_xcom_args to None, run_after=None
[2025-03-08T22:05:01.008+0600] {logging_mixin.py:190} INFO - [2025-03-08T22:05:01.008+0600] {dag.py:4180} INFO - Setting next_dagrun for example_xcom_args_with_operators to None, run_after=None
[2025-03-08T22:05:01.030+0600] {processor.py:208} INFO - Processing /home/shamim/airflow_venv/lib/python3.12/site-packages/airflow/example_dags/example_xcomargs.py took 0.095 seconds
[2025-03-08T22:06:31.517+0600] {processor.py:186} INFO - Started process (PID=49178) to work on /home/shamim/airflow_venv/lib/python3.12/site-packages/airflow/example_dags/example_xcomargs.py
[2025-03-08T22:06:31.524+0600] {processor.py:914} INFO - Processing file /home/shamim/airflow_venv/lib/python3.12/site-packages/airflow/example_dags/example_xcomargs.py for tasks to queue
[2025-03-08T22:06:31.526+0600] {logging_mixin.py:190} INFO - [2025-03-08T22:06:31.526+0600] {dagbag.py:588} INFO - Filling up the DagBag from /home/shamim/airflow_venv/lib/python3.12/site-packages/airflow/example_dags/example_xcomargs.py
[2025-03-08T22:06:31.543+0600] {processor.py:925} INFO - DAG(s) 'example_xcom_args', 'example_xcom_args_with_operators' retrieved from /home/shamim/airflow_venv/lib/python3.12/site-packages/airflow/example_dags/example_xcomargs.py
[2025-03-08T22:06:31.570+0600] {logging_mixin.py:190} INFO - [2025-03-08T22:06:31.570+0600] {dag.py:3239} INFO - Sync 2 DAGs
[2025-03-08T22:06:31.590+0600] {logging_mixin.py:190} INFO - [2025-03-08T22:06:31.590+0600] {dag.py:4180} INFO - Setting next_dagrun for example_xcom_args to None, run_after=None
[2025-03-08T22:06:31.595+0600] {logging_mixin.py:190} INFO - [2025-03-08T22:06:31.594+0600] {dag.py:4180} INFO - Setting next_dagrun for example_xcom_args_with_operators to None, run_after=None
[2025-03-08T22:06:31.631+0600] {processor.py:208} INFO - Processing /home/shamim/airflow_venv/lib/python3.12/site-packages/airflow/example_dags/example_xcomargs.py took 0.126 seconds
[2025-03-08T22:08:10.332+0600] {processor.py:186} INFO - Started process (PID=50042) to work on /home/shamim/airflow_venv/lib/python3.12/site-packages/airflow/example_dags/example_xcomargs.py
[2025-03-08T22:08:10.339+0600] {processor.py:914} INFO - Processing file /home/shamim/airflow_venv/lib/python3.12/site-packages/airflow/example_dags/example_xcomargs.py for tasks to queue
[2025-03-08T22:08:10.343+0600] {logging_mixin.py:190} INFO - [2025-03-08T22:08:10.342+0600] {dagbag.py:588} INFO - Filling up the DagBag from /home/shamim/airflow_venv/lib/python3.12/site-packages/airflow/example_dags/example_xcomargs.py
[2025-03-08T22:08:10.362+0600] {processor.py:925} INFO - DAG(s) 'example_xcom_args', 'example_xcom_args_with_operators' retrieved from /home/shamim/airflow_venv/lib/python3.12/site-packages/airflow/example_dags/example_xcomargs.py
[2025-03-08T22:08:10.385+0600] {logging_mixin.py:190} INFO - [2025-03-08T22:08:10.385+0600] {dag.py:3239} INFO - Sync 2 DAGs
[2025-03-08T22:08:10.401+0600] {logging_mixin.py:190} INFO - [2025-03-08T22:08:10.401+0600] {dag.py:4180} INFO - Setting next_dagrun for example_xcom_args to None, run_after=None
[2025-03-08T22:08:10.405+0600] {logging_mixin.py:190} INFO - [2025-03-08T22:08:10.405+0600] {dag.py:4180} INFO - Setting next_dagrun for example_xcom_args_with_operators to None, run_after=None
[2025-03-08T22:08:10.441+0600] {processor.py:208} INFO - Processing /home/shamim/airflow_venv/lib/python3.12/site-packages/airflow/example_dags/example_xcomargs.py took 0.121 seconds
[2025-03-08T22:09:45.726+0600] {processor.py:186} INFO - Started process (PID=50816) to work on /home/shamim/airflow_venv/lib/python3.12/site-packages/airflow/example_dags/example_xcomargs.py
[2025-03-08T22:09:45.746+0600] {processor.py:914} INFO - Processing file /home/shamim/airflow_venv/lib/python3.12/site-packages/airflow/example_dags/example_xcomargs.py for tasks to queue
[2025-03-08T22:09:45.751+0600] {logging_mixin.py:190} INFO - [2025-03-08T22:09:45.750+0600] {dagbag.py:588} INFO - Filling up the DagBag from /home/shamim/airflow_venv/lib/python3.12/site-packages/airflow/example_dags/example_xcomargs.py
[2025-03-08T22:09:45.779+0600] {processor.py:925} INFO - DAG(s) 'example_xcom_args', 'example_xcom_args_with_operators' retrieved from /home/shamim/airflow_venv/lib/python3.12/site-packages/airflow/example_dags/example_xcomargs.py
[2025-03-08T22:09:45.826+0600] {logging_mixin.py:190} INFO - [2025-03-08T22:09:45.826+0600] {dag.py:3239} INFO - Sync 2 DAGs
[2025-03-08T22:09:45.858+0600] {logging_mixin.py:190} INFO - [2025-03-08T22:09:45.858+0600] {dag.py:4180} INFO - Setting next_dagrun for example_xcom_args to None, run_after=None
[2025-03-08T22:09:45.866+0600] {logging_mixin.py:190} INFO - [2025-03-08T22:09:45.865+0600] {dag.py:4180} INFO - Setting next_dagrun for example_xcom_args_with_operators to None, run_after=None
[2025-03-08T22:09:45.898+0600] {processor.py:208} INFO - Processing /home/shamim/airflow_venv/lib/python3.12/site-packages/airflow/example_dags/example_xcomargs.py took 0.208 seconds
[2025-03-08T22:11:20.373+0600] {processor.py:186} INFO - Started process (PID=51451) to work on /home/shamim/airflow_venv/lib/python3.12/site-packages/airflow/example_dags/example_xcomargs.py
[2025-03-08T22:11:20.380+0600] {processor.py:914} INFO - Processing file /home/shamim/airflow_venv/lib/python3.12/site-packages/airflow/example_dags/example_xcomargs.py for tasks to queue
[2025-03-08T22:11:20.386+0600] {logging_mixin.py:190} INFO - [2025-03-08T22:11:20.386+0600] {dagbag.py:588} INFO - Filling up the DagBag from /home/shamim/airflow_venv/lib/python3.12/site-packages/airflow/example_dags/example_xcomargs.py
[2025-03-08T22:11:20.420+0600] {processor.py:925} INFO - DAG(s) 'example_xcom_args', 'example_xcom_args_with_operators' retrieved from /home/shamim/airflow_venv/lib/python3.12/site-packages/airflow/example_dags/example_xcomargs.py
[2025-03-08T22:11:20.457+0600] {logging_mixin.py:190} INFO - [2025-03-08T22:11:20.457+0600] {dag.py:3239} INFO - Sync 2 DAGs
[2025-03-08T22:11:20.483+0600] {logging_mixin.py:190} INFO - [2025-03-08T22:11:20.483+0600] {dag.py:4180} INFO - Setting next_dagrun for example_xcom_args to None, run_after=None
[2025-03-08T22:11:20.489+0600] {logging_mixin.py:190} INFO - [2025-03-08T22:11:20.489+0600] {dag.py:4180} INFO - Setting next_dagrun for example_xcom_args_with_operators to None, run_after=None
[2025-03-08T22:11:20.531+0600] {processor.py:208} INFO - Processing /home/shamim/airflow_venv/lib/python3.12/site-packages/airflow/example_dags/example_xcomargs.py took 0.182 seconds
[2025-03-08T22:12:51.490+0600] {processor.py:186} INFO - Started process (PID=52002) to work on /home/shamim/airflow_venv/lib/python3.12/site-packages/airflow/example_dags/example_xcomargs.py
[2025-03-08T22:12:51.497+0600] {processor.py:914} INFO - Processing file /home/shamim/airflow_venv/lib/python3.12/site-packages/airflow/example_dags/example_xcomargs.py for tasks to queue
[2025-03-08T22:12:51.502+0600] {logging_mixin.py:190} INFO - [2025-03-08T22:12:51.501+0600] {dagbag.py:588} INFO - Filling up the DagBag from /home/shamim/airflow_venv/lib/python3.12/site-packages/airflow/example_dags/example_xcomargs.py
[2025-03-08T22:12:51.524+0600] {processor.py:925} INFO - DAG(s) 'example_xcom_args', 'example_xcom_args_with_operators' retrieved from /home/shamim/airflow_venv/lib/python3.12/site-packages/airflow/example_dags/example_xcomargs.py
[2025-03-08T22:12:51.551+0600] {logging_mixin.py:190} INFO - [2025-03-08T22:12:51.551+0600] {dag.py:3239} INFO - Sync 2 DAGs
[2025-03-08T22:12:51.570+0600] {logging_mixin.py:190} INFO - [2025-03-08T22:12:51.570+0600] {dag.py:4180} INFO - Setting next_dagrun for example_xcom_args to None, run_after=None
[2025-03-08T22:12:51.576+0600] {logging_mixin.py:190} INFO - [2025-03-08T22:12:51.575+0600] {dag.py:4180} INFO - Setting next_dagrun for example_xcom_args_with_operators to None, run_after=None
[2025-03-08T22:12:51.614+0600] {processor.py:208} INFO - Processing /home/shamim/airflow_venv/lib/python3.12/site-packages/airflow/example_dags/example_xcomargs.py took 0.143 seconds
[2025-03-08T22:14:23.420+0600] {processor.py:186} INFO - Started process (PID=52485) to work on /home/shamim/airflow_venv/lib/python3.12/site-packages/airflow/example_dags/example_xcomargs.py
[2025-03-08T22:14:23.427+0600] {processor.py:914} INFO - Processing file /home/shamim/airflow_venv/lib/python3.12/site-packages/airflow/example_dags/example_xcomargs.py for tasks to queue
[2025-03-08T22:14:23.434+0600] {logging_mixin.py:190} INFO - [2025-03-08T22:14:23.433+0600] {dagbag.py:588} INFO - Filling up the DagBag from /home/shamim/airflow_venv/lib/python3.12/site-packages/airflow/example_dags/example_xcomargs.py
[2025-03-08T22:14:23.481+0600] {processor.py:925} INFO - DAG(s) 'example_xcom_args_with_operators', 'example_xcom_args' retrieved from /home/shamim/airflow_venv/lib/python3.12/site-packages/airflow/example_dags/example_xcomargs.py
[2025-03-08T22:14:23.519+0600] {logging_mixin.py:190} INFO - [2025-03-08T22:14:23.519+0600] {dag.py:3239} INFO - Sync 2 DAGs
[2025-03-08T22:14:23.542+0600] {logging_mixin.py:190} INFO - [2025-03-08T22:14:23.541+0600] {dag.py:4180} INFO - Setting next_dagrun for example_xcom_args to None, run_after=None
[2025-03-08T22:14:23.546+0600] {logging_mixin.py:190} INFO - [2025-03-08T22:14:23.546+0600] {dag.py:4180} INFO - Setting next_dagrun for example_xcom_args_with_operators to None, run_after=None
[2025-03-08T22:14:23.572+0600] {processor.py:208} INFO - Processing /home/shamim/airflow_venv/lib/python3.12/site-packages/airflow/example_dags/example_xcomargs.py took 0.184 seconds
[2025-03-08T22:15:58.468+0600] {processor.py:186} INFO - Started process (PID=53035) to work on /home/shamim/airflow_venv/lib/python3.12/site-packages/airflow/example_dags/example_xcomargs.py
[2025-03-08T22:15:58.472+0600] {processor.py:914} INFO - Processing file /home/shamim/airflow_venv/lib/python3.12/site-packages/airflow/example_dags/example_xcomargs.py for tasks to queue
[2025-03-08T22:15:58.474+0600] {logging_mixin.py:190} INFO - [2025-03-08T22:15:58.473+0600] {dagbag.py:588} INFO - Filling up the DagBag from /home/shamim/airflow_venv/lib/python3.12/site-packages/airflow/example_dags/example_xcomargs.py
[2025-03-08T22:15:58.487+0600] {processor.py:925} INFO - DAG(s) 'example_xcom_args_with_operators', 'example_xcom_args' retrieved from /home/shamim/airflow_venv/lib/python3.12/site-packages/airflow/example_dags/example_xcomargs.py
[2025-03-08T22:15:58.510+0600] {logging_mixin.py:190} INFO - [2025-03-08T22:15:58.510+0600] {dag.py:3239} INFO - Sync 2 DAGs
[2025-03-08T22:15:58.528+0600] {logging_mixin.py:190} INFO - [2025-03-08T22:15:58.528+0600] {dag.py:4180} INFO - Setting next_dagrun for example_xcom_args to None, run_after=None
[2025-03-08T22:15:58.533+0600] {logging_mixin.py:190} INFO - [2025-03-08T22:15:58.532+0600] {dag.py:4180} INFO - Setting next_dagrun for example_xcom_args_with_operators to None, run_after=None
[2025-03-08T22:15:58.555+0600] {processor.py:208} INFO - Processing /home/shamim/airflow_venv/lib/python3.12/site-packages/airflow/example_dags/example_xcomargs.py took 0.097 seconds
[2025-03-08T22:17:39.383+0600] {processor.py:186} INFO - Started process (PID=53533) to work on /home/shamim/airflow_venv/lib/python3.12/site-packages/airflow/example_dags/example_xcomargs.py
[2025-03-08T22:17:39.390+0600] {processor.py:914} INFO - Processing file /home/shamim/airflow_venv/lib/python3.12/site-packages/airflow/example_dags/example_xcomargs.py for tasks to queue
[2025-03-08T22:17:39.392+0600] {logging_mixin.py:190} INFO - [2025-03-08T22:17:39.392+0600] {dagbag.py:588} INFO - Filling up the DagBag from /home/shamim/airflow_venv/lib/python3.12/site-packages/airflow/example_dags/example_xcomargs.py
[2025-03-08T22:17:39.407+0600] {processor.py:925} INFO - DAG(s) 'example_xcom_args', 'example_xcom_args_with_operators' retrieved from /home/shamim/airflow_venv/lib/python3.12/site-packages/airflow/example_dags/example_xcomargs.py
[2025-03-08T22:17:39.438+0600] {logging_mixin.py:190} INFO - [2025-03-08T22:17:39.438+0600] {dag.py:3239} INFO - Sync 2 DAGs
[2025-03-08T22:17:39.454+0600] {logging_mixin.py:190} INFO - [2025-03-08T22:17:39.454+0600] {dag.py:4180} INFO - Setting next_dagrun for example_xcom_args to None, run_after=None
[2025-03-08T22:17:39.458+0600] {logging_mixin.py:190} INFO - [2025-03-08T22:17:39.458+0600] {dag.py:4180} INFO - Setting next_dagrun for example_xcom_args_with_operators to None, run_after=None
[2025-03-08T22:17:39.480+0600] {processor.py:208} INFO - Processing /home/shamim/airflow_venv/lib/python3.12/site-packages/airflow/example_dags/example_xcomargs.py took 0.107 seconds
[2025-03-08T22:19:14.871+0600] {processor.py:186} INFO - Started process (PID=54291) to work on /home/shamim/airflow_venv/lib/python3.12/site-packages/airflow/example_dags/example_xcomargs.py
[2025-03-08T22:19:14.880+0600] {processor.py:914} INFO - Processing file /home/shamim/airflow_venv/lib/python3.12/site-packages/airflow/example_dags/example_xcomargs.py for tasks to queue
[2025-03-08T22:19:14.883+0600] {logging_mixin.py:190} INFO - [2025-03-08T22:19:14.883+0600] {dagbag.py:588} INFO - Filling up the DagBag from /home/shamim/airflow_venv/lib/python3.12/site-packages/airflow/example_dags/example_xcomargs.py
[2025-03-08T22:19:14.903+0600] {processor.py:925} INFO - DAG(s) 'example_xcom_args', 'example_xcom_args_with_operators' retrieved from /home/shamim/airflow_venv/lib/python3.12/site-packages/airflow/example_dags/example_xcomargs.py
[2025-03-08T22:19:14.942+0600] {logging_mixin.py:190} INFO - [2025-03-08T22:19:14.942+0600] {dag.py:3239} INFO - Sync 2 DAGs
[2025-03-08T22:19:15.148+0600] {logging_mixin.py:190} INFO - [2025-03-08T22:19:15.148+0600] {dag.py:4180} INFO - Setting next_dagrun for example_xcom_args to None, run_after=None
[2025-03-08T22:19:15.152+0600] {logging_mixin.py:190} INFO - [2025-03-08T22:19:15.152+0600] {dag.py:4180} INFO - Setting next_dagrun for example_xcom_args_with_operators to None, run_after=None
[2025-03-08T22:19:15.184+0600] {processor.py:208} INFO - Processing /home/shamim/airflow_venv/lib/python3.12/site-packages/airflow/example_dags/example_xcomargs.py took 0.333 seconds
[2025-03-08T22:20:49.489+0600] {processor.py:186} INFO - Started process (PID=55051) to work on /home/shamim/airflow_venv/lib/python3.12/site-packages/airflow/example_dags/example_xcomargs.py
[2025-03-08T22:20:49.495+0600] {processor.py:914} INFO - Processing file /home/shamim/airflow_venv/lib/python3.12/site-packages/airflow/example_dags/example_xcomargs.py for tasks to queue
[2025-03-08T22:20:49.497+0600] {logging_mixin.py:190} INFO - [2025-03-08T22:20:49.497+0600] {dagbag.py:588} INFO - Filling up the DagBag from /home/shamim/airflow_venv/lib/python3.12/site-packages/airflow/example_dags/example_xcomargs.py
[2025-03-08T22:20:49.513+0600] {processor.py:925} INFO - DAG(s) 'example_xcom_args_with_operators', 'example_xcom_args' retrieved from /home/shamim/airflow_venv/lib/python3.12/site-packages/airflow/example_dags/example_xcomargs.py
[2025-03-08T22:20:49.542+0600] {logging_mixin.py:190} INFO - [2025-03-08T22:20:49.542+0600] {dag.py:3239} INFO - Sync 2 DAGs
[2025-03-08T22:20:49.563+0600] {logging_mixin.py:190} INFO - [2025-03-08T22:20:49.563+0600] {dag.py:4180} INFO - Setting next_dagrun for example_xcom_args to None, run_after=None
[2025-03-08T22:20:49.568+0600] {logging_mixin.py:190} INFO - [2025-03-08T22:20:49.568+0600] {dag.py:4180} INFO - Setting next_dagrun for example_xcom_args_with_operators to None, run_after=None
[2025-03-08T22:20:49.759+0600] {processor.py:208} INFO - Processing /home/shamim/airflow_venv/lib/python3.12/site-packages/airflow/example_dags/example_xcomargs.py took 0.282 seconds
[2025-03-08T22:22:28.341+0600] {processor.py:186} INFO - Started process (PID=55800) to work on /home/shamim/airflow_venv/lib/python3.12/site-packages/airflow/example_dags/example_xcomargs.py
[2025-03-08T22:22:28.347+0600] {processor.py:914} INFO - Processing file /home/shamim/airflow_venv/lib/python3.12/site-packages/airflow/example_dags/example_xcomargs.py for tasks to queue
[2025-03-08T22:22:28.349+0600] {logging_mixin.py:190} INFO - [2025-03-08T22:22:28.349+0600] {dagbag.py:588} INFO - Filling up the DagBag from /home/shamim/airflow_venv/lib/python3.12/site-packages/airflow/example_dags/example_xcomargs.py
[2025-03-08T22:22:28.363+0600] {processor.py:925} INFO - DAG(s) 'example_xcom_args_with_operators', 'example_xcom_args' retrieved from /home/shamim/airflow_venv/lib/python3.12/site-packages/airflow/example_dags/example_xcomargs.py
[2025-03-08T22:22:28.387+0600] {logging_mixin.py:190} INFO - [2025-03-08T22:22:28.386+0600] {dag.py:3239} INFO - Sync 2 DAGs
[2025-03-08T22:22:28.403+0600] {logging_mixin.py:190} INFO - [2025-03-08T22:22:28.403+0600] {dag.py:4180} INFO - Setting next_dagrun for example_xcom_args to None, run_after=None
[2025-03-08T22:22:28.407+0600] {logging_mixin.py:190} INFO - [2025-03-08T22:22:28.407+0600] {dag.py:4180} INFO - Setting next_dagrun for example_xcom_args_with_operators to None, run_after=None
[2025-03-08T22:22:28.579+0600] {processor.py:208} INFO - Processing /home/shamim/airflow_venv/lib/python3.12/site-packages/airflow/example_dags/example_xcomargs.py took 0.247 seconds
[2025-03-08T22:24:11.797+0600] {processor.py:186} INFO - Started process (PID=56522) to work on /home/shamim/airflow_venv/lib/python3.12/site-packages/airflow/example_dags/example_xcomargs.py
[2025-03-08T22:24:11.803+0600] {processor.py:914} INFO - Processing file /home/shamim/airflow_venv/lib/python3.12/site-packages/airflow/example_dags/example_xcomargs.py for tasks to queue
[2025-03-08T22:24:11.806+0600] {logging_mixin.py:190} INFO - [2025-03-08T22:24:11.805+0600] {dagbag.py:588} INFO - Filling up the DagBag from /home/shamim/airflow_venv/lib/python3.12/site-packages/airflow/example_dags/example_xcomargs.py
[2025-03-08T22:24:11.819+0600] {processor.py:925} INFO - DAG(s) 'example_xcom_args', 'example_xcom_args_with_operators' retrieved from /home/shamim/airflow_venv/lib/python3.12/site-packages/airflow/example_dags/example_xcomargs.py
[2025-03-08T22:24:11.841+0600] {logging_mixin.py:190} INFO - [2025-03-08T22:24:11.840+0600] {dag.py:3239} INFO - Sync 2 DAGs
[2025-03-08T22:24:11.857+0600] {logging_mixin.py:190} INFO - [2025-03-08T22:24:11.857+0600] {dag.py:4180} INFO - Setting next_dagrun for example_xcom_args to None, run_after=None
[2025-03-08T22:24:11.861+0600] {logging_mixin.py:190} INFO - [2025-03-08T22:24:11.861+0600] {dag.py:4180} INFO - Setting next_dagrun for example_xcom_args_with_operators to None, run_after=None
[2025-03-08T22:24:11.895+0600] {processor.py:208} INFO - Processing /home/shamim/airflow_venv/lib/python3.12/site-packages/airflow/example_dags/example_xcomargs.py took 0.107 seconds
[2025-03-08T22:25:46.613+0600] {processor.py:186} INFO - Started process (PID=57189) to work on /home/shamim/airflow_venv/lib/python3.12/site-packages/airflow/example_dags/example_xcomargs.py
[2025-03-08T22:25:46.620+0600] {processor.py:914} INFO - Processing file /home/shamim/airflow_venv/lib/python3.12/site-packages/airflow/example_dags/example_xcomargs.py for tasks to queue
[2025-03-08T22:25:46.624+0600] {logging_mixin.py:190} INFO - [2025-03-08T22:25:46.623+0600] {dagbag.py:588} INFO - Filling up the DagBag from /home/shamim/airflow_venv/lib/python3.12/site-packages/airflow/example_dags/example_xcomargs.py
[2025-03-08T22:25:46.641+0600] {processor.py:925} INFO - DAG(s) 'example_xcom_args', 'example_xcom_args_with_operators' retrieved from /home/shamim/airflow_venv/lib/python3.12/site-packages/airflow/example_dags/example_xcomargs.py
[2025-03-08T22:25:46.670+0600] {logging_mixin.py:190} INFO - [2025-03-08T22:25:46.669+0600] {dag.py:3239} INFO - Sync 2 DAGs
[2025-03-08T22:25:46.688+0600] {logging_mixin.py:190} INFO - [2025-03-08T22:25:46.688+0600] {dag.py:4180} INFO - Setting next_dagrun for example_xcom_args to None, run_after=None
[2025-03-08T22:25:46.693+0600] {logging_mixin.py:190} INFO - [2025-03-08T22:25:46.693+0600] {dag.py:4180} INFO - Setting next_dagrun for example_xcom_args_with_operators to None, run_after=None
[2025-03-08T22:25:46.729+0600] {processor.py:208} INFO - Processing /home/shamim/airflow_venv/lib/python3.12/site-packages/airflow/example_dags/example_xcomargs.py took 0.133 seconds
[2025-03-08T22:27:27.726+0600] {processor.py:186} INFO - Started process (PID=57801) to work on /home/shamim/airflow_venv/lib/python3.12/site-packages/airflow/example_dags/example_xcomargs.py
[2025-03-08T22:27:27.735+0600] {processor.py:914} INFO - Processing file /home/shamim/airflow_venv/lib/python3.12/site-packages/airflow/example_dags/example_xcomargs.py for tasks to queue
[2025-03-08T22:27:27.742+0600] {logging_mixin.py:190} INFO - [2025-03-08T22:27:27.741+0600] {dagbag.py:588} INFO - Filling up the DagBag from /home/shamim/airflow_venv/lib/python3.12/site-packages/airflow/example_dags/example_xcomargs.py
[2025-03-08T22:27:27.786+0600] {processor.py:925} INFO - DAG(s) 'example_xcom_args_with_operators', 'example_xcom_args' retrieved from /home/shamim/airflow_venv/lib/python3.12/site-packages/airflow/example_dags/example_xcomargs.py
[2025-03-08T22:27:27.815+0600] {logging_mixin.py:190} INFO - [2025-03-08T22:27:27.815+0600] {dag.py:3239} INFO - Sync 2 DAGs
[2025-03-08T22:27:27.832+0600] {logging_mixin.py:190} INFO - [2025-03-08T22:27:27.832+0600] {dag.py:4180} INFO - Setting next_dagrun for example_xcom_args to None, run_after=None
[2025-03-08T22:27:27.836+0600] {logging_mixin.py:190} INFO - [2025-03-08T22:27:27.836+0600] {dag.py:4180} INFO - Setting next_dagrun for example_xcom_args_with_operators to None, run_after=None
[2025-03-08T22:27:27.871+0600] {processor.py:208} INFO - Processing /home/shamim/airflow_venv/lib/python3.12/site-packages/airflow/example_dags/example_xcomargs.py took 0.173 seconds
[2025-03-08T22:29:15.994+0600] {processor.py:186} INFO - Started process (PID=58354) to work on /home/shamim/airflow_venv/lib/python3.12/site-packages/airflow/example_dags/example_xcomargs.py
[2025-03-08T22:29:15.999+0600] {processor.py:914} INFO - Processing file /home/shamim/airflow_venv/lib/python3.12/site-packages/airflow/example_dags/example_xcomargs.py for tasks to queue
[2025-03-08T22:29:16.002+0600] {logging_mixin.py:190} INFO - [2025-03-08T22:29:16.001+0600] {dagbag.py:588} INFO - Filling up the DagBag from /home/shamim/airflow_venv/lib/python3.12/site-packages/airflow/example_dags/example_xcomargs.py
[2025-03-08T22:29:16.015+0600] {processor.py:925} INFO - DAG(s) 'example_xcom_args', 'example_xcom_args_with_operators' retrieved from /home/shamim/airflow_venv/lib/python3.12/site-packages/airflow/example_dags/example_xcomargs.py
[2025-03-08T22:29:16.038+0600] {logging_mixin.py:190} INFO - [2025-03-08T22:29:16.038+0600] {dag.py:3239} INFO - Sync 2 DAGs
[2025-03-08T22:29:16.054+0600] {logging_mixin.py:190} INFO - [2025-03-08T22:29:16.054+0600] {dag.py:4180} INFO - Setting next_dagrun for example_xcom_args to None, run_after=None
[2025-03-08T22:29:16.058+0600] {logging_mixin.py:190} INFO - [2025-03-08T22:29:16.058+0600] {dag.py:4180} INFO - Setting next_dagrun for example_xcom_args_with_operators to None, run_after=None
[2025-03-08T22:29:16.080+0600] {processor.py:208} INFO - Processing /home/shamim/airflow_venv/lib/python3.12/site-packages/airflow/example_dags/example_xcomargs.py took 0.096 seconds
[2025-03-08T22:30:51.711+0600] {processor.py:186} INFO - Started process (PID=58859) to work on /home/shamim/airflow_venv/lib/python3.12/site-packages/airflow/example_dags/example_xcomargs.py
[2025-03-08T22:30:51.718+0600] {processor.py:914} INFO - Processing file /home/shamim/airflow_venv/lib/python3.12/site-packages/airflow/example_dags/example_xcomargs.py for tasks to queue
[2025-03-08T22:30:51.722+0600] {logging_mixin.py:190} INFO - [2025-03-08T22:30:51.722+0600] {dagbag.py:588} INFO - Filling up the DagBag from /home/shamim/airflow_venv/lib/python3.12/site-packages/airflow/example_dags/example_xcomargs.py
[2025-03-08T22:30:51.748+0600] {processor.py:925} INFO - DAG(s) 'example_xcom_args_with_operators', 'example_xcom_args' retrieved from /home/shamim/airflow_venv/lib/python3.12/site-packages/airflow/example_dags/example_xcomargs.py
[2025-03-08T22:30:51.786+0600] {logging_mixin.py:190} INFO - [2025-03-08T22:30:51.786+0600] {dag.py:3239} INFO - Sync 2 DAGs
[2025-03-08T22:30:51.805+0600] {logging_mixin.py:190} INFO - [2025-03-08T22:30:51.805+0600] {dag.py:4180} INFO - Setting next_dagrun for example_xcom_args to None, run_after=None
[2025-03-08T22:30:51.809+0600] {logging_mixin.py:190} INFO - [2025-03-08T22:30:51.809+0600] {dag.py:4180} INFO - Setting next_dagrun for example_xcom_args_with_operators to None, run_after=None
[2025-03-08T22:30:51.837+0600] {processor.py:208} INFO - Processing /home/shamim/airflow_venv/lib/python3.12/site-packages/airflow/example_dags/example_xcomargs.py took 0.147 seconds
[2025-03-08T22:32:22.019+0600] {processor.py:186} INFO - Started process (PID=59337) to work on /home/shamim/airflow_venv/lib/python3.12/site-packages/airflow/example_dags/example_xcomargs.py
[2025-03-08T22:32:22.026+0600] {processor.py:914} INFO - Processing file /home/shamim/airflow_venv/lib/python3.12/site-packages/airflow/example_dags/example_xcomargs.py for tasks to queue
[2025-03-08T22:32:22.033+0600] {logging_mixin.py:190} INFO - [2025-03-08T22:32:22.031+0600] {dagbag.py:588} INFO - Filling up the DagBag from /home/shamim/airflow_venv/lib/python3.12/site-packages/airflow/example_dags/example_xcomargs.py
[2025-03-08T22:32:22.055+0600] {processor.py:925} INFO - DAG(s) 'example_xcom_args_with_operators', 'example_xcom_args' retrieved from /home/shamim/airflow_venv/lib/python3.12/site-packages/airflow/example_dags/example_xcomargs.py
[2025-03-08T22:32:22.078+0600] {logging_mixin.py:190} INFO - [2025-03-08T22:32:22.078+0600] {dag.py:3239} INFO - Sync 2 DAGs
[2025-03-08T22:32:22.093+0600] {logging_mixin.py:190} INFO - [2025-03-08T22:32:22.093+0600] {dag.py:4180} INFO - Setting next_dagrun for example_xcom_args to None, run_after=None
[2025-03-08T22:32:22.097+0600] {logging_mixin.py:190} INFO - [2025-03-08T22:32:22.097+0600] {dag.py:4180} INFO - Setting next_dagrun for example_xcom_args_with_operators to None, run_after=None
[2025-03-08T22:32:22.127+0600] {processor.py:208} INFO - Processing /home/shamim/airflow_venv/lib/python3.12/site-packages/airflow/example_dags/example_xcomargs.py took 0.119 seconds
[2025-03-08T22:33:53.316+0600] {processor.py:186} INFO - Started process (PID=59902) to work on /home/shamim/airflow_venv/lib/python3.12/site-packages/airflow/example_dags/example_xcomargs.py
[2025-03-08T22:33:53.319+0600] {processor.py:914} INFO - Processing file /home/shamim/airflow_venv/lib/python3.12/site-packages/airflow/example_dags/example_xcomargs.py for tasks to queue
[2025-03-08T22:33:53.324+0600] {logging_mixin.py:190} INFO - [2025-03-08T22:33:53.323+0600] {dagbag.py:588} INFO - Filling up the DagBag from /home/shamim/airflow_venv/lib/python3.12/site-packages/airflow/example_dags/example_xcomargs.py
[2025-03-08T22:33:53.360+0600] {processor.py:925} INFO - DAG(s) 'example_xcom_args', 'example_xcom_args_with_operators' retrieved from /home/shamim/airflow_venv/lib/python3.12/site-packages/airflow/example_dags/example_xcomargs.py
[2025-03-08T22:33:53.399+0600] {logging_mixin.py:190} INFO - [2025-03-08T22:33:53.399+0600] {dag.py:3239} INFO - Sync 2 DAGs
[2025-03-08T22:33:53.416+0600] {logging_mixin.py:190} INFO - [2025-03-08T22:33:53.415+0600] {dag.py:4180} INFO - Setting next_dagrun for example_xcom_args to None, run_after=None
[2025-03-08T22:33:53.422+0600] {logging_mixin.py:190} INFO - [2025-03-08T22:33:53.421+0600] {dag.py:4180} INFO - Setting next_dagrun for example_xcom_args_with_operators to None, run_after=None
[2025-03-08T22:33:53.445+0600] {processor.py:208} INFO - Processing /home/shamim/airflow_venv/lib/python3.12/site-packages/airflow/example_dags/example_xcomargs.py took 0.152 seconds
