[2025-03-08T21:09:25.351+0600] {processor.py:186} INFO - Started process (PID=26722) to work on /home/shamim/airflow_venv/lib/python3.12/site-packages/airflow/example_dags/example_setup_teardown_taskflow.py
[2025-03-08T21:09:25.353+0600] {processor.py:914} INFO - Processing file /home/shamim/airflow_venv/lib/python3.12/site-packages/airflow/example_dags/example_setup_teardown_taskflow.py for tasks to queue
[2025-03-08T21:09:25.357+0600] {logging_mixin.py:190} INFO - [2025-03-08T21:09:25.356+0600] {dagbag.py:588} INFO - Filling up the DagBag from /home/shamim/airflow_venv/lib/python3.12/site-packages/airflow/example_dags/example_setup_teardown_taskflow.py
[2025-03-08T21:09:25.375+0600] {processor.py:925} INFO - DAG(s) 'example_setup_teardown_taskflow' retrieved from /home/shamim/airflow_venv/lib/python3.12/site-packages/airflow/example_dags/example_setup_teardown_taskflow.py
[2025-03-08T21:09:25.403+0600] {logging_mixin.py:190} INFO - [2025-03-08T21:09:25.403+0600] {dag.py:3239} INFO - Sync 1 DAGs
[2025-03-08T21:09:25.423+0600] {logging_mixin.py:190} INFO - [2025-03-08T21:09:25.423+0600] {dag.py:4180} INFO - Setting next_dagrun for example_setup_teardown_taskflow to None, run_after=None
[2025-03-08T21:09:25.479+0600] {processor.py:208} INFO - Processing /home/shamim/airflow_venv/lib/python3.12/site-packages/airflow/example_dags/example_setup_teardown_taskflow.py took 0.150 seconds
[2025-03-08T21:11:49.667+0600] {processor.py:186} INFO - Started process (PID=27412) to work on /home/shamim/airflow_venv/lib/python3.12/site-packages/airflow/example_dags/example_setup_teardown_taskflow.py
[2025-03-08T21:11:49.670+0600] {processor.py:914} INFO - Processing file /home/shamim/airflow_venv/lib/python3.12/site-packages/airflow/example_dags/example_setup_teardown_taskflow.py for tasks to queue
[2025-03-08T21:11:49.673+0600] {logging_mixin.py:190} INFO - [2025-03-08T21:11:49.672+0600] {dagbag.py:588} INFO - Filling up the DagBag from /home/shamim/airflow_venv/lib/python3.12/site-packages/airflow/example_dags/example_setup_teardown_taskflow.py
[2025-03-08T21:11:49.686+0600] {processor.py:925} INFO - DAG(s) 'example_setup_teardown_taskflow' retrieved from /home/shamim/airflow_venv/lib/python3.12/site-packages/airflow/example_dags/example_setup_teardown_taskflow.py
[2025-03-08T21:11:49.710+0600] {logging_mixin.py:190} INFO - [2025-03-08T21:11:49.710+0600] {dag.py:3239} INFO - Sync 1 DAGs
[2025-03-08T21:11:49.725+0600] {logging_mixin.py:190} INFO - [2025-03-08T21:11:49.725+0600] {dag.py:4180} INFO - Setting next_dagrun for example_setup_teardown_taskflow to None, run_after=None
[2025-03-08T21:11:49.751+0600] {processor.py:208} INFO - Processing /home/shamim/airflow_venv/lib/python3.12/site-packages/airflow/example_dags/example_setup_teardown_taskflow.py took 0.090 seconds
[2025-03-08T21:13:05.951+0600] {processor.py:186} INFO - Started process (PID=27830) to work on /home/shamim/airflow_venv/lib/python3.12/site-packages/airflow/example_dags/example_setup_teardown_taskflow.py
[2025-03-08T21:13:05.957+0600] {processor.py:914} INFO - Processing file /home/shamim/airflow_venv/lib/python3.12/site-packages/airflow/example_dags/example_setup_teardown_taskflow.py for tasks to queue
[2025-03-08T21:13:05.961+0600] {logging_mixin.py:190} INFO - [2025-03-08T21:13:05.960+0600] {dagbag.py:588} INFO - Filling up the DagBag from /home/shamim/airflow_venv/lib/python3.12/site-packages/airflow/example_dags/example_setup_teardown_taskflow.py
[2025-03-08T21:13:05.981+0600] {processor.py:925} INFO - DAG(s) 'example_setup_teardown_taskflow' retrieved from /home/shamim/airflow_venv/lib/python3.12/site-packages/airflow/example_dags/example_setup_teardown_taskflow.py
[2025-03-08T21:13:06.014+0600] {logging_mixin.py:190} INFO - [2025-03-08T21:13:06.013+0600] {dag.py:3239} INFO - Sync 1 DAGs
[2025-03-08T21:13:06.037+0600] {logging_mixin.py:190} INFO - [2025-03-08T21:13:06.036+0600] {dag.py:4180} INFO - Setting next_dagrun for example_setup_teardown_taskflow to None, run_after=None
[2025-03-08T21:13:06.075+0600] {processor.py:208} INFO - Processing /home/shamim/airflow_venv/lib/python3.12/site-packages/airflow/example_dags/example_setup_teardown_taskflow.py took 0.133 seconds
[2025-03-08T21:14:38.432+0600] {processor.py:186} INFO - Started process (PID=28415) to work on /home/shamim/airflow_venv/lib/python3.12/site-packages/airflow/example_dags/example_setup_teardown_taskflow.py
[2025-03-08T21:14:38.438+0600] {processor.py:914} INFO - Processing file /home/shamim/airflow_venv/lib/python3.12/site-packages/airflow/example_dags/example_setup_teardown_taskflow.py for tasks to queue
[2025-03-08T21:14:38.441+0600] {logging_mixin.py:190} INFO - [2025-03-08T21:14:38.440+0600] {dagbag.py:588} INFO - Filling up the DagBag from /home/shamim/airflow_venv/lib/python3.12/site-packages/airflow/example_dags/example_setup_teardown_taskflow.py
[2025-03-08T21:14:38.457+0600] {processor.py:925} INFO - DAG(s) 'example_setup_teardown_taskflow' retrieved from /home/shamim/airflow_venv/lib/python3.12/site-packages/airflow/example_dags/example_setup_teardown_taskflow.py
[2025-03-08T21:14:38.483+0600] {logging_mixin.py:190} INFO - [2025-03-08T21:14:38.483+0600] {dag.py:3239} INFO - Sync 1 DAGs
[2025-03-08T21:14:38.501+0600] {logging_mixin.py:190} INFO - [2025-03-08T21:14:38.501+0600] {dag.py:4180} INFO - Setting next_dagrun for example_setup_teardown_taskflow to None, run_after=None
[2025-03-08T21:14:38.529+0600] {processor.py:208} INFO - Processing /home/shamim/airflow_venv/lib/python3.12/site-packages/airflow/example_dags/example_setup_teardown_taskflow.py took 0.105 seconds
[2025-03-08T21:17:22.440+0600] {processor.py:186} INFO - Started process (PID=29792) to work on /home/shamim/airflow_venv/lib/python3.12/site-packages/airflow/example_dags/example_setup_teardown_taskflow.py
[2025-03-08T21:17:22.447+0600] {processor.py:914} INFO - Processing file /home/shamim/airflow_venv/lib/python3.12/site-packages/airflow/example_dags/example_setup_teardown_taskflow.py for tasks to queue
[2025-03-08T21:17:22.450+0600] {logging_mixin.py:190} INFO - [2025-03-08T21:17:22.449+0600] {dagbag.py:588} INFO - Filling up the DagBag from /home/shamim/airflow_venv/lib/python3.12/site-packages/airflow/example_dags/example_setup_teardown_taskflow.py
[2025-03-08T21:17:22.465+0600] {processor.py:925} INFO - DAG(s) 'example_setup_teardown_taskflow' retrieved from /home/shamim/airflow_venv/lib/python3.12/site-packages/airflow/example_dags/example_setup_teardown_taskflow.py
[2025-03-08T21:17:22.491+0600] {logging_mixin.py:190} INFO - [2025-03-08T21:17:22.490+0600] {dag.py:3239} INFO - Sync 1 DAGs
[2025-03-08T21:17:22.508+0600] {logging_mixin.py:190} INFO - [2025-03-08T21:17:22.507+0600] {dag.py:4180} INFO - Setting next_dagrun for example_setup_teardown_taskflow to None, run_after=None
[2025-03-08T21:17:22.546+0600] {processor.py:208} INFO - Processing /home/shamim/airflow_venv/lib/python3.12/site-packages/airflow/example_dags/example_setup_teardown_taskflow.py took 0.114 seconds
[2025-03-08T21:18:54.722+0600] {processor.py:186} INFO - Started process (PID=30341) to work on /home/shamim/airflow_venv/lib/python3.12/site-packages/airflow/example_dags/example_setup_teardown_taskflow.py
[2025-03-08T21:18:54.726+0600] {processor.py:914} INFO - Processing file /home/shamim/airflow_venv/lib/python3.12/site-packages/airflow/example_dags/example_setup_teardown_taskflow.py for tasks to queue
[2025-03-08T21:18:54.729+0600] {logging_mixin.py:190} INFO - [2025-03-08T21:18:54.729+0600] {dagbag.py:588} INFO - Filling up the DagBag from /home/shamim/airflow_venv/lib/python3.12/site-packages/airflow/example_dags/example_setup_teardown_taskflow.py
[2025-03-08T21:18:54.744+0600] {processor.py:925} INFO - DAG(s) 'example_setup_teardown_taskflow' retrieved from /home/shamim/airflow_venv/lib/python3.12/site-packages/airflow/example_dags/example_setup_teardown_taskflow.py
[2025-03-08T21:18:54.767+0600] {logging_mixin.py:190} INFO - [2025-03-08T21:18:54.766+0600] {dag.py:3239} INFO - Sync 1 DAGs
[2025-03-08T21:18:54.782+0600] {logging_mixin.py:190} INFO - [2025-03-08T21:18:54.782+0600] {dag.py:4180} INFO - Setting next_dagrun for example_setup_teardown_taskflow to None, run_after=None
[2025-03-08T21:18:54.805+0600] {processor.py:208} INFO - Processing /home/shamim/airflow_venv/lib/python3.12/site-packages/airflow/example_dags/example_setup_teardown_taskflow.py took 0.090 seconds
[2025-03-08T21:20:14.418+0600] {processor.py:186} INFO - Started process (PID=30896) to work on /home/shamim/airflow_venv/lib/python3.12/site-packages/airflow/example_dags/example_setup_teardown_taskflow.py
[2025-03-08T21:20:14.424+0600] {processor.py:914} INFO - Processing file /home/shamim/airflow_venv/lib/python3.12/site-packages/airflow/example_dags/example_setup_teardown_taskflow.py for tasks to queue
[2025-03-08T21:20:14.428+0600] {logging_mixin.py:190} INFO - [2025-03-08T21:20:14.427+0600] {dagbag.py:588} INFO - Filling up the DagBag from /home/shamim/airflow_venv/lib/python3.12/site-packages/airflow/example_dags/example_setup_teardown_taskflow.py
[2025-03-08T21:20:14.442+0600] {processor.py:925} INFO - DAG(s) 'example_setup_teardown_taskflow' retrieved from /home/shamim/airflow_venv/lib/python3.12/site-packages/airflow/example_dags/example_setup_teardown_taskflow.py
[2025-03-08T21:20:14.463+0600] {logging_mixin.py:190} INFO - [2025-03-08T21:20:14.463+0600] {dag.py:3239} INFO - Sync 1 DAGs
[2025-03-08T21:20:14.479+0600] {logging_mixin.py:190} INFO - [2025-03-08T21:20:14.479+0600] {dag.py:4180} INFO - Setting next_dagrun for example_setup_teardown_taskflow to None, run_after=None
[2025-03-08T21:20:14.505+0600] {processor.py:208} INFO - Processing /home/shamim/airflow_venv/lib/python3.12/site-packages/airflow/example_dags/example_setup_teardown_taskflow.py took 0.093 seconds
[2025-03-08T21:21:34.203+0600] {processor.py:186} INFO - Started process (PID=31455) to work on /home/shamim/airflow_venv/lib/python3.12/site-packages/airflow/example_dags/example_setup_teardown_taskflow.py
[2025-03-08T21:21:34.212+0600] {processor.py:914} INFO - Processing file /home/shamim/airflow_venv/lib/python3.12/site-packages/airflow/example_dags/example_setup_teardown_taskflow.py for tasks to queue
[2025-03-08T21:21:34.218+0600] {logging_mixin.py:190} INFO - [2025-03-08T21:21:34.217+0600] {dagbag.py:588} INFO - Filling up the DagBag from /home/shamim/airflow_venv/lib/python3.12/site-packages/airflow/example_dags/example_setup_teardown_taskflow.py
[2025-03-08T21:21:34.252+0600] {processor.py:925} INFO - DAG(s) 'example_setup_teardown_taskflow' retrieved from /home/shamim/airflow_venv/lib/python3.12/site-packages/airflow/example_dags/example_setup_teardown_taskflow.py
[2025-03-08T21:21:34.276+0600] {logging_mixin.py:190} INFO - [2025-03-08T21:21:34.275+0600] {dag.py:3239} INFO - Sync 1 DAGs
[2025-03-08T21:21:34.291+0600] {logging_mixin.py:190} INFO - [2025-03-08T21:21:34.291+0600] {dag.py:4180} INFO - Setting next_dagrun for example_setup_teardown_taskflow to None, run_after=None
[2025-03-08T21:21:34.317+0600] {processor.py:208} INFO - Processing /home/shamim/airflow_venv/lib/python3.12/site-packages/airflow/example_dags/example_setup_teardown_taskflow.py took 0.139 seconds
[2025-03-08T21:23:06.599+0600] {processor.py:186} INFO - Started process (PID=31983) to work on /home/shamim/airflow_venv/lib/python3.12/site-packages/airflow/example_dags/example_setup_teardown_taskflow.py
[2025-03-08T21:23:06.605+0600] {processor.py:914} INFO - Processing file /home/shamim/airflow_venv/lib/python3.12/site-packages/airflow/example_dags/example_setup_teardown_taskflow.py for tasks to queue
[2025-03-08T21:23:06.608+0600] {logging_mixin.py:190} INFO - [2025-03-08T21:23:06.608+0600] {dagbag.py:588} INFO - Filling up the DagBag from /home/shamim/airflow_venv/lib/python3.12/site-packages/airflow/example_dags/example_setup_teardown_taskflow.py
[2025-03-08T21:23:06.621+0600] {processor.py:925} INFO - DAG(s) 'example_setup_teardown_taskflow' retrieved from /home/shamim/airflow_venv/lib/python3.12/site-packages/airflow/example_dags/example_setup_teardown_taskflow.py
[2025-03-08T21:23:06.644+0600] {logging_mixin.py:190} INFO - [2025-03-08T21:23:06.644+0600] {dag.py:3239} INFO - Sync 1 DAGs
[2025-03-08T21:23:06.659+0600] {logging_mixin.py:190} INFO - [2025-03-08T21:23:06.658+0600] {dag.py:4180} INFO - Setting next_dagrun for example_setup_teardown_taskflow to None, run_after=None
[2025-03-08T21:23:06.694+0600] {processor.py:208} INFO - Processing /home/shamim/airflow_venv/lib/python3.12/site-packages/airflow/example_dags/example_setup_teardown_taskflow.py took 0.102 seconds
