[2025-03-08T21:09:40.973+0600] {processor.py:186} INFO - Started process (PID=26823) to work on /home/shamim/airflow_venv/lib/python3.12/site-packages/airflow/example_dags/example_external_task_marker_dag.py
[2025-03-08T21:09:40.974+0600] {processor.py:914} INFO - Processing file /home/shamim/airflow_venv/lib/python3.12/site-packages/airflow/example_dags/example_external_task_marker_dag.py for tasks to queue
[2025-03-08T21:09:40.977+0600] {logging_mixin.py:190} INFO - [2025-03-08T21:09:40.976+0600] {dagbag.py:588} INFO - Filling up the DagBag from /home/shamim/airflow_venv/lib/python3.12/site-packages/airflow/example_dags/example_external_task_marker_dag.py
[2025-03-08T21:09:40.988+0600] {processor.py:925} INFO - DAG(s) 'example_external_task_marker_child', 'example_external_task_marker_parent' retrieved from /home/shamim/airflow_venv/lib/python3.12/site-packages/airflow/example_dags/example_external_task_marker_dag.py
[2025-03-08T21:09:41.026+0600] {logging_mixin.py:190} INFO - [2025-03-08T21:09:41.026+0600] {dag.py:3239} INFO - Sync 2 DAGs
[2025-03-08T21:09:41.053+0600] {logging_mixin.py:190} INFO - [2025-03-08T21:09:41.052+0600] {dag.py:4180} INFO - Setting next_dagrun for example_external_task_marker_child to None, run_after=None
[2025-03-08T21:09:41.057+0600] {logging_mixin.py:190} INFO - [2025-03-08T21:09:41.057+0600] {dag.py:4180} INFO - Setting next_dagrun for example_external_task_marker_parent to None, run_after=None
[2025-03-08T21:09:41.079+0600] {processor.py:208} INFO - Processing /home/shamim/airflow_venv/lib/python3.12/site-packages/airflow/example_dags/example_external_task_marker_dag.py took 0.115 seconds
[2025-03-08T21:12:03.698+0600] {processor.py:186} INFO - Started process (PID=27503) to work on /home/shamim/airflow_venv/lib/python3.12/site-packages/airflow/example_dags/example_external_task_marker_dag.py
[2025-03-08T21:12:03.702+0600] {processor.py:914} INFO - Processing file /home/shamim/airflow_venv/lib/python3.12/site-packages/airflow/example_dags/example_external_task_marker_dag.py for tasks to queue
[2025-03-08T21:12:03.706+0600] {logging_mixin.py:190} INFO - [2025-03-08T21:12:03.705+0600] {dagbag.py:588} INFO - Filling up the DagBag from /home/shamim/airflow_venv/lib/python3.12/site-packages/airflow/example_dags/example_external_task_marker_dag.py
[2025-03-08T21:12:03.716+0600] {processor.py:925} INFO - DAG(s) 'example_external_task_marker_parent', 'example_external_task_marker_child' retrieved from /home/shamim/airflow_venv/lib/python3.12/site-packages/airflow/example_dags/example_external_task_marker_dag.py
[2025-03-08T21:12:03.739+0600] {logging_mixin.py:190} INFO - [2025-03-08T21:12:03.739+0600] {dag.py:3239} INFO - Sync 2 DAGs
[2025-03-08T21:12:03.757+0600] {logging_mixin.py:190} INFO - [2025-03-08T21:12:03.757+0600] {dag.py:4180} INFO - Setting next_dagrun for example_external_task_marker_child to None, run_after=None
[2025-03-08T21:12:03.761+0600] {logging_mixin.py:190} INFO - [2025-03-08T21:12:03.761+0600] {dag.py:4180} INFO - Setting next_dagrun for example_external_task_marker_parent to None, run_after=None
[2025-03-08T21:12:03.783+0600] {processor.py:208} INFO - Processing /home/shamim/airflow_venv/lib/python3.12/site-packages/airflow/example_dags/example_external_task_marker_dag.py took 0.092 seconds
[2025-03-08T21:13:37.493+0600] {processor.py:186} INFO - Started process (PID=28069) to work on /home/shamim/airflow_venv/lib/python3.12/site-packages/airflow/example_dags/example_external_task_marker_dag.py
[2025-03-08T21:13:37.500+0600] {processor.py:914} INFO - Processing file /home/shamim/airflow_venv/lib/python3.12/site-packages/airflow/example_dags/example_external_task_marker_dag.py for tasks to queue
[2025-03-08T21:13:37.504+0600] {logging_mixin.py:190} INFO - [2025-03-08T21:13:37.503+0600] {dagbag.py:588} INFO - Filling up the DagBag from /home/shamim/airflow_venv/lib/python3.12/site-packages/airflow/example_dags/example_external_task_marker_dag.py
[2025-03-08T21:13:37.518+0600] {processor.py:925} INFO - DAG(s) 'example_external_task_marker_child', 'example_external_task_marker_parent' retrieved from /home/shamim/airflow_venv/lib/python3.12/site-packages/airflow/example_dags/example_external_task_marker_dag.py
[2025-03-08T21:13:37.547+0600] {logging_mixin.py:190} INFO - [2025-03-08T21:13:37.547+0600] {dag.py:3239} INFO - Sync 2 DAGs
[2025-03-08T21:13:37.569+0600] {logging_mixin.py:190} INFO - [2025-03-08T21:13:37.569+0600] {dag.py:4180} INFO - Setting next_dagrun for example_external_task_marker_child to None, run_after=None
[2025-03-08T21:13:37.575+0600] {logging_mixin.py:190} INFO - [2025-03-08T21:13:37.575+0600] {dag.py:4180} INFO - Setting next_dagrun for example_external_task_marker_parent to None, run_after=None
[2025-03-08T21:13:37.606+0600] {processor.py:208} INFO - Processing /home/shamim/airflow_venv/lib/python3.12/site-packages/airflow/example_dags/example_external_task_marker_dag.py took 0.122 seconds
[2025-03-08T21:15:12.804+0600] {processor.py:186} INFO - Started process (PID=28684) to work on /home/shamim/airflow_venv/lib/python3.12/site-packages/airflow/example_dags/example_external_task_marker_dag.py
[2025-03-08T21:15:12.812+0600] {processor.py:914} INFO - Processing file /home/shamim/airflow_venv/lib/python3.12/site-packages/airflow/example_dags/example_external_task_marker_dag.py for tasks to queue
[2025-03-08T21:15:12.821+0600] {logging_mixin.py:190} INFO - [2025-03-08T21:15:12.819+0600] {dagbag.py:588} INFO - Filling up the DagBag from /home/shamim/airflow_venv/lib/python3.12/site-packages/airflow/example_dags/example_external_task_marker_dag.py
[2025-03-08T21:15:12.857+0600] {processor.py:925} INFO - DAG(s) 'example_external_task_marker_parent', 'example_external_task_marker_child' retrieved from /home/shamim/airflow_venv/lib/python3.12/site-packages/airflow/example_dags/example_external_task_marker_dag.py
[2025-03-08T21:15:12.892+0600] {logging_mixin.py:190} INFO - [2025-03-08T21:15:12.892+0600] {dag.py:3239} INFO - Sync 2 DAGs
[2025-03-08T21:15:12.911+0600] {logging_mixin.py:190} INFO - [2025-03-08T21:15:12.910+0600] {dag.py:4180} INFO - Setting next_dagrun for example_external_task_marker_child to None, run_after=None
[2025-03-08T21:15:12.916+0600] {logging_mixin.py:190} INFO - [2025-03-08T21:15:12.916+0600] {dag.py:4180} INFO - Setting next_dagrun for example_external_task_marker_parent to None, run_after=None
[2025-03-08T21:15:12.954+0600] {processor.py:208} INFO - Processing /home/shamim/airflow_venv/lib/python3.12/site-packages/airflow/example_dags/example_external_task_marker_dag.py took 0.173 seconds
[2025-03-08T21:17:38.109+0600] {processor.py:186} INFO - Started process (PID=29812) to work on /home/shamim/airflow_venv/lib/python3.12/site-packages/airflow/example_dags/example_external_task_marker_dag.py
[2025-03-08T21:17:38.116+0600] {processor.py:914} INFO - Processing file /home/shamim/airflow_venv/lib/python3.12/site-packages/airflow/example_dags/example_external_task_marker_dag.py for tasks to queue
[2025-03-08T21:17:38.118+0600] {logging_mixin.py:190} INFO - [2025-03-08T21:17:38.118+0600] {dagbag.py:588} INFO - Filling up the DagBag from /home/shamim/airflow_venv/lib/python3.12/site-packages/airflow/example_dags/example_external_task_marker_dag.py
[2025-03-08T21:17:38.130+0600] {processor.py:925} INFO - DAG(s) 'example_external_task_marker_parent', 'example_external_task_marker_child' retrieved from /home/shamim/airflow_venv/lib/python3.12/site-packages/airflow/example_dags/example_external_task_marker_dag.py
[2025-03-08T21:17:38.153+0600] {logging_mixin.py:190} INFO - [2025-03-08T21:17:38.153+0600] {dag.py:3239} INFO - Sync 2 DAGs
[2025-03-08T21:17:38.170+0600] {logging_mixin.py:190} INFO - [2025-03-08T21:17:38.170+0600] {dag.py:4180} INFO - Setting next_dagrun for example_external_task_marker_child to None, run_after=None
[2025-03-08T21:17:38.174+0600] {logging_mixin.py:190} INFO - [2025-03-08T21:17:38.174+0600] {dag.py:4180} INFO - Setting next_dagrun for example_external_task_marker_parent to None, run_after=None
[2025-03-08T21:17:38.219+0600] {processor.py:208} INFO - Processing /home/shamim/airflow_venv/lib/python3.12/site-packages/airflow/example_dags/example_external_task_marker_dag.py took 0.116 seconds
[2025-03-08T21:19:08.688+0600] {processor.py:186} INFO - Started process (PID=30369) to work on /home/shamim/airflow_venv/lib/python3.12/site-packages/airflow/example_dags/example_external_task_marker_dag.py
[2025-03-08T21:19:08.691+0600] {processor.py:914} INFO - Processing file /home/shamim/airflow_venv/lib/python3.12/site-packages/airflow/example_dags/example_external_task_marker_dag.py for tasks to queue
[2025-03-08T21:19:08.693+0600] {logging_mixin.py:190} INFO - [2025-03-08T21:19:08.693+0600] {dagbag.py:588} INFO - Filling up the DagBag from /home/shamim/airflow_venv/lib/python3.12/site-packages/airflow/example_dags/example_external_task_marker_dag.py
[2025-03-08T21:19:08.704+0600] {processor.py:925} INFO - DAG(s) 'example_external_task_marker_child', 'example_external_task_marker_parent' retrieved from /home/shamim/airflow_venv/lib/python3.12/site-packages/airflow/example_dags/example_external_task_marker_dag.py
[2025-03-08T21:19:08.726+0600] {logging_mixin.py:190} INFO - [2025-03-08T21:19:08.726+0600] {dag.py:3239} INFO - Sync 2 DAGs
[2025-03-08T21:19:08.742+0600] {logging_mixin.py:190} INFO - [2025-03-08T21:19:08.742+0600] {dag.py:4180} INFO - Setting next_dagrun for example_external_task_marker_child to None, run_after=None
[2025-03-08T21:19:08.746+0600] {logging_mixin.py:190} INFO - [2025-03-08T21:19:08.746+0600] {dag.py:4180} INFO - Setting next_dagrun for example_external_task_marker_parent to None, run_after=None
[2025-03-08T21:19:08.768+0600] {processor.py:208} INFO - Processing /home/shamim/airflow_venv/lib/python3.12/site-packages/airflow/example_dags/example_external_task_marker_dag.py took 0.088 seconds
[2025-03-08T21:20:29.028+0600] {processor.py:186} INFO - Started process (PID=30925) to work on /home/shamim/airflow_venv/lib/python3.12/site-packages/airflow/example_dags/example_external_task_marker_dag.py
[2025-03-08T21:20:29.035+0600] {processor.py:914} INFO - Processing file /home/shamim/airflow_venv/lib/python3.12/site-packages/airflow/example_dags/example_external_task_marker_dag.py for tasks to queue
[2025-03-08T21:20:29.037+0600] {logging_mixin.py:190} INFO - [2025-03-08T21:20:29.037+0600] {dagbag.py:588} INFO - Filling up the DagBag from /home/shamim/airflow_venv/lib/python3.12/site-packages/airflow/example_dags/example_external_task_marker_dag.py
[2025-03-08T21:20:29.048+0600] {processor.py:925} INFO - DAG(s) 'example_external_task_marker_parent', 'example_external_task_marker_child' retrieved from /home/shamim/airflow_venv/lib/python3.12/site-packages/airflow/example_dags/example_external_task_marker_dag.py
[2025-03-08T21:20:29.070+0600] {logging_mixin.py:190} INFO - [2025-03-08T21:20:29.070+0600] {dag.py:3239} INFO - Sync 2 DAGs
[2025-03-08T21:20:29.086+0600] {logging_mixin.py:190} INFO - [2025-03-08T21:20:29.086+0600] {dag.py:4180} INFO - Setting next_dagrun for example_external_task_marker_child to None, run_after=None
[2025-03-08T21:20:29.090+0600] {logging_mixin.py:190} INFO - [2025-03-08T21:20:29.089+0600] {dag.py:4180} INFO - Setting next_dagrun for example_external_task_marker_parent to None, run_after=None
[2025-03-08T21:20:29.114+0600] {processor.py:208} INFO - Processing /home/shamim/airflow_venv/lib/python3.12/site-packages/airflow/example_dags/example_external_task_marker_dag.py took 0.092 seconds
[2025-03-08T21:21:49.884+0600] {processor.py:186} INFO - Started process (PID=31489) to work on /home/shamim/airflow_venv/lib/python3.12/site-packages/airflow/example_dags/example_external_task_marker_dag.py
[2025-03-08T21:21:49.893+0600] {processor.py:914} INFO - Processing file /home/shamim/airflow_venv/lib/python3.12/site-packages/airflow/example_dags/example_external_task_marker_dag.py for tasks to queue
[2025-03-08T21:21:49.898+0600] {logging_mixin.py:190} INFO - [2025-03-08T21:21:49.897+0600] {dagbag.py:588} INFO - Filling up the DagBag from /home/shamim/airflow_venv/lib/python3.12/site-packages/airflow/example_dags/example_external_task_marker_dag.py
[2025-03-08T21:21:49.916+0600] {processor.py:925} INFO - DAG(s) 'example_external_task_marker_parent', 'example_external_task_marker_child' retrieved from /home/shamim/airflow_venv/lib/python3.12/site-packages/airflow/example_dags/example_external_task_marker_dag.py
[2025-03-08T21:21:49.942+0600] {logging_mixin.py:190} INFO - [2025-03-08T21:21:49.941+0600] {dag.py:3239} INFO - Sync 2 DAGs
[2025-03-08T21:21:49.961+0600] {logging_mixin.py:190} INFO - [2025-03-08T21:21:49.961+0600] {dag.py:4180} INFO - Setting next_dagrun for example_external_task_marker_child to None, run_after=None
[2025-03-08T21:21:49.965+0600] {logging_mixin.py:190} INFO - [2025-03-08T21:21:49.965+0600] {dag.py:4180} INFO - Setting next_dagrun for example_external_task_marker_parent to None, run_after=None
[2025-03-08T21:21:49.990+0600] {processor.py:208} INFO - Processing /home/shamim/airflow_venv/lib/python3.12/site-packages/airflow/example_dags/example_external_task_marker_dag.py took 0.131 seconds
[2025-03-08T21:23:22.085+0600] {processor.py:186} INFO - Started process (PID=32003) to work on /home/shamim/airflow_venv/lib/python3.12/site-packages/airflow/example_dags/example_external_task_marker_dag.py
[2025-03-08T21:23:22.091+0600] {processor.py:914} INFO - Processing file /home/shamim/airflow_venv/lib/python3.12/site-packages/airflow/example_dags/example_external_task_marker_dag.py for tasks to queue
[2025-03-08T21:23:22.094+0600] {logging_mixin.py:190} INFO - [2025-03-08T21:23:22.093+0600] {dagbag.py:588} INFO - Filling up the DagBag from /home/shamim/airflow_venv/lib/python3.12/site-packages/airflow/example_dags/example_external_task_marker_dag.py
[2025-03-08T21:23:22.108+0600] {processor.py:925} INFO - DAG(s) 'example_external_task_marker_child', 'example_external_task_marker_parent' retrieved from /home/shamim/airflow_venv/lib/python3.12/site-packages/airflow/example_dags/example_external_task_marker_dag.py
[2025-03-08T21:23:22.138+0600] {logging_mixin.py:190} INFO - [2025-03-08T21:23:22.137+0600] {dag.py:3239} INFO - Sync 2 DAGs
[2025-03-08T21:23:22.160+0600] {logging_mixin.py:190} INFO - [2025-03-08T21:23:22.160+0600] {dag.py:4180} INFO - Setting next_dagrun for example_external_task_marker_child to None, run_after=None
[2025-03-08T21:23:22.166+0600] {logging_mixin.py:190} INFO - [2025-03-08T21:23:22.165+0600] {dag.py:4180} INFO - Setting next_dagrun for example_external_task_marker_parent to None, run_after=None
[2025-03-08T21:23:22.208+0600] {processor.py:208} INFO - Processing /home/shamim/airflow_venv/lib/python3.12/site-packages/airflow/example_dags/example_external_task_marker_dag.py took 0.133 seconds
[2025-03-08T21:24:57.261+0600] {processor.py:186} INFO - Started process (PID=32507) to work on /home/shamim/airflow_venv/lib/python3.12/site-packages/airflow/example_dags/example_external_task_marker_dag.py
[2025-03-08T21:24:57.267+0600] {processor.py:914} INFO - Processing file /home/shamim/airflow_venv/lib/python3.12/site-packages/airflow/example_dags/example_external_task_marker_dag.py for tasks to queue
[2025-03-08T21:24:57.269+0600] {logging_mixin.py:190} INFO - [2025-03-08T21:24:57.269+0600] {dagbag.py:588} INFO - Filling up the DagBag from /home/shamim/airflow_venv/lib/python3.12/site-packages/airflow/example_dags/example_external_task_marker_dag.py
[2025-03-08T21:24:57.280+0600] {processor.py:925} INFO - DAG(s) 'example_external_task_marker_parent', 'example_external_task_marker_child' retrieved from /home/shamim/airflow_venv/lib/python3.12/site-packages/airflow/example_dags/example_external_task_marker_dag.py
[2025-03-08T21:24:57.304+0600] {logging_mixin.py:190} INFO - [2025-03-08T21:24:57.304+0600] {dag.py:3239} INFO - Sync 2 DAGs
[2025-03-08T21:24:57.321+0600] {logging_mixin.py:190} INFO - [2025-03-08T21:24:57.321+0600] {dag.py:4180} INFO - Setting next_dagrun for example_external_task_marker_child to None, run_after=None
[2025-03-08T21:24:57.325+0600] {logging_mixin.py:190} INFO - [2025-03-08T21:24:57.325+0600] {dag.py:4180} INFO - Setting next_dagrun for example_external_task_marker_parent to None, run_after=None
[2025-03-08T21:24:57.359+0600] {processor.py:208} INFO - Processing /home/shamim/airflow_venv/lib/python3.12/site-packages/airflow/example_dags/example_external_task_marker_dag.py took 0.105 seconds
[2025-03-08T21:26:32.270+0600] {processor.py:186} INFO - Started process (PID=33021) to work on /home/shamim/airflow_venv/lib/python3.12/site-packages/airflow/example_dags/example_external_task_marker_dag.py
[2025-03-08T21:26:32.276+0600] {processor.py:914} INFO - Processing file /home/shamim/airflow_venv/lib/python3.12/site-packages/airflow/example_dags/example_external_task_marker_dag.py for tasks to queue
[2025-03-08T21:26:32.278+0600] {logging_mixin.py:190} INFO - [2025-03-08T21:26:32.277+0600] {dagbag.py:588} INFO - Filling up the DagBag from /home/shamim/airflow_venv/lib/python3.12/site-packages/airflow/example_dags/example_external_task_marker_dag.py
[2025-03-08T21:26:32.290+0600] {processor.py:925} INFO - DAG(s) 'example_external_task_marker_parent', 'example_external_task_marker_child' retrieved from /home/shamim/airflow_venv/lib/python3.12/site-packages/airflow/example_dags/example_external_task_marker_dag.py
[2025-03-08T21:26:32.313+0600] {logging_mixin.py:190} INFO - [2025-03-08T21:26:32.312+0600] {dag.py:3239} INFO - Sync 2 DAGs
[2025-03-08T21:26:32.328+0600] {logging_mixin.py:190} INFO - [2025-03-08T21:26:32.328+0600] {dag.py:4180} INFO - Setting next_dagrun for example_external_task_marker_child to None, run_after=None
[2025-03-08T21:26:32.332+0600] {logging_mixin.py:190} INFO - [2025-03-08T21:26:32.332+0600] {dag.py:4180} INFO - Setting next_dagrun for example_external_task_marker_parent to None, run_after=None
[2025-03-08T21:26:32.366+0600] {processor.py:208} INFO - Processing /home/shamim/airflow_venv/lib/python3.12/site-packages/airflow/example_dags/example_external_task_marker_dag.py took 0.103 seconds
[2025-03-08T21:28:02.013+0600] {processor.py:186} INFO - Started process (PID=33606) to work on /home/shamim/airflow_venv/lib/python3.12/site-packages/airflow/example_dags/example_external_task_marker_dag.py
[2025-03-08T21:28:02.019+0600] {processor.py:914} INFO - Processing file /home/shamim/airflow_venv/lib/python3.12/site-packages/airflow/example_dags/example_external_task_marker_dag.py for tasks to queue
[2025-03-08T21:28:02.023+0600] {logging_mixin.py:190} INFO - [2025-03-08T21:28:02.022+0600] {dagbag.py:588} INFO - Filling up the DagBag from /home/shamim/airflow_venv/lib/python3.12/site-packages/airflow/example_dags/example_external_task_marker_dag.py
[2025-03-08T21:28:02.037+0600] {processor.py:925} INFO - DAG(s) 'example_external_task_marker_child', 'example_external_task_marker_parent' retrieved from /home/shamim/airflow_venv/lib/python3.12/site-packages/airflow/example_dags/example_external_task_marker_dag.py
[2025-03-08T21:28:02.072+0600] {logging_mixin.py:190} INFO - [2025-03-08T21:28:02.072+0600] {dag.py:3239} INFO - Sync 2 DAGs
[2025-03-08T21:28:02.094+0600] {logging_mixin.py:190} INFO - [2025-03-08T21:28:02.094+0600] {dag.py:4180} INFO - Setting next_dagrun for example_external_task_marker_child to None, run_after=None
[2025-03-08T21:28:02.098+0600] {logging_mixin.py:190} INFO - [2025-03-08T21:28:02.098+0600] {dag.py:4180} INFO - Setting next_dagrun for example_external_task_marker_parent to None, run_after=None
[2025-03-08T21:28:02.148+0600] {processor.py:208} INFO - Processing /home/shamim/airflow_venv/lib/python3.12/site-packages/airflow/example_dags/example_external_task_marker_dag.py took 0.146 seconds
[2025-03-08T21:29:35.192+0600] {processor.py:186} INFO - Started process (PID=34379) to work on /home/shamim/airflow_venv/lib/python3.12/site-packages/airflow/example_dags/example_external_task_marker_dag.py
[2025-03-08T21:29:35.219+0600] {processor.py:914} INFO - Processing file /home/shamim/airflow_venv/lib/python3.12/site-packages/airflow/example_dags/example_external_task_marker_dag.py for tasks to queue
[2025-03-08T21:29:35.221+0600] {logging_mixin.py:190} INFO - [2025-03-08T21:29:35.221+0600] {dagbag.py:588} INFO - Filling up the DagBag from /home/shamim/airflow_venv/lib/python3.12/site-packages/airflow/example_dags/example_external_task_marker_dag.py
[2025-03-08T21:29:35.232+0600] {processor.py:925} INFO - DAG(s) 'example_external_task_marker_parent', 'example_external_task_marker_child' retrieved from /home/shamim/airflow_venv/lib/python3.12/site-packages/airflow/example_dags/example_external_task_marker_dag.py
[2025-03-08T21:29:35.254+0600] {logging_mixin.py:190} INFO - [2025-03-08T21:29:35.254+0600] {dag.py:3239} INFO - Sync 2 DAGs
[2025-03-08T21:29:35.270+0600] {logging_mixin.py:190} INFO - [2025-03-08T21:29:35.270+0600] {dag.py:4180} INFO - Setting next_dagrun for example_external_task_marker_child to None, run_after=None
[2025-03-08T21:29:35.275+0600] {logging_mixin.py:190} INFO - [2025-03-08T21:29:35.274+0600] {dag.py:4180} INFO - Setting next_dagrun for example_external_task_marker_parent to None, run_after=None
[2025-03-08T21:29:35.301+0600] {processor.py:208} INFO - Processing /home/shamim/airflow_venv/lib/python3.12/site-packages/airflow/example_dags/example_external_task_marker_dag.py took 0.118 seconds
[2025-03-08T21:31:14.491+0600] {processor.py:186} INFO - Started process (PID=34997) to work on /home/shamim/airflow_venv/lib/python3.12/site-packages/airflow/example_dags/example_external_task_marker_dag.py
[2025-03-08T21:31:14.507+0600] {processor.py:914} INFO - Processing file /home/shamim/airflow_venv/lib/python3.12/site-packages/airflow/example_dags/example_external_task_marker_dag.py for tasks to queue
[2025-03-08T21:31:14.514+0600] {logging_mixin.py:190} INFO - [2025-03-08T21:31:14.513+0600] {dagbag.py:588} INFO - Filling up the DagBag from /home/shamim/airflow_venv/lib/python3.12/site-packages/airflow/example_dags/example_external_task_marker_dag.py
[2025-03-08T21:31:14.549+0600] {processor.py:925} INFO - DAG(s) 'example_external_task_marker_child', 'example_external_task_marker_parent' retrieved from /home/shamim/airflow_venv/lib/python3.12/site-packages/airflow/example_dags/example_external_task_marker_dag.py
[2025-03-08T21:31:14.595+0600] {logging_mixin.py:190} INFO - [2025-03-08T21:31:14.595+0600] {dag.py:3239} INFO - Sync 2 DAGs
[2025-03-08T21:31:14.612+0600] {logging_mixin.py:190} INFO - [2025-03-08T21:31:14.612+0600] {dag.py:4180} INFO - Setting next_dagrun for example_external_task_marker_child to None, run_after=None
[2025-03-08T21:31:14.617+0600] {logging_mixin.py:190} INFO - [2025-03-08T21:31:14.616+0600] {dag.py:4180} INFO - Setting next_dagrun for example_external_task_marker_parent to None, run_after=None
[2025-03-08T21:31:14.640+0600] {processor.py:208} INFO - Processing /home/shamim/airflow_venv/lib/python3.12/site-packages/airflow/example_dags/example_external_task_marker_dag.py took 0.179 seconds
[2025-03-08T21:32:50.676+0600] {processor.py:186} INFO - Started process (PID=35638) to work on /home/shamim/airflow_venv/lib/python3.12/site-packages/airflow/example_dags/example_external_task_marker_dag.py
[2025-03-08T21:32:50.682+0600] {processor.py:914} INFO - Processing file /home/shamim/airflow_venv/lib/python3.12/site-packages/airflow/example_dags/example_external_task_marker_dag.py for tasks to queue
[2025-03-08T21:32:50.686+0600] {logging_mixin.py:190} INFO - [2025-03-08T21:32:50.685+0600] {dagbag.py:588} INFO - Filling up the DagBag from /home/shamim/airflow_venv/lib/python3.12/site-packages/airflow/example_dags/example_external_task_marker_dag.py
[2025-03-08T21:32:50.698+0600] {processor.py:925} INFO - DAG(s) 'example_external_task_marker_parent', 'example_external_task_marker_child' retrieved from /home/shamim/airflow_venv/lib/python3.12/site-packages/airflow/example_dags/example_external_task_marker_dag.py
[2025-03-08T21:32:50.723+0600] {logging_mixin.py:190} INFO - [2025-03-08T21:32:50.723+0600] {dag.py:3239} INFO - Sync 2 DAGs
[2025-03-08T21:32:50.740+0600] {logging_mixin.py:190} INFO - [2025-03-08T21:32:50.739+0600] {dag.py:4180} INFO - Setting next_dagrun for example_external_task_marker_child to None, run_after=None
[2025-03-08T21:32:50.744+0600] {logging_mixin.py:190} INFO - [2025-03-08T21:32:50.744+0600] {dag.py:4180} INFO - Setting next_dagrun for example_external_task_marker_parent to None, run_after=None
[2025-03-08T21:32:50.766+0600] {processor.py:208} INFO - Processing /home/shamim/airflow_venv/lib/python3.12/site-packages/airflow/example_dags/example_external_task_marker_dag.py took 0.127 seconds
[2025-03-08T21:34:18.057+0600] {processor.py:186} INFO - Started process (PID=36159) to work on /home/shamim/airflow_venv/lib/python3.12/site-packages/airflow/example_dags/example_external_task_marker_dag.py
[2025-03-08T21:34:18.063+0600] {processor.py:914} INFO - Processing file /home/shamim/airflow_venv/lib/python3.12/site-packages/airflow/example_dags/example_external_task_marker_dag.py for tasks to queue
[2025-03-08T21:34:18.066+0600] {logging_mixin.py:190} INFO - [2025-03-08T21:34:18.065+0600] {dagbag.py:588} INFO - Filling up the DagBag from /home/shamim/airflow_venv/lib/python3.12/site-packages/airflow/example_dags/example_external_task_marker_dag.py
[2025-03-08T21:34:18.076+0600] {processor.py:925} INFO - DAG(s) 'example_external_task_marker_child', 'example_external_task_marker_parent' retrieved from /home/shamim/airflow_venv/lib/python3.12/site-packages/airflow/example_dags/example_external_task_marker_dag.py
[2025-03-08T21:34:18.099+0600] {logging_mixin.py:190} INFO - [2025-03-08T21:34:18.098+0600] {dag.py:3239} INFO - Sync 2 DAGs
[2025-03-08T21:34:18.114+0600] {logging_mixin.py:190} INFO - [2025-03-08T21:34:18.114+0600] {dag.py:4180} INFO - Setting next_dagrun for example_external_task_marker_child to None, run_after=None
[2025-03-08T21:34:18.119+0600] {logging_mixin.py:190} INFO - [2025-03-08T21:34:18.118+0600] {dag.py:4180} INFO - Setting next_dagrun for example_external_task_marker_parent to None, run_after=None
[2025-03-08T21:34:18.142+0600] {processor.py:208} INFO - Processing /home/shamim/airflow_venv/lib/python3.12/site-packages/airflow/example_dags/example_external_task_marker_dag.py took 0.094 seconds
[2025-03-08T21:35:52.289+0600] {processor.py:186} INFO - Started process (PID=36716) to work on /home/shamim/airflow_venv/lib/python3.12/site-packages/airflow/example_dags/example_external_task_marker_dag.py
[2025-03-08T21:35:52.300+0600] {processor.py:914} INFO - Processing file /home/shamim/airflow_venv/lib/python3.12/site-packages/airflow/example_dags/example_external_task_marker_dag.py for tasks to queue
[2025-03-08T21:35:52.302+0600] {logging_mixin.py:190} INFO - [2025-03-08T21:35:52.302+0600] {dagbag.py:588} INFO - Filling up the DagBag from /home/shamim/airflow_venv/lib/python3.12/site-packages/airflow/example_dags/example_external_task_marker_dag.py
[2025-03-08T21:35:52.312+0600] {processor.py:925} INFO - DAG(s) 'example_external_task_marker_parent', 'example_external_task_marker_child' retrieved from /home/shamim/airflow_venv/lib/python3.12/site-packages/airflow/example_dags/example_external_task_marker_dag.py
[2025-03-08T21:35:52.335+0600] {logging_mixin.py:190} INFO - [2025-03-08T21:35:52.335+0600] {dag.py:3239} INFO - Sync 2 DAGs
[2025-03-08T21:35:52.352+0600] {logging_mixin.py:190} INFO - [2025-03-08T21:35:52.352+0600] {dag.py:4180} INFO - Setting next_dagrun for example_external_task_marker_child to None, run_after=None
[2025-03-08T21:35:52.357+0600] {logging_mixin.py:190} INFO - [2025-03-08T21:35:52.356+0600] {dag.py:4180} INFO - Setting next_dagrun for example_external_task_marker_parent to None, run_after=None
[2025-03-08T21:35:52.390+0600] {processor.py:208} INFO - Processing /home/shamim/airflow_venv/lib/python3.12/site-packages/airflow/example_dags/example_external_task_marker_dag.py took 0.110 seconds
[2025-03-08T21:37:25.873+0600] {processor.py:186} INFO - Started process (PID=37254) to work on /home/shamim/airflow_venv/lib/python3.12/site-packages/airflow/example_dags/example_external_task_marker_dag.py
[2025-03-08T21:37:25.880+0600] {processor.py:914} INFO - Processing file /home/shamim/airflow_venv/lib/python3.12/site-packages/airflow/example_dags/example_external_task_marker_dag.py for tasks to queue
[2025-03-08T21:37:25.888+0600] {logging_mixin.py:190} INFO - [2025-03-08T21:37:25.887+0600] {dagbag.py:588} INFO - Filling up the DagBag from /home/shamim/airflow_venv/lib/python3.12/site-packages/airflow/example_dags/example_external_task_marker_dag.py
[2025-03-08T21:37:25.921+0600] {processor.py:925} INFO - DAG(s) 'example_external_task_marker_child', 'example_external_task_marker_parent' retrieved from /home/shamim/airflow_venv/lib/python3.12/site-packages/airflow/example_dags/example_external_task_marker_dag.py
[2025-03-08T21:37:25.956+0600] {logging_mixin.py:190} INFO - [2025-03-08T21:37:25.955+0600] {dag.py:3239} INFO - Sync 2 DAGs
[2025-03-08T21:37:25.973+0600] {logging_mixin.py:190} INFO - [2025-03-08T21:37:25.972+0600] {dag.py:4180} INFO - Setting next_dagrun for example_external_task_marker_child to None, run_after=None
[2025-03-08T21:37:25.977+0600] {logging_mixin.py:190} INFO - [2025-03-08T21:37:25.977+0600] {dag.py:4180} INFO - Setting next_dagrun for example_external_task_marker_parent to None, run_after=None
[2025-03-08T21:37:26.013+0600] {processor.py:208} INFO - Processing /home/shamim/airflow_venv/lib/python3.12/site-packages/airflow/example_dags/example_external_task_marker_dag.py took 0.150 seconds
[2025-03-08T21:38:58.921+0600] {processor.py:186} INFO - Started process (PID=37894) to work on /home/shamim/airflow_venv/lib/python3.12/site-packages/airflow/example_dags/example_external_task_marker_dag.py
[2025-03-08T21:38:58.927+0600] {processor.py:914} INFO - Processing file /home/shamim/airflow_venv/lib/python3.12/site-packages/airflow/example_dags/example_external_task_marker_dag.py for tasks to queue
[2025-03-08T21:38:58.929+0600] {logging_mixin.py:190} INFO - [2025-03-08T21:38:58.929+0600] {dagbag.py:588} INFO - Filling up the DagBag from /home/shamim/airflow_venv/lib/python3.12/site-packages/airflow/example_dags/example_external_task_marker_dag.py
[2025-03-08T21:38:58.939+0600] {processor.py:925} INFO - DAG(s) 'example_external_task_marker_parent', 'example_external_task_marker_child' retrieved from /home/shamim/airflow_venv/lib/python3.12/site-packages/airflow/example_dags/example_external_task_marker_dag.py
[2025-03-08T21:38:58.963+0600] {logging_mixin.py:190} INFO - [2025-03-08T21:38:58.963+0600] {dag.py:3239} INFO - Sync 2 DAGs
[2025-03-08T21:38:58.979+0600] {logging_mixin.py:190} INFO - [2025-03-08T21:38:58.979+0600] {dag.py:4180} INFO - Setting next_dagrun for example_external_task_marker_child to None, run_after=None
[2025-03-08T21:38:58.983+0600] {logging_mixin.py:190} INFO - [2025-03-08T21:38:58.982+0600] {dag.py:4180} INFO - Setting next_dagrun for example_external_task_marker_parent to None, run_after=None
[2025-03-08T21:38:59.005+0600] {processor.py:208} INFO - Processing /home/shamim/airflow_venv/lib/python3.12/site-packages/airflow/example_dags/example_external_task_marker_dag.py took 0.093 seconds
[2025-03-08T21:40:25.767+0600] {processor.py:186} INFO - Started process (PID=38556) to work on /home/shamim/airflow_venv/lib/python3.12/site-packages/airflow/example_dags/example_external_task_marker_dag.py
[2025-03-08T21:40:25.774+0600] {processor.py:914} INFO - Processing file /home/shamim/airflow_venv/lib/python3.12/site-packages/airflow/example_dags/example_external_task_marker_dag.py for tasks to queue
[2025-03-08T21:40:25.776+0600] {logging_mixin.py:190} INFO - [2025-03-08T21:40:25.775+0600] {dagbag.py:588} INFO - Filling up the DagBag from /home/shamim/airflow_venv/lib/python3.12/site-packages/airflow/example_dags/example_external_task_marker_dag.py
[2025-03-08T21:40:25.789+0600] {processor.py:925} INFO - DAG(s) 'example_external_task_marker_parent', 'example_external_task_marker_child' retrieved from /home/shamim/airflow_venv/lib/python3.12/site-packages/airflow/example_dags/example_external_task_marker_dag.py
[2025-03-08T21:40:25.818+0600] {logging_mixin.py:190} INFO - [2025-03-08T21:40:25.818+0600] {dag.py:3239} INFO - Sync 2 DAGs
[2025-03-08T21:40:25.839+0600] {logging_mixin.py:190} INFO - [2025-03-08T21:40:25.838+0600] {dag.py:4180} INFO - Setting next_dagrun for example_external_task_marker_child to None, run_after=None
[2025-03-08T21:40:25.844+0600] {logging_mixin.py:190} INFO - [2025-03-08T21:40:25.844+0600] {dag.py:4180} INFO - Setting next_dagrun for example_external_task_marker_parent to None, run_after=None
[2025-03-08T21:40:25.875+0600] {processor.py:208} INFO - Processing /home/shamim/airflow_venv/lib/python3.12/site-packages/airflow/example_dags/example_external_task_marker_dag.py took 0.120 seconds
[2025-03-08T21:41:55.189+0600] {processor.py:186} INFO - Started process (PID=39085) to work on /home/shamim/airflow_venv/lib/python3.12/site-packages/airflow/example_dags/example_external_task_marker_dag.py
[2025-03-08T21:41:55.192+0600] {processor.py:914} INFO - Processing file /home/shamim/airflow_venv/lib/python3.12/site-packages/airflow/example_dags/example_external_task_marker_dag.py for tasks to queue
[2025-03-08T21:41:55.195+0600] {logging_mixin.py:190} INFO - [2025-03-08T21:41:55.194+0600] {dagbag.py:588} INFO - Filling up the DagBag from /home/shamim/airflow_venv/lib/python3.12/site-packages/airflow/example_dags/example_external_task_marker_dag.py
[2025-03-08T21:41:55.208+0600] {processor.py:925} INFO - DAG(s) 'example_external_task_marker_child', 'example_external_task_marker_parent' retrieved from /home/shamim/airflow_venv/lib/python3.12/site-packages/airflow/example_dags/example_external_task_marker_dag.py
[2025-03-08T21:41:55.233+0600] {logging_mixin.py:190} INFO - [2025-03-08T21:41:55.233+0600] {dag.py:3239} INFO - Sync 2 DAGs
[2025-03-08T21:41:55.252+0600] {logging_mixin.py:190} INFO - [2025-03-08T21:41:55.251+0600] {dag.py:4180} INFO - Setting next_dagrun for example_external_task_marker_child to None, run_after=None
[2025-03-08T21:41:55.257+0600] {logging_mixin.py:190} INFO - [2025-03-08T21:41:55.257+0600] {dag.py:4180} INFO - Setting next_dagrun for example_external_task_marker_parent to None, run_after=None
[2025-03-08T21:41:55.282+0600] {processor.py:208} INFO - Processing /home/shamim/airflow_venv/lib/python3.12/site-packages/airflow/example_dags/example_external_task_marker_dag.py took 0.104 seconds
[2025-03-08T21:43:32.124+0600] {processor.py:186} INFO - Started process (PID=39676) to work on /home/shamim/airflow_venv/lib/python3.12/site-packages/airflow/example_dags/example_external_task_marker_dag.py
[2025-03-08T21:43:32.131+0600] {processor.py:914} INFO - Processing file /home/shamim/airflow_venv/lib/python3.12/site-packages/airflow/example_dags/example_external_task_marker_dag.py for tasks to queue
[2025-03-08T21:43:32.134+0600] {logging_mixin.py:190} INFO - [2025-03-08T21:43:32.133+0600] {dagbag.py:588} INFO - Filling up the DagBag from /home/shamim/airflow_venv/lib/python3.12/site-packages/airflow/example_dags/example_external_task_marker_dag.py
[2025-03-08T21:43:32.145+0600] {processor.py:925} INFO - DAG(s) 'example_external_task_marker_child', 'example_external_task_marker_parent' retrieved from /home/shamim/airflow_venv/lib/python3.12/site-packages/airflow/example_dags/example_external_task_marker_dag.py
[2025-03-08T21:43:32.171+0600] {logging_mixin.py:190} INFO - [2025-03-08T21:43:32.170+0600] {dag.py:3239} INFO - Sync 2 DAGs
[2025-03-08T21:43:32.196+0600] {logging_mixin.py:190} INFO - [2025-03-08T21:43:32.195+0600] {dag.py:4180} INFO - Setting next_dagrun for example_external_task_marker_child to None, run_after=None
[2025-03-08T21:43:32.202+0600] {logging_mixin.py:190} INFO - [2025-03-08T21:43:32.202+0600] {dag.py:4180} INFO - Setting next_dagrun for example_external_task_marker_parent to None, run_after=None
[2025-03-08T21:43:32.230+0600] {processor.py:208} INFO - Processing /home/shamim/airflow_venv/lib/python3.12/site-packages/airflow/example_dags/example_external_task_marker_dag.py took 0.116 seconds
[2025-03-08T21:45:14.488+0600] {processor.py:186} INFO - Started process (PID=40238) to work on /home/shamim/airflow_venv/lib/python3.12/site-packages/airflow/example_dags/example_external_task_marker_dag.py
[2025-03-08T21:45:14.495+0600] {processor.py:914} INFO - Processing file /home/shamim/airflow_venv/lib/python3.12/site-packages/airflow/example_dags/example_external_task_marker_dag.py for tasks to queue
[2025-03-08T21:45:14.497+0600] {logging_mixin.py:190} INFO - [2025-03-08T21:45:14.497+0600] {dagbag.py:588} INFO - Filling up the DagBag from /home/shamim/airflow_venv/lib/python3.12/site-packages/airflow/example_dags/example_external_task_marker_dag.py
[2025-03-08T21:45:14.507+0600] {processor.py:925} INFO - DAG(s) 'example_external_task_marker_parent', 'example_external_task_marker_child' retrieved from /home/shamim/airflow_venv/lib/python3.12/site-packages/airflow/example_dags/example_external_task_marker_dag.py
[2025-03-08T21:45:14.531+0600] {logging_mixin.py:190} INFO - [2025-03-08T21:45:14.531+0600] {dag.py:3239} INFO - Sync 2 DAGs
[2025-03-08T21:45:14.547+0600] {logging_mixin.py:190} INFO - [2025-03-08T21:45:14.546+0600] {dag.py:4180} INFO - Setting next_dagrun for example_external_task_marker_child to None, run_after=None
[2025-03-08T21:45:14.551+0600] {logging_mixin.py:190} INFO - [2025-03-08T21:45:14.551+0600] {dag.py:4180} INFO - Setting next_dagrun for example_external_task_marker_parent to None, run_after=None
[2025-03-08T21:45:14.576+0600] {processor.py:208} INFO - Processing /home/shamim/airflow_venv/lib/python3.12/site-packages/airflow/example_dags/example_external_task_marker_dag.py took 0.096 seconds
[2025-03-08T21:46:43.323+0600] {processor.py:186} INFO - Started process (PID=40828) to work on /home/shamim/airflow_venv/lib/python3.12/site-packages/airflow/example_dags/example_external_task_marker_dag.py
[2025-03-08T21:46:43.332+0600] {processor.py:914} INFO - Processing file /home/shamim/airflow_venv/lib/python3.12/site-packages/airflow/example_dags/example_external_task_marker_dag.py for tasks to queue
[2025-03-08T21:46:43.339+0600] {logging_mixin.py:190} INFO - [2025-03-08T21:46:43.337+0600] {dagbag.py:588} INFO - Filling up the DagBag from /home/shamim/airflow_venv/lib/python3.12/site-packages/airflow/example_dags/example_external_task_marker_dag.py
[2025-03-08T21:46:43.367+0600] {processor.py:925} INFO - DAG(s) 'example_external_task_marker_parent', 'example_external_task_marker_child' retrieved from /home/shamim/airflow_venv/lib/python3.12/site-packages/airflow/example_dags/example_external_task_marker_dag.py
[2025-03-08T21:46:43.394+0600] {logging_mixin.py:190} INFO - [2025-03-08T21:46:43.394+0600] {dag.py:3239} INFO - Sync 2 DAGs
[2025-03-08T21:46:43.410+0600] {logging_mixin.py:190} INFO - [2025-03-08T21:46:43.410+0600] {dag.py:4180} INFO - Setting next_dagrun for example_external_task_marker_child to None, run_after=None
[2025-03-08T21:46:43.415+0600] {logging_mixin.py:190} INFO - [2025-03-08T21:46:43.415+0600] {dag.py:4180} INFO - Setting next_dagrun for example_external_task_marker_parent to None, run_after=None
[2025-03-08T21:46:43.439+0600] {processor.py:208} INFO - Processing /home/shamim/airflow_venv/lib/python3.12/site-packages/airflow/example_dags/example_external_task_marker_dag.py took 0.150 seconds
[2025-03-08T21:48:18.410+0600] {processor.py:186} INFO - Started process (PID=41449) to work on /home/shamim/airflow_venv/lib/python3.12/site-packages/airflow/example_dags/example_external_task_marker_dag.py
[2025-03-08T21:48:18.417+0600] {processor.py:914} INFO - Processing file /home/shamim/airflow_venv/lib/python3.12/site-packages/airflow/example_dags/example_external_task_marker_dag.py for tasks to queue
[2025-03-08T21:48:18.419+0600] {logging_mixin.py:190} INFO - [2025-03-08T21:48:18.419+0600] {dagbag.py:588} INFO - Filling up the DagBag from /home/shamim/airflow_venv/lib/python3.12/site-packages/airflow/example_dags/example_external_task_marker_dag.py
[2025-03-08T21:48:18.432+0600] {processor.py:925} INFO - DAG(s) 'example_external_task_marker_child', 'example_external_task_marker_parent' retrieved from /home/shamim/airflow_venv/lib/python3.12/site-packages/airflow/example_dags/example_external_task_marker_dag.py
[2025-03-08T21:48:18.457+0600] {logging_mixin.py:190} INFO - [2025-03-08T21:48:18.457+0600] {dag.py:3239} INFO - Sync 2 DAGs
[2025-03-08T21:48:18.482+0600] {logging_mixin.py:190} INFO - [2025-03-08T21:48:18.482+0600] {dag.py:4180} INFO - Setting next_dagrun for example_external_task_marker_child to None, run_after=None
[2025-03-08T21:48:18.486+0600] {logging_mixin.py:190} INFO - [2025-03-08T21:48:18.486+0600] {dag.py:4180} INFO - Setting next_dagrun for example_external_task_marker_parent to None, run_after=None
[2025-03-08T21:48:18.513+0600] {processor.py:208} INFO - Processing /home/shamim/airflow_venv/lib/python3.12/site-packages/airflow/example_dags/example_external_task_marker_dag.py took 0.118 seconds
[2025-03-08T21:49:53.198+0600] {processor.py:186} INFO - Started process (PID=41992) to work on /home/shamim/airflow_venv/lib/python3.12/site-packages/airflow/example_dags/example_external_task_marker_dag.py
[2025-03-08T21:49:53.204+0600] {processor.py:914} INFO - Processing file /home/shamim/airflow_venv/lib/python3.12/site-packages/airflow/example_dags/example_external_task_marker_dag.py for tasks to queue
[2025-03-08T21:49:53.207+0600] {logging_mixin.py:190} INFO - [2025-03-08T21:49:53.207+0600] {dagbag.py:588} INFO - Filling up the DagBag from /home/shamim/airflow_venv/lib/python3.12/site-packages/airflow/example_dags/example_external_task_marker_dag.py
[2025-03-08T21:49:53.219+0600] {processor.py:925} INFO - DAG(s) 'example_external_task_marker_parent', 'example_external_task_marker_child' retrieved from /home/shamim/airflow_venv/lib/python3.12/site-packages/airflow/example_dags/example_external_task_marker_dag.py
[2025-03-08T21:49:53.243+0600] {logging_mixin.py:190} INFO - [2025-03-08T21:49:53.243+0600] {dag.py:3239} INFO - Sync 2 DAGs
[2025-03-08T21:49:53.258+0600] {logging_mixin.py:190} INFO - [2025-03-08T21:49:53.258+0600] {dag.py:4180} INFO - Setting next_dagrun for example_external_task_marker_child to None, run_after=None
[2025-03-08T21:49:53.263+0600] {logging_mixin.py:190} INFO - [2025-03-08T21:49:53.262+0600] {dag.py:4180} INFO - Setting next_dagrun for example_external_task_marker_parent to None, run_after=None
[2025-03-08T21:49:53.302+0600] {processor.py:208} INFO - Processing /home/shamim/airflow_venv/lib/python3.12/site-packages/airflow/example_dags/example_external_task_marker_dag.py took 0.123 seconds
[2025-03-08T21:51:27.733+0600] {processor.py:186} INFO - Started process (PID=42535) to work on /home/shamim/airflow_venv/lib/python3.12/site-packages/airflow/example_dags/example_external_task_marker_dag.py
[2025-03-08T21:51:27.739+0600] {processor.py:914} INFO - Processing file /home/shamim/airflow_venv/lib/python3.12/site-packages/airflow/example_dags/example_external_task_marker_dag.py for tasks to queue
[2025-03-08T21:51:27.742+0600] {logging_mixin.py:190} INFO - [2025-03-08T21:51:27.741+0600] {dagbag.py:588} INFO - Filling up the DagBag from /home/shamim/airflow_venv/lib/python3.12/site-packages/airflow/example_dags/example_external_task_marker_dag.py
[2025-03-08T21:51:27.752+0600] {processor.py:925} INFO - DAG(s) 'example_external_task_marker_parent', 'example_external_task_marker_child' retrieved from /home/shamim/airflow_venv/lib/python3.12/site-packages/airflow/example_dags/example_external_task_marker_dag.py
[2025-03-08T21:51:27.774+0600] {logging_mixin.py:190} INFO - [2025-03-08T21:51:27.774+0600] {dag.py:3239} INFO - Sync 2 DAGs
[2025-03-08T21:51:27.789+0600] {logging_mixin.py:190} INFO - [2025-03-08T21:51:27.789+0600] {dag.py:4180} INFO - Setting next_dagrun for example_external_task_marker_child to None, run_after=None
[2025-03-08T21:51:27.793+0600] {logging_mixin.py:190} INFO - [2025-03-08T21:51:27.793+0600] {dag.py:4180} INFO - Setting next_dagrun for example_external_task_marker_parent to None, run_after=None
[2025-03-08T21:51:27.816+0600] {processor.py:208} INFO - Processing /home/shamim/airflow_venv/lib/python3.12/site-packages/airflow/example_dags/example_external_task_marker_dag.py took 0.091 seconds
[2025-03-08T21:52:48.660+0600] {processor.py:186} INFO - Started process (PID=43093) to work on /home/shamim/airflow_venv/lib/python3.12/site-packages/airflow/example_dags/example_external_task_marker_dag.py
[2025-03-08T21:52:48.669+0600] {processor.py:914} INFO - Processing file /home/shamim/airflow_venv/lib/python3.12/site-packages/airflow/example_dags/example_external_task_marker_dag.py for tasks to queue
[2025-03-08T21:52:48.676+0600] {logging_mixin.py:190} INFO - [2025-03-08T21:52:48.674+0600] {dagbag.py:588} INFO - Filling up the DagBag from /home/shamim/airflow_venv/lib/python3.12/site-packages/airflow/example_dags/example_external_task_marker_dag.py
[2025-03-08T21:52:48.704+0600] {processor.py:925} INFO - DAG(s) 'example_external_task_marker_child', 'example_external_task_marker_parent' retrieved from /home/shamim/airflow_venv/lib/python3.12/site-packages/airflow/example_dags/example_external_task_marker_dag.py
[2025-03-08T21:52:48.732+0600] {logging_mixin.py:190} INFO - [2025-03-08T21:52:48.732+0600] {dag.py:3239} INFO - Sync 2 DAGs
[2025-03-08T21:52:48.748+0600] {logging_mixin.py:190} INFO - [2025-03-08T21:52:48.747+0600] {dag.py:4180} INFO - Setting next_dagrun for example_external_task_marker_child to None, run_after=None
[2025-03-08T21:52:48.751+0600] {logging_mixin.py:190} INFO - [2025-03-08T21:52:48.751+0600] {dag.py:4180} INFO - Setting next_dagrun for example_external_task_marker_parent to None, run_after=None
[2025-03-08T21:52:48.776+0600] {processor.py:208} INFO - Processing /home/shamim/airflow_venv/lib/python3.12/site-packages/airflow/example_dags/example_external_task_marker_dag.py took 0.141 seconds
[2025-03-08T21:54:08.353+0600] {processor.py:186} INFO - Started process (PID=43615) to work on /home/shamim/airflow_venv/lib/python3.12/site-packages/airflow/example_dags/example_external_task_marker_dag.py
[2025-03-08T21:54:08.359+0600] {processor.py:914} INFO - Processing file /home/shamim/airflow_venv/lib/python3.12/site-packages/airflow/example_dags/example_external_task_marker_dag.py for tasks to queue
[2025-03-08T21:54:08.362+0600] {logging_mixin.py:190} INFO - [2025-03-08T21:54:08.361+0600] {dagbag.py:588} INFO - Filling up the DagBag from /home/shamim/airflow_venv/lib/python3.12/site-packages/airflow/example_dags/example_external_task_marker_dag.py
[2025-03-08T21:54:08.372+0600] {processor.py:925} INFO - DAG(s) 'example_external_task_marker_child', 'example_external_task_marker_parent' retrieved from /home/shamim/airflow_venv/lib/python3.12/site-packages/airflow/example_dags/example_external_task_marker_dag.py
[2025-03-08T21:54:08.394+0600] {logging_mixin.py:190} INFO - [2025-03-08T21:54:08.393+0600] {dag.py:3239} INFO - Sync 2 DAGs
[2025-03-08T21:54:08.410+0600] {logging_mixin.py:190} INFO - [2025-03-08T21:54:08.409+0600] {dag.py:4180} INFO - Setting next_dagrun for example_external_task_marker_child to None, run_after=None
[2025-03-08T21:54:08.414+0600] {logging_mixin.py:190} INFO - [2025-03-08T21:54:08.413+0600] {dag.py:4180} INFO - Setting next_dagrun for example_external_task_marker_parent to None, run_after=None
[2025-03-08T21:54:08.437+0600] {processor.py:208} INFO - Processing /home/shamim/airflow_venv/lib/python3.12/site-packages/airflow/example_dags/example_external_task_marker_dag.py took 0.093 seconds
[2025-03-08T21:55:33.867+0600] {processor.py:186} INFO - Started process (PID=44189) to work on /home/shamim/airflow_venv/lib/python3.12/site-packages/airflow/example_dags/example_external_task_marker_dag.py
[2025-03-08T21:55:33.870+0600] {processor.py:914} INFO - Processing file /home/shamim/airflow_venv/lib/python3.12/site-packages/airflow/example_dags/example_external_task_marker_dag.py for tasks to queue
[2025-03-08T21:55:33.872+0600] {logging_mixin.py:190} INFO - [2025-03-08T21:55:33.872+0600] {dagbag.py:588} INFO - Filling up the DagBag from /home/shamim/airflow_venv/lib/python3.12/site-packages/airflow/example_dags/example_external_task_marker_dag.py
[2025-03-08T21:55:33.882+0600] {processor.py:925} INFO - DAG(s) 'example_external_task_marker_parent', 'example_external_task_marker_child' retrieved from /home/shamim/airflow_venv/lib/python3.12/site-packages/airflow/example_dags/example_external_task_marker_dag.py
[2025-03-08T21:55:33.904+0600] {logging_mixin.py:190} INFO - [2025-03-08T21:55:33.904+0600] {dag.py:3239} INFO - Sync 2 DAGs
[2025-03-08T21:55:33.921+0600] {logging_mixin.py:190} INFO - [2025-03-08T21:55:33.921+0600] {dag.py:4180} INFO - Setting next_dagrun for example_external_task_marker_child to None, run_after=None
[2025-03-08T21:55:33.928+0600] {logging_mixin.py:190} INFO - [2025-03-08T21:55:33.928+0600] {dag.py:4180} INFO - Setting next_dagrun for example_external_task_marker_parent to None, run_after=None
[2025-03-08T21:55:33.957+0600] {processor.py:208} INFO - Processing /home/shamim/airflow_venv/lib/python3.12/site-packages/airflow/example_dags/example_external_task_marker_dag.py took 0.100 seconds
[2025-03-08T21:57:03.926+0600] {processor.py:186} INFO - Started process (PID=44753) to work on /home/shamim/airflow_venv/lib/python3.12/site-packages/airflow/example_dags/example_external_task_marker_dag.py
[2025-03-08T21:57:03.932+0600] {processor.py:914} INFO - Processing file /home/shamim/airflow_venv/lib/python3.12/site-packages/airflow/example_dags/example_external_task_marker_dag.py for tasks to queue
[2025-03-08T21:57:03.934+0600] {logging_mixin.py:190} INFO - [2025-03-08T21:57:03.934+0600] {dagbag.py:588} INFO - Filling up the DagBag from /home/shamim/airflow_venv/lib/python3.12/site-packages/airflow/example_dags/example_external_task_marker_dag.py
[2025-03-08T21:57:03.946+0600] {processor.py:925} INFO - DAG(s) 'example_external_task_marker_child', 'example_external_task_marker_parent' retrieved from /home/shamim/airflow_venv/lib/python3.12/site-packages/airflow/example_dags/example_external_task_marker_dag.py
[2025-03-08T21:57:03.970+0600] {logging_mixin.py:190} INFO - [2025-03-08T21:57:03.970+0600] {dag.py:3239} INFO - Sync 2 DAGs
[2025-03-08T21:57:03.986+0600] {logging_mixin.py:190} INFO - [2025-03-08T21:57:03.986+0600] {dag.py:4180} INFO - Setting next_dagrun for example_external_task_marker_child to None, run_after=None
[2025-03-08T21:57:03.990+0600] {logging_mixin.py:190} INFO - [2025-03-08T21:57:03.990+0600] {dag.py:4180} INFO - Setting next_dagrun for example_external_task_marker_parent to None, run_after=None
[2025-03-08T21:57:04.014+0600] {processor.py:208} INFO - Processing /home/shamim/airflow_venv/lib/python3.12/site-packages/airflow/example_dags/example_external_task_marker_dag.py took 0.098 seconds
[2025-03-08T21:58:27.730+0600] {processor.py:186} INFO - Started process (PID=45433) to work on /home/shamim/airflow_venv/lib/python3.12/site-packages/airflow/example_dags/example_external_task_marker_dag.py
[2025-03-08T21:58:27.737+0600] {processor.py:914} INFO - Processing file /home/shamim/airflow_venv/lib/python3.12/site-packages/airflow/example_dags/example_external_task_marker_dag.py for tasks to queue
[2025-03-08T21:58:27.739+0600] {logging_mixin.py:190} INFO - [2025-03-08T21:58:27.739+0600] {dagbag.py:588} INFO - Filling up the DagBag from /home/shamim/airflow_venv/lib/python3.12/site-packages/airflow/example_dags/example_external_task_marker_dag.py
[2025-03-08T21:58:27.750+0600] {processor.py:925} INFO - DAG(s) 'example_external_task_marker_parent', 'example_external_task_marker_child' retrieved from /home/shamim/airflow_venv/lib/python3.12/site-packages/airflow/example_dags/example_external_task_marker_dag.py
[2025-03-08T21:58:27.772+0600] {logging_mixin.py:190} INFO - [2025-03-08T21:58:27.772+0600] {dag.py:3239} INFO - Sync 2 DAGs
[2025-03-08T21:58:27.789+0600] {logging_mixin.py:190} INFO - [2025-03-08T21:58:27.789+0600] {dag.py:4180} INFO - Setting next_dagrun for example_external_task_marker_child to None, run_after=None
[2025-03-08T21:58:27.793+0600] {logging_mixin.py:190} INFO - [2025-03-08T21:58:27.793+0600] {dag.py:4180} INFO - Setting next_dagrun for example_external_task_marker_parent to None, run_after=None
[2025-03-08T21:58:27.826+0600] {processor.py:208} INFO - Processing /home/shamim/airflow_venv/lib/python3.12/site-packages/airflow/example_dags/example_external_task_marker_dag.py took 0.105 seconds
[2025-03-08T22:00:00.793+0600] {processor.py:186} INFO - Started process (PID=46267) to work on /home/shamim/airflow_venv/lib/python3.12/site-packages/airflow/example_dags/example_external_task_marker_dag.py
[2025-03-08T22:00:00.800+0600] {processor.py:914} INFO - Processing file /home/shamim/airflow_venv/lib/python3.12/site-packages/airflow/example_dags/example_external_task_marker_dag.py for tasks to queue
[2025-03-08T22:00:00.804+0600] {logging_mixin.py:190} INFO - [2025-03-08T22:00:00.803+0600] {dagbag.py:588} INFO - Filling up the DagBag from /home/shamim/airflow_venv/lib/python3.12/site-packages/airflow/example_dags/example_external_task_marker_dag.py
[2025-03-08T22:00:00.816+0600] {processor.py:925} INFO - DAG(s) 'example_external_task_marker_child', 'example_external_task_marker_parent' retrieved from /home/shamim/airflow_venv/lib/python3.12/site-packages/airflow/example_dags/example_external_task_marker_dag.py
[2025-03-08T22:00:00.843+0600] {logging_mixin.py:190} INFO - [2025-03-08T22:00:00.843+0600] {dag.py:3239} INFO - Sync 2 DAGs
[2025-03-08T22:00:00.861+0600] {logging_mixin.py:190} INFO - [2025-03-08T22:00:00.861+0600] {dag.py:4180} INFO - Setting next_dagrun for example_external_task_marker_child to None, run_after=None
[2025-03-08T22:00:00.868+0600] {logging_mixin.py:190} INFO - [2025-03-08T22:00:00.867+0600] {dag.py:4180} INFO - Setting next_dagrun for example_external_task_marker_parent to None, run_after=None
[2025-03-08T22:00:00.905+0600] {processor.py:208} INFO - Processing /home/shamim/airflow_venv/lib/python3.12/site-packages/airflow/example_dags/example_external_task_marker_dag.py took 0.128 seconds
[2025-03-08T22:01:32.178+0600] {processor.py:186} INFO - Started process (PID=47075) to work on /home/shamim/airflow_venv/lib/python3.12/site-packages/airflow/example_dags/example_external_task_marker_dag.py
[2025-03-08T22:01:32.180+0600] {processor.py:914} INFO - Processing file /home/shamim/airflow_venv/lib/python3.12/site-packages/airflow/example_dags/example_external_task_marker_dag.py for tasks to queue
[2025-03-08T22:01:32.183+0600] {logging_mixin.py:190} INFO - [2025-03-08T22:01:32.183+0600] {dagbag.py:588} INFO - Filling up the DagBag from /home/shamim/airflow_venv/lib/python3.12/site-packages/airflow/example_dags/example_external_task_marker_dag.py
[2025-03-08T22:01:32.195+0600] {processor.py:925} INFO - DAG(s) 'example_external_task_marker_child', 'example_external_task_marker_parent' retrieved from /home/shamim/airflow_venv/lib/python3.12/site-packages/airflow/example_dags/example_external_task_marker_dag.py
[2025-03-08T22:01:32.220+0600] {logging_mixin.py:190} INFO - [2025-03-08T22:01:32.219+0600] {dag.py:3239} INFO - Sync 2 DAGs
[2025-03-08T22:01:32.238+0600] {logging_mixin.py:190} INFO - [2025-03-08T22:01:32.237+0600] {dag.py:4180} INFO - Setting next_dagrun for example_external_task_marker_child to None, run_after=None
[2025-03-08T22:01:32.243+0600] {logging_mixin.py:190} INFO - [2025-03-08T22:01:32.243+0600] {dag.py:4180} INFO - Setting next_dagrun for example_external_task_marker_parent to None, run_after=None
[2025-03-08T22:01:32.273+0600] {processor.py:208} INFO - Processing /home/shamim/airflow_venv/lib/python3.12/site-packages/airflow/example_dags/example_external_task_marker_dag.py took 0.105 seconds
[2025-03-08T22:03:03.109+0600] {processor.py:186} INFO - Started process (PID=47716) to work on /home/shamim/airflow_venv/lib/python3.12/site-packages/airflow/example_dags/example_external_task_marker_dag.py
[2025-03-08T22:03:03.113+0600] {processor.py:914} INFO - Processing file /home/shamim/airflow_venv/lib/python3.12/site-packages/airflow/example_dags/example_external_task_marker_dag.py for tasks to queue
[2025-03-08T22:03:03.116+0600] {logging_mixin.py:190} INFO - [2025-03-08T22:03:03.115+0600] {dagbag.py:588} INFO - Filling up the DagBag from /home/shamim/airflow_venv/lib/python3.12/site-packages/airflow/example_dags/example_external_task_marker_dag.py
[2025-03-08T22:03:03.126+0600] {processor.py:925} INFO - DAG(s) 'example_external_task_marker_parent', 'example_external_task_marker_child' retrieved from /home/shamim/airflow_venv/lib/python3.12/site-packages/airflow/example_dags/example_external_task_marker_dag.py
[2025-03-08T22:03:03.149+0600] {logging_mixin.py:190} INFO - [2025-03-08T22:03:03.149+0600] {dag.py:3239} INFO - Sync 2 DAGs
[2025-03-08T22:03:03.165+0600] {logging_mixin.py:190} INFO - [2025-03-08T22:03:03.165+0600] {dag.py:4180} INFO - Setting next_dagrun for example_external_task_marker_child to None, run_after=None
[2025-03-08T22:03:03.169+0600] {logging_mixin.py:190} INFO - [2025-03-08T22:03:03.169+0600] {dag.py:4180} INFO - Setting next_dagrun for example_external_task_marker_parent to None, run_after=None
[2025-03-08T22:03:03.194+0600] {processor.py:208} INFO - Processing /home/shamim/airflow_venv/lib/python3.12/site-packages/airflow/example_dags/example_external_task_marker_dag.py took 0.093 seconds
[2025-03-08T22:04:38.057+0600] {processor.py:186} INFO - Started process (PID=48417) to work on /home/shamim/airflow_venv/lib/python3.12/site-packages/airflow/example_dags/example_external_task_marker_dag.py
[2025-03-08T22:04:38.058+0600] {processor.py:914} INFO - Processing file /home/shamim/airflow_venv/lib/python3.12/site-packages/airflow/example_dags/example_external_task_marker_dag.py for tasks to queue
[2025-03-08T22:04:38.060+0600] {logging_mixin.py:190} INFO - [2025-03-08T22:04:38.060+0600] {dagbag.py:588} INFO - Filling up the DagBag from /home/shamim/airflow_venv/lib/python3.12/site-packages/airflow/example_dags/example_external_task_marker_dag.py
[2025-03-08T22:04:38.071+0600] {processor.py:925} INFO - DAG(s) 'example_external_task_marker_child', 'example_external_task_marker_parent' retrieved from /home/shamim/airflow_venv/lib/python3.12/site-packages/airflow/example_dags/example_external_task_marker_dag.py
[2025-03-08T22:04:38.093+0600] {logging_mixin.py:190} INFO - [2025-03-08T22:04:38.093+0600] {dag.py:3239} INFO - Sync 2 DAGs
[2025-03-08T22:04:38.109+0600] {logging_mixin.py:190} INFO - [2025-03-08T22:04:38.108+0600] {dag.py:4180} INFO - Setting next_dagrun for example_external_task_marker_child to None, run_after=None
[2025-03-08T22:04:38.113+0600] {logging_mixin.py:190} INFO - [2025-03-08T22:04:38.112+0600] {dag.py:4180} INFO - Setting next_dagrun for example_external_task_marker_parent to None, run_after=None
[2025-03-08T22:04:38.135+0600] {processor.py:208} INFO - Processing /home/shamim/airflow_venv/lib/python3.12/site-packages/airflow/example_dags/example_external_task_marker_dag.py took 0.088 seconds
[2025-03-08T22:06:02.664+0600] {processor.py:186} INFO - Started process (PID=48952) to work on /home/shamim/airflow_venv/lib/python3.12/site-packages/airflow/example_dags/example_external_task_marker_dag.py
[2025-03-08T22:06:02.692+0600] {processor.py:914} INFO - Processing file /home/shamim/airflow_venv/lib/python3.12/site-packages/airflow/example_dags/example_external_task_marker_dag.py for tasks to queue
[2025-03-08T22:06:02.697+0600] {logging_mixin.py:190} INFO - [2025-03-08T22:06:02.696+0600] {dagbag.py:588} INFO - Filling up the DagBag from /home/shamim/airflow_venv/lib/python3.12/site-packages/airflow/example_dags/example_external_task_marker_dag.py
[2025-03-08T22:06:02.719+0600] {processor.py:925} INFO - DAG(s) 'example_external_task_marker_child', 'example_external_task_marker_parent' retrieved from /home/shamim/airflow_venv/lib/python3.12/site-packages/airflow/example_dags/example_external_task_marker_dag.py
[2025-03-08T22:06:02.756+0600] {logging_mixin.py:190} INFO - [2025-03-08T22:06:02.755+0600] {dag.py:3239} INFO - Sync 2 DAGs
[2025-03-08T22:06:02.776+0600] {logging_mixin.py:190} INFO - [2025-03-08T22:06:02.776+0600] {dag.py:4180} INFO - Setting next_dagrun for example_external_task_marker_child to None, run_after=None
[2025-03-08T22:06:02.781+0600] {logging_mixin.py:190} INFO - [2025-03-08T22:06:02.781+0600] {dag.py:4180} INFO - Setting next_dagrun for example_external_task_marker_parent to None, run_after=None
[2025-03-08T22:06:02.804+0600] {processor.py:208} INFO - Processing /home/shamim/airflow_venv/lib/python3.12/site-packages/airflow/example_dags/example_external_task_marker_dag.py took 0.154 seconds
[2025-03-08T22:07:42.937+0600] {processor.py:186} INFO - Started process (PID=49705) to work on /home/shamim/airflow_venv/lib/python3.12/site-packages/airflow/example_dags/example_external_task_marker_dag.py
[2025-03-08T22:07:42.955+0600] {processor.py:914} INFO - Processing file /home/shamim/airflow_venv/lib/python3.12/site-packages/airflow/example_dags/example_external_task_marker_dag.py for tasks to queue
[2025-03-08T22:07:42.959+0600] {logging_mixin.py:190} INFO - [2025-03-08T22:07:42.959+0600] {dagbag.py:588} INFO - Filling up the DagBag from /home/shamim/airflow_venv/lib/python3.12/site-packages/airflow/example_dags/example_external_task_marker_dag.py
[2025-03-08T22:07:42.978+0600] {processor.py:925} INFO - DAG(s) 'example_external_task_marker_child', 'example_external_task_marker_parent' retrieved from /home/shamim/airflow_venv/lib/python3.12/site-packages/airflow/example_dags/example_external_task_marker_dag.py
[2025-03-08T22:07:43.024+0600] {logging_mixin.py:190} INFO - [2025-03-08T22:07:43.023+0600] {dag.py:3239} INFO - Sync 2 DAGs
[2025-03-08T22:07:43.054+0600] {logging_mixin.py:190} INFO - [2025-03-08T22:07:43.053+0600] {dag.py:4180} INFO - Setting next_dagrun for example_external_task_marker_child to None, run_after=None
[2025-03-08T22:07:43.060+0600] {logging_mixin.py:190} INFO - [2025-03-08T22:07:43.059+0600] {dag.py:4180} INFO - Setting next_dagrun for example_external_task_marker_parent to None, run_after=None
[2025-03-08T22:07:43.098+0600] {processor.py:208} INFO - Processing /home/shamim/airflow_venv/lib/python3.12/site-packages/airflow/example_dags/example_external_task_marker_dag.py took 0.177 seconds
[2025-03-08T22:09:17.952+0600] {processor.py:186} INFO - Started process (PID=50517) to work on /home/shamim/airflow_venv/lib/python3.12/site-packages/airflow/example_dags/example_external_task_marker_dag.py
[2025-03-08T22:09:17.959+0600] {processor.py:914} INFO - Processing file /home/shamim/airflow_venv/lib/python3.12/site-packages/airflow/example_dags/example_external_task_marker_dag.py for tasks to queue
[2025-03-08T22:09:17.963+0600] {logging_mixin.py:190} INFO - [2025-03-08T22:09:17.962+0600] {dagbag.py:588} INFO - Filling up the DagBag from /home/shamim/airflow_venv/lib/python3.12/site-packages/airflow/example_dags/example_external_task_marker_dag.py
[2025-03-08T22:09:17.978+0600] {processor.py:925} INFO - DAG(s) 'example_external_task_marker_child', 'example_external_task_marker_parent' retrieved from /home/shamim/airflow_venv/lib/python3.12/site-packages/airflow/example_dags/example_external_task_marker_dag.py
[2025-03-08T22:09:18.009+0600] {logging_mixin.py:190} INFO - [2025-03-08T22:09:18.009+0600] {dag.py:3239} INFO - Sync 2 DAGs
[2025-03-08T22:09:18.025+0600] {logging_mixin.py:190} INFO - [2025-03-08T22:09:18.025+0600] {dag.py:4180} INFO - Setting next_dagrun for example_external_task_marker_child to None, run_after=None
[2025-03-08T22:09:18.029+0600] {logging_mixin.py:190} INFO - [2025-03-08T22:09:18.029+0600] {dag.py:4180} INFO - Setting next_dagrun for example_external_task_marker_parent to None, run_after=None
[2025-03-08T22:09:18.062+0600] {processor.py:208} INFO - Processing /home/shamim/airflow_venv/lib/python3.12/site-packages/airflow/example_dags/example_external_task_marker_dag.py took 0.124 seconds
[2025-03-08T22:10:53.526+0600] {processor.py:186} INFO - Started process (PID=51248) to work on /home/shamim/airflow_venv/lib/python3.12/site-packages/airflow/example_dags/example_external_task_marker_dag.py
[2025-03-08T22:10:53.536+0600] {processor.py:914} INFO - Processing file /home/shamim/airflow_venv/lib/python3.12/site-packages/airflow/example_dags/example_external_task_marker_dag.py for tasks to queue
[2025-03-08T22:10:53.539+0600] {logging_mixin.py:190} INFO - [2025-03-08T22:10:53.538+0600] {dagbag.py:588} INFO - Filling up the DagBag from /home/shamim/airflow_venv/lib/python3.12/site-packages/airflow/example_dags/example_external_task_marker_dag.py
[2025-03-08T22:10:53.550+0600] {processor.py:925} INFO - DAG(s) 'example_external_task_marker_child', 'example_external_task_marker_parent' retrieved from /home/shamim/airflow_venv/lib/python3.12/site-packages/airflow/example_dags/example_external_task_marker_dag.py
[2025-03-08T22:10:53.581+0600] {logging_mixin.py:190} INFO - [2025-03-08T22:10:53.581+0600] {dag.py:3239} INFO - Sync 2 DAGs
[2025-03-08T22:10:53.601+0600] {logging_mixin.py:190} INFO - [2025-03-08T22:10:53.600+0600] {dag.py:4180} INFO - Setting next_dagrun for example_external_task_marker_child to None, run_after=None
[2025-03-08T22:10:53.608+0600] {logging_mixin.py:190} INFO - [2025-03-08T22:10:53.607+0600] {dag.py:4180} INFO - Setting next_dagrun for example_external_task_marker_parent to None, run_after=None
[2025-03-08T22:10:53.646+0600] {processor.py:208} INFO - Processing /home/shamim/airflow_venv/lib/python3.12/site-packages/airflow/example_dags/example_external_task_marker_dag.py took 0.130 seconds
[2025-03-08T22:12:26.690+0600] {processor.py:186} INFO - Started process (PID=51767) to work on /home/shamim/airflow_venv/lib/python3.12/site-packages/airflow/example_dags/example_external_task_marker_dag.py
[2025-03-08T22:12:26.706+0600] {processor.py:914} INFO - Processing file /home/shamim/airflow_venv/lib/python3.12/site-packages/airflow/example_dags/example_external_task_marker_dag.py for tasks to queue
[2025-03-08T22:12:26.711+0600] {logging_mixin.py:190} INFO - [2025-03-08T22:12:26.710+0600] {dagbag.py:588} INFO - Filling up the DagBag from /home/shamim/airflow_venv/lib/python3.12/site-packages/airflow/example_dags/example_external_task_marker_dag.py
[2025-03-08T22:12:26.731+0600] {processor.py:925} INFO - DAG(s) 'example_external_task_marker_child', 'example_external_task_marker_parent' retrieved from /home/shamim/airflow_venv/lib/python3.12/site-packages/airflow/example_dags/example_external_task_marker_dag.py
[2025-03-08T22:12:26.764+0600] {logging_mixin.py:190} INFO - [2025-03-08T22:12:26.764+0600] {dag.py:3239} INFO - Sync 2 DAGs
[2025-03-08T22:12:26.782+0600] {logging_mixin.py:190} INFO - [2025-03-08T22:12:26.781+0600] {dag.py:4180} INFO - Setting next_dagrun for example_external_task_marker_child to None, run_after=None
[2025-03-08T22:12:26.786+0600] {logging_mixin.py:190} INFO - [2025-03-08T22:12:26.786+0600] {dag.py:4180} INFO - Setting next_dagrun for example_external_task_marker_parent to None, run_after=None
[2025-03-08T22:12:26.808+0600] {processor.py:208} INFO - Processing /home/shamim/airflow_venv/lib/python3.12/site-packages/airflow/example_dags/example_external_task_marker_dag.py took 0.148 seconds
[2025-03-08T22:13:57.892+0600] {processor.py:186} INFO - Started process (PID=52282) to work on /home/shamim/airflow_venv/lib/python3.12/site-packages/airflow/example_dags/example_external_task_marker_dag.py
[2025-03-08T22:13:57.898+0600] {processor.py:914} INFO - Processing file /home/shamim/airflow_venv/lib/python3.12/site-packages/airflow/example_dags/example_external_task_marker_dag.py for tasks to queue
[2025-03-08T22:13:57.901+0600] {logging_mixin.py:190} INFO - [2025-03-08T22:13:57.900+0600] {dagbag.py:588} INFO - Filling up the DagBag from /home/shamim/airflow_venv/lib/python3.12/site-packages/airflow/example_dags/example_external_task_marker_dag.py
[2025-03-08T22:13:57.912+0600] {processor.py:925} INFO - DAG(s) 'example_external_task_marker_parent', 'example_external_task_marker_child' retrieved from /home/shamim/airflow_venv/lib/python3.12/site-packages/airflow/example_dags/example_external_task_marker_dag.py
[2025-03-08T22:13:57.940+0600] {logging_mixin.py:190} INFO - [2025-03-08T22:13:57.940+0600] {dag.py:3239} INFO - Sync 2 DAGs
[2025-03-08T22:13:57.961+0600] {logging_mixin.py:190} INFO - [2025-03-08T22:13:57.960+0600] {dag.py:4180} INFO - Setting next_dagrun for example_external_task_marker_child to None, run_after=None
[2025-03-08T22:13:57.967+0600] {logging_mixin.py:190} INFO - [2025-03-08T22:13:57.966+0600] {dag.py:4180} INFO - Setting next_dagrun for example_external_task_marker_parent to None, run_after=None
[2025-03-08T22:13:58.003+0600] {processor.py:208} INFO - Processing /home/shamim/airflow_venv/lib/python3.12/site-packages/airflow/example_dags/example_external_task_marker_dag.py took 0.122 seconds
[2025-03-08T22:15:24.572+0600] {processor.py:186} INFO - Started process (PID=52795) to work on /home/shamim/airflow_venv/lib/python3.12/site-packages/airflow/example_dags/example_external_task_marker_dag.py
[2025-03-08T22:15:24.574+0600] {processor.py:914} INFO - Processing file /home/shamim/airflow_venv/lib/python3.12/site-packages/airflow/example_dags/example_external_task_marker_dag.py for tasks to queue
[2025-03-08T22:15:24.577+0600] {logging_mixin.py:190} INFO - [2025-03-08T22:15:24.576+0600] {dagbag.py:588} INFO - Filling up the DagBag from /home/shamim/airflow_venv/lib/python3.12/site-packages/airflow/example_dags/example_external_task_marker_dag.py
[2025-03-08T22:15:24.592+0600] {processor.py:925} INFO - DAG(s) 'example_external_task_marker_child', 'example_external_task_marker_parent' retrieved from /home/shamim/airflow_venv/lib/python3.12/site-packages/airflow/example_dags/example_external_task_marker_dag.py
[2025-03-08T22:15:24.627+0600] {logging_mixin.py:190} INFO - [2025-03-08T22:15:24.627+0600] {dag.py:3239} INFO - Sync 2 DAGs
[2025-03-08T22:15:24.653+0600] {logging_mixin.py:190} INFO - [2025-03-08T22:15:24.653+0600] {dag.py:4180} INFO - Setting next_dagrun for example_external_task_marker_child to None, run_after=None
[2025-03-08T22:15:24.658+0600] {logging_mixin.py:190} INFO - [2025-03-08T22:15:24.658+0600] {dag.py:4180} INFO - Setting next_dagrun for example_external_task_marker_parent to None, run_after=None
[2025-03-08T22:15:24.695+0600] {processor.py:208} INFO - Processing /home/shamim/airflow_venv/lib/python3.12/site-packages/airflow/example_dags/example_external_task_marker_dag.py took 0.134 seconds
[2025-03-08T22:17:09.707+0600] {processor.py:186} INFO - Started process (PID=53322) to work on /home/shamim/airflow_venv/lib/python3.12/site-packages/airflow/example_dags/example_external_task_marker_dag.py
[2025-03-08T22:17:09.711+0600] {processor.py:914} INFO - Processing file /home/shamim/airflow_venv/lib/python3.12/site-packages/airflow/example_dags/example_external_task_marker_dag.py for tasks to queue
[2025-03-08T22:17:09.715+0600] {logging_mixin.py:190} INFO - [2025-03-08T22:17:09.714+0600] {dagbag.py:588} INFO - Filling up the DagBag from /home/shamim/airflow_venv/lib/python3.12/site-packages/airflow/example_dags/example_external_task_marker_dag.py
[2025-03-08T22:17:09.729+0600] {processor.py:925} INFO - DAG(s) 'example_external_task_marker_parent', 'example_external_task_marker_child' retrieved from /home/shamim/airflow_venv/lib/python3.12/site-packages/airflow/example_dags/example_external_task_marker_dag.py
[2025-03-08T22:17:09.762+0600] {logging_mixin.py:190} INFO - [2025-03-08T22:17:09.761+0600] {dag.py:3239} INFO - Sync 2 DAGs
[2025-03-08T22:17:09.785+0600] {logging_mixin.py:190} INFO - [2025-03-08T22:17:09.784+0600] {dag.py:4180} INFO - Setting next_dagrun for example_external_task_marker_child to None, run_after=None
[2025-03-08T22:17:09.789+0600] {logging_mixin.py:190} INFO - [2025-03-08T22:17:09.789+0600] {dag.py:4180} INFO - Setting next_dagrun for example_external_task_marker_parent to None, run_after=None
[2025-03-08T22:17:09.815+0600] {processor.py:208} INFO - Processing /home/shamim/airflow_venv/lib/python3.12/site-packages/airflow/example_dags/example_external_task_marker_dag.py took 0.122 seconds
[2025-03-08T22:18:47.775+0600] {processor.py:186} INFO - Started process (PID=53974) to work on /home/shamim/airflow_venv/lib/python3.12/site-packages/airflow/example_dags/example_external_task_marker_dag.py
[2025-03-08T22:18:47.783+0600] {processor.py:914} INFO - Processing file /home/shamim/airflow_venv/lib/python3.12/site-packages/airflow/example_dags/example_external_task_marker_dag.py for tasks to queue
[2025-03-08T22:18:47.791+0600] {logging_mixin.py:190} INFO - [2025-03-08T22:18:47.790+0600] {dagbag.py:588} INFO - Filling up the DagBag from /home/shamim/airflow_venv/lib/python3.12/site-packages/airflow/example_dags/example_external_task_marker_dag.py
[2025-03-08T22:18:47.818+0600] {processor.py:925} INFO - DAG(s) 'example_external_task_marker_parent', 'example_external_task_marker_child' retrieved from /home/shamim/airflow_venv/lib/python3.12/site-packages/airflow/example_dags/example_external_task_marker_dag.py
[2025-03-08T22:18:47.849+0600] {logging_mixin.py:190} INFO - [2025-03-08T22:18:47.849+0600] {dag.py:3239} INFO - Sync 2 DAGs
[2025-03-08T22:18:47.869+0600] {logging_mixin.py:190} INFO - [2025-03-08T22:18:47.869+0600] {dag.py:4180} INFO - Setting next_dagrun for example_external_task_marker_child to None, run_after=None
[2025-03-08T22:18:47.875+0600] {logging_mixin.py:190} INFO - [2025-03-08T22:18:47.875+0600] {dag.py:4180} INFO - Setting next_dagrun for example_external_task_marker_parent to None, run_after=None
[2025-03-08T22:18:47.901+0600] {processor.py:208} INFO - Processing /home/shamim/airflow_venv/lib/python3.12/site-packages/airflow/example_dags/example_external_task_marker_dag.py took 0.161 seconds
[2025-03-08T22:20:23.511+0600] {processor.py:186} INFO - Started process (PID=54795) to work on /home/shamim/airflow_venv/lib/python3.12/site-packages/airflow/example_dags/example_external_task_marker_dag.py
[2025-03-08T22:20:23.517+0600] {processor.py:914} INFO - Processing file /home/shamim/airflow_venv/lib/python3.12/site-packages/airflow/example_dags/example_external_task_marker_dag.py for tasks to queue
[2025-03-08T22:20:23.525+0600] {logging_mixin.py:190} INFO - [2025-03-08T22:20:23.523+0600] {dagbag.py:588} INFO - Filling up the DagBag from /home/shamim/airflow_venv/lib/python3.12/site-packages/airflow/example_dags/example_external_task_marker_dag.py
[2025-03-08T22:20:23.542+0600] {processor.py:925} INFO - DAG(s) 'example_external_task_marker_child', 'example_external_task_marker_parent' retrieved from /home/shamim/airflow_venv/lib/python3.12/site-packages/airflow/example_dags/example_external_task_marker_dag.py
[2025-03-08T22:20:23.567+0600] {logging_mixin.py:190} INFO - [2025-03-08T22:20:23.567+0600] {dag.py:3239} INFO - Sync 2 DAGs
[2025-03-08T22:20:23.588+0600] {logging_mixin.py:190} INFO - [2025-03-08T22:20:23.587+0600] {dag.py:4180} INFO - Setting next_dagrun for example_external_task_marker_child to None, run_after=None
[2025-03-08T22:20:23.592+0600] {logging_mixin.py:190} INFO - [2025-03-08T22:20:23.591+0600] {dag.py:4180} INFO - Setting next_dagrun for example_external_task_marker_parent to None, run_after=None
[2025-03-08T22:20:23.613+0600] {processor.py:208} INFO - Processing /home/shamim/airflow_venv/lib/python3.12/site-packages/airflow/example_dags/example_external_task_marker_dag.py took 0.112 seconds
[2025-03-08T22:21:58.276+0600] {processor.py:186} INFO - Started process (PID=55457) to work on /home/shamim/airflow_venv/lib/python3.12/site-packages/airflow/example_dags/example_external_task_marker_dag.py
[2025-03-08T22:21:58.282+0600] {processor.py:914} INFO - Processing file /home/shamim/airflow_venv/lib/python3.12/site-packages/airflow/example_dags/example_external_task_marker_dag.py for tasks to queue
[2025-03-08T22:21:58.284+0600] {logging_mixin.py:190} INFO - [2025-03-08T22:21:58.284+0600] {dagbag.py:588} INFO - Filling up the DagBag from /home/shamim/airflow_venv/lib/python3.12/site-packages/airflow/example_dags/example_external_task_marker_dag.py
[2025-03-08T22:21:58.294+0600] {processor.py:925} INFO - DAG(s) 'example_external_task_marker_parent', 'example_external_task_marker_child' retrieved from /home/shamim/airflow_venv/lib/python3.12/site-packages/airflow/example_dags/example_external_task_marker_dag.py
[2025-03-08T22:21:58.319+0600] {logging_mixin.py:190} INFO - [2025-03-08T22:21:58.319+0600] {dag.py:3239} INFO - Sync 2 DAGs
[2025-03-08T22:21:58.336+0600] {logging_mixin.py:190} INFO - [2025-03-08T22:21:58.335+0600] {dag.py:4180} INFO - Setting next_dagrun for example_external_task_marker_child to None, run_after=None
[2025-03-08T22:21:58.340+0600] {logging_mixin.py:190} INFO - [2025-03-08T22:21:58.340+0600] {dag.py:4180} INFO - Setting next_dagrun for example_external_task_marker_parent to None, run_after=None
[2025-03-08T22:21:58.375+0600] {processor.py:208} INFO - Processing /home/shamim/airflow_venv/lib/python3.12/site-packages/airflow/example_dags/example_external_task_marker_dag.py took 0.108 seconds
[2025-03-08T22:23:45.875+0600] {processor.py:186} INFO - Started process (PID=56247) to work on /home/shamim/airflow_venv/lib/python3.12/site-packages/airflow/example_dags/example_external_task_marker_dag.py
[2025-03-08T22:23:45.883+0600] {processor.py:914} INFO - Processing file /home/shamim/airflow_venv/lib/python3.12/site-packages/airflow/example_dags/example_external_task_marker_dag.py for tasks to queue
[2025-03-08T22:23:45.893+0600] {logging_mixin.py:190} INFO - [2025-03-08T22:23:45.892+0600] {dagbag.py:588} INFO - Filling up the DagBag from /home/shamim/airflow_venv/lib/python3.12/site-packages/airflow/example_dags/example_external_task_marker_dag.py
[2025-03-08T22:23:45.928+0600] {processor.py:925} INFO - DAG(s) 'example_external_task_marker_child', 'example_external_task_marker_parent' retrieved from /home/shamim/airflow_venv/lib/python3.12/site-packages/airflow/example_dags/example_external_task_marker_dag.py
[2025-03-08T22:23:45.996+0600] {logging_mixin.py:190} INFO - [2025-03-08T22:23:45.995+0600] {dag.py:3239} INFO - Sync 2 DAGs
[2025-03-08T22:23:46.016+0600] {logging_mixin.py:190} INFO - [2025-03-08T22:23:46.015+0600] {dag.py:4180} INFO - Setting next_dagrun for example_external_task_marker_child to None, run_after=None
[2025-03-08T22:23:46.021+0600] {logging_mixin.py:190} INFO - [2025-03-08T22:23:46.021+0600] {dag.py:4180} INFO - Setting next_dagrun for example_external_task_marker_parent to None, run_after=None
[2025-03-08T22:23:46.056+0600] {processor.py:208} INFO - Processing /home/shamim/airflow_venv/lib/python3.12/site-packages/airflow/example_dags/example_external_task_marker_dag.py took 0.216 seconds
[2025-03-08T22:25:21.330+0600] {processor.py:186} INFO - Started process (PID=56965) to work on /home/shamim/airflow_venv/lib/python3.12/site-packages/airflow/example_dags/example_external_task_marker_dag.py
[2025-03-08T22:25:21.346+0600] {processor.py:914} INFO - Processing file /home/shamim/airflow_venv/lib/python3.12/site-packages/airflow/example_dags/example_external_task_marker_dag.py for tasks to queue
[2025-03-08T22:25:21.351+0600] {logging_mixin.py:190} INFO - [2025-03-08T22:25:21.350+0600] {dagbag.py:588} INFO - Filling up the DagBag from /home/shamim/airflow_venv/lib/python3.12/site-packages/airflow/example_dags/example_external_task_marker_dag.py
[2025-03-08T22:25:21.368+0600] {processor.py:925} INFO - DAG(s) 'example_external_task_marker_parent', 'example_external_task_marker_child' retrieved from /home/shamim/airflow_venv/lib/python3.12/site-packages/airflow/example_dags/example_external_task_marker_dag.py
[2025-03-08T22:25:21.392+0600] {logging_mixin.py:190} INFO - [2025-03-08T22:25:21.392+0600] {dag.py:3239} INFO - Sync 2 DAGs
[2025-03-08T22:25:21.410+0600] {logging_mixin.py:190} INFO - [2025-03-08T22:25:21.410+0600] {dag.py:4180} INFO - Setting next_dagrun for example_external_task_marker_child to None, run_after=None
[2025-03-08T22:25:21.415+0600] {logging_mixin.py:190} INFO - [2025-03-08T22:25:21.414+0600] {dag.py:4180} INFO - Setting next_dagrun for example_external_task_marker_parent to None, run_after=None
[2025-03-08T22:25:21.440+0600] {processor.py:208} INFO - Processing /home/shamim/airflow_venv/lib/python3.12/site-packages/airflow/example_dags/example_external_task_marker_dag.py took 0.128 seconds
[2025-03-08T22:26:58.788+0600] {processor.py:186} INFO - Started process (PID=57580) to work on /home/shamim/airflow_venv/lib/python3.12/site-packages/airflow/example_dags/example_external_task_marker_dag.py
[2025-03-08T22:26:58.815+0600] {processor.py:914} INFO - Processing file /home/shamim/airflow_venv/lib/python3.12/site-packages/airflow/example_dags/example_external_task_marker_dag.py for tasks to queue
[2025-03-08T22:26:58.821+0600] {logging_mixin.py:190} INFO - [2025-03-08T22:26:58.820+0600] {dagbag.py:588} INFO - Filling up the DagBag from /home/shamim/airflow_venv/lib/python3.12/site-packages/airflow/example_dags/example_external_task_marker_dag.py
[2025-03-08T22:26:58.844+0600] {processor.py:925} INFO - DAG(s) 'example_external_task_marker_child', 'example_external_task_marker_parent' retrieved from /home/shamim/airflow_venv/lib/python3.12/site-packages/airflow/example_dags/example_external_task_marker_dag.py
[2025-03-08T22:26:58.878+0600] {logging_mixin.py:190} INFO - [2025-03-08T22:26:58.877+0600] {dag.py:3239} INFO - Sync 2 DAGs
[2025-03-08T22:26:58.898+0600] {logging_mixin.py:190} INFO - [2025-03-08T22:26:58.897+0600] {dag.py:4180} INFO - Setting next_dagrun for example_external_task_marker_child to None, run_after=None
[2025-03-08T22:26:58.903+0600] {logging_mixin.py:190} INFO - [2025-03-08T22:26:58.902+0600] {dag.py:4180} INFO - Setting next_dagrun for example_external_task_marker_parent to None, run_after=None
[2025-03-08T22:26:58.924+0600] {processor.py:208} INFO - Processing /home/shamim/airflow_venv/lib/python3.12/site-packages/airflow/example_dags/example_external_task_marker_dag.py took 0.144 seconds
[2025-03-08T22:28:46.050+0600] {processor.py:186} INFO - Started process (PID=58134) to work on /home/shamim/airflow_venv/lib/python3.12/site-packages/airflow/example_dags/example_external_task_marker_dag.py
[2025-03-08T22:28:46.052+0600] {processor.py:914} INFO - Processing file /home/shamim/airflow_venv/lib/python3.12/site-packages/airflow/example_dags/example_external_task_marker_dag.py for tasks to queue
[2025-03-08T22:28:46.056+0600] {logging_mixin.py:190} INFO - [2025-03-08T22:28:46.055+0600] {dagbag.py:588} INFO - Filling up the DagBag from /home/shamim/airflow_venv/lib/python3.12/site-packages/airflow/example_dags/example_external_task_marker_dag.py
[2025-03-08T22:28:46.269+0600] {processor.py:925} INFO - DAG(s) 'example_external_task_marker_child', 'example_external_task_marker_parent' retrieved from /home/shamim/airflow_venv/lib/python3.12/site-packages/airflow/example_dags/example_external_task_marker_dag.py
[2025-03-08T22:28:46.298+0600] {logging_mixin.py:190} INFO - [2025-03-08T22:28:46.298+0600] {dag.py:3239} INFO - Sync 2 DAGs
[2025-03-08T22:28:46.325+0600] {logging_mixin.py:190} INFO - [2025-03-08T22:28:46.325+0600] {dag.py:4180} INFO - Setting next_dagrun for example_external_task_marker_child to None, run_after=None
[2025-03-08T22:28:46.332+0600] {logging_mixin.py:190} INFO - [2025-03-08T22:28:46.332+0600] {dag.py:4180} INFO - Setting next_dagrun for example_external_task_marker_parent to None, run_after=None
[2025-03-08T22:28:46.368+0600] {processor.py:208} INFO - Processing /home/shamim/airflow_venv/lib/python3.12/site-packages/airflow/example_dags/example_external_task_marker_dag.py took 0.335 seconds
[2025-03-08T22:30:23.866+0600] {processor.py:186} INFO - Started process (PID=58635) to work on /home/shamim/airflow_venv/lib/python3.12/site-packages/airflow/example_dags/example_external_task_marker_dag.py
[2025-03-08T22:30:23.872+0600] {processor.py:914} INFO - Processing file /home/shamim/airflow_venv/lib/python3.12/site-packages/airflow/example_dags/example_external_task_marker_dag.py for tasks to queue
[2025-03-08T22:30:23.875+0600] {logging_mixin.py:190} INFO - [2025-03-08T22:30:23.874+0600] {dagbag.py:588} INFO - Filling up the DagBag from /home/shamim/airflow_venv/lib/python3.12/site-packages/airflow/example_dags/example_external_task_marker_dag.py
[2025-03-08T22:30:23.885+0600] {processor.py:925} INFO - DAG(s) 'example_external_task_marker_child', 'example_external_task_marker_parent' retrieved from /home/shamim/airflow_venv/lib/python3.12/site-packages/airflow/example_dags/example_external_task_marker_dag.py
[2025-03-08T22:30:23.908+0600] {logging_mixin.py:190} INFO - [2025-03-08T22:30:23.907+0600] {dag.py:3239} INFO - Sync 2 DAGs
[2025-03-08T22:30:23.923+0600] {logging_mixin.py:190} INFO - [2025-03-08T22:30:23.923+0600] {dag.py:4180} INFO - Setting next_dagrun for example_external_task_marker_child to None, run_after=None
[2025-03-08T22:30:23.928+0600] {logging_mixin.py:190} INFO - [2025-03-08T22:30:23.927+0600] {dag.py:4180} INFO - Setting next_dagrun for example_external_task_marker_parent to None, run_after=None
[2025-03-08T22:30:23.955+0600] {processor.py:208} INFO - Processing /home/shamim/airflow_venv/lib/python3.12/site-packages/airflow/example_dags/example_external_task_marker_dag.py took 0.099 seconds
[2025-03-08T22:31:57.177+0600] {processor.py:186} INFO - Started process (PID=59131) to work on /home/shamim/airflow_venv/lib/python3.12/site-packages/airflow/example_dags/example_external_task_marker_dag.py
[2025-03-08T22:31:57.181+0600] {processor.py:914} INFO - Processing file /home/shamim/airflow_venv/lib/python3.12/site-packages/airflow/example_dags/example_external_task_marker_dag.py for tasks to queue
[2025-03-08T22:31:57.184+0600] {logging_mixin.py:190} INFO - [2025-03-08T22:31:57.184+0600] {dagbag.py:588} INFO - Filling up the DagBag from /home/shamim/airflow_venv/lib/python3.12/site-packages/airflow/example_dags/example_external_task_marker_dag.py
[2025-03-08T22:31:57.200+0600] {processor.py:925} INFO - DAG(s) 'example_external_task_marker_parent', 'example_external_task_marker_child' retrieved from /home/shamim/airflow_venv/lib/python3.12/site-packages/airflow/example_dags/example_external_task_marker_dag.py
[2025-03-08T22:31:57.232+0600] {logging_mixin.py:190} INFO - [2025-03-08T22:31:57.232+0600] {dag.py:3239} INFO - Sync 2 DAGs
[2025-03-08T22:31:57.253+0600] {logging_mixin.py:190} INFO - [2025-03-08T22:31:57.253+0600] {dag.py:4180} INFO - Setting next_dagrun for example_external_task_marker_child to None, run_after=None
[2025-03-08T22:31:57.259+0600] {logging_mixin.py:190} INFO - [2025-03-08T22:31:57.258+0600] {dag.py:4180} INFO - Setting next_dagrun for example_external_task_marker_parent to None, run_after=None
[2025-03-08T22:31:57.287+0600] {processor.py:208} INFO - Processing /home/shamim/airflow_venv/lib/python3.12/site-packages/airflow/example_dags/example_external_task_marker_dag.py took 0.124 seconds
[2025-03-08T22:33:27.830+0600] {processor.py:186} INFO - Started process (PID=59658) to work on /home/shamim/airflow_venv/lib/python3.12/site-packages/airflow/example_dags/example_external_task_marker_dag.py
[2025-03-08T22:33:27.837+0600] {processor.py:914} INFO - Processing file /home/shamim/airflow_venv/lib/python3.12/site-packages/airflow/example_dags/example_external_task_marker_dag.py for tasks to queue
[2025-03-08T22:33:27.841+0600] {logging_mixin.py:190} INFO - [2025-03-08T22:33:27.840+0600] {dagbag.py:588} INFO - Filling up the DagBag from /home/shamim/airflow_venv/lib/python3.12/site-packages/airflow/example_dags/example_external_task_marker_dag.py
[2025-03-08T22:33:27.860+0600] {processor.py:925} INFO - DAG(s) 'example_external_task_marker_parent', 'example_external_task_marker_child' retrieved from /home/shamim/airflow_venv/lib/python3.12/site-packages/airflow/example_dags/example_external_task_marker_dag.py
[2025-03-08T22:33:27.891+0600] {logging_mixin.py:190} INFO - [2025-03-08T22:33:27.890+0600] {dag.py:3239} INFO - Sync 2 DAGs
[2025-03-08T22:33:27.908+0600] {logging_mixin.py:190} INFO - [2025-03-08T22:33:27.908+0600] {dag.py:4180} INFO - Setting next_dagrun for example_external_task_marker_child to None, run_after=None
[2025-03-08T22:33:27.913+0600] {logging_mixin.py:190} INFO - [2025-03-08T22:33:27.913+0600] {dag.py:4180} INFO - Setting next_dagrun for example_external_task_marker_parent to None, run_after=None
[2025-03-08T22:33:27.942+0600] {processor.py:208} INFO - Processing /home/shamim/airflow_venv/lib/python3.12/site-packages/airflow/example_dags/example_external_task_marker_dag.py took 0.129 seconds
