[2025-03-08T21:09:30.508+0600] {processor.py:186} INFO - Started process (PID=26809) to work on /home/shamim/airflow_venv/lib/python3.12/site-packages/airflow/example_dags/example_setup_teardown.py
[2025-03-08T21:09:30.511+0600] {processor.py:914} INFO - Processing file /home/shamim/airflow_venv/lib/python3.12/site-packages/airflow/example_dags/example_setup_teardown.py for tasks to queue
[2025-03-08T21:09:30.516+0600] {logging_mixin.py:190} INFO - [2025-03-08T21:09:30.515+0600] {dagbag.py:588} INFO - Filling up the DagBag from /home/shamim/airflow_venv/lib/python3.12/site-packages/airflow/example_dags/example_setup_teardown.py
[2025-03-08T21:09:30.539+0600] {processor.py:925} INFO - DAG(s) 'example_setup_teardown' retrieved from /home/shamim/airflow_venv/lib/python3.12/site-packages/airflow/example_dags/example_setup_teardown.py
[2025-03-08T21:09:30.574+0600] {logging_mixin.py:190} INFO - [2025-03-08T21:09:30.574+0600] {dag.py:3239} INFO - Sync 1 DAGs
[2025-03-08T21:09:30.591+0600] {logging_mixin.py:190} INFO - [2025-03-08T21:09:30.591+0600] {dag.py:4180} INFO - Setting next_dagrun for example_setup_teardown to None, run_after=None
[2025-03-08T21:09:30.619+0600] {processor.py:208} INFO - Processing /home/shamim/airflow_venv/lib/python3.12/site-packages/airflow/example_dags/example_setup_teardown.py took 0.126 seconds
[2025-03-08T21:11:53.430+0600] {processor.py:186} INFO - Started process (PID=27434) to work on /home/shamim/airflow_venv/lib/python3.12/site-packages/airflow/example_dags/example_setup_teardown.py
[2025-03-08T21:11:53.432+0600] {processor.py:914} INFO - Processing file /home/shamim/airflow_venv/lib/python3.12/site-packages/airflow/example_dags/example_setup_teardown.py for tasks to queue
[2025-03-08T21:11:53.434+0600] {logging_mixin.py:190} INFO - [2025-03-08T21:11:53.434+0600] {dagbag.py:588} INFO - Filling up the DagBag from /home/shamim/airflow_venv/lib/python3.12/site-packages/airflow/example_dags/example_setup_teardown.py
[2025-03-08T21:11:53.449+0600] {processor.py:925} INFO - DAG(s) 'example_setup_teardown' retrieved from /home/shamim/airflow_venv/lib/python3.12/site-packages/airflow/example_dags/example_setup_teardown.py
[2025-03-08T21:11:53.481+0600] {logging_mixin.py:190} INFO - [2025-03-08T21:11:53.480+0600] {dag.py:3239} INFO - Sync 1 DAGs
[2025-03-08T21:11:53.505+0600] {logging_mixin.py:190} INFO - [2025-03-08T21:11:53.505+0600] {dag.py:4180} INFO - Setting next_dagrun for example_setup_teardown to None, run_after=None
[2025-03-08T21:11:53.539+0600] {processor.py:208} INFO - Processing /home/shamim/airflow_venv/lib/python3.12/site-packages/airflow/example_dags/example_setup_teardown.py took 0.116 seconds
[2025-03-08T21:13:10.094+0600] {processor.py:186} INFO - Started process (PID=27840) to work on /home/shamim/airflow_venv/lib/python3.12/site-packages/airflow/example_dags/example_setup_teardown.py
[2025-03-08T21:13:10.099+0600] {processor.py:914} INFO - Processing file /home/shamim/airflow_venv/lib/python3.12/site-packages/airflow/example_dags/example_setup_teardown.py for tasks to queue
[2025-03-08T21:13:10.105+0600] {logging_mixin.py:190} INFO - [2025-03-08T21:13:10.105+0600] {dagbag.py:588} INFO - Filling up the DagBag from /home/shamim/airflow_venv/lib/python3.12/site-packages/airflow/example_dags/example_setup_teardown.py
[2025-03-08T21:13:10.129+0600] {processor.py:925} INFO - DAG(s) 'example_setup_teardown' retrieved from /home/shamim/airflow_venv/lib/python3.12/site-packages/airflow/example_dags/example_setup_teardown.py
[2025-03-08T21:13:10.154+0600] {logging_mixin.py:190} INFO - [2025-03-08T21:13:10.154+0600] {dag.py:3239} INFO - Sync 1 DAGs
[2025-03-08T21:13:10.175+0600] {logging_mixin.py:190} INFO - [2025-03-08T21:13:10.175+0600] {dag.py:4180} INFO - Setting next_dagrun for example_setup_teardown to None, run_after=None
[2025-03-08T21:13:10.202+0600] {processor.py:208} INFO - Processing /home/shamim/airflow_venv/lib/python3.12/site-packages/airflow/example_dags/example_setup_teardown.py took 0.121 seconds
[2025-03-08T21:14:42.344+0600] {processor.py:186} INFO - Started process (PID=28424) to work on /home/shamim/airflow_venv/lib/python3.12/site-packages/airflow/example_dags/example_setup_teardown.py
[2025-03-08T21:14:42.346+0600] {processor.py:914} INFO - Processing file /home/shamim/airflow_venv/lib/python3.12/site-packages/airflow/example_dags/example_setup_teardown.py for tasks to queue
[2025-03-08T21:14:42.349+0600] {logging_mixin.py:190} INFO - [2025-03-08T21:14:42.349+0600] {dagbag.py:588} INFO - Filling up the DagBag from /home/shamim/airflow_venv/lib/python3.12/site-packages/airflow/example_dags/example_setup_teardown.py
[2025-03-08T21:14:42.364+0600] {processor.py:925} INFO - DAG(s) 'example_setup_teardown' retrieved from /home/shamim/airflow_venv/lib/python3.12/site-packages/airflow/example_dags/example_setup_teardown.py
[2025-03-08T21:14:42.385+0600] {logging_mixin.py:190} INFO - [2025-03-08T21:14:42.384+0600] {dag.py:3239} INFO - Sync 1 DAGs
[2025-03-08T21:14:42.400+0600] {logging_mixin.py:190} INFO - [2025-03-08T21:14:42.399+0600] {dag.py:4180} INFO - Setting next_dagrun for example_setup_teardown to None, run_after=None
[2025-03-08T21:14:42.431+0600] {processor.py:208} INFO - Processing /home/shamim/airflow_venv/lib/python3.12/site-packages/airflow/example_dags/example_setup_teardown.py took 0.097 seconds
[2025-03-08T21:17:27.120+0600] {processor.py:186} INFO - Started process (PID=29799) to work on /home/shamim/airflow_venv/lib/python3.12/site-packages/airflow/example_dags/example_setup_teardown.py
[2025-03-08T21:17:27.126+0600] {processor.py:914} INFO - Processing file /home/shamim/airflow_venv/lib/python3.12/site-packages/airflow/example_dags/example_setup_teardown.py for tasks to queue
[2025-03-08T21:17:27.129+0600] {logging_mixin.py:190} INFO - [2025-03-08T21:17:27.128+0600] {dagbag.py:588} INFO - Filling up the DagBag from /home/shamim/airflow_venv/lib/python3.12/site-packages/airflow/example_dags/example_setup_teardown.py
[2025-03-08T21:17:27.140+0600] {processor.py:925} INFO - DAG(s) 'example_setup_teardown' retrieved from /home/shamim/airflow_venv/lib/python3.12/site-packages/airflow/example_dags/example_setup_teardown.py
[2025-03-08T21:17:27.159+0600] {logging_mixin.py:190} INFO - [2025-03-08T21:17:27.159+0600] {dag.py:3239} INFO - Sync 1 DAGs
[2025-03-08T21:17:27.175+0600] {logging_mixin.py:190} INFO - [2025-03-08T21:17:27.175+0600] {dag.py:4180} INFO - Setting next_dagrun for example_setup_teardown to None, run_after=None
[2025-03-08T21:17:27.212+0600] {processor.py:208} INFO - Processing /home/shamim/airflow_venv/lib/python3.12/site-packages/airflow/example_dags/example_setup_teardown.py took 0.099 seconds
[2025-03-08T21:18:58.403+0600] {processor.py:186} INFO - Started process (PID=30349) to work on /home/shamim/airflow_venv/lib/python3.12/site-packages/airflow/example_dags/example_setup_teardown.py
[2025-03-08T21:18:58.409+0600] {processor.py:914} INFO - Processing file /home/shamim/airflow_venv/lib/python3.12/site-packages/airflow/example_dags/example_setup_teardown.py for tasks to queue
[2025-03-08T21:18:58.411+0600] {logging_mixin.py:190} INFO - [2025-03-08T21:18:58.411+0600] {dagbag.py:588} INFO - Filling up the DagBag from /home/shamim/airflow_venv/lib/python3.12/site-packages/airflow/example_dags/example_setup_teardown.py
[2025-03-08T21:18:58.423+0600] {processor.py:925} INFO - DAG(s) 'example_setup_teardown' retrieved from /home/shamim/airflow_venv/lib/python3.12/site-packages/airflow/example_dags/example_setup_teardown.py
[2025-03-08T21:18:58.443+0600] {logging_mixin.py:190} INFO - [2025-03-08T21:18:58.442+0600] {dag.py:3239} INFO - Sync 1 DAGs
[2025-03-08T21:18:58.458+0600] {logging_mixin.py:190} INFO - [2025-03-08T21:18:58.458+0600] {dag.py:4180} INFO - Setting next_dagrun for example_setup_teardown to None, run_after=None
[2025-03-08T21:18:58.483+0600] {processor.py:208} INFO - Processing /home/shamim/airflow_venv/lib/python3.12/site-packages/airflow/example_dags/example_setup_teardown.py took 0.087 seconds
[2025-03-08T21:20:18.446+0600] {processor.py:186} INFO - Started process (PID=30906) to work on /home/shamim/airflow_venv/lib/python3.12/site-packages/airflow/example_dags/example_setup_teardown.py
[2025-03-08T21:20:18.452+0600] {processor.py:914} INFO - Processing file /home/shamim/airflow_venv/lib/python3.12/site-packages/airflow/example_dags/example_setup_teardown.py for tasks to queue
[2025-03-08T21:20:18.455+0600] {logging_mixin.py:190} INFO - [2025-03-08T21:20:18.454+0600] {dagbag.py:588} INFO - Filling up the DagBag from /home/shamim/airflow_venv/lib/python3.12/site-packages/airflow/example_dags/example_setup_teardown.py
[2025-03-08T21:20:18.465+0600] {processor.py:925} INFO - DAG(s) 'example_setup_teardown' retrieved from /home/shamim/airflow_venv/lib/python3.12/site-packages/airflow/example_dags/example_setup_teardown.py
[2025-03-08T21:20:18.485+0600] {logging_mixin.py:190} INFO - [2025-03-08T21:20:18.484+0600] {dag.py:3239} INFO - Sync 1 DAGs
[2025-03-08T21:20:18.500+0600] {logging_mixin.py:190} INFO - [2025-03-08T21:20:18.499+0600] {dag.py:4180} INFO - Setting next_dagrun for example_setup_teardown to None, run_after=None
[2025-03-08T21:20:18.525+0600] {processor.py:208} INFO - Processing /home/shamim/airflow_venv/lib/python3.12/site-packages/airflow/example_dags/example_setup_teardown.py took 0.086 seconds
[2025-03-08T21:21:38.183+0600] {processor.py:186} INFO - Started process (PID=31464) to work on /home/shamim/airflow_venv/lib/python3.12/site-packages/airflow/example_dags/example_setup_teardown.py
[2025-03-08T21:21:38.190+0600] {processor.py:914} INFO - Processing file /home/shamim/airflow_venv/lib/python3.12/site-packages/airflow/example_dags/example_setup_teardown.py for tasks to queue
[2025-03-08T21:21:38.194+0600] {logging_mixin.py:190} INFO - [2025-03-08T21:21:38.193+0600] {dagbag.py:588} INFO - Filling up the DagBag from /home/shamim/airflow_venv/lib/python3.12/site-packages/airflow/example_dags/example_setup_teardown.py
[2025-03-08T21:21:38.212+0600] {processor.py:925} INFO - DAG(s) 'example_setup_teardown' retrieved from /home/shamim/airflow_venv/lib/python3.12/site-packages/airflow/example_dags/example_setup_teardown.py
[2025-03-08T21:21:38.239+0600] {logging_mixin.py:190} INFO - [2025-03-08T21:21:38.239+0600] {dag.py:3239} INFO - Sync 1 DAGs
[2025-03-08T21:21:38.260+0600] {logging_mixin.py:190} INFO - [2025-03-08T21:21:38.260+0600] {dag.py:4180} INFO - Setting next_dagrun for example_setup_teardown to None, run_after=None
[2025-03-08T21:21:38.288+0600] {processor.py:208} INFO - Processing /home/shamim/airflow_venv/lib/python3.12/site-packages/airflow/example_dags/example_setup_teardown.py took 0.112 seconds
[2025-03-08T21:23:10.437+0600] {processor.py:186} INFO - Started process (PID=31989) to work on /home/shamim/airflow_venv/lib/python3.12/site-packages/airflow/example_dags/example_setup_teardown.py
[2025-03-08T21:23:10.444+0600] {processor.py:914} INFO - Processing file /home/shamim/airflow_venv/lib/python3.12/site-packages/airflow/example_dags/example_setup_teardown.py for tasks to queue
[2025-03-08T21:23:10.446+0600] {logging_mixin.py:190} INFO - [2025-03-08T21:23:10.446+0600] {dagbag.py:588} INFO - Filling up the DagBag from /home/shamim/airflow_venv/lib/python3.12/site-packages/airflow/example_dags/example_setup_teardown.py
[2025-03-08T21:23:10.458+0600] {processor.py:925} INFO - DAG(s) 'example_setup_teardown' retrieved from /home/shamim/airflow_venv/lib/python3.12/site-packages/airflow/example_dags/example_setup_teardown.py
[2025-03-08T21:23:10.478+0600] {logging_mixin.py:190} INFO - [2025-03-08T21:23:10.478+0600] {dag.py:3239} INFO - Sync 1 DAGs
[2025-03-08T21:23:10.494+0600] {logging_mixin.py:190} INFO - [2025-03-08T21:23:10.494+0600] {dag.py:4180} INFO - Setting next_dagrun for example_setup_teardown to None, run_after=None
[2025-03-08T21:23:10.530+0600] {processor.py:208} INFO - Processing /home/shamim/airflow_venv/lib/python3.12/site-packages/airflow/example_dags/example_setup_teardown.py took 0.100 seconds
