[2025-03-08T21:07:36.809+0600] {processor.py:186} INFO - Started process (PID=26387) to work on /home/shamim/airflow_venv/lib/python3.12/site-packages/airflow/example_dags/tutorial_dag.py
[2025-03-08T21:07:36.810+0600] {processor.py:914} INFO - Processing file /home/shamim/airflow_venv/lib/python3.12/site-packages/airflow/example_dags/tutorial_dag.py for tasks to queue
[2025-03-08T21:07:36.813+0600] {logging_mixin.py:190} INFO - [2025-03-08T21:07:36.812+0600] {dagbag.py:588} INFO - Filling up the DagBag from /home/shamim/airflow_venv/lib/python3.12/site-packages/airflow/example_dags/tutorial_dag.py
[2025-03-08T21:07:36.824+0600] {processor.py:925} INFO - DAG(s) 'tutorial_dag' retrieved from /home/shamim/airflow_venv/lib/python3.12/site-packages/airflow/example_dags/tutorial_dag.py
[2025-03-08T21:07:36.854+0600] {logging_mixin.py:190} INFO - [2025-03-08T21:07:36.854+0600] {dag.py:3239} INFO - Sync 1 DAGs
[2025-03-08T21:07:36.870+0600] {logging_mixin.py:190} INFO - [2025-03-08T21:07:36.870+0600] {dag.py:4180} INFO - Setting next_dagrun for tutorial_dag to None, run_after=None
[2025-03-08T21:07:36.902+0600] {processor.py:208} INFO - Processing /home/shamim/airflow_venv/lib/python3.12/site-packages/airflow/example_dags/tutorial_dag.py took 0.101 seconds
[2025-03-08T21:09:09.915+0600] {processor.py:186} INFO - Started process (PID=26692) to work on /home/shamim/airflow_venv/lib/python3.12/site-packages/airflow/example_dags/tutorial_dag.py
[2025-03-08T21:09:09.920+0600] {processor.py:914} INFO - Processing file /home/shamim/airflow_venv/lib/python3.12/site-packages/airflow/example_dags/tutorial_dag.py for tasks to queue
[2025-03-08T21:09:09.922+0600] {logging_mixin.py:190} INFO - [2025-03-08T21:09:09.922+0600] {dagbag.py:588} INFO - Filling up the DagBag from /home/shamim/airflow_venv/lib/python3.12/site-packages/airflow/example_dags/tutorial_dag.py
[2025-03-08T21:09:09.933+0600] {processor.py:925} INFO - DAG(s) 'tutorial_dag' retrieved from /home/shamim/airflow_venv/lib/python3.12/site-packages/airflow/example_dags/tutorial_dag.py
[2025-03-08T21:09:09.962+0600] {logging_mixin.py:190} INFO - [2025-03-08T21:09:09.962+0600] {dag.py:3239} INFO - Sync 1 DAGs
[2025-03-08T21:09:09.979+0600] {logging_mixin.py:190} INFO - [2025-03-08T21:09:09.978+0600] {dag.py:4180} INFO - Setting next_dagrun for tutorial_dag to None, run_after=None
[2025-03-08T21:09:10.006+0600] {processor.py:208} INFO - Processing /home/shamim/airflow_venv/lib/python3.12/site-packages/airflow/example_dags/tutorial_dag.py took 0.098 seconds
[2025-03-08T21:11:35.578+0600] {processor.py:186} INFO - Started process (PID=27379) to work on /home/shamim/airflow_venv/lib/python3.12/site-packages/airflow/example_dags/tutorial_dag.py
[2025-03-08T21:11:35.582+0600] {processor.py:914} INFO - Processing file /home/shamim/airflow_venv/lib/python3.12/site-packages/airflow/example_dags/tutorial_dag.py for tasks to queue
[2025-03-08T21:11:35.585+0600] {logging_mixin.py:190} INFO - [2025-03-08T21:11:35.584+0600] {dagbag.py:588} INFO - Filling up the DagBag from /home/shamim/airflow_venv/lib/python3.12/site-packages/airflow/example_dags/tutorial_dag.py
[2025-03-08T21:11:35.595+0600] {processor.py:925} INFO - DAG(s) 'tutorial_dag' retrieved from /home/shamim/airflow_venv/lib/python3.12/site-packages/airflow/example_dags/tutorial_dag.py
[2025-03-08T21:11:35.622+0600] {logging_mixin.py:190} INFO - [2025-03-08T21:11:35.622+0600] {dag.py:3239} INFO - Sync 1 DAGs
[2025-03-08T21:11:35.638+0600] {logging_mixin.py:190} INFO - [2025-03-08T21:11:35.638+0600] {dag.py:4180} INFO - Setting next_dagrun for tutorial_dag to None, run_after=None
[2025-03-08T21:11:35.662+0600] {processor.py:208} INFO - Processing /home/shamim/airflow_venv/lib/python3.12/site-packages/airflow/example_dags/tutorial_dag.py took 0.091 seconds
[2025-03-08T21:12:49.558+0600] {processor.py:186} INFO - Started process (PID=27802) to work on /home/shamim/airflow_venv/lib/python3.12/site-packages/airflow/example_dags/tutorial_dag.py
[2025-03-08T21:12:49.562+0600] {processor.py:914} INFO - Processing file /home/shamim/airflow_venv/lib/python3.12/site-packages/airflow/example_dags/tutorial_dag.py for tasks to queue
[2025-03-08T21:12:49.566+0600] {logging_mixin.py:190} INFO - [2025-03-08T21:12:49.565+0600] {dagbag.py:588} INFO - Filling up the DagBag from /home/shamim/airflow_venv/lib/python3.12/site-packages/airflow/example_dags/tutorial_dag.py
[2025-03-08T21:12:49.577+0600] {processor.py:925} INFO - DAG(s) 'tutorial_dag' retrieved from /home/shamim/airflow_venv/lib/python3.12/site-packages/airflow/example_dags/tutorial_dag.py
[2025-03-08T21:12:49.603+0600] {logging_mixin.py:190} INFO - [2025-03-08T21:12:49.602+0600] {dag.py:3239} INFO - Sync 1 DAGs
[2025-03-08T21:12:49.620+0600] {logging_mixin.py:190} INFO - [2025-03-08T21:12:49.620+0600] {dag.py:4180} INFO - Setting next_dagrun for tutorial_dag to None, run_after=None
[2025-03-08T21:12:49.650+0600] {processor.py:208} INFO - Processing /home/shamim/airflow_venv/lib/python3.12/site-packages/airflow/example_dags/tutorial_dag.py took 0.109 seconds
[2025-03-08T21:14:23.722+0600] {processor.py:186} INFO - Started process (PID=28386) to work on /home/shamim/airflow_venv/lib/python3.12/site-packages/airflow/example_dags/tutorial_dag.py
[2025-03-08T21:14:23.728+0600] {processor.py:914} INFO - Processing file /home/shamim/airflow_venv/lib/python3.12/site-packages/airflow/example_dags/tutorial_dag.py for tasks to queue
[2025-03-08T21:14:23.731+0600] {logging_mixin.py:190} INFO - [2025-03-08T21:14:23.731+0600] {dagbag.py:588} INFO - Filling up the DagBag from /home/shamim/airflow_venv/lib/python3.12/site-packages/airflow/example_dags/tutorial_dag.py
[2025-03-08T21:14:23.744+0600] {processor.py:925} INFO - DAG(s) 'tutorial_dag' retrieved from /home/shamim/airflow_venv/lib/python3.12/site-packages/airflow/example_dags/tutorial_dag.py
[2025-03-08T21:14:23.767+0600] {logging_mixin.py:190} INFO - [2025-03-08T21:14:23.766+0600] {dag.py:3239} INFO - Sync 1 DAGs
[2025-03-08T21:14:23.785+0600] {logging_mixin.py:190} INFO - [2025-03-08T21:14:23.785+0600] {dag.py:4180} INFO - Setting next_dagrun for tutorial_dag to None, run_after=None
[2025-03-08T21:14:23.816+0600] {processor.py:208} INFO - Processing /home/shamim/airflow_venv/lib/python3.12/site-packages/airflow/example_dags/tutorial_dag.py took 0.103 seconds
[2025-03-08T21:17:06.878+0600] {processor.py:186} INFO - Started process (PID=29747) to work on /home/shamim/airflow_venv/lib/python3.12/site-packages/airflow/example_dags/tutorial_dag.py
[2025-03-08T21:17:06.894+0600] {processor.py:914} INFO - Processing file /home/shamim/airflow_venv/lib/python3.12/site-packages/airflow/example_dags/tutorial_dag.py for tasks to queue
[2025-03-08T21:17:06.897+0600] {logging_mixin.py:190} INFO - [2025-03-08T21:17:06.896+0600] {dagbag.py:588} INFO - Filling up the DagBag from /home/shamim/airflow_venv/lib/python3.12/site-packages/airflow/example_dags/tutorial_dag.py
[2025-03-08T21:17:06.910+0600] {processor.py:925} INFO - DAG(s) 'tutorial_dag' retrieved from /home/shamim/airflow_venv/lib/python3.12/site-packages/airflow/example_dags/tutorial_dag.py
[2025-03-08T21:17:06.933+0600] {logging_mixin.py:190} INFO - [2025-03-08T21:17:06.933+0600] {dag.py:3239} INFO - Sync 1 DAGs
[2025-03-08T21:17:06.952+0600] {logging_mixin.py:190} INFO - [2025-03-08T21:17:06.951+0600] {dag.py:4180} INFO - Setting next_dagrun for tutorial_dag to None, run_after=None
[2025-03-08T21:17:06.978+0600] {processor.py:208} INFO - Processing /home/shamim/airflow_venv/lib/python3.12/site-packages/airflow/example_dags/tutorial_dag.py took 0.108 seconds
[2025-03-08T21:18:05.996+0600] {processor.py:186} INFO - Started process (PID=30056) to work on /home/shamim/airflow_venv/lib/python3.12/site-packages/airflow/example_dags/tutorial_dag.py
[2025-03-08T21:18:06.002+0600] {processor.py:914} INFO - Processing file /home/shamim/airflow_venv/lib/python3.12/site-packages/airflow/example_dags/tutorial_dag.py for tasks to queue
[2025-03-08T21:18:06.005+0600] {logging_mixin.py:190} INFO - [2025-03-08T21:18:06.005+0600] {dagbag.py:588} INFO - Filling up the DagBag from /home/shamim/airflow_venv/lib/python3.12/site-packages/airflow/example_dags/tutorial_dag.py
[2025-03-08T21:18:06.015+0600] {processor.py:925} INFO - DAG(s) 'tutorial_dag' retrieved from /home/shamim/airflow_venv/lib/python3.12/site-packages/airflow/example_dags/tutorial_dag.py
[2025-03-08T21:18:06.035+0600] {logging_mixin.py:190} INFO - [2025-03-08T21:18:06.034+0600] {dag.py:3239} INFO - Sync 1 DAGs
[2025-03-08T21:18:06.050+0600] {logging_mixin.py:190} INFO - [2025-03-08T21:18:06.050+0600] {dag.py:4180} INFO - Setting next_dagrun for tutorial_dag to None, run_after=None
[2025-03-08T21:18:06.085+0600] {processor.py:208} INFO - Processing /home/shamim/airflow_venv/lib/python3.12/site-packages/airflow/example_dags/tutorial_dag.py took 0.096 seconds
[2025-03-08T21:19:32.239+0600] {processor.py:186} INFO - Started process (PID=30601) to work on /home/shamim/airflow_venv/lib/python3.12/site-packages/airflow/example_dags/tutorial_dag.py
[2025-03-08T21:19:32.242+0600] {processor.py:914} INFO - Processing file /home/shamim/airflow_venv/lib/python3.12/site-packages/airflow/example_dags/tutorial_dag.py for tasks to queue
[2025-03-08T21:19:32.244+0600] {logging_mixin.py:190} INFO - [2025-03-08T21:19:32.244+0600] {dagbag.py:588} INFO - Filling up the DagBag from /home/shamim/airflow_venv/lib/python3.12/site-packages/airflow/example_dags/tutorial_dag.py
[2025-03-08T21:19:32.254+0600] {processor.py:925} INFO - DAG(s) 'tutorial_dag' retrieved from /home/shamim/airflow_venv/lib/python3.12/site-packages/airflow/example_dags/tutorial_dag.py
[2025-03-08T21:19:32.273+0600] {logging_mixin.py:190} INFO - [2025-03-08T21:19:32.272+0600] {dag.py:3239} INFO - Sync 1 DAGs
[2025-03-08T21:19:32.290+0600] {logging_mixin.py:190} INFO - [2025-03-08T21:19:32.290+0600] {dag.py:4180} INFO - Setting next_dagrun for tutorial_dag to None, run_after=None
[2025-03-08T21:19:32.321+0600] {processor.py:208} INFO - Processing /home/shamim/airflow_venv/lib/python3.12/site-packages/airflow/example_dags/tutorial_dag.py took 0.089 seconds
[2025-03-08T21:20:52.047+0600] {processor.py:186} INFO - Started process (PID=31170) to work on /home/shamim/airflow_venv/lib/python3.12/site-packages/airflow/example_dags/tutorial_dag.py
[2025-03-08T21:20:52.054+0600] {processor.py:914} INFO - Processing file /home/shamim/airflow_venv/lib/python3.12/site-packages/airflow/example_dags/tutorial_dag.py for tasks to queue
[2025-03-08T21:20:52.056+0600] {logging_mixin.py:190} INFO - [2025-03-08T21:20:52.056+0600] {dagbag.py:588} INFO - Filling up the DagBag from /home/shamim/airflow_venv/lib/python3.12/site-packages/airflow/example_dags/tutorial_dag.py
[2025-03-08T21:20:52.066+0600] {processor.py:925} INFO - DAG(s) 'tutorial_dag' retrieved from /home/shamim/airflow_venv/lib/python3.12/site-packages/airflow/example_dags/tutorial_dag.py
[2025-03-08T21:20:52.085+0600] {logging_mixin.py:190} INFO - [2025-03-08T21:20:52.085+0600] {dag.py:3239} INFO - Sync 1 DAGs
[2025-03-08T21:20:52.101+0600] {logging_mixin.py:190} INFO - [2025-03-08T21:20:52.101+0600] {dag.py:4180} INFO - Setting next_dagrun for tutorial_dag to None, run_after=None
[2025-03-08T21:20:52.126+0600] {processor.py:208} INFO - Processing /home/shamim/airflow_venv/lib/python3.12/site-packages/airflow/example_dags/tutorial_dag.py took 0.088 seconds
[2025-03-08T21:22:16.001+0600] {processor.py:186} INFO - Started process (PID=31709) to work on /home/shamim/airflow_venv/lib/python3.12/site-packages/airflow/example_dags/tutorial_dag.py
[2025-03-08T21:22:16.015+0600] {processor.py:914} INFO - Processing file /home/shamim/airflow_venv/lib/python3.12/site-packages/airflow/example_dags/tutorial_dag.py for tasks to queue
[2025-03-08T21:22:16.017+0600] {logging_mixin.py:190} INFO - [2025-03-08T21:22:16.017+0600] {dagbag.py:588} INFO - Filling up the DagBag from /home/shamim/airflow_venv/lib/python3.12/site-packages/airflow/example_dags/tutorial_dag.py
[2025-03-08T21:22:16.032+0600] {processor.py:925} INFO - DAG(s) 'tutorial_dag' retrieved from /home/shamim/airflow_venv/lib/python3.12/site-packages/airflow/example_dags/tutorial_dag.py
[2025-03-08T21:22:16.057+0600] {logging_mixin.py:190} INFO - [2025-03-08T21:22:16.057+0600] {dag.py:3239} INFO - Sync 1 DAGs
[2025-03-08T21:22:16.078+0600] {logging_mixin.py:190} INFO - [2025-03-08T21:22:16.078+0600] {dag.py:4180} INFO - Setting next_dagrun for tutorial_dag to None, run_after=None
[2025-03-08T21:22:16.107+0600] {processor.py:208} INFO - Processing /home/shamim/airflow_venv/lib/python3.12/site-packages/airflow/example_dags/tutorial_dag.py took 0.114 seconds
[2025-03-08T21:23:48.790+0600] {processor.py:186} INFO - Started process (PID=32227) to work on /home/shamim/airflow_venv/lib/python3.12/site-packages/airflow/example_dags/tutorial_dag.py
[2025-03-08T21:23:48.797+0600] {processor.py:914} INFO - Processing file /home/shamim/airflow_venv/lib/python3.12/site-packages/airflow/example_dags/tutorial_dag.py for tasks to queue
[2025-03-08T21:23:48.799+0600] {logging_mixin.py:190} INFO - [2025-03-08T21:23:48.799+0600] {dagbag.py:588} INFO - Filling up the DagBag from /home/shamim/airflow_venv/lib/python3.12/site-packages/airflow/example_dags/tutorial_dag.py
[2025-03-08T21:23:48.809+0600] {processor.py:925} INFO - DAG(s) 'tutorial_dag' retrieved from /home/shamim/airflow_venv/lib/python3.12/site-packages/airflow/example_dags/tutorial_dag.py
[2025-03-08T21:23:48.828+0600] {logging_mixin.py:190} INFO - [2025-03-08T21:23:48.828+0600] {dag.py:3239} INFO - Sync 1 DAGs
[2025-03-08T21:23:48.844+0600] {logging_mixin.py:190} INFO - [2025-03-08T21:23:48.843+0600] {dag.py:4180} INFO - Setting next_dagrun for tutorial_dag to None, run_after=None
[2025-03-08T21:23:48.881+0600] {processor.py:208} INFO - Processing /home/shamim/airflow_venv/lib/python3.12/site-packages/airflow/example_dags/tutorial_dag.py took 0.098 seconds
