[2025-03-06T22:02:53.064+0600] {processor.py:186} INFO - Started process (PID=14831) to work on /home/shamim/airflow_venv/lib/python3.12/site-packages/airflow/example_dags/example_branch_operator.py
[2025-03-06T22:02:53.065+0600] {processor.py:914} INFO - Processing file /home/shamim/airflow_venv/lib/python3.12/site-packages/airflow/example_dags/example_branch_operator.py for tasks to queue
[2025-03-06T22:02:53.068+0600] {logging_mixin.py:190} INFO - [2025-03-06T22:02:53.067+0600] {dagbag.py:588} INFO - Filling up the DagBag from /home/shamim/airflow_venv/lib/python3.12/site-packages/airflow/example_dags/example_branch_operator.py
[2025-03-06T22:02:53.071+0600] {processor.py:927} WARNING - No viable dags retrieved from /home/shamim/airflow_venv/lib/python3.12/site-packages/airflow/example_dags/example_branch_operator.py
[2025-03-06T22:02:53.087+0600] {processor.py:208} INFO - Processing /home/shamim/airflow_venv/lib/python3.12/site-packages/airflow/example_dags/example_branch_operator.py took 0.029 seconds
[2025-03-06T22:04:05.088+0600] {processor.py:186} INFO - Started process (PID=14954) to work on /home/shamim/airflow_venv/lib/python3.12/site-packages/airflow/example_dags/example_branch_operator.py
[2025-03-06T22:04:05.095+0600] {processor.py:914} INFO - Processing file /home/shamim/airflow_venv/lib/python3.12/site-packages/airflow/example_dags/example_branch_operator.py for tasks to queue
[2025-03-06T22:04:05.098+0600] {logging_mixin.py:190} INFO - [2025-03-06T22:04:05.097+0600] {dagbag.py:588} INFO - Filling up the DagBag from /home/shamim/airflow_venv/lib/python3.12/site-packages/airflow/example_dags/example_branch_operator.py
[2025-03-06T22:04:05.102+0600] {processor.py:927} WARNING - No viable dags retrieved from /home/shamim/airflow_venv/lib/python3.12/site-packages/airflow/example_dags/example_branch_operator.py
[2025-03-06T22:04:05.117+0600] {processor.py:208} INFO - Processing /home/shamim/airflow_venv/lib/python3.12/site-packages/airflow/example_dags/example_branch_operator.py took 0.038 seconds
[2025-03-06T22:05:12.163+0600] {processor.py:186} INFO - Started process (PID=15064) to work on /home/shamim/airflow_venv/lib/python3.12/site-packages/airflow/example_dags/example_branch_operator.py
[2025-03-06T22:05:12.180+0600] {processor.py:914} INFO - Processing file /home/shamim/airflow_venv/lib/python3.12/site-packages/airflow/example_dags/example_branch_operator.py for tasks to queue
[2025-03-06T22:05:12.183+0600] {logging_mixin.py:190} INFO - [2025-03-06T22:05:12.182+0600] {dagbag.py:588} INFO - Filling up the DagBag from /home/shamim/airflow_venv/lib/python3.12/site-packages/airflow/example_dags/example_branch_operator.py
[2025-03-06T22:05:12.186+0600] {processor.py:927} WARNING - No viable dags retrieved from /home/shamim/airflow_venv/lib/python3.12/site-packages/airflow/example_dags/example_branch_operator.py
[2025-03-06T22:05:12.201+0600] {processor.py:208} INFO - Processing /home/shamim/airflow_venv/lib/python3.12/site-packages/airflow/example_dags/example_branch_operator.py took 0.055 seconds
[2025-03-06T22:06:18.945+0600] {processor.py:186} INFO - Started process (PID=15147) to work on /home/shamim/airflow_venv/lib/python3.12/site-packages/airflow/example_dags/example_branch_operator.py
[2025-03-06T22:06:18.961+0600] {processor.py:914} INFO - Processing file /home/shamim/airflow_venv/lib/python3.12/site-packages/airflow/example_dags/example_branch_operator.py for tasks to queue
[2025-03-06T22:06:18.964+0600] {logging_mixin.py:190} INFO - [2025-03-06T22:06:18.963+0600] {dagbag.py:588} INFO - Filling up the DagBag from /home/shamim/airflow_venv/lib/python3.12/site-packages/airflow/example_dags/example_branch_operator.py
[2025-03-06T22:06:18.967+0600] {processor.py:927} WARNING - No viable dags retrieved from /home/shamim/airflow_venv/lib/python3.12/site-packages/airflow/example_dags/example_branch_operator.py
[2025-03-06T22:06:18.982+0600] {processor.py:208} INFO - Processing /home/shamim/airflow_venv/lib/python3.12/site-packages/airflow/example_dags/example_branch_operator.py took 0.044 seconds
[2025-03-06T22:07:24.947+0600] {processor.py:186} INFO - Started process (PID=15446) to work on /home/shamim/airflow_venv/lib/python3.12/site-packages/airflow/example_dags/example_branch_operator.py
[2025-03-06T22:07:24.957+0600] {processor.py:914} INFO - Processing file /home/shamim/airflow_venv/lib/python3.12/site-packages/airflow/example_dags/example_branch_operator.py for tasks to queue
[2025-03-06T22:07:24.961+0600] {logging_mixin.py:190} INFO - [2025-03-06T22:07:24.960+0600] {dagbag.py:588} INFO - Filling up the DagBag from /home/shamim/airflow_venv/lib/python3.12/site-packages/airflow/example_dags/example_branch_operator.py
[2025-03-06T22:07:24.980+0600] {processor.py:927} WARNING - No viable dags retrieved from /home/shamim/airflow_venv/lib/python3.12/site-packages/airflow/example_dags/example_branch_operator.py
[2025-03-06T22:07:25.000+0600] {processor.py:208} INFO - Processing /home/shamim/airflow_venv/lib/python3.12/site-packages/airflow/example_dags/example_branch_operator.py took 0.062 seconds
[2025-03-06T22:08:36.141+0600] {processor.py:186} INFO - Started process (PID=15843) to work on /home/shamim/airflow_venv/lib/python3.12/site-packages/airflow/example_dags/example_branch_operator.py
[2025-03-06T22:08:36.147+0600] {processor.py:914} INFO - Processing file /home/shamim/airflow_venv/lib/python3.12/site-packages/airflow/example_dags/example_branch_operator.py for tasks to queue
[2025-03-06T22:08:36.150+0600] {logging_mixin.py:190} INFO - [2025-03-06T22:08:36.149+0600] {dagbag.py:588} INFO - Filling up the DagBag from /home/shamim/airflow_venv/lib/python3.12/site-packages/airflow/example_dags/example_branch_operator.py
[2025-03-06T22:08:36.153+0600] {processor.py:927} WARNING - No viable dags retrieved from /home/shamim/airflow_venv/lib/python3.12/site-packages/airflow/example_dags/example_branch_operator.py
[2025-03-06T22:08:36.166+0600] {processor.py:208} INFO - Processing /home/shamim/airflow_venv/lib/python3.12/site-packages/airflow/example_dags/example_branch_operator.py took 0.031 seconds
[2025-03-06T22:09:51.291+0600] {processor.py:186} INFO - Started process (PID=16016) to work on /home/shamim/airflow_venv/lib/python3.12/site-packages/airflow/example_dags/example_branch_operator.py
[2025-03-06T22:09:51.299+0600] {processor.py:914} INFO - Processing file /home/shamim/airflow_venv/lib/python3.12/site-packages/airflow/example_dags/example_branch_operator.py for tasks to queue
[2025-03-06T22:09:51.303+0600] {logging_mixin.py:190} INFO - [2025-03-06T22:09:51.303+0600] {dagbag.py:588} INFO - Filling up the DagBag from /home/shamim/airflow_venv/lib/python3.12/site-packages/airflow/example_dags/example_branch_operator.py
[2025-03-06T22:09:51.311+0600] {processor.py:927} WARNING - No viable dags retrieved from /home/shamim/airflow_venv/lib/python3.12/site-packages/airflow/example_dags/example_branch_operator.py
[2025-03-06T22:09:51.329+0600] {processor.py:208} INFO - Processing /home/shamim/airflow_venv/lib/python3.12/site-packages/airflow/example_dags/example_branch_operator.py took 0.049 seconds
[2025-03-06T22:11:06.945+0600] {processor.py:186} INFO - Started process (PID=16195) to work on /home/shamim/airflow_venv/lib/python3.12/site-packages/airflow/example_dags/example_branch_operator.py
[2025-03-06T22:11:06.952+0600] {processor.py:914} INFO - Processing file /home/shamim/airflow_venv/lib/python3.12/site-packages/airflow/example_dags/example_branch_operator.py for tasks to queue
[2025-03-06T22:11:06.957+0600] {logging_mixin.py:190} INFO - [2025-03-06T22:11:06.956+0600] {dagbag.py:588} INFO - Filling up the DagBag from /home/shamim/airflow_venv/lib/python3.12/site-packages/airflow/example_dags/example_branch_operator.py
[2025-03-06T22:11:06.963+0600] {processor.py:927} WARNING - No viable dags retrieved from /home/shamim/airflow_venv/lib/python3.12/site-packages/airflow/example_dags/example_branch_operator.py
[2025-03-06T22:11:06.976+0600] {processor.py:208} INFO - Processing /home/shamim/airflow_venv/lib/python3.12/site-packages/airflow/example_dags/example_branch_operator.py took 0.040 seconds
[2025-03-06T22:12:15.084+0600] {processor.py:186} INFO - Started process (PID=16362) to work on /home/shamim/airflow_venv/lib/python3.12/site-packages/airflow/example_dags/example_branch_operator.py
[2025-03-06T22:12:15.090+0600] {processor.py:914} INFO - Processing file /home/shamim/airflow_venv/lib/python3.12/site-packages/airflow/example_dags/example_branch_operator.py for tasks to queue
[2025-03-06T22:12:15.094+0600] {logging_mixin.py:190} INFO - [2025-03-06T22:12:15.094+0600] {dagbag.py:588} INFO - Filling up the DagBag from /home/shamim/airflow_venv/lib/python3.12/site-packages/airflow/example_dags/example_branch_operator.py
[2025-03-06T22:12:15.100+0600] {processor.py:927} WARNING - No viable dags retrieved from /home/shamim/airflow_venv/lib/python3.12/site-packages/airflow/example_dags/example_branch_operator.py
[2025-03-06T22:12:15.118+0600] {processor.py:208} INFO - Processing /home/shamim/airflow_venv/lib/python3.12/site-packages/airflow/example_dags/example_branch_operator.py took 0.041 seconds
[2025-03-06T22:13:16.768+0600] {processor.py:186} INFO - Started process (PID=16677) to work on /home/shamim/airflow_venv/lib/python3.12/site-packages/airflow/example_dags/example_branch_operator.py
[2025-03-06T22:13:16.770+0600] {processor.py:914} INFO - Processing file /home/shamim/airflow_venv/lib/python3.12/site-packages/airflow/example_dags/example_branch_operator.py for tasks to queue
[2025-03-06T22:13:16.774+0600] {logging_mixin.py:190} INFO - [2025-03-06T22:13:16.773+0600] {dagbag.py:588} INFO - Filling up the DagBag from /home/shamim/airflow_venv/lib/python3.12/site-packages/airflow/example_dags/example_branch_operator.py
[2025-03-06T22:13:16.779+0600] {processor.py:927} WARNING - No viable dags retrieved from /home/shamim/airflow_venv/lib/python3.12/site-packages/airflow/example_dags/example_branch_operator.py
[2025-03-06T22:13:16.794+0600] {processor.py:208} INFO - Processing /home/shamim/airflow_venv/lib/python3.12/site-packages/airflow/example_dags/example_branch_operator.py took 0.036 seconds
[2025-03-06T22:14:22.584+0600] {processor.py:186} INFO - Started process (PID=16857) to work on /home/shamim/airflow_venv/lib/python3.12/site-packages/airflow/example_dags/example_branch_operator.py
[2025-03-06T22:14:22.589+0600] {processor.py:914} INFO - Processing file /home/shamim/airflow_venv/lib/python3.12/site-packages/airflow/example_dags/example_branch_operator.py for tasks to queue
[2025-03-06T22:14:22.597+0600] {logging_mixin.py:190} INFO - [2025-03-06T22:14:22.596+0600] {dagbag.py:588} INFO - Filling up the DagBag from /home/shamim/airflow_venv/lib/python3.12/site-packages/airflow/example_dags/example_branch_operator.py
[2025-03-06T22:14:22.606+0600] {processor.py:927} WARNING - No viable dags retrieved from /home/shamim/airflow_venv/lib/python3.12/site-packages/airflow/example_dags/example_branch_operator.py
[2025-03-06T22:14:22.622+0600] {processor.py:208} INFO - Processing /home/shamim/airflow_venv/lib/python3.12/site-packages/airflow/example_dags/example_branch_operator.py took 0.045 seconds
[2025-03-06T22:15:22.812+0600] {processor.py:186} INFO - Started process (PID=17027) to work on /home/shamim/airflow_venv/lib/python3.12/site-packages/airflow/example_dags/example_branch_operator.py
[2025-03-06T22:15:22.813+0600] {processor.py:914} INFO - Processing file /home/shamim/airflow_venv/lib/python3.12/site-packages/airflow/example_dags/example_branch_operator.py for tasks to queue
[2025-03-06T22:15:22.816+0600] {logging_mixin.py:190} INFO - [2025-03-06T22:15:22.815+0600] {dagbag.py:588} INFO - Filling up the DagBag from /home/shamim/airflow_venv/lib/python3.12/site-packages/airflow/example_dags/example_branch_operator.py
[2025-03-06T22:15:22.820+0600] {processor.py:927} WARNING - No viable dags retrieved from /home/shamim/airflow_venv/lib/python3.12/site-packages/airflow/example_dags/example_branch_operator.py
[2025-03-06T22:15:22.833+0600] {processor.py:208} INFO - Processing /home/shamim/airflow_venv/lib/python3.12/site-packages/airflow/example_dags/example_branch_operator.py took 0.031 seconds
[2025-03-06T22:16:32.759+0600] {processor.py:186} INFO - Started process (PID=17117) to work on /home/shamim/airflow_venv/lib/python3.12/site-packages/airflow/example_dags/example_branch_operator.py
[2025-03-06T22:16:32.766+0600] {processor.py:914} INFO - Processing file /home/shamim/airflow_venv/lib/python3.12/site-packages/airflow/example_dags/example_branch_operator.py for tasks to queue
[2025-03-06T22:16:32.769+0600] {logging_mixin.py:190} INFO - [2025-03-06T22:16:32.768+0600] {dagbag.py:588} INFO - Filling up the DagBag from /home/shamim/airflow_venv/lib/python3.12/site-packages/airflow/example_dags/example_branch_operator.py
[2025-03-06T22:16:32.772+0600] {processor.py:927} WARNING - No viable dags retrieved from /home/shamim/airflow_venv/lib/python3.12/site-packages/airflow/example_dags/example_branch_operator.py
[2025-03-06T22:16:32.788+0600] {processor.py:208} INFO - Processing /home/shamim/airflow_venv/lib/python3.12/site-packages/airflow/example_dags/example_branch_operator.py took 0.037 seconds
[2025-03-06T22:17:41.814+0600] {processor.py:186} INFO - Started process (PID=17326) to work on /home/shamim/airflow_venv/lib/python3.12/site-packages/airflow/example_dags/example_branch_operator.py
[2025-03-06T22:17:41.820+0600] {processor.py:914} INFO - Processing file /home/shamim/airflow_venv/lib/python3.12/site-packages/airflow/example_dags/example_branch_operator.py for tasks to queue
[2025-03-06T22:17:41.822+0600] {logging_mixin.py:190} INFO - [2025-03-06T22:17:41.821+0600] {dagbag.py:588} INFO - Filling up the DagBag from /home/shamim/airflow_venv/lib/python3.12/site-packages/airflow/example_dags/example_branch_operator.py
[2025-03-06T22:17:41.825+0600] {processor.py:927} WARNING - No viable dags retrieved from /home/shamim/airflow_venv/lib/python3.12/site-packages/airflow/example_dags/example_branch_operator.py
[2025-03-06T22:17:41.839+0600] {processor.py:208} INFO - Processing /home/shamim/airflow_venv/lib/python3.12/site-packages/airflow/example_dags/example_branch_operator.py took 0.032 seconds
[2025-03-06T22:18:52.833+0600] {processor.py:186} INFO - Started process (PID=17497) to work on /home/shamim/airflow_venv/lib/python3.12/site-packages/airflow/example_dags/example_branch_operator.py
[2025-03-06T22:18:52.836+0600] {processor.py:914} INFO - Processing file /home/shamim/airflow_venv/lib/python3.12/site-packages/airflow/example_dags/example_branch_operator.py for tasks to queue
[2025-03-06T22:18:52.838+0600] {logging_mixin.py:190} INFO - [2025-03-06T22:18:52.838+0600] {dagbag.py:588} INFO - Filling up the DagBag from /home/shamim/airflow_venv/lib/python3.12/site-packages/airflow/example_dags/example_branch_operator.py
[2025-03-06T22:18:52.844+0600] {processor.py:927} WARNING - No viable dags retrieved from /home/shamim/airflow_venv/lib/python3.12/site-packages/airflow/example_dags/example_branch_operator.py
[2025-03-06T22:18:52.860+0600] {processor.py:208} INFO - Processing /home/shamim/airflow_venv/lib/python3.12/site-packages/airflow/example_dags/example_branch_operator.py took 0.046 seconds
[2025-03-06T22:20:01.276+0600] {processor.py:186} INFO - Started process (PID=17671) to work on /home/shamim/airflow_venv/lib/python3.12/site-packages/airflow/example_dags/example_branch_operator.py
[2025-03-06T22:20:01.277+0600] {processor.py:914} INFO - Processing file /home/shamim/airflow_venv/lib/python3.12/site-packages/airflow/example_dags/example_branch_operator.py for tasks to queue
[2025-03-06T22:20:01.280+0600] {logging_mixin.py:190} INFO - [2025-03-06T22:20:01.279+0600] {dagbag.py:588} INFO - Filling up the DagBag from /home/shamim/airflow_venv/lib/python3.12/site-packages/airflow/example_dags/example_branch_operator.py
[2025-03-06T22:20:01.285+0600] {processor.py:927} WARNING - No viable dags retrieved from /home/shamim/airflow_venv/lib/python3.12/site-packages/airflow/example_dags/example_branch_operator.py
[2025-03-06T22:20:01.298+0600] {processor.py:208} INFO - Processing /home/shamim/airflow_venv/lib/python3.12/site-packages/airflow/example_dags/example_branch_operator.py took 0.032 seconds
[2025-03-06T22:21:27.538+0600] {processor.py:186} INFO - Started process (PID=17845) to work on /home/shamim/airflow_venv/lib/python3.12/site-packages/airflow/example_dags/example_branch_operator.py
[2025-03-06T22:21:27.545+0600] {processor.py:914} INFO - Processing file /home/shamim/airflow_venv/lib/python3.12/site-packages/airflow/example_dags/example_branch_operator.py for tasks to queue
[2025-03-06T22:21:27.547+0600] {logging_mixin.py:190} INFO - [2025-03-06T22:21:27.547+0600] {dagbag.py:588} INFO - Filling up the DagBag from /home/shamim/airflow_venv/lib/python3.12/site-packages/airflow/example_dags/example_branch_operator.py
[2025-03-06T22:21:27.551+0600] {processor.py:927} WARNING - No viable dags retrieved from /home/shamim/airflow_venv/lib/python3.12/site-packages/airflow/example_dags/example_branch_operator.py
[2025-03-06T22:21:27.565+0600] {processor.py:208} INFO - Processing /home/shamim/airflow_venv/lib/python3.12/site-packages/airflow/example_dags/example_branch_operator.py took 0.035 seconds
[2025-03-06T22:22:38.676+0600] {processor.py:186} INFO - Started process (PID=17983) to work on /home/shamim/airflow_venv/lib/python3.12/site-packages/airflow/example_dags/example_branch_operator.py
[2025-03-06T22:22:38.682+0600] {processor.py:914} INFO - Processing file /home/shamim/airflow_venv/lib/python3.12/site-packages/airflow/example_dags/example_branch_operator.py for tasks to queue
[2025-03-06T22:22:38.684+0600] {logging_mixin.py:190} INFO - [2025-03-06T22:22:38.684+0600] {dagbag.py:588} INFO - Filling up the DagBag from /home/shamim/airflow_venv/lib/python3.12/site-packages/airflow/example_dags/example_branch_operator.py
[2025-03-06T22:22:38.688+0600] {processor.py:927} WARNING - No viable dags retrieved from /home/shamim/airflow_venv/lib/python3.12/site-packages/airflow/example_dags/example_branch_operator.py
[2025-03-06T22:22:38.701+0600] {processor.py:208} INFO - Processing /home/shamim/airflow_venv/lib/python3.12/site-packages/airflow/example_dags/example_branch_operator.py took 0.031 seconds
[2025-03-06T22:23:51.138+0600] {processor.py:186} INFO - Started process (PID=18097) to work on /home/shamim/airflow_venv/lib/python3.12/site-packages/airflow/example_dags/example_branch_operator.py
[2025-03-06T22:23:51.144+0600] {processor.py:914} INFO - Processing file /home/shamim/airflow_venv/lib/python3.12/site-packages/airflow/example_dags/example_branch_operator.py for tasks to queue
[2025-03-06T22:23:51.146+0600] {logging_mixin.py:190} INFO - [2025-03-06T22:23:51.146+0600] {dagbag.py:588} INFO - Filling up the DagBag from /home/shamim/airflow_venv/lib/python3.12/site-packages/airflow/example_dags/example_branch_operator.py
[2025-03-06T22:23:51.150+0600] {processor.py:927} WARNING - No viable dags retrieved from /home/shamim/airflow_venv/lib/python3.12/site-packages/airflow/example_dags/example_branch_operator.py
[2025-03-06T22:23:51.162+0600] {processor.py:208} INFO - Processing /home/shamim/airflow_venv/lib/python3.12/site-packages/airflow/example_dags/example_branch_operator.py took 0.031 seconds
[2025-03-06T22:24:57.656+0600] {processor.py:186} INFO - Started process (PID=18205) to work on /home/shamim/airflow_venv/lib/python3.12/site-packages/airflow/example_dags/example_branch_operator.py
[2025-03-06T22:24:57.677+0600] {processor.py:914} INFO - Processing file /home/shamim/airflow_venv/lib/python3.12/site-packages/airflow/example_dags/example_branch_operator.py for tasks to queue
[2025-03-06T22:24:57.679+0600] {logging_mixin.py:190} INFO - [2025-03-06T22:24:57.679+0600] {dagbag.py:588} INFO - Filling up the DagBag from /home/shamim/airflow_venv/lib/python3.12/site-packages/airflow/example_dags/example_branch_operator.py
[2025-03-06T22:24:57.683+0600] {processor.py:927} WARNING - No viable dags retrieved from /home/shamim/airflow_venv/lib/python3.12/site-packages/airflow/example_dags/example_branch_operator.py
[2025-03-06T22:24:57.696+0600] {processor.py:208} INFO - Processing /home/shamim/airflow_venv/lib/python3.12/site-packages/airflow/example_dags/example_branch_operator.py took 0.047 seconds
[2025-03-06T22:26:05.888+0600] {processor.py:186} INFO - Started process (PID=18399) to work on /home/shamim/airflow_venv/lib/python3.12/site-packages/airflow/example_dags/example_branch_operator.py
[2025-03-06T22:26:05.894+0600] {processor.py:914} INFO - Processing file /home/shamim/airflow_venv/lib/python3.12/site-packages/airflow/example_dags/example_branch_operator.py for tasks to queue
[2025-03-06T22:26:05.896+0600] {logging_mixin.py:190} INFO - [2025-03-06T22:26:05.895+0600] {dagbag.py:588} INFO - Filling up the DagBag from /home/shamim/airflow_venv/lib/python3.12/site-packages/airflow/example_dags/example_branch_operator.py
[2025-03-06T22:26:05.899+0600] {processor.py:927} WARNING - No viable dags retrieved from /home/shamim/airflow_venv/lib/python3.12/site-packages/airflow/example_dags/example_branch_operator.py
[2025-03-06T22:26:05.912+0600] {processor.py:208} INFO - Processing /home/shamim/airflow_venv/lib/python3.12/site-packages/airflow/example_dags/example_branch_operator.py took 0.032 seconds
[2025-03-06T22:27:18.832+0600] {processor.py:186} INFO - Started process (PID=18486) to work on /home/shamim/airflow_venv/lib/python3.12/site-packages/airflow/example_dags/example_branch_operator.py
[2025-03-06T22:27:18.834+0600] {processor.py:914} INFO - Processing file /home/shamim/airflow_venv/lib/python3.12/site-packages/airflow/example_dags/example_branch_operator.py for tasks to queue
[2025-03-06T22:27:18.836+0600] {logging_mixin.py:190} INFO - [2025-03-06T22:27:18.836+0600] {dagbag.py:588} INFO - Filling up the DagBag from /home/shamim/airflow_venv/lib/python3.12/site-packages/airflow/example_dags/example_branch_operator.py
[2025-03-06T22:27:18.841+0600] {processor.py:927} WARNING - No viable dags retrieved from /home/shamim/airflow_venv/lib/python3.12/site-packages/airflow/example_dags/example_branch_operator.py
[2025-03-06T22:27:18.859+0600] {processor.py:208} INFO - Processing /home/shamim/airflow_venv/lib/python3.12/site-packages/airflow/example_dags/example_branch_operator.py took 0.039 seconds
[2025-03-06T22:28:27.352+0600] {processor.py:186} INFO - Started process (PID=18636) to work on /home/shamim/airflow_venv/lib/python3.12/site-packages/airflow/example_dags/example_branch_operator.py
[2025-03-06T22:28:27.360+0600] {processor.py:914} INFO - Processing file /home/shamim/airflow_venv/lib/python3.12/site-packages/airflow/example_dags/example_branch_operator.py for tasks to queue
[2025-03-06T22:28:27.366+0600] {logging_mixin.py:190} INFO - [2025-03-06T22:28:27.363+0600] {dagbag.py:588} INFO - Filling up the DagBag from /home/shamim/airflow_venv/lib/python3.12/site-packages/airflow/example_dags/example_branch_operator.py
[2025-03-06T22:28:27.375+0600] {processor.py:927} WARNING - No viable dags retrieved from /home/shamim/airflow_venv/lib/python3.12/site-packages/airflow/example_dags/example_branch_operator.py
[2025-03-06T22:28:27.395+0600] {processor.py:208} INFO - Processing /home/shamim/airflow_venv/lib/python3.12/site-packages/airflow/example_dags/example_branch_operator.py took 0.057 seconds
[2025-03-06T22:29:40.049+0600] {processor.py:186} INFO - Started process (PID=18805) to work on /home/shamim/airflow_venv/lib/python3.12/site-packages/airflow/example_dags/example_branch_operator.py
[2025-03-06T22:29:40.051+0600] {processor.py:914} INFO - Processing file /home/shamim/airflow_venv/lib/python3.12/site-packages/airflow/example_dags/example_branch_operator.py for tasks to queue
[2025-03-06T22:29:40.053+0600] {logging_mixin.py:190} INFO - [2025-03-06T22:29:40.053+0600] {dagbag.py:588} INFO - Filling up the DagBag from /home/shamim/airflow_venv/lib/python3.12/site-packages/airflow/example_dags/example_branch_operator.py
[2025-03-06T22:29:40.057+0600] {processor.py:927} WARNING - No viable dags retrieved from /home/shamim/airflow_venv/lib/python3.12/site-packages/airflow/example_dags/example_branch_operator.py
[2025-03-06T22:29:40.071+0600] {processor.py:208} INFO - Processing /home/shamim/airflow_venv/lib/python3.12/site-packages/airflow/example_dags/example_branch_operator.py took 0.030 seconds
[2025-03-06T22:30:46.874+0600] {processor.py:186} INFO - Started process (PID=18930) to work on /home/shamim/airflow_venv/lib/python3.12/site-packages/airflow/example_dags/example_branch_operator.py
[2025-03-06T22:30:46.880+0600] {processor.py:914} INFO - Processing file /home/shamim/airflow_venv/lib/python3.12/site-packages/airflow/example_dags/example_branch_operator.py for tasks to queue
[2025-03-06T22:30:46.882+0600] {logging_mixin.py:190} INFO - [2025-03-06T22:30:46.882+0600] {dagbag.py:588} INFO - Filling up the DagBag from /home/shamim/airflow_venv/lib/python3.12/site-packages/airflow/example_dags/example_branch_operator.py
[2025-03-06T22:30:46.885+0600] {processor.py:927} WARNING - No viable dags retrieved from /home/shamim/airflow_venv/lib/python3.12/site-packages/airflow/example_dags/example_branch_operator.py
[2025-03-06T22:30:46.898+0600] {processor.py:208} INFO - Processing /home/shamim/airflow_venv/lib/python3.12/site-packages/airflow/example_dags/example_branch_operator.py took 0.033 seconds
[2025-03-06T22:32:00.515+0600] {processor.py:186} INFO - Started process (PID=19052) to work on /home/shamim/airflow_venv/lib/python3.12/site-packages/airflow/example_dags/example_branch_operator.py
[2025-03-06T22:32:00.521+0600] {processor.py:914} INFO - Processing file /home/shamim/airflow_venv/lib/python3.12/site-packages/airflow/example_dags/example_branch_operator.py for tasks to queue
[2025-03-06T22:32:00.523+0600] {logging_mixin.py:190} INFO - [2025-03-06T22:32:00.523+0600] {dagbag.py:588} INFO - Filling up the DagBag from /home/shamim/airflow_venv/lib/python3.12/site-packages/airflow/example_dags/example_branch_operator.py
[2025-03-06T22:32:00.527+0600] {processor.py:927} WARNING - No viable dags retrieved from /home/shamim/airflow_venv/lib/python3.12/site-packages/airflow/example_dags/example_branch_operator.py
[2025-03-06T22:32:00.541+0600] {processor.py:208} INFO - Processing /home/shamim/airflow_venv/lib/python3.12/site-packages/airflow/example_dags/example_branch_operator.py took 0.037 seconds
[2025-03-06T22:33:01.819+0600] {processor.py:186} INFO - Started process (PID=19507) to work on /home/shamim/airflow_venv/lib/python3.12/site-packages/airflow/example_dags/example_branch_operator.py
[2025-03-06T22:33:01.820+0600] {processor.py:914} INFO - Processing file /home/shamim/airflow_venv/lib/python3.12/site-packages/airflow/example_dags/example_branch_operator.py for tasks to queue
[2025-03-06T22:33:01.823+0600] {logging_mixin.py:190} INFO - [2025-03-06T22:33:01.822+0600] {dagbag.py:588} INFO - Filling up the DagBag from /home/shamim/airflow_venv/lib/python3.12/site-packages/airflow/example_dags/example_branch_operator.py
[2025-03-06T22:33:01.827+0600] {processor.py:927} WARNING - No viable dags retrieved from /home/shamim/airflow_venv/lib/python3.12/site-packages/airflow/example_dags/example_branch_operator.py
[2025-03-06T22:33:01.843+0600] {processor.py:208} INFO - Processing /home/shamim/airflow_venv/lib/python3.12/site-packages/airflow/example_dags/example_branch_operator.py took 0.031 seconds
[2025-03-06T22:34:12.680+0600] {processor.py:186} INFO - Started process (PID=20020) to work on /home/shamim/airflow_venv/lib/python3.12/site-packages/airflow/example_dags/example_branch_operator.py
[2025-03-06T22:34:12.687+0600] {processor.py:914} INFO - Processing file /home/shamim/airflow_venv/lib/python3.12/site-packages/airflow/example_dags/example_branch_operator.py for tasks to queue
[2025-03-06T22:34:12.688+0600] {logging_mixin.py:190} INFO - [2025-03-06T22:34:12.688+0600] {dagbag.py:588} INFO - Filling up the DagBag from /home/shamim/airflow_venv/lib/python3.12/site-packages/airflow/example_dags/example_branch_operator.py
[2025-03-06T22:34:12.692+0600] {processor.py:927} WARNING - No viable dags retrieved from /home/shamim/airflow_venv/lib/python3.12/site-packages/airflow/example_dags/example_branch_operator.py
[2025-03-06T22:34:12.705+0600] {processor.py:208} INFO - Processing /home/shamim/airflow_venv/lib/python3.12/site-packages/airflow/example_dags/example_branch_operator.py took 0.031 seconds
[2025-03-06T22:35:17.202+0600] {processor.py:186} INFO - Started process (PID=20139) to work on /home/shamim/airflow_venv/lib/python3.12/site-packages/airflow/example_dags/example_branch_operator.py
[2025-03-06T22:35:17.208+0600] {processor.py:914} INFO - Processing file /home/shamim/airflow_venv/lib/python3.12/site-packages/airflow/example_dags/example_branch_operator.py for tasks to queue
[2025-03-06T22:35:17.210+0600] {logging_mixin.py:190} INFO - [2025-03-06T22:35:17.209+0600] {dagbag.py:588} INFO - Filling up the DagBag from /home/shamim/airflow_venv/lib/python3.12/site-packages/airflow/example_dags/example_branch_operator.py
[2025-03-06T22:35:17.213+0600] {processor.py:927} WARNING - No viable dags retrieved from /home/shamim/airflow_venv/lib/python3.12/site-packages/airflow/example_dags/example_branch_operator.py
[2025-03-06T22:35:17.226+0600] {processor.py:208} INFO - Processing /home/shamim/airflow_venv/lib/python3.12/site-packages/airflow/example_dags/example_branch_operator.py took 0.033 seconds
[2025-03-06T22:36:21.176+0600] {processor.py:186} INFO - Started process (PID=20261) to work on /home/shamim/airflow_venv/lib/python3.12/site-packages/airflow/example_dags/example_branch_operator.py
[2025-03-06T22:36:21.180+0600] {processor.py:914} INFO - Processing file /home/shamim/airflow_venv/lib/python3.12/site-packages/airflow/example_dags/example_branch_operator.py for tasks to queue
[2025-03-06T22:36:21.182+0600] {logging_mixin.py:190} INFO - [2025-03-06T22:36:21.181+0600] {dagbag.py:588} INFO - Filling up the DagBag from /home/shamim/airflow_venv/lib/python3.12/site-packages/airflow/example_dags/example_branch_operator.py
[2025-03-06T22:36:21.185+0600] {processor.py:927} WARNING - No viable dags retrieved from /home/shamim/airflow_venv/lib/python3.12/site-packages/airflow/example_dags/example_branch_operator.py
[2025-03-06T22:36:21.198+0600] {processor.py:208} INFO - Processing /home/shamim/airflow_venv/lib/python3.12/site-packages/airflow/example_dags/example_branch_operator.py took 0.029 seconds
[2025-03-06T22:37:20.163+0600] {processor.py:186} INFO - Started process (PID=20330) to work on /home/shamim/airflow_venv/lib/python3.12/site-packages/airflow/example_dags/example_branch_operator.py
[2025-03-06T22:37:20.170+0600] {processor.py:914} INFO - Processing file /home/shamim/airflow_venv/lib/python3.12/site-packages/airflow/example_dags/example_branch_operator.py for tasks to queue
[2025-03-06T22:37:20.171+0600] {logging_mixin.py:190} INFO - [2025-03-06T22:37:20.171+0600] {dagbag.py:588} INFO - Filling up the DagBag from /home/shamim/airflow_venv/lib/python3.12/site-packages/airflow/example_dags/example_branch_operator.py
[2025-03-06T22:37:20.175+0600] {processor.py:927} WARNING - No viable dags retrieved from /home/shamim/airflow_venv/lib/python3.12/site-packages/airflow/example_dags/example_branch_operator.py
[2025-03-06T22:37:20.187+0600] {processor.py:208} INFO - Processing /home/shamim/airflow_venv/lib/python3.12/site-packages/airflow/example_dags/example_branch_operator.py took 0.031 seconds
[2025-03-06T22:38:21.207+0600] {processor.py:186} INFO - Started process (PID=20434) to work on /home/shamim/airflow_venv/lib/python3.12/site-packages/airflow/example_dags/example_branch_operator.py
[2025-03-06T22:38:21.211+0600] {processor.py:914} INFO - Processing file /home/shamim/airflow_venv/lib/python3.12/site-packages/airflow/example_dags/example_branch_operator.py for tasks to queue
[2025-03-06T22:38:21.213+0600] {logging_mixin.py:190} INFO - [2025-03-06T22:38:21.212+0600] {dagbag.py:588} INFO - Filling up the DagBag from /home/shamim/airflow_venv/lib/python3.12/site-packages/airflow/example_dags/example_branch_operator.py
[2025-03-06T22:38:21.216+0600] {processor.py:927} WARNING - No viable dags retrieved from /home/shamim/airflow_venv/lib/python3.12/site-packages/airflow/example_dags/example_branch_operator.py
[2025-03-06T22:38:21.229+0600] {processor.py:208} INFO - Processing /home/shamim/airflow_venv/lib/python3.12/site-packages/airflow/example_dags/example_branch_operator.py took 0.028 seconds
[2025-03-06T22:39:25.956+0600] {processor.py:186} INFO - Started process (PID=20508) to work on /home/shamim/airflow_venv/lib/python3.12/site-packages/airflow/example_dags/example_branch_operator.py
[2025-03-06T22:39:25.963+0600] {processor.py:914} INFO - Processing file /home/shamim/airflow_venv/lib/python3.12/site-packages/airflow/example_dags/example_branch_operator.py for tasks to queue
[2025-03-06T22:39:25.965+0600] {logging_mixin.py:190} INFO - [2025-03-06T22:39:25.964+0600] {dagbag.py:588} INFO - Filling up the DagBag from /home/shamim/airflow_venv/lib/python3.12/site-packages/airflow/example_dags/example_branch_operator.py
[2025-03-06T22:39:25.969+0600] {processor.py:927} WARNING - No viable dags retrieved from /home/shamim/airflow_venv/lib/python3.12/site-packages/airflow/example_dags/example_branch_operator.py
[2025-03-06T22:39:25.984+0600] {processor.py:208} INFO - Processing /home/shamim/airflow_venv/lib/python3.12/site-packages/airflow/example_dags/example_branch_operator.py took 0.037 seconds
[2025-03-06T22:40:33.513+0600] {processor.py:186} INFO - Started process (PID=20633) to work on /home/shamim/airflow_venv/lib/python3.12/site-packages/airflow/example_dags/example_branch_operator.py
[2025-03-06T22:40:33.519+0600] {processor.py:914} INFO - Processing file /home/shamim/airflow_venv/lib/python3.12/site-packages/airflow/example_dags/example_branch_operator.py for tasks to queue
[2025-03-06T22:40:33.521+0600] {logging_mixin.py:190} INFO - [2025-03-06T22:40:33.520+0600] {dagbag.py:588} INFO - Filling up the DagBag from /home/shamim/airflow_venv/lib/python3.12/site-packages/airflow/example_dags/example_branch_operator.py
[2025-03-06T22:40:33.527+0600] {processor.py:927} WARNING - No viable dags retrieved from /home/shamim/airflow_venv/lib/python3.12/site-packages/airflow/example_dags/example_branch_operator.py
[2025-03-06T22:40:33.543+0600] {processor.py:208} INFO - Processing /home/shamim/airflow_venv/lib/python3.12/site-packages/airflow/example_dags/example_branch_operator.py took 0.042 seconds
[2025-03-06T22:41:40.529+0600] {processor.py:186} INFO - Started process (PID=20759) to work on /home/shamim/airflow_venv/lib/python3.12/site-packages/airflow/example_dags/example_branch_operator.py
[2025-03-06T22:41:40.536+0600] {processor.py:914} INFO - Processing file /home/shamim/airflow_venv/lib/python3.12/site-packages/airflow/example_dags/example_branch_operator.py for tasks to queue
[2025-03-06T22:41:40.540+0600] {logging_mixin.py:190} INFO - [2025-03-06T22:41:40.539+0600] {dagbag.py:588} INFO - Filling up the DagBag from /home/shamim/airflow_venv/lib/python3.12/site-packages/airflow/example_dags/example_branch_operator.py
[2025-03-06T22:41:40.548+0600] {processor.py:927} WARNING - No viable dags retrieved from /home/shamim/airflow_venv/lib/python3.12/site-packages/airflow/example_dags/example_branch_operator.py
[2025-03-06T22:41:40.572+0600] {processor.py:208} INFO - Processing /home/shamim/airflow_venv/lib/python3.12/site-packages/airflow/example_dags/example_branch_operator.py took 0.060 seconds
[2025-03-06T22:42:45.813+0600] {processor.py:186} INFO - Started process (PID=20887) to work on /home/shamim/airflow_venv/lib/python3.12/site-packages/airflow/example_dags/example_branch_operator.py
[2025-03-06T22:42:45.819+0600] {processor.py:914} INFO - Processing file /home/shamim/airflow_venv/lib/python3.12/site-packages/airflow/example_dags/example_branch_operator.py for tasks to queue
[2025-03-06T22:42:45.821+0600] {logging_mixin.py:190} INFO - [2025-03-06T22:42:45.821+0600] {dagbag.py:588} INFO - Filling up the DagBag from /home/shamim/airflow_venv/lib/python3.12/site-packages/airflow/example_dags/example_branch_operator.py
[2025-03-06T22:42:45.826+0600] {processor.py:927} WARNING - No viable dags retrieved from /home/shamim/airflow_venv/lib/python3.12/site-packages/airflow/example_dags/example_branch_operator.py
[2025-03-06T22:42:45.839+0600] {processor.py:208} INFO - Processing /home/shamim/airflow_venv/lib/python3.12/site-packages/airflow/example_dags/example_branch_operator.py took 0.034 seconds
[2025-03-06T22:43:51.563+0600] {processor.py:186} INFO - Started process (PID=21383) to work on /home/shamim/airflow_venv/lib/python3.12/site-packages/airflow/example_dags/example_branch_operator.py
[2025-03-06T22:43:51.570+0600] {processor.py:914} INFO - Processing file /home/shamim/airflow_venv/lib/python3.12/site-packages/airflow/example_dags/example_branch_operator.py for tasks to queue
[2025-03-06T22:43:51.571+0600] {logging_mixin.py:190} INFO - [2025-03-06T22:43:51.571+0600] {dagbag.py:588} INFO - Filling up the DagBag from /home/shamim/airflow_venv/lib/python3.12/site-packages/airflow/example_dags/example_branch_operator.py
[2025-03-06T22:43:51.575+0600] {processor.py:927} WARNING - No viable dags retrieved from /home/shamim/airflow_venv/lib/python3.12/site-packages/airflow/example_dags/example_branch_operator.py
[2025-03-06T22:43:51.588+0600] {processor.py:208} INFO - Processing /home/shamim/airflow_venv/lib/python3.12/site-packages/airflow/example_dags/example_branch_operator.py took 0.031 seconds
[2025-03-06T22:45:02.126+0600] {processor.py:186} INFO - Started process (PID=21514) to work on /home/shamim/airflow_venv/lib/python3.12/site-packages/airflow/example_dags/example_branch_operator.py
[2025-03-06T22:45:02.132+0600] {processor.py:914} INFO - Processing file /home/shamim/airflow_venv/lib/python3.12/site-packages/airflow/example_dags/example_branch_operator.py for tasks to queue
[2025-03-06T22:45:02.134+0600] {logging_mixin.py:190} INFO - [2025-03-06T22:45:02.133+0600] {dagbag.py:588} INFO - Filling up the DagBag from /home/shamim/airflow_venv/lib/python3.12/site-packages/airflow/example_dags/example_branch_operator.py
[2025-03-06T22:45:02.138+0600] {processor.py:927} WARNING - No viable dags retrieved from /home/shamim/airflow_venv/lib/python3.12/site-packages/airflow/example_dags/example_branch_operator.py
[2025-03-06T22:45:02.151+0600] {processor.py:208} INFO - Processing /home/shamim/airflow_venv/lib/python3.12/site-packages/airflow/example_dags/example_branch_operator.py took 0.034 seconds
[2025-03-06T22:46:13.850+0600] {processor.py:186} INFO - Started process (PID=21632) to work on /home/shamim/airflow_venv/lib/python3.12/site-packages/airflow/example_dags/example_branch_operator.py
[2025-03-06T22:46:13.851+0600] {processor.py:914} INFO - Processing file /home/shamim/airflow_venv/lib/python3.12/site-packages/airflow/example_dags/example_branch_operator.py for tasks to queue
[2025-03-06T22:46:13.853+0600] {logging_mixin.py:190} INFO - [2025-03-06T22:46:13.853+0600] {dagbag.py:588} INFO - Filling up the DagBag from /home/shamim/airflow_venv/lib/python3.12/site-packages/airflow/example_dags/example_branch_operator.py
[2025-03-06T22:46:13.857+0600] {processor.py:927} WARNING - No viable dags retrieved from /home/shamim/airflow_venv/lib/python3.12/site-packages/airflow/example_dags/example_branch_operator.py
[2025-03-06T22:46:13.871+0600] {processor.py:208} INFO - Processing /home/shamim/airflow_venv/lib/python3.12/site-packages/airflow/example_dags/example_branch_operator.py took 0.032 seconds
[2025-03-06T22:47:19.747+0600] {processor.py:186} INFO - Started process (PID=22202) to work on /home/shamim/airflow_venv/lib/python3.12/site-packages/airflow/example_dags/example_branch_operator.py
[2025-03-06T22:47:19.753+0600] {processor.py:914} INFO - Processing file /home/shamim/airflow_venv/lib/python3.12/site-packages/airflow/example_dags/example_branch_operator.py for tasks to queue
[2025-03-06T22:47:19.755+0600] {logging_mixin.py:190} INFO - [2025-03-06T22:47:19.755+0600] {dagbag.py:588} INFO - Filling up the DagBag from /home/shamim/airflow_venv/lib/python3.12/site-packages/airflow/example_dags/example_branch_operator.py
[2025-03-06T22:47:19.759+0600] {processor.py:927} WARNING - No viable dags retrieved from /home/shamim/airflow_venv/lib/python3.12/site-packages/airflow/example_dags/example_branch_operator.py
[2025-03-06T22:47:19.774+0600] {processor.py:208} INFO - Processing /home/shamim/airflow_venv/lib/python3.12/site-packages/airflow/example_dags/example_branch_operator.py took 0.036 seconds
[2025-03-06T22:48:27.056+0600] {processor.py:186} INFO - Started process (PID=22355) to work on /home/shamim/airflow_venv/lib/python3.12/site-packages/airflow/example_dags/example_branch_operator.py
[2025-03-06T22:48:27.062+0600] {processor.py:914} INFO - Processing file /home/shamim/airflow_venv/lib/python3.12/site-packages/airflow/example_dags/example_branch_operator.py for tasks to queue
[2025-03-06T22:48:27.064+0600] {logging_mixin.py:190} INFO - [2025-03-06T22:48:27.063+0600] {dagbag.py:588} INFO - Filling up the DagBag from /home/shamim/airflow_venv/lib/python3.12/site-packages/airflow/example_dags/example_branch_operator.py
[2025-03-06T22:48:27.068+0600] {processor.py:927} WARNING - No viable dags retrieved from /home/shamim/airflow_venv/lib/python3.12/site-packages/airflow/example_dags/example_branch_operator.py
[2025-03-06T22:48:27.080+0600] {processor.py:208} INFO - Processing /home/shamim/airflow_venv/lib/python3.12/site-packages/airflow/example_dags/example_branch_operator.py took 0.032 seconds
[2025-03-06T22:49:37.222+0600] {processor.py:186} INFO - Started process (PID=22484) to work on /home/shamim/airflow_venv/lib/python3.12/site-packages/airflow/example_dags/example_branch_operator.py
[2025-03-06T22:49:37.225+0600] {processor.py:914} INFO - Processing file /home/shamim/airflow_venv/lib/python3.12/site-packages/airflow/example_dags/example_branch_operator.py for tasks to queue
[2025-03-06T22:49:37.230+0600] {logging_mixin.py:190} INFO - [2025-03-06T22:49:37.228+0600] {dagbag.py:588} INFO - Filling up the DagBag from /home/shamim/airflow_venv/lib/python3.12/site-packages/airflow/example_dags/example_branch_operator.py
[2025-03-06T22:49:37.237+0600] {processor.py:927} WARNING - No viable dags retrieved from /home/shamim/airflow_venv/lib/python3.12/site-packages/airflow/example_dags/example_branch_operator.py
[2025-03-06T22:49:37.257+0600] {processor.py:208} INFO - Processing /home/shamim/airflow_venv/lib/python3.12/site-packages/airflow/example_dags/example_branch_operator.py took 0.060 seconds
[2025-03-06T22:50:40.332+0600] {processor.py:186} INFO - Started process (PID=22555) to work on /home/shamim/airflow_venv/lib/python3.12/site-packages/airflow/example_dags/example_branch_operator.py
[2025-03-06T22:50:40.338+0600] {processor.py:914} INFO - Processing file /home/shamim/airflow_venv/lib/python3.12/site-packages/airflow/example_dags/example_branch_operator.py for tasks to queue
[2025-03-06T22:50:40.339+0600] {logging_mixin.py:190} INFO - [2025-03-06T22:50:40.339+0600] {dagbag.py:588} INFO - Filling up the DagBag from /home/shamim/airflow_venv/lib/python3.12/site-packages/airflow/example_dags/example_branch_operator.py
[2025-03-06T22:50:40.343+0600] {processor.py:927} WARNING - No viable dags retrieved from /home/shamim/airflow_venv/lib/python3.12/site-packages/airflow/example_dags/example_branch_operator.py
[2025-03-06T22:50:40.355+0600] {processor.py:208} INFO - Processing /home/shamim/airflow_venv/lib/python3.12/site-packages/airflow/example_dags/example_branch_operator.py took 0.031 seconds
[2025-03-06T22:51:42.020+0600] {processor.py:186} INFO - Started process (PID=23038) to work on /home/shamim/airflow_venv/lib/python3.12/site-packages/airflow/example_dags/example_branch_operator.py
[2025-03-06T22:51:42.023+0600] {processor.py:914} INFO - Processing file /home/shamim/airflow_venv/lib/python3.12/site-packages/airflow/example_dags/example_branch_operator.py for tasks to queue
[2025-03-06T22:51:42.025+0600] {logging_mixin.py:190} INFO - [2025-03-06T22:51:42.025+0600] {dagbag.py:588} INFO - Filling up the DagBag from /home/shamim/airflow_venv/lib/python3.12/site-packages/airflow/example_dags/example_branch_operator.py
[2025-03-06T22:51:42.030+0600] {processor.py:927} WARNING - No viable dags retrieved from /home/shamim/airflow_venv/lib/python3.12/site-packages/airflow/example_dags/example_branch_operator.py
[2025-03-06T22:51:42.043+0600] {processor.py:208} INFO - Processing /home/shamim/airflow_venv/lib/python3.12/site-packages/airflow/example_dags/example_branch_operator.py took 0.031 seconds
[2025-03-06T22:52:50.558+0600] {processor.py:186} INFO - Started process (PID=23144) to work on /home/shamim/airflow_venv/lib/python3.12/site-packages/airflow/example_dags/example_branch_operator.py
[2025-03-06T22:52:50.565+0600] {processor.py:914} INFO - Processing file /home/shamim/airflow_venv/lib/python3.12/site-packages/airflow/example_dags/example_branch_operator.py for tasks to queue
[2025-03-06T22:52:50.567+0600] {logging_mixin.py:190} INFO - [2025-03-06T22:52:50.566+0600] {dagbag.py:588} INFO - Filling up the DagBag from /home/shamim/airflow_venv/lib/python3.12/site-packages/airflow/example_dags/example_branch_operator.py
[2025-03-06T22:52:50.571+0600] {processor.py:927} WARNING - No viable dags retrieved from /home/shamim/airflow_venv/lib/python3.12/site-packages/airflow/example_dags/example_branch_operator.py
[2025-03-06T22:52:50.586+0600] {processor.py:208} INFO - Processing /home/shamim/airflow_venv/lib/python3.12/site-packages/airflow/example_dags/example_branch_operator.py took 0.039 seconds
[2025-03-06T22:54:01.877+0600] {processor.py:186} INFO - Started process (PID=23322) to work on /home/shamim/airflow_venv/lib/python3.12/site-packages/airflow/example_dags/example_branch_operator.py
[2025-03-06T22:54:02.757+0600] {processor.py:914} INFO - Processing file /home/shamim/airflow_venv/lib/python3.12/site-packages/airflow/example_dags/example_branch_operator.py for tasks to queue
[2025-03-06T22:54:02.762+0600] {logging_mixin.py:190} INFO - [2025-03-06T22:54:02.761+0600] {dagbag.py:588} INFO - Filling up the DagBag from /home/shamim/airflow_venv/lib/python3.12/site-packages/airflow/example_dags/example_branch_operator.py
[2025-03-06T22:54:02.772+0600] {processor.py:927} WARNING - No viable dags retrieved from /home/shamim/airflow_venv/lib/python3.12/site-packages/airflow/example_dags/example_branch_operator.py
[2025-03-06T22:54:02.805+0600] {processor.py:208} INFO - Processing /home/shamim/airflow_venv/lib/python3.12/site-packages/airflow/example_dags/example_branch_operator.py took 0.941 seconds
[2025-03-06T22:55:11.954+0600] {processor.py:186} INFO - Started process (PID=23817) to work on /home/shamim/airflow_venv/lib/python3.12/site-packages/airflow/example_dags/example_branch_operator.py
[2025-03-06T22:55:11.961+0600] {processor.py:914} INFO - Processing file /home/shamim/airflow_venv/lib/python3.12/site-packages/airflow/example_dags/example_branch_operator.py for tasks to queue
[2025-03-06T22:55:11.964+0600] {logging_mixin.py:190} INFO - [2025-03-06T22:55:11.963+0600] {dagbag.py:588} INFO - Filling up the DagBag from /home/shamim/airflow_venv/lib/python3.12/site-packages/airflow/example_dags/example_branch_operator.py
[2025-03-06T22:55:11.969+0600] {processor.py:927} WARNING - No viable dags retrieved from /home/shamim/airflow_venv/lib/python3.12/site-packages/airflow/example_dags/example_branch_operator.py
[2025-03-06T22:55:11.989+0600] {processor.py:208} INFO - Processing /home/shamim/airflow_venv/lib/python3.12/site-packages/airflow/example_dags/example_branch_operator.py took 0.047 seconds
[2025-03-06T22:56:24.147+0600] {processor.py:186} INFO - Started process (PID=23954) to work on /home/shamim/airflow_venv/lib/python3.12/site-packages/airflow/example_dags/example_branch_operator.py
[2025-03-06T22:56:24.153+0600] {processor.py:914} INFO - Processing file /home/shamim/airflow_venv/lib/python3.12/site-packages/airflow/example_dags/example_branch_operator.py for tasks to queue
[2025-03-06T22:56:24.155+0600] {logging_mixin.py:190} INFO - [2025-03-06T22:56:24.155+0600] {dagbag.py:588} INFO - Filling up the DagBag from /home/shamim/airflow_venv/lib/python3.12/site-packages/airflow/example_dags/example_branch_operator.py
[2025-03-06T22:56:24.159+0600] {processor.py:927} WARNING - No viable dags retrieved from /home/shamim/airflow_venv/lib/python3.12/site-packages/airflow/example_dags/example_branch_operator.py
[2025-03-06T22:56:24.171+0600] {processor.py:208} INFO - Processing /home/shamim/airflow_venv/lib/python3.12/site-packages/airflow/example_dags/example_branch_operator.py took 0.032 seconds
[2025-03-06T22:57:32.966+0600] {processor.py:186} INFO - Started process (PID=24103) to work on /home/shamim/airflow_venv/lib/python3.12/site-packages/airflow/example_dags/example_branch_operator.py
[2025-03-06T22:57:32.980+0600] {processor.py:914} INFO - Processing file /home/shamim/airflow_venv/lib/python3.12/site-packages/airflow/example_dags/example_branch_operator.py for tasks to queue
[2025-03-06T22:57:32.982+0600] {logging_mixin.py:190} INFO - [2025-03-06T22:57:32.982+0600] {dagbag.py:588} INFO - Filling up the DagBag from /home/shamim/airflow_venv/lib/python3.12/site-packages/airflow/example_dags/example_branch_operator.py
[2025-03-06T22:57:32.986+0600] {processor.py:927} WARNING - No viable dags retrieved from /home/shamim/airflow_venv/lib/python3.12/site-packages/airflow/example_dags/example_branch_operator.py
[2025-03-06T22:57:33.000+0600] {processor.py:208} INFO - Processing /home/shamim/airflow_venv/lib/python3.12/site-packages/airflow/example_dags/example_branch_operator.py took 0.043 seconds
[2025-03-06T22:58:41.021+0600] {processor.py:186} INFO - Started process (PID=24217) to work on /home/shamim/airflow_venv/lib/python3.12/site-packages/airflow/example_dags/example_branch_operator.py
[2025-03-06T22:58:41.022+0600] {processor.py:914} INFO - Processing file /home/shamim/airflow_venv/lib/python3.12/site-packages/airflow/example_dags/example_branch_operator.py for tasks to queue
[2025-03-06T22:58:41.024+0600] {logging_mixin.py:190} INFO - [2025-03-06T22:58:41.023+0600] {dagbag.py:588} INFO - Filling up the DagBag from /home/shamim/airflow_venv/lib/python3.12/site-packages/airflow/example_dags/example_branch_operator.py
[2025-03-06T22:58:41.027+0600] {processor.py:927} WARNING - No viable dags retrieved from /home/shamim/airflow_venv/lib/python3.12/site-packages/airflow/example_dags/example_branch_operator.py
[2025-03-06T22:58:41.039+0600] {processor.py:208} INFO - Processing /home/shamim/airflow_venv/lib/python3.12/site-packages/airflow/example_dags/example_branch_operator.py took 0.025 seconds
[2025-03-06T22:59:46.414+0600] {processor.py:186} INFO - Started process (PID=24693) to work on /home/shamim/airflow_venv/lib/python3.12/site-packages/airflow/example_dags/example_branch_operator.py
[2025-03-06T22:59:46.420+0600] {processor.py:914} INFO - Processing file /home/shamim/airflow_venv/lib/python3.12/site-packages/airflow/example_dags/example_branch_operator.py for tasks to queue
[2025-03-06T22:59:46.422+0600] {logging_mixin.py:190} INFO - [2025-03-06T22:59:46.422+0600] {dagbag.py:588} INFO - Filling up the DagBag from /home/shamim/airflow_venv/lib/python3.12/site-packages/airflow/example_dags/example_branch_operator.py
[2025-03-06T22:59:46.426+0600] {processor.py:927} WARNING - No viable dags retrieved from /home/shamim/airflow_venv/lib/python3.12/site-packages/airflow/example_dags/example_branch_operator.py
[2025-03-06T22:59:46.438+0600] {processor.py:208} INFO - Processing /home/shamim/airflow_venv/lib/python3.12/site-packages/airflow/example_dags/example_branch_operator.py took 0.031 seconds
[2025-03-06T23:00:47.553+0600] {processor.py:186} INFO - Started process (PID=24761) to work on /home/shamim/airflow_venv/lib/python3.12/site-packages/airflow/example_dags/example_branch_operator.py
[2025-03-06T23:00:47.558+0600] {processor.py:914} INFO - Processing file /home/shamim/airflow_venv/lib/python3.12/site-packages/airflow/example_dags/example_branch_operator.py for tasks to queue
[2025-03-06T23:00:47.559+0600] {logging_mixin.py:190} INFO - [2025-03-06T23:00:47.559+0600] {dagbag.py:588} INFO - Filling up the DagBag from /home/shamim/airflow_venv/lib/python3.12/site-packages/airflow/example_dags/example_branch_operator.py
[2025-03-06T23:00:47.563+0600] {processor.py:927} WARNING - No viable dags retrieved from /home/shamim/airflow_venv/lib/python3.12/site-packages/airflow/example_dags/example_branch_operator.py
[2025-03-06T23:00:47.575+0600] {processor.py:208} INFO - Processing /home/shamim/airflow_venv/lib/python3.12/site-packages/airflow/example_dags/example_branch_operator.py took 0.029 seconds
[2025-03-06T23:01:53.926+0600] {processor.py:186} INFO - Started process (PID=24849) to work on /home/shamim/airflow_venv/lib/python3.12/site-packages/airflow/example_dags/example_branch_operator.py
[2025-03-06T23:01:53.933+0600] {processor.py:914} INFO - Processing file /home/shamim/airflow_venv/lib/python3.12/site-packages/airflow/example_dags/example_branch_operator.py for tasks to queue
[2025-03-06T23:01:53.935+0600] {logging_mixin.py:190} INFO - [2025-03-06T23:01:53.934+0600] {dagbag.py:588} INFO - Filling up the DagBag from /home/shamim/airflow_venv/lib/python3.12/site-packages/airflow/example_dags/example_branch_operator.py
[2025-03-06T23:01:53.939+0600] {processor.py:927} WARNING - No viable dags retrieved from /home/shamim/airflow_venv/lib/python3.12/site-packages/airflow/example_dags/example_branch_operator.py
[2025-03-06T23:01:53.952+0600] {processor.py:208} INFO - Processing /home/shamim/airflow_venv/lib/python3.12/site-packages/airflow/example_dags/example_branch_operator.py took 0.034 seconds
