[2025-03-06T22:03:00.464+0600] {processor.py:186} INFO - Started process (PID=14861) to work on /home/shamim/airflow_venv/lib/python3.12/site-packages/airflow/example_dags/example_branch_day_of_week_operator.py
[2025-03-06T22:03:00.465+0600] {processor.py:914} INFO - Processing file /home/shamim/airflow_venv/lib/python3.12/site-packages/airflow/example_dags/example_branch_day_of_week_operator.py for tasks to queue
[2025-03-06T22:03:00.468+0600] {logging_mixin.py:190} INFO - [2025-03-06T22:03:00.467+0600] {dagbag.py:588} INFO - Filling up the DagBag from /home/shamim/airflow_venv/lib/python3.12/site-packages/airflow/example_dags/example_branch_day_of_week_operator.py
[2025-03-06T22:03:00.481+0600] {processor.py:925} INFO - DAG(s) 'example_weekday_branch_operator' retrieved from /home/shamim/airflow_venv/lib/python3.12/site-packages/airflow/example_dags/example_branch_day_of_week_operator.py
[2025-03-06T22:03:00.625+0600] {logging_mixin.py:190} INFO - [2025-03-06T22:03:00.625+0600] {override.py:1930} INFO - Created Permission View: can delete on DAG:example_weekday_branch_operator
[2025-03-06T22:03:00.637+0600] {logging_mixin.py:190} INFO - [2025-03-06T22:03:00.636+0600] {override.py:1930} INFO - Created Permission View: can read on DAG:example_weekday_branch_operator
[2025-03-06T22:03:00.646+0600] {logging_mixin.py:190} INFO - [2025-03-06T22:03:00.646+0600] {override.py:1930} INFO - Created Permission View: can edit on DAG:example_weekday_branch_operator
[2025-03-06T22:03:00.658+0600] {logging_mixin.py:190} INFO - [2025-03-06T22:03:00.658+0600] {override.py:1930} INFO - Created Permission View: can create on DAG Run:example_weekday_branch_operator
[2025-03-06T22:03:00.673+0600] {logging_mixin.py:190} INFO - [2025-03-06T22:03:00.673+0600] {override.py:1930} INFO - Created Permission View: can delete on DAG Run:example_weekday_branch_operator
[2025-03-06T22:03:00.685+0600] {logging_mixin.py:190} INFO - [2025-03-06T22:03:00.684+0600] {override.py:1930} INFO - Created Permission View: can read on DAG Run:example_weekday_branch_operator
[2025-03-06T22:03:00.693+0600] {logging_mixin.py:190} INFO - [2025-03-06T22:03:00.693+0600] {override.py:1930} INFO - Created Permission View: menu access on DAG Run:example_weekday_branch_operator
[2025-03-06T22:03:00.694+0600] {logging_mixin.py:190} INFO - [2025-03-06T22:03:00.693+0600] {dag.py:3239} INFO - Sync 1 DAGs
[2025-03-06T22:03:00.709+0600] {logging_mixin.py:190} INFO - [2025-03-06T22:03:00.709+0600] {dag.py:3262} INFO - Creating ORM DAG for example_weekday_branch_operator
[2025-03-06T22:03:00.725+0600] {logging_mixin.py:190} INFO - [2025-03-06T22:03:00.724+0600] {dag.py:4180} INFO - Setting next_dagrun for example_weekday_branch_operator to 2025-03-05 00:00:00+00:00, run_after=2025-03-06 00:00:00+00:00
[2025-03-06T22:03:00.747+0600] {processor.py:208} INFO - Processing /home/shamim/airflow_venv/lib/python3.12/site-packages/airflow/example_dags/example_branch_day_of_week_operator.py took 0.290 seconds
[2025-03-06T22:04:12.064+0600] {processor.py:186} INFO - Started process (PID=14964) to work on /home/shamim/airflow_venv/lib/python3.12/site-packages/airflow/example_dags/example_branch_day_of_week_operator.py
[2025-03-06T22:04:12.070+0600] {processor.py:914} INFO - Processing file /home/shamim/airflow_venv/lib/python3.12/site-packages/airflow/example_dags/example_branch_day_of_week_operator.py for tasks to queue
[2025-03-06T22:04:12.073+0600] {logging_mixin.py:190} INFO - [2025-03-06T22:04:12.072+0600] {dagbag.py:588} INFO - Filling up the DagBag from /home/shamim/airflow_venv/lib/python3.12/site-packages/airflow/example_dags/example_branch_day_of_week_operator.py
[2025-03-06T22:04:12.086+0600] {processor.py:925} INFO - DAG(s) 'example_weekday_branch_operator' retrieved from /home/shamim/airflow_venv/lib/python3.12/site-packages/airflow/example_dags/example_branch_day_of_week_operator.py
[2025-03-06T22:04:12.106+0600] {logging_mixin.py:190} INFO - [2025-03-06T22:04:12.105+0600] {dag.py:3239} INFO - Sync 1 DAGs
[2025-03-06T22:04:12.130+0600] {logging_mixin.py:190} INFO - [2025-03-06T22:04:12.129+0600] {dag.py:4180} INFO - Setting next_dagrun for example_weekday_branch_operator to 2025-03-05 00:00:00+00:00, run_after=2025-03-06 00:00:00+00:00
[2025-03-06T22:04:12.164+0600] {processor.py:208} INFO - Processing /home/shamim/airflow_venv/lib/python3.12/site-packages/airflow/example_dags/example_branch_day_of_week_operator.py took 0.108 seconds
[2025-03-06T22:05:19.591+0600] {processor.py:186} INFO - Started process (PID=15072) to work on /home/shamim/airflow_venv/lib/python3.12/site-packages/airflow/example_dags/example_branch_day_of_week_operator.py
[2025-03-06T22:05:19.597+0600] {processor.py:914} INFO - Processing file /home/shamim/airflow_venv/lib/python3.12/site-packages/airflow/example_dags/example_branch_day_of_week_operator.py for tasks to queue
[2025-03-06T22:05:19.600+0600] {logging_mixin.py:190} INFO - [2025-03-06T22:05:19.600+0600] {dagbag.py:588} INFO - Filling up the DagBag from /home/shamim/airflow_venv/lib/python3.12/site-packages/airflow/example_dags/example_branch_day_of_week_operator.py
[2025-03-06T22:05:19.618+0600] {processor.py:925} INFO - DAG(s) 'example_weekday_branch_operator' retrieved from /home/shamim/airflow_venv/lib/python3.12/site-packages/airflow/example_dags/example_branch_day_of_week_operator.py
[2025-03-06T22:05:19.640+0600] {logging_mixin.py:190} INFO - [2025-03-06T22:05:19.640+0600] {dag.py:3239} INFO - Sync 1 DAGs
[2025-03-06T22:05:19.670+0600] {logging_mixin.py:190} INFO - [2025-03-06T22:05:19.669+0600] {dag.py:4180} INFO - Setting next_dagrun for example_weekday_branch_operator to 2025-03-05 00:00:00+00:00, run_after=2025-03-06 00:00:00+00:00
[2025-03-06T22:05:19.713+0600] {processor.py:208} INFO - Processing /home/shamim/airflow_venv/lib/python3.12/site-packages/airflow/example_dags/example_branch_day_of_week_operator.py took 0.131 seconds
[2025-03-06T22:06:25.388+0600] {processor.py:186} INFO - Started process (PID=15154) to work on /home/shamim/airflow_venv/lib/python3.12/site-packages/airflow/example_dags/example_branch_day_of_week_operator.py
[2025-03-06T22:06:25.394+0600] {processor.py:914} INFO - Processing file /home/shamim/airflow_venv/lib/python3.12/site-packages/airflow/example_dags/example_branch_day_of_week_operator.py for tasks to queue
[2025-03-06T22:06:25.397+0600] {logging_mixin.py:190} INFO - [2025-03-06T22:06:25.396+0600] {dagbag.py:588} INFO - Filling up the DagBag from /home/shamim/airflow_venv/lib/python3.12/site-packages/airflow/example_dags/example_branch_day_of_week_operator.py
[2025-03-06T22:06:25.409+0600] {processor.py:925} INFO - DAG(s) 'example_weekday_branch_operator' retrieved from /home/shamim/airflow_venv/lib/python3.12/site-packages/airflow/example_dags/example_branch_day_of_week_operator.py
[2025-03-06T22:06:25.428+0600] {logging_mixin.py:190} INFO - [2025-03-06T22:06:25.428+0600] {dag.py:3239} INFO - Sync 1 DAGs
[2025-03-06T22:06:25.453+0600] {logging_mixin.py:190} INFO - [2025-03-06T22:06:25.452+0600] {dag.py:4180} INFO - Setting next_dagrun for example_weekday_branch_operator to 2025-03-05 00:00:00+00:00, run_after=2025-03-06 00:00:00+00:00
[2025-03-06T22:06:25.488+0600] {processor.py:208} INFO - Processing /home/shamim/airflow_venv/lib/python3.12/site-packages/airflow/example_dags/example_branch_day_of_week_operator.py took 0.106 seconds
[2025-03-06T22:07:31.379+0600] {processor.py:186} INFO - Started process (PID=15472) to work on /home/shamim/airflow_venv/lib/python3.12/site-packages/airflow/example_dags/example_branch_day_of_week_operator.py
[2025-03-06T22:07:31.385+0600] {processor.py:914} INFO - Processing file /home/shamim/airflow_venv/lib/python3.12/site-packages/airflow/example_dags/example_branch_day_of_week_operator.py for tasks to queue
[2025-03-06T22:07:31.389+0600] {logging_mixin.py:190} INFO - [2025-03-06T22:07:31.388+0600] {dagbag.py:588} INFO - Filling up the DagBag from /home/shamim/airflow_venv/lib/python3.12/site-packages/airflow/example_dags/example_branch_day_of_week_operator.py
[2025-03-06T22:07:31.407+0600] {processor.py:925} INFO - DAG(s) 'example_weekday_branch_operator' retrieved from /home/shamim/airflow_venv/lib/python3.12/site-packages/airflow/example_dags/example_branch_day_of_week_operator.py
[2025-03-06T22:07:31.428+0600] {logging_mixin.py:190} INFO - [2025-03-06T22:07:31.428+0600] {dag.py:3239} INFO - Sync 1 DAGs
[2025-03-06T22:07:31.455+0600] {logging_mixin.py:190} INFO - [2025-03-06T22:07:31.455+0600] {dag.py:4180} INFO - Setting next_dagrun for example_weekday_branch_operator to 2025-03-05 00:00:00+00:00, run_after=2025-03-06 00:00:00+00:00
[2025-03-06T22:07:31.496+0600] {processor.py:208} INFO - Processing /home/shamim/airflow_venv/lib/python3.12/site-packages/airflow/example_dags/example_branch_day_of_week_operator.py took 0.126 seconds
[2025-03-06T22:08:42.408+0600] {processor.py:186} INFO - Started process (PID=15854) to work on /home/shamim/airflow_venv/lib/python3.12/site-packages/airflow/example_dags/example_branch_day_of_week_operator.py
[2025-03-06T22:08:42.415+0600] {processor.py:914} INFO - Processing file /home/shamim/airflow_venv/lib/python3.12/site-packages/airflow/example_dags/example_branch_day_of_week_operator.py for tasks to queue
[2025-03-06T22:08:42.418+0600] {logging_mixin.py:190} INFO - [2025-03-06T22:08:42.417+0600] {dagbag.py:588} INFO - Filling up the DagBag from /home/shamim/airflow_venv/lib/python3.12/site-packages/airflow/example_dags/example_branch_day_of_week_operator.py
[2025-03-06T22:08:42.434+0600] {processor.py:925} INFO - DAG(s) 'example_weekday_branch_operator' retrieved from /home/shamim/airflow_venv/lib/python3.12/site-packages/airflow/example_dags/example_branch_day_of_week_operator.py
[2025-03-06T22:08:42.452+0600] {logging_mixin.py:190} INFO - [2025-03-06T22:08:42.452+0600] {dag.py:3239} INFO - Sync 1 DAGs
[2025-03-06T22:08:42.477+0600] {logging_mixin.py:190} INFO - [2025-03-06T22:08:42.476+0600] {dag.py:4180} INFO - Setting next_dagrun for example_weekday_branch_operator to 2025-03-05 00:00:00+00:00, run_after=2025-03-06 00:00:00+00:00
[2025-03-06T22:08:42.514+0600] {processor.py:208} INFO - Processing /home/shamim/airflow_venv/lib/python3.12/site-packages/airflow/example_dags/example_branch_day_of_week_operator.py took 0.114 seconds
[2025-03-06T22:09:57.610+0600] {processor.py:186} INFO - Started process (PID=16040) to work on /home/shamim/airflow_venv/lib/python3.12/site-packages/airflow/example_dags/example_branch_day_of_week_operator.py
[2025-03-06T22:09:57.624+0600] {processor.py:914} INFO - Processing file /home/shamim/airflow_venv/lib/python3.12/site-packages/airflow/example_dags/example_branch_day_of_week_operator.py for tasks to queue
[2025-03-06T22:09:57.628+0600] {logging_mixin.py:190} INFO - [2025-03-06T22:09:57.627+0600] {dagbag.py:588} INFO - Filling up the DagBag from /home/shamim/airflow_venv/lib/python3.12/site-packages/airflow/example_dags/example_branch_day_of_week_operator.py
[2025-03-06T22:09:57.647+0600] {processor.py:925} INFO - DAG(s) 'example_weekday_branch_operator' retrieved from /home/shamim/airflow_venv/lib/python3.12/site-packages/airflow/example_dags/example_branch_day_of_week_operator.py
[2025-03-06T22:09:57.678+0600] {logging_mixin.py:190} INFO - [2025-03-06T22:09:57.677+0600] {dag.py:3239} INFO - Sync 1 DAGs
[2025-03-06T22:09:57.726+0600] {logging_mixin.py:190} INFO - [2025-03-06T22:09:57.725+0600] {dag.py:4180} INFO - Setting next_dagrun for example_weekday_branch_operator to 2025-03-05 00:00:00+00:00, run_after=2025-03-06 00:00:00+00:00
[2025-03-06T22:09:57.777+0600] {processor.py:208} INFO - Processing /home/shamim/airflow_venv/lib/python3.12/site-packages/airflow/example_dags/example_branch_day_of_week_operator.py took 0.177 seconds
[2025-03-06T22:11:13.258+0600] {processor.py:186} INFO - Started process (PID=16208) to work on /home/shamim/airflow_venv/lib/python3.12/site-packages/airflow/example_dags/example_branch_day_of_week_operator.py
[2025-03-06T22:11:13.265+0600] {processor.py:914} INFO - Processing file /home/shamim/airflow_venv/lib/python3.12/site-packages/airflow/example_dags/example_branch_day_of_week_operator.py for tasks to queue
[2025-03-06T22:11:13.267+0600] {logging_mixin.py:190} INFO - [2025-03-06T22:11:13.267+0600] {dagbag.py:588} INFO - Filling up the DagBag from /home/shamim/airflow_venv/lib/python3.12/site-packages/airflow/example_dags/example_branch_day_of_week_operator.py
[2025-03-06T22:11:13.280+0600] {processor.py:925} INFO - DAG(s) 'example_weekday_branch_operator' retrieved from /home/shamim/airflow_venv/lib/python3.12/site-packages/airflow/example_dags/example_branch_day_of_week_operator.py
[2025-03-06T22:11:13.301+0600] {logging_mixin.py:190} INFO - [2025-03-06T22:11:13.301+0600] {dag.py:3239} INFO - Sync 1 DAGs
[2025-03-06T22:11:13.327+0600] {logging_mixin.py:190} INFO - [2025-03-06T22:11:13.326+0600] {dag.py:4180} INFO - Setting next_dagrun for example_weekday_branch_operator to 2025-03-05 00:00:00+00:00, run_after=2025-03-06 00:00:00+00:00
[2025-03-06T22:11:13.351+0600] {processor.py:208} INFO - Processing /home/shamim/airflow_venv/lib/python3.12/site-packages/airflow/example_dags/example_branch_day_of_week_operator.py took 0.100 seconds
[2025-03-06T22:12:21.699+0600] {processor.py:186} INFO - Started process (PID=16379) to work on /home/shamim/airflow_venv/lib/python3.12/site-packages/airflow/example_dags/example_branch_day_of_week_operator.py
[2025-03-06T22:12:21.707+0600] {processor.py:914} INFO - Processing file /home/shamim/airflow_venv/lib/python3.12/site-packages/airflow/example_dags/example_branch_day_of_week_operator.py for tasks to queue
[2025-03-06T22:12:21.713+0600] {logging_mixin.py:190} INFO - [2025-03-06T22:12:21.712+0600] {dagbag.py:588} INFO - Filling up the DagBag from /home/shamim/airflow_venv/lib/python3.12/site-packages/airflow/example_dags/example_branch_day_of_week_operator.py
[2025-03-06T22:12:21.733+0600] {processor.py:925} INFO - DAG(s) 'example_weekday_branch_operator' retrieved from /home/shamim/airflow_venv/lib/python3.12/site-packages/airflow/example_dags/example_branch_day_of_week_operator.py
[2025-03-06T22:12:21.753+0600] {logging_mixin.py:190} INFO - [2025-03-06T22:12:21.752+0600] {dag.py:3239} INFO - Sync 1 DAGs
[2025-03-06T22:12:21.779+0600] {logging_mixin.py:190} INFO - [2025-03-06T22:12:21.778+0600] {dag.py:4180} INFO - Setting next_dagrun for example_weekday_branch_operator to 2025-03-05 00:00:00+00:00, run_after=2025-03-06 00:00:00+00:00
[2025-03-06T22:12:21.806+0600] {processor.py:208} INFO - Processing /home/shamim/airflow_venv/lib/python3.12/site-packages/airflow/example_dags/example_branch_day_of_week_operator.py took 0.124 seconds
[2025-03-06T22:13:24.318+0600] {processor.py:186} INFO - Started process (PID=16686) to work on /home/shamim/airflow_venv/lib/python3.12/site-packages/airflow/example_dags/example_branch_day_of_week_operator.py
[2025-03-06T22:13:24.321+0600] {processor.py:914} INFO - Processing file /home/shamim/airflow_venv/lib/python3.12/site-packages/airflow/example_dags/example_branch_day_of_week_operator.py for tasks to queue
[2025-03-06T22:13:24.324+0600] {logging_mixin.py:190} INFO - [2025-03-06T22:13:24.324+0600] {dagbag.py:588} INFO - Filling up the DagBag from /home/shamim/airflow_venv/lib/python3.12/site-packages/airflow/example_dags/example_branch_day_of_week_operator.py
[2025-03-06T22:13:24.337+0600] {processor.py:925} INFO - DAG(s) 'example_weekday_branch_operator' retrieved from /home/shamim/airflow_venv/lib/python3.12/site-packages/airflow/example_dags/example_branch_day_of_week_operator.py
[2025-03-06T22:13:24.357+0600] {logging_mixin.py:190} INFO - [2025-03-06T22:13:24.356+0600] {dag.py:3239} INFO - Sync 1 DAGs
[2025-03-06T22:13:24.383+0600] {logging_mixin.py:190} INFO - [2025-03-06T22:13:24.383+0600] {dag.py:4180} INFO - Setting next_dagrun for example_weekday_branch_operator to 2025-03-05 00:00:00+00:00, run_after=2025-03-06 00:00:00+00:00
[2025-03-06T22:13:24.409+0600] {processor.py:208} INFO - Processing /home/shamim/airflow_venv/lib/python3.12/site-packages/airflow/example_dags/example_branch_day_of_week_operator.py took 0.097 seconds
[2025-03-06T22:14:28.538+0600] {processor.py:186} INFO - Started process (PID=16864) to work on /home/shamim/airflow_venv/lib/python3.12/site-packages/airflow/example_dags/example_branch_day_of_week_operator.py
[2025-03-06T22:14:28.544+0600] {processor.py:914} INFO - Processing file /home/shamim/airflow_venv/lib/python3.12/site-packages/airflow/example_dags/example_branch_day_of_week_operator.py for tasks to queue
[2025-03-06T22:14:28.547+0600] {logging_mixin.py:190} INFO - [2025-03-06T22:14:28.546+0600] {dagbag.py:588} INFO - Filling up the DagBag from /home/shamim/airflow_venv/lib/python3.12/site-packages/airflow/example_dags/example_branch_day_of_week_operator.py
[2025-03-06T22:14:28.566+0600] {processor.py:925} INFO - DAG(s) 'example_weekday_branch_operator' retrieved from /home/shamim/airflow_venv/lib/python3.12/site-packages/airflow/example_dags/example_branch_day_of_week_operator.py
[2025-03-06T22:14:28.596+0600] {logging_mixin.py:190} INFO - [2025-03-06T22:14:28.596+0600] {dag.py:3239} INFO - Sync 1 DAGs
[2025-03-06T22:14:28.635+0600] {logging_mixin.py:190} INFO - [2025-03-06T22:14:28.635+0600] {dag.py:4180} INFO - Setting next_dagrun for example_weekday_branch_operator to 2025-03-05 00:00:00+00:00, run_after=2025-03-06 00:00:00+00:00
[2025-03-06T22:14:28.667+0600] {processor.py:208} INFO - Processing /home/shamim/airflow_venv/lib/python3.12/site-packages/airflow/example_dags/example_branch_day_of_week_operator.py took 0.139 seconds
[2025-03-06T22:15:28.784+0600] {processor.py:186} INFO - Started process (PID=17036) to work on /home/shamim/airflow_venv/lib/python3.12/site-packages/airflow/example_dags/example_branch_day_of_week_operator.py
[2025-03-06T22:15:28.791+0600] {processor.py:914} INFO - Processing file /home/shamim/airflow_venv/lib/python3.12/site-packages/airflow/example_dags/example_branch_day_of_week_operator.py for tasks to queue
[2025-03-06T22:15:28.795+0600] {logging_mixin.py:190} INFO - [2025-03-06T22:15:28.794+0600] {dagbag.py:588} INFO - Filling up the DagBag from /home/shamim/airflow_venv/lib/python3.12/site-packages/airflow/example_dags/example_branch_day_of_week_operator.py
[2025-03-06T22:15:28.812+0600] {processor.py:925} INFO - DAG(s) 'example_weekday_branch_operator' retrieved from /home/shamim/airflow_venv/lib/python3.12/site-packages/airflow/example_dags/example_branch_day_of_week_operator.py
[2025-03-06T22:15:28.838+0600] {logging_mixin.py:190} INFO - [2025-03-06T22:15:28.838+0600] {dag.py:3239} INFO - Sync 1 DAGs
[2025-03-06T22:15:28.877+0600] {logging_mixin.py:190} INFO - [2025-03-06T22:15:28.877+0600] {dag.py:4180} INFO - Setting next_dagrun for example_weekday_branch_operator to 2025-03-05 00:00:00+00:00, run_after=2025-03-06 00:00:00+00:00
[2025-03-06T22:15:28.920+0600] {processor.py:208} INFO - Processing /home/shamim/airflow_venv/lib/python3.12/site-packages/airflow/example_dags/example_branch_day_of_week_operator.py took 0.145 seconds
[2025-03-06T22:16:40.372+0600] {processor.py:186} INFO - Started process (PID=17136) to work on /home/shamim/airflow_venv/lib/python3.12/site-packages/airflow/example_dags/example_branch_day_of_week_operator.py
[2025-03-06T22:16:40.375+0600] {processor.py:914} INFO - Processing file /home/shamim/airflow_venv/lib/python3.12/site-packages/airflow/example_dags/example_branch_day_of_week_operator.py for tasks to queue
[2025-03-06T22:16:40.379+0600] {logging_mixin.py:190} INFO - [2025-03-06T22:16:40.378+0600] {dagbag.py:588} INFO - Filling up the DagBag from /home/shamim/airflow_venv/lib/python3.12/site-packages/airflow/example_dags/example_branch_day_of_week_operator.py
[2025-03-06T22:16:40.393+0600] {processor.py:925} INFO - DAG(s) 'example_weekday_branch_operator' retrieved from /home/shamim/airflow_venv/lib/python3.12/site-packages/airflow/example_dags/example_branch_day_of_week_operator.py
[2025-03-06T22:16:40.416+0600] {logging_mixin.py:190} INFO - [2025-03-06T22:16:40.415+0600] {dag.py:3239} INFO - Sync 1 DAGs
[2025-03-06T22:16:40.455+0600] {logging_mixin.py:190} INFO - [2025-03-06T22:16:40.454+0600] {dag.py:4180} INFO - Setting next_dagrun for example_weekday_branch_operator to 2025-03-05 00:00:00+00:00, run_after=2025-03-06 00:00:00+00:00
[2025-03-06T22:16:40.497+0600] {processor.py:208} INFO - Processing /home/shamim/airflow_venv/lib/python3.12/site-packages/airflow/example_dags/example_branch_day_of_week_operator.py took 0.133 seconds
[2025-03-06T22:17:48.109+0600] {processor.py:186} INFO - Started process (PID=17365) to work on /home/shamim/airflow_venv/lib/python3.12/site-packages/airflow/example_dags/example_branch_day_of_week_operator.py
[2025-03-06T22:17:48.115+0600] {processor.py:914} INFO - Processing file /home/shamim/airflow_venv/lib/python3.12/site-packages/airflow/example_dags/example_branch_day_of_week_operator.py for tasks to queue
[2025-03-06T22:17:48.117+0600] {logging_mixin.py:190} INFO - [2025-03-06T22:17:48.116+0600] {dagbag.py:588} INFO - Filling up the DagBag from /home/shamim/airflow_venv/lib/python3.12/site-packages/airflow/example_dags/example_branch_day_of_week_operator.py
[2025-03-06T22:17:48.131+0600] {processor.py:925} INFO - DAG(s) 'example_weekday_branch_operator' retrieved from /home/shamim/airflow_venv/lib/python3.12/site-packages/airflow/example_dags/example_branch_day_of_week_operator.py
[2025-03-06T22:17:48.152+0600] {logging_mixin.py:190} INFO - [2025-03-06T22:17:48.151+0600] {dag.py:3239} INFO - Sync 1 DAGs
[2025-03-06T22:17:48.187+0600] {logging_mixin.py:190} INFO - [2025-03-06T22:17:48.186+0600] {dag.py:4180} INFO - Setting next_dagrun for example_weekday_branch_operator to 2025-03-05 00:00:00+00:00, run_after=2025-03-06 00:00:00+00:00
[2025-03-06T22:17:48.223+0600] {processor.py:208} INFO - Processing /home/shamim/airflow_venv/lib/python3.12/site-packages/airflow/example_dags/example_branch_day_of_week_operator.py took 0.123 seconds
[2025-03-06T22:18:59.293+0600] {processor.py:186} INFO - Started process (PID=17528) to work on /home/shamim/airflow_venv/lib/python3.12/site-packages/airflow/example_dags/example_branch_day_of_week_operator.py
[2025-03-06T22:18:59.295+0600] {processor.py:914} INFO - Processing file /home/shamim/airflow_venv/lib/python3.12/site-packages/airflow/example_dags/example_branch_day_of_week_operator.py for tasks to queue
[2025-03-06T22:18:59.299+0600] {logging_mixin.py:190} INFO - [2025-03-06T22:18:59.297+0600] {dagbag.py:588} INFO - Filling up the DagBag from /home/shamim/airflow_venv/lib/python3.12/site-packages/airflow/example_dags/example_branch_day_of_week_operator.py
[2025-03-06T22:18:59.330+0600] {processor.py:925} INFO - DAG(s) 'example_weekday_branch_operator' retrieved from /home/shamim/airflow_venv/lib/python3.12/site-packages/airflow/example_dags/example_branch_day_of_week_operator.py
[2025-03-06T22:18:59.430+0600] {logging_mixin.py:190} INFO - [2025-03-06T22:18:59.430+0600] {dag.py:3239} INFO - Sync 1 DAGs
[2025-03-06T22:18:59.482+0600] {logging_mixin.py:190} INFO - [2025-03-06T22:18:59.482+0600] {dag.py:4180} INFO - Setting next_dagrun for example_weekday_branch_operator to 2025-03-05 00:00:00+00:00, run_after=2025-03-06 00:00:00+00:00
[2025-03-06T22:18:59.539+0600] {processor.py:208} INFO - Processing /home/shamim/airflow_venv/lib/python3.12/site-packages/airflow/example_dags/example_branch_day_of_week_operator.py took 0.258 seconds
[2025-03-06T22:20:07.984+0600] {processor.py:186} INFO - Started process (PID=17710) to work on /home/shamim/airflow_venv/lib/python3.12/site-packages/airflow/example_dags/example_branch_day_of_week_operator.py
[2025-03-06T22:20:08.161+0600] {processor.py:914} INFO - Processing file /home/shamim/airflow_venv/lib/python3.12/site-packages/airflow/example_dags/example_branch_day_of_week_operator.py for tasks to queue
[2025-03-06T22:20:08.162+0600] {logging_mixin.py:190} INFO - [2025-03-06T22:20:08.162+0600] {dagbag.py:588} INFO - Filling up the DagBag from /home/shamim/airflow_venv/lib/python3.12/site-packages/airflow/example_dags/example_branch_day_of_week_operator.py
[2025-03-06T22:20:08.176+0600] {processor.py:925} INFO - DAG(s) 'example_weekday_branch_operator' retrieved from /home/shamim/airflow_venv/lib/python3.12/site-packages/airflow/example_dags/example_branch_day_of_week_operator.py
[2025-03-06T22:20:08.196+0600] {logging_mixin.py:190} INFO - [2025-03-06T22:20:08.195+0600] {dag.py:3239} INFO - Sync 1 DAGs
[2025-03-06T22:20:08.222+0600] {logging_mixin.py:190} INFO - [2025-03-06T22:20:08.221+0600] {dag.py:4180} INFO - Setting next_dagrun for example_weekday_branch_operator to 2025-03-05 00:00:00+00:00, run_after=2025-03-06 00:00:00+00:00
[2025-03-06T22:20:08.245+0600] {processor.py:208} INFO - Processing /home/shamim/airflow_venv/lib/python3.12/site-packages/airflow/example_dags/example_branch_day_of_week_operator.py took 0.276 seconds
