[2025-03-06T22:02:19.834+0600] {processor.py:186} INFO - Started process (PID=14675) to work on /home/shamim/airflow_venv/lib/python3.12/site-packages/airflow/example_dags/example_python_operator.py
[2025-03-06T22:02:19.835+0600] {processor.py:914} INFO - Processing file /home/shamim/airflow_venv/lib/python3.12/site-packages/airflow/example_dags/example_python_operator.py for tasks to queue
[2025-03-06T22:02:19.837+0600] {logging_mixin.py:190} INFO - [2025-03-06T22:02:19.837+0600] {dagbag.py:588} INFO - Filling up the DagBag from /home/shamim/airflow_venv/lib/python3.12/site-packages/airflow/example_dags/example_python_operator.py
[2025-03-06T22:02:19.846+0600] {logging_mixin.py:190} INFO - [2025-03-06T22:02:19.846+0600] {example_python_operator.py:93} WARNING - The virtalenv_python example task requires virtualenv, please install it.
[2025-03-06T22:02:19.849+0600] {processor.py:925} INFO - DAG(s) 'example_python_operator' retrieved from /home/shamim/airflow_venv/lib/python3.12/site-packages/airflow/example_dags/example_python_operator.py
[2025-03-06T22:02:19.978+0600] {logging_mixin.py:190} INFO - [2025-03-06T22:02:19.977+0600] {override.py:1930} INFO - Created Permission View: can delete on DAG:example_python_operator
[2025-03-06T22:02:19.990+0600] {logging_mixin.py:190} INFO - [2025-03-06T22:02:19.989+0600] {override.py:1930} INFO - Created Permission View: can read on DAG:example_python_operator
[2025-03-06T22:02:19.998+0600] {logging_mixin.py:190} INFO - [2025-03-06T22:02:19.998+0600] {override.py:1930} INFO - Created Permission View: can edit on DAG:example_python_operator
[2025-03-06T22:02:20.008+0600] {logging_mixin.py:190} INFO - [2025-03-06T22:02:20.008+0600] {override.py:1930} INFO - Created Permission View: can create on DAG Run:example_python_operator
[2025-03-06T22:02:20.016+0600] {logging_mixin.py:190} INFO - [2025-03-06T22:02:20.015+0600] {override.py:1930} INFO - Created Permission View: can delete on DAG Run:example_python_operator
[2025-03-06T22:02:20.023+0600] {logging_mixin.py:190} INFO - [2025-03-06T22:02:20.023+0600] {override.py:1930} INFO - Created Permission View: can read on DAG Run:example_python_operator
[2025-03-06T22:02:20.031+0600] {logging_mixin.py:190} INFO - [2025-03-06T22:02:20.031+0600] {override.py:1930} INFO - Created Permission View: menu access on DAG Run:example_python_operator
[2025-03-06T22:02:20.031+0600] {logging_mixin.py:190} INFO - [2025-03-06T22:02:20.031+0600] {dag.py:3239} INFO - Sync 1 DAGs
[2025-03-06T22:02:20.047+0600] {logging_mixin.py:190} INFO - [2025-03-06T22:02:20.046+0600] {dag.py:3262} INFO - Creating ORM DAG for example_python_operator
[2025-03-06T22:02:20.047+0600] {logging_mixin.py:190} INFO - [2025-03-06T22:02:20.047+0600] {dag.py:4180} INFO - Setting next_dagrun for example_python_operator to None, run_after=None
[2025-03-06T22:02:20.068+0600] {processor.py:208} INFO - Processing /home/shamim/airflow_venv/lib/python3.12/site-packages/airflow/example_dags/example_python_operator.py took 0.241 seconds
[2025-03-06T22:03:29.490+0600] {processor.py:186} INFO - Started process (PID=14908) to work on /home/shamim/airflow_venv/lib/python3.12/site-packages/airflow/example_dags/example_python_operator.py
[2025-03-06T22:03:29.506+0600] {processor.py:914} INFO - Processing file /home/shamim/airflow_venv/lib/python3.12/site-packages/airflow/example_dags/example_python_operator.py for tasks to queue
[2025-03-06T22:03:29.508+0600] {logging_mixin.py:190} INFO - [2025-03-06T22:03:29.508+0600] {dagbag.py:588} INFO - Filling up the DagBag from /home/shamim/airflow_venv/lib/python3.12/site-packages/airflow/example_dags/example_python_operator.py
[2025-03-06T22:03:29.516+0600] {logging_mixin.py:190} INFO - [2025-03-06T22:03:29.516+0600] {example_python_operator.py:93} WARNING - The virtalenv_python example task requires virtualenv, please install it.
[2025-03-06T22:03:29.519+0600] {processor.py:925} INFO - DAG(s) 'example_python_operator' retrieved from /home/shamim/airflow_venv/lib/python3.12/site-packages/airflow/example_dags/example_python_operator.py
[2025-03-06T22:03:29.540+0600] {logging_mixin.py:190} INFO - [2025-03-06T22:03:29.540+0600] {dag.py:3239} INFO - Sync 1 DAGs
[2025-03-06T22:03:29.558+0600] {logging_mixin.py:190} INFO - [2025-03-06T22:03:29.557+0600] {dag.py:4180} INFO - Setting next_dagrun for example_python_operator to None, run_after=None
[2025-03-06T22:03:29.580+0600] {processor.py:208} INFO - Processing /home/shamim/airflow_venv/lib/python3.12/site-packages/airflow/example_dags/example_python_operator.py took 0.098 seconds
[2025-03-06T22:04:36.856+0600] {processor.py:186} INFO - Started process (PID=15006) to work on /home/shamim/airflow_venv/lib/python3.12/site-packages/airflow/example_dags/example_python_operator.py
[2025-03-06T22:04:36.863+0600] {processor.py:914} INFO - Processing file /home/shamim/airflow_venv/lib/python3.12/site-packages/airflow/example_dags/example_python_operator.py for tasks to queue
[2025-03-06T22:04:36.870+0600] {logging_mixin.py:190} INFO - [2025-03-06T22:04:36.868+0600] {dagbag.py:588} INFO - Filling up the DagBag from /home/shamim/airflow_venv/lib/python3.12/site-packages/airflow/example_dags/example_python_operator.py
[2025-03-06T22:04:36.882+0600] {logging_mixin.py:190} INFO - [2025-03-06T22:04:36.882+0600] {example_python_operator.py:93} WARNING - The virtalenv_python example task requires virtualenv, please install it.
[2025-03-06T22:04:36.886+0600] {processor.py:925} INFO - DAG(s) 'example_python_operator' retrieved from /home/shamim/airflow_venv/lib/python3.12/site-packages/airflow/example_dags/example_python_operator.py
[2025-03-06T22:04:36.905+0600] {logging_mixin.py:190} INFO - [2025-03-06T22:04:36.905+0600] {dag.py:3239} INFO - Sync 1 DAGs
[2025-03-06T22:04:36.921+0600] {logging_mixin.py:190} INFO - [2025-03-06T22:04:36.920+0600] {dag.py:4180} INFO - Setting next_dagrun for example_python_operator to None, run_after=None
[2025-03-06T22:04:36.955+0600] {processor.py:208} INFO - Processing /home/shamim/airflow_venv/lib/python3.12/site-packages/airflow/example_dags/example_python_operator.py took 0.116 seconds
[2025-03-06T22:05:43.476+0600] {processor.py:186} INFO - Started process (PID=15102) to work on /home/shamim/airflow_venv/lib/python3.12/site-packages/airflow/example_dags/example_python_operator.py
[2025-03-06T22:05:43.483+0600] {processor.py:914} INFO - Processing file /home/shamim/airflow_venv/lib/python3.12/site-packages/airflow/example_dags/example_python_operator.py for tasks to queue
[2025-03-06T22:05:43.486+0600] {logging_mixin.py:190} INFO - [2025-03-06T22:05:43.485+0600] {dagbag.py:588} INFO - Filling up the DagBag from /home/shamim/airflow_venv/lib/python3.12/site-packages/airflow/example_dags/example_python_operator.py
[2025-03-06T22:05:43.496+0600] {logging_mixin.py:190} INFO - [2025-03-06T22:05:43.496+0600] {example_python_operator.py:93} WARNING - The virtalenv_python example task requires virtualenv, please install it.
[2025-03-06T22:05:43.500+0600] {processor.py:925} INFO - DAG(s) 'example_python_operator' retrieved from /home/shamim/airflow_venv/lib/python3.12/site-packages/airflow/example_dags/example_python_operator.py
[2025-03-06T22:05:43.520+0600] {logging_mixin.py:190} INFO - [2025-03-06T22:05:43.520+0600] {dag.py:3239} INFO - Sync 1 DAGs
[2025-03-06T22:05:43.534+0600] {logging_mixin.py:190} INFO - [2025-03-06T22:05:43.534+0600] {dag.py:4180} INFO - Setting next_dagrun for example_python_operator to None, run_after=None
[2025-03-06T22:05:43.569+0600] {processor.py:208} INFO - Processing /home/shamim/airflow_venv/lib/python3.12/site-packages/airflow/example_dags/example_python_operator.py took 0.102 seconds
[2025-03-06T22:06:47.050+0600] {processor.py:186} INFO - Started process (PID=15184) to work on /home/shamim/airflow_venv/lib/python3.12/site-packages/airflow/example_dags/example_python_operator.py
[2025-03-06T22:06:47.056+0600] {processor.py:914} INFO - Processing file /home/shamim/airflow_venv/lib/python3.12/site-packages/airflow/example_dags/example_python_operator.py for tasks to queue
[2025-03-06T22:06:47.058+0600] {logging_mixin.py:190} INFO - [2025-03-06T22:06:47.058+0600] {dagbag.py:588} INFO - Filling up the DagBag from /home/shamim/airflow_venv/lib/python3.12/site-packages/airflow/example_dags/example_python_operator.py
[2025-03-06T22:06:47.067+0600] {logging_mixin.py:190} INFO - [2025-03-06T22:06:47.066+0600] {example_python_operator.py:93} WARNING - The virtalenv_python example task requires virtualenv, please install it.
[2025-03-06T22:06:47.069+0600] {processor.py:925} INFO - DAG(s) 'example_python_operator' retrieved from /home/shamim/airflow_venv/lib/python3.12/site-packages/airflow/example_dags/example_python_operator.py
[2025-03-06T22:06:47.090+0600] {logging_mixin.py:190} INFO - [2025-03-06T22:06:47.090+0600] {dag.py:3239} INFO - Sync 1 DAGs
[2025-03-06T22:06:47.105+0600] {logging_mixin.py:190} INFO - [2025-03-06T22:06:47.105+0600] {dag.py:4180} INFO - Setting next_dagrun for example_python_operator to None, run_after=None
[2025-03-06T22:06:47.144+0600] {processor.py:208} INFO - Processing /home/shamim/airflow_venv/lib/python3.12/site-packages/airflow/example_dags/example_python_operator.py took 0.101 seconds
[2025-03-06T22:07:55.508+0600] {processor.py:186} INFO - Started process (PID=15605) to work on /home/shamim/airflow_venv/lib/python3.12/site-packages/airflow/example_dags/example_python_operator.py
[2025-03-06T22:07:55.522+0600] {processor.py:914} INFO - Processing file /home/shamim/airflow_venv/lib/python3.12/site-packages/airflow/example_dags/example_python_operator.py for tasks to queue
[2025-03-06T22:07:55.525+0600] {logging_mixin.py:190} INFO - [2025-03-06T22:07:55.524+0600] {dagbag.py:588} INFO - Filling up the DagBag from /home/shamim/airflow_venv/lib/python3.12/site-packages/airflow/example_dags/example_python_operator.py
[2025-03-06T22:07:55.536+0600] {logging_mixin.py:190} INFO - [2025-03-06T22:07:55.536+0600] {example_python_operator.py:93} WARNING - The virtalenv_python example task requires virtualenv, please install it.
[2025-03-06T22:07:55.540+0600] {processor.py:925} INFO - DAG(s) 'example_python_operator' retrieved from /home/shamim/airflow_venv/lib/python3.12/site-packages/airflow/example_dags/example_python_operator.py
[2025-03-06T22:07:55.570+0600] {logging_mixin.py:190} INFO - [2025-03-06T22:07:55.570+0600] {dag.py:3239} INFO - Sync 1 DAGs
[2025-03-06T22:07:55.594+0600] {logging_mixin.py:190} INFO - [2025-03-06T22:07:55.594+0600] {dag.py:4180} INFO - Setting next_dagrun for example_python_operator to None, run_after=None
[2025-03-06T22:07:55.628+0600] {processor.py:208} INFO - Processing /home/shamim/airflow_venv/lib/python3.12/site-packages/airflow/example_dags/example_python_operator.py took 0.129 seconds
[2025-03-06T22:09:06.842+0600] {processor.py:186} INFO - Started process (PID=15933) to work on /home/shamim/airflow_venv/lib/python3.12/site-packages/airflow/example_dags/example_python_operator.py
[2025-03-06T22:09:06.843+0600] {processor.py:914} INFO - Processing file /home/shamim/airflow_venv/lib/python3.12/site-packages/airflow/example_dags/example_python_operator.py for tasks to queue
[2025-03-06T22:09:06.845+0600] {logging_mixin.py:190} INFO - [2025-03-06T22:09:06.845+0600] {dagbag.py:588} INFO - Filling up the DagBag from /home/shamim/airflow_venv/lib/python3.12/site-packages/airflow/example_dags/example_python_operator.py
[2025-03-06T22:09:06.854+0600] {logging_mixin.py:190} INFO - [2025-03-06T22:09:06.854+0600] {example_python_operator.py:93} WARNING - The virtalenv_python example task requires virtualenv, please install it.
[2025-03-06T22:09:06.858+0600] {processor.py:925} INFO - DAG(s) 'example_python_operator' retrieved from /home/shamim/airflow_venv/lib/python3.12/site-packages/airflow/example_dags/example_python_operator.py
[2025-03-06T22:09:06.879+0600] {logging_mixin.py:190} INFO - [2025-03-06T22:09:06.879+0600] {dag.py:3239} INFO - Sync 1 DAGs
[2025-03-06T22:09:06.895+0600] {logging_mixin.py:190} INFO - [2025-03-06T22:09:06.895+0600] {dag.py:4180} INFO - Setting next_dagrun for example_python_operator to None, run_after=None
[2025-03-06T22:09:07.045+0600] {processor.py:208} INFO - Processing /home/shamim/airflow_venv/lib/python3.12/site-packages/airflow/example_dags/example_python_operator.py took 0.210 seconds
[2025-03-06T22:10:25.651+0600] {processor.py:186} INFO - Started process (PID=16103) to work on /home/shamim/airflow_venv/lib/python3.12/site-packages/airflow/example_dags/example_python_operator.py
[2025-03-06T22:10:25.669+0600] {processor.py:914} INFO - Processing file /home/shamim/airflow_venv/lib/python3.12/site-packages/airflow/example_dags/example_python_operator.py for tasks to queue
[2025-03-06T22:10:25.679+0600] {logging_mixin.py:190} INFO - [2025-03-06T22:10:25.678+0600] {dagbag.py:588} INFO - Filling up the DagBag from /home/shamim/airflow_venv/lib/python3.12/site-packages/airflow/example_dags/example_python_operator.py
[2025-03-06T22:10:25.702+0600] {logging_mixin.py:190} INFO - [2025-03-06T22:10:25.701+0600] {example_python_operator.py:93} WARNING - The virtalenv_python example task requires virtualenv, please install it.
[2025-03-06T22:10:25.709+0600] {processor.py:925} INFO - DAG(s) 'example_python_operator' retrieved from /home/shamim/airflow_venv/lib/python3.12/site-packages/airflow/example_dags/example_python_operator.py
[2025-03-06T22:10:25.752+0600] {logging_mixin.py:190} INFO - [2025-03-06T22:10:25.751+0600] {dag.py:3239} INFO - Sync 1 DAGs
[2025-03-06T22:10:25.780+0600] {logging_mixin.py:190} INFO - [2025-03-06T22:10:25.780+0600] {dag.py:4180} INFO - Setting next_dagrun for example_python_operator to None, run_after=None
[2025-03-06T22:10:25.896+0600] {processor.py:208} INFO - Processing /home/shamim/airflow_venv/lib/python3.12/site-packages/airflow/example_dags/example_python_operator.py took 0.273 seconds
[2025-03-06T22:11:37.746+0600] {processor.py:186} INFO - Started process (PID=16261) to work on /home/shamim/airflow_venv/lib/python3.12/site-packages/airflow/example_dags/example_python_operator.py
[2025-03-06T22:11:37.749+0600] {processor.py:914} INFO - Processing file /home/shamim/airflow_venv/lib/python3.12/site-packages/airflow/example_dags/example_python_operator.py for tasks to queue
[2025-03-06T22:11:37.755+0600] {logging_mixin.py:190} INFO - [2025-03-06T22:11:37.754+0600] {dagbag.py:588} INFO - Filling up the DagBag from /home/shamim/airflow_venv/lib/python3.12/site-packages/airflow/example_dags/example_python_operator.py
[2025-03-06T22:11:37.776+0600] {logging_mixin.py:190} INFO - [2025-03-06T22:11:37.776+0600] {example_python_operator.py:93} WARNING - The virtalenv_python example task requires virtualenv, please install it.
[2025-03-06T22:11:37.782+0600] {processor.py:925} INFO - DAG(s) 'example_python_operator' retrieved from /home/shamim/airflow_venv/lib/python3.12/site-packages/airflow/example_dags/example_python_operator.py
[2025-03-06T22:11:37.807+0600] {logging_mixin.py:190} INFO - [2025-03-06T22:11:37.806+0600] {dag.py:3239} INFO - Sync 1 DAGs
[2025-03-06T22:11:37.822+0600] {logging_mixin.py:190} INFO - [2025-03-06T22:11:37.822+0600] {dag.py:4180} INFO - Setting next_dagrun for example_python_operator to None, run_after=None
[2025-03-06T22:11:37.851+0600] {processor.py:208} INFO - Processing /home/shamim/airflow_venv/lib/python3.12/site-packages/airflow/example_dags/example_python_operator.py took 0.123 seconds
[2025-03-06T22:12:44.556+0600] {processor.py:186} INFO - Started process (PID=16548) to work on /home/shamim/airflow_venv/lib/python3.12/site-packages/airflow/example_dags/example_python_operator.py
[2025-03-06T22:12:44.558+0600] {processor.py:914} INFO - Processing file /home/shamim/airflow_venv/lib/python3.12/site-packages/airflow/example_dags/example_python_operator.py for tasks to queue
[2025-03-06T22:12:44.560+0600] {logging_mixin.py:190} INFO - [2025-03-06T22:12:44.560+0600] {dagbag.py:588} INFO - Filling up the DagBag from /home/shamim/airflow_venv/lib/python3.12/site-packages/airflow/example_dags/example_python_operator.py
[2025-03-06T22:12:44.569+0600] {logging_mixin.py:190} INFO - [2025-03-06T22:12:44.568+0600] {example_python_operator.py:93} WARNING - The virtalenv_python example task requires virtualenv, please install it.
[2025-03-06T22:12:44.572+0600] {processor.py:925} INFO - DAG(s) 'example_python_operator' retrieved from /home/shamim/airflow_venv/lib/python3.12/site-packages/airflow/example_dags/example_python_operator.py
[2025-03-06T22:12:44.591+0600] {logging_mixin.py:190} INFO - [2025-03-06T22:12:44.591+0600] {dag.py:3239} INFO - Sync 1 DAGs
[2025-03-06T22:12:44.608+0600] {logging_mixin.py:190} INFO - [2025-03-06T22:12:44.607+0600] {dag.py:4180} INFO - Setting next_dagrun for example_python_operator to None, run_after=None
[2025-03-06T22:12:44.632+0600] {processor.py:208} INFO - Processing /home/shamim/airflow_venv/lib/python3.12/site-packages/airflow/example_dags/example_python_operator.py took 0.083 seconds
[2025-03-06T22:13:47.633+0600] {processor.py:186} INFO - Started process (PID=16747) to work on /home/shamim/airflow_venv/lib/python3.12/site-packages/airflow/example_dags/example_python_operator.py
[2025-03-06T22:13:47.634+0600] {processor.py:914} INFO - Processing file /home/shamim/airflow_venv/lib/python3.12/site-packages/airflow/example_dags/example_python_operator.py for tasks to queue
[2025-03-06T22:13:47.637+0600] {logging_mixin.py:190} INFO - [2025-03-06T22:13:47.637+0600] {dagbag.py:588} INFO - Filling up the DagBag from /home/shamim/airflow_venv/lib/python3.12/site-packages/airflow/example_dags/example_python_operator.py
[2025-03-06T22:13:47.647+0600] {logging_mixin.py:190} INFO - [2025-03-06T22:13:47.646+0600] {example_python_operator.py:93} WARNING - The virtalenv_python example task requires virtualenv, please install it.
[2025-03-06T22:13:47.650+0600] {processor.py:925} INFO - DAG(s) 'example_python_operator' retrieved from /home/shamim/airflow_venv/lib/python3.12/site-packages/airflow/example_dags/example_python_operator.py
[2025-03-06T22:13:47.673+0600] {logging_mixin.py:190} INFO - [2025-03-06T22:13:47.673+0600] {dag.py:3239} INFO - Sync 1 DAGs
[2025-03-06T22:13:47.688+0600] {logging_mixin.py:190} INFO - [2025-03-06T22:13:47.688+0600] {dag.py:4180} INFO - Setting next_dagrun for example_python_operator to None, run_after=None
[2025-03-06T22:13:47.712+0600] {processor.py:208} INFO - Processing /home/shamim/airflow_venv/lib/python3.12/site-packages/airflow/example_dags/example_python_operator.py took 0.086 seconds
[2025-03-06T22:14:48.831+0600] {processor.py:186} INFO - Started process (PID=16892) to work on /home/shamim/airflow_venv/lib/python3.12/site-packages/airflow/example_dags/example_python_operator.py
[2025-03-06T22:14:48.838+0600] {processor.py:914} INFO - Processing file /home/shamim/airflow_venv/lib/python3.12/site-packages/airflow/example_dags/example_python_operator.py for tasks to queue
[2025-03-06T22:14:48.840+0600] {logging_mixin.py:190} INFO - [2025-03-06T22:14:48.840+0600] {dagbag.py:588} INFO - Filling up the DagBag from /home/shamim/airflow_venv/lib/python3.12/site-packages/airflow/example_dags/example_python_operator.py
[2025-03-06T22:14:48.848+0600] {logging_mixin.py:190} INFO - [2025-03-06T22:14:48.848+0600] {example_python_operator.py:93} WARNING - The virtalenv_python example task requires virtualenv, please install it.
[2025-03-06T22:14:48.851+0600] {processor.py:925} INFO - DAG(s) 'example_python_operator' retrieved from /home/shamim/airflow_venv/lib/python3.12/site-packages/airflow/example_dags/example_python_operator.py
[2025-03-06T22:14:48.871+0600] {logging_mixin.py:190} INFO - [2025-03-06T22:14:48.871+0600] {dag.py:3239} INFO - Sync 1 DAGs
[2025-03-06T22:14:48.888+0600] {logging_mixin.py:190} INFO - [2025-03-06T22:14:48.888+0600] {dag.py:4180} INFO - Setting next_dagrun for example_python_operator to None, run_after=None
[2025-03-06T22:14:48.918+0600] {processor.py:208} INFO - Processing /home/shamim/airflow_venv/lib/python3.12/site-packages/airflow/example_dags/example_python_operator.py took 0.093 seconds
[2025-03-06T22:15:51.853+0600] {processor.py:186} INFO - Started process (PID=17070) to work on /home/shamim/airflow_venv/lib/python3.12/site-packages/airflow/example_dags/example_python_operator.py
[2025-03-06T22:15:51.859+0600] {processor.py:914} INFO - Processing file /home/shamim/airflow_venv/lib/python3.12/site-packages/airflow/example_dags/example_python_operator.py for tasks to queue
[2025-03-06T22:15:51.862+0600] {logging_mixin.py:190} INFO - [2025-03-06T22:15:51.862+0600] {dagbag.py:588} INFO - Filling up the DagBag from /home/shamim/airflow_venv/lib/python3.12/site-packages/airflow/example_dags/example_python_operator.py
[2025-03-06T22:15:51.871+0600] {logging_mixin.py:190} INFO - [2025-03-06T22:15:51.870+0600] {example_python_operator.py:93} WARNING - The virtalenv_python example task requires virtualenv, please install it.
[2025-03-06T22:15:51.874+0600] {processor.py:925} INFO - DAG(s) 'example_python_operator' retrieved from /home/shamim/airflow_venv/lib/python3.12/site-packages/airflow/example_dags/example_python_operator.py
[2025-03-06T22:15:51.895+0600] {logging_mixin.py:190} INFO - [2025-03-06T22:15:51.895+0600] {dag.py:3239} INFO - Sync 1 DAGs
[2025-03-06T22:15:51.913+0600] {logging_mixin.py:190} INFO - [2025-03-06T22:15:51.913+0600] {dag.py:4180} INFO - Setting next_dagrun for example_python_operator to None, run_after=None
[2025-03-06T22:15:51.952+0600] {processor.py:208} INFO - Processing /home/shamim/airflow_venv/lib/python3.12/site-packages/airflow/example_dags/example_python_operator.py took 0.106 seconds
[2025-03-06T22:17:04.822+0600] {processor.py:186} INFO - Started process (PID=17218) to work on /home/shamim/airflow_venv/lib/python3.12/site-packages/airflow/example_dags/example_python_operator.py
[2025-03-06T22:17:04.829+0600] {processor.py:914} INFO - Processing file /home/shamim/airflow_venv/lib/python3.12/site-packages/airflow/example_dags/example_python_operator.py for tasks to queue
[2025-03-06T22:17:04.832+0600] {logging_mixin.py:190} INFO - [2025-03-06T22:17:04.831+0600] {dagbag.py:588} INFO - Filling up the DagBag from /home/shamim/airflow_venv/lib/python3.12/site-packages/airflow/example_dags/example_python_operator.py
[2025-03-06T22:17:04.842+0600] {logging_mixin.py:190} INFO - [2025-03-06T22:17:04.842+0600] {example_python_operator.py:93} WARNING - The virtalenv_python example task requires virtualenv, please install it.
[2025-03-06T22:17:04.846+0600] {processor.py:925} INFO - DAG(s) 'example_python_operator' retrieved from /home/shamim/airflow_venv/lib/python3.12/site-packages/airflow/example_dags/example_python_operator.py
[2025-03-06T22:17:04.869+0600] {logging_mixin.py:190} INFO - [2025-03-06T22:17:04.868+0600] {dag.py:3239} INFO - Sync 1 DAGs
[2025-03-06T22:17:04.892+0600] {logging_mixin.py:190} INFO - [2025-03-06T22:17:04.892+0600] {dag.py:4180} INFO - Setting next_dagrun for example_python_operator to None, run_after=None
[2025-03-06T22:17:04.935+0600] {processor.py:208} INFO - Processing /home/shamim/airflow_venv/lib/python3.12/site-packages/airflow/example_dags/example_python_operator.py took 0.128 seconds
[2025-03-06T22:18:13.540+0600] {processor.py:186} INFO - Started process (PID=17403) to work on /home/shamim/airflow_venv/lib/python3.12/site-packages/airflow/example_dags/example_python_operator.py
[2025-03-06T22:18:13.549+0600] {processor.py:914} INFO - Processing file /home/shamim/airflow_venv/lib/python3.12/site-packages/airflow/example_dags/example_python_operator.py for tasks to queue
[2025-03-06T22:18:13.555+0600] {logging_mixin.py:190} INFO - [2025-03-06T22:18:13.553+0600] {dagbag.py:588} INFO - Filling up the DagBag from /home/shamim/airflow_venv/lib/python3.12/site-packages/airflow/example_dags/example_python_operator.py
[2025-03-06T22:18:13.581+0600] {logging_mixin.py:190} INFO - [2025-03-06T22:18:13.580+0600] {example_python_operator.py:93} WARNING - The virtalenv_python example task requires virtualenv, please install it.
[2025-03-06T22:18:13.589+0600] {processor.py:925} INFO - DAG(s) 'example_python_operator' retrieved from /home/shamim/airflow_venv/lib/python3.12/site-packages/airflow/example_dags/example_python_operator.py
[2025-03-06T22:18:13.615+0600] {logging_mixin.py:190} INFO - [2025-03-06T22:18:13.615+0600] {dag.py:3239} INFO - Sync 1 DAGs
[2025-03-06T22:18:13.632+0600] {logging_mixin.py:190} INFO - [2025-03-06T22:18:13.632+0600] {dag.py:4180} INFO - Setting next_dagrun for example_python_operator to None, run_after=None
[2025-03-06T22:18:13.669+0600] {processor.py:208} INFO - Processing /home/shamim/airflow_venv/lib/python3.12/site-packages/airflow/example_dags/example_python_operator.py took 0.153 seconds
[2025-03-06T22:19:22.874+0600] {processor.py:186} INFO - Started process (PID=17608) to work on /home/shamim/airflow_venv/lib/python3.12/site-packages/airflow/example_dags/example_python_operator.py
[2025-03-06T22:19:22.888+0600] {processor.py:914} INFO - Processing file /home/shamim/airflow_venv/lib/python3.12/site-packages/airflow/example_dags/example_python_operator.py for tasks to queue
[2025-03-06T22:19:22.890+0600] {logging_mixin.py:190} INFO - [2025-03-06T22:19:22.890+0600] {dagbag.py:588} INFO - Filling up the DagBag from /home/shamim/airflow_venv/lib/python3.12/site-packages/airflow/example_dags/example_python_operator.py
[2025-03-06T22:19:22.899+0600] {logging_mixin.py:190} INFO - [2025-03-06T22:19:22.898+0600] {example_python_operator.py:93} WARNING - The virtalenv_python example task requires virtualenv, please install it.
[2025-03-06T22:19:22.902+0600] {processor.py:925} INFO - DAG(s) 'example_python_operator' retrieved from /home/shamim/airflow_venv/lib/python3.12/site-packages/airflow/example_dags/example_python_operator.py
[2025-03-06T22:19:22.922+0600] {logging_mixin.py:190} INFO - [2025-03-06T22:19:22.921+0600] {dag.py:3239} INFO - Sync 1 DAGs
[2025-03-06T22:19:22.937+0600] {logging_mixin.py:190} INFO - [2025-03-06T22:19:22.937+0600] {dag.py:4180} INFO - Setting next_dagrun for example_python_operator to None, run_after=None
[2025-03-06T22:19:22.959+0600] {processor.py:208} INFO - Processing /home/shamim/airflow_venv/lib/python3.12/site-packages/airflow/example_dags/example_python_operator.py took 0.092 seconds
[2025-03-06T22:20:39.562+0600] {processor.py:186} INFO - Started process (PID=17780) to work on /home/shamim/airflow_venv/lib/python3.12/site-packages/airflow/example_dags/example_python_operator.py
[2025-03-06T22:20:39.575+0600] {processor.py:914} INFO - Processing file /home/shamim/airflow_venv/lib/python3.12/site-packages/airflow/example_dags/example_python_operator.py for tasks to queue
[2025-03-06T22:20:39.578+0600] {logging_mixin.py:190} INFO - [2025-03-06T22:20:39.577+0600] {dagbag.py:588} INFO - Filling up the DagBag from /home/shamim/airflow_venv/lib/python3.12/site-packages/airflow/example_dags/example_python_operator.py
[2025-03-06T22:20:39.588+0600] {logging_mixin.py:190} INFO - [2025-03-06T22:20:39.588+0600] {example_python_operator.py:93} WARNING - The virtalenv_python example task requires virtualenv, please install it.
[2025-03-06T22:20:39.592+0600] {processor.py:925} INFO - DAG(s) 'example_python_operator' retrieved from /home/shamim/airflow_venv/lib/python3.12/site-packages/airflow/example_dags/example_python_operator.py
[2025-03-06T22:20:39.614+0600] {logging_mixin.py:190} INFO - [2025-03-06T22:20:39.613+0600] {dag.py:3239} INFO - Sync 1 DAGs
[2025-03-06T22:20:39.631+0600] {logging_mixin.py:190} INFO - [2025-03-06T22:20:39.630+0600] {dag.py:4180} INFO - Setting next_dagrun for example_python_operator to None, run_after=None
[2025-03-06T22:20:39.809+0600] {processor.py:208} INFO - Processing /home/shamim/airflow_venv/lib/python3.12/site-packages/airflow/example_dags/example_python_operator.py took 0.255 seconds
