[2025-03-06T22:02:11.848+0600] {processor.py:186} INFO - Started process (PID=14658) to work on /home/shamim/airflow_venv/lib/python3.12/site-packages/airflow/example_dags/example_trigger_target_dag.py
[2025-03-06T22:02:11.849+0600] {processor.py:914} INFO - Processing file /home/shamim/airflow_venv/lib/python3.12/site-packages/airflow/example_dags/example_trigger_target_dag.py for tasks to queue
[2025-03-06T22:02:11.852+0600] {logging_mixin.py:190} INFO - [2025-03-06T22:02:11.852+0600] {dagbag.py:588} INFO - Filling up the DagBag from /home/shamim/airflow_venv/lib/python3.12/site-packages/airflow/example_dags/example_trigger_target_dag.py
[2025-03-06T22:02:11.863+0600] {processor.py:925} INFO - DAG(s) 'example_trigger_target_dag' retrieved from /home/shamim/airflow_venv/lib/python3.12/site-packages/airflow/example_dags/example_trigger_target_dag.py
[2025-03-06T22:02:11.990+0600] {logging_mixin.py:190} INFO - [2025-03-06T22:02:11.990+0600] {override.py:1930} INFO - Created Permission View: can delete on DAG:example_trigger_target_dag
[2025-03-06T22:02:12.003+0600] {logging_mixin.py:190} INFO - [2025-03-06T22:02:12.003+0600] {override.py:1930} INFO - Created Permission View: can read on DAG:example_trigger_target_dag
[2025-03-06T22:02:12.011+0600] {logging_mixin.py:190} INFO - [2025-03-06T22:02:12.010+0600] {override.py:1930} INFO - Created Permission View: can edit on DAG:example_trigger_target_dag
[2025-03-06T22:02:12.021+0600] {logging_mixin.py:190} INFO - [2025-03-06T22:02:12.021+0600] {override.py:1930} INFO - Created Permission View: can create on DAG Run:example_trigger_target_dag
[2025-03-06T22:02:12.029+0600] {logging_mixin.py:190} INFO - [2025-03-06T22:02:12.029+0600] {override.py:1930} INFO - Created Permission View: can delete on DAG Run:example_trigger_target_dag
[2025-03-06T22:02:12.036+0600] {logging_mixin.py:190} INFO - [2025-03-06T22:02:12.036+0600] {override.py:1930} INFO - Created Permission View: can read on DAG Run:example_trigger_target_dag
[2025-03-06T22:02:12.045+0600] {logging_mixin.py:190} INFO - [2025-03-06T22:02:12.044+0600] {override.py:1930} INFO - Created Permission View: menu access on DAG Run:example_trigger_target_dag
[2025-03-06T22:02:12.045+0600] {logging_mixin.py:190} INFO - [2025-03-06T22:02:12.045+0600] {dag.py:3239} INFO - Sync 1 DAGs
[2025-03-06T22:02:12.058+0600] {logging_mixin.py:190} INFO - [2025-03-06T22:02:12.058+0600] {dag.py:3262} INFO - Creating ORM DAG for example_trigger_target_dag
[2025-03-06T22:02:12.059+0600] {logging_mixin.py:190} INFO - [2025-03-06T22:02:12.058+0600] {dag.py:4180} INFO - Setting next_dagrun for example_trigger_target_dag to None, run_after=None
[2025-03-06T22:02:12.081+0600] {processor.py:208} INFO - Processing /home/shamim/airflow_venv/lib/python3.12/site-packages/airflow/example_dags/example_trigger_target_dag.py took 0.242 seconds
[2025-03-06T22:03:20.851+0600] {processor.py:186} INFO - Started process (PID=14899) to work on /home/shamim/airflow_venv/lib/python3.12/site-packages/airflow/example_dags/example_trigger_target_dag.py
[2025-03-06T22:03:20.858+0600] {processor.py:914} INFO - Processing file /home/shamim/airflow_venv/lib/python3.12/site-packages/airflow/example_dags/example_trigger_target_dag.py for tasks to queue
[2025-03-06T22:03:20.861+0600] {logging_mixin.py:190} INFO - [2025-03-06T22:03:20.860+0600] {dagbag.py:588} INFO - Filling up the DagBag from /home/shamim/airflow_venv/lib/python3.12/site-packages/airflow/example_dags/example_trigger_target_dag.py
[2025-03-06T22:03:20.874+0600] {processor.py:925} INFO - DAG(s) 'example_trigger_target_dag' retrieved from /home/shamim/airflow_venv/lib/python3.12/site-packages/airflow/example_dags/example_trigger_target_dag.py
[2025-03-06T22:03:20.896+0600] {logging_mixin.py:190} INFO - [2025-03-06T22:03:20.896+0600] {dag.py:3239} INFO - Sync 1 DAGs
[2025-03-06T22:03:20.911+0600] {logging_mixin.py:190} INFO - [2025-03-06T22:03:20.911+0600] {dag.py:4180} INFO - Setting next_dagrun for example_trigger_target_dag to None, run_after=None
[2025-03-06T22:03:20.952+0600] {processor.py:208} INFO - Processing /home/shamim/airflow_venv/lib/python3.12/site-packages/airflow/example_dags/example_trigger_target_dag.py took 0.110 seconds
