[2025-03-06T22:02:21.199+0600] {processor.py:186} INFO - Started process (PID=14677) to work on /home/shamim/airflow_venv/lib/python3.12/site-packages/airflow/example_dags/example_sensor_decorator.py
[2025-03-06T22:02:21.200+0600] {processor.py:914} INFO - Processing file /home/shamim/airflow_venv/lib/python3.12/site-packages/airflow/example_dags/example_sensor_decorator.py for tasks to queue
[2025-03-06T22:02:21.202+0600] {logging_mixin.py:190} INFO - [2025-03-06T22:02:21.202+0600] {dagbag.py:588} INFO - Filling up the DagBag from /home/shamim/airflow_venv/lib/python3.12/site-packages/airflow/example_dags/example_sensor_decorator.py
[2025-03-06T22:02:21.212+0600] {processor.py:925} INFO - DAG(s) 'example_sensor_decorator' retrieved from /home/shamim/airflow_venv/lib/python3.12/site-packages/airflow/example_dags/example_sensor_decorator.py
[2025-03-06T22:02:21.337+0600] {logging_mixin.py:190} INFO - [2025-03-06T22:02:21.336+0600] {override.py:1930} INFO - Created Permission View: can delete on DAG:example_sensor_decorator
[2025-03-06T22:02:21.349+0600] {logging_mixin.py:190} INFO - [2025-03-06T22:02:21.348+0600] {override.py:1930} INFO - Created Permission View: can read on DAG:example_sensor_decorator
[2025-03-06T22:02:21.356+0600] {logging_mixin.py:190} INFO - [2025-03-06T22:02:21.356+0600] {override.py:1930} INFO - Created Permission View: can edit on DAG:example_sensor_decorator
[2025-03-06T22:02:21.367+0600] {logging_mixin.py:190} INFO - [2025-03-06T22:02:21.367+0600] {override.py:1930} INFO - Created Permission View: can create on DAG Run:example_sensor_decorator
[2025-03-06T22:02:21.375+0600] {logging_mixin.py:190} INFO - [2025-03-06T22:02:21.374+0600] {override.py:1930} INFO - Created Permission View: can delete on DAG Run:example_sensor_decorator
[2025-03-06T22:02:21.382+0600] {logging_mixin.py:190} INFO - [2025-03-06T22:02:21.382+0600] {override.py:1930} INFO - Created Permission View: can read on DAG Run:example_sensor_decorator
[2025-03-06T22:02:21.389+0600] {logging_mixin.py:190} INFO - [2025-03-06T22:02:21.389+0600] {override.py:1930} INFO - Created Permission View: menu access on DAG Run:example_sensor_decorator
[2025-03-06T22:02:21.390+0600] {logging_mixin.py:190} INFO - [2025-03-06T22:02:21.390+0600] {dag.py:3239} INFO - Sync 1 DAGs
[2025-03-06T22:02:21.403+0600] {logging_mixin.py:190} INFO - [2025-03-06T22:02:21.403+0600] {dag.py:3262} INFO - Creating ORM DAG for example_sensor_decorator
[2025-03-06T22:02:21.404+0600] {logging_mixin.py:190} INFO - [2025-03-06T22:02:21.403+0600] {dag.py:4180} INFO - Setting next_dagrun for example_sensor_decorator to None, run_after=None
[2025-03-06T22:02:21.425+0600] {processor.py:208} INFO - Processing /home/shamim/airflow_venv/lib/python3.12/site-packages/airflow/example_dags/example_sensor_decorator.py took 0.233 seconds
[2025-03-06T22:03:29.868+0600] {processor.py:186} INFO - Started process (PID=14909) to work on /home/shamim/airflow_venv/lib/python3.12/site-packages/airflow/example_dags/example_sensor_decorator.py
[2025-03-06T22:03:29.877+0600] {processor.py:914} INFO - Processing file /home/shamim/airflow_venv/lib/python3.12/site-packages/airflow/example_dags/example_sensor_decorator.py for tasks to queue
[2025-03-06T22:03:29.879+0600] {logging_mixin.py:190} INFO - [2025-03-06T22:03:29.879+0600] {dagbag.py:588} INFO - Filling up the DagBag from /home/shamim/airflow_venv/lib/python3.12/site-packages/airflow/example_dags/example_sensor_decorator.py
[2025-03-06T22:03:29.889+0600] {processor.py:925} INFO - DAG(s) 'example_sensor_decorator' retrieved from /home/shamim/airflow_venv/lib/python3.12/site-packages/airflow/example_dags/example_sensor_decorator.py
[2025-03-06T22:03:29.906+0600] {logging_mixin.py:190} INFO - [2025-03-06T22:03:29.906+0600] {dag.py:3239} INFO - Sync 1 DAGs
[2025-03-06T22:03:29.921+0600] {logging_mixin.py:190} INFO - [2025-03-06T22:03:29.921+0600] {dag.py:4180} INFO - Setting next_dagrun for example_sensor_decorator to None, run_after=None
[2025-03-06T22:03:29.956+0600] {processor.py:208} INFO - Processing /home/shamim/airflow_venv/lib/python3.12/site-packages/airflow/example_dags/example_sensor_decorator.py took 0.095 seconds
[2025-03-06T22:04:38.117+0600] {processor.py:186} INFO - Started process (PID=15007) to work on /home/shamim/airflow_venv/lib/python3.12/site-packages/airflow/example_dags/example_sensor_decorator.py
[2025-03-06T22:04:38.123+0600] {processor.py:914} INFO - Processing file /home/shamim/airflow_venv/lib/python3.12/site-packages/airflow/example_dags/example_sensor_decorator.py for tasks to queue
[2025-03-06T22:04:38.125+0600] {logging_mixin.py:190} INFO - [2025-03-06T22:04:38.125+0600] {dagbag.py:588} INFO - Filling up the DagBag from /home/shamim/airflow_venv/lib/python3.12/site-packages/airflow/example_dags/example_sensor_decorator.py
[2025-03-06T22:04:38.136+0600] {processor.py:925} INFO - DAG(s) 'example_sensor_decorator' retrieved from /home/shamim/airflow_venv/lib/python3.12/site-packages/airflow/example_dags/example_sensor_decorator.py
[2025-03-06T22:04:38.153+0600] {logging_mixin.py:190} INFO - [2025-03-06T22:04:38.153+0600] {dag.py:3239} INFO - Sync 1 DAGs
[2025-03-06T22:04:38.168+0600] {logging_mixin.py:190} INFO - [2025-03-06T22:04:38.168+0600] {dag.py:4180} INFO - Setting next_dagrun for example_sensor_decorator to None, run_after=None
[2025-03-06T22:04:38.204+0600] {processor.py:208} INFO - Processing /home/shamim/airflow_venv/lib/python3.12/site-packages/airflow/example_dags/example_sensor_decorator.py took 0.094 seconds
[2025-03-06T22:05:44.797+0600] {processor.py:186} INFO - Started process (PID=15105) to work on /home/shamim/airflow_venv/lib/python3.12/site-packages/airflow/example_dags/example_sensor_decorator.py
[2025-03-06T22:05:44.803+0600] {processor.py:914} INFO - Processing file /home/shamim/airflow_venv/lib/python3.12/site-packages/airflow/example_dags/example_sensor_decorator.py for tasks to queue
[2025-03-06T22:05:44.806+0600] {logging_mixin.py:190} INFO - [2025-03-06T22:05:44.805+0600] {dagbag.py:588} INFO - Filling up the DagBag from /home/shamim/airflow_venv/lib/python3.12/site-packages/airflow/example_dags/example_sensor_decorator.py
[2025-03-06T22:05:44.817+0600] {processor.py:925} INFO - DAG(s) 'example_sensor_decorator' retrieved from /home/shamim/airflow_venv/lib/python3.12/site-packages/airflow/example_dags/example_sensor_decorator.py
[2025-03-06T22:05:44.835+0600] {logging_mixin.py:190} INFO - [2025-03-06T22:05:44.834+0600] {dag.py:3239} INFO - Sync 1 DAGs
[2025-03-06T22:05:44.849+0600] {logging_mixin.py:190} INFO - [2025-03-06T22:05:44.849+0600] {dag.py:4180} INFO - Setting next_dagrun for example_sensor_decorator to None, run_after=None
[2025-03-06T22:05:44.885+0600] {processor.py:208} INFO - Processing /home/shamim/airflow_venv/lib/python3.12/site-packages/airflow/example_dags/example_sensor_decorator.py took 0.096 seconds
[2025-03-06T22:06:48.440+0600] {processor.py:186} INFO - Started process (PID=15186) to work on /home/shamim/airflow_venv/lib/python3.12/site-packages/airflow/example_dags/example_sensor_decorator.py
[2025-03-06T22:06:48.446+0600] {processor.py:914} INFO - Processing file /home/shamim/airflow_venv/lib/python3.12/site-packages/airflow/example_dags/example_sensor_decorator.py for tasks to queue
[2025-03-06T22:06:48.449+0600] {logging_mixin.py:190} INFO - [2025-03-06T22:06:48.448+0600] {dagbag.py:588} INFO - Filling up the DagBag from /home/shamim/airflow_venv/lib/python3.12/site-packages/airflow/example_dags/example_sensor_decorator.py
[2025-03-06T22:06:48.459+0600] {processor.py:925} INFO - DAG(s) 'example_sensor_decorator' retrieved from /home/shamim/airflow_venv/lib/python3.12/site-packages/airflow/example_dags/example_sensor_decorator.py
[2025-03-06T22:06:48.477+0600] {logging_mixin.py:190} INFO - [2025-03-06T22:06:48.477+0600] {dag.py:3239} INFO - Sync 1 DAGs
[2025-03-06T22:06:48.492+0600] {logging_mixin.py:190} INFO - [2025-03-06T22:06:48.491+0600] {dag.py:4180} INFO - Setting next_dagrun for example_sensor_decorator to None, run_after=None
[2025-03-06T22:06:48.524+0600] {processor.py:208} INFO - Processing /home/shamim/airflow_venv/lib/python3.12/site-packages/airflow/example_dags/example_sensor_decorator.py took 0.091 seconds
[2025-03-06T22:07:56.252+0600] {processor.py:186} INFO - Started process (PID=15606) to work on /home/shamim/airflow_venv/lib/python3.12/site-packages/airflow/example_dags/example_sensor_decorator.py
[2025-03-06T22:07:56.259+0600] {processor.py:914} INFO - Processing file /home/shamim/airflow_venv/lib/python3.12/site-packages/airflow/example_dags/example_sensor_decorator.py for tasks to queue
[2025-03-06T22:07:56.262+0600] {logging_mixin.py:190} INFO - [2025-03-06T22:07:56.261+0600] {dagbag.py:588} INFO - Filling up the DagBag from /home/shamim/airflow_venv/lib/python3.12/site-packages/airflow/example_dags/example_sensor_decorator.py
[2025-03-06T22:07:56.277+0600] {processor.py:925} INFO - DAG(s) 'example_sensor_decorator' retrieved from /home/shamim/airflow_venv/lib/python3.12/site-packages/airflow/example_dags/example_sensor_decorator.py
[2025-03-06T22:07:56.303+0600] {logging_mixin.py:190} INFO - [2025-03-06T22:07:56.303+0600] {dag.py:3239} INFO - Sync 1 DAGs
[2025-03-06T22:07:56.329+0600] {logging_mixin.py:190} INFO - [2025-03-06T22:07:56.328+0600] {dag.py:4180} INFO - Setting next_dagrun for example_sensor_decorator to None, run_after=None
[2025-03-06T22:07:56.384+0600] {processor.py:208} INFO - Processing /home/shamim/airflow_venv/lib/python3.12/site-packages/airflow/example_dags/example_sensor_decorator.py took 0.140 seconds
[2025-03-06T22:09:08.006+0600] {processor.py:186} INFO - Started process (PID=15935) to work on /home/shamim/airflow_venv/lib/python3.12/site-packages/airflow/example_dags/example_sensor_decorator.py
[2025-03-06T22:09:08.007+0600] {processor.py:914} INFO - Processing file /home/shamim/airflow_venv/lib/python3.12/site-packages/airflow/example_dags/example_sensor_decorator.py for tasks to queue
[2025-03-06T22:09:08.010+0600] {logging_mixin.py:190} INFO - [2025-03-06T22:09:08.010+0600] {dagbag.py:588} INFO - Filling up the DagBag from /home/shamim/airflow_venv/lib/python3.12/site-packages/airflow/example_dags/example_sensor_decorator.py
[2025-03-06T22:09:08.026+0600] {processor.py:925} INFO - DAG(s) 'example_sensor_decorator' retrieved from /home/shamim/airflow_venv/lib/python3.12/site-packages/airflow/example_dags/example_sensor_decorator.py
[2025-03-06T22:09:08.052+0600] {logging_mixin.py:190} INFO - [2025-03-06T22:09:08.051+0600] {dag.py:3239} INFO - Sync 1 DAGs
[2025-03-06T22:09:08.068+0600] {logging_mixin.py:190} INFO - [2025-03-06T22:09:08.068+0600] {dag.py:4180} INFO - Setting next_dagrun for example_sensor_decorator to None, run_after=None
[2025-03-06T22:09:08.095+0600] {processor.py:208} INFO - Processing /home/shamim/airflow_venv/lib/python3.12/site-packages/airflow/example_dags/example_sensor_decorator.py took 0.097 seconds
[2025-03-06T22:10:27.146+0600] {processor.py:186} INFO - Started process (PID=16105) to work on /home/shamim/airflow_venv/lib/python3.12/site-packages/airflow/example_dags/example_sensor_decorator.py
[2025-03-06T22:10:27.153+0600] {processor.py:914} INFO - Processing file /home/shamim/airflow_venv/lib/python3.12/site-packages/airflow/example_dags/example_sensor_decorator.py for tasks to queue
[2025-03-06T22:10:27.160+0600] {logging_mixin.py:190} INFO - [2025-03-06T22:10:27.159+0600] {dagbag.py:588} INFO - Filling up the DagBag from /home/shamim/airflow_venv/lib/python3.12/site-packages/airflow/example_dags/example_sensor_decorator.py
[2025-03-06T22:10:27.185+0600] {processor.py:925} INFO - DAG(s) 'example_sensor_decorator' retrieved from /home/shamim/airflow_venv/lib/python3.12/site-packages/airflow/example_dags/example_sensor_decorator.py
[2025-03-06T22:10:27.224+0600] {logging_mixin.py:190} INFO - [2025-03-06T22:10:27.223+0600] {dag.py:3239} INFO - Sync 1 DAGs
[2025-03-06T22:10:27.243+0600] {logging_mixin.py:190} INFO - [2025-03-06T22:10:27.242+0600] {dag.py:4180} INFO - Setting next_dagrun for example_sensor_decorator to None, run_after=None
[2025-03-06T22:10:27.280+0600] {processor.py:208} INFO - Processing /home/shamim/airflow_venv/lib/python3.12/site-packages/airflow/example_dags/example_sensor_decorator.py took 0.152 seconds
[2025-03-06T22:11:39.041+0600] {processor.py:186} INFO - Started process (PID=16262) to work on /home/shamim/airflow_venv/lib/python3.12/site-packages/airflow/example_dags/example_sensor_decorator.py
[2025-03-06T22:11:39.047+0600] {processor.py:914} INFO - Processing file /home/shamim/airflow_venv/lib/python3.12/site-packages/airflow/example_dags/example_sensor_decorator.py for tasks to queue
[2025-03-06T22:11:39.051+0600] {logging_mixin.py:190} INFO - [2025-03-06T22:11:39.050+0600] {dagbag.py:588} INFO - Filling up the DagBag from /home/shamim/airflow_venv/lib/python3.12/site-packages/airflow/example_dags/example_sensor_decorator.py
[2025-03-06T22:11:39.064+0600] {processor.py:925} INFO - DAG(s) 'example_sensor_decorator' retrieved from /home/shamim/airflow_venv/lib/python3.12/site-packages/airflow/example_dags/example_sensor_decorator.py
[2025-03-06T22:11:39.084+0600] {logging_mixin.py:190} INFO - [2025-03-06T22:11:39.083+0600] {dag.py:3239} INFO - Sync 1 DAGs
[2025-03-06T22:11:39.099+0600] {logging_mixin.py:190} INFO - [2025-03-06T22:11:39.099+0600] {dag.py:4180} INFO - Setting next_dagrun for example_sensor_decorator to None, run_after=None
[2025-03-06T22:11:39.132+0600] {processor.py:208} INFO - Processing /home/shamim/airflow_venv/lib/python3.12/site-packages/airflow/example_dags/example_sensor_decorator.py took 0.101 seconds
[2025-03-06T22:12:45.267+0600] {processor.py:186} INFO - Started process (PID=16559) to work on /home/shamim/airflow_venv/lib/python3.12/site-packages/airflow/example_dags/example_sensor_decorator.py
[2025-03-06T22:12:45.276+0600] {processor.py:914} INFO - Processing file /home/shamim/airflow_venv/lib/python3.12/site-packages/airflow/example_dags/example_sensor_decorator.py for tasks to queue
[2025-03-06T22:12:45.279+0600] {logging_mixin.py:190} INFO - [2025-03-06T22:12:45.278+0600] {dagbag.py:588} INFO - Filling up the DagBag from /home/shamim/airflow_venv/lib/python3.12/site-packages/airflow/example_dags/example_sensor_decorator.py
[2025-03-06T22:12:45.297+0600] {processor.py:925} INFO - DAG(s) 'example_sensor_decorator' retrieved from /home/shamim/airflow_venv/lib/python3.12/site-packages/airflow/example_dags/example_sensor_decorator.py
[2025-03-06T22:12:45.318+0600] {logging_mixin.py:190} INFO - [2025-03-06T22:12:45.317+0600] {dag.py:3239} INFO - Sync 1 DAGs
[2025-03-06T22:12:45.341+0600] {logging_mixin.py:190} INFO - [2025-03-06T22:12:45.341+0600] {dag.py:4180} INFO - Setting next_dagrun for example_sensor_decorator to None, run_after=None
[2025-03-06T22:12:45.375+0600] {processor.py:208} INFO - Processing /home/shamim/airflow_venv/lib/python3.12/site-packages/airflow/example_dags/example_sensor_decorator.py took 0.129 seconds
[2025-03-06T22:13:48.420+0600] {processor.py:186} INFO - Started process (PID=16749) to work on /home/shamim/airflow_venv/lib/python3.12/site-packages/airflow/example_dags/example_sensor_decorator.py
[2025-03-06T22:13:48.425+0600] {processor.py:914} INFO - Processing file /home/shamim/airflow_venv/lib/python3.12/site-packages/airflow/example_dags/example_sensor_decorator.py for tasks to queue
[2025-03-06T22:13:48.428+0600] {logging_mixin.py:190} INFO - [2025-03-06T22:13:48.427+0600] {dagbag.py:588} INFO - Filling up the DagBag from /home/shamim/airflow_venv/lib/python3.12/site-packages/airflow/example_dags/example_sensor_decorator.py
[2025-03-06T22:13:48.442+0600] {processor.py:925} INFO - DAG(s) 'example_sensor_decorator' retrieved from /home/shamim/airflow_venv/lib/python3.12/site-packages/airflow/example_dags/example_sensor_decorator.py
[2025-03-06T22:13:48.460+0600] {logging_mixin.py:190} INFO - [2025-03-06T22:13:48.459+0600] {dag.py:3239} INFO - Sync 1 DAGs
[2025-03-06T22:13:48.475+0600] {logging_mixin.py:190} INFO - [2025-03-06T22:13:48.474+0600] {dag.py:4180} INFO - Setting next_dagrun for example_sensor_decorator to None, run_after=None
[2025-03-06T22:13:48.511+0600] {processor.py:208} INFO - Processing /home/shamim/airflow_venv/lib/python3.12/site-packages/airflow/example_dags/example_sensor_decorator.py took 0.100 seconds
[2025-03-06T22:14:50.005+0600] {processor.py:186} INFO - Started process (PID=16893) to work on /home/shamim/airflow_venv/lib/python3.12/site-packages/airflow/example_dags/example_sensor_decorator.py
[2025-03-06T22:14:50.011+0600] {processor.py:914} INFO - Processing file /home/shamim/airflow_venv/lib/python3.12/site-packages/airflow/example_dags/example_sensor_decorator.py for tasks to queue
[2025-03-06T22:14:50.014+0600] {logging_mixin.py:190} INFO - [2025-03-06T22:14:50.013+0600] {dagbag.py:588} INFO - Filling up the DagBag from /home/shamim/airflow_venv/lib/python3.12/site-packages/airflow/example_dags/example_sensor_decorator.py
[2025-03-06T22:14:50.024+0600] {processor.py:925} INFO - DAG(s) 'example_sensor_decorator' retrieved from /home/shamim/airflow_venv/lib/python3.12/site-packages/airflow/example_dags/example_sensor_decorator.py
[2025-03-06T22:14:50.043+0600] {logging_mixin.py:190} INFO - [2025-03-06T22:14:50.042+0600] {dag.py:3239} INFO - Sync 1 DAGs
[2025-03-06T22:14:50.059+0600] {logging_mixin.py:190} INFO - [2025-03-06T22:14:50.058+0600] {dag.py:4180} INFO - Setting next_dagrun for example_sensor_decorator to None, run_after=None
[2025-03-06T22:14:50.084+0600] {processor.py:208} INFO - Processing /home/shamim/airflow_venv/lib/python3.12/site-packages/airflow/example_dags/example_sensor_decorator.py took 0.087 seconds
[2025-03-06T22:15:53.064+0600] {processor.py:186} INFO - Started process (PID=17071) to work on /home/shamim/airflow_venv/lib/python3.12/site-packages/airflow/example_dags/example_sensor_decorator.py
[2025-03-06T22:15:53.070+0600] {processor.py:914} INFO - Processing file /home/shamim/airflow_venv/lib/python3.12/site-packages/airflow/example_dags/example_sensor_decorator.py for tasks to queue
[2025-03-06T22:15:53.073+0600] {logging_mixin.py:190} INFO - [2025-03-06T22:15:53.073+0600] {dagbag.py:588} INFO - Filling up the DagBag from /home/shamim/airflow_venv/lib/python3.12/site-packages/airflow/example_dags/example_sensor_decorator.py
[2025-03-06T22:15:53.084+0600] {processor.py:925} INFO - DAG(s) 'example_sensor_decorator' retrieved from /home/shamim/airflow_venv/lib/python3.12/site-packages/airflow/example_dags/example_sensor_decorator.py
[2025-03-06T22:15:53.101+0600] {logging_mixin.py:190} INFO - [2025-03-06T22:15:53.101+0600] {dag.py:3239} INFO - Sync 1 DAGs
[2025-03-06T22:15:53.117+0600] {logging_mixin.py:190} INFO - [2025-03-06T22:15:53.117+0600] {dag.py:4180} INFO - Setting next_dagrun for example_sensor_decorator to None, run_after=None
[2025-03-06T22:15:53.153+0600] {processor.py:208} INFO - Processing /home/shamim/airflow_venv/lib/python3.12/site-packages/airflow/example_dags/example_sensor_decorator.py took 0.097 seconds
[2025-03-06T22:17:06.119+0600] {processor.py:186} INFO - Started process (PID=17220) to work on /home/shamim/airflow_venv/lib/python3.12/site-packages/airflow/example_dags/example_sensor_decorator.py
[2025-03-06T22:17:06.134+0600] {processor.py:914} INFO - Processing file /home/shamim/airflow_venv/lib/python3.12/site-packages/airflow/example_dags/example_sensor_decorator.py for tasks to queue
[2025-03-06T22:17:06.136+0600] {logging_mixin.py:190} INFO - [2025-03-06T22:17:06.136+0600] {dagbag.py:588} INFO - Filling up the DagBag from /home/shamim/airflow_venv/lib/python3.12/site-packages/airflow/example_dags/example_sensor_decorator.py
[2025-03-06T22:17:06.147+0600] {processor.py:925} INFO - DAG(s) 'example_sensor_decorator' retrieved from /home/shamim/airflow_venv/lib/python3.12/site-packages/airflow/example_dags/example_sensor_decorator.py
[2025-03-06T22:17:06.165+0600] {logging_mixin.py:190} INFO - [2025-03-06T22:17:06.165+0600] {dag.py:3239} INFO - Sync 1 DAGs
[2025-03-06T22:17:06.180+0600] {logging_mixin.py:190} INFO - [2025-03-06T22:17:06.180+0600] {dag.py:4180} INFO - Setting next_dagrun for example_sensor_decorator to None, run_after=None
[2025-03-06T22:17:06.203+0600] {processor.py:208} INFO - Processing /home/shamim/airflow_venv/lib/python3.12/site-packages/airflow/example_dags/example_sensor_decorator.py took 0.093 seconds
[2025-03-06T22:18:14.790+0600] {processor.py:186} INFO - Started process (PID=17405) to work on /home/shamim/airflow_venv/lib/python3.12/site-packages/airflow/example_dags/example_sensor_decorator.py
[2025-03-06T22:18:14.797+0600] {processor.py:914} INFO - Processing file /home/shamim/airflow_venv/lib/python3.12/site-packages/airflow/example_dags/example_sensor_decorator.py for tasks to queue
[2025-03-06T22:18:14.800+0600] {logging_mixin.py:190} INFO - [2025-03-06T22:18:14.799+0600] {dagbag.py:588} INFO - Filling up the DagBag from /home/shamim/airflow_venv/lib/python3.12/site-packages/airflow/example_dags/example_sensor_decorator.py
[2025-03-06T22:18:14.814+0600] {processor.py:925} INFO - DAG(s) 'example_sensor_decorator' retrieved from /home/shamim/airflow_venv/lib/python3.12/site-packages/airflow/example_dags/example_sensor_decorator.py
[2025-03-06T22:18:14.832+0600] {logging_mixin.py:190} INFO - [2025-03-06T22:18:14.832+0600] {dag.py:3239} INFO - Sync 1 DAGs
[2025-03-06T22:18:14.850+0600] {logging_mixin.py:190} INFO - [2025-03-06T22:18:14.850+0600] {dag.py:4180} INFO - Setting next_dagrun for example_sensor_decorator to None, run_after=None
[2025-03-06T22:18:14.886+0600] {processor.py:208} INFO - Processing /home/shamim/airflow_venv/lib/python3.12/site-packages/airflow/example_dags/example_sensor_decorator.py took 0.105 seconds
[2025-03-06T22:19:23.897+0600] {processor.py:186} INFO - Started process (PID=17609) to work on /home/shamim/airflow_venv/lib/python3.12/site-packages/airflow/example_dags/example_sensor_decorator.py
[2025-03-06T22:19:23.903+0600] {processor.py:914} INFO - Processing file /home/shamim/airflow_venv/lib/python3.12/site-packages/airflow/example_dags/example_sensor_decorator.py for tasks to queue
[2025-03-06T22:19:23.905+0600] {logging_mixin.py:190} INFO - [2025-03-06T22:19:23.904+0600] {dagbag.py:588} INFO - Filling up the DagBag from /home/shamim/airflow_venv/lib/python3.12/site-packages/airflow/example_dags/example_sensor_decorator.py
[2025-03-06T22:19:23.915+0600] {processor.py:925} INFO - DAG(s) 'example_sensor_decorator' retrieved from /home/shamim/airflow_venv/lib/python3.12/site-packages/airflow/example_dags/example_sensor_decorator.py
[2025-03-06T22:19:23.933+0600] {logging_mixin.py:190} INFO - [2025-03-06T22:19:23.933+0600] {dag.py:3239} INFO - Sync 1 DAGs
[2025-03-06T22:19:23.951+0600] {logging_mixin.py:190} INFO - [2025-03-06T22:19:23.951+0600] {dag.py:4180} INFO - Setting next_dagrun for example_sensor_decorator to None, run_after=None
[2025-03-06T22:19:23.989+0600] {processor.py:208} INFO - Processing /home/shamim/airflow_venv/lib/python3.12/site-packages/airflow/example_dags/example_sensor_decorator.py took 0.099 seconds
[2025-03-06T22:20:40.919+0600] {processor.py:186} INFO - Started process (PID=17781) to work on /home/shamim/airflow_venv/lib/python3.12/site-packages/airflow/example_dags/example_sensor_decorator.py
[2025-03-06T22:20:40.921+0600] {processor.py:914} INFO - Processing file /home/shamim/airflow_venv/lib/python3.12/site-packages/airflow/example_dags/example_sensor_decorator.py for tasks to queue
[2025-03-06T22:20:40.924+0600] {logging_mixin.py:190} INFO - [2025-03-06T22:20:40.922+0600] {dagbag.py:588} INFO - Filling up the DagBag from /home/shamim/airflow_venv/lib/python3.12/site-packages/airflow/example_dags/example_sensor_decorator.py
[2025-03-06T22:20:40.940+0600] {processor.py:925} INFO - DAG(s) 'example_sensor_decorator' retrieved from /home/shamim/airflow_venv/lib/python3.12/site-packages/airflow/example_dags/example_sensor_decorator.py
[2025-03-06T22:20:40.968+0600] {logging_mixin.py:190} INFO - [2025-03-06T22:20:40.967+0600] {dag.py:3239} INFO - Sync 1 DAGs
[2025-03-06T22:20:40.987+0600] {logging_mixin.py:190} INFO - [2025-03-06T22:20:40.987+0600] {dag.py:4180} INFO - Setting next_dagrun for example_sensor_decorator to None, run_after=None
[2025-03-06T22:20:41.022+0600] {processor.py:208} INFO - Processing /home/shamim/airflow_venv/lib/python3.12/site-packages/airflow/example_dags/example_sensor_decorator.py took 0.113 seconds
[2025-03-06T22:22:03.793+0600] {processor.py:186} INFO - Started process (PID=17906) to work on /home/shamim/airflow_venv/lib/python3.12/site-packages/airflow/example_dags/example_sensor_decorator.py
[2025-03-06T22:22:03.799+0600] {processor.py:914} INFO - Processing file /home/shamim/airflow_venv/lib/python3.12/site-packages/airflow/example_dags/example_sensor_decorator.py for tasks to queue
[2025-03-06T22:22:03.802+0600] {logging_mixin.py:190} INFO - [2025-03-06T22:22:03.801+0600] {dagbag.py:588} INFO - Filling up the DagBag from /home/shamim/airflow_venv/lib/python3.12/site-packages/airflow/example_dags/example_sensor_decorator.py
[2025-03-06T22:22:03.816+0600] {processor.py:925} INFO - DAG(s) 'example_sensor_decorator' retrieved from /home/shamim/airflow_venv/lib/python3.12/site-packages/airflow/example_dags/example_sensor_decorator.py
[2025-03-06T22:22:03.834+0600] {logging_mixin.py:190} INFO - [2025-03-06T22:22:03.834+0600] {dag.py:3239} INFO - Sync 1 DAGs
[2025-03-06T22:22:03.850+0600] {logging_mixin.py:190} INFO - [2025-03-06T22:22:03.850+0600] {dag.py:4180} INFO - Setting next_dagrun for example_sensor_decorator to None, run_after=None
[2025-03-06T22:22:03.886+0600] {processor.py:208} INFO - Processing /home/shamim/airflow_venv/lib/python3.12/site-packages/airflow/example_dags/example_sensor_decorator.py took 0.104 seconds
[2025-03-06T22:23:11.434+0600] {processor.py:186} INFO - Started process (PID=18055) to work on /home/shamim/airflow_venv/lib/python3.12/site-packages/airflow/example_dags/example_sensor_decorator.py
[2025-03-06T22:23:11.440+0600] {processor.py:914} INFO - Processing file /home/shamim/airflow_venv/lib/python3.12/site-packages/airflow/example_dags/example_sensor_decorator.py for tasks to queue
[2025-03-06T22:23:11.442+0600] {logging_mixin.py:190} INFO - [2025-03-06T22:23:11.441+0600] {dagbag.py:588} INFO - Filling up the DagBag from /home/shamim/airflow_venv/lib/python3.12/site-packages/airflow/example_dags/example_sensor_decorator.py
[2025-03-06T22:23:11.452+0600] {processor.py:925} INFO - DAG(s) 'example_sensor_decorator' retrieved from /home/shamim/airflow_venv/lib/python3.12/site-packages/airflow/example_dags/example_sensor_decorator.py
[2025-03-06T22:23:11.470+0600] {logging_mixin.py:190} INFO - [2025-03-06T22:23:11.470+0600] {dag.py:3239} INFO - Sync 1 DAGs
[2025-03-06T22:23:11.486+0600] {logging_mixin.py:190} INFO - [2025-03-06T22:23:11.485+0600] {dag.py:4180} INFO - Setting next_dagrun for example_sensor_decorator to None, run_after=None
[2025-03-06T22:23:11.522+0600] {processor.py:208} INFO - Processing /home/shamim/airflow_venv/lib/python3.12/site-packages/airflow/example_dags/example_sensor_decorator.py took 0.095 seconds
[2025-03-06T22:24:21.379+0600] {processor.py:186} INFO - Started process (PID=18139) to work on /home/shamim/airflow_venv/lib/python3.12/site-packages/airflow/example_dags/example_sensor_decorator.py
[2025-03-06T22:24:21.385+0600] {processor.py:914} INFO - Processing file /home/shamim/airflow_venv/lib/python3.12/site-packages/airflow/example_dags/example_sensor_decorator.py for tasks to queue
[2025-03-06T22:24:21.387+0600] {logging_mixin.py:190} INFO - [2025-03-06T22:24:21.387+0600] {dagbag.py:588} INFO - Filling up the DagBag from /home/shamim/airflow_venv/lib/python3.12/site-packages/airflow/example_dags/example_sensor_decorator.py
[2025-03-06T22:24:21.399+0600] {processor.py:925} INFO - DAG(s) 'example_sensor_decorator' retrieved from /home/shamim/airflow_venv/lib/python3.12/site-packages/airflow/example_dags/example_sensor_decorator.py
[2025-03-06T22:24:21.417+0600] {logging_mixin.py:190} INFO - [2025-03-06T22:24:21.417+0600] {dag.py:3239} INFO - Sync 1 DAGs
[2025-03-06T22:24:21.433+0600] {logging_mixin.py:190} INFO - [2025-03-06T22:24:21.433+0600] {dag.py:4180} INFO - Setting next_dagrun for example_sensor_decorator to None, run_after=None
[2025-03-06T22:24:21.471+0600] {processor.py:208} INFO - Processing /home/shamim/airflow_venv/lib/python3.12/site-packages/airflow/example_dags/example_sensor_decorator.py took 0.101 seconds
[2025-03-06T22:25:29.196+0600] {processor.py:186} INFO - Started process (PID=18327) to work on /home/shamim/airflow_venv/lib/python3.12/site-packages/airflow/example_dags/example_sensor_decorator.py
[2025-03-06T22:25:29.202+0600] {processor.py:914} INFO - Processing file /home/shamim/airflow_venv/lib/python3.12/site-packages/airflow/example_dags/example_sensor_decorator.py for tasks to queue
[2025-03-06T22:25:29.204+0600] {logging_mixin.py:190} INFO - [2025-03-06T22:25:29.204+0600] {dagbag.py:588} INFO - Filling up the DagBag from /home/shamim/airflow_venv/lib/python3.12/site-packages/airflow/example_dags/example_sensor_decorator.py
[2025-03-06T22:25:29.219+0600] {processor.py:925} INFO - DAG(s) 'example_sensor_decorator' retrieved from /home/shamim/airflow_venv/lib/python3.12/site-packages/airflow/example_dags/example_sensor_decorator.py
[2025-03-06T22:25:29.247+0600] {logging_mixin.py:190} INFO - [2025-03-06T22:25:29.247+0600] {dag.py:3239} INFO - Sync 1 DAGs
[2025-03-06T22:25:29.269+0600] {logging_mixin.py:190} INFO - [2025-03-06T22:25:29.268+0600] {dag.py:4180} INFO - Setting next_dagrun for example_sensor_decorator to None, run_after=None
[2025-03-06T22:25:29.312+0600] {processor.py:208} INFO - Processing /home/shamim/airflow_venv/lib/python3.12/site-packages/airflow/example_dags/example_sensor_decorator.py took 0.125 seconds
[2025-03-06T22:26:38.446+0600] {processor.py:186} INFO - Started process (PID=18434) to work on /home/shamim/airflow_venv/lib/python3.12/site-packages/airflow/example_dags/example_sensor_decorator.py
[2025-03-06T22:26:38.448+0600] {processor.py:914} INFO - Processing file /home/shamim/airflow_venv/lib/python3.12/site-packages/airflow/example_dags/example_sensor_decorator.py for tasks to queue
[2025-03-06T22:26:38.450+0600] {logging_mixin.py:190} INFO - [2025-03-06T22:26:38.449+0600] {dagbag.py:588} INFO - Filling up the DagBag from /home/shamim/airflow_venv/lib/python3.12/site-packages/airflow/example_dags/example_sensor_decorator.py
[2025-03-06T22:26:38.464+0600] {processor.py:925} INFO - DAG(s) 'example_sensor_decorator' retrieved from /home/shamim/airflow_venv/lib/python3.12/site-packages/airflow/example_dags/example_sensor_decorator.py
[2025-03-06T22:26:38.493+0600] {logging_mixin.py:190} INFO - [2025-03-06T22:26:38.493+0600] {dag.py:3239} INFO - Sync 1 DAGs
[2025-03-06T22:26:38.518+0600] {logging_mixin.py:190} INFO - [2025-03-06T22:26:38.518+0600] {dag.py:4180} INFO - Setting next_dagrun for example_sensor_decorator to None, run_after=None
[2025-03-06T22:26:38.566+0600] {processor.py:208} INFO - Processing /home/shamim/airflow_venv/lib/python3.12/site-packages/airflow/example_dags/example_sensor_decorator.py took 0.131 seconds
[2025-03-06T22:27:50.059+0600] {processor.py:186} INFO - Started process (PID=18559) to work on /home/shamim/airflow_venv/lib/python3.12/site-packages/airflow/example_dags/example_sensor_decorator.py
[2025-03-06T22:27:50.066+0600] {processor.py:914} INFO - Processing file /home/shamim/airflow_venv/lib/python3.12/site-packages/airflow/example_dags/example_sensor_decorator.py for tasks to queue
[2025-03-06T22:27:50.069+0600] {logging_mixin.py:190} INFO - [2025-03-06T22:27:50.068+0600] {dagbag.py:588} INFO - Filling up the DagBag from /home/shamim/airflow_venv/lib/python3.12/site-packages/airflow/example_dags/example_sensor_decorator.py
[2025-03-06T22:27:50.092+0600] {processor.py:925} INFO - DAG(s) 'example_sensor_decorator' retrieved from /home/shamim/airflow_venv/lib/python3.12/site-packages/airflow/example_dags/example_sensor_decorator.py
[2025-03-06T22:27:50.126+0600] {logging_mixin.py:190} INFO - [2025-03-06T22:27:50.125+0600] {dag.py:3239} INFO - Sync 1 DAGs
[2025-03-06T22:27:50.147+0600] {logging_mixin.py:190} INFO - [2025-03-06T22:27:50.147+0600] {dag.py:4180} INFO - Setting next_dagrun for example_sensor_decorator to None, run_after=None
[2025-03-06T22:27:50.185+0600] {processor.py:208} INFO - Processing /home/shamim/airflow_venv/lib/python3.12/site-packages/airflow/example_dags/example_sensor_decorator.py took 0.140 seconds
[2025-03-06T22:29:00.744+0600] {processor.py:186} INFO - Started process (PID=18746) to work on /home/shamim/airflow_venv/lib/python3.12/site-packages/airflow/example_dags/example_sensor_decorator.py
[2025-03-06T22:29:00.750+0600] {processor.py:914} INFO - Processing file /home/shamim/airflow_venv/lib/python3.12/site-packages/airflow/example_dags/example_sensor_decorator.py for tasks to queue
[2025-03-06T22:29:00.752+0600] {logging_mixin.py:190} INFO - [2025-03-06T22:29:00.751+0600] {dagbag.py:588} INFO - Filling up the DagBag from /home/shamim/airflow_venv/lib/python3.12/site-packages/airflow/example_dags/example_sensor_decorator.py
[2025-03-06T22:29:00.764+0600] {processor.py:925} INFO - DAG(s) 'example_sensor_decorator' retrieved from /home/shamim/airflow_venv/lib/python3.12/site-packages/airflow/example_dags/example_sensor_decorator.py
[2025-03-06T22:29:00.782+0600] {logging_mixin.py:190} INFO - [2025-03-06T22:29:00.782+0600] {dag.py:3239} INFO - Sync 1 DAGs
[2025-03-06T22:29:00.799+0600] {logging_mixin.py:190} INFO - [2025-03-06T22:29:00.798+0600] {dag.py:4180} INFO - Setting next_dagrun for example_sensor_decorator to None, run_after=None
[2025-03-06T22:29:00.839+0600] {processor.py:208} INFO - Processing /home/shamim/airflow_venv/lib/python3.12/site-packages/airflow/example_dags/example_sensor_decorator.py took 0.103 seconds
[2025-03-06T22:30:11.385+0600] {processor.py:186} INFO - Started process (PID=18889) to work on /home/shamim/airflow_venv/lib/python3.12/site-packages/airflow/example_dags/example_sensor_decorator.py
[2025-03-06T22:30:11.391+0600] {processor.py:914} INFO - Processing file /home/shamim/airflow_venv/lib/python3.12/site-packages/airflow/example_dags/example_sensor_decorator.py for tasks to queue
[2025-03-06T22:30:11.393+0600] {logging_mixin.py:190} INFO - [2025-03-06T22:30:11.392+0600] {dagbag.py:588} INFO - Filling up the DagBag from /home/shamim/airflow_venv/lib/python3.12/site-packages/airflow/example_dags/example_sensor_decorator.py
[2025-03-06T22:30:11.406+0600] {processor.py:925} INFO - DAG(s) 'example_sensor_decorator' retrieved from /home/shamim/airflow_venv/lib/python3.12/site-packages/airflow/example_dags/example_sensor_decorator.py
[2025-03-06T22:30:11.428+0600] {logging_mixin.py:190} INFO - [2025-03-06T22:30:11.428+0600] {dag.py:3239} INFO - Sync 1 DAGs
[2025-03-06T22:30:11.447+0600] {logging_mixin.py:190} INFO - [2025-03-06T22:30:11.447+0600] {dag.py:4180} INFO - Setting next_dagrun for example_sensor_decorator to None, run_after=None
[2025-03-06T22:30:11.477+0600] {processor.py:208} INFO - Processing /home/shamim/airflow_venv/lib/python3.12/site-packages/airflow/example_dags/example_sensor_decorator.py took 0.102 seconds
[2025-03-06T22:31:21.391+0600] {processor.py:186} INFO - Started process (PID=18988) to work on /home/shamim/airflow_venv/lib/python3.12/site-packages/airflow/example_dags/example_sensor_decorator.py
[2025-03-06T22:31:21.394+0600] {processor.py:914} INFO - Processing file /home/shamim/airflow_venv/lib/python3.12/site-packages/airflow/example_dags/example_sensor_decorator.py for tasks to queue
[2025-03-06T22:31:21.396+0600] {logging_mixin.py:190} INFO - [2025-03-06T22:31:21.396+0600] {dagbag.py:588} INFO - Filling up the DagBag from /home/shamim/airflow_venv/lib/python3.12/site-packages/airflow/example_dags/example_sensor_decorator.py
[2025-03-06T22:31:21.411+0600] {processor.py:925} INFO - DAG(s) 'example_sensor_decorator' retrieved from /home/shamim/airflow_venv/lib/python3.12/site-packages/airflow/example_dags/example_sensor_decorator.py
[2025-03-06T22:31:21.437+0600] {logging_mixin.py:190} INFO - [2025-03-06T22:31:21.437+0600] {dag.py:3239} INFO - Sync 1 DAGs
[2025-03-06T22:31:21.462+0600] {logging_mixin.py:190} INFO - [2025-03-06T22:31:21.461+0600] {dag.py:4180} INFO - Setting next_dagrun for example_sensor_decorator to None, run_after=None
[2025-03-06T22:31:21.496+0600] {processor.py:208} INFO - Processing /home/shamim/airflow_venv/lib/python3.12/site-packages/airflow/example_dags/example_sensor_decorator.py took 0.114 seconds
[2025-03-06T22:32:27.791+0600] {processor.py:186} INFO - Started process (PID=19109) to work on /home/shamim/airflow_venv/lib/python3.12/site-packages/airflow/example_dags/example_sensor_decorator.py
[2025-03-06T22:32:27.793+0600] {processor.py:914} INFO - Processing file /home/shamim/airflow_venv/lib/python3.12/site-packages/airflow/example_dags/example_sensor_decorator.py for tasks to queue
[2025-03-06T22:32:27.796+0600] {logging_mixin.py:190} INFO - [2025-03-06T22:32:27.795+0600] {dagbag.py:588} INFO - Filling up the DagBag from /home/shamim/airflow_venv/lib/python3.12/site-packages/airflow/example_dags/example_sensor_decorator.py
[2025-03-06T22:32:27.810+0600] {processor.py:925} INFO - DAG(s) 'example_sensor_decorator' retrieved from /home/shamim/airflow_venv/lib/python3.12/site-packages/airflow/example_dags/example_sensor_decorator.py
[2025-03-06T22:32:27.835+0600] {logging_mixin.py:190} INFO - [2025-03-06T22:32:27.834+0600] {dag.py:3239} INFO - Sync 1 DAGs
[2025-03-06T22:32:27.854+0600] {logging_mixin.py:190} INFO - [2025-03-06T22:32:27.853+0600] {dag.py:4180} INFO - Setting next_dagrun for example_sensor_decorator to None, run_after=None
[2025-03-06T22:32:27.877+0600] {processor.py:208} INFO - Processing /home/shamim/airflow_venv/lib/python3.12/site-packages/airflow/example_dags/example_sensor_decorator.py took 0.101 seconds
[2025-03-06T22:33:37.251+0600] {processor.py:186} INFO - Started process (PID=19924) to work on /home/shamim/airflow_venv/lib/python3.12/site-packages/airflow/example_dags/example_sensor_decorator.py
[2025-03-06T22:33:37.254+0600] {processor.py:914} INFO - Processing file /home/shamim/airflow_venv/lib/python3.12/site-packages/airflow/example_dags/example_sensor_decorator.py for tasks to queue
[2025-03-06T22:33:37.257+0600] {logging_mixin.py:190} INFO - [2025-03-06T22:33:37.256+0600] {dagbag.py:588} INFO - Filling up the DagBag from /home/shamim/airflow_venv/lib/python3.12/site-packages/airflow/example_dags/example_sensor_decorator.py
[2025-03-06T22:33:37.269+0600] {processor.py:925} INFO - DAG(s) 'example_sensor_decorator' retrieved from /home/shamim/airflow_venv/lib/python3.12/site-packages/airflow/example_dags/example_sensor_decorator.py
[2025-03-06T22:33:37.289+0600] {logging_mixin.py:190} INFO - [2025-03-06T22:33:37.289+0600] {dag.py:3239} INFO - Sync 1 DAGs
[2025-03-06T22:33:37.307+0600] {logging_mixin.py:190} INFO - [2025-03-06T22:33:37.306+0600] {dag.py:4180} INFO - Setting next_dagrun for example_sensor_decorator to None, run_after=None
[2025-03-06T22:33:37.334+0600] {processor.py:208} INFO - Processing /home/shamim/airflow_venv/lib/python3.12/site-packages/airflow/example_dags/example_sensor_decorator.py took 0.091 seconds
[2025-03-06T22:34:40.992+0600] {processor.py:186} INFO - Started process (PID=20068) to work on /home/shamim/airflow_venv/lib/python3.12/site-packages/airflow/example_dags/example_sensor_decorator.py
[2025-03-06T22:34:40.998+0600] {processor.py:914} INFO - Processing file /home/shamim/airflow_venv/lib/python3.12/site-packages/airflow/example_dags/example_sensor_decorator.py for tasks to queue
[2025-03-06T22:34:41.000+0600] {logging_mixin.py:190} INFO - [2025-03-06T22:34:41.000+0600] {dagbag.py:588} INFO - Filling up the DagBag from /home/shamim/airflow_venv/lib/python3.12/site-packages/airflow/example_dags/example_sensor_decorator.py
[2025-03-06T22:34:41.013+0600] {processor.py:925} INFO - DAG(s) 'example_sensor_decorator' retrieved from /home/shamim/airflow_venv/lib/python3.12/site-packages/airflow/example_dags/example_sensor_decorator.py
[2025-03-06T22:34:41.033+0600] {logging_mixin.py:190} INFO - [2025-03-06T22:34:41.033+0600] {dag.py:3239} INFO - Sync 1 DAGs
[2025-03-06T22:34:41.058+0600] {logging_mixin.py:190} INFO - [2025-03-06T22:34:41.058+0600] {dag.py:4180} INFO - Setting next_dagrun for example_sensor_decorator to None, run_after=None
[2025-03-06T22:34:41.096+0600] {processor.py:208} INFO - Processing /home/shamim/airflow_venv/lib/python3.12/site-packages/airflow/example_dags/example_sensor_decorator.py took 0.113 seconds
[2025-03-06T22:35:47.814+0600] {processor.py:186} INFO - Started process (PID=20194) to work on /home/shamim/airflow_venv/lib/python3.12/site-packages/airflow/example_dags/example_sensor_decorator.py
[2025-03-06T22:35:47.820+0600] {processor.py:914} INFO - Processing file /home/shamim/airflow_venv/lib/python3.12/site-packages/airflow/example_dags/example_sensor_decorator.py for tasks to queue
[2025-03-06T22:35:47.821+0600] {logging_mixin.py:190} INFO - [2025-03-06T22:35:47.821+0600] {dagbag.py:588} INFO - Filling up the DagBag from /home/shamim/airflow_venv/lib/python3.12/site-packages/airflow/example_dags/example_sensor_decorator.py
[2025-03-06T22:35:47.834+0600] {processor.py:925} INFO - DAG(s) 'example_sensor_decorator' retrieved from /home/shamim/airflow_venv/lib/python3.12/site-packages/airflow/example_dags/example_sensor_decorator.py
[2025-03-06T22:35:47.854+0600] {logging_mixin.py:190} INFO - [2025-03-06T22:35:47.854+0600] {dag.py:3239} INFO - Sync 1 DAGs
[2025-03-06T22:35:47.873+0600] {logging_mixin.py:190} INFO - [2025-03-06T22:35:47.873+0600] {dag.py:4180} INFO - Setting next_dagrun for example_sensor_decorator to None, run_after=None
[2025-03-06T22:35:47.902+0600] {processor.py:208} INFO - Processing /home/shamim/airflow_venv/lib/python3.12/site-packages/airflow/example_dags/example_sensor_decorator.py took 0.097 seconds
[2025-03-06T22:36:49.537+0600] {processor.py:186} INFO - Started process (PID=20291) to work on /home/shamim/airflow_venv/lib/python3.12/site-packages/airflow/example_dags/example_sensor_decorator.py
[2025-03-06T22:36:49.543+0600] {processor.py:914} INFO - Processing file /home/shamim/airflow_venv/lib/python3.12/site-packages/airflow/example_dags/example_sensor_decorator.py for tasks to queue
[2025-03-06T22:36:49.545+0600] {logging_mixin.py:190} INFO - [2025-03-06T22:36:49.545+0600] {dagbag.py:588} INFO - Filling up the DagBag from /home/shamim/airflow_venv/lib/python3.12/site-packages/airflow/example_dags/example_sensor_decorator.py
[2025-03-06T22:36:49.556+0600] {processor.py:925} INFO - DAG(s) 'example_sensor_decorator' retrieved from /home/shamim/airflow_venv/lib/python3.12/site-packages/airflow/example_dags/example_sensor_decorator.py
[2025-03-06T22:36:49.574+0600] {logging_mixin.py:190} INFO - [2025-03-06T22:36:49.574+0600] {dag.py:3239} INFO - Sync 1 DAGs
[2025-03-06T22:36:49.590+0600] {logging_mixin.py:190} INFO - [2025-03-06T22:36:49.590+0600] {dag.py:4180} INFO - Setting next_dagrun for example_sensor_decorator to None, run_after=None
[2025-03-06T22:36:49.615+0600] {processor.py:208} INFO - Processing /home/shamim/airflow_venv/lib/python3.12/site-packages/airflow/example_dags/example_sensor_decorator.py took 0.086 seconds
[2025-03-06T22:37:50.509+0600] {processor.py:186} INFO - Started process (PID=20394) to work on /home/shamim/airflow_venv/lib/python3.12/site-packages/airflow/example_dags/example_sensor_decorator.py
[2025-03-06T22:37:50.515+0600] {processor.py:914} INFO - Processing file /home/shamim/airflow_venv/lib/python3.12/site-packages/airflow/example_dags/example_sensor_decorator.py for tasks to queue
[2025-03-06T22:37:50.517+0600] {logging_mixin.py:190} INFO - [2025-03-06T22:37:50.517+0600] {dagbag.py:588} INFO - Filling up the DagBag from /home/shamim/airflow_venv/lib/python3.12/site-packages/airflow/example_dags/example_sensor_decorator.py
[2025-03-06T22:37:50.528+0600] {processor.py:925} INFO - DAG(s) 'example_sensor_decorator' retrieved from /home/shamim/airflow_venv/lib/python3.12/site-packages/airflow/example_dags/example_sensor_decorator.py
[2025-03-06T22:37:50.546+0600] {logging_mixin.py:190} INFO - [2025-03-06T22:37:50.546+0600] {dag.py:3239} INFO - Sync 1 DAGs
[2025-03-06T22:37:50.562+0600] {logging_mixin.py:190} INFO - [2025-03-06T22:37:50.561+0600] {dag.py:4180} INFO - Setting next_dagrun for example_sensor_decorator to None, run_after=None
[2025-03-06T22:37:50.587+0600] {processor.py:208} INFO - Processing /home/shamim/airflow_venv/lib/python3.12/site-packages/airflow/example_dags/example_sensor_decorator.py took 0.084 seconds
[2025-03-06T22:38:50.656+0600] {processor.py:186} INFO - Started process (PID=20462) to work on /home/shamim/airflow_venv/lib/python3.12/site-packages/airflow/example_dags/example_sensor_decorator.py
[2025-03-06T22:38:50.663+0600] {processor.py:914} INFO - Processing file /home/shamim/airflow_venv/lib/python3.12/site-packages/airflow/example_dags/example_sensor_decorator.py for tasks to queue
[2025-03-06T22:38:50.664+0600] {logging_mixin.py:190} INFO - [2025-03-06T22:38:50.664+0600] {dagbag.py:588} INFO - Filling up the DagBag from /home/shamim/airflow_venv/lib/python3.12/site-packages/airflow/example_dags/example_sensor_decorator.py
[2025-03-06T22:38:50.675+0600] {processor.py:925} INFO - DAG(s) 'example_sensor_decorator' retrieved from /home/shamim/airflow_venv/lib/python3.12/site-packages/airflow/example_dags/example_sensor_decorator.py
[2025-03-06T22:38:50.694+0600] {logging_mixin.py:190} INFO - [2025-03-06T22:38:50.693+0600] {dag.py:3239} INFO - Sync 1 DAGs
[2025-03-06T22:38:50.709+0600] {logging_mixin.py:190} INFO - [2025-03-06T22:38:50.709+0600] {dag.py:4180} INFO - Setting next_dagrun for example_sensor_decorator to None, run_after=None
[2025-03-06T22:38:50.733+0600] {processor.py:208} INFO - Processing /home/shamim/airflow_venv/lib/python3.12/site-packages/airflow/example_dags/example_sensor_decorator.py took 0.084 seconds
[2025-03-06T22:39:58.225+0600] {processor.py:186} INFO - Started process (PID=20568) to work on /home/shamim/airflow_venv/lib/python3.12/site-packages/airflow/example_dags/example_sensor_decorator.py
[2025-03-06T22:39:58.231+0600] {processor.py:914} INFO - Processing file /home/shamim/airflow_venv/lib/python3.12/site-packages/airflow/example_dags/example_sensor_decorator.py for tasks to queue
[2025-03-06T22:39:58.233+0600] {logging_mixin.py:190} INFO - [2025-03-06T22:39:58.232+0600] {dagbag.py:588} INFO - Filling up the DagBag from /home/shamim/airflow_venv/lib/python3.12/site-packages/airflow/example_dags/example_sensor_decorator.py
[2025-03-06T22:39:58.245+0600] {processor.py:925} INFO - DAG(s) 'example_sensor_decorator' retrieved from /home/shamim/airflow_venv/lib/python3.12/site-packages/airflow/example_dags/example_sensor_decorator.py
[2025-03-06T22:39:58.267+0600] {logging_mixin.py:190} INFO - [2025-03-06T22:39:58.267+0600] {dag.py:3239} INFO - Sync 1 DAGs
[2025-03-06T22:39:58.283+0600] {logging_mixin.py:190} INFO - [2025-03-06T22:39:58.283+0600] {dag.py:4180} INFO - Setting next_dagrun for example_sensor_decorator to None, run_after=None
[2025-03-06T22:39:58.308+0600] {processor.py:208} INFO - Processing /home/shamim/airflow_venv/lib/python3.12/site-packages/airflow/example_dags/example_sensor_decorator.py took 0.091 seconds
[2025-03-06T22:41:04.627+0600] {processor.py:186} INFO - Started process (PID=20695) to work on /home/shamim/airflow_venv/lib/python3.12/site-packages/airflow/example_dags/example_sensor_decorator.py
[2025-03-06T22:41:04.639+0600] {processor.py:914} INFO - Processing file /home/shamim/airflow_venv/lib/python3.12/site-packages/airflow/example_dags/example_sensor_decorator.py for tasks to queue
[2025-03-06T22:41:04.646+0600] {logging_mixin.py:190} INFO - [2025-03-06T22:41:04.640+0600] {dagbag.py:588} INFO - Filling up the DagBag from /home/shamim/airflow_venv/lib/python3.12/site-packages/airflow/example_dags/example_sensor_decorator.py
[2025-03-06T22:41:04.684+0600] {processor.py:925} INFO - DAG(s) 'example_sensor_decorator' retrieved from /home/shamim/airflow_venv/lib/python3.12/site-packages/airflow/example_dags/example_sensor_decorator.py
[2025-03-06T22:41:04.739+0600] {logging_mixin.py:190} INFO - [2025-03-06T22:41:04.738+0600] {dag.py:3239} INFO - Sync 1 DAGs
[2025-03-06T22:41:04.782+0600] {logging_mixin.py:190} INFO - [2025-03-06T22:41:04.782+0600] {dag.py:4180} INFO - Setting next_dagrun for example_sensor_decorator to None, run_after=None
[2025-03-06T22:41:04.828+0600] {processor.py:208} INFO - Processing /home/shamim/airflow_venv/lib/python3.12/site-packages/airflow/example_dags/example_sensor_decorator.py took 0.217 seconds
[2025-03-06T22:42:10.976+0600] {processor.py:186} INFO - Started process (PID=20817) to work on /home/shamim/airflow_venv/lib/python3.12/site-packages/airflow/example_dags/example_sensor_decorator.py
[2025-03-06T22:42:10.978+0600] {processor.py:914} INFO - Processing file /home/shamim/airflow_venv/lib/python3.12/site-packages/airflow/example_dags/example_sensor_decorator.py for tasks to queue
[2025-03-06T22:42:10.980+0600] {logging_mixin.py:190} INFO - [2025-03-06T22:42:10.979+0600] {dagbag.py:588} INFO - Filling up the DagBag from /home/shamim/airflow_venv/lib/python3.12/site-packages/airflow/example_dags/example_sensor_decorator.py
[2025-03-06T22:42:10.993+0600] {processor.py:925} INFO - DAG(s) 'example_sensor_decorator' retrieved from /home/shamim/airflow_venv/lib/python3.12/site-packages/airflow/example_dags/example_sensor_decorator.py
[2025-03-06T22:42:11.011+0600] {logging_mixin.py:190} INFO - [2025-03-06T22:42:11.011+0600] {dag.py:3239} INFO - Sync 1 DAGs
[2025-03-06T22:42:11.028+0600] {logging_mixin.py:190} INFO - [2025-03-06T22:42:11.027+0600] {dag.py:4180} INFO - Setting next_dagrun for example_sensor_decorator to None, run_after=None
[2025-03-06T22:42:11.051+0600] {processor.py:208} INFO - Processing /home/shamim/airflow_venv/lib/python3.12/site-packages/airflow/example_dags/example_sensor_decorator.py took 0.082 seconds
[2025-03-06T22:43:16.128+0600] {processor.py:186} INFO - Started process (PID=20924) to work on /home/shamim/airflow_venv/lib/python3.12/site-packages/airflow/example_dags/example_sensor_decorator.py
[2025-03-06T22:43:16.134+0600] {processor.py:914} INFO - Processing file /home/shamim/airflow_venv/lib/python3.12/site-packages/airflow/example_dags/example_sensor_decorator.py for tasks to queue
[2025-03-06T22:43:16.136+0600] {logging_mixin.py:190} INFO - [2025-03-06T22:43:16.136+0600] {dagbag.py:588} INFO - Filling up the DagBag from /home/shamim/airflow_venv/lib/python3.12/site-packages/airflow/example_dags/example_sensor_decorator.py
[2025-03-06T22:43:16.147+0600] {processor.py:925} INFO - DAG(s) 'example_sensor_decorator' retrieved from /home/shamim/airflow_venv/lib/python3.12/site-packages/airflow/example_dags/example_sensor_decorator.py
[2025-03-06T22:43:16.165+0600] {logging_mixin.py:190} INFO - [2025-03-06T22:43:16.165+0600] {dag.py:3239} INFO - Sync 1 DAGs
[2025-03-06T22:43:16.181+0600] {logging_mixin.py:190} INFO - [2025-03-06T22:43:16.181+0600] {dag.py:4180} INFO - Setting next_dagrun for example_sensor_decorator to None, run_after=None
[2025-03-06T22:43:16.216+0600] {processor.py:208} INFO - Processing /home/shamim/airflow_venv/lib/python3.12/site-packages/airflow/example_dags/example_sensor_decorator.py took 0.096 seconds
[2025-03-06T22:44:23.983+0600] {processor.py:186} INFO - Started process (PID=21444) to work on /home/shamim/airflow_venv/lib/python3.12/site-packages/airflow/example_dags/example_sensor_decorator.py
[2025-03-06T22:44:24.005+0600] {processor.py:914} INFO - Processing file /home/shamim/airflow_venv/lib/python3.12/site-packages/airflow/example_dags/example_sensor_decorator.py for tasks to queue
[2025-03-06T22:44:24.010+0600] {logging_mixin.py:190} INFO - [2025-03-06T22:44:24.008+0600] {dagbag.py:588} INFO - Filling up the DagBag from /home/shamim/airflow_venv/lib/python3.12/site-packages/airflow/example_dags/example_sensor_decorator.py
[2025-03-06T22:44:24.037+0600] {processor.py:925} INFO - DAG(s) 'example_sensor_decorator' retrieved from /home/shamim/airflow_venv/lib/python3.12/site-packages/airflow/example_dags/example_sensor_decorator.py
[2025-03-06T22:44:24.059+0600] {logging_mixin.py:190} INFO - [2025-03-06T22:44:24.059+0600] {dag.py:3239} INFO - Sync 1 DAGs
[2025-03-06T22:44:24.078+0600] {logging_mixin.py:190} INFO - [2025-03-06T22:44:24.078+0600] {dag.py:4180} INFO - Setting next_dagrun for example_sensor_decorator to None, run_after=None
[2025-03-06T22:44:24.105+0600] {processor.py:208} INFO - Processing /home/shamim/airflow_venv/lib/python3.12/site-packages/airflow/example_dags/example_sensor_decorator.py took 0.145 seconds
[2025-03-06T22:45:35.533+0600] {processor.py:186} INFO - Started process (PID=21576) to work on /home/shamim/airflow_venv/lib/python3.12/site-packages/airflow/example_dags/example_sensor_decorator.py
[2025-03-06T22:45:35.540+0600] {processor.py:914} INFO - Processing file /home/shamim/airflow_venv/lib/python3.12/site-packages/airflow/example_dags/example_sensor_decorator.py for tasks to queue
[2025-03-06T22:45:35.543+0600] {logging_mixin.py:190} INFO - [2025-03-06T22:45:35.542+0600] {dagbag.py:588} INFO - Filling up the DagBag from /home/shamim/airflow_venv/lib/python3.12/site-packages/airflow/example_dags/example_sensor_decorator.py
[2025-03-06T22:45:35.562+0600] {processor.py:925} INFO - DAG(s) 'example_sensor_decorator' retrieved from /home/shamim/airflow_venv/lib/python3.12/site-packages/airflow/example_dags/example_sensor_decorator.py
[2025-03-06T22:45:35.593+0600] {logging_mixin.py:190} INFO - [2025-03-06T22:45:35.592+0600] {dag.py:3239} INFO - Sync 1 DAGs
[2025-03-06T22:45:35.610+0600] {logging_mixin.py:190} INFO - [2025-03-06T22:45:35.610+0600] {dag.py:4180} INFO - Setting next_dagrun for example_sensor_decorator to None, run_after=None
[2025-03-06T22:45:35.650+0600] {processor.py:208} INFO - Processing /home/shamim/airflow_venv/lib/python3.12/site-packages/airflow/example_dags/example_sensor_decorator.py took 0.128 seconds
[2025-03-06T22:46:45.436+0600] {processor.py:186} INFO - Started process (PID=22136) to work on /home/shamim/airflow_venv/lib/python3.12/site-packages/airflow/example_dags/example_sensor_decorator.py
[2025-03-06T22:46:45.443+0600] {processor.py:914} INFO - Processing file /home/shamim/airflow_venv/lib/python3.12/site-packages/airflow/example_dags/example_sensor_decorator.py for tasks to queue
[2025-03-06T22:46:45.445+0600] {logging_mixin.py:190} INFO - [2025-03-06T22:46:45.444+0600] {dagbag.py:588} INFO - Filling up the DagBag from /home/shamim/airflow_venv/lib/python3.12/site-packages/airflow/example_dags/example_sensor_decorator.py
[2025-03-06T22:46:45.459+0600] {processor.py:925} INFO - DAG(s) 'example_sensor_decorator' retrieved from /home/shamim/airflow_venv/lib/python3.12/site-packages/airflow/example_dags/example_sensor_decorator.py
[2025-03-06T22:46:45.478+0600] {logging_mixin.py:190} INFO - [2025-03-06T22:46:45.477+0600] {dag.py:3239} INFO - Sync 1 DAGs
[2025-03-06T22:46:45.494+0600] {logging_mixin.py:190} INFO - [2025-03-06T22:46:45.494+0600] {dag.py:4180} INFO - Setting next_dagrun for example_sensor_decorator to None, run_after=None
[2025-03-06T22:46:45.523+0600] {processor.py:208} INFO - Processing /home/shamim/airflow_venv/lib/python3.12/site-packages/airflow/example_dags/example_sensor_decorator.py took 0.097 seconds
[2025-03-06T22:47:50.707+0600] {processor.py:186} INFO - Started process (PID=22286) to work on /home/shamim/airflow_venv/lib/python3.12/site-packages/airflow/example_dags/example_sensor_decorator.py
[2025-03-06T22:47:50.711+0600] {processor.py:914} INFO - Processing file /home/shamim/airflow_venv/lib/python3.12/site-packages/airflow/example_dags/example_sensor_decorator.py for tasks to queue
[2025-03-06T22:47:50.715+0600] {logging_mixin.py:190} INFO - [2025-03-06T22:47:50.714+0600] {dagbag.py:588} INFO - Filling up the DagBag from /home/shamim/airflow_venv/lib/python3.12/site-packages/airflow/example_dags/example_sensor_decorator.py
[2025-03-06T22:47:50.732+0600] {processor.py:925} INFO - DAG(s) 'example_sensor_decorator' retrieved from /home/shamim/airflow_venv/lib/python3.12/site-packages/airflow/example_dags/example_sensor_decorator.py
[2025-03-06T22:47:50.751+0600] {logging_mixin.py:190} INFO - [2025-03-06T22:47:50.751+0600] {dag.py:3239} INFO - Sync 1 DAGs
[2025-03-06T22:47:50.767+0600] {logging_mixin.py:190} INFO - [2025-03-06T22:47:50.767+0600] {dag.py:4180} INFO - Setting next_dagrun for example_sensor_decorator to None, run_after=None
[2025-03-06T22:47:50.790+0600] {processor.py:208} INFO - Processing /home/shamim/airflow_venv/lib/python3.12/site-packages/airflow/example_dags/example_sensor_decorator.py took 0.095 seconds
[2025-03-06T22:48:57.649+0600] {processor.py:186} INFO - Started process (PID=22426) to work on /home/shamim/airflow_venv/lib/python3.12/site-packages/airflow/example_dags/example_sensor_decorator.py
[2025-03-06T22:48:57.658+0600] {processor.py:914} INFO - Processing file /home/shamim/airflow_venv/lib/python3.12/site-packages/airflow/example_dags/example_sensor_decorator.py for tasks to queue
[2025-03-06T22:48:57.662+0600] {logging_mixin.py:190} INFO - [2025-03-06T22:48:57.661+0600] {dagbag.py:588} INFO - Filling up the DagBag from /home/shamim/airflow_venv/lib/python3.12/site-packages/airflow/example_dags/example_sensor_decorator.py
[2025-03-06T22:48:57.676+0600] {processor.py:925} INFO - DAG(s) 'example_sensor_decorator' retrieved from /home/shamim/airflow_venv/lib/python3.12/site-packages/airflow/example_dags/example_sensor_decorator.py
[2025-03-06T22:48:57.698+0600] {logging_mixin.py:190} INFO - [2025-03-06T22:48:57.698+0600] {dag.py:3239} INFO - Sync 1 DAGs
[2025-03-06T22:48:57.720+0600] {logging_mixin.py:190} INFO - [2025-03-06T22:48:57.720+0600] {dag.py:4180} INFO - Setting next_dagrun for example_sensor_decorator to None, run_after=None
[2025-03-06T22:48:57.748+0600] {processor.py:208} INFO - Processing /home/shamim/airflow_venv/lib/python3.12/site-packages/airflow/example_dags/example_sensor_decorator.py took 0.119 seconds
[2025-03-06T22:50:07.623+0600] {processor.py:186} INFO - Started process (PID=22523) to work on /home/shamim/airflow_venv/lib/python3.12/site-packages/airflow/example_dags/example_sensor_decorator.py
[2025-03-06T22:50:07.629+0600] {processor.py:914} INFO - Processing file /home/shamim/airflow_venv/lib/python3.12/site-packages/airflow/example_dags/example_sensor_decorator.py for tasks to queue
[2025-03-06T22:50:07.631+0600] {logging_mixin.py:190} INFO - [2025-03-06T22:50:07.631+0600] {dagbag.py:588} INFO - Filling up the DagBag from /home/shamim/airflow_venv/lib/python3.12/site-packages/airflow/example_dags/example_sensor_decorator.py
[2025-03-06T22:50:07.644+0600] {processor.py:925} INFO - DAG(s) 'example_sensor_decorator' retrieved from /home/shamim/airflow_venv/lib/python3.12/site-packages/airflow/example_dags/example_sensor_decorator.py
[2025-03-06T22:50:07.662+0600] {logging_mixin.py:190} INFO - [2025-03-06T22:50:07.662+0600] {dag.py:3239} INFO - Sync 1 DAGs
[2025-03-06T22:50:07.679+0600] {logging_mixin.py:190} INFO - [2025-03-06T22:50:07.679+0600] {dag.py:4180} INFO - Setting next_dagrun for example_sensor_decorator to None, run_after=None
[2025-03-06T22:50:07.707+0600] {processor.py:208} INFO - Processing /home/shamim/airflow_venv/lib/python3.12/site-packages/airflow/example_dags/example_sensor_decorator.py took 0.093 seconds
[2025-03-06T22:51:09.882+0600] {processor.py:186} INFO - Started process (PID=22981) to work on /home/shamim/airflow_venv/lib/python3.12/site-packages/airflow/example_dags/example_sensor_decorator.py
[2025-03-06T22:51:09.888+0600] {processor.py:914} INFO - Processing file /home/shamim/airflow_venv/lib/python3.12/site-packages/airflow/example_dags/example_sensor_decorator.py for tasks to queue
[2025-03-06T22:51:09.890+0600] {logging_mixin.py:190} INFO - [2025-03-06T22:51:09.889+0600] {dagbag.py:588} INFO - Filling up the DagBag from /home/shamim/airflow_venv/lib/python3.12/site-packages/airflow/example_dags/example_sensor_decorator.py
[2025-03-06T22:51:09.901+0600] {processor.py:925} INFO - DAG(s) 'example_sensor_decorator' retrieved from /home/shamim/airflow_venv/lib/python3.12/site-packages/airflow/example_dags/example_sensor_decorator.py
[2025-03-06T22:51:09.920+0600] {logging_mixin.py:190} INFO - [2025-03-06T22:51:09.919+0600] {dag.py:3239} INFO - Sync 1 DAGs
[2025-03-06T22:51:09.936+0600] {logging_mixin.py:190} INFO - [2025-03-06T22:51:09.936+0600] {dag.py:4180} INFO - Setting next_dagrun for example_sensor_decorator to None, run_after=None
[2025-03-06T22:51:09.966+0600] {processor.py:208} INFO - Processing /home/shamim/airflow_venv/lib/python3.12/site-packages/airflow/example_dags/example_sensor_decorator.py took 0.091 seconds
[2025-03-06T22:52:12.901+0600] {processor.py:186} INFO - Started process (PID=23085) to work on /home/shamim/airflow_venv/lib/python3.12/site-packages/airflow/example_dags/example_sensor_decorator.py
[2025-03-06T22:52:12.905+0600] {processor.py:914} INFO - Processing file /home/shamim/airflow_venv/lib/python3.12/site-packages/airflow/example_dags/example_sensor_decorator.py for tasks to queue
[2025-03-06T22:52:12.907+0600] {logging_mixin.py:190} INFO - [2025-03-06T22:52:12.906+0600] {dagbag.py:588} INFO - Filling up the DagBag from /home/shamim/airflow_venv/lib/python3.12/site-packages/airflow/example_dags/example_sensor_decorator.py
[2025-03-06T22:52:12.917+0600] {processor.py:925} INFO - DAG(s) 'example_sensor_decorator' retrieved from /home/shamim/airflow_venv/lib/python3.12/site-packages/airflow/example_dags/example_sensor_decorator.py
[2025-03-06T22:52:12.935+0600] {logging_mixin.py:190} INFO - [2025-03-06T22:52:12.934+0600] {dag.py:3239} INFO - Sync 1 DAGs
[2025-03-06T22:52:12.950+0600] {logging_mixin.py:190} INFO - [2025-03-06T22:52:12.950+0600] {dag.py:4180} INFO - Setting next_dagrun for example_sensor_decorator to None, run_after=None
[2025-03-06T22:52:12.972+0600] {processor.py:208} INFO - Processing /home/shamim/airflow_venv/lib/python3.12/site-packages/airflow/example_dags/example_sensor_decorator.py took 0.080 seconds
[2025-03-06T22:53:21.044+0600] {processor.py:186} INFO - Started process (PID=23235) to work on /home/shamim/airflow_venv/lib/python3.12/site-packages/airflow/example_dags/example_sensor_decorator.py
[2025-03-06T22:53:21.046+0600] {processor.py:914} INFO - Processing file /home/shamim/airflow_venv/lib/python3.12/site-packages/airflow/example_dags/example_sensor_decorator.py for tasks to queue
[2025-03-06T22:53:21.049+0600] {logging_mixin.py:190} INFO - [2025-03-06T22:53:21.048+0600] {dagbag.py:588} INFO - Filling up the DagBag from /home/shamim/airflow_venv/lib/python3.12/site-packages/airflow/example_dags/example_sensor_decorator.py
[2025-03-06T22:53:21.069+0600] {processor.py:925} INFO - DAG(s) 'example_sensor_decorator' retrieved from /home/shamim/airflow_venv/lib/python3.12/site-packages/airflow/example_dags/example_sensor_decorator.py
[2025-03-06T22:53:21.102+0600] {logging_mixin.py:190} INFO - [2025-03-06T22:53:21.101+0600] {dag.py:3239} INFO - Sync 1 DAGs
[2025-03-06T22:53:21.124+0600] {logging_mixin.py:190} INFO - [2025-03-06T22:53:21.123+0600] {dag.py:4180} INFO - Setting next_dagrun for example_sensor_decorator to None, run_after=None
[2025-03-06T22:53:21.152+0600] {processor.py:208} INFO - Processing /home/shamim/airflow_venv/lib/python3.12/site-packages/airflow/example_dags/example_sensor_decorator.py took 0.122 seconds
[2025-03-06T22:54:36.527+0600] {processor.py:186} INFO - Started process (PID=23360) to work on /home/shamim/airflow_venv/lib/python3.12/site-packages/airflow/example_dags/example_sensor_decorator.py
[2025-03-06T22:54:36.534+0600] {processor.py:914} INFO - Processing file /home/shamim/airflow_venv/lib/python3.12/site-packages/airflow/example_dags/example_sensor_decorator.py for tasks to queue
[2025-03-06T22:54:36.536+0600] {logging_mixin.py:190} INFO - [2025-03-06T22:54:36.536+0600] {dagbag.py:588} INFO - Filling up the DagBag from /home/shamim/airflow_venv/lib/python3.12/site-packages/airflow/example_dags/example_sensor_decorator.py
[2025-03-06T22:54:36.548+0600] {processor.py:925} INFO - DAG(s) 'example_sensor_decorator' retrieved from /home/shamim/airflow_venv/lib/python3.12/site-packages/airflow/example_dags/example_sensor_decorator.py
[2025-03-06T22:54:36.569+0600] {logging_mixin.py:190} INFO - [2025-03-06T22:54:36.568+0600] {dag.py:3239} INFO - Sync 1 DAGs
[2025-03-06T22:54:36.586+0600] {logging_mixin.py:190} INFO - [2025-03-06T22:54:36.585+0600] {dag.py:4180} INFO - Setting next_dagrun for example_sensor_decorator to None, run_after=None
[2025-03-06T22:54:36.612+0600] {processor.py:208} INFO - Processing /home/shamim/airflow_venv/lib/python3.12/site-packages/airflow/example_dags/example_sensor_decorator.py took 0.092 seconds
[2025-03-06T22:55:46.785+0600] {processor.py:186} INFO - Started process (PID=23882) to work on /home/shamim/airflow_venv/lib/python3.12/site-packages/airflow/example_dags/example_sensor_decorator.py
[2025-03-06T22:55:46.792+0600] {processor.py:914} INFO - Processing file /home/shamim/airflow_venv/lib/python3.12/site-packages/airflow/example_dags/example_sensor_decorator.py for tasks to queue
[2025-03-06T22:55:46.795+0600] {logging_mixin.py:190} INFO - [2025-03-06T22:55:46.794+0600] {dagbag.py:588} INFO - Filling up the DagBag from /home/shamim/airflow_venv/lib/python3.12/site-packages/airflow/example_dags/example_sensor_decorator.py
[2025-03-06T22:55:46.806+0600] {processor.py:925} INFO - DAG(s) 'example_sensor_decorator' retrieved from /home/shamim/airflow_venv/lib/python3.12/site-packages/airflow/example_dags/example_sensor_decorator.py
[2025-03-06T22:55:46.830+0600] {logging_mixin.py:190} INFO - [2025-03-06T22:55:46.830+0600] {dag.py:3239} INFO - Sync 1 DAGs
[2025-03-06T22:55:46.849+0600] {logging_mixin.py:190} INFO - [2025-03-06T22:55:46.849+0600] {dag.py:4180} INFO - Setting next_dagrun for example_sensor_decorator to None, run_after=None
[2025-03-06T22:55:46.879+0600] {processor.py:208} INFO - Processing /home/shamim/airflow_venv/lib/python3.12/site-packages/airflow/example_dags/example_sensor_decorator.py took 0.106 seconds
[2025-03-06T22:56:56.201+0600] {processor.py:186} INFO - Started process (PID=24028) to work on /home/shamim/airflow_venv/lib/python3.12/site-packages/airflow/example_dags/example_sensor_decorator.py
[2025-03-06T22:56:56.210+0600] {processor.py:914} INFO - Processing file /home/shamim/airflow_venv/lib/python3.12/site-packages/airflow/example_dags/example_sensor_decorator.py for tasks to queue
[2025-03-06T22:56:56.216+0600] {logging_mixin.py:190} INFO - [2025-03-06T22:56:56.214+0600] {dagbag.py:588} INFO - Filling up the DagBag from /home/shamim/airflow_venv/lib/python3.12/site-packages/airflow/example_dags/example_sensor_decorator.py
[2025-03-06T22:56:56.249+0600] {processor.py:925} INFO - DAG(s) 'example_sensor_decorator' retrieved from /home/shamim/airflow_venv/lib/python3.12/site-packages/airflow/example_dags/example_sensor_decorator.py
[2025-03-06T22:56:56.277+0600] {logging_mixin.py:190} INFO - [2025-03-06T22:56:56.276+0600] {dag.py:3239} INFO - Sync 1 DAGs
[2025-03-06T22:56:56.296+0600] {logging_mixin.py:190} INFO - [2025-03-06T22:56:56.296+0600] {dag.py:4180} INFO - Setting next_dagrun for example_sensor_decorator to None, run_after=None
[2025-03-06T22:56:56.323+0600] {processor.py:208} INFO - Processing /home/shamim/airflow_venv/lib/python3.12/site-packages/airflow/example_dags/example_sensor_decorator.py took 0.145 seconds
[2025-03-06T22:58:02.281+0600] {processor.py:186} INFO - Started process (PID=24176) to work on /home/shamim/airflow_venv/lib/python3.12/site-packages/airflow/example_dags/example_sensor_decorator.py
[2025-03-06T22:58:02.284+0600] {processor.py:914} INFO - Processing file /home/shamim/airflow_venv/lib/python3.12/site-packages/airflow/example_dags/example_sensor_decorator.py for tasks to queue
[2025-03-06T22:58:02.290+0600] {logging_mixin.py:190} INFO - [2025-03-06T22:58:02.289+0600] {dagbag.py:588} INFO - Filling up the DagBag from /home/shamim/airflow_venv/lib/python3.12/site-packages/airflow/example_dags/example_sensor_decorator.py
[2025-03-06T22:58:02.322+0600] {processor.py:925} INFO - DAG(s) 'example_sensor_decorator' retrieved from /home/shamim/airflow_venv/lib/python3.12/site-packages/airflow/example_dags/example_sensor_decorator.py
[2025-03-06T22:58:02.347+0600] {logging_mixin.py:190} INFO - [2025-03-06T22:58:02.347+0600] {dag.py:3239} INFO - Sync 1 DAGs
[2025-03-06T22:58:02.370+0600] {logging_mixin.py:190} INFO - [2025-03-06T22:58:02.369+0600] {dag.py:4180} INFO - Setting next_dagrun for example_sensor_decorator to None, run_after=None
[2025-03-06T22:58:02.411+0600] {processor.py:208} INFO - Processing /home/shamim/airflow_venv/lib/python3.12/site-packages/airflow/example_dags/example_sensor_decorator.py took 0.159 seconds
[2025-03-06T22:59:12.634+0600] {processor.py:186} INFO - Started process (PID=24647) to work on /home/shamim/airflow_venv/lib/python3.12/site-packages/airflow/example_dags/example_sensor_decorator.py
[2025-03-06T22:59:12.637+0600] {processor.py:914} INFO - Processing file /home/shamim/airflow_venv/lib/python3.12/site-packages/airflow/example_dags/example_sensor_decorator.py for tasks to queue
[2025-03-06T22:59:12.639+0600] {logging_mixin.py:190} INFO - [2025-03-06T22:59:12.638+0600] {dagbag.py:588} INFO - Filling up the DagBag from /home/shamim/airflow_venv/lib/python3.12/site-packages/airflow/example_dags/example_sensor_decorator.py
[2025-03-06T22:59:12.649+0600] {processor.py:925} INFO - DAG(s) 'example_sensor_decorator' retrieved from /home/shamim/airflow_venv/lib/python3.12/site-packages/airflow/example_dags/example_sensor_decorator.py
[2025-03-06T22:59:12.667+0600] {logging_mixin.py:190} INFO - [2025-03-06T22:59:12.667+0600] {dag.py:3239} INFO - Sync 1 DAGs
[2025-03-06T22:59:12.685+0600] {logging_mixin.py:190} INFO - [2025-03-06T22:59:12.685+0600] {dag.py:4180} INFO - Setting next_dagrun for example_sensor_decorator to None, run_after=None
[2025-03-06T22:59:12.707+0600] {processor.py:208} INFO - Processing /home/shamim/airflow_venv/lib/python3.12/site-packages/airflow/example_dags/example_sensor_decorator.py took 0.081 seconds
[2025-03-06T23:00:12.356+0600] {processor.py:186} INFO - Started process (PID=24729) to work on /home/shamim/airflow_venv/lib/python3.12/site-packages/airflow/example_dags/example_sensor_decorator.py
[2025-03-06T23:00:12.362+0600] {processor.py:914} INFO - Processing file /home/shamim/airflow_venv/lib/python3.12/site-packages/airflow/example_dags/example_sensor_decorator.py for tasks to queue
[2025-03-06T23:00:12.364+0600] {logging_mixin.py:190} INFO - [2025-03-06T23:00:12.363+0600] {dagbag.py:588} INFO - Filling up the DagBag from /home/shamim/airflow_venv/lib/python3.12/site-packages/airflow/example_dags/example_sensor_decorator.py
[2025-03-06T23:00:12.376+0600] {processor.py:925} INFO - DAG(s) 'example_sensor_decorator' retrieved from /home/shamim/airflow_venv/lib/python3.12/site-packages/airflow/example_dags/example_sensor_decorator.py
[2025-03-06T23:00:12.394+0600] {logging_mixin.py:190} INFO - [2025-03-06T23:00:12.394+0600] {dag.py:3239} INFO - Sync 1 DAGs
[2025-03-06T23:00:12.411+0600] {logging_mixin.py:190} INFO - [2025-03-06T23:00:12.410+0600] {dag.py:4180} INFO - Setting next_dagrun for example_sensor_decorator to None, run_after=None
[2025-03-06T23:00:12.436+0600] {processor.py:208} INFO - Processing /home/shamim/airflow_venv/lib/python3.12/site-packages/airflow/example_dags/example_sensor_decorator.py took 0.089 seconds
[2025-03-06T23:01:17.046+0600] {processor.py:186} INFO - Started process (PID=24794) to work on /home/shamim/airflow_venv/lib/python3.12/site-packages/airflow/example_dags/example_sensor_decorator.py
[2025-03-06T23:01:17.053+0600] {processor.py:914} INFO - Processing file /home/shamim/airflow_venv/lib/python3.12/site-packages/airflow/example_dags/example_sensor_decorator.py for tasks to queue
[2025-03-06T23:01:17.055+0600] {logging_mixin.py:190} INFO - [2025-03-06T23:01:17.054+0600] {dagbag.py:588} INFO - Filling up the DagBag from /home/shamim/airflow_venv/lib/python3.12/site-packages/airflow/example_dags/example_sensor_decorator.py
[2025-03-06T23:01:17.066+0600] {processor.py:925} INFO - DAG(s) 'example_sensor_decorator' retrieved from /home/shamim/airflow_venv/lib/python3.12/site-packages/airflow/example_dags/example_sensor_decorator.py
[2025-03-06T23:01:17.084+0600] {logging_mixin.py:190} INFO - [2025-03-06T23:01:17.084+0600] {dag.py:3239} INFO - Sync 1 DAGs
[2025-03-06T23:01:17.100+0600] {logging_mixin.py:190} INFO - [2025-03-06T23:01:17.100+0600] {dag.py:4180} INFO - Setting next_dagrun for example_sensor_decorator to None, run_after=None
[2025-03-06T23:01:17.125+0600] {processor.py:208} INFO - Processing /home/shamim/airflow_venv/lib/python3.12/site-packages/airflow/example_dags/example_sensor_decorator.py took 0.087 seconds
