[2025-03-10T17:27:32.968+0600] {local_task_job_runner.py:123} INFO - ::group::Pre task execution logs
[2025-03-10T17:27:32.981+0600] {taskinstance.py:2614} INFO - Dependencies all met for dep_context=non-requeueable deps ti=<TaskInstance: E2E_kafka_producer_data_ETL_dag.extract_data_task manual__2025-03-10T11:27:26.494712+00:00 [queued]>
[2025-03-10T17:27:32.990+0600] {taskinstance.py:2614} INFO - Dependencies all met for dep_context=requeueable deps ti=<TaskInstance: E2E_kafka_producer_data_ETL_dag.extract_data_task manual__2025-03-10T11:27:26.494712+00:00 [queued]>
[2025-03-10T17:27:32.990+0600] {taskinstance.py:2867} INFO - Starting attempt 1 of 1
[2025-03-10T17:27:33.017+0600] {taskinstance.py:2890} INFO - Executing <Task(PythonOperator): extract_data_task> on 2025-03-10 11:27:26.494712+00:00
[2025-03-10T17:27:33.024+0600] {standard_task_runner.py:72} INFO - Started process 12914 to run task
[2025-03-10T17:27:33.029+0600] {standard_task_runner.py:104} INFO - Running: ['airflow', 'tasks', 'run', 'E2E_kafka_producer_data_ETL_dag', 'extract_data_task', 'manual__2025-03-10T11:27:26.494712+00:00', '--job-id', '37', '--raw', '--subdir', 'DAGS_FOLDER/E2E_ETL_pipeline.py', '--cfg-path', '/tmp/tmp11kgf20p']
[2025-03-10T17:27:33.030+0600] {standard_task_runner.py:105} INFO - Job 37: Subtask extract_data_task
[2025-03-10T17:27:33.072+0600] {task_command.py:467} INFO - Running <TaskInstance: E2E_kafka_producer_data_ETL_dag.extract_data_task manual__2025-03-10T11:27:26.494712+00:00 [running]> on host shamim-X541UV
[2025-03-10T17:27:33.334+0600] {taskinstance.py:3134} INFO - Exporting env vars: AIRFLOW_CTX_DAG_OWNER='airflow' AIRFLOW_CTX_DAG_ID='E2E_kafka_producer_data_ETL_dag' AIRFLOW_CTX_TASK_ID='extract_data_task' AIRFLOW_CTX_EXECUTION_DATE='2025-03-10T11:27:26.494712+00:00' AIRFLOW_CTX_TRY_NUMBER='1' AIRFLOW_CTX_DAG_RUN_ID='manual__2025-03-10T11:27:26.494712+00:00'
[2025-03-10T17:27:33.335+0600] {logging_mixin.py:190} INFO - Task instance is in running state
[2025-03-10T17:27:33.335+0600] {logging_mixin.py:190} INFO -  Previous state of the Task instance: queued
[2025-03-10T17:27:33.336+0600] {logging_mixin.py:190} INFO - Current task name:extract_data_task state:running start_date:2025-03-10 11:27:32.981914+00:00
[2025-03-10T17:27:33.336+0600] {logging_mixin.py:190} INFO - Dag name:E2E_kafka_producer_data_ETL_dag and current dag run status:running
[2025-03-10T17:27:33.336+0600] {taskinstance.py:732} INFO - ::endgroup::
[2025-03-10T17:27:33.344+0600] {logging_mixin.py:190} WARNING - /home/shamim/Real_Time_Big_Data_Airflow/dags/E2E_ETL_pipeline.py:26 UserWarning: pandas only supports SQLAlchemy connectable (engine/connection) or database string URI or sqlite3 DBAPI2 connection. Other DBAPI2 objects are not tested. Please consider using SQLAlchemy.
[2025-03-10T17:27:33.364+0600] {logging_mixin.py:190} INFO -     id        date  temperature  humidity
0  1.0  2024/01/01         12.0      77.0
1  2.0  2024/01/02         13.0      66.0
2  3.0  2024/01/03         15.0      55.0
3  NaN        None          NaN       NaN
[2025-03-10T17:27:33.365+0600] {python.py:240} INFO - Done. Returned value was: None
[2025-03-10T17:27:33.370+0600] {taskinstance.py:341} INFO - ::group::Post task execution logs
[2025-03-10T17:27:33.370+0600] {taskinstance.py:353} INFO - Marking task as SUCCESS. dag_id=E2E_kafka_producer_data_ETL_dag, task_id=extract_data_task, run_id=manual__2025-03-10T11:27:26.494712+00:00, execution_date=20250310T112726, start_date=20250310T112732, end_date=20250310T112733
[2025-03-10T17:27:33.390+0600] {logging_mixin.py:190} INFO - Task instance in success state
[2025-03-10T17:27:33.391+0600] {logging_mixin.py:190} INFO -  Previous state of the Task instance: running
[2025-03-10T17:27:33.391+0600] {logging_mixin.py:190} INFO - Dag name:E2E_kafka_producer_data_ETL_dag queued_at:2025-03-10 11:27:26.511629+00:00
[2025-03-10T17:27:33.391+0600] {logging_mixin.py:190} INFO - Task hostname:shamim-X541UV operator:PythonOperator
[2025-03-10T17:27:33.442+0600] {local_task_job_runner.py:266} INFO - Task exited with return code 0
[2025-03-10T17:27:33.458+0600] {taskinstance.py:3901} INFO - 0 downstream tasks scheduled from follow-on schedule check
[2025-03-10T17:27:33.459+0600] {local_task_job_runner.py:245} INFO - ::endgroup::
