[2025-03-10T21:22:27.980+0600] {local_task_job_runner.py:123} INFO - ::group::Pre task execution logs
[2025-03-10T21:22:27.999+0600] {taskinstance.py:2614} INFO - Dependencies all met for dep_context=non-requeueable deps ti=<TaskInstance: E2E_kafka_producer_data_ETL_dag.load_clean_data_into_pg_task manual__2025-03-10T15:22:02.937156+00:00 [queued]>
[2025-03-10T21:22:28.010+0600] {taskinstance.py:2614} INFO - Dependencies all met for dep_context=requeueable deps ti=<TaskInstance: E2E_kafka_producer_data_ETL_dag.load_clean_data_into_pg_task manual__2025-03-10T15:22:02.937156+00:00 [queued]>
[2025-03-10T21:22:28.011+0600] {taskinstance.py:2867} INFO - Starting attempt 1 of 1
[2025-03-10T21:22:28.036+0600] {taskinstance.py:2890} INFO - Executing <Task(PythonOperator): load_clean_data_into_pg_task> on 2025-03-10 15:22:02.937156+00:00
[2025-03-10T21:22:28.048+0600] {standard_task_runner.py:104} INFO - Running: ['airflow', 'tasks', 'run', 'E2E_kafka_producer_data_ETL_dag', 'load_clean_data_into_pg_task', 'manual__2025-03-10T15:22:02.937156+00:00', '--job-id', '70', '--raw', '--subdir', 'DAGS_FOLDER/E2E_ETL_pipeline.py', '--cfg-path', '/tmp/tmp6hr2nd5p']
[2025-03-10T21:22:28.050+0600] {standard_task_runner.py:105} INFO - Job 70: Subtask load_clean_data_into_pg_task
[2025-03-10T21:22:28.054+0600] {logging_mixin.py:190} WARNING - /home/shamim/airflow_venv/lib/python3.12/site-packages/airflow/task/task_runner/standard_task_runner.py:70 DeprecationWarning: This process (pid=87054) is multi-threaded, use of fork() may lead to deadlocks in the child.
[2025-03-10T21:22:28.055+0600] {standard_task_runner.py:72} INFO - Started process 87064 to run task
[2025-03-10T21:22:28.097+0600] {task_command.py:467} INFO - Running <TaskInstance: E2E_kafka_producer_data_ETL_dag.load_clean_data_into_pg_task manual__2025-03-10T15:22:02.937156+00:00 [running]> on host shamim-X541UV
[2025-03-10T21:22:28.180+0600] {taskinstance.py:3134} INFO - Exporting env vars: AIRFLOW_CTX_DAG_OWNER='airflow' AIRFLOW_CTX_DAG_ID='E2E_kafka_producer_data_ETL_dag' AIRFLOW_CTX_TASK_ID='load_clean_data_into_pg_task' AIRFLOW_CTX_EXECUTION_DATE='2025-03-10T15:22:02.937156+00:00' AIRFLOW_CTX_TRY_NUMBER='1' AIRFLOW_CTX_DAG_RUN_ID='manual__2025-03-10T15:22:02.937156+00:00'
[2025-03-10T21:22:28.182+0600] {logging_mixin.py:190} INFO - Task instance is in running state
[2025-03-10T21:22:28.182+0600] {logging_mixin.py:190} INFO -  Previous state of the Task instance: queued
[2025-03-10T21:22:28.183+0600] {logging_mixin.py:190} INFO - Current task name:load_clean_data_into_pg_task state:running start_date:2025-03-10 15:22:27.999794+00:00
[2025-03-10T21:22:28.183+0600] {logging_mixin.py:190} INFO - Dag name:E2E_kafka_producer_data_ETL_dag and current dag run status:running
[2025-03-10T21:22:28.183+0600] {taskinstance.py:732} INFO - ::endgroup::
[2025-03-10T21:22:28.229+0600] {logging_mixin.py:190} INFO - insert into transformed_weather_info(id,date_time,city,temperature,humidity,pressure,wind_speed,wind_direction,precipitation,cloud_cover) values %s
[2025-03-10T21:22:28.231+0600] {logging_mixin.py:190} INFO - Existing records from transformed_weather_info deleted successfully!
[2025-03-10T21:22:28.234+0600] {logging_mixin.py:190} INFO - Dataframe is inserted successfully!
[2025-03-10T21:22:28.234+0600] {logging_mixin.py:190} INFO - Insert Time: 0.04973745346069336 seconds.
[2025-03-10T21:22:28.235+0600] {python.py:240} INFO - Done. Returned value was: None
[2025-03-10T21:22:28.242+0600] {taskinstance.py:341} INFO - ::group::Post task execution logs
[2025-03-10T21:22:28.242+0600] {taskinstance.py:353} INFO - Marking task as SUCCESS. dag_id=E2E_kafka_producer_data_ETL_dag, task_id=load_clean_data_into_pg_task, run_id=manual__2025-03-10T15:22:02.937156+00:00, execution_date=20250310T152202, start_date=20250310T152227, end_date=20250310T152228
[2025-03-10T21:22:28.259+0600] {logging_mixin.py:190} INFO - Task instance in success state
[2025-03-10T21:22:28.259+0600] {logging_mixin.py:190} INFO -  Previous state of the Task instance: running
[2025-03-10T21:22:28.260+0600] {logging_mixin.py:190} INFO - Dag name:E2E_kafka_producer_data_ETL_dag queued_at:2025-03-10 15:22:02.952208+00:00
[2025-03-10T21:22:28.260+0600] {logging_mixin.py:190} INFO - Task hostname:shamim-X541UV operator:PythonOperator
[2025-03-10T21:22:28.310+0600] {local_task_job_runner.py:266} INFO - Task exited with return code 0
[2025-03-10T21:22:28.334+0600] {taskinstance.py:3901} INFO - 1 downstream tasks scheduled from follow-on schedule check
[2025-03-10T21:22:28.336+0600] {local_task_job_runner.py:245} INFO - ::endgroup::
