[2025-03-10T00:08:21.308+0600] {local_task_job_runner.py:123} INFO - ::group::Pre task execution logs
[2025-03-10T00:08:21.326+0600] {taskinstance.py:2614} INFO - Dependencies all met for dep_context=non-requeueable deps ti=<TaskInstance: real_time_e2e_dag.create_table_task manual__2025-03-09T18:07:53.669785+00:00 [queued]>
[2025-03-10T00:08:21.337+0600] {taskinstance.py:2614} INFO - Dependencies all met for dep_context=requeueable deps ti=<TaskInstance: real_time_e2e_dag.create_table_task manual__2025-03-09T18:07:53.669785+00:00 [queued]>
[2025-03-10T00:08:21.337+0600] {taskinstance.py:2867} INFO - Starting attempt 1 of 1
[2025-03-10T00:08:21.489+0600] {taskinstance.py:2890} INFO - Executing <Task(SQLExecuteQueryOperator): create_table_task> on 2025-03-09 18:07:53.669785+00:00
[2025-03-10T00:08:21.498+0600] {clientserver.py:543} INFO - Closing down clientserver connection
[2025-03-10T00:08:21.506+0600] {standard_task_runner.py:104} INFO - Running: ['airflow', 'tasks', 'run', 'real_time_e2e_dag', 'create_table_task', 'manual__2025-03-09T18:07:53.669785+00:00', '--job-id', '19', '--raw', '--subdir', 'DAGS_FOLDER/RT_temp.py', '--cfg-path', '/tmp/tmpacvmege3']
[2025-03-10T00:08:21.508+0600] {standard_task_runner.py:105} INFO - Job 19: Subtask create_table_task
[2025-03-10T00:08:21.516+0600] {logging_mixin.py:190} WARNING - /home/shamim/airflow_venv/lib/python3.12/site-packages/airflow/task/task_runner/standard_task_runner.py:70 DeprecationWarning: This process (pid=42297) is multi-threaded, use of fork() may lead to deadlocks in the child.
[2025-03-10T00:08:21.517+0600] {standard_task_runner.py:72} INFO - Started process 42501 to run task
[2025-03-10T00:08:21.572+0600] {task_command.py:467} INFO - Running <TaskInstance: real_time_e2e_dag.create_table_task manual__2025-03-09T18:07:53.669785+00:00 [running]> on host shamim-X541UV
[2025-03-10T00:08:21.664+0600] {taskinstance.py:3134} INFO - Exporting env vars: AIRFLOW_CTX_DAG_OWNER='airflow' AIRFLOW_CTX_DAG_ID='real_time_e2e_dag' AIRFLOW_CTX_TASK_ID='create_table_task' AIRFLOW_CTX_EXECUTION_DATE='2025-03-09T18:07:53.669785+00:00' AIRFLOW_CTX_TRY_NUMBER='1' AIRFLOW_CTX_DAG_RUN_ID='manual__2025-03-09T18:07:53.669785+00:00'
[2025-03-10T00:08:21.666+0600] {logging_mixin.py:190} INFO - Task instance is in running state
[2025-03-10T00:08:21.667+0600] {logging_mixin.py:190} INFO -  Previous state of the Task instance: queued
[2025-03-10T00:08:21.667+0600] {logging_mixin.py:190} INFO - Current task name:create_table_task state:running start_date:2025-03-09 18:08:21.326607+00:00
[2025-03-10T00:08:21.668+0600] {logging_mixin.py:190} INFO - Dag name:real_time_e2e_dag and current dag run status:running
[2025-03-10T00:08:21.668+0600] {taskinstance.py:732} INFO - ::endgroup::
[2025-03-10T00:08:21.668+0600] {sql.py:295} INFO - Executing: 
    DROP TABLE IF EXISTS temperature_details CASCADE;
    CREATE TABLE IF NOT EXISTS temperature_details(
    id INT,
    date VARCHAR(100),
    temperature NUMERIC(10,2),
    humidity NUMERIC(10,2)
    );
    
[2025-03-10T00:08:21.676+0600] {base.py:84} INFO - Retrieving connection 'postgres'
[2025-03-10T00:08:21.686+0600] {base.py:84} INFO - Retrieving connection 'postgres'
[2025-03-10T00:08:21.710+0600] {sql.py:624} INFO - Running statement: 
    DROP TABLE IF EXISTS temperature_details CASCADE;
    CREATE TABLE IF NOT EXISTS temperature_details(
    id INT,
    date VARCHAR(100),
    temperature NUMERIC(10,2),
    humidity NUMERIC(10,2)
    );
    , parameters: None
[2025-03-10T00:08:21.726+0600] {logging_mixin.py:190} WARNING - /home/shamim/airflow_venv/lib/python3.12/site-packages/airflow/providers/common/sql/hooks/sql.py:583 DeprecationWarning: Import of fetch_all_handler from the 'airflow.providers.common.sql.hooks' module is deprecated and will
be removed in the future. Please import it from 'airflow.providers.common.sql.hooks.handlers'.
[2025-03-10T00:08:21.730+0600] {logging_mixin.py:190} WARNING - /home/shamim/airflow_venv/lib/python3.12/site-packages/airflow/providers/common/sql/operators/sql.py:311 DeprecationWarning: Import of return_single_query_results from the 'airflow.providers.common.sql.hooks' module is deprecated and will
be removed in the future. Please import it from 'airflow.providers.common.sql.hooks.handlers'.
[2025-03-10T00:08:21.737+0600] {taskinstance.py:341} INFO - ::group::Post task execution logs
[2025-03-10T00:08:21.737+0600] {taskinstance.py:353} INFO - Marking task as SUCCESS. dag_id=real_time_e2e_dag, task_id=create_table_task, run_id=manual__2025-03-09T18:07:53.669785+00:00, execution_date=20250309T180753, start_date=20250309T180821, end_date=20250309T180821
[2025-03-10T00:08:21.758+0600] {logging_mixin.py:190} INFO - Task instance in success state
[2025-03-10T00:08:21.758+0600] {logging_mixin.py:190} INFO -  Previous state of the Task instance: running
[2025-03-10T00:08:21.759+0600] {logging_mixin.py:190} INFO - Dag name:real_time_e2e_dag queued_at:2025-03-09 18:07:53.756590+00:00
[2025-03-10T00:08:21.759+0600] {logging_mixin.py:190} INFO - Task hostname:shamim-X541UV operator:SQLExecuteQueryOperator
[2025-03-10T00:08:21.775+0600] {local_task_job_runner.py:266} INFO - Task exited with return code 0
[2025-03-10T00:08:21.806+0600] {taskinstance.py:3901} INFO - 1 downstream tasks scheduled from follow-on schedule check
[2025-03-10T00:08:21.812+0600] {local_task_job_runner.py:245} INFO - ::endgroup::
