[2025-03-08T21:07:26.238+0600] {processor.py:186} INFO - Started process (PID=26374) to work on /home/shamim/airflow_venv/lib/python3.12/site-packages/airflow/example_dags/plugins/workday.py
[2025-03-08T21:07:26.240+0600] {processor.py:914} INFO - Processing file /home/shamim/airflow_venv/lib/python3.12/site-packages/airflow/example_dags/plugins/workday.py for tasks to queue
[2025-03-08T21:07:26.243+0600] {logging_mixin.py:190} INFO - [2025-03-08T21:07:26.242+0600] {dagbag.py:588} INFO - Filling up the DagBag from /home/shamim/airflow_venv/lib/python3.12/site-packages/airflow/example_dags/plugins/workday.py
[2025-03-08T21:07:26.248+0600] {processor.py:927} WARNING - No viable dags retrieved from /home/shamim/airflow_venv/lib/python3.12/site-packages/airflow/example_dags/plugins/workday.py
[2025-03-08T21:07:26.266+0600] {processor.py:208} INFO - Processing /home/shamim/airflow_venv/lib/python3.12/site-packages/airflow/example_dags/plugins/workday.py took 0.041 seconds
[2025-03-08T21:08:59.537+0600] {processor.py:186} INFO - Started process (PID=26680) to work on /home/shamim/airflow_venv/lib/python3.12/site-packages/airflow/example_dags/plugins/workday.py
[2025-03-08T21:08:59.539+0600] {processor.py:914} INFO - Processing file /home/shamim/airflow_venv/lib/python3.12/site-packages/airflow/example_dags/plugins/workday.py for tasks to queue
[2025-03-08T21:08:59.541+0600] {logging_mixin.py:190} INFO - [2025-03-08T21:08:59.540+0600] {dagbag.py:588} INFO - Filling up the DagBag from /home/shamim/airflow_venv/lib/python3.12/site-packages/airflow/example_dags/plugins/workday.py
[2025-03-08T21:08:59.545+0600] {processor.py:927} WARNING - No viable dags retrieved from /home/shamim/airflow_venv/lib/python3.12/site-packages/airflow/example_dags/plugins/workday.py
[2025-03-08T21:08:59.561+0600] {processor.py:208} INFO - Processing /home/shamim/airflow_venv/lib/python3.12/site-packages/airflow/example_dags/plugins/workday.py took 0.031 seconds
[2025-03-08T21:10:15.764+0600] {processor.py:186} INFO - Started process (PID=27046) to work on /home/shamim/airflow_venv/lib/python3.12/site-packages/airflow/example_dags/plugins/workday.py
[2025-03-08T21:10:15.771+0600] {processor.py:914} INFO - Processing file /home/shamim/airflow_venv/lib/python3.12/site-packages/airflow/example_dags/plugins/workday.py for tasks to queue
[2025-03-08T21:10:15.774+0600] {logging_mixin.py:190} INFO - [2025-03-08T21:10:15.773+0600] {dagbag.py:588} INFO - Filling up the DagBag from /home/shamim/airflow_venv/lib/python3.12/site-packages/airflow/example_dags/plugins/workday.py
[2025-03-08T21:10:15.777+0600] {processor.py:927} WARNING - No viable dags retrieved from /home/shamim/airflow_venv/lib/python3.12/site-packages/airflow/example_dags/plugins/workday.py
[2025-03-08T21:10:15.791+0600] {processor.py:208} INFO - Processing /home/shamim/airflow_venv/lib/python3.12/site-packages/airflow/example_dags/plugins/workday.py took 0.035 seconds
[2025-03-08T21:11:24.055+0600] {processor.py:186} INFO - Started process (PID=27368) to work on /home/shamim/airflow_venv/lib/python3.12/site-packages/airflow/example_dags/plugins/workday.py
[2025-03-08T21:11:24.058+0600] {processor.py:914} INFO - Processing file /home/shamim/airflow_venv/lib/python3.12/site-packages/airflow/example_dags/plugins/workday.py for tasks to queue
[2025-03-08T21:11:24.060+0600] {logging_mixin.py:190} INFO - [2025-03-08T21:11:24.060+0600] {dagbag.py:588} INFO - Filling up the DagBag from /home/shamim/airflow_venv/lib/python3.12/site-packages/airflow/example_dags/plugins/workday.py
[2025-03-08T21:11:24.063+0600] {processor.py:927} WARNING - No viable dags retrieved from /home/shamim/airflow_venv/lib/python3.12/site-packages/airflow/example_dags/plugins/workday.py
[2025-03-08T21:11:24.077+0600] {processor.py:208} INFO - Processing /home/shamim/airflow_venv/lib/python3.12/site-packages/airflow/example_dags/plugins/workday.py took 0.028 seconds
[2025-03-08T21:12:39.166+0600] {processor.py:186} INFO - Started process (PID=27749) to work on /home/shamim/airflow_venv/lib/python3.12/site-packages/airflow/example_dags/plugins/workday.py
[2025-03-08T21:12:39.174+0600] {processor.py:914} INFO - Processing file /home/shamim/airflow_venv/lib/python3.12/site-packages/airflow/example_dags/plugins/workday.py for tasks to queue
[2025-03-08T21:12:39.180+0600] {logging_mixin.py:190} INFO - [2025-03-08T21:12:39.179+0600] {dagbag.py:588} INFO - Filling up the DagBag from /home/shamim/airflow_venv/lib/python3.12/site-packages/airflow/example_dags/plugins/workday.py
[2025-03-08T21:12:39.188+0600] {processor.py:927} WARNING - No viable dags retrieved from /home/shamim/airflow_venv/lib/python3.12/site-packages/airflow/example_dags/plugins/workday.py
[2025-03-08T21:12:39.217+0600] {processor.py:208} INFO - Processing /home/shamim/airflow_venv/lib/python3.12/site-packages/airflow/example_dags/plugins/workday.py took 0.068 seconds
[2025-03-08T21:13:23.559+0600] {processor.py:186} INFO - Started process (PID=28041) to work on /home/shamim/airflow_venv/lib/python3.12/site-packages/airflow/example_dags/plugins/workday.py
[2025-03-08T21:13:23.565+0600] {processor.py:914} INFO - Processing file /home/shamim/airflow_venv/lib/python3.12/site-packages/airflow/example_dags/plugins/workday.py for tasks to queue
[2025-03-08T21:13:23.568+0600] {logging_mixin.py:190} INFO - [2025-03-08T21:13:23.568+0600] {dagbag.py:588} INFO - Filling up the DagBag from /home/shamim/airflow_venv/lib/python3.12/site-packages/airflow/example_dags/plugins/workday.py
[2025-03-08T21:13:23.571+0600] {processor.py:927} WARNING - No viable dags retrieved from /home/shamim/airflow_venv/lib/python3.12/site-packages/airflow/example_dags/plugins/workday.py
[2025-03-08T21:13:23.586+0600] {processor.py:208} INFO - Processing /home/shamim/airflow_venv/lib/python3.12/site-packages/airflow/example_dags/plugins/workday.py took 0.035 seconds
[2025-03-08T21:14:13.934+0600] {processor.py:186} INFO - Started process (PID=28361) to work on /home/shamim/airflow_venv/lib/python3.12/site-packages/airflow/example_dags/plugins/workday.py
[2025-03-08T21:14:13.941+0600] {processor.py:914} INFO - Processing file /home/shamim/airflow_venv/lib/python3.12/site-packages/airflow/example_dags/plugins/workday.py for tasks to queue
[2025-03-08T21:14:13.944+0600] {logging_mixin.py:190} INFO - [2025-03-08T21:14:13.943+0600] {dagbag.py:588} INFO - Filling up the DagBag from /home/shamim/airflow_venv/lib/python3.12/site-packages/airflow/example_dags/plugins/workday.py
[2025-03-08T21:14:13.948+0600] {processor.py:927} WARNING - No viable dags retrieved from /home/shamim/airflow_venv/lib/python3.12/site-packages/airflow/example_dags/plugins/workday.py
[2025-03-08T21:14:13.967+0600] {processor.py:208} INFO - Processing /home/shamim/airflow_venv/lib/python3.12/site-packages/airflow/example_dags/plugins/workday.py took 0.043 seconds
[2025-03-08T21:15:01.201+0600] {processor.py:186} INFO - Started process (PID=28661) to work on /home/shamim/airflow_venv/lib/python3.12/site-packages/airflow/example_dags/plugins/workday.py
[2025-03-08T21:15:01.203+0600] {processor.py:914} INFO - Processing file /home/shamim/airflow_venv/lib/python3.12/site-packages/airflow/example_dags/plugins/workday.py for tasks to queue
[2025-03-08T21:15:01.207+0600] {logging_mixin.py:190} INFO - [2025-03-08T21:15:01.206+0600] {dagbag.py:588} INFO - Filling up the DagBag from /home/shamim/airflow_venv/lib/python3.12/site-packages/airflow/example_dags/plugins/workday.py
[2025-03-08T21:15:01.210+0600] {processor.py:927} WARNING - No viable dags retrieved from /home/shamim/airflow_venv/lib/python3.12/site-packages/airflow/example_dags/plugins/workday.py
[2025-03-08T21:15:01.223+0600] {processor.py:208} INFO - Processing /home/shamim/airflow_venv/lib/python3.12/site-packages/airflow/example_dags/plugins/workday.py took 0.031 seconds
[2025-03-08T21:16:55.554+0600] {processor.py:186} INFO - Started process (PID=29716) to work on /home/shamim/airflow_venv/lib/python3.12/site-packages/airflow/example_dags/plugins/workday.py
[2025-03-08T21:16:55.560+0600] {processor.py:914} INFO - Processing file /home/shamim/airflow_venv/lib/python3.12/site-packages/airflow/example_dags/plugins/workday.py for tasks to queue
[2025-03-08T21:16:55.563+0600] {logging_mixin.py:190} INFO - [2025-03-08T21:16:55.563+0600] {dagbag.py:588} INFO - Filling up the DagBag from /home/shamim/airflow_venv/lib/python3.12/site-packages/airflow/example_dags/plugins/workday.py
[2025-03-08T21:16:55.567+0600] {processor.py:927} WARNING - No viable dags retrieved from /home/shamim/airflow_venv/lib/python3.12/site-packages/airflow/example_dags/plugins/workday.py
[2025-03-08T21:16:55.583+0600] {processor.py:208} INFO - Processing /home/shamim/airflow_venv/lib/python3.12/site-packages/airflow/example_dags/plugins/workday.py took 0.037 seconds
[2025-03-08T21:17:54.465+0600] {processor.py:186} INFO - Started process (PID=30040) to work on /home/shamim/airflow_venv/lib/python3.12/site-packages/airflow/example_dags/plugins/workday.py
[2025-03-08T21:17:54.471+0600] {processor.py:914} INFO - Processing file /home/shamim/airflow_venv/lib/python3.12/site-packages/airflow/example_dags/plugins/workday.py for tasks to queue
[2025-03-08T21:17:54.474+0600] {logging_mixin.py:190} INFO - [2025-03-08T21:17:54.473+0600] {dagbag.py:588} INFO - Filling up the DagBag from /home/shamim/airflow_venv/lib/python3.12/site-packages/airflow/example_dags/plugins/workday.py
[2025-03-08T21:17:54.477+0600] {processor.py:927} WARNING - No viable dags retrieved from /home/shamim/airflow_venv/lib/python3.12/site-packages/airflow/example_dags/plugins/workday.py
[2025-03-08T21:17:54.491+0600] {processor.py:208} INFO - Processing /home/shamim/airflow_venv/lib/python3.12/site-packages/airflow/example_dags/plugins/workday.py took 0.033 seconds
[2025-03-08T21:18:40.607+0600] {processor.py:186} INFO - Started process (PID=30306) to work on /home/shamim/airflow_venv/lib/python3.12/site-packages/airflow/example_dags/plugins/workday.py
[2025-03-08T21:18:40.622+0600] {processor.py:914} INFO - Processing file /home/shamim/airflow_venv/lib/python3.12/site-packages/airflow/example_dags/plugins/workday.py for tasks to queue
[2025-03-08T21:18:40.625+0600] {logging_mixin.py:190} INFO - [2025-03-08T21:18:40.624+0600] {dagbag.py:588} INFO - Filling up the DagBag from /home/shamim/airflow_venv/lib/python3.12/site-packages/airflow/example_dags/plugins/workday.py
[2025-03-08T21:18:40.628+0600] {processor.py:927} WARNING - No viable dags retrieved from /home/shamim/airflow_venv/lib/python3.12/site-packages/airflow/example_dags/plugins/workday.py
[2025-03-08T21:18:40.642+0600] {processor.py:208} INFO - Processing /home/shamim/airflow_venv/lib/python3.12/site-packages/airflow/example_dags/plugins/workday.py took 0.043 seconds
[2025-03-08T21:19:25.031+0600] {processor.py:186} INFO - Started process (PID=30589) to work on /home/shamim/airflow_venv/lib/python3.12/site-packages/airflow/example_dags/plugins/workday.py
[2025-03-08T21:19:25.036+0600] {processor.py:914} INFO - Processing file /home/shamim/airflow_venv/lib/python3.12/site-packages/airflow/example_dags/plugins/workday.py for tasks to queue
[2025-03-08T21:19:25.038+0600] {logging_mixin.py:190} INFO - [2025-03-08T21:19:25.038+0600] {dagbag.py:588} INFO - Filling up the DagBag from /home/shamim/airflow_venv/lib/python3.12/site-packages/airflow/example_dags/plugins/workday.py
[2025-03-08T21:19:25.042+0600] {processor.py:927} WARNING - No viable dags retrieved from /home/shamim/airflow_venv/lib/python3.12/site-packages/airflow/example_dags/plugins/workday.py
[2025-03-08T21:19:25.056+0600] {processor.py:208} INFO - Processing /home/shamim/airflow_venv/lib/python3.12/site-packages/airflow/example_dags/plugins/workday.py took 0.032 seconds
[2025-03-08T21:20:45.422+0600] {processor.py:186} INFO - Started process (PID=31146) to work on /home/shamim/airflow_venv/lib/python3.12/site-packages/airflow/example_dags/plugins/workday.py
[2025-03-08T21:20:45.429+0600] {processor.py:914} INFO - Processing file /home/shamim/airflow_venv/lib/python3.12/site-packages/airflow/example_dags/plugins/workday.py for tasks to queue
[2025-03-08T21:20:45.433+0600] {logging_mixin.py:190} INFO - [2025-03-08T21:20:45.432+0600] {dagbag.py:588} INFO - Filling up the DagBag from /home/shamim/airflow_venv/lib/python3.12/site-packages/airflow/example_dags/plugins/workday.py
[2025-03-08T21:20:45.438+0600] {processor.py:927} WARNING - No viable dags retrieved from /home/shamim/airflow_venv/lib/python3.12/site-packages/airflow/example_dags/plugins/workday.py
[2025-03-08T21:20:45.455+0600] {processor.py:208} INFO - Processing /home/shamim/airflow_venv/lib/python3.12/site-packages/airflow/example_dags/plugins/workday.py took 0.042 seconds
[2025-03-08T21:22:06.910+0600] {processor.py:186} INFO - Started process (PID=31695) to work on /home/shamim/airflow_venv/lib/python3.12/site-packages/airflow/example_dags/plugins/workday.py
[2025-03-08T21:22:06.915+0600] {processor.py:914} INFO - Processing file /home/shamim/airflow_venv/lib/python3.12/site-packages/airflow/example_dags/plugins/workday.py for tasks to queue
[2025-03-08T21:22:06.918+0600] {logging_mixin.py:190} INFO - [2025-03-08T21:22:06.917+0600] {dagbag.py:588} INFO - Filling up the DagBag from /home/shamim/airflow_venv/lib/python3.12/site-packages/airflow/example_dags/plugins/workday.py
[2025-03-08T21:22:06.924+0600] {processor.py:927} WARNING - No viable dags retrieved from /home/shamim/airflow_venv/lib/python3.12/site-packages/airflow/example_dags/plugins/workday.py
[2025-03-08T21:22:06.941+0600] {processor.py:208} INFO - Processing /home/shamim/airflow_venv/lib/python3.12/site-packages/airflow/example_dags/plugins/workday.py took 0.056 seconds
[2025-03-08T21:22:52.192+0600] {processor.py:186} INFO - Started process (PID=31962) to work on /home/shamim/airflow_venv/lib/python3.12/site-packages/airflow/example_dags/plugins/workday.py
[2025-03-08T21:22:52.198+0600] {processor.py:914} INFO - Processing file /home/shamim/airflow_venv/lib/python3.12/site-packages/airflow/example_dags/plugins/workday.py for tasks to queue
[2025-03-08T21:22:52.202+0600] {logging_mixin.py:190} INFO - [2025-03-08T21:22:52.201+0600] {dagbag.py:588} INFO - Filling up the DagBag from /home/shamim/airflow_venv/lib/python3.12/site-packages/airflow/example_dags/plugins/workday.py
[2025-03-08T21:22:52.206+0600] {processor.py:927} WARNING - No viable dags retrieved from /home/shamim/airflow_venv/lib/python3.12/site-packages/airflow/example_dags/plugins/workday.py
[2025-03-08T21:22:52.223+0600] {processor.py:208} INFO - Processing /home/shamim/airflow_venv/lib/python3.12/site-packages/airflow/example_dags/plugins/workday.py took 0.042 seconds
[2025-03-08T21:23:38.159+0600] {processor.py:186} INFO - Started process (PID=32211) to work on /home/shamim/airflow_venv/lib/python3.12/site-packages/airflow/example_dags/plugins/workday.py
[2025-03-08T21:23:38.160+0600] {processor.py:914} INFO - Processing file /home/shamim/airflow_venv/lib/python3.12/site-packages/airflow/example_dags/plugins/workday.py for tasks to queue
[2025-03-08T21:23:38.164+0600] {logging_mixin.py:190} INFO - [2025-03-08T21:23:38.164+0600] {dagbag.py:588} INFO - Filling up the DagBag from /home/shamim/airflow_venv/lib/python3.12/site-packages/airflow/example_dags/plugins/workday.py
[2025-03-08T21:23:38.168+0600] {processor.py:927} WARNING - No viable dags retrieved from /home/shamim/airflow_venv/lib/python3.12/site-packages/airflow/example_dags/plugins/workday.py
[2025-03-08T21:23:38.188+0600] {processor.py:208} INFO - Processing /home/shamim/airflow_venv/lib/python3.12/site-packages/airflow/example_dags/plugins/workday.py took 0.039 seconds
[2025-03-08T21:24:26.334+0600] {processor.py:186} INFO - Started process (PID=32470) to work on /home/shamim/airflow_venv/lib/python3.12/site-packages/airflow/example_dags/plugins/workday.py
[2025-03-08T21:24:26.340+0600] {processor.py:914} INFO - Processing file /home/shamim/airflow_venv/lib/python3.12/site-packages/airflow/example_dags/plugins/workday.py for tasks to queue
[2025-03-08T21:24:26.342+0600] {logging_mixin.py:190} INFO - [2025-03-08T21:24:26.342+0600] {dagbag.py:588} INFO - Filling up the DagBag from /home/shamim/airflow_venv/lib/python3.12/site-packages/airflow/example_dags/plugins/workday.py
[2025-03-08T21:24:26.346+0600] {processor.py:927} WARNING - No viable dags retrieved from /home/shamim/airflow_venv/lib/python3.12/site-packages/airflow/example_dags/plugins/workday.py
[2025-03-08T21:24:26.359+0600] {processor.py:208} INFO - Processing /home/shamim/airflow_venv/lib/python3.12/site-packages/airflow/example_dags/plugins/workday.py took 0.032 seconds
[2025-03-08T21:25:14.310+0600] {processor.py:186} INFO - Started process (PID=32717) to work on /home/shamim/airflow_venv/lib/python3.12/site-packages/airflow/example_dags/plugins/workday.py
[2025-03-08T21:25:14.317+0600] {processor.py:914} INFO - Processing file /home/shamim/airflow_venv/lib/python3.12/site-packages/airflow/example_dags/plugins/workday.py for tasks to queue
[2025-03-08T21:25:14.319+0600] {logging_mixin.py:190} INFO - [2025-03-08T21:25:14.319+0600] {dagbag.py:588} INFO - Filling up the DagBag from /home/shamim/airflow_venv/lib/python3.12/site-packages/airflow/example_dags/plugins/workday.py
[2025-03-08T21:25:14.322+0600] {processor.py:927} WARNING - No viable dags retrieved from /home/shamim/airflow_venv/lib/python3.12/site-packages/airflow/example_dags/plugins/workday.py
[2025-03-08T21:25:14.336+0600] {processor.py:208} INFO - Processing /home/shamim/airflow_venv/lib/python3.12/site-packages/airflow/example_dags/plugins/workday.py took 0.032 seconds
[2025-03-08T21:26:02.358+0600] {processor.py:186} INFO - Started process (PID=32986) to work on /home/shamim/airflow_venv/lib/python3.12/site-packages/airflow/example_dags/plugins/workday.py
[2025-03-08T21:26:02.373+0600] {processor.py:914} INFO - Processing file /home/shamim/airflow_venv/lib/python3.12/site-packages/airflow/example_dags/plugins/workday.py for tasks to queue
[2025-03-08T21:26:02.376+0600] {logging_mixin.py:190} INFO - [2025-03-08T21:26:02.376+0600] {dagbag.py:588} INFO - Filling up the DagBag from /home/shamim/airflow_venv/lib/python3.12/site-packages/airflow/example_dags/plugins/workday.py
[2025-03-08T21:26:02.379+0600] {processor.py:927} WARNING - No viable dags retrieved from /home/shamim/airflow_venv/lib/python3.12/site-packages/airflow/example_dags/plugins/workday.py
[2025-03-08T21:26:02.393+0600] {processor.py:208} INFO - Processing /home/shamim/airflow_venv/lib/python3.12/site-packages/airflow/example_dags/plugins/workday.py took 0.043 seconds
[2025-03-08T21:26:49.335+0600] {processor.py:186} INFO - Started process (PID=33231) to work on /home/shamim/airflow_venv/lib/python3.12/site-packages/airflow/example_dags/plugins/workday.py
[2025-03-08T21:26:49.341+0600] {processor.py:914} INFO - Processing file /home/shamim/airflow_venv/lib/python3.12/site-packages/airflow/example_dags/plugins/workday.py for tasks to queue
[2025-03-08T21:26:49.343+0600] {logging_mixin.py:190} INFO - [2025-03-08T21:26:49.343+0600] {dagbag.py:588} INFO - Filling up the DagBag from /home/shamim/airflow_venv/lib/python3.12/site-packages/airflow/example_dags/plugins/workday.py
[2025-03-08T21:26:49.347+0600] {processor.py:927} WARNING - No viable dags retrieved from /home/shamim/airflow_venv/lib/python3.12/site-packages/airflow/example_dags/plugins/workday.py
[2025-03-08T21:26:49.360+0600] {processor.py:208} INFO - Processing /home/shamim/airflow_venv/lib/python3.12/site-packages/airflow/example_dags/plugins/workday.py took 0.032 seconds
[2025-03-08T21:27:33.951+0600] {processor.py:186} INFO - Started process (PID=33526) to work on /home/shamim/airflow_venv/lib/python3.12/site-packages/airflow/example_dags/plugins/workday.py
[2025-03-08T21:27:33.968+0600] {processor.py:914} INFO - Processing file /home/shamim/airflow_venv/lib/python3.12/site-packages/airflow/example_dags/plugins/workday.py for tasks to queue
[2025-03-08T21:27:33.971+0600] {logging_mixin.py:190} INFO - [2025-03-08T21:27:33.970+0600] {dagbag.py:588} INFO - Filling up the DagBag from /home/shamim/airflow_venv/lib/python3.12/site-packages/airflow/example_dags/plugins/workday.py
[2025-03-08T21:27:33.974+0600] {processor.py:927} WARNING - No viable dags retrieved from /home/shamim/airflow_venv/lib/python3.12/site-packages/airflow/example_dags/plugins/workday.py
[2025-03-08T21:27:33.988+0600] {processor.py:208} INFO - Processing /home/shamim/airflow_venv/lib/python3.12/site-packages/airflow/example_dags/plugins/workday.py took 0.045 seconds
[2025-03-08T21:28:19.764+0600] {processor.py:186} INFO - Started process (PID=33837) to work on /home/shamim/airflow_venv/lib/python3.12/site-packages/airflow/example_dags/plugins/workday.py
[2025-03-08T21:28:19.770+0600] {processor.py:914} INFO - Processing file /home/shamim/airflow_venv/lib/python3.12/site-packages/airflow/example_dags/plugins/workday.py for tasks to queue
[2025-03-08T21:28:19.773+0600] {logging_mixin.py:190} INFO - [2025-03-08T21:28:19.772+0600] {dagbag.py:588} INFO - Filling up the DagBag from /home/shamim/airflow_venv/lib/python3.12/site-packages/airflow/example_dags/plugins/workday.py
[2025-03-08T21:28:19.777+0600] {processor.py:927} WARNING - No viable dags retrieved from /home/shamim/airflow_venv/lib/python3.12/site-packages/airflow/example_dags/plugins/workday.py
[2025-03-08T21:28:19.791+0600] {processor.py:208} INFO - Processing /home/shamim/airflow_venv/lib/python3.12/site-packages/airflow/example_dags/plugins/workday.py took 0.034 seconds
[2025-03-08T21:29:07.707+0600] {processor.py:186} INFO - Started process (PID=34227) to work on /home/shamim/airflow_venv/lib/python3.12/site-packages/airflow/example_dags/plugins/workday.py
[2025-03-08T21:29:07.708+0600] {processor.py:914} INFO - Processing file /home/shamim/airflow_venv/lib/python3.12/site-packages/airflow/example_dags/plugins/workday.py for tasks to queue
[2025-03-08T21:29:07.711+0600] {logging_mixin.py:190} INFO - [2025-03-08T21:29:07.710+0600] {dagbag.py:588} INFO - Filling up the DagBag from /home/shamim/airflow_venv/lib/python3.12/site-packages/airflow/example_dags/plugins/workday.py
[2025-03-08T21:29:07.714+0600] {processor.py:927} WARNING - No viable dags retrieved from /home/shamim/airflow_venv/lib/python3.12/site-packages/airflow/example_dags/plugins/workday.py
[2025-03-08T21:29:07.728+0600] {processor.py:208} INFO - Processing /home/shamim/airflow_venv/lib/python3.12/site-packages/airflow/example_dags/plugins/workday.py took 0.028 seconds
[2025-03-08T21:29:57.067+0600] {processor.py:186} INFO - Started process (PID=34661) to work on /home/shamim/airflow_venv/lib/python3.12/site-packages/airflow/example_dags/plugins/workday.py
[2025-03-08T21:29:57.073+0600] {processor.py:914} INFO - Processing file /home/shamim/airflow_venv/lib/python3.12/site-packages/airflow/example_dags/plugins/workday.py for tasks to queue
[2025-03-08T21:29:57.076+0600] {logging_mixin.py:190} INFO - [2025-03-08T21:29:57.075+0600] {dagbag.py:588} INFO - Filling up the DagBag from /home/shamim/airflow_venv/lib/python3.12/site-packages/airflow/example_dags/plugins/workday.py
[2025-03-08T21:29:57.079+0600] {processor.py:927} WARNING - No viable dags retrieved from /home/shamim/airflow_venv/lib/python3.12/site-packages/airflow/example_dags/plugins/workday.py
[2025-03-08T21:29:57.092+0600] {processor.py:208} INFO - Processing /home/shamim/airflow_venv/lib/python3.12/site-packages/airflow/example_dags/plugins/workday.py took 0.033 seconds
[2025-03-08T21:30:43.455+0600] {processor.py:186} INFO - Started process (PID=34929) to work on /home/shamim/airflow_venv/lib/python3.12/site-packages/airflow/example_dags/plugins/workday.py
[2025-03-08T21:30:43.471+0600] {processor.py:914} INFO - Processing file /home/shamim/airflow_venv/lib/python3.12/site-packages/airflow/example_dags/plugins/workday.py for tasks to queue
[2025-03-08T21:30:43.474+0600] {logging_mixin.py:190} INFO - [2025-03-08T21:30:43.473+0600] {dagbag.py:588} INFO - Filling up the DagBag from /home/shamim/airflow_venv/lib/python3.12/site-packages/airflow/example_dags/plugins/workday.py
[2025-03-08T21:30:43.477+0600] {processor.py:927} WARNING - No viable dags retrieved from /home/shamim/airflow_venv/lib/python3.12/site-packages/airflow/example_dags/plugins/workday.py
[2025-03-08T21:30:43.491+0600] {processor.py:208} INFO - Processing /home/shamim/airflow_venv/lib/python3.12/site-packages/airflow/example_dags/plugins/workday.py took 0.045 seconds
[2025-03-08T21:31:31.226+0600] {processor.py:186} INFO - Started process (PID=35203) to work on /home/shamim/airflow_venv/lib/python3.12/site-packages/airflow/example_dags/plugins/workday.py
[2025-03-08T21:31:31.234+0600] {processor.py:914} INFO - Processing file /home/shamim/airflow_venv/lib/python3.12/site-packages/airflow/example_dags/plugins/workday.py for tasks to queue
[2025-03-08T21:31:31.238+0600] {logging_mixin.py:190} INFO - [2025-03-08T21:31:31.238+0600] {dagbag.py:588} INFO - Filling up the DagBag from /home/shamim/airflow_venv/lib/python3.12/site-packages/airflow/example_dags/plugins/workday.py
[2025-03-08T21:31:31.243+0600] {processor.py:927} WARNING - No viable dags retrieved from /home/shamim/airflow_venv/lib/python3.12/site-packages/airflow/example_dags/plugins/workday.py
[2025-03-08T21:31:31.257+0600] {processor.py:208} INFO - Processing /home/shamim/airflow_venv/lib/python3.12/site-packages/airflow/example_dags/plugins/workday.py took 0.053 seconds
[2025-03-08T21:32:20.110+0600] {processor.py:186} INFO - Started process (PID=35511) to work on /home/shamim/airflow_venv/lib/python3.12/site-packages/airflow/example_dags/plugins/workday.py
[2025-03-08T21:32:20.125+0600] {processor.py:914} INFO - Processing file /home/shamim/airflow_venv/lib/python3.12/site-packages/airflow/example_dags/plugins/workday.py for tasks to queue
[2025-03-08T21:32:20.128+0600] {logging_mixin.py:190} INFO - [2025-03-08T21:32:20.127+0600] {dagbag.py:588} INFO - Filling up the DagBag from /home/shamim/airflow_venv/lib/python3.12/site-packages/airflow/example_dags/plugins/workday.py
[2025-03-08T21:32:20.131+0600] {processor.py:927} WARNING - No viable dags retrieved from /home/shamim/airflow_venv/lib/python3.12/site-packages/airflow/example_dags/plugins/workday.py
[2025-03-08T21:32:20.145+0600] {processor.py:208} INFO - Processing /home/shamim/airflow_venv/lib/python3.12/site-packages/airflow/example_dags/plugins/workday.py took 0.045 seconds
[2025-03-08T21:33:09.517+0600] {processor.py:186} INFO - Started process (PID=35841) to work on /home/shamim/airflow_venv/lib/python3.12/site-packages/airflow/example_dags/plugins/workday.py
[2025-03-08T21:33:09.525+0600] {processor.py:914} INFO - Processing file /home/shamim/airflow_venv/lib/python3.12/site-packages/airflow/example_dags/plugins/workday.py for tasks to queue
[2025-03-08T21:33:09.529+0600] {logging_mixin.py:190} INFO - [2025-03-08T21:33:09.528+0600] {dagbag.py:588} INFO - Filling up the DagBag from /home/shamim/airflow_venv/lib/python3.12/site-packages/airflow/example_dags/plugins/workday.py
[2025-03-08T21:33:09.533+0600] {processor.py:927} WARNING - No viable dags retrieved from /home/shamim/airflow_venv/lib/python3.12/site-packages/airflow/example_dags/plugins/workday.py
[2025-03-08T21:33:09.546+0600] {processor.py:208} INFO - Processing /home/shamim/airflow_venv/lib/python3.12/site-packages/airflow/example_dags/plugins/workday.py took 0.037 seconds
[2025-03-08T21:33:51.296+0600] {processor.py:186} INFO - Started process (PID=36107) to work on /home/shamim/airflow_venv/lib/python3.12/site-packages/airflow/example_dags/plugins/workday.py
[2025-03-08T21:33:51.301+0600] {processor.py:914} INFO - Processing file /home/shamim/airflow_venv/lib/python3.12/site-packages/airflow/example_dags/plugins/workday.py for tasks to queue
[2025-03-08T21:33:51.304+0600] {logging_mixin.py:190} INFO - [2025-03-08T21:33:51.303+0600] {dagbag.py:588} INFO - Filling up the DagBag from /home/shamim/airflow_venv/lib/python3.12/site-packages/airflow/example_dags/plugins/workday.py
[2025-03-08T21:33:51.307+0600] {processor.py:927} WARNING - No viable dags retrieved from /home/shamim/airflow_venv/lib/python3.12/site-packages/airflow/example_dags/plugins/workday.py
[2025-03-08T21:33:51.320+0600] {processor.py:208} INFO - Processing /home/shamim/airflow_venv/lib/python3.12/site-packages/airflow/example_dags/plugins/workday.py took 0.031 seconds
[2025-03-08T21:34:35.806+0600] {processor.py:186} INFO - Started process (PID=36378) to work on /home/shamim/airflow_venv/lib/python3.12/site-packages/airflow/example_dags/plugins/workday.py
[2025-03-08T21:34:35.808+0600] {processor.py:914} INFO - Processing file /home/shamim/airflow_venv/lib/python3.12/site-packages/airflow/example_dags/plugins/workday.py for tasks to queue
[2025-03-08T21:34:35.812+0600] {logging_mixin.py:190} INFO - [2025-03-08T21:34:35.811+0600] {dagbag.py:588} INFO - Filling up the DagBag from /home/shamim/airflow_venv/lib/python3.12/site-packages/airflow/example_dags/plugins/workday.py
[2025-03-08T21:34:35.816+0600] {processor.py:927} WARNING - No viable dags retrieved from /home/shamim/airflow_venv/lib/python3.12/site-packages/airflow/example_dags/plugins/workday.py
[2025-03-08T21:34:35.832+0600] {processor.py:208} INFO - Processing /home/shamim/airflow_venv/lib/python3.12/site-packages/airflow/example_dags/plugins/workday.py took 0.039 seconds
[2025-03-08T21:35:22.621+0600] {processor.py:186} INFO - Started process (PID=36650) to work on /home/shamim/airflow_venv/lib/python3.12/site-packages/airflow/example_dags/plugins/workday.py
[2025-03-08T21:35:22.627+0600] {processor.py:914} INFO - Processing file /home/shamim/airflow_venv/lib/python3.12/site-packages/airflow/example_dags/plugins/workday.py for tasks to queue
[2025-03-08T21:35:22.630+0600] {logging_mixin.py:190} INFO - [2025-03-08T21:35:22.629+0600] {dagbag.py:588} INFO - Filling up the DagBag from /home/shamim/airflow_venv/lib/python3.12/site-packages/airflow/example_dags/plugins/workday.py
[2025-03-08T21:35:22.634+0600] {processor.py:927} WARNING - No viable dags retrieved from /home/shamim/airflow_venv/lib/python3.12/site-packages/airflow/example_dags/plugins/workday.py
[2025-03-08T21:35:22.649+0600] {processor.py:208} INFO - Processing /home/shamim/airflow_venv/lib/python3.12/site-packages/airflow/example_dags/plugins/workday.py took 0.038 seconds
[2025-03-08T21:36:09.462+0600] {processor.py:186} INFO - Started process (PID=36922) to work on /home/shamim/airflow_venv/lib/python3.12/site-packages/airflow/example_dags/plugins/workday.py
[2025-03-08T21:36:09.468+0600] {processor.py:914} INFO - Processing file /home/shamim/airflow_venv/lib/python3.12/site-packages/airflow/example_dags/plugins/workday.py for tasks to queue
[2025-03-08T21:36:09.473+0600] {logging_mixin.py:190} INFO - [2025-03-08T21:36:09.472+0600] {dagbag.py:588} INFO - Filling up the DagBag from /home/shamim/airflow_venv/lib/python3.12/site-packages/airflow/example_dags/plugins/workday.py
[2025-03-08T21:36:09.476+0600] {processor.py:927} WARNING - No viable dags retrieved from /home/shamim/airflow_venv/lib/python3.12/site-packages/airflow/example_dags/plugins/workday.py
[2025-03-08T21:36:09.492+0600] {processor.py:208} INFO - Processing /home/shamim/airflow_venv/lib/python3.12/site-packages/airflow/example_dags/plugins/workday.py took 0.041 seconds
[2025-03-08T21:36:56.311+0600] {processor.py:186} INFO - Started process (PID=37192) to work on /home/shamim/airflow_venv/lib/python3.12/site-packages/airflow/example_dags/plugins/workday.py
[2025-03-08T21:36:56.320+0600] {processor.py:914} INFO - Processing file /home/shamim/airflow_venv/lib/python3.12/site-packages/airflow/example_dags/plugins/workday.py for tasks to queue
[2025-03-08T21:36:56.323+0600] {logging_mixin.py:190} INFO - [2025-03-08T21:36:56.323+0600] {dagbag.py:588} INFO - Filling up the DagBag from /home/shamim/airflow_venv/lib/python3.12/site-packages/airflow/example_dags/plugins/workday.py
[2025-03-08T21:36:56.327+0600] {processor.py:927} WARNING - No viable dags retrieved from /home/shamim/airflow_venv/lib/python3.12/site-packages/airflow/example_dags/plugins/workday.py
[2025-03-08T21:36:56.343+0600] {processor.py:208} INFO - Processing /home/shamim/airflow_venv/lib/python3.12/site-packages/airflow/example_dags/plugins/workday.py took 0.044 seconds
[2025-03-08T21:37:43.710+0600] {processor.py:186} INFO - Started process (PID=37481) to work on /home/shamim/airflow_venv/lib/python3.12/site-packages/airflow/example_dags/plugins/workday.py
[2025-03-08T21:37:43.711+0600] {processor.py:914} INFO - Processing file /home/shamim/airflow_venv/lib/python3.12/site-packages/airflow/example_dags/plugins/workday.py for tasks to queue
[2025-03-08T21:37:43.713+0600] {logging_mixin.py:190} INFO - [2025-03-08T21:37:43.713+0600] {dagbag.py:588} INFO - Filling up the DagBag from /home/shamim/airflow_venv/lib/python3.12/site-packages/airflow/example_dags/plugins/workday.py
[2025-03-08T21:37:43.717+0600] {processor.py:927} WARNING - No viable dags retrieved from /home/shamim/airflow_venv/lib/python3.12/site-packages/airflow/example_dags/plugins/workday.py
[2025-03-08T21:37:43.730+0600] {processor.py:208} INFO - Processing /home/shamim/airflow_venv/lib/python3.12/site-packages/airflow/example_dags/plugins/workday.py took 0.029 seconds
[2025-03-08T21:38:31.987+0600] {processor.py:186} INFO - Started process (PID=37840) to work on /home/shamim/airflow_venv/lib/python3.12/site-packages/airflow/example_dags/plugins/workday.py
[2025-03-08T21:38:31.990+0600] {processor.py:914} INFO - Processing file /home/shamim/airflow_venv/lib/python3.12/site-packages/airflow/example_dags/plugins/workday.py for tasks to queue
[2025-03-08T21:38:31.993+0600] {logging_mixin.py:190} INFO - [2025-03-08T21:38:31.993+0600] {dagbag.py:588} INFO - Filling up the DagBag from /home/shamim/airflow_venv/lib/python3.12/site-packages/airflow/example_dags/plugins/workday.py
[2025-03-08T21:38:31.996+0600] {processor.py:927} WARNING - No viable dags retrieved from /home/shamim/airflow_venv/lib/python3.12/site-packages/airflow/example_dags/plugins/workday.py
[2025-03-08T21:38:32.009+0600] {processor.py:208} INFO - Processing /home/shamim/airflow_venv/lib/python3.12/site-packages/airflow/example_dags/plugins/workday.py took 0.031 seconds
[2025-03-08T21:39:15.290+0600] {processor.py:186} INFO - Started process (PID=38100) to work on /home/shamim/airflow_venv/lib/python3.12/site-packages/airflow/example_dags/plugins/workday.py
[2025-03-08T21:39:15.297+0600] {processor.py:914} INFO - Processing file /home/shamim/airflow_venv/lib/python3.12/site-packages/airflow/example_dags/plugins/workday.py for tasks to queue
[2025-03-08T21:39:15.300+0600] {logging_mixin.py:190} INFO - [2025-03-08T21:39:15.299+0600] {dagbag.py:588} INFO - Filling up the DagBag from /home/shamim/airflow_venv/lib/python3.12/site-packages/airflow/example_dags/plugins/workday.py
[2025-03-08T21:39:15.303+0600] {processor.py:927} WARNING - No viable dags retrieved from /home/shamim/airflow_venv/lib/python3.12/site-packages/airflow/example_dags/plugins/workday.py
[2025-03-08T21:39:15.316+0600] {processor.py:208} INFO - Processing /home/shamim/airflow_venv/lib/python3.12/site-packages/airflow/example_dags/plugins/workday.py took 0.033 seconds
[2025-03-08T21:39:58.354+0600] {processor.py:186} INFO - Started process (PID=38478) to work on /home/shamim/airflow_venv/lib/python3.12/site-packages/airflow/example_dags/plugins/workday.py
[2025-03-08T21:39:58.360+0600] {processor.py:914} INFO - Processing file /home/shamim/airflow_venv/lib/python3.12/site-packages/airflow/example_dags/plugins/workday.py for tasks to queue
[2025-03-08T21:39:58.363+0600] {logging_mixin.py:190} INFO - [2025-03-08T21:39:58.362+0600] {dagbag.py:588} INFO - Filling up the DagBag from /home/shamim/airflow_venv/lib/python3.12/site-packages/airflow/example_dags/plugins/workday.py
[2025-03-08T21:39:58.366+0600] {processor.py:927} WARNING - No viable dags retrieved from /home/shamim/airflow_venv/lib/python3.12/site-packages/airflow/example_dags/plugins/workday.py
[2025-03-08T21:39:58.379+0600] {processor.py:208} INFO - Processing /home/shamim/airflow_venv/lib/python3.12/site-packages/airflow/example_dags/plugins/workday.py took 0.034 seconds
[2025-03-08T21:40:42.452+0600] {processor.py:186} INFO - Started process (PID=38762) to work on /home/shamim/airflow_venv/lib/python3.12/site-packages/airflow/example_dags/plugins/workday.py
[2025-03-08T21:40:42.459+0600] {processor.py:914} INFO - Processing file /home/shamim/airflow_venv/lib/python3.12/site-packages/airflow/example_dags/plugins/workday.py for tasks to queue
[2025-03-08T21:40:42.462+0600] {logging_mixin.py:190} INFO - [2025-03-08T21:40:42.461+0600] {dagbag.py:588} INFO - Filling up the DagBag from /home/shamim/airflow_venv/lib/python3.12/site-packages/airflow/example_dags/plugins/workday.py
[2025-03-08T21:40:42.465+0600] {processor.py:927} WARNING - No viable dags retrieved from /home/shamim/airflow_venv/lib/python3.12/site-packages/airflow/example_dags/plugins/workday.py
[2025-03-08T21:40:42.478+0600] {processor.py:208} INFO - Processing /home/shamim/airflow_venv/lib/python3.12/site-packages/airflow/example_dags/plugins/workday.py took 0.035 seconds
[2025-03-08T21:41:28.180+0600] {processor.py:186} INFO - Started process (PID=39032) to work on /home/shamim/airflow_venv/lib/python3.12/site-packages/airflow/example_dags/plugins/workday.py
[2025-03-08T21:41:28.186+0600] {processor.py:914} INFO - Processing file /home/shamim/airflow_venv/lib/python3.12/site-packages/airflow/example_dags/plugins/workday.py for tasks to queue
[2025-03-08T21:41:28.189+0600] {logging_mixin.py:190} INFO - [2025-03-08T21:41:28.189+0600] {dagbag.py:588} INFO - Filling up the DagBag from /home/shamim/airflow_venv/lib/python3.12/site-packages/airflow/example_dags/plugins/workday.py
[2025-03-08T21:41:28.193+0600] {processor.py:927} WARNING - No viable dags retrieved from /home/shamim/airflow_venv/lib/python3.12/site-packages/airflow/example_dags/plugins/workday.py
[2025-03-08T21:41:28.205+0600] {processor.py:208} INFO - Processing /home/shamim/airflow_venv/lib/python3.12/site-packages/airflow/example_dags/plugins/workday.py took 0.033 seconds
[2025-03-08T21:42:14.591+0600] {processor.py:186} INFO - Started process (PID=39306) to work on /home/shamim/airflow_venv/lib/python3.12/site-packages/airflow/example_dags/plugins/workday.py
[2025-03-08T21:42:14.595+0600] {processor.py:914} INFO - Processing file /home/shamim/airflow_venv/lib/python3.12/site-packages/airflow/example_dags/plugins/workday.py for tasks to queue
[2025-03-08T21:42:14.603+0600] {logging_mixin.py:190} INFO - [2025-03-08T21:42:14.601+0600] {dagbag.py:588} INFO - Filling up the DagBag from /home/shamim/airflow_venv/lib/python3.12/site-packages/airflow/example_dags/plugins/workday.py
[2025-03-08T21:42:14.613+0600] {processor.py:927} WARNING - No viable dags retrieved from /home/shamim/airflow_venv/lib/python3.12/site-packages/airflow/example_dags/plugins/workday.py
[2025-03-08T21:42:14.639+0600] {processor.py:208} INFO - Processing /home/shamim/airflow_venv/lib/python3.12/site-packages/airflow/example_dags/plugins/workday.py took 0.077 seconds
[2025-03-08T21:43:02.042+0600] {processor.py:186} INFO - Started process (PID=39613) to work on /home/shamim/airflow_venv/lib/python3.12/site-packages/airflow/example_dags/plugins/workday.py
[2025-03-08T21:43:02.050+0600] {processor.py:914} INFO - Processing file /home/shamim/airflow_venv/lib/python3.12/site-packages/airflow/example_dags/plugins/workday.py for tasks to queue
[2025-03-08T21:43:02.059+0600] {logging_mixin.py:190} INFO - [2025-03-08T21:43:02.058+0600] {dagbag.py:588} INFO - Filling up the DagBag from /home/shamim/airflow_venv/lib/python3.12/site-packages/airflow/example_dags/plugins/workday.py
[2025-03-08T21:43:02.068+0600] {processor.py:927} WARNING - No viable dags retrieved from /home/shamim/airflow_venv/lib/python3.12/site-packages/airflow/example_dags/plugins/workday.py
[2025-03-08T21:43:02.097+0600] {processor.py:208} INFO - Processing /home/shamim/airflow_venv/lib/python3.12/site-packages/airflow/example_dags/plugins/workday.py took 0.080 seconds
[2025-03-08T21:43:52.355+0600] {processor.py:186} INFO - Started process (PID=39894) to work on /home/shamim/airflow_venv/lib/python3.12/site-packages/airflow/example_dags/plugins/workday.py
[2025-03-08T21:43:52.361+0600] {processor.py:914} INFO - Processing file /home/shamim/airflow_venv/lib/python3.12/site-packages/airflow/example_dags/plugins/workday.py for tasks to queue
[2025-03-08T21:43:52.364+0600] {logging_mixin.py:190} INFO - [2025-03-08T21:43:52.364+0600] {dagbag.py:588} INFO - Filling up the DagBag from /home/shamim/airflow_venv/lib/python3.12/site-packages/airflow/example_dags/plugins/workday.py
[2025-03-08T21:43:52.368+0600] {processor.py:927} WARNING - No viable dags retrieved from /home/shamim/airflow_venv/lib/python3.12/site-packages/airflow/example_dags/plugins/workday.py
[2025-03-08T21:43:52.383+0600] {processor.py:208} INFO - Processing /home/shamim/airflow_venv/lib/python3.12/site-packages/airflow/example_dags/plugins/workday.py took 0.041 seconds
[2025-03-08T21:44:43.016+0600] {processor.py:186} INFO - Started process (PID=40175) to work on /home/shamim/airflow_venv/lib/python3.12/site-packages/airflow/example_dags/plugins/workday.py
[2025-03-08T21:44:43.020+0600] {processor.py:914} INFO - Processing file /home/shamim/airflow_venv/lib/python3.12/site-packages/airflow/example_dags/plugins/workday.py for tasks to queue
[2025-03-08T21:44:43.028+0600] {logging_mixin.py:190} INFO - [2025-03-08T21:44:43.027+0600] {dagbag.py:588} INFO - Filling up the DagBag from /home/shamim/airflow_venv/lib/python3.12/site-packages/airflow/example_dags/plugins/workday.py
[2025-03-08T21:44:43.034+0600] {processor.py:927} WARNING - No viable dags retrieved from /home/shamim/airflow_venv/lib/python3.12/site-packages/airflow/example_dags/plugins/workday.py
[2025-03-08T21:44:43.051+0600] {processor.py:208} INFO - Processing /home/shamim/airflow_venv/lib/python3.12/site-packages/airflow/example_dags/plugins/workday.py took 0.057 seconds
[2025-03-08T21:45:32.626+0600] {processor.py:186} INFO - Started process (PID=40448) to work on /home/shamim/airflow_venv/lib/python3.12/site-packages/airflow/example_dags/plugins/workday.py
[2025-03-08T21:45:32.637+0600] {processor.py:914} INFO - Processing file /home/shamim/airflow_venv/lib/python3.12/site-packages/airflow/example_dags/plugins/workday.py for tasks to queue
[2025-03-08T21:45:32.644+0600] {logging_mixin.py:190} INFO - [2025-03-08T21:45:32.643+0600] {dagbag.py:588} INFO - Filling up the DagBag from /home/shamim/airflow_venv/lib/python3.12/site-packages/airflow/example_dags/plugins/workday.py
[2025-03-08T21:45:32.654+0600] {processor.py:927} WARNING - No viable dags retrieved from /home/shamim/airflow_venv/lib/python3.12/site-packages/airflow/example_dags/plugins/workday.py
[2025-03-08T21:45:32.680+0600] {processor.py:208} INFO - Processing /home/shamim/airflow_venv/lib/python3.12/site-packages/airflow/example_dags/plugins/workday.py took 0.081 seconds
[2025-03-08T21:46:15.700+0600] {processor.py:186} INFO - Started process (PID=40730) to work on /home/shamim/airflow_venv/lib/python3.12/site-packages/airflow/example_dags/plugins/workday.py
[2025-03-08T21:46:15.704+0600] {processor.py:914} INFO - Processing file /home/shamim/airflow_venv/lib/python3.12/site-packages/airflow/example_dags/plugins/workday.py for tasks to queue
[2025-03-08T21:46:15.711+0600] {logging_mixin.py:190} INFO - [2025-03-08T21:46:15.710+0600] {dagbag.py:588} INFO - Filling up the DagBag from /home/shamim/airflow_venv/lib/python3.12/site-packages/airflow/example_dags/plugins/workday.py
[2025-03-08T21:46:15.719+0600] {processor.py:927} WARNING - No viable dags retrieved from /home/shamim/airflow_venv/lib/python3.12/site-packages/airflow/example_dags/plugins/workday.py
[2025-03-08T21:46:15.744+0600] {processor.py:208} INFO - Processing /home/shamim/airflow_venv/lib/python3.12/site-packages/airflow/example_dags/plugins/workday.py took 0.067 seconds
[2025-03-08T21:46:59.803+0600] {processor.py:186} INFO - Started process (PID=41032) to work on /home/shamim/airflow_venv/lib/python3.12/site-packages/airflow/example_dags/plugins/workday.py
[2025-03-08T21:46:59.809+0600] {processor.py:914} INFO - Processing file /home/shamim/airflow_venv/lib/python3.12/site-packages/airflow/example_dags/plugins/workday.py for tasks to queue
[2025-03-08T21:46:59.811+0600] {logging_mixin.py:190} INFO - [2025-03-08T21:46:59.811+0600] {dagbag.py:588} INFO - Filling up the DagBag from /home/shamim/airflow_venv/lib/python3.12/site-packages/airflow/example_dags/plugins/workday.py
[2025-03-08T21:46:59.815+0600] {processor.py:927} WARNING - No viable dags retrieved from /home/shamim/airflow_venv/lib/python3.12/site-packages/airflow/example_dags/plugins/workday.py
[2025-03-08T21:46:59.828+0600] {processor.py:208} INFO - Processing /home/shamim/airflow_venv/lib/python3.12/site-packages/airflow/example_dags/plugins/workday.py took 0.034 seconds
[2025-03-08T21:47:49.250+0600] {processor.py:186} INFO - Started process (PID=41350) to work on /home/shamim/airflow_venv/lib/python3.12/site-packages/airflow/example_dags/plugins/workday.py
[2025-03-08T21:47:49.258+0600] {processor.py:914} INFO - Processing file /home/shamim/airflow_venv/lib/python3.12/site-packages/airflow/example_dags/plugins/workday.py for tasks to queue
[2025-03-08T21:47:49.265+0600] {logging_mixin.py:190} INFO - [2025-03-08T21:47:49.264+0600] {dagbag.py:588} INFO - Filling up the DagBag from /home/shamim/airflow_venv/lib/python3.12/site-packages/airflow/example_dags/plugins/workday.py
[2025-03-08T21:47:49.275+0600] {processor.py:927} WARNING - No viable dags retrieved from /home/shamim/airflow_venv/lib/python3.12/site-packages/airflow/example_dags/plugins/workday.py
[2025-03-08T21:47:49.315+0600] {processor.py:208} INFO - Processing /home/shamim/airflow_venv/lib/python3.12/site-packages/airflow/example_dags/plugins/workday.py took 0.092 seconds
[2025-03-08T21:48:36.149+0600] {processor.py:186} INFO - Started process (PID=41656) to work on /home/shamim/airflow_venv/lib/python3.12/site-packages/airflow/example_dags/plugins/workday.py
[2025-03-08T21:48:36.166+0600] {processor.py:914} INFO - Processing file /home/shamim/airflow_venv/lib/python3.12/site-packages/airflow/example_dags/plugins/workday.py for tasks to queue
[2025-03-08T21:48:36.174+0600] {logging_mixin.py:190} INFO - [2025-03-08T21:48:36.173+0600] {dagbag.py:588} INFO - Filling up the DagBag from /home/shamim/airflow_venv/lib/python3.12/site-packages/airflow/example_dags/plugins/workday.py
[2025-03-08T21:48:36.185+0600] {processor.py:927} WARNING - No viable dags retrieved from /home/shamim/airflow_venv/lib/python3.12/site-packages/airflow/example_dags/plugins/workday.py
[2025-03-08T21:48:36.224+0600] {processor.py:208} INFO - Processing /home/shamim/airflow_venv/lib/python3.12/site-packages/airflow/example_dags/plugins/workday.py took 0.102 seconds
[2025-03-08T21:49:21.997+0600] {processor.py:186} INFO - Started process (PID=41943) to work on /home/shamim/airflow_venv/lib/python3.12/site-packages/airflow/example_dags/plugins/workday.py
[2025-03-08T21:49:22.020+0600] {processor.py:914} INFO - Processing file /home/shamim/airflow_venv/lib/python3.12/site-packages/airflow/example_dags/plugins/workday.py for tasks to queue
[2025-03-08T21:49:22.023+0600] {logging_mixin.py:190} INFO - [2025-03-08T21:49:22.022+0600] {dagbag.py:588} INFO - Filling up the DagBag from /home/shamim/airflow_venv/lib/python3.12/site-packages/airflow/example_dags/plugins/workday.py
[2025-03-08T21:49:22.026+0600] {processor.py:927} WARNING - No viable dags retrieved from /home/shamim/airflow_venv/lib/python3.12/site-packages/airflow/example_dags/plugins/workday.py
[2025-03-08T21:49:22.040+0600] {processor.py:208} INFO - Processing /home/shamim/airflow_venv/lib/python3.12/site-packages/airflow/example_dags/plugins/workday.py took 0.051 seconds
[2025-03-08T21:50:15.134+0600] {processor.py:186} INFO - Started process (PID=42201) to work on /home/shamim/airflow_venv/lib/python3.12/site-packages/airflow/example_dags/plugins/workday.py
[2025-03-08T21:50:15.144+0600] {processor.py:914} INFO - Processing file /home/shamim/airflow_venv/lib/python3.12/site-packages/airflow/example_dags/plugins/workday.py for tasks to queue
[2025-03-08T21:50:15.146+0600] {logging_mixin.py:190} INFO - [2025-03-08T21:50:15.146+0600] {dagbag.py:588} INFO - Filling up the DagBag from /home/shamim/airflow_venv/lib/python3.12/site-packages/airflow/example_dags/plugins/workday.py
[2025-03-08T21:50:15.150+0600] {processor.py:927} WARNING - No viable dags retrieved from /home/shamim/airflow_venv/lib/python3.12/site-packages/airflow/example_dags/plugins/workday.py
[2025-03-08T21:50:15.163+0600] {processor.py:208} INFO - Processing /home/shamim/airflow_venv/lib/python3.12/site-packages/airflow/example_dags/plugins/workday.py took 0.037 seconds
[2025-03-08T21:51:01.845+0600] {processor.py:186} INFO - Started process (PID=42472) to work on /home/shamim/airflow_venv/lib/python3.12/site-packages/airflow/example_dags/plugins/workday.py
[2025-03-08T21:51:01.852+0600] {processor.py:914} INFO - Processing file /home/shamim/airflow_venv/lib/python3.12/site-packages/airflow/example_dags/plugins/workday.py for tasks to queue
[2025-03-08T21:51:01.857+0600] {logging_mixin.py:190} INFO - [2025-03-08T21:51:01.856+0600] {dagbag.py:588} INFO - Filling up the DagBag from /home/shamim/airflow_venv/lib/python3.12/site-packages/airflow/example_dags/plugins/workday.py
[2025-03-08T21:51:01.861+0600] {processor.py:927} WARNING - No viable dags retrieved from /home/shamim/airflow_venv/lib/python3.12/site-packages/airflow/example_dags/plugins/workday.py
[2025-03-08T21:51:01.875+0600] {processor.py:208} INFO - Processing /home/shamim/airflow_venv/lib/python3.12/site-packages/airflow/example_dags/plugins/workday.py took 0.038 seconds
[2025-03-08T21:52:22.765+0600] {processor.py:186} INFO - Started process (PID=42994) to work on /home/shamim/airflow_venv/lib/python3.12/site-packages/airflow/example_dags/plugins/workday.py
[2025-03-08T21:52:22.771+0600] {processor.py:914} INFO - Processing file /home/shamim/airflow_venv/lib/python3.12/site-packages/airflow/example_dags/plugins/workday.py for tasks to queue
[2025-03-08T21:52:22.774+0600] {logging_mixin.py:190} INFO - [2025-03-08T21:52:22.774+0600] {dagbag.py:588} INFO - Filling up the DagBag from /home/shamim/airflow_venv/lib/python3.12/site-packages/airflow/example_dags/plugins/workday.py
[2025-03-08T21:52:22.778+0600] {processor.py:927} WARNING - No viable dags retrieved from /home/shamim/airflow_venv/lib/python3.12/site-packages/airflow/example_dags/plugins/workday.py
[2025-03-08T21:52:22.792+0600] {processor.py:208} INFO - Processing /home/shamim/airflow_venv/lib/python3.12/site-packages/airflow/example_dags/plugins/workday.py took 0.036 seconds
[2025-03-08T21:53:40.370+0600] {processor.py:186} INFO - Started process (PID=43546) to work on /home/shamim/airflow_venv/lib/python3.12/site-packages/airflow/example_dags/plugins/workday.py
[2025-03-08T21:53:40.377+0600] {processor.py:914} INFO - Processing file /home/shamim/airflow_venv/lib/python3.12/site-packages/airflow/example_dags/plugins/workday.py for tasks to queue
[2025-03-08T21:53:40.381+0600] {logging_mixin.py:190} INFO - [2025-03-08T21:53:40.381+0600] {dagbag.py:588} INFO - Filling up the DagBag from /home/shamim/airflow_venv/lib/python3.12/site-packages/airflow/example_dags/plugins/workday.py
[2025-03-08T21:53:40.387+0600] {processor.py:927} WARNING - No viable dags retrieved from /home/shamim/airflow_venv/lib/python3.12/site-packages/airflow/example_dags/plugins/workday.py
[2025-03-08T21:53:40.404+0600] {processor.py:208} INFO - Processing /home/shamim/airflow_venv/lib/python3.12/site-packages/airflow/example_dags/plugins/workday.py took 0.058 seconds
[2025-03-08T21:54:24.687+0600] {processor.py:186} INFO - Started process (PID=43834) to work on /home/shamim/airflow_venv/lib/python3.12/site-packages/airflow/example_dags/plugins/workday.py
[2025-03-08T21:54:24.691+0600] {processor.py:914} INFO - Processing file /home/shamim/airflow_venv/lib/python3.12/site-packages/airflow/example_dags/plugins/workday.py for tasks to queue
[2025-03-08T21:54:24.694+0600] {logging_mixin.py:190} INFO - [2025-03-08T21:54:24.693+0600] {dagbag.py:588} INFO - Filling up the DagBag from /home/shamim/airflow_venv/lib/python3.12/site-packages/airflow/example_dags/plugins/workday.py
[2025-03-08T21:54:24.697+0600] {processor.py:927} WARNING - No viable dags retrieved from /home/shamim/airflow_venv/lib/python3.12/site-packages/airflow/example_dags/plugins/workday.py
[2025-03-08T21:54:24.710+0600] {processor.py:208} INFO - Processing /home/shamim/airflow_venv/lib/python3.12/site-packages/airflow/example_dags/plugins/workday.py took 0.031 seconds
[2025-03-08T21:55:07.050+0600] {processor.py:186} INFO - Started process (PID=44111) to work on /home/shamim/airflow_venv/lib/python3.12/site-packages/airflow/example_dags/plugins/workday.py
[2025-03-08T21:55:07.054+0600] {processor.py:914} INFO - Processing file /home/shamim/airflow_venv/lib/python3.12/site-packages/airflow/example_dags/plugins/workday.py for tasks to queue
[2025-03-08T21:55:07.058+0600] {logging_mixin.py:190} INFO - [2025-03-08T21:55:07.057+0600] {dagbag.py:588} INFO - Filling up the DagBag from /home/shamim/airflow_venv/lib/python3.12/site-packages/airflow/example_dags/plugins/workday.py
[2025-03-08T21:55:07.061+0600] {processor.py:927} WARNING - No viable dags retrieved from /home/shamim/airflow_venv/lib/python3.12/site-packages/airflow/example_dags/plugins/workday.py
[2025-03-08T21:55:07.074+0600] {processor.py:208} INFO - Processing /home/shamim/airflow_venv/lib/python3.12/site-packages/airflow/example_dags/plugins/workday.py took 0.034 seconds
[2025-03-08T21:55:52.353+0600] {processor.py:186} INFO - Started process (PID=44407) to work on /home/shamim/airflow_venv/lib/python3.12/site-packages/airflow/example_dags/plugins/workday.py
[2025-03-08T21:55:52.360+0600] {processor.py:914} INFO - Processing file /home/shamim/airflow_venv/lib/python3.12/site-packages/airflow/example_dags/plugins/workday.py for tasks to queue
[2025-03-08T21:55:52.367+0600] {logging_mixin.py:190} INFO - [2025-03-08T21:55:52.366+0600] {dagbag.py:588} INFO - Filling up the DagBag from /home/shamim/airflow_venv/lib/python3.12/site-packages/airflow/example_dags/plugins/workday.py
[2025-03-08T21:55:52.373+0600] {processor.py:927} WARNING - No viable dags retrieved from /home/shamim/airflow_venv/lib/python3.12/site-packages/airflow/example_dags/plugins/workday.py
[2025-03-08T21:55:52.390+0600] {processor.py:208} INFO - Processing /home/shamim/airflow_venv/lib/python3.12/site-packages/airflow/example_dags/plugins/workday.py took 0.061 seconds
[2025-03-08T21:56:39.046+0600] {processor.py:186} INFO - Started process (PID=44686) to work on /home/shamim/airflow_venv/lib/python3.12/site-packages/airflow/example_dags/plugins/workday.py
[2025-03-08T21:56:39.052+0600] {processor.py:914} INFO - Processing file /home/shamim/airflow_venv/lib/python3.12/site-packages/airflow/example_dags/plugins/workday.py for tasks to queue
[2025-03-08T21:56:39.055+0600] {logging_mixin.py:190} INFO - [2025-03-08T21:56:39.054+0600] {dagbag.py:588} INFO - Filling up the DagBag from /home/shamim/airflow_venv/lib/python3.12/site-packages/airflow/example_dags/plugins/workday.py
[2025-03-08T21:56:39.058+0600] {processor.py:927} WARNING - No viable dags retrieved from /home/shamim/airflow_venv/lib/python3.12/site-packages/airflow/example_dags/plugins/workday.py
[2025-03-08T21:56:39.071+0600] {processor.py:208} INFO - Processing /home/shamim/airflow_venv/lib/python3.12/site-packages/airflow/example_dags/plugins/workday.py took 0.033 seconds
[2025-03-08T21:57:59.922+0600] {processor.py:186} INFO - Started process (PID=45360) to work on /home/shamim/airflow_venv/lib/python3.12/site-packages/airflow/example_dags/plugins/workday.py
[2025-03-08T21:57:59.924+0600] {processor.py:914} INFO - Processing file /home/shamim/airflow_venv/lib/python3.12/site-packages/airflow/example_dags/plugins/workday.py for tasks to queue
[2025-03-08T21:57:59.927+0600] {logging_mixin.py:190} INFO - [2025-03-08T21:57:59.926+0600] {dagbag.py:588} INFO - Filling up the DagBag from /home/shamim/airflow_venv/lib/python3.12/site-packages/airflow/example_dags/plugins/workday.py
[2025-03-08T21:57:59.930+0600] {processor.py:927} WARNING - No viable dags retrieved from /home/shamim/airflow_venv/lib/python3.12/site-packages/airflow/example_dags/plugins/workday.py
[2025-03-08T21:57:59.946+0600] {processor.py:208} INFO - Processing /home/shamim/airflow_venv/lib/python3.12/site-packages/airflow/example_dags/plugins/workday.py took 0.036 seconds
[2025-03-08T21:58:43.795+0600] {processor.py:186} INFO - Started process (PID=45691) to work on /home/shamim/airflow_venv/lib/python3.12/site-packages/airflow/example_dags/plugins/workday.py
[2025-03-08T21:58:43.801+0600] {processor.py:914} INFO - Processing file /home/shamim/airflow_venv/lib/python3.12/site-packages/airflow/example_dags/plugins/workday.py for tasks to queue
[2025-03-08T21:58:43.804+0600] {logging_mixin.py:190} INFO - [2025-03-08T21:58:43.803+0600] {dagbag.py:588} INFO - Filling up the DagBag from /home/shamim/airflow_venv/lib/python3.12/site-packages/airflow/example_dags/plugins/workday.py
[2025-03-08T21:58:43.807+0600] {processor.py:927} WARNING - No viable dags retrieved from /home/shamim/airflow_venv/lib/python3.12/site-packages/airflow/example_dags/plugins/workday.py
[2025-03-08T21:58:43.821+0600] {processor.py:208} INFO - Processing /home/shamim/airflow_venv/lib/python3.12/site-packages/airflow/example_dags/plugins/workday.py took 0.036 seconds
[2025-03-08T21:59:32.083+0600] {processor.py:186} INFO - Started process (PID=46179) to work on /home/shamim/airflow_venv/lib/python3.12/site-packages/airflow/example_dags/plugins/workday.py
[2025-03-08T21:59:32.090+0600] {processor.py:914} INFO - Processing file /home/shamim/airflow_venv/lib/python3.12/site-packages/airflow/example_dags/plugins/workday.py for tasks to queue
[2025-03-08T21:59:32.096+0600] {logging_mixin.py:190} INFO - [2025-03-08T21:59:32.095+0600] {dagbag.py:588} INFO - Filling up the DagBag from /home/shamim/airflow_venv/lib/python3.12/site-packages/airflow/example_dags/plugins/workday.py
[2025-03-08T21:59:32.107+0600] {processor.py:927} WARNING - No viable dags retrieved from /home/shamim/airflow_venv/lib/python3.12/site-packages/airflow/example_dags/plugins/workday.py
[2025-03-08T21:59:32.138+0600] {processor.py:208} INFO - Processing /home/shamim/airflow_venv/lib/python3.12/site-packages/airflow/example_dags/plugins/workday.py took 0.074 seconds
[2025-03-08T22:00:19.643+0600] {processor.py:186} INFO - Started process (PID=46475) to work on /home/shamim/airflow_venv/lib/python3.12/site-packages/airflow/example_dags/plugins/workday.py
[2025-03-08T22:00:19.647+0600] {processor.py:914} INFO - Processing file /home/shamim/airflow_venv/lib/python3.12/site-packages/airflow/example_dags/plugins/workday.py for tasks to queue
[2025-03-08T22:00:19.652+0600] {logging_mixin.py:190} INFO - [2025-03-08T22:00:19.652+0600] {dagbag.py:588} INFO - Filling up the DagBag from /home/shamim/airflow_venv/lib/python3.12/site-packages/airflow/example_dags/plugins/workday.py
[2025-03-08T22:00:19.658+0600] {processor.py:927} WARNING - No viable dags retrieved from /home/shamim/airflow_venv/lib/python3.12/site-packages/airflow/example_dags/plugins/workday.py
[2025-03-08T22:00:19.674+0600] {processor.py:208} INFO - Processing /home/shamim/airflow_venv/lib/python3.12/site-packages/airflow/example_dags/plugins/workday.py took 0.040 seconds
[2025-03-08T22:01:04.132+0600] {processor.py:186} INFO - Started process (PID=46790) to work on /home/shamim/airflow_venv/lib/python3.12/site-packages/airflow/example_dags/plugins/workday.py
[2025-03-08T22:01:04.139+0600] {processor.py:914} INFO - Processing file /home/shamim/airflow_venv/lib/python3.12/site-packages/airflow/example_dags/plugins/workday.py for tasks to queue
[2025-03-08T22:01:04.147+0600] {logging_mixin.py:190} INFO - [2025-03-08T22:01:04.145+0600] {dagbag.py:588} INFO - Filling up the DagBag from /home/shamim/airflow_venv/lib/python3.12/site-packages/airflow/example_dags/plugins/workday.py
[2025-03-08T22:01:04.157+0600] {processor.py:927} WARNING - No viable dags retrieved from /home/shamim/airflow_venv/lib/python3.12/site-packages/airflow/example_dags/plugins/workday.py
[2025-03-08T22:01:04.189+0600] {processor.py:208} INFO - Processing /home/shamim/airflow_venv/lib/python3.12/site-packages/airflow/example_dags/plugins/workday.py took 0.080 seconds
[2025-03-08T22:01:48.653+0600] {processor.py:186} INFO - Started process (PID=47309) to work on /home/shamim/airflow_venv/lib/python3.12/site-packages/airflow/example_dags/plugins/workday.py
[2025-03-08T22:01:48.659+0600] {processor.py:914} INFO - Processing file /home/shamim/airflow_venv/lib/python3.12/site-packages/airflow/example_dags/plugins/workday.py for tasks to queue
[2025-03-08T22:01:48.661+0600] {logging_mixin.py:190} INFO - [2025-03-08T22:01:48.661+0600] {dagbag.py:588} INFO - Filling up the DagBag from /home/shamim/airflow_venv/lib/python3.12/site-packages/airflow/example_dags/plugins/workday.py
[2025-03-08T22:01:48.664+0600] {processor.py:927} WARNING - No viable dags retrieved from /home/shamim/airflow_venv/lib/python3.12/site-packages/airflow/example_dags/plugins/workday.py
[2025-03-08T22:01:48.677+0600] {processor.py:208} INFO - Processing /home/shamim/airflow_venv/lib/python3.12/site-packages/airflow/example_dags/plugins/workday.py took 0.035 seconds
[2025-03-08T22:02:35.661+0600] {processor.py:186} INFO - Started process (PID=47575) to work on /home/shamim/airflow_venv/lib/python3.12/site-packages/airflow/example_dags/plugins/workday.py
[2025-03-08T22:02:35.665+0600] {processor.py:914} INFO - Processing file /home/shamim/airflow_venv/lib/python3.12/site-packages/airflow/example_dags/plugins/workday.py for tasks to queue
[2025-03-08T22:02:35.668+0600] {logging_mixin.py:190} INFO - [2025-03-08T22:02:35.667+0600] {dagbag.py:588} INFO - Filling up the DagBag from /home/shamim/airflow_venv/lib/python3.12/site-packages/airflow/example_dags/plugins/workday.py
[2025-03-08T22:02:35.672+0600] {processor.py:927} WARNING - No viable dags retrieved from /home/shamim/airflow_venv/lib/python3.12/site-packages/airflow/example_dags/plugins/workday.py
[2025-03-08T22:02:35.687+0600] {processor.py:208} INFO - Processing /home/shamim/airflow_venv/lib/python3.12/site-packages/airflow/example_dags/plugins/workday.py took 0.043 seconds
[2025-03-08T22:03:20.104+0600] {processor.py:186} INFO - Started process (PID=48024) to work on /home/shamim/airflow_venv/lib/python3.12/site-packages/airflow/example_dags/plugins/workday.py
[2025-03-08T22:03:20.109+0600] {processor.py:914} INFO - Processing file /home/shamim/airflow_venv/lib/python3.12/site-packages/airflow/example_dags/plugins/workday.py for tasks to queue
[2025-03-08T22:03:20.112+0600] {logging_mixin.py:190} INFO - [2025-03-08T22:03:20.112+0600] {dagbag.py:588} INFO - Filling up the DagBag from /home/shamim/airflow_venv/lib/python3.12/site-packages/airflow/example_dags/plugins/workday.py
[2025-03-08T22:03:20.116+0600] {processor.py:927} WARNING - No viable dags retrieved from /home/shamim/airflow_venv/lib/python3.12/site-packages/airflow/example_dags/plugins/workday.py
[2025-03-08T22:03:20.130+0600] {processor.py:208} INFO - Processing /home/shamim/airflow_venv/lib/python3.12/site-packages/airflow/example_dags/plugins/workday.py took 0.036 seconds
[2025-03-08T22:04:09.210+0600] {processor.py:186} INFO - Started process (PID=48358) to work on /home/shamim/airflow_venv/lib/python3.12/site-packages/airflow/example_dags/plugins/workday.py
[2025-03-08T22:04:09.214+0600] {processor.py:914} INFO - Processing file /home/shamim/airflow_venv/lib/python3.12/site-packages/airflow/example_dags/plugins/workday.py for tasks to queue
[2025-03-08T22:04:09.220+0600] {logging_mixin.py:190} INFO - [2025-03-08T22:04:09.218+0600] {dagbag.py:588} INFO - Filling up the DagBag from /home/shamim/airflow_venv/lib/python3.12/site-packages/airflow/example_dags/plugins/workday.py
[2025-03-08T22:04:09.224+0600] {processor.py:927} WARNING - No viable dags retrieved from /home/shamim/airflow_venv/lib/python3.12/site-packages/airflow/example_dags/plugins/workday.py
[2025-03-08T22:04:09.246+0600] {processor.py:208} INFO - Processing /home/shamim/airflow_venv/lib/python3.12/site-packages/airflow/example_dags/plugins/workday.py took 0.052 seconds
[2025-03-08T22:04:53.684+0600] {processor.py:186} INFO - Started process (PID=48625) to work on /home/shamim/airflow_venv/lib/python3.12/site-packages/airflow/example_dags/plugins/workday.py
[2025-03-08T22:04:53.687+0600] {processor.py:914} INFO - Processing file /home/shamim/airflow_venv/lib/python3.12/site-packages/airflow/example_dags/plugins/workday.py for tasks to queue
[2025-03-08T22:04:53.690+0600] {logging_mixin.py:190} INFO - [2025-03-08T22:04:53.689+0600] {dagbag.py:588} INFO - Filling up the DagBag from /home/shamim/airflow_venv/lib/python3.12/site-packages/airflow/example_dags/plugins/workday.py
[2025-03-08T22:04:53.693+0600] {processor.py:927} WARNING - No viable dags retrieved from /home/shamim/airflow_venv/lib/python3.12/site-packages/airflow/example_dags/plugins/workday.py
[2025-03-08T22:04:53.706+0600] {processor.py:208} INFO - Processing /home/shamim/airflow_venv/lib/python3.12/site-packages/airflow/example_dags/plugins/workday.py took 0.030 seconds
[2025-03-08T22:06:19.992+0600] {processor.py:186} INFO - Started process (PID=49158) to work on /home/shamim/airflow_venv/lib/python3.12/site-packages/airflow/example_dags/plugins/workday.py
[2025-03-08T22:06:20.006+0600] {processor.py:914} INFO - Processing file /home/shamim/airflow_venv/lib/python3.12/site-packages/airflow/example_dags/plugins/workday.py for tasks to queue
[2025-03-08T22:06:20.009+0600] {logging_mixin.py:190} INFO - [2025-03-08T22:06:20.008+0600] {dagbag.py:588} INFO - Filling up the DagBag from /home/shamim/airflow_venv/lib/python3.12/site-packages/airflow/example_dags/plugins/workday.py
[2025-03-08T22:06:20.012+0600] {processor.py:927} WARNING - No viable dags retrieved from /home/shamim/airflow_venv/lib/python3.12/site-packages/airflow/example_dags/plugins/workday.py
[2025-03-08T22:06:20.025+0600] {processor.py:208} INFO - Processing /home/shamim/airflow_venv/lib/python3.12/site-packages/airflow/example_dags/plugins/workday.py took 0.041 seconds
[2025-03-08T22:07:14.028+0600] {processor.py:186} INFO - Started process (PID=49566) to work on /home/shamim/airflow_venv/lib/python3.12/site-packages/airflow/example_dags/plugins/workday.py
[2025-03-08T22:07:14.034+0600] {processor.py:914} INFO - Processing file /home/shamim/airflow_venv/lib/python3.12/site-packages/airflow/example_dags/plugins/workday.py for tasks to queue
[2025-03-08T22:07:14.036+0600] {logging_mixin.py:190} INFO - [2025-03-08T22:07:14.036+0600] {dagbag.py:588} INFO - Filling up the DagBag from /home/shamim/airflow_venv/lib/python3.12/site-packages/airflow/example_dags/plugins/workday.py
[2025-03-08T22:07:14.040+0600] {processor.py:927} WARNING - No viable dags retrieved from /home/shamim/airflow_venv/lib/python3.12/site-packages/airflow/example_dags/plugins/workday.py
[2025-03-08T22:07:14.057+0600] {processor.py:208} INFO - Processing /home/shamim/airflow_venv/lib/python3.12/site-packages/airflow/example_dags/plugins/workday.py took 0.040 seconds
[2025-03-08T22:08:01.288+0600] {processor.py:186} INFO - Started process (PID=49997) to work on /home/shamim/airflow_venv/lib/python3.12/site-packages/airflow/example_dags/plugins/workday.py
[2025-03-08T22:08:01.296+0600] {processor.py:914} INFO - Processing file /home/shamim/airflow_venv/lib/python3.12/site-packages/airflow/example_dags/plugins/workday.py for tasks to queue
[2025-03-08T22:08:01.301+0600] {logging_mixin.py:190} INFO - [2025-03-08T22:08:01.299+0600] {dagbag.py:588} INFO - Filling up the DagBag from /home/shamim/airflow_venv/lib/python3.12/site-packages/airflow/example_dags/plugins/workday.py
[2025-03-08T22:08:01.309+0600] {processor.py:927} WARNING - No viable dags retrieved from /home/shamim/airflow_venv/lib/python3.12/site-packages/airflow/example_dags/plugins/workday.py
[2025-03-08T22:08:01.327+0600] {processor.py:208} INFO - Processing /home/shamim/airflow_venv/lib/python3.12/site-packages/airflow/example_dags/plugins/workday.py took 0.066 seconds
[2025-03-08T22:08:49.507+0600] {processor.py:186} INFO - Started process (PID=50400) to work on /home/shamim/airflow_venv/lib/python3.12/site-packages/airflow/example_dags/plugins/workday.py
[2025-03-08T22:08:49.531+0600] {processor.py:914} INFO - Processing file /home/shamim/airflow_venv/lib/python3.12/site-packages/airflow/example_dags/plugins/workday.py for tasks to queue
[2025-03-08T22:08:49.533+0600] {logging_mixin.py:190} INFO - [2025-03-08T22:08:49.532+0600] {dagbag.py:588} INFO - Filling up the DagBag from /home/shamim/airflow_venv/lib/python3.12/site-packages/airflow/example_dags/plugins/workday.py
[2025-03-08T22:08:49.537+0600] {processor.py:927} WARNING - No viable dags retrieved from /home/shamim/airflow_venv/lib/python3.12/site-packages/airflow/example_dags/plugins/workday.py
[2025-03-08T22:08:49.550+0600] {processor.py:208} INFO - Processing /home/shamim/airflow_venv/lib/python3.12/site-packages/airflow/example_dags/plugins/workday.py took 0.054 seconds
[2025-03-08T22:09:36.499+0600] {processor.py:186} INFO - Started process (PID=50780) to work on /home/shamim/airflow_venv/lib/python3.12/site-packages/airflow/example_dags/plugins/workday.py
[2025-03-08T22:09:36.505+0600] {processor.py:914} INFO - Processing file /home/shamim/airflow_venv/lib/python3.12/site-packages/airflow/example_dags/plugins/workday.py for tasks to queue
[2025-03-08T22:09:36.507+0600] {logging_mixin.py:190} INFO - [2025-03-08T22:09:36.507+0600] {dagbag.py:588} INFO - Filling up the DagBag from /home/shamim/airflow_venv/lib/python3.12/site-packages/airflow/example_dags/plugins/workday.py
[2025-03-08T22:09:36.511+0600] {processor.py:927} WARNING - No viable dags retrieved from /home/shamim/airflow_venv/lib/python3.12/site-packages/airflow/example_dags/plugins/workday.py
[2025-03-08T22:09:36.524+0600] {processor.py:208} INFO - Processing /home/shamim/airflow_venv/lib/python3.12/site-packages/airflow/example_dags/plugins/workday.py took 0.037 seconds
[2025-03-08T22:10:22.524+0600] {processor.py:186} INFO - Started process (PID=51203) to work on /home/shamim/airflow_venv/lib/python3.12/site-packages/airflow/example_dags/plugins/workday.py
[2025-03-08T22:10:22.531+0600] {processor.py:914} INFO - Processing file /home/shamim/airflow_venv/lib/python3.12/site-packages/airflow/example_dags/plugins/workday.py for tasks to queue
[2025-03-08T22:10:22.533+0600] {logging_mixin.py:190} INFO - [2025-03-08T22:10:22.533+0600] {dagbag.py:588} INFO - Filling up the DagBag from /home/shamim/airflow_venv/lib/python3.12/site-packages/airflow/example_dags/plugins/workday.py
[2025-03-08T22:10:22.536+0600] {processor.py:927} WARNING - No viable dags retrieved from /home/shamim/airflow_venv/lib/python3.12/site-packages/airflow/example_dags/plugins/workday.py
[2025-03-08T22:10:22.552+0600] {processor.py:208} INFO - Processing /home/shamim/airflow_venv/lib/python3.12/site-packages/airflow/example_dags/plugins/workday.py took 0.037 seconds
[2025-03-08T22:11:10.517+0600] {processor.py:186} INFO - Started process (PID=51440) to work on /home/shamim/airflow_venv/lib/python3.12/site-packages/airflow/example_dags/plugins/workday.py
[2025-03-08T22:11:10.523+0600] {processor.py:914} INFO - Processing file /home/shamim/airflow_venv/lib/python3.12/site-packages/airflow/example_dags/plugins/workday.py for tasks to queue
[2025-03-08T22:11:10.526+0600] {logging_mixin.py:190} INFO - [2025-03-08T22:11:10.526+0600] {dagbag.py:588} INFO - Filling up the DagBag from /home/shamim/airflow_venv/lib/python3.12/site-packages/airflow/example_dags/plugins/workday.py
[2025-03-08T22:11:10.530+0600] {processor.py:927} WARNING - No viable dags retrieved from /home/shamim/airflow_venv/lib/python3.12/site-packages/airflow/example_dags/plugins/workday.py
[2025-03-08T22:11:10.545+0600] {processor.py:208} INFO - Processing /home/shamim/airflow_venv/lib/python3.12/site-packages/airflow/example_dags/plugins/workday.py took 0.037 seconds
[2025-03-08T22:12:00.262+0600] {processor.py:186} INFO - Started process (PID=51716) to work on /home/shamim/airflow_venv/lib/python3.12/site-packages/airflow/example_dags/plugins/workday.py
[2025-03-08T22:12:01.210+0600] {processor.py:914} INFO - Processing file /home/shamim/airflow_venv/lib/python3.12/site-packages/airflow/example_dags/plugins/workday.py for tasks to queue
[2025-03-08T22:12:01.218+0600] {logging_mixin.py:190} INFO - [2025-03-08T22:12:01.216+0600] {dagbag.py:588} INFO - Filling up the DagBag from /home/shamim/airflow_venv/lib/python3.12/site-packages/airflow/example_dags/plugins/workday.py
[2025-03-08T22:12:01.226+0600] {processor.py:927} WARNING - No viable dags retrieved from /home/shamim/airflow_venv/lib/python3.12/site-packages/airflow/example_dags/plugins/workday.py
[2025-03-08T22:12:01.255+0600] {processor.py:208} INFO - Processing /home/shamim/airflow_venv/lib/python3.12/site-packages/airflow/example_dags/plugins/workday.py took 1.002 seconds
[2025-03-08T22:13:27.741+0600] {processor.py:186} INFO - Started process (PID=52220) to work on /home/shamim/airflow_venv/lib/python3.12/site-packages/airflow/example_dags/plugins/workday.py
[2025-03-08T22:13:27.747+0600] {processor.py:914} INFO - Processing file /home/shamim/airflow_venv/lib/python3.12/site-packages/airflow/example_dags/plugins/workday.py for tasks to queue
[2025-03-08T22:13:27.749+0600] {logging_mixin.py:190} INFO - [2025-03-08T22:13:27.749+0600] {dagbag.py:588} INFO - Filling up the DagBag from /home/shamim/airflow_venv/lib/python3.12/site-packages/airflow/example_dags/plugins/workday.py
[2025-03-08T22:13:27.753+0600] {processor.py:927} WARNING - No viable dags retrieved from /home/shamim/airflow_venv/lib/python3.12/site-packages/airflow/example_dags/plugins/workday.py
[2025-03-08T22:13:27.766+0600] {processor.py:208} INFO - Processing /home/shamim/airflow_venv/lib/python3.12/site-packages/airflow/example_dags/plugins/workday.py took 0.036 seconds
[2025-03-08T22:14:13.767+0600] {processor.py:186} INFO - Started process (PID=52474) to work on /home/shamim/airflow_venv/lib/python3.12/site-packages/airflow/example_dags/plugins/workday.py
[2025-03-08T22:14:13.771+0600] {processor.py:914} INFO - Processing file /home/shamim/airflow_venv/lib/python3.12/site-packages/airflow/example_dags/plugins/workday.py for tasks to queue
[2025-03-08T22:14:13.774+0600] {logging_mixin.py:190} INFO - [2025-03-08T22:14:13.774+0600] {dagbag.py:588} INFO - Filling up the DagBag from /home/shamim/airflow_venv/lib/python3.12/site-packages/airflow/example_dags/plugins/workday.py
[2025-03-08T22:14:13.778+0600] {processor.py:927} WARNING - No viable dags retrieved from /home/shamim/airflow_venv/lib/python3.12/site-packages/airflow/example_dags/plugins/workday.py
[2025-03-08T22:14:13.791+0600] {processor.py:208} INFO - Processing /home/shamim/airflow_venv/lib/python3.12/site-packages/airflow/example_dags/plugins/workday.py took 0.038 seconds
[2025-03-08T22:14:57.564+0600] {processor.py:186} INFO - Started process (PID=52714) to work on /home/shamim/airflow_venv/lib/python3.12/site-packages/airflow/example_dags/plugins/workday.py
[2025-03-08T22:14:57.569+0600] {processor.py:914} INFO - Processing file /home/shamim/airflow_venv/lib/python3.12/site-packages/airflow/example_dags/plugins/workday.py for tasks to queue
[2025-03-08T22:14:57.571+0600] {logging_mixin.py:190} INFO - [2025-03-08T22:14:57.571+0600] {dagbag.py:588} INFO - Filling up the DagBag from /home/shamim/airflow_venv/lib/python3.12/site-packages/airflow/example_dags/plugins/workday.py
[2025-03-08T22:14:57.574+0600] {processor.py:927} WARNING - No viable dags retrieved from /home/shamim/airflow_venv/lib/python3.12/site-packages/airflow/example_dags/plugins/workday.py
[2025-03-08T22:14:57.587+0600] {processor.py:208} INFO - Processing /home/shamim/airflow_venv/lib/python3.12/site-packages/airflow/example_dags/plugins/workday.py took 0.033 seconds
[2025-03-08T22:15:49.132+0600] {processor.py:186} INFO - Started process (PID=53018) to work on /home/shamim/airflow_venv/lib/python3.12/site-packages/airflow/example_dags/plugins/workday.py
[2025-03-08T22:15:49.139+0600] {processor.py:914} INFO - Processing file /home/shamim/airflow_venv/lib/python3.12/site-packages/airflow/example_dags/plugins/workday.py for tasks to queue
[2025-03-08T22:15:49.141+0600] {logging_mixin.py:190} INFO - [2025-03-08T22:15:49.141+0600] {dagbag.py:588} INFO - Filling up the DagBag from /home/shamim/airflow_venv/lib/python3.12/site-packages/airflow/example_dags/plugins/workday.py
[2025-03-08T22:15:49.146+0600] {processor.py:927} WARNING - No viable dags retrieved from /home/shamim/airflow_venv/lib/python3.12/site-packages/airflow/example_dags/plugins/workday.py
[2025-03-08T22:15:49.162+0600] {processor.py:208} INFO - Processing /home/shamim/airflow_venv/lib/python3.12/site-packages/airflow/example_dags/plugins/workday.py took 0.040 seconds
[2025-03-08T22:16:36.306+0600] {processor.py:186} INFO - Started process (PID=53266) to work on /home/shamim/airflow_venv/lib/python3.12/site-packages/airflow/example_dags/plugins/workday.py
[2025-03-08T22:16:36.314+0600] {processor.py:914} INFO - Processing file /home/shamim/airflow_venv/lib/python3.12/site-packages/airflow/example_dags/plugins/workday.py for tasks to queue
[2025-03-08T22:16:36.321+0600] {logging_mixin.py:190} INFO - [2025-03-08T22:16:36.319+0600] {dagbag.py:588} INFO - Filling up the DagBag from /home/shamim/airflow_venv/lib/python3.12/site-packages/airflow/example_dags/plugins/workday.py
[2025-03-08T22:16:36.330+0600] {processor.py:927} WARNING - No viable dags retrieved from /home/shamim/airflow_venv/lib/python3.12/site-packages/airflow/example_dags/plugins/workday.py
[2025-03-08T22:16:36.354+0600] {processor.py:208} INFO - Processing /home/shamim/airflow_venv/lib/python3.12/site-packages/airflow/example_dags/plugins/workday.py took 0.073 seconds
[2025-03-08T22:17:27.875+0600] {processor.py:186} INFO - Started process (PID=53520) to work on /home/shamim/airflow_venv/lib/python3.12/site-packages/airflow/example_dags/plugins/workday.py
[2025-03-08T22:17:27.882+0600] {processor.py:914} INFO - Processing file /home/shamim/airflow_venv/lib/python3.12/site-packages/airflow/example_dags/plugins/workday.py for tasks to queue
[2025-03-08T22:17:27.884+0600] {logging_mixin.py:190} INFO - [2025-03-08T22:17:27.884+0600] {dagbag.py:588} INFO - Filling up the DagBag from /home/shamim/airflow_venv/lib/python3.12/site-packages/airflow/example_dags/plugins/workday.py
[2025-03-08T22:17:27.887+0600] {processor.py:927} WARNING - No viable dags retrieved from /home/shamim/airflow_venv/lib/python3.12/site-packages/airflow/example_dags/plugins/workday.py
[2025-03-08T22:17:27.900+0600] {processor.py:208} INFO - Processing /home/shamim/airflow_venv/lib/python3.12/site-packages/airflow/example_dags/plugins/workday.py took 0.034 seconds
[2025-03-08T22:18:18.167+0600] {processor.py:186} INFO - Started process (PID=53798) to work on /home/shamim/airflow_venv/lib/python3.12/site-packages/airflow/example_dags/plugins/workday.py
[2025-03-08T22:18:18.174+0600] {processor.py:914} INFO - Processing file /home/shamim/airflow_venv/lib/python3.12/site-packages/airflow/example_dags/plugins/workday.py for tasks to queue
[2025-03-08T22:18:18.180+0600] {logging_mixin.py:190} INFO - [2025-03-08T22:18:18.179+0600] {dagbag.py:588} INFO - Filling up the DagBag from /home/shamim/airflow_venv/lib/python3.12/site-packages/airflow/example_dags/plugins/workday.py
[2025-03-08T22:18:18.187+0600] {processor.py:927} WARNING - No viable dags retrieved from /home/shamim/airflow_venv/lib/python3.12/site-packages/airflow/example_dags/plugins/workday.py
[2025-03-08T22:18:18.204+0600] {processor.py:208} INFO - Processing /home/shamim/airflow_venv/lib/python3.12/site-packages/airflow/example_dags/plugins/workday.py took 0.046 seconds
[2025-03-08T22:19:05.626+0600] {processor.py:186} INFO - Started process (PID=54250) to work on /home/shamim/airflow_venv/lib/python3.12/site-packages/airflow/example_dags/plugins/workday.py
[2025-03-08T22:19:05.633+0600] {processor.py:914} INFO - Processing file /home/shamim/airflow_venv/lib/python3.12/site-packages/airflow/example_dags/plugins/workday.py for tasks to queue
[2025-03-08T22:19:05.637+0600] {logging_mixin.py:190} INFO - [2025-03-08T22:19:05.636+0600] {dagbag.py:588} INFO - Filling up the DagBag from /home/shamim/airflow_venv/lib/python3.12/site-packages/airflow/example_dags/plugins/workday.py
[2025-03-08T22:19:05.641+0600] {processor.py:927} WARNING - No viable dags retrieved from /home/shamim/airflow_venv/lib/python3.12/site-packages/airflow/example_dags/plugins/workday.py
[2025-03-08T22:19:05.657+0600] {processor.py:208} INFO - Processing /home/shamim/airflow_venv/lib/python3.12/site-packages/airflow/example_dags/plugins/workday.py took 0.052 seconds
[2025-03-08T22:19:55.641+0600] {processor.py:186} INFO - Started process (PID=54709) to work on /home/shamim/airflow_venv/lib/python3.12/site-packages/airflow/example_dags/plugins/workday.py
[2025-03-08T22:19:55.647+0600] {processor.py:914} INFO - Processing file /home/shamim/airflow_venv/lib/python3.12/site-packages/airflow/example_dags/plugins/workday.py for tasks to queue
[2025-03-08T22:19:55.652+0600] {logging_mixin.py:190} INFO - [2025-03-08T22:19:55.651+0600] {dagbag.py:588} INFO - Filling up the DagBag from /home/shamim/airflow_venv/lib/python3.12/site-packages/airflow/example_dags/plugins/workday.py
[2025-03-08T22:19:55.657+0600] {processor.py:927} WARNING - No viable dags retrieved from /home/shamim/airflow_venv/lib/python3.12/site-packages/airflow/example_dags/plugins/workday.py
[2025-03-08T22:19:55.678+0600] {processor.py:208} INFO - Processing /home/shamim/airflow_venv/lib/python3.12/site-packages/airflow/example_dags/plugins/workday.py took 0.056 seconds
[2025-03-08T22:20:41.518+0600] {processor.py:186} INFO - Started process (PID=55024) to work on /home/shamim/airflow_venv/lib/python3.12/site-packages/airflow/example_dags/plugins/workday.py
[2025-03-08T22:20:41.524+0600] {processor.py:914} INFO - Processing file /home/shamim/airflow_venv/lib/python3.12/site-packages/airflow/example_dags/plugins/workday.py for tasks to queue
[2025-03-08T22:20:41.528+0600] {logging_mixin.py:190} INFO - [2025-03-08T22:20:41.527+0600] {dagbag.py:588} INFO - Filling up the DagBag from /home/shamim/airflow_venv/lib/python3.12/site-packages/airflow/example_dags/plugins/workday.py
[2025-03-08T22:20:41.531+0600] {processor.py:927} WARNING - No viable dags retrieved from /home/shamim/airflow_venv/lib/python3.12/site-packages/airflow/example_dags/plugins/workday.py
[2025-03-08T22:20:41.545+0600] {processor.py:208} INFO - Processing /home/shamim/airflow_venv/lib/python3.12/site-packages/airflow/example_dags/plugins/workday.py took 0.037 seconds
[2025-03-08T22:21:29.056+0600] {processor.py:186} INFO - Started process (PID=55361) to work on /home/shamim/airflow_venv/lib/python3.12/site-packages/airflow/example_dags/plugins/workday.py
[2025-03-08T22:21:29.063+0600] {processor.py:914} INFO - Processing file /home/shamim/airflow_venv/lib/python3.12/site-packages/airflow/example_dags/plugins/workday.py for tasks to queue
[2025-03-08T22:21:29.067+0600] {logging_mixin.py:190} INFO - [2025-03-08T22:21:29.066+0600] {dagbag.py:588} INFO - Filling up the DagBag from /home/shamim/airflow_venv/lib/python3.12/site-packages/airflow/example_dags/plugins/workday.py
[2025-03-08T22:21:29.072+0600] {processor.py:927} WARNING - No viable dags retrieved from /home/shamim/airflow_venv/lib/python3.12/site-packages/airflow/example_dags/plugins/workday.py
[2025-03-08T22:21:29.093+0600] {processor.py:208} INFO - Processing /home/shamim/airflow_venv/lib/python3.12/site-packages/airflow/example_dags/plugins/workday.py took 0.051 seconds
[2025-03-08T22:22:19.439+0600] {processor.py:186} INFO - Started process (PID=55773) to work on /home/shamim/airflow_venv/lib/python3.12/site-packages/airflow/example_dags/plugins/workday.py
[2025-03-08T22:22:19.445+0600] {processor.py:914} INFO - Processing file /home/shamim/airflow_venv/lib/python3.12/site-packages/airflow/example_dags/plugins/workday.py for tasks to queue
[2025-03-08T22:22:19.448+0600] {logging_mixin.py:190} INFO - [2025-03-08T22:22:19.448+0600] {dagbag.py:588} INFO - Filling up the DagBag from /home/shamim/airflow_venv/lib/python3.12/site-packages/airflow/example_dags/plugins/workday.py
[2025-03-08T22:22:19.451+0600] {processor.py:927} WARNING - No viable dags retrieved from /home/shamim/airflow_venv/lib/python3.12/site-packages/airflow/example_dags/plugins/workday.py
[2025-03-08T22:22:19.464+0600] {processor.py:208} INFO - Processing /home/shamim/airflow_venv/lib/python3.12/site-packages/airflow/example_dags/plugins/workday.py took 0.034 seconds
[2025-03-08T22:23:11.628+0600] {processor.py:186} INFO - Started process (PID=56131) to work on /home/shamim/airflow_venv/lib/python3.12/site-packages/airflow/example_dags/plugins/workday.py
[2025-03-08T22:23:11.635+0600] {processor.py:914} INFO - Processing file /home/shamim/airflow_venv/lib/python3.12/site-packages/airflow/example_dags/plugins/workday.py for tasks to queue
[2025-03-08T22:23:11.638+0600] {logging_mixin.py:190} INFO - [2025-03-08T22:23:11.637+0600] {dagbag.py:588} INFO - Filling up the DagBag from /home/shamim/airflow_venv/lib/python3.12/site-packages/airflow/example_dags/plugins/workday.py
[2025-03-08T22:23:11.642+0600] {processor.py:927} WARNING - No viable dags retrieved from /home/shamim/airflow_venv/lib/python3.12/site-packages/airflow/example_dags/plugins/workday.py
[2025-03-08T22:23:11.656+0600] {processor.py:208} INFO - Processing /home/shamim/airflow_venv/lib/python3.12/site-packages/airflow/example_dags/plugins/workday.py took 0.048 seconds
[2025-03-08T22:24:01.818+0600] {processor.py:186} INFO - Started process (PID=56494) to work on /home/shamim/airflow_venv/lib/python3.12/site-packages/airflow/example_dags/plugins/workday.py
[2025-03-08T22:24:01.826+0600] {processor.py:914} INFO - Processing file /home/shamim/airflow_venv/lib/python3.12/site-packages/airflow/example_dags/plugins/workday.py for tasks to queue
[2025-03-08T22:24:01.830+0600] {logging_mixin.py:190} INFO - [2025-03-08T22:24:01.829+0600] {dagbag.py:588} INFO - Filling up the DagBag from /home/shamim/airflow_venv/lib/python3.12/site-packages/airflow/example_dags/plugins/workday.py
[2025-03-08T22:24:01.834+0600] {processor.py:927} WARNING - No viable dags retrieved from /home/shamim/airflow_venv/lib/python3.12/site-packages/airflow/example_dags/plugins/workday.py
[2025-03-08T22:24:01.848+0600] {processor.py:208} INFO - Processing /home/shamim/airflow_venv/lib/python3.12/site-packages/airflow/example_dags/plugins/workday.py took 0.059 seconds
[2025-03-08T22:24:52.207+0600] {processor.py:186} INFO - Started process (PID=56841) to work on /home/shamim/airflow_venv/lib/python3.12/site-packages/airflow/example_dags/plugins/workday.py
[2025-03-08T22:24:52.214+0600] {processor.py:914} INFO - Processing file /home/shamim/airflow_venv/lib/python3.12/site-packages/airflow/example_dags/plugins/workday.py for tasks to queue
[2025-03-08T22:24:52.216+0600] {logging_mixin.py:190} INFO - [2025-03-08T22:24:52.216+0600] {dagbag.py:588} INFO - Filling up the DagBag from /home/shamim/airflow_venv/lib/python3.12/site-packages/airflow/example_dags/plugins/workday.py
[2025-03-08T22:24:52.219+0600] {processor.py:927} WARNING - No viable dags retrieved from /home/shamim/airflow_venv/lib/python3.12/site-packages/airflow/example_dags/plugins/workday.py
[2025-03-08T22:24:52.238+0600] {processor.py:208} INFO - Processing /home/shamim/airflow_venv/lib/python3.12/site-packages/airflow/example_dags/plugins/workday.py took 0.043 seconds
[2025-03-08T22:25:38.686+0600] {processor.py:186} INFO - Started process (PID=57170) to work on /home/shamim/airflow_venv/lib/python3.12/site-packages/airflow/example_dags/plugins/workday.py
[2025-03-08T22:25:38.693+0600] {processor.py:914} INFO - Processing file /home/shamim/airflow_venv/lib/python3.12/site-packages/airflow/example_dags/plugins/workday.py for tasks to queue
[2025-03-08T22:25:38.699+0600] {logging_mixin.py:190} INFO - [2025-03-08T22:25:38.698+0600] {dagbag.py:588} INFO - Filling up the DagBag from /home/shamim/airflow_venv/lib/python3.12/site-packages/airflow/example_dags/plugins/workday.py
[2025-03-08T22:25:38.706+0600] {processor.py:927} WARNING - No viable dags retrieved from /home/shamim/airflow_venv/lib/python3.12/site-packages/airflow/example_dags/plugins/workday.py
[2025-03-08T22:25:38.722+0600] {processor.py:208} INFO - Processing /home/shamim/airflow_venv/lib/python3.12/site-packages/airflow/example_dags/plugins/workday.py took 0.046 seconds
[2025-03-08T22:26:25.926+0600] {processor.py:186} INFO - Started process (PID=57463) to work on /home/shamim/airflow_venv/lib/python3.12/site-packages/airflow/example_dags/plugins/workday.py
[2025-03-08T22:26:25.933+0600] {processor.py:914} INFO - Processing file /home/shamim/airflow_venv/lib/python3.12/site-packages/airflow/example_dags/plugins/workday.py for tasks to queue
[2025-03-08T22:26:25.936+0600] {logging_mixin.py:190} INFO - [2025-03-08T22:26:25.936+0600] {dagbag.py:588} INFO - Filling up the DagBag from /home/shamim/airflow_venv/lib/python3.12/site-packages/airflow/example_dags/plugins/workday.py
[2025-03-08T22:26:25.940+0600] {processor.py:927} WARNING - No viable dags retrieved from /home/shamim/airflow_venv/lib/python3.12/site-packages/airflow/example_dags/plugins/workday.py
[2025-03-08T22:26:25.955+0600] {processor.py:208} INFO - Processing /home/shamim/airflow_venv/lib/python3.12/site-packages/airflow/example_dags/plugins/workday.py took 0.040 seconds
[2025-03-08T22:27:17.018+0600] {processor.py:186} INFO - Started process (PID=57778) to work on /home/shamim/airflow_venv/lib/python3.12/site-packages/airflow/example_dags/plugins/workday.py
[2025-03-08T22:27:17.027+0600] {processor.py:914} INFO - Processing file /home/shamim/airflow_venv/lib/python3.12/site-packages/airflow/example_dags/plugins/workday.py for tasks to queue
[2025-03-08T22:27:17.034+0600] {logging_mixin.py:190} INFO - [2025-03-08T22:27:17.033+0600] {dagbag.py:588} INFO - Filling up the DagBag from /home/shamim/airflow_venv/lib/python3.12/site-packages/airflow/example_dags/plugins/workday.py
[2025-03-08T22:27:17.044+0600] {processor.py:927} WARNING - No viable dags retrieved from /home/shamim/airflow_venv/lib/python3.12/site-packages/airflow/example_dags/plugins/workday.py
[2025-03-08T22:27:17.088+0600] {processor.py:208} INFO - Processing /home/shamim/airflow_venv/lib/python3.12/site-packages/airflow/example_dags/plugins/workday.py took 0.097 seconds
[2025-03-08T22:28:10.380+0600] {processor.py:186} INFO - Started process (PID=58061) to work on /home/shamim/airflow_venv/lib/python3.12/site-packages/airflow/example_dags/plugins/workday.py
[2025-03-08T22:28:10.384+0600] {processor.py:914} INFO - Processing file /home/shamim/airflow_venv/lib/python3.12/site-packages/airflow/example_dags/plugins/workday.py for tasks to queue
[2025-03-08T22:28:10.387+0600] {logging_mixin.py:190} INFO - [2025-03-08T22:28:10.386+0600] {dagbag.py:588} INFO - Filling up the DagBag from /home/shamim/airflow_venv/lib/python3.12/site-packages/airflow/example_dags/plugins/workday.py
[2025-03-08T22:28:10.391+0600] {processor.py:927} WARNING - No viable dags retrieved from /home/shamim/airflow_venv/lib/python3.12/site-packages/airflow/example_dags/plugins/workday.py
[2025-03-08T22:28:10.405+0600] {processor.py:208} INFO - Processing /home/shamim/airflow_venv/lib/python3.12/site-packages/airflow/example_dags/plugins/workday.py took 0.039 seconds
[2025-03-08T22:29:05.481+0600] {processor.py:186} INFO - Started process (PID=58328) to work on /home/shamim/airflow_venv/lib/python3.12/site-packages/airflow/example_dags/plugins/workday.py
[2025-03-08T22:29:05.487+0600] {processor.py:914} INFO - Processing file /home/shamim/airflow_venv/lib/python3.12/site-packages/airflow/example_dags/plugins/workday.py for tasks to queue
[2025-03-08T22:29:05.489+0600] {logging_mixin.py:190} INFO - [2025-03-08T22:29:05.488+0600] {dagbag.py:588} INFO - Filling up the DagBag from /home/shamim/airflow_venv/lib/python3.12/site-packages/airflow/example_dags/plugins/workday.py
[2025-03-08T22:29:05.492+0600] {processor.py:927} WARNING - No viable dags retrieved from /home/shamim/airflow_venv/lib/python3.12/site-packages/airflow/example_dags/plugins/workday.py
[2025-03-08T22:29:05.506+0600] {processor.py:208} INFO - Processing /home/shamim/airflow_venv/lib/python3.12/site-packages/airflow/example_dags/plugins/workday.py took 0.034 seconds
[2025-03-08T22:29:52.485+0600] {processor.py:186} INFO - Started process (PID=58568) to work on /home/shamim/airflow_venv/lib/python3.12/site-packages/airflow/example_dags/plugins/workday.py
[2025-03-08T22:29:52.489+0600] {processor.py:914} INFO - Processing file /home/shamim/airflow_venv/lib/python3.12/site-packages/airflow/example_dags/plugins/workday.py for tasks to queue
[2025-03-08T22:29:52.493+0600] {logging_mixin.py:190} INFO - [2025-03-08T22:29:52.492+0600] {dagbag.py:588} INFO - Filling up the DagBag from /home/shamim/airflow_venv/lib/python3.12/site-packages/airflow/example_dags/plugins/workday.py
[2025-03-08T22:29:52.497+0600] {processor.py:927} WARNING - No viable dags retrieved from /home/shamim/airflow_venv/lib/python3.12/site-packages/airflow/example_dags/plugins/workday.py
[2025-03-08T22:29:52.510+0600] {processor.py:208} INFO - Processing /home/shamim/airflow_venv/lib/python3.12/site-packages/airflow/example_dags/plugins/workday.py took 0.041 seconds
[2025-03-08T22:30:40.965+0600] {processor.py:186} INFO - Started process (PID=58831) to work on /home/shamim/airflow_venv/lib/python3.12/site-packages/airflow/example_dags/plugins/workday.py
[2025-03-08T22:30:40.973+0600] {processor.py:914} INFO - Processing file /home/shamim/airflow_venv/lib/python3.12/site-packages/airflow/example_dags/plugins/workday.py for tasks to queue
[2025-03-08T22:30:40.976+0600] {logging_mixin.py:190} INFO - [2025-03-08T22:30:40.976+0600] {dagbag.py:588} INFO - Filling up the DagBag from /home/shamim/airflow_venv/lib/python3.12/site-packages/airflow/example_dags/plugins/workday.py
[2025-03-08T22:30:40.981+0600] {processor.py:927} WARNING - No viable dags retrieved from /home/shamim/airflow_venv/lib/python3.12/site-packages/airflow/example_dags/plugins/workday.py
[2025-03-08T22:30:40.996+0600] {processor.py:208} INFO - Processing /home/shamim/airflow_venv/lib/python3.12/site-packages/airflow/example_dags/plugins/workday.py took 0.048 seconds
[2025-03-08T22:31:30.452+0600] {processor.py:186} INFO - Started process (PID=59081) to work on /home/shamim/airflow_venv/lib/python3.12/site-packages/airflow/example_dags/plugins/workday.py
[2025-03-08T22:31:30.460+0600] {processor.py:914} INFO - Processing file /home/shamim/airflow_venv/lib/python3.12/site-packages/airflow/example_dags/plugins/workday.py for tasks to queue
[2025-03-08T22:31:30.463+0600] {logging_mixin.py:190} INFO - [2025-03-08T22:31:30.462+0600] {dagbag.py:588} INFO - Filling up the DagBag from /home/shamim/airflow_venv/lib/python3.12/site-packages/airflow/example_dags/plugins/workday.py
[2025-03-08T22:31:30.466+0600] {processor.py:927} WARNING - No viable dags retrieved from /home/shamim/airflow_venv/lib/python3.12/site-packages/airflow/example_dags/plugins/workday.py
[2025-03-08T22:31:30.480+0600] {processor.py:208} INFO - Processing /home/shamim/airflow_venv/lib/python3.12/site-packages/airflow/example_dags/plugins/workday.py took 0.043 seconds
[2025-03-08T22:32:14.966+0600] {processor.py:186} INFO - Started process (PID=59329) to work on /home/shamim/airflow_venv/lib/python3.12/site-packages/airflow/example_dags/plugins/workday.py
[2025-03-08T22:32:14.968+0600] {processor.py:914} INFO - Processing file /home/shamim/airflow_venv/lib/python3.12/site-packages/airflow/example_dags/plugins/workday.py for tasks to queue
[2025-03-08T22:32:14.971+0600] {logging_mixin.py:190} INFO - [2025-03-08T22:32:14.970+0600] {dagbag.py:588} INFO - Filling up the DagBag from /home/shamim/airflow_venv/lib/python3.12/site-packages/airflow/example_dags/plugins/workday.py
[2025-03-08T22:32:14.974+0600] {processor.py:927} WARNING - No viable dags retrieved from /home/shamim/airflow_venv/lib/python3.12/site-packages/airflow/example_dags/plugins/workday.py
[2025-03-08T22:32:14.988+0600] {processor.py:208} INFO - Processing /home/shamim/airflow_venv/lib/python3.12/site-packages/airflow/example_dags/plugins/workday.py took 0.044 seconds
[2025-03-08T22:32:58.017+0600] {processor.py:186} INFO - Started process (PID=59605) to work on /home/shamim/airflow_venv/lib/python3.12/site-packages/airflow/example_dags/plugins/workday.py
[2025-03-08T22:32:58.021+0600] {processor.py:914} INFO - Processing file /home/shamim/airflow_venv/lib/python3.12/site-packages/airflow/example_dags/plugins/workday.py for tasks to queue
[2025-03-08T22:32:58.024+0600] {logging_mixin.py:190} INFO - [2025-03-08T22:32:58.023+0600] {dagbag.py:588} INFO - Filling up the DagBag from /home/shamim/airflow_venv/lib/python3.12/site-packages/airflow/example_dags/plugins/workday.py
[2025-03-08T22:32:58.027+0600] {processor.py:927} WARNING - No viable dags retrieved from /home/shamim/airflow_venv/lib/python3.12/site-packages/airflow/example_dags/plugins/workday.py
[2025-03-08T22:32:58.040+0600] {processor.py:208} INFO - Processing /home/shamim/airflow_venv/lib/python3.12/site-packages/airflow/example_dags/plugins/workday.py took 0.032 seconds
[2025-03-08T22:33:43.865+0600] {processor.py:186} INFO - Started process (PID=59856) to work on /home/shamim/airflow_venv/lib/python3.12/site-packages/airflow/example_dags/plugins/workday.py
[2025-03-08T22:33:43.870+0600] {processor.py:914} INFO - Processing file /home/shamim/airflow_venv/lib/python3.12/site-packages/airflow/example_dags/plugins/workday.py for tasks to queue
[2025-03-08T22:33:43.874+0600] {logging_mixin.py:190} INFO - [2025-03-08T22:33:43.873+0600] {dagbag.py:588} INFO - Filling up the DagBag from /home/shamim/airflow_venv/lib/python3.12/site-packages/airflow/example_dags/plugins/workday.py
[2025-03-08T22:33:43.880+0600] {processor.py:927} WARNING - No viable dags retrieved from /home/shamim/airflow_venv/lib/python3.12/site-packages/airflow/example_dags/plugins/workday.py
[2025-03-08T22:33:43.895+0600] {processor.py:208} INFO - Processing /home/shamim/airflow_venv/lib/python3.12/site-packages/airflow/example_dags/plugins/workday.py took 0.054 seconds
