[2025-03-10T13:52:32.002+0600] {processor.py:186} INFO - Started process (PID=4688) to work on /home/shamim/airflow_venv/lib/python3.12/site-packages/airflow/example_dags/plugins/event_listener.py
[2025-03-10T13:52:32.003+0600] {processor.py:914} INFO - Processing file /home/shamim/airflow_venv/lib/python3.12/site-packages/airflow/example_dags/plugins/event_listener.py for tasks to queue
[2025-03-10T13:52:32.005+0600] {logging_mixin.py:190} INFO - [2025-03-10T13:52:32.005+0600] {dagbag.py:588} INFO - Filling up the DagBag from /home/shamim/airflow_venv/lib/python3.12/site-packages/airflow/example_dags/plugins/event_listener.py
[2025-03-10T13:52:32.008+0600] {processor.py:927} WARNING - No viable dags retrieved from /home/shamim/airflow_venv/lib/python3.12/site-packages/airflow/example_dags/plugins/event_listener.py
[2025-03-10T13:52:32.021+0600] {processor.py:208} INFO - Processing /home/shamim/airflow_venv/lib/python3.12/site-packages/airflow/example_dags/plugins/event_listener.py took 0.025 seconds
[2025-03-10T13:53:49.083+0600] {processor.py:186} INFO - Started process (PID=5052) to work on /home/shamim/airflow_venv/lib/python3.12/site-packages/airflow/example_dags/plugins/event_listener.py
[2025-03-10T13:53:49.089+0600] {processor.py:914} INFO - Processing file /home/shamim/airflow_venv/lib/python3.12/site-packages/airflow/example_dags/plugins/event_listener.py for tasks to queue
[2025-03-10T13:53:49.092+0600] {logging_mixin.py:190} INFO - [2025-03-10T13:53:49.091+0600] {dagbag.py:588} INFO - Filling up the DagBag from /home/shamim/airflow_venv/lib/python3.12/site-packages/airflow/example_dags/plugins/event_listener.py
[2025-03-10T13:53:49.095+0600] {processor.py:927} WARNING - No viable dags retrieved from /home/shamim/airflow_venv/lib/python3.12/site-packages/airflow/example_dags/plugins/event_listener.py
[2025-03-10T13:53:49.107+0600] {processor.py:208} INFO - Processing /home/shamim/airflow_venv/lib/python3.12/site-packages/airflow/example_dags/plugins/event_listener.py took 0.031 seconds
[2025-03-10T13:54:38.905+0600] {processor.py:186} INFO - Started process (PID=5370) to work on /home/shamim/airflow_venv/lib/python3.12/site-packages/airflow/example_dags/plugins/event_listener.py
[2025-03-10T13:54:38.912+0600] {processor.py:914} INFO - Processing file /home/shamim/airflow_venv/lib/python3.12/site-packages/airflow/example_dags/plugins/event_listener.py for tasks to queue
[2025-03-10T13:54:38.915+0600] {logging_mixin.py:190} INFO - [2025-03-10T13:54:38.914+0600] {dagbag.py:588} INFO - Filling up the DagBag from /home/shamim/airflow_venv/lib/python3.12/site-packages/airflow/example_dags/plugins/event_listener.py
[2025-03-10T13:54:38.918+0600] {processor.py:927} WARNING - No viable dags retrieved from /home/shamim/airflow_venv/lib/python3.12/site-packages/airflow/example_dags/plugins/event_listener.py
[2025-03-10T13:54:38.931+0600] {processor.py:208} INFO - Processing /home/shamim/airflow_venv/lib/python3.12/site-packages/airflow/example_dags/plugins/event_listener.py took 0.033 seconds
[2025-03-10T13:55:26.259+0600] {processor.py:186} INFO - Started process (PID=5594) to work on /home/shamim/airflow_venv/lib/python3.12/site-packages/airflow/example_dags/plugins/event_listener.py
[2025-03-10T13:55:26.274+0600] {processor.py:914} INFO - Processing file /home/shamim/airflow_venv/lib/python3.12/site-packages/airflow/example_dags/plugins/event_listener.py for tasks to queue
[2025-03-10T13:55:26.281+0600] {logging_mixin.py:190} INFO - [2025-03-10T13:55:26.280+0600] {dagbag.py:588} INFO - Filling up the DagBag from /home/shamim/airflow_venv/lib/python3.12/site-packages/airflow/example_dags/plugins/event_listener.py
[2025-03-10T13:55:26.288+0600] {processor.py:927} WARNING - No viable dags retrieved from /home/shamim/airflow_venv/lib/python3.12/site-packages/airflow/example_dags/plugins/event_listener.py
[2025-03-10T13:55:26.321+0600] {processor.py:208} INFO - Processing /home/shamim/airflow_venv/lib/python3.12/site-packages/airflow/example_dags/plugins/event_listener.py took 0.080 seconds
[2025-03-10T13:56:09.514+0600] {processor.py:186} INFO - Started process (PID=5824) to work on /home/shamim/airflow_venv/lib/python3.12/site-packages/airflow/example_dags/plugins/event_listener.py
[2025-03-10T13:56:09.515+0600] {processor.py:914} INFO - Processing file /home/shamim/airflow_venv/lib/python3.12/site-packages/airflow/example_dags/plugins/event_listener.py for tasks to queue
[2025-03-10T13:56:09.518+0600] {logging_mixin.py:190} INFO - [2025-03-10T13:56:09.518+0600] {dagbag.py:588} INFO - Filling up the DagBag from /home/shamim/airflow_venv/lib/python3.12/site-packages/airflow/example_dags/plugins/event_listener.py
[2025-03-10T13:56:09.521+0600] {processor.py:927} WARNING - No viable dags retrieved from /home/shamim/airflow_venv/lib/python3.12/site-packages/airflow/example_dags/plugins/event_listener.py
[2025-03-10T13:56:09.534+0600] {processor.py:208} INFO - Processing /home/shamim/airflow_venv/lib/python3.12/site-packages/airflow/example_dags/plugins/event_listener.py took 0.026 seconds
[2025-03-10T13:56:56.601+0600] {processor.py:186} INFO - Started process (PID=6099) to work on /home/shamim/airflow_venv/lib/python3.12/site-packages/airflow/example_dags/plugins/event_listener.py
[2025-03-10T13:56:56.608+0600] {processor.py:914} INFO - Processing file /home/shamim/airflow_venv/lib/python3.12/site-packages/airflow/example_dags/plugins/event_listener.py for tasks to queue
[2025-03-10T13:56:56.613+0600] {logging_mixin.py:190} INFO - [2025-03-10T13:56:56.612+0600] {dagbag.py:588} INFO - Filling up the DagBag from /home/shamim/airflow_venv/lib/python3.12/site-packages/airflow/example_dags/plugins/event_listener.py
[2025-03-10T13:56:56.617+0600] {processor.py:927} WARNING - No viable dags retrieved from /home/shamim/airflow_venv/lib/python3.12/site-packages/airflow/example_dags/plugins/event_listener.py
[2025-03-10T13:56:56.632+0600] {processor.py:208} INFO - Processing /home/shamim/airflow_venv/lib/python3.12/site-packages/airflow/example_dags/plugins/event_listener.py took 0.049 seconds
[2025-03-10T13:57:45.525+0600] {processor.py:186} INFO - Started process (PID=6415) to work on /home/shamim/airflow_venv/lib/python3.12/site-packages/airflow/example_dags/plugins/event_listener.py
[2025-03-10T13:57:45.531+0600] {processor.py:914} INFO - Processing file /home/shamim/airflow_venv/lib/python3.12/site-packages/airflow/example_dags/plugins/event_listener.py for tasks to queue
[2025-03-10T13:57:45.534+0600] {logging_mixin.py:190} INFO - [2025-03-10T13:57:45.533+0600] {dagbag.py:588} INFO - Filling up the DagBag from /home/shamim/airflow_venv/lib/python3.12/site-packages/airflow/example_dags/plugins/event_listener.py
[2025-03-10T13:57:45.537+0600] {processor.py:927} WARNING - No viable dags retrieved from /home/shamim/airflow_venv/lib/python3.12/site-packages/airflow/example_dags/plugins/event_listener.py
[2025-03-10T13:57:45.550+0600] {processor.py:208} INFO - Processing /home/shamim/airflow_venv/lib/python3.12/site-packages/airflow/example_dags/plugins/event_listener.py took 0.031 seconds
[2025-03-10T13:58:32.745+0600] {processor.py:186} INFO - Started process (PID=6646) to work on /home/shamim/airflow_venv/lib/python3.12/site-packages/airflow/example_dags/plugins/event_listener.py
[2025-03-10T13:58:32.755+0600] {processor.py:914} INFO - Processing file /home/shamim/airflow_venv/lib/python3.12/site-packages/airflow/example_dags/plugins/event_listener.py for tasks to queue
[2025-03-10T13:58:32.765+0600] {logging_mixin.py:190} INFO - [2025-03-10T13:58:32.762+0600] {dagbag.py:588} INFO - Filling up the DagBag from /home/shamim/airflow_venv/lib/python3.12/site-packages/airflow/example_dags/plugins/event_listener.py
[2025-03-10T13:58:32.776+0600] {processor.py:927} WARNING - No viable dags retrieved from /home/shamim/airflow_venv/lib/python3.12/site-packages/airflow/example_dags/plugins/event_listener.py
[2025-03-10T13:58:32.809+0600] {processor.py:208} INFO - Processing /home/shamim/airflow_venv/lib/python3.12/site-packages/airflow/example_dags/plugins/event_listener.py took 0.093 seconds
[2025-03-10T13:59:20.323+0600] {processor.py:186} INFO - Started process (PID=6871) to work on /home/shamim/airflow_venv/lib/python3.12/site-packages/airflow/example_dags/plugins/event_listener.py
[2025-03-10T13:59:20.331+0600] {processor.py:914} INFO - Processing file /home/shamim/airflow_venv/lib/python3.12/site-packages/airflow/example_dags/plugins/event_listener.py for tasks to queue
[2025-03-10T13:59:20.335+0600] {logging_mixin.py:190} INFO - [2025-03-10T13:59:20.334+0600] {dagbag.py:588} INFO - Filling up the DagBag from /home/shamim/airflow_venv/lib/python3.12/site-packages/airflow/example_dags/plugins/event_listener.py
[2025-03-10T13:59:20.342+0600] {processor.py:927} WARNING - No viable dags retrieved from /home/shamim/airflow_venv/lib/python3.12/site-packages/airflow/example_dags/plugins/event_listener.py
[2025-03-10T13:59:20.371+0600] {processor.py:208} INFO - Processing /home/shamim/airflow_venv/lib/python3.12/site-packages/airflow/example_dags/plugins/event_listener.py took 0.062 seconds
[2025-03-10T14:00:08.441+0600] {processor.py:186} INFO - Started process (PID=7149) to work on /home/shamim/airflow_venv/lib/python3.12/site-packages/airflow/example_dags/plugins/event_listener.py
[2025-03-10T14:00:08.448+0600] {processor.py:914} INFO - Processing file /home/shamim/airflow_venv/lib/python3.12/site-packages/airflow/example_dags/plugins/event_listener.py for tasks to queue
[2025-03-10T14:00:08.454+0600] {logging_mixin.py:190} INFO - [2025-03-10T14:00:08.453+0600] {dagbag.py:588} INFO - Filling up the DagBag from /home/shamim/airflow_venv/lib/python3.12/site-packages/airflow/example_dags/plugins/event_listener.py
[2025-03-10T14:00:08.459+0600] {processor.py:927} WARNING - No viable dags retrieved from /home/shamim/airflow_venv/lib/python3.12/site-packages/airflow/example_dags/plugins/event_listener.py
[2025-03-10T14:00:08.477+0600] {processor.py:208} INFO - Processing /home/shamim/airflow_venv/lib/python3.12/site-packages/airflow/example_dags/plugins/event_listener.py took 0.043 seconds
[2025-03-10T14:00:55.604+0600] {processor.py:186} INFO - Started process (PID=7417) to work on /home/shamim/airflow_venv/lib/python3.12/site-packages/airflow/example_dags/plugins/event_listener.py
[2025-03-10T14:00:55.611+0600] {processor.py:914} INFO - Processing file /home/shamim/airflow_venv/lib/python3.12/site-packages/airflow/example_dags/plugins/event_listener.py for tasks to queue
[2025-03-10T14:00:55.614+0600] {logging_mixin.py:190} INFO - [2025-03-10T14:00:55.614+0600] {dagbag.py:588} INFO - Filling up the DagBag from /home/shamim/airflow_venv/lib/python3.12/site-packages/airflow/example_dags/plugins/event_listener.py
[2025-03-10T14:00:55.617+0600] {processor.py:927} WARNING - No viable dags retrieved from /home/shamim/airflow_venv/lib/python3.12/site-packages/airflow/example_dags/plugins/event_listener.py
[2025-03-10T14:00:55.631+0600] {processor.py:208} INFO - Processing /home/shamim/airflow_venv/lib/python3.12/site-packages/airflow/example_dags/plugins/event_listener.py took 0.034 seconds
[2025-03-10T14:01:41.705+0600] {processor.py:186} INFO - Started process (PID=7688) to work on /home/shamim/airflow_venv/lib/python3.12/site-packages/airflow/example_dags/plugins/event_listener.py
[2025-03-10T14:01:41.712+0600] {processor.py:914} INFO - Processing file /home/shamim/airflow_venv/lib/python3.12/site-packages/airflow/example_dags/plugins/event_listener.py for tasks to queue
[2025-03-10T14:01:41.714+0600] {logging_mixin.py:190} INFO - [2025-03-10T14:01:41.714+0600] {dagbag.py:588} INFO - Filling up the DagBag from /home/shamim/airflow_venv/lib/python3.12/site-packages/airflow/example_dags/plugins/event_listener.py
[2025-03-10T14:01:41.717+0600] {processor.py:927} WARNING - No viable dags retrieved from /home/shamim/airflow_venv/lib/python3.12/site-packages/airflow/example_dags/plugins/event_listener.py
[2025-03-10T14:01:41.729+0600] {processor.py:208} INFO - Processing /home/shamim/airflow_venv/lib/python3.12/site-packages/airflow/example_dags/plugins/event_listener.py took 0.030 seconds
[2025-03-10T14:02:29.517+0600] {processor.py:186} INFO - Started process (PID=7968) to work on /home/shamim/airflow_venv/lib/python3.12/site-packages/airflow/example_dags/plugins/event_listener.py
[2025-03-10T14:02:29.523+0600] {processor.py:914} INFO - Processing file /home/shamim/airflow_venv/lib/python3.12/site-packages/airflow/example_dags/plugins/event_listener.py for tasks to queue
[2025-03-10T14:02:29.527+0600] {logging_mixin.py:190} INFO - [2025-03-10T14:02:29.526+0600] {dagbag.py:588} INFO - Filling up the DagBag from /home/shamim/airflow_venv/lib/python3.12/site-packages/airflow/example_dags/plugins/event_listener.py
[2025-03-10T14:02:29.531+0600] {processor.py:927} WARNING - No viable dags retrieved from /home/shamim/airflow_venv/lib/python3.12/site-packages/airflow/example_dags/plugins/event_listener.py
[2025-03-10T14:02:29.544+0600] {processor.py:208} INFO - Processing /home/shamim/airflow_venv/lib/python3.12/site-packages/airflow/example_dags/plugins/event_listener.py took 0.035 seconds
[2025-03-10T14:03:22.876+0600] {processor.py:186} INFO - Started process (PID=8370) to work on /home/shamim/airflow_venv/lib/python3.12/site-packages/airflow/example_dags/plugins/event_listener.py
[2025-03-10T14:03:22.880+0600] {processor.py:914} INFO - Processing file /home/shamim/airflow_venv/lib/python3.12/site-packages/airflow/example_dags/plugins/event_listener.py for tasks to queue
[2025-03-10T14:03:22.883+0600] {logging_mixin.py:190} INFO - [2025-03-10T14:03:22.882+0600] {dagbag.py:588} INFO - Filling up the DagBag from /home/shamim/airflow_venv/lib/python3.12/site-packages/airflow/example_dags/plugins/event_listener.py
[2025-03-10T14:03:22.887+0600] {processor.py:927} WARNING - No viable dags retrieved from /home/shamim/airflow_venv/lib/python3.12/site-packages/airflow/example_dags/plugins/event_listener.py
[2025-03-10T14:03:22.906+0600] {processor.py:208} INFO - Processing /home/shamim/airflow_venv/lib/python3.12/site-packages/airflow/example_dags/plugins/event_listener.py took 0.039 seconds
[2025-03-10T14:04:14.298+0600] {processor.py:186} INFO - Started process (PID=8638) to work on /home/shamim/airflow_venv/lib/python3.12/site-packages/airflow/example_dags/plugins/event_listener.py
[2025-03-10T14:04:14.305+0600] {processor.py:914} INFO - Processing file /home/shamim/airflow_venv/lib/python3.12/site-packages/airflow/example_dags/plugins/event_listener.py for tasks to queue
[2025-03-10T14:04:14.316+0600] {logging_mixin.py:190} INFO - [2025-03-10T14:04:14.316+0600] {dagbag.py:588} INFO - Filling up the DagBag from /home/shamim/airflow_venv/lib/python3.12/site-packages/airflow/example_dags/plugins/event_listener.py
[2025-03-10T14:04:14.336+0600] {processor.py:927} WARNING - No viable dags retrieved from /home/shamim/airflow_venv/lib/python3.12/site-packages/airflow/example_dags/plugins/event_listener.py
[2025-03-10T14:04:14.410+0600] {processor.py:208} INFO - Processing /home/shamim/airflow_venv/lib/python3.12/site-packages/airflow/example_dags/plugins/event_listener.py took 0.198 seconds
[2025-03-10T14:05:15.446+0600] {processor.py:186} INFO - Started process (PID=8945) to work on /home/shamim/airflow_venv/lib/python3.12/site-packages/airflow/example_dags/plugins/event_listener.py
[2025-03-10T14:05:15.448+0600] {processor.py:914} INFO - Processing file /home/shamim/airflow_venv/lib/python3.12/site-packages/airflow/example_dags/plugins/event_listener.py for tasks to queue
[2025-03-10T14:05:15.453+0600] {logging_mixin.py:190} INFO - [2025-03-10T14:05:15.452+0600] {dagbag.py:588} INFO - Filling up the DagBag from /home/shamim/airflow_venv/lib/python3.12/site-packages/airflow/example_dags/plugins/event_listener.py
[2025-03-10T14:05:15.457+0600] {processor.py:927} WARNING - No viable dags retrieved from /home/shamim/airflow_venv/lib/python3.12/site-packages/airflow/example_dags/plugins/event_listener.py
[2025-03-10T14:05:15.479+0600] {processor.py:208} INFO - Processing /home/shamim/airflow_venv/lib/python3.12/site-packages/airflow/example_dags/plugins/event_listener.py took 0.045 seconds
[2025-03-10T14:06:09.805+0600] {processor.py:186} INFO - Started process (PID=9850) to work on /home/shamim/airflow_venv/lib/python3.12/site-packages/airflow/example_dags/plugins/event_listener.py
[2025-03-10T14:06:09.810+0600] {processor.py:914} INFO - Processing file /home/shamim/airflow_venv/lib/python3.12/site-packages/airflow/example_dags/plugins/event_listener.py for tasks to queue
[2025-03-10T14:06:09.816+0600] {logging_mixin.py:190} INFO - [2025-03-10T14:06:09.814+0600] {dagbag.py:588} INFO - Filling up the DagBag from /home/shamim/airflow_venv/lib/python3.12/site-packages/airflow/example_dags/plugins/event_listener.py
[2025-03-10T14:06:09.824+0600] {processor.py:927} WARNING - No viable dags retrieved from /home/shamim/airflow_venv/lib/python3.12/site-packages/airflow/example_dags/plugins/event_listener.py
[2025-03-10T14:06:09.845+0600] {processor.py:208} INFO - Processing /home/shamim/airflow_venv/lib/python3.12/site-packages/airflow/example_dags/plugins/event_listener.py took 0.059 seconds
[2025-03-10T14:06:56.571+0600] {processor.py:186} INFO - Started process (PID=10145) to work on /home/shamim/airflow_venv/lib/python3.12/site-packages/airflow/example_dags/plugins/event_listener.py
[2025-03-10T14:06:56.576+0600] {processor.py:914} INFO - Processing file /home/shamim/airflow_venv/lib/python3.12/site-packages/airflow/example_dags/plugins/event_listener.py for tasks to queue
[2025-03-10T14:06:56.579+0600] {logging_mixin.py:190} INFO - [2025-03-10T14:06:56.579+0600] {dagbag.py:588} INFO - Filling up the DagBag from /home/shamim/airflow_venv/lib/python3.12/site-packages/airflow/example_dags/plugins/event_listener.py
[2025-03-10T14:06:56.582+0600] {processor.py:927} WARNING - No viable dags retrieved from /home/shamim/airflow_venv/lib/python3.12/site-packages/airflow/example_dags/plugins/event_listener.py
[2025-03-10T14:06:56.596+0600] {processor.py:208} INFO - Processing /home/shamim/airflow_venv/lib/python3.12/site-packages/airflow/example_dags/plugins/event_listener.py took 0.035 seconds
[2025-03-10T14:07:44.005+0600] {processor.py:186} INFO - Started process (PID=10447) to work on /home/shamim/airflow_venv/lib/python3.12/site-packages/airflow/example_dags/plugins/event_listener.py
[2025-03-10T14:07:44.009+0600] {processor.py:914} INFO - Processing file /home/shamim/airflow_venv/lib/python3.12/site-packages/airflow/example_dags/plugins/event_listener.py for tasks to queue
[2025-03-10T14:07:44.012+0600] {logging_mixin.py:190} INFO - [2025-03-10T14:07:44.012+0600] {dagbag.py:588} INFO - Filling up the DagBag from /home/shamim/airflow_venv/lib/python3.12/site-packages/airflow/example_dags/plugins/event_listener.py
[2025-03-10T14:07:44.016+0600] {processor.py:927} WARNING - No viable dags retrieved from /home/shamim/airflow_venv/lib/python3.12/site-packages/airflow/example_dags/plugins/event_listener.py
[2025-03-10T14:07:44.030+0600] {processor.py:208} INFO - Processing /home/shamim/airflow_venv/lib/python3.12/site-packages/airflow/example_dags/plugins/event_listener.py took 0.033 seconds
[2025-03-10T14:08:35.175+0600] {processor.py:186} INFO - Started process (PID=10790) to work on /home/shamim/airflow_venv/lib/python3.12/site-packages/airflow/example_dags/plugins/event_listener.py
[2025-03-10T14:08:35.196+0600] {processor.py:914} INFO - Processing file /home/shamim/airflow_venv/lib/python3.12/site-packages/airflow/example_dags/plugins/event_listener.py for tasks to queue
[2025-03-10T14:08:35.209+0600] {logging_mixin.py:190} INFO - [2025-03-10T14:08:35.206+0600] {dagbag.py:588} INFO - Filling up the DagBag from /home/shamim/airflow_venv/lib/python3.12/site-packages/airflow/example_dags/plugins/event_listener.py
[2025-03-10T14:08:35.223+0600] {processor.py:927} WARNING - No viable dags retrieved from /home/shamim/airflow_venv/lib/python3.12/site-packages/airflow/example_dags/plugins/event_listener.py
[2025-03-10T14:08:35.281+0600] {processor.py:208} INFO - Processing /home/shamim/airflow_venv/lib/python3.12/site-packages/airflow/example_dags/plugins/event_listener.py took 0.155 seconds
[2025-03-10T14:09:18.150+0600] {processor.py:186} INFO - Started process (PID=11035) to work on /home/shamim/airflow_venv/lib/python3.12/site-packages/airflow/example_dags/plugins/event_listener.py
[2025-03-10T14:09:18.156+0600] {processor.py:914} INFO - Processing file /home/shamim/airflow_venv/lib/python3.12/site-packages/airflow/example_dags/plugins/event_listener.py for tasks to queue
[2025-03-10T14:09:18.159+0600] {logging_mixin.py:190} INFO - [2025-03-10T14:09:18.158+0600] {dagbag.py:588} INFO - Filling up the DagBag from /home/shamim/airflow_venv/lib/python3.12/site-packages/airflow/example_dags/plugins/event_listener.py
[2025-03-10T14:09:18.162+0600] {processor.py:927} WARNING - No viable dags retrieved from /home/shamim/airflow_venv/lib/python3.12/site-packages/airflow/example_dags/plugins/event_listener.py
[2025-03-10T14:09:18.175+0600] {processor.py:208} INFO - Processing /home/shamim/airflow_venv/lib/python3.12/site-packages/airflow/example_dags/plugins/event_listener.py took 0.032 seconds
[2025-03-10T14:10:41.657+0600] {processor.py:186} INFO - Started process (PID=11513) to work on /home/shamim/airflow_venv/lib/python3.12/site-packages/airflow/example_dags/plugins/event_listener.py
[2025-03-10T14:10:41.660+0600] {processor.py:914} INFO - Processing file /home/shamim/airflow_venv/lib/python3.12/site-packages/airflow/example_dags/plugins/event_listener.py for tasks to queue
[2025-03-10T14:10:41.664+0600] {logging_mixin.py:190} INFO - [2025-03-10T14:10:41.662+0600] {dagbag.py:588} INFO - Filling up the DagBag from /home/shamim/airflow_venv/lib/python3.12/site-packages/airflow/example_dags/plugins/event_listener.py
[2025-03-10T14:10:41.668+0600] {processor.py:927} WARNING - No viable dags retrieved from /home/shamim/airflow_venv/lib/python3.12/site-packages/airflow/example_dags/plugins/event_listener.py
[2025-03-10T14:10:41.688+0600] {processor.py:208} INFO - Processing /home/shamim/airflow_venv/lib/python3.12/site-packages/airflow/example_dags/plugins/event_listener.py took 0.044 seconds
[2025-03-10T14:11:28.471+0600] {processor.py:186} INFO - Started process (PID=11732) to work on /home/shamim/airflow_venv/lib/python3.12/site-packages/airflow/example_dags/plugins/event_listener.py
[2025-03-10T14:11:28.476+0600] {processor.py:914} INFO - Processing file /home/shamim/airflow_venv/lib/python3.12/site-packages/airflow/example_dags/plugins/event_listener.py for tasks to queue
[2025-03-10T14:11:28.479+0600] {logging_mixin.py:190} INFO - [2025-03-10T14:11:28.479+0600] {dagbag.py:588} INFO - Filling up the DagBag from /home/shamim/airflow_venv/lib/python3.12/site-packages/airflow/example_dags/plugins/event_listener.py
[2025-03-10T14:11:28.483+0600] {processor.py:927} WARNING - No viable dags retrieved from /home/shamim/airflow_venv/lib/python3.12/site-packages/airflow/example_dags/plugins/event_listener.py
[2025-03-10T14:11:28.498+0600] {processor.py:208} INFO - Processing /home/shamim/airflow_venv/lib/python3.12/site-packages/airflow/example_dags/plugins/event_listener.py took 0.035 seconds
[2025-03-10T14:12:14.035+0600] {processor.py:186} INFO - Started process (PID=11991) to work on /home/shamim/airflow_venv/lib/python3.12/site-packages/airflow/example_dags/plugins/event_listener.py
[2025-03-10T14:12:14.039+0600] {processor.py:914} INFO - Processing file /home/shamim/airflow_venv/lib/python3.12/site-packages/airflow/example_dags/plugins/event_listener.py for tasks to queue
[2025-03-10T14:12:14.041+0600] {logging_mixin.py:190} INFO - [2025-03-10T14:12:14.041+0600] {dagbag.py:588} INFO - Filling up the DagBag from /home/shamim/airflow_venv/lib/python3.12/site-packages/airflow/example_dags/plugins/event_listener.py
[2025-03-10T14:12:14.044+0600] {processor.py:927} WARNING - No viable dags retrieved from /home/shamim/airflow_venv/lib/python3.12/site-packages/airflow/example_dags/plugins/event_listener.py
[2025-03-10T14:12:14.057+0600] {processor.py:208} INFO - Processing /home/shamim/airflow_venv/lib/python3.12/site-packages/airflow/example_dags/plugins/event_listener.py took 0.029 seconds
[2025-03-10T14:12:58.572+0600] {processor.py:186} INFO - Started process (PID=12305) to work on /home/shamim/airflow_venv/lib/python3.12/site-packages/airflow/example_dags/plugins/event_listener.py
[2025-03-10T14:12:58.574+0600] {processor.py:914} INFO - Processing file /home/shamim/airflow_venv/lib/python3.12/site-packages/airflow/example_dags/plugins/event_listener.py for tasks to queue
[2025-03-10T14:12:58.577+0600] {logging_mixin.py:190} INFO - [2025-03-10T14:12:58.576+0600] {dagbag.py:588} INFO - Filling up the DagBag from /home/shamim/airflow_venv/lib/python3.12/site-packages/airflow/example_dags/plugins/event_listener.py
[2025-03-10T14:12:58.581+0600] {processor.py:927} WARNING - No viable dags retrieved from /home/shamim/airflow_venv/lib/python3.12/site-packages/airflow/example_dags/plugins/event_listener.py
[2025-03-10T14:12:58.595+0600] {processor.py:208} INFO - Processing /home/shamim/airflow_venv/lib/python3.12/site-packages/airflow/example_dags/plugins/event_listener.py took 0.034 seconds
[2025-03-10T14:13:50.527+0600] {processor.py:186} INFO - Started process (PID=12603) to work on /home/shamim/airflow_venv/lib/python3.12/site-packages/airflow/example_dags/plugins/event_listener.py
[2025-03-10T14:13:50.533+0600] {processor.py:914} INFO - Processing file /home/shamim/airflow_venv/lib/python3.12/site-packages/airflow/example_dags/plugins/event_listener.py for tasks to queue
[2025-03-10T14:13:50.536+0600] {logging_mixin.py:190} INFO - [2025-03-10T14:13:50.535+0600] {dagbag.py:588} INFO - Filling up the DagBag from /home/shamim/airflow_venv/lib/python3.12/site-packages/airflow/example_dags/plugins/event_listener.py
[2025-03-10T14:13:50.539+0600] {processor.py:927} WARNING - No viable dags retrieved from /home/shamim/airflow_venv/lib/python3.12/site-packages/airflow/example_dags/plugins/event_listener.py
[2025-03-10T14:13:50.552+0600] {processor.py:208} INFO - Processing /home/shamim/airflow_venv/lib/python3.12/site-packages/airflow/example_dags/plugins/event_listener.py took 0.032 seconds
[2025-03-10T14:14:35.056+0600] {processor.py:186} INFO - Started process (PID=12867) to work on /home/shamim/airflow_venv/lib/python3.12/site-packages/airflow/example_dags/plugins/event_listener.py
[2025-03-10T14:14:35.062+0600] {processor.py:914} INFO - Processing file /home/shamim/airflow_venv/lib/python3.12/site-packages/airflow/example_dags/plugins/event_listener.py for tasks to queue
[2025-03-10T14:14:35.065+0600] {logging_mixin.py:190} INFO - [2025-03-10T14:14:35.065+0600] {dagbag.py:588} INFO - Filling up the DagBag from /home/shamim/airflow_venv/lib/python3.12/site-packages/airflow/example_dags/plugins/event_listener.py
[2025-03-10T14:14:35.070+0600] {processor.py:927} WARNING - No viable dags retrieved from /home/shamim/airflow_venv/lib/python3.12/site-packages/airflow/example_dags/plugins/event_listener.py
[2025-03-10T14:14:35.084+0600] {processor.py:208} INFO - Processing /home/shamim/airflow_venv/lib/python3.12/site-packages/airflow/example_dags/plugins/event_listener.py took 0.045 seconds
[2025-03-10T14:15:56.772+0600] {processor.py:186} INFO - Started process (PID=13440) to work on /home/shamim/airflow_venv/lib/python3.12/site-packages/airflow/example_dags/plugins/event_listener.py
[2025-03-10T14:15:56.791+0600] {processor.py:914} INFO - Processing file /home/shamim/airflow_venv/lib/python3.12/site-packages/airflow/example_dags/plugins/event_listener.py for tasks to queue
[2025-03-10T14:15:56.798+0600] {logging_mixin.py:190} INFO - [2025-03-10T14:15:56.796+0600] {dagbag.py:588} INFO - Filling up the DagBag from /home/shamim/airflow_venv/lib/python3.12/site-packages/airflow/example_dags/plugins/event_listener.py
[2025-03-10T14:15:56.808+0600] {processor.py:927} WARNING - No viable dags retrieved from /home/shamim/airflow_venv/lib/python3.12/site-packages/airflow/example_dags/plugins/event_listener.py
[2025-03-10T14:15:56.841+0600] {processor.py:208} INFO - Processing /home/shamim/airflow_venv/lib/python3.12/site-packages/airflow/example_dags/plugins/event_listener.py took 0.091 seconds
[2025-03-10T14:16:44.021+0600] {processor.py:186} INFO - Started process (PID=13705) to work on /home/shamim/airflow_venv/lib/python3.12/site-packages/airflow/example_dags/plugins/event_listener.py
[2025-03-10T14:16:44.037+0600] {processor.py:914} INFO - Processing file /home/shamim/airflow_venv/lib/python3.12/site-packages/airflow/example_dags/plugins/event_listener.py for tasks to queue
[2025-03-10T14:16:44.042+0600] {logging_mixin.py:190} INFO - [2025-03-10T14:16:44.041+0600] {dagbag.py:588} INFO - Filling up the DagBag from /home/shamim/airflow_venv/lib/python3.12/site-packages/airflow/example_dags/plugins/event_listener.py
[2025-03-10T14:16:44.048+0600] {processor.py:927} WARNING - No viable dags retrieved from /home/shamim/airflow_venv/lib/python3.12/site-packages/airflow/example_dags/plugins/event_listener.py
[2025-03-10T14:16:44.073+0600] {processor.py:208} INFO - Processing /home/shamim/airflow_venv/lib/python3.12/site-packages/airflow/example_dags/plugins/event_listener.py took 0.067 seconds
[2025-03-10T14:17:32.464+0600] {processor.py:186} INFO - Started process (PID=14005) to work on /home/shamim/airflow_venv/lib/python3.12/site-packages/airflow/example_dags/plugins/event_listener.py
[2025-03-10T14:17:32.478+0600] {processor.py:914} INFO - Processing file /home/shamim/airflow_venv/lib/python3.12/site-packages/airflow/example_dags/plugins/event_listener.py for tasks to queue
[2025-03-10T14:17:32.481+0600] {logging_mixin.py:190} INFO - [2025-03-10T14:17:32.481+0600] {dagbag.py:588} INFO - Filling up the DagBag from /home/shamim/airflow_venv/lib/python3.12/site-packages/airflow/example_dags/plugins/event_listener.py
[2025-03-10T14:17:32.484+0600] {processor.py:927} WARNING - No viable dags retrieved from /home/shamim/airflow_venv/lib/python3.12/site-packages/airflow/example_dags/plugins/event_listener.py
[2025-03-10T14:17:32.502+0600] {processor.py:208} INFO - Processing /home/shamim/airflow_venv/lib/python3.12/site-packages/airflow/example_dags/plugins/event_listener.py took 0.047 seconds
[2025-03-10T14:18:18.193+0600] {processor.py:186} INFO - Started process (PID=14315) to work on /home/shamim/airflow_venv/lib/python3.12/site-packages/airflow/example_dags/plugins/event_listener.py
[2025-03-10T14:18:18.200+0600] {processor.py:914} INFO - Processing file /home/shamim/airflow_venv/lib/python3.12/site-packages/airflow/example_dags/plugins/event_listener.py for tasks to queue
[2025-03-10T14:18:18.203+0600] {logging_mixin.py:190} INFO - [2025-03-10T14:18:18.202+0600] {dagbag.py:588} INFO - Filling up the DagBag from /home/shamim/airflow_venv/lib/python3.12/site-packages/airflow/example_dags/plugins/event_listener.py
[2025-03-10T14:18:18.207+0600] {processor.py:927} WARNING - No viable dags retrieved from /home/shamim/airflow_venv/lib/python3.12/site-packages/airflow/example_dags/plugins/event_listener.py
[2025-03-10T14:18:18.225+0600] {processor.py:208} INFO - Processing /home/shamim/airflow_venv/lib/python3.12/site-packages/airflow/example_dags/plugins/event_listener.py took 0.038 seconds
[2025-03-10T14:19:03.438+0600] {processor.py:186} INFO - Started process (PID=14599) to work on /home/shamim/airflow_venv/lib/python3.12/site-packages/airflow/example_dags/plugins/event_listener.py
[2025-03-10T14:19:03.441+0600] {processor.py:914} INFO - Processing file /home/shamim/airflow_venv/lib/python3.12/site-packages/airflow/example_dags/plugins/event_listener.py for tasks to queue
[2025-03-10T14:19:03.445+0600] {logging_mixin.py:190} INFO - [2025-03-10T14:19:03.445+0600] {dagbag.py:588} INFO - Filling up the DagBag from /home/shamim/airflow_venv/lib/python3.12/site-packages/airflow/example_dags/plugins/event_listener.py
[2025-03-10T14:19:03.449+0600] {processor.py:927} WARNING - No viable dags retrieved from /home/shamim/airflow_venv/lib/python3.12/site-packages/airflow/example_dags/plugins/event_listener.py
[2025-03-10T14:19:03.466+0600] {processor.py:208} INFO - Processing /home/shamim/airflow_venv/lib/python3.12/site-packages/airflow/example_dags/plugins/event_listener.py took 0.040 seconds
[2025-03-10T14:20:22.465+0600] {processor.py:186} INFO - Started process (PID=15134) to work on /home/shamim/airflow_venv/lib/python3.12/site-packages/airflow/example_dags/plugins/event_listener.py
[2025-03-10T14:20:22.472+0600] {processor.py:914} INFO - Processing file /home/shamim/airflow_venv/lib/python3.12/site-packages/airflow/example_dags/plugins/event_listener.py for tasks to queue
[2025-03-10T14:20:22.474+0600] {logging_mixin.py:190} INFO - [2025-03-10T14:20:22.474+0600] {dagbag.py:588} INFO - Filling up the DagBag from /home/shamim/airflow_venv/lib/python3.12/site-packages/airflow/example_dags/plugins/event_listener.py
[2025-03-10T14:20:22.477+0600] {processor.py:927} WARNING - No viable dags retrieved from /home/shamim/airflow_venv/lib/python3.12/site-packages/airflow/example_dags/plugins/event_listener.py
[2025-03-10T14:20:22.490+0600] {processor.py:208} INFO - Processing /home/shamim/airflow_venv/lib/python3.12/site-packages/airflow/example_dags/plugins/event_listener.py took 0.031 seconds
[2025-03-10T14:21:07.603+0600] {processor.py:186} INFO - Started process (PID=15421) to work on /home/shamim/airflow_venv/lib/python3.12/site-packages/airflow/example_dags/plugins/event_listener.py
[2025-03-10T14:21:07.607+0600] {processor.py:914} INFO - Processing file /home/shamim/airflow_venv/lib/python3.12/site-packages/airflow/example_dags/plugins/event_listener.py for tasks to queue
[2025-03-10T14:21:07.610+0600] {logging_mixin.py:190} INFO - [2025-03-10T14:21:07.610+0600] {dagbag.py:588} INFO - Filling up the DagBag from /home/shamim/airflow_venv/lib/python3.12/site-packages/airflow/example_dags/plugins/event_listener.py
[2025-03-10T14:21:07.613+0600] {processor.py:927} WARNING - No viable dags retrieved from /home/shamim/airflow_venv/lib/python3.12/site-packages/airflow/example_dags/plugins/event_listener.py
[2025-03-10T14:21:07.630+0600] {processor.py:208} INFO - Processing /home/shamim/airflow_venv/lib/python3.12/site-packages/airflow/example_dags/plugins/event_listener.py took 0.036 seconds
[2025-03-10T14:22:35.230+0600] {processor.py:186} INFO - Started process (PID=16012) to work on /home/shamim/airflow_venv/lib/python3.12/site-packages/airflow/example_dags/plugins/event_listener.py
[2025-03-10T14:22:35.237+0600] {processor.py:914} INFO - Processing file /home/shamim/airflow_venv/lib/python3.12/site-packages/airflow/example_dags/plugins/event_listener.py for tasks to queue
[2025-03-10T14:22:35.239+0600] {logging_mixin.py:190} INFO - [2025-03-10T14:22:35.239+0600] {dagbag.py:588} INFO - Filling up the DagBag from /home/shamim/airflow_venv/lib/python3.12/site-packages/airflow/example_dags/plugins/event_listener.py
[2025-03-10T14:22:35.242+0600] {processor.py:927} WARNING - No viable dags retrieved from /home/shamim/airflow_venv/lib/python3.12/site-packages/airflow/example_dags/plugins/event_listener.py
[2025-03-10T14:22:35.255+0600] {processor.py:208} INFO - Processing /home/shamim/airflow_venv/lib/python3.12/site-packages/airflow/example_dags/plugins/event_listener.py took 0.031 seconds
[2025-03-10T14:23:19.588+0600] {processor.py:186} INFO - Started process (PID=16303) to work on /home/shamim/airflow_venv/lib/python3.12/site-packages/airflow/example_dags/plugins/event_listener.py
[2025-03-10T14:23:19.595+0600] {processor.py:914} INFO - Processing file /home/shamim/airflow_venv/lib/python3.12/site-packages/airflow/example_dags/plugins/event_listener.py for tasks to queue
[2025-03-10T14:23:19.599+0600] {logging_mixin.py:190} INFO - [2025-03-10T14:23:19.598+0600] {dagbag.py:588} INFO - Filling up the DagBag from /home/shamim/airflow_venv/lib/python3.12/site-packages/airflow/example_dags/plugins/event_listener.py
[2025-03-10T14:23:19.603+0600] {processor.py:927} WARNING - No viable dags retrieved from /home/shamim/airflow_venv/lib/python3.12/site-packages/airflow/example_dags/plugins/event_listener.py
[2025-03-10T14:23:19.620+0600] {processor.py:208} INFO - Processing /home/shamim/airflow_venv/lib/python3.12/site-packages/airflow/example_dags/plugins/event_listener.py took 0.043 seconds
[2025-03-10T14:24:04.044+0600] {processor.py:186} INFO - Started process (PID=16623) to work on /home/shamim/airflow_venv/lib/python3.12/site-packages/airflow/example_dags/plugins/event_listener.py
[2025-03-10T14:24:04.050+0600] {processor.py:914} INFO - Processing file /home/shamim/airflow_venv/lib/python3.12/site-packages/airflow/example_dags/plugins/event_listener.py for tasks to queue
[2025-03-10T14:24:04.053+0600] {logging_mixin.py:190} INFO - [2025-03-10T14:24:04.052+0600] {dagbag.py:588} INFO - Filling up the DagBag from /home/shamim/airflow_venv/lib/python3.12/site-packages/airflow/example_dags/plugins/event_listener.py
[2025-03-10T14:24:04.056+0600] {processor.py:927} WARNING - No viable dags retrieved from /home/shamim/airflow_venv/lib/python3.12/site-packages/airflow/example_dags/plugins/event_listener.py
[2025-03-10T14:24:04.070+0600] {processor.py:208} INFO - Processing /home/shamim/airflow_venv/lib/python3.12/site-packages/airflow/example_dags/plugins/event_listener.py took 0.033 seconds
[2025-03-10T14:24:50.911+0600] {processor.py:186} INFO - Started process (PID=17052) to work on /home/shamim/airflow_venv/lib/python3.12/site-packages/airflow/example_dags/plugins/event_listener.py
[2025-03-10T14:24:50.917+0600] {processor.py:914} INFO - Processing file /home/shamim/airflow_venv/lib/python3.12/site-packages/airflow/example_dags/plugins/event_listener.py for tasks to queue
[2025-03-10T14:24:50.920+0600] {logging_mixin.py:190} INFO - [2025-03-10T14:24:50.919+0600] {dagbag.py:588} INFO - Filling up the DagBag from /home/shamim/airflow_venv/lib/python3.12/site-packages/airflow/example_dags/plugins/event_listener.py
[2025-03-10T14:24:50.923+0600] {processor.py:927} WARNING - No viable dags retrieved from /home/shamim/airflow_venv/lib/python3.12/site-packages/airflow/example_dags/plugins/event_listener.py
[2025-03-10T14:24:50.937+0600] {processor.py:208} INFO - Processing /home/shamim/airflow_venv/lib/python3.12/site-packages/airflow/example_dags/plugins/event_listener.py took 0.034 seconds
[2025-03-10T14:25:35.530+0600] {processor.py:186} INFO - Started process (PID=17323) to work on /home/shamim/airflow_venv/lib/python3.12/site-packages/airflow/example_dags/plugins/event_listener.py
[2025-03-10T14:25:35.532+0600] {processor.py:914} INFO - Processing file /home/shamim/airflow_venv/lib/python3.12/site-packages/airflow/example_dags/plugins/event_listener.py for tasks to queue
[2025-03-10T14:25:35.534+0600] {logging_mixin.py:190} INFO - [2025-03-10T14:25:35.533+0600] {dagbag.py:588} INFO - Filling up the DagBag from /home/shamim/airflow_venv/lib/python3.12/site-packages/airflow/example_dags/plugins/event_listener.py
[2025-03-10T14:25:35.537+0600] {processor.py:927} WARNING - No viable dags retrieved from /home/shamim/airflow_venv/lib/python3.12/site-packages/airflow/example_dags/plugins/event_listener.py
[2025-03-10T14:25:35.549+0600] {processor.py:208} INFO - Processing /home/shamim/airflow_venv/lib/python3.12/site-packages/airflow/example_dags/plugins/event_listener.py took 0.026 seconds
[2025-03-10T14:27:05.579+0600] {processor.py:186} INFO - Started process (PID=17904) to work on /home/shamim/airflow_venv/lib/python3.12/site-packages/airflow/example_dags/plugins/event_listener.py
[2025-03-10T14:27:05.585+0600] {processor.py:914} INFO - Processing file /home/shamim/airflow_venv/lib/python3.12/site-packages/airflow/example_dags/plugins/event_listener.py for tasks to queue
[2025-03-10T14:27:05.588+0600] {logging_mixin.py:190} INFO - [2025-03-10T14:27:05.587+0600] {dagbag.py:588} INFO - Filling up the DagBag from /home/shamim/airflow_venv/lib/python3.12/site-packages/airflow/example_dags/plugins/event_listener.py
[2025-03-10T14:27:05.591+0600] {processor.py:927} WARNING - No viable dags retrieved from /home/shamim/airflow_venv/lib/python3.12/site-packages/airflow/example_dags/plugins/event_listener.py
[2025-03-10T14:27:05.603+0600] {processor.py:208} INFO - Processing /home/shamim/airflow_venv/lib/python3.12/site-packages/airflow/example_dags/plugins/event_listener.py took 0.031 seconds
[2025-03-10T14:28:28.167+0600] {processor.py:186} INFO - Started process (PID=18461) to work on /home/shamim/airflow_venv/lib/python3.12/site-packages/airflow/example_dags/plugins/event_listener.py
[2025-03-10T14:28:28.173+0600] {processor.py:914} INFO - Processing file /home/shamim/airflow_venv/lib/python3.12/site-packages/airflow/example_dags/plugins/event_listener.py for tasks to queue
[2025-03-10T14:28:28.176+0600] {logging_mixin.py:190} INFO - [2025-03-10T14:28:28.175+0600] {dagbag.py:588} INFO - Filling up the DagBag from /home/shamim/airflow_venv/lib/python3.12/site-packages/airflow/example_dags/plugins/event_listener.py
[2025-03-10T14:28:28.179+0600] {processor.py:927} WARNING - No viable dags retrieved from /home/shamim/airflow_venv/lib/python3.12/site-packages/airflow/example_dags/plugins/event_listener.py
[2025-03-10T14:28:28.193+0600] {processor.py:208} INFO - Processing /home/shamim/airflow_venv/lib/python3.12/site-packages/airflow/example_dags/plugins/event_listener.py took 0.034 seconds
[2025-03-10T14:29:12.466+0600] {processor.py:186} INFO - Started process (PID=18765) to work on /home/shamim/airflow_venv/lib/python3.12/site-packages/airflow/example_dags/plugins/event_listener.py
[2025-03-10T14:29:12.474+0600] {processor.py:914} INFO - Processing file /home/shamim/airflow_venv/lib/python3.12/site-packages/airflow/example_dags/plugins/event_listener.py for tasks to queue
[2025-03-10T14:29:12.480+0600] {logging_mixin.py:190} INFO - [2025-03-10T14:29:12.479+0600] {dagbag.py:588} INFO - Filling up the DagBag from /home/shamim/airflow_venv/lib/python3.12/site-packages/airflow/example_dags/plugins/event_listener.py
[2025-03-10T14:29:12.488+0600] {processor.py:927} WARNING - No viable dags retrieved from /home/shamim/airflow_venv/lib/python3.12/site-packages/airflow/example_dags/plugins/event_listener.py
[2025-03-10T14:29:12.509+0600] {processor.py:208} INFO - Processing /home/shamim/airflow_venv/lib/python3.12/site-packages/airflow/example_dags/plugins/event_listener.py took 0.063 seconds
[2025-03-10T14:30:00.658+0600] {processor.py:186} INFO - Started process (PID=19064) to work on /home/shamim/airflow_venv/lib/python3.12/site-packages/airflow/example_dags/plugins/event_listener.py
[2025-03-10T14:30:00.659+0600] {processor.py:914} INFO - Processing file /home/shamim/airflow_venv/lib/python3.12/site-packages/airflow/example_dags/plugins/event_listener.py for tasks to queue
[2025-03-10T14:30:00.663+0600] {logging_mixin.py:190} INFO - [2025-03-10T14:30:00.662+0600] {dagbag.py:588} INFO - Filling up the DagBag from /home/shamim/airflow_venv/lib/python3.12/site-packages/airflow/example_dags/plugins/event_listener.py
[2025-03-10T14:30:00.668+0600] {processor.py:927} WARNING - No viable dags retrieved from /home/shamim/airflow_venv/lib/python3.12/site-packages/airflow/example_dags/plugins/event_listener.py
[2025-03-10T14:30:00.688+0600] {processor.py:208} INFO - Processing /home/shamim/airflow_venv/lib/python3.12/site-packages/airflow/example_dags/plugins/event_listener.py took 0.041 seconds
[2025-03-10T14:30:50.146+0600] {processor.py:186} INFO - Started process (PID=19393) to work on /home/shamim/airflow_venv/lib/python3.12/site-packages/airflow/example_dags/plugins/event_listener.py
[2025-03-10T14:30:50.153+0600] {processor.py:914} INFO - Processing file /home/shamim/airflow_venv/lib/python3.12/site-packages/airflow/example_dags/plugins/event_listener.py for tasks to queue
[2025-03-10T14:30:50.156+0600] {logging_mixin.py:190} INFO - [2025-03-10T14:30:50.155+0600] {dagbag.py:588} INFO - Filling up the DagBag from /home/shamim/airflow_venv/lib/python3.12/site-packages/airflow/example_dags/plugins/event_listener.py
[2025-03-10T14:30:50.160+0600] {processor.py:927} WARNING - No viable dags retrieved from /home/shamim/airflow_venv/lib/python3.12/site-packages/airflow/example_dags/plugins/event_listener.py
[2025-03-10T14:30:50.176+0600] {processor.py:208} INFO - Processing /home/shamim/airflow_venv/lib/python3.12/site-packages/airflow/example_dags/plugins/event_listener.py took 0.038 seconds
[2025-03-10T14:31:38.155+0600] {processor.py:186} INFO - Started process (PID=19660) to work on /home/shamim/airflow_venv/lib/python3.12/site-packages/airflow/example_dags/plugins/event_listener.py
[2025-03-10T14:31:38.161+0600] {processor.py:914} INFO - Processing file /home/shamim/airflow_venv/lib/python3.12/site-packages/airflow/example_dags/plugins/event_listener.py for tasks to queue
[2025-03-10T14:31:38.163+0600] {logging_mixin.py:190} INFO - [2025-03-10T14:31:38.163+0600] {dagbag.py:588} INFO - Filling up the DagBag from /home/shamim/airflow_venv/lib/python3.12/site-packages/airflow/example_dags/plugins/event_listener.py
[2025-03-10T14:31:38.166+0600] {processor.py:927} WARNING - No viable dags retrieved from /home/shamim/airflow_venv/lib/python3.12/site-packages/airflow/example_dags/plugins/event_listener.py
[2025-03-10T14:31:38.179+0600] {processor.py:208} INFO - Processing /home/shamim/airflow_venv/lib/python3.12/site-packages/airflow/example_dags/plugins/event_listener.py took 0.031 seconds
[2025-03-10T14:32:26.030+0600] {processor.py:186} INFO - Started process (PID=19926) to work on /home/shamim/airflow_venv/lib/python3.12/site-packages/airflow/example_dags/plugins/event_listener.py
[2025-03-10T14:32:26.033+0600] {processor.py:914} INFO - Processing file /home/shamim/airflow_venv/lib/python3.12/site-packages/airflow/example_dags/plugins/event_listener.py for tasks to queue
[2025-03-10T14:32:26.038+0600] {logging_mixin.py:190} INFO - [2025-03-10T14:32:26.038+0600] {dagbag.py:588} INFO - Filling up the DagBag from /home/shamim/airflow_venv/lib/python3.12/site-packages/airflow/example_dags/plugins/event_listener.py
[2025-03-10T14:32:26.044+0600] {processor.py:927} WARNING - No viable dags retrieved from /home/shamim/airflow_venv/lib/python3.12/site-packages/airflow/example_dags/plugins/event_listener.py
[2025-03-10T14:32:26.068+0600] {processor.py:208} INFO - Processing /home/shamim/airflow_venv/lib/python3.12/site-packages/airflow/example_dags/plugins/event_listener.py took 0.052 seconds
[2025-03-10T14:33:15.019+0600] {processor.py:186} INFO - Started process (PID=20543) to work on /home/shamim/airflow_venv/lib/python3.12/site-packages/airflow/example_dags/plugins/event_listener.py
[2025-03-10T14:33:15.021+0600] {processor.py:914} INFO - Processing file /home/shamim/airflow_venv/lib/python3.12/site-packages/airflow/example_dags/plugins/event_listener.py for tasks to queue
[2025-03-10T14:33:15.024+0600] {logging_mixin.py:190} INFO - [2025-03-10T14:33:15.023+0600] {dagbag.py:588} INFO - Filling up the DagBag from /home/shamim/airflow_venv/lib/python3.12/site-packages/airflow/example_dags/plugins/event_listener.py
[2025-03-10T14:33:15.027+0600] {processor.py:927} WARNING - No viable dags retrieved from /home/shamim/airflow_venv/lib/python3.12/site-packages/airflow/example_dags/plugins/event_listener.py
[2025-03-10T14:33:15.041+0600] {processor.py:208} INFO - Processing /home/shamim/airflow_venv/lib/python3.12/site-packages/airflow/example_dags/plugins/event_listener.py took 0.030 seconds
[2025-03-10T14:34:40.779+0600] {processor.py:186} INFO - Started process (PID=21728) to work on /home/shamim/airflow_venv/lib/python3.12/site-packages/airflow/example_dags/plugins/event_listener.py
[2025-03-10T14:34:40.785+0600] {processor.py:914} INFO - Processing file /home/shamim/airflow_venv/lib/python3.12/site-packages/airflow/example_dags/plugins/event_listener.py for tasks to queue
[2025-03-10T14:34:40.788+0600] {logging_mixin.py:190} INFO - [2025-03-10T14:34:40.787+0600] {dagbag.py:588} INFO - Filling up the DagBag from /home/shamim/airflow_venv/lib/python3.12/site-packages/airflow/example_dags/plugins/event_listener.py
[2025-03-10T14:34:40.791+0600] {processor.py:927} WARNING - No viable dags retrieved from /home/shamim/airflow_venv/lib/python3.12/site-packages/airflow/example_dags/plugins/event_listener.py
[2025-03-10T14:34:40.804+0600] {processor.py:208} INFO - Processing /home/shamim/airflow_venv/lib/python3.12/site-packages/airflow/example_dags/plugins/event_listener.py took 0.033 seconds
[2025-03-10T14:35:24.109+0600] {processor.py:186} INFO - Started process (PID=22166) to work on /home/shamim/airflow_venv/lib/python3.12/site-packages/airflow/example_dags/plugins/event_listener.py
[2025-03-10T14:35:24.113+0600] {processor.py:914} INFO - Processing file /home/shamim/airflow_venv/lib/python3.12/site-packages/airflow/example_dags/plugins/event_listener.py for tasks to queue
[2025-03-10T14:35:24.115+0600] {logging_mixin.py:190} INFO - [2025-03-10T14:35:24.115+0600] {dagbag.py:588} INFO - Filling up the DagBag from /home/shamim/airflow_venv/lib/python3.12/site-packages/airflow/example_dags/plugins/event_listener.py
[2025-03-10T14:35:24.118+0600] {processor.py:927} WARNING - No viable dags retrieved from /home/shamim/airflow_venv/lib/python3.12/site-packages/airflow/example_dags/plugins/event_listener.py
[2025-03-10T14:35:24.131+0600] {processor.py:208} INFO - Processing /home/shamim/airflow_venv/lib/python3.12/site-packages/airflow/example_dags/plugins/event_listener.py took 0.030 seconds
[2025-03-10T14:36:07.958+0600] {processor.py:186} INFO - Started process (PID=22975) to work on /home/shamim/airflow_venv/lib/python3.12/site-packages/airflow/example_dags/plugins/event_listener.py
[2025-03-10T14:36:07.964+0600] {processor.py:914} INFO - Processing file /home/shamim/airflow_venv/lib/python3.12/site-packages/airflow/example_dags/plugins/event_listener.py for tasks to queue
[2025-03-10T14:36:07.966+0600] {logging_mixin.py:190} INFO - [2025-03-10T14:36:07.966+0600] {dagbag.py:588} INFO - Filling up the DagBag from /home/shamim/airflow_venv/lib/python3.12/site-packages/airflow/example_dags/plugins/event_listener.py
[2025-03-10T14:36:07.969+0600] {processor.py:927} WARNING - No viable dags retrieved from /home/shamim/airflow_venv/lib/python3.12/site-packages/airflow/example_dags/plugins/event_listener.py
[2025-03-10T14:36:07.982+0600] {processor.py:208} INFO - Processing /home/shamim/airflow_venv/lib/python3.12/site-packages/airflow/example_dags/plugins/event_listener.py took 0.031 seconds
[2025-03-10T14:37:23.393+0600] {processor.py:186} INFO - Started process (PID=23987) to work on /home/shamim/airflow_venv/lib/python3.12/site-packages/airflow/example_dags/plugins/event_listener.py
[2025-03-10T14:37:23.399+0600] {processor.py:914} INFO - Processing file /home/shamim/airflow_venv/lib/python3.12/site-packages/airflow/example_dags/plugins/event_listener.py for tasks to queue
[2025-03-10T14:37:23.402+0600] {logging_mixin.py:190} INFO - [2025-03-10T14:37:23.401+0600] {dagbag.py:588} INFO - Filling up the DagBag from /home/shamim/airflow_venv/lib/python3.12/site-packages/airflow/example_dags/plugins/event_listener.py
[2025-03-10T14:37:23.405+0600] {processor.py:927} WARNING - No viable dags retrieved from /home/shamim/airflow_venv/lib/python3.12/site-packages/airflow/example_dags/plugins/event_listener.py
[2025-03-10T14:37:23.417+0600] {processor.py:208} INFO - Processing /home/shamim/airflow_venv/lib/python3.12/site-packages/airflow/example_dags/plugins/event_listener.py took 0.031 seconds
[2025-03-10T14:38:42.775+0600] {processor.py:186} INFO - Started process (PID=24501) to work on /home/shamim/airflow_venv/lib/python3.12/site-packages/airflow/example_dags/plugins/event_listener.py
[2025-03-10T14:38:42.782+0600] {processor.py:914} INFO - Processing file /home/shamim/airflow_venv/lib/python3.12/site-packages/airflow/example_dags/plugins/event_listener.py for tasks to queue
[2025-03-10T14:38:42.784+0600] {logging_mixin.py:190} INFO - [2025-03-10T14:38:42.784+0600] {dagbag.py:588} INFO - Filling up the DagBag from /home/shamim/airflow_venv/lib/python3.12/site-packages/airflow/example_dags/plugins/event_listener.py
[2025-03-10T14:38:42.787+0600] {processor.py:927} WARNING - No viable dags retrieved from /home/shamim/airflow_venv/lib/python3.12/site-packages/airflow/example_dags/plugins/event_listener.py
[2025-03-10T14:38:42.800+0600] {processor.py:208} INFO - Processing /home/shamim/airflow_venv/lib/python3.12/site-packages/airflow/example_dags/plugins/event_listener.py took 0.032 seconds
[2025-03-10T14:40:00.417+0600] {processor.py:186} INFO - Started process (PID=25763) to work on /home/shamim/airflow_venv/lib/python3.12/site-packages/airflow/example_dags/plugins/event_listener.py
[2025-03-10T14:40:00.423+0600] {processor.py:914} INFO - Processing file /home/shamim/airflow_venv/lib/python3.12/site-packages/airflow/example_dags/plugins/event_listener.py for tasks to queue
[2025-03-10T14:40:00.426+0600] {logging_mixin.py:190} INFO - [2025-03-10T14:40:00.426+0600] {dagbag.py:588} INFO - Filling up the DagBag from /home/shamim/airflow_venv/lib/python3.12/site-packages/airflow/example_dags/plugins/event_listener.py
[2025-03-10T14:40:00.429+0600] {processor.py:927} WARNING - No viable dags retrieved from /home/shamim/airflow_venv/lib/python3.12/site-packages/airflow/example_dags/plugins/event_listener.py
[2025-03-10T14:40:00.443+0600] {processor.py:208} INFO - Processing /home/shamim/airflow_venv/lib/python3.12/site-packages/airflow/example_dags/plugins/event_listener.py took 0.033 seconds
[2025-03-10T14:41:26.699+0600] {processor.py:186} INFO - Started process (PID=26678) to work on /home/shamim/airflow_venv/lib/python3.12/site-packages/airflow/example_dags/plugins/event_listener.py
[2025-03-10T14:41:26.704+0600] {processor.py:914} INFO - Processing file /home/shamim/airflow_venv/lib/python3.12/site-packages/airflow/example_dags/plugins/event_listener.py for tasks to queue
[2025-03-10T14:41:26.706+0600] {logging_mixin.py:190} INFO - [2025-03-10T14:41:26.706+0600] {dagbag.py:588} INFO - Filling up the DagBag from /home/shamim/airflow_venv/lib/python3.12/site-packages/airflow/example_dags/plugins/event_listener.py
[2025-03-10T14:41:26.710+0600] {processor.py:927} WARNING - No viable dags retrieved from /home/shamim/airflow_venv/lib/python3.12/site-packages/airflow/example_dags/plugins/event_listener.py
[2025-03-10T14:41:26.725+0600] {processor.py:208} INFO - Processing /home/shamim/airflow_venv/lib/python3.12/site-packages/airflow/example_dags/plugins/event_listener.py took 0.032 seconds
[2025-03-10T14:42:14.742+0600] {processor.py:186} INFO - Started process (PID=27304) to work on /home/shamim/airflow_venv/lib/python3.12/site-packages/airflow/example_dags/plugins/event_listener.py
[2025-03-10T14:42:14.748+0600] {processor.py:914} INFO - Processing file /home/shamim/airflow_venv/lib/python3.12/site-packages/airflow/example_dags/plugins/event_listener.py for tasks to queue
[2025-03-10T14:42:14.750+0600] {logging_mixin.py:190} INFO - [2025-03-10T14:42:14.750+0600] {dagbag.py:588} INFO - Filling up the DagBag from /home/shamim/airflow_venv/lib/python3.12/site-packages/airflow/example_dags/plugins/event_listener.py
[2025-03-10T14:42:14.753+0600] {processor.py:927} WARNING - No viable dags retrieved from /home/shamim/airflow_venv/lib/python3.12/site-packages/airflow/example_dags/plugins/event_listener.py
[2025-03-10T14:42:14.768+0600] {processor.py:208} INFO - Processing /home/shamim/airflow_venv/lib/python3.12/site-packages/airflow/example_dags/plugins/event_listener.py took 0.036 seconds
[2025-03-10T14:43:47.643+0600] {processor.py:186} INFO - Started process (PID=28203) to work on /home/shamim/airflow_venv/lib/python3.12/site-packages/airflow/example_dags/plugins/event_listener.py
[2025-03-10T14:43:47.648+0600] {processor.py:914} INFO - Processing file /home/shamim/airflow_venv/lib/python3.12/site-packages/airflow/example_dags/plugins/event_listener.py for tasks to queue
[2025-03-10T14:43:47.655+0600] {logging_mixin.py:190} INFO - [2025-03-10T14:43:47.654+0600] {dagbag.py:588} INFO - Filling up the DagBag from /home/shamim/airflow_venv/lib/python3.12/site-packages/airflow/example_dags/plugins/event_listener.py
[2025-03-10T14:43:47.664+0600] {processor.py:927} WARNING - No viable dags retrieved from /home/shamim/airflow_venv/lib/python3.12/site-packages/airflow/example_dags/plugins/event_listener.py
[2025-03-10T14:43:47.687+0600] {processor.py:208} INFO - Processing /home/shamim/airflow_venv/lib/python3.12/site-packages/airflow/example_dags/plugins/event_listener.py took 0.067 seconds
[2025-03-10T14:44:34.961+0600] {processor.py:186} INFO - Started process (PID=28672) to work on /home/shamim/airflow_venv/lib/python3.12/site-packages/airflow/example_dags/plugins/event_listener.py
[2025-03-10T14:44:34.967+0600] {processor.py:914} INFO - Processing file /home/shamim/airflow_venv/lib/python3.12/site-packages/airflow/example_dags/plugins/event_listener.py for tasks to queue
[2025-03-10T14:44:34.970+0600] {logging_mixin.py:190} INFO - [2025-03-10T14:44:34.970+0600] {dagbag.py:588} INFO - Filling up the DagBag from /home/shamim/airflow_venv/lib/python3.12/site-packages/airflow/example_dags/plugins/event_listener.py
[2025-03-10T14:44:34.973+0600] {processor.py:927} WARNING - No viable dags retrieved from /home/shamim/airflow_venv/lib/python3.12/site-packages/airflow/example_dags/plugins/event_listener.py
[2025-03-10T14:44:34.987+0600] {processor.py:208} INFO - Processing /home/shamim/airflow_venv/lib/python3.12/site-packages/airflow/example_dags/plugins/event_listener.py took 0.034 seconds
[2025-03-10T14:45:59.467+0600] {processor.py:186} INFO - Started process (PID=29213) to work on /home/shamim/airflow_venv/lib/python3.12/site-packages/airflow/example_dags/plugins/event_listener.py
[2025-03-10T14:45:59.471+0600] {processor.py:914} INFO - Processing file /home/shamim/airflow_venv/lib/python3.12/site-packages/airflow/example_dags/plugins/event_listener.py for tasks to queue
[2025-03-10T14:45:59.474+0600] {logging_mixin.py:190} INFO - [2025-03-10T14:45:59.473+0600] {dagbag.py:588} INFO - Filling up the DagBag from /home/shamim/airflow_venv/lib/python3.12/site-packages/airflow/example_dags/plugins/event_listener.py
[2025-03-10T14:45:59.477+0600] {processor.py:927} WARNING - No viable dags retrieved from /home/shamim/airflow_venv/lib/python3.12/site-packages/airflow/example_dags/plugins/event_listener.py
[2025-03-10T14:45:59.490+0600] {processor.py:208} INFO - Processing /home/shamim/airflow_venv/lib/python3.12/site-packages/airflow/example_dags/plugins/event_listener.py took 0.031 seconds
[2025-03-10T14:47:26.986+0600] {processor.py:186} INFO - Started process (PID=29844) to work on /home/shamim/airflow_venv/lib/python3.12/site-packages/airflow/example_dags/plugins/event_listener.py
[2025-03-10T14:47:26.993+0600] {processor.py:914} INFO - Processing file /home/shamim/airflow_venv/lib/python3.12/site-packages/airflow/example_dags/plugins/event_listener.py for tasks to queue
[2025-03-10T14:47:26.996+0600] {logging_mixin.py:190} INFO - [2025-03-10T14:47:26.996+0600] {dagbag.py:588} INFO - Filling up the DagBag from /home/shamim/airflow_venv/lib/python3.12/site-packages/airflow/example_dags/plugins/event_listener.py
[2025-03-10T14:47:26.999+0600] {processor.py:927} WARNING - No viable dags retrieved from /home/shamim/airflow_venv/lib/python3.12/site-packages/airflow/example_dags/plugins/event_listener.py
[2025-03-10T14:47:27.014+0600] {processor.py:208} INFO - Processing /home/shamim/airflow_venv/lib/python3.12/site-packages/airflow/example_dags/plugins/event_listener.py took 0.044 seconds
[2025-03-10T14:48:10.248+0600] {processor.py:186} INFO - Started process (PID=30136) to work on /home/shamim/airflow_venv/lib/python3.12/site-packages/airflow/example_dags/plugins/event_listener.py
[2025-03-10T14:48:10.251+0600] {processor.py:914} INFO - Processing file /home/shamim/airflow_venv/lib/python3.12/site-packages/airflow/example_dags/plugins/event_listener.py for tasks to queue
[2025-03-10T14:48:10.254+0600] {logging_mixin.py:190} INFO - [2025-03-10T14:48:10.253+0600] {dagbag.py:588} INFO - Filling up the DagBag from /home/shamim/airflow_venv/lib/python3.12/site-packages/airflow/example_dags/plugins/event_listener.py
[2025-03-10T14:48:10.257+0600] {processor.py:927} WARNING - No viable dags retrieved from /home/shamim/airflow_venv/lib/python3.12/site-packages/airflow/example_dags/plugins/event_listener.py
[2025-03-10T14:48:10.270+0600] {processor.py:208} INFO - Processing /home/shamim/airflow_venv/lib/python3.12/site-packages/airflow/example_dags/plugins/event_listener.py took 0.029 seconds
[2025-03-10T14:49:38.594+0600] {processor.py:186} INFO - Started process (PID=30733) to work on /home/shamim/airflow_venv/lib/python3.12/site-packages/airflow/example_dags/plugins/event_listener.py
[2025-03-10T14:49:38.596+0600] {processor.py:914} INFO - Processing file /home/shamim/airflow_venv/lib/python3.12/site-packages/airflow/example_dags/plugins/event_listener.py for tasks to queue
[2025-03-10T14:49:38.599+0600] {logging_mixin.py:190} INFO - [2025-03-10T14:49:38.599+0600] {dagbag.py:588} INFO - Filling up the DagBag from /home/shamim/airflow_venv/lib/python3.12/site-packages/airflow/example_dags/plugins/event_listener.py
[2025-03-10T14:49:38.604+0600] {processor.py:927} WARNING - No viable dags retrieved from /home/shamim/airflow_venv/lib/python3.12/site-packages/airflow/example_dags/plugins/event_listener.py
[2025-03-10T14:49:38.619+0600] {processor.py:208} INFO - Processing /home/shamim/airflow_venv/lib/python3.12/site-packages/airflow/example_dags/plugins/event_listener.py took 0.035 seconds
[2025-03-10T14:50:24.347+0600] {processor.py:186} INFO - Started process (PID=31021) to work on /home/shamim/airflow_venv/lib/python3.12/site-packages/airflow/example_dags/plugins/event_listener.py
[2025-03-10T14:50:24.354+0600] {processor.py:914} INFO - Processing file /home/shamim/airflow_venv/lib/python3.12/site-packages/airflow/example_dags/plugins/event_listener.py for tasks to queue
[2025-03-10T14:50:24.362+0600] {logging_mixin.py:190} INFO - [2025-03-10T14:50:24.360+0600] {dagbag.py:588} INFO - Filling up the DagBag from /home/shamim/airflow_venv/lib/python3.12/site-packages/airflow/example_dags/plugins/event_listener.py
[2025-03-10T14:50:24.372+0600] {processor.py:927} WARNING - No viable dags retrieved from /home/shamim/airflow_venv/lib/python3.12/site-packages/airflow/example_dags/plugins/event_listener.py
[2025-03-10T14:50:24.399+0600] {processor.py:208} INFO - Processing /home/shamim/airflow_venv/lib/python3.12/site-packages/airflow/example_dags/plugins/event_listener.py took 0.079 seconds
[2025-03-10T14:51:10.519+0600] {processor.py:186} INFO - Started process (PID=31321) to work on /home/shamim/airflow_venv/lib/python3.12/site-packages/airflow/example_dags/plugins/event_listener.py
[2025-03-10T14:51:10.524+0600] {processor.py:914} INFO - Processing file /home/shamim/airflow_venv/lib/python3.12/site-packages/airflow/example_dags/plugins/event_listener.py for tasks to queue
[2025-03-10T14:51:10.529+0600] {logging_mixin.py:190} INFO - [2025-03-10T14:51:10.528+0600] {dagbag.py:588} INFO - Filling up the DagBag from /home/shamim/airflow_venv/lib/python3.12/site-packages/airflow/example_dags/plugins/event_listener.py
[2025-03-10T14:51:10.535+0600] {processor.py:927} WARNING - No viable dags retrieved from /home/shamim/airflow_venv/lib/python3.12/site-packages/airflow/example_dags/plugins/event_listener.py
[2025-03-10T14:51:10.559+0600] {processor.py:208} INFO - Processing /home/shamim/airflow_venv/lib/python3.12/site-packages/airflow/example_dags/plugins/event_listener.py took 0.054 seconds
[2025-03-10T14:51:58.616+0600] {processor.py:186} INFO - Started process (PID=31622) to work on /home/shamim/airflow_venv/lib/python3.12/site-packages/airflow/example_dags/plugins/event_listener.py
[2025-03-10T14:51:58.623+0600] {processor.py:914} INFO - Processing file /home/shamim/airflow_venv/lib/python3.12/site-packages/airflow/example_dags/plugins/event_listener.py for tasks to queue
[2025-03-10T14:51:58.625+0600] {logging_mixin.py:190} INFO - [2025-03-10T14:51:58.625+0600] {dagbag.py:588} INFO - Filling up the DagBag from /home/shamim/airflow_venv/lib/python3.12/site-packages/airflow/example_dags/plugins/event_listener.py
[2025-03-10T14:51:58.628+0600] {processor.py:927} WARNING - No viable dags retrieved from /home/shamim/airflow_venv/lib/python3.12/site-packages/airflow/example_dags/plugins/event_listener.py
[2025-03-10T14:51:58.642+0600] {processor.py:208} INFO - Processing /home/shamim/airflow_venv/lib/python3.12/site-packages/airflow/example_dags/plugins/event_listener.py took 0.033 seconds
[2025-03-10T14:52:47.510+0600] {processor.py:186} INFO - Started process (PID=31960) to work on /home/shamim/airflow_venv/lib/python3.12/site-packages/airflow/example_dags/plugins/event_listener.py
[2025-03-10T14:52:47.518+0600] {processor.py:914} INFO - Processing file /home/shamim/airflow_venv/lib/python3.12/site-packages/airflow/example_dags/plugins/event_listener.py for tasks to queue
[2025-03-10T14:52:47.522+0600] {logging_mixin.py:190} INFO - [2025-03-10T14:52:47.521+0600] {dagbag.py:588} INFO - Filling up the DagBag from /home/shamim/airflow_venv/lib/python3.12/site-packages/airflow/example_dags/plugins/event_listener.py
[2025-03-10T14:52:47.528+0600] {processor.py:927} WARNING - No viable dags retrieved from /home/shamim/airflow_venv/lib/python3.12/site-packages/airflow/example_dags/plugins/event_listener.py
[2025-03-10T14:52:47.545+0600] {processor.py:208} INFO - Processing /home/shamim/airflow_venv/lib/python3.12/site-packages/airflow/example_dags/plugins/event_listener.py took 0.054 seconds
[2025-03-10T14:53:36.946+0600] {processor.py:186} INFO - Started process (PID=32218) to work on /home/shamim/airflow_venv/lib/python3.12/site-packages/airflow/example_dags/plugins/event_listener.py
[2025-03-10T14:53:36.952+0600] {processor.py:914} INFO - Processing file /home/shamim/airflow_venv/lib/python3.12/site-packages/airflow/example_dags/plugins/event_listener.py for tasks to queue
[2025-03-10T14:53:36.956+0600] {logging_mixin.py:190} INFO - [2025-03-10T14:53:36.955+0600] {dagbag.py:588} INFO - Filling up the DagBag from /home/shamim/airflow_venv/lib/python3.12/site-packages/airflow/example_dags/plugins/event_listener.py
[2025-03-10T14:53:36.960+0600] {processor.py:927} WARNING - No viable dags retrieved from /home/shamim/airflow_venv/lib/python3.12/site-packages/airflow/example_dags/plugins/event_listener.py
[2025-03-10T14:53:36.974+0600] {processor.py:208} INFO - Processing /home/shamim/airflow_venv/lib/python3.12/site-packages/airflow/example_dags/plugins/event_listener.py took 0.040 seconds
[2025-03-10T14:54:28.485+0600] {processor.py:186} INFO - Started process (PID=32796) to work on /home/shamim/airflow_venv/lib/python3.12/site-packages/airflow/example_dags/plugins/event_listener.py
[2025-03-10T14:54:28.491+0600] {processor.py:914} INFO - Processing file /home/shamim/airflow_venv/lib/python3.12/site-packages/airflow/example_dags/plugins/event_listener.py for tasks to queue
[2025-03-10T14:54:28.494+0600] {logging_mixin.py:190} INFO - [2025-03-10T14:54:28.493+0600] {dagbag.py:588} INFO - Filling up the DagBag from /home/shamim/airflow_venv/lib/python3.12/site-packages/airflow/example_dags/plugins/event_listener.py
[2025-03-10T14:54:28.496+0600] {processor.py:927} WARNING - No viable dags retrieved from /home/shamim/airflow_venv/lib/python3.12/site-packages/airflow/example_dags/plugins/event_listener.py
[2025-03-10T14:54:28.510+0600] {processor.py:208} INFO - Processing /home/shamim/airflow_venv/lib/python3.12/site-packages/airflow/example_dags/plugins/event_listener.py took 0.032 seconds
[2025-03-10T14:55:21.544+0600] {processor.py:186} INFO - Started process (PID=33466) to work on /home/shamim/airflow_venv/lib/python3.12/site-packages/airflow/example_dags/plugins/event_listener.py
[2025-03-10T14:55:21.550+0600] {processor.py:914} INFO - Processing file /home/shamim/airflow_venv/lib/python3.12/site-packages/airflow/example_dags/plugins/event_listener.py for tasks to queue
[2025-03-10T14:55:21.553+0600] {logging_mixin.py:190} INFO - [2025-03-10T14:55:21.552+0600] {dagbag.py:588} INFO - Filling up the DagBag from /home/shamim/airflow_venv/lib/python3.12/site-packages/airflow/example_dags/plugins/event_listener.py
[2025-03-10T14:55:21.557+0600] {processor.py:927} WARNING - No viable dags retrieved from /home/shamim/airflow_venv/lib/python3.12/site-packages/airflow/example_dags/plugins/event_listener.py
[2025-03-10T14:55:21.571+0600] {processor.py:208} INFO - Processing /home/shamim/airflow_venv/lib/python3.12/site-packages/airflow/example_dags/plugins/event_listener.py took 0.036 seconds
[2025-03-10T14:56:04.804+0600] {processor.py:186} INFO - Started process (PID=33693) to work on /home/shamim/airflow_venv/lib/python3.12/site-packages/airflow/example_dags/plugins/event_listener.py
[2025-03-10T14:56:04.810+0600] {processor.py:914} INFO - Processing file /home/shamim/airflow_venv/lib/python3.12/site-packages/airflow/example_dags/plugins/event_listener.py for tasks to queue
[2025-03-10T14:56:04.813+0600] {logging_mixin.py:190} INFO - [2025-03-10T14:56:04.813+0600] {dagbag.py:588} INFO - Filling up the DagBag from /home/shamim/airflow_venv/lib/python3.12/site-packages/airflow/example_dags/plugins/event_listener.py
[2025-03-10T14:56:04.816+0600] {processor.py:927} WARNING - No viable dags retrieved from /home/shamim/airflow_venv/lib/python3.12/site-packages/airflow/example_dags/plugins/event_listener.py
[2025-03-10T14:56:04.830+0600] {processor.py:208} INFO - Processing /home/shamim/airflow_venv/lib/python3.12/site-packages/airflow/example_dags/plugins/event_listener.py took 0.034 seconds
[2025-03-10T14:56:51.604+0600] {processor.py:186} INFO - Started process (PID=33955) to work on /home/shamim/airflow_venv/lib/python3.12/site-packages/airflow/example_dags/plugins/event_listener.py
[2025-03-10T14:56:51.609+0600] {processor.py:914} INFO - Processing file /home/shamim/airflow_venv/lib/python3.12/site-packages/airflow/example_dags/plugins/event_listener.py for tasks to queue
[2025-03-10T14:56:51.611+0600] {logging_mixin.py:190} INFO - [2025-03-10T14:56:51.611+0600] {dagbag.py:588} INFO - Filling up the DagBag from /home/shamim/airflow_venv/lib/python3.12/site-packages/airflow/example_dags/plugins/event_listener.py
[2025-03-10T14:56:51.615+0600] {processor.py:927} WARNING - No viable dags retrieved from /home/shamim/airflow_venv/lib/python3.12/site-packages/airflow/example_dags/plugins/event_listener.py
[2025-03-10T14:56:51.628+0600] {processor.py:208} INFO - Processing /home/shamim/airflow_venv/lib/python3.12/site-packages/airflow/example_dags/plugins/event_listener.py took 0.031 seconds
[2025-03-10T14:57:40.662+0600] {processor.py:186} INFO - Started process (PID=34309) to work on /home/shamim/airflow_venv/lib/python3.12/site-packages/airflow/example_dags/plugins/event_listener.py
[2025-03-10T14:57:40.668+0600] {processor.py:914} INFO - Processing file /home/shamim/airflow_venv/lib/python3.12/site-packages/airflow/example_dags/plugins/event_listener.py for tasks to queue
[2025-03-10T14:57:40.672+0600] {logging_mixin.py:190} INFO - [2025-03-10T14:57:40.671+0600] {dagbag.py:588} INFO - Filling up the DagBag from /home/shamim/airflow_venv/lib/python3.12/site-packages/airflow/example_dags/plugins/event_listener.py
[2025-03-10T14:57:40.675+0600] {processor.py:927} WARNING - No viable dags retrieved from /home/shamim/airflow_venv/lib/python3.12/site-packages/airflow/example_dags/plugins/event_listener.py
[2025-03-10T14:57:40.690+0600] {processor.py:208} INFO - Processing /home/shamim/airflow_venv/lib/python3.12/site-packages/airflow/example_dags/plugins/event_listener.py took 0.036 seconds
[2025-03-10T14:58:23.953+0600] {processor.py:186} INFO - Started process (PID=34608) to work on /home/shamim/airflow_venv/lib/python3.12/site-packages/airflow/example_dags/plugins/event_listener.py
[2025-03-10T14:58:23.962+0600] {processor.py:914} INFO - Processing file /home/shamim/airflow_venv/lib/python3.12/site-packages/airflow/example_dags/plugins/event_listener.py for tasks to queue
[2025-03-10T14:58:23.967+0600] {logging_mixin.py:190} INFO - [2025-03-10T14:58:23.966+0600] {dagbag.py:588} INFO - Filling up the DagBag from /home/shamim/airflow_venv/lib/python3.12/site-packages/airflow/example_dags/plugins/event_listener.py
[2025-03-10T14:58:23.972+0600] {processor.py:927} WARNING - No viable dags retrieved from /home/shamim/airflow_venv/lib/python3.12/site-packages/airflow/example_dags/plugins/event_listener.py
[2025-03-10T14:58:23.998+0600] {processor.py:208} INFO - Processing /home/shamim/airflow_venv/lib/python3.12/site-packages/airflow/example_dags/plugins/event_listener.py took 0.054 seconds
[2025-03-10T14:59:10.933+0600] {processor.py:186} INFO - Started process (PID=34949) to work on /home/shamim/airflow_venv/lib/python3.12/site-packages/airflow/example_dags/plugins/event_listener.py
[2025-03-10T14:59:10.938+0600] {processor.py:914} INFO - Processing file /home/shamim/airflow_venv/lib/python3.12/site-packages/airflow/example_dags/plugins/event_listener.py for tasks to queue
[2025-03-10T14:59:10.941+0600] {logging_mixin.py:190} INFO - [2025-03-10T14:59:10.941+0600] {dagbag.py:588} INFO - Filling up the DagBag from /home/shamim/airflow_venv/lib/python3.12/site-packages/airflow/example_dags/plugins/event_listener.py
[2025-03-10T14:59:10.945+0600] {processor.py:927} WARNING - No viable dags retrieved from /home/shamim/airflow_venv/lib/python3.12/site-packages/airflow/example_dags/plugins/event_listener.py
[2025-03-10T14:59:10.961+0600] {processor.py:208} INFO - Processing /home/shamim/airflow_venv/lib/python3.12/site-packages/airflow/example_dags/plugins/event_listener.py took 0.035 seconds
[2025-03-10T14:59:57.956+0600] {processor.py:186} INFO - Started process (PID=35560) to work on /home/shamim/airflow_venv/lib/python3.12/site-packages/airflow/example_dags/plugins/event_listener.py
[2025-03-10T14:59:57.962+0600] {processor.py:914} INFO - Processing file /home/shamim/airflow_venv/lib/python3.12/site-packages/airflow/example_dags/plugins/event_listener.py for tasks to queue
[2025-03-10T14:59:57.965+0600] {logging_mixin.py:190} INFO - [2025-03-10T14:59:57.964+0600] {dagbag.py:588} INFO - Filling up the DagBag from /home/shamim/airflow_venv/lib/python3.12/site-packages/airflow/example_dags/plugins/event_listener.py
[2025-03-10T14:59:57.968+0600] {processor.py:927} WARNING - No viable dags retrieved from /home/shamim/airflow_venv/lib/python3.12/site-packages/airflow/example_dags/plugins/event_listener.py
[2025-03-10T14:59:57.981+0600] {processor.py:208} INFO - Processing /home/shamim/airflow_venv/lib/python3.12/site-packages/airflow/example_dags/plugins/event_listener.py took 0.032 seconds
[2025-03-10T15:00:45.674+0600] {processor.py:186} INFO - Started process (PID=35992) to work on /home/shamim/airflow_venv/lib/python3.12/site-packages/airflow/example_dags/plugins/event_listener.py
[2025-03-10T15:00:45.677+0600] {processor.py:914} INFO - Processing file /home/shamim/airflow_venv/lib/python3.12/site-packages/airflow/example_dags/plugins/event_listener.py for tasks to queue
[2025-03-10T15:00:45.680+0600] {logging_mixin.py:190} INFO - [2025-03-10T15:00:45.680+0600] {dagbag.py:588} INFO - Filling up the DagBag from /home/shamim/airflow_venv/lib/python3.12/site-packages/airflow/example_dags/plugins/event_listener.py
[2025-03-10T15:00:45.684+0600] {processor.py:927} WARNING - No viable dags retrieved from /home/shamim/airflow_venv/lib/python3.12/site-packages/airflow/example_dags/plugins/event_listener.py
[2025-03-10T15:00:45.702+0600] {processor.py:208} INFO - Processing /home/shamim/airflow_venv/lib/python3.12/site-packages/airflow/example_dags/plugins/event_listener.py took 0.036 seconds
[2025-03-10T15:01:32.950+0600] {processor.py:186} INFO - Started process (PID=36256) to work on /home/shamim/airflow_venv/lib/python3.12/site-packages/airflow/example_dags/plugins/event_listener.py
[2025-03-10T15:01:32.958+0600] {processor.py:914} INFO - Processing file /home/shamim/airflow_venv/lib/python3.12/site-packages/airflow/example_dags/plugins/event_listener.py for tasks to queue
[2025-03-10T15:01:32.968+0600] {logging_mixin.py:190} INFO - [2025-03-10T15:01:32.967+0600] {dagbag.py:588} INFO - Filling up the DagBag from /home/shamim/airflow_venv/lib/python3.12/site-packages/airflow/example_dags/plugins/event_listener.py
[2025-03-10T15:01:32.979+0600] {processor.py:927} WARNING - No viable dags retrieved from /home/shamim/airflow_venv/lib/python3.12/site-packages/airflow/example_dags/plugins/event_listener.py
[2025-03-10T15:01:33.022+0600] {processor.py:208} INFO - Processing /home/shamim/airflow_venv/lib/python3.12/site-packages/airflow/example_dags/plugins/event_listener.py took 0.081 seconds
[2025-03-10T15:02:20.475+0600] {processor.py:186} INFO - Started process (PID=36844) to work on /home/shamim/airflow_venv/lib/python3.12/site-packages/airflow/example_dags/plugins/event_listener.py
[2025-03-10T15:02:20.482+0600] {processor.py:914} INFO - Processing file /home/shamim/airflow_venv/lib/python3.12/site-packages/airflow/example_dags/plugins/event_listener.py for tasks to queue
[2025-03-10T15:02:20.484+0600] {logging_mixin.py:190} INFO - [2025-03-10T15:02:20.484+0600] {dagbag.py:588} INFO - Filling up the DagBag from /home/shamim/airflow_venv/lib/python3.12/site-packages/airflow/example_dags/plugins/event_listener.py
[2025-03-10T15:02:20.487+0600] {processor.py:927} WARNING - No viable dags retrieved from /home/shamim/airflow_venv/lib/python3.12/site-packages/airflow/example_dags/plugins/event_listener.py
[2025-03-10T15:02:20.501+0600] {processor.py:208} INFO - Processing /home/shamim/airflow_venv/lib/python3.12/site-packages/airflow/example_dags/plugins/event_listener.py took 0.033 seconds
[2025-03-10T15:03:05.121+0600] {processor.py:186} INFO - Started process (PID=37211) to work on /home/shamim/airflow_venv/lib/python3.12/site-packages/airflow/example_dags/plugins/event_listener.py
[2025-03-10T15:03:05.125+0600] {processor.py:914} INFO - Processing file /home/shamim/airflow_venv/lib/python3.12/site-packages/airflow/example_dags/plugins/event_listener.py for tasks to queue
[2025-03-10T15:03:05.129+0600] {logging_mixin.py:190} INFO - [2025-03-10T15:03:05.128+0600] {dagbag.py:588} INFO - Filling up the DagBag from /home/shamim/airflow_venv/lib/python3.12/site-packages/airflow/example_dags/plugins/event_listener.py
[2025-03-10T15:03:05.132+0600] {processor.py:927} WARNING - No viable dags retrieved from /home/shamim/airflow_venv/lib/python3.12/site-packages/airflow/example_dags/plugins/event_listener.py
[2025-03-10T15:03:05.146+0600] {processor.py:208} INFO - Processing /home/shamim/airflow_venv/lib/python3.12/site-packages/airflow/example_dags/plugins/event_listener.py took 0.035 seconds
[2025-03-10T15:04:23.402+0600] {processor.py:186} INFO - Started process (PID=37679) to work on /home/shamim/airflow_venv/lib/python3.12/site-packages/airflow/example_dags/plugins/event_listener.py
[2025-03-10T15:04:23.405+0600] {processor.py:914} INFO - Processing file /home/shamim/airflow_venv/lib/python3.12/site-packages/airflow/example_dags/plugins/event_listener.py for tasks to queue
[2025-03-10T15:04:23.407+0600] {logging_mixin.py:190} INFO - [2025-03-10T15:04:23.407+0600] {dagbag.py:588} INFO - Filling up the DagBag from /home/shamim/airflow_venv/lib/python3.12/site-packages/airflow/example_dags/plugins/event_listener.py
[2025-03-10T15:04:23.411+0600] {processor.py:927} WARNING - No viable dags retrieved from /home/shamim/airflow_venv/lib/python3.12/site-packages/airflow/example_dags/plugins/event_listener.py
[2025-03-10T15:04:23.424+0600] {processor.py:208} INFO - Processing /home/shamim/airflow_venv/lib/python3.12/site-packages/airflow/example_dags/plugins/event_listener.py took 0.029 seconds
[2025-03-10T15:05:44.084+0600] {processor.py:186} INFO - Started process (PID=38154) to work on /home/shamim/airflow_venv/lib/python3.12/site-packages/airflow/example_dags/plugins/event_listener.py
[2025-03-10T15:05:44.088+0600] {processor.py:914} INFO - Processing file /home/shamim/airflow_venv/lib/python3.12/site-packages/airflow/example_dags/plugins/event_listener.py for tasks to queue
[2025-03-10T15:05:44.090+0600] {logging_mixin.py:190} INFO - [2025-03-10T15:05:44.090+0600] {dagbag.py:588} INFO - Filling up the DagBag from /home/shamim/airflow_venv/lib/python3.12/site-packages/airflow/example_dags/plugins/event_listener.py
[2025-03-10T15:05:44.093+0600] {processor.py:927} WARNING - No viable dags retrieved from /home/shamim/airflow_venv/lib/python3.12/site-packages/airflow/example_dags/plugins/event_listener.py
[2025-03-10T15:05:44.107+0600] {processor.py:208} INFO - Processing /home/shamim/airflow_venv/lib/python3.12/site-packages/airflow/example_dags/plugins/event_listener.py took 0.031 seconds
[2025-03-10T15:07:01.128+0600] {processor.py:186} INFO - Started process (PID=38635) to work on /home/shamim/airflow_venv/lib/python3.12/site-packages/airflow/example_dags/plugins/event_listener.py
[2025-03-10T15:07:01.135+0600] {processor.py:914} INFO - Processing file /home/shamim/airflow_venv/lib/python3.12/site-packages/airflow/example_dags/plugins/event_listener.py for tasks to queue
[2025-03-10T15:07:01.137+0600] {logging_mixin.py:190} INFO - [2025-03-10T15:07:01.137+0600] {dagbag.py:588} INFO - Filling up the DagBag from /home/shamim/airflow_venv/lib/python3.12/site-packages/airflow/example_dags/plugins/event_listener.py
[2025-03-10T15:07:01.140+0600] {processor.py:927} WARNING - No viable dags retrieved from /home/shamim/airflow_venv/lib/python3.12/site-packages/airflow/example_dags/plugins/event_listener.py
[2025-03-10T15:07:01.153+0600] {processor.py:208} INFO - Processing /home/shamim/airflow_venv/lib/python3.12/site-packages/airflow/example_dags/plugins/event_listener.py took 0.032 seconds
[2025-03-10T15:08:29.856+0600] {processor.py:186} INFO - Started process (PID=39154) to work on /home/shamim/airflow_venv/lib/python3.12/site-packages/airflow/example_dags/plugins/event_listener.py
[2025-03-10T15:08:29.861+0600] {processor.py:914} INFO - Processing file /home/shamim/airflow_venv/lib/python3.12/site-packages/airflow/example_dags/plugins/event_listener.py for tasks to queue
[2025-03-10T15:08:29.863+0600] {logging_mixin.py:190} INFO - [2025-03-10T15:08:29.863+0600] {dagbag.py:588} INFO - Filling up the DagBag from /home/shamim/airflow_venv/lib/python3.12/site-packages/airflow/example_dags/plugins/event_listener.py
[2025-03-10T15:08:29.867+0600] {processor.py:927} WARNING - No viable dags retrieved from /home/shamim/airflow_venv/lib/python3.12/site-packages/airflow/example_dags/plugins/event_listener.py
[2025-03-10T15:08:29.880+0600] {processor.py:208} INFO - Processing /home/shamim/airflow_venv/lib/python3.12/site-packages/airflow/example_dags/plugins/event_listener.py took 0.030 seconds
[2025-03-10T15:09:14.324+0600] {processor.py:186} INFO - Started process (PID=39411) to work on /home/shamim/airflow_venv/lib/python3.12/site-packages/airflow/example_dags/plugins/event_listener.py
[2025-03-10T15:09:14.331+0600] {processor.py:914} INFO - Processing file /home/shamim/airflow_venv/lib/python3.12/site-packages/airflow/example_dags/plugins/event_listener.py for tasks to queue
[2025-03-10T15:09:14.333+0600] {logging_mixin.py:190} INFO - [2025-03-10T15:09:14.333+0600] {dagbag.py:588} INFO - Filling up the DagBag from /home/shamim/airflow_venv/lib/python3.12/site-packages/airflow/example_dags/plugins/event_listener.py
[2025-03-10T15:09:14.336+0600] {processor.py:927} WARNING - No viable dags retrieved from /home/shamim/airflow_venv/lib/python3.12/site-packages/airflow/example_dags/plugins/event_listener.py
[2025-03-10T15:09:14.350+0600] {processor.py:208} INFO - Processing /home/shamim/airflow_venv/lib/python3.12/site-packages/airflow/example_dags/plugins/event_listener.py took 0.034 seconds
[2025-03-10T15:10:34.838+0600] {processor.py:186} INFO - Started process (PID=39870) to work on /home/shamim/airflow_venv/lib/python3.12/site-packages/airflow/example_dags/plugins/event_listener.py
[2025-03-10T15:10:34.844+0600] {processor.py:914} INFO - Processing file /home/shamim/airflow_venv/lib/python3.12/site-packages/airflow/example_dags/plugins/event_listener.py for tasks to queue
[2025-03-10T15:10:34.847+0600] {logging_mixin.py:190} INFO - [2025-03-10T15:10:34.846+0600] {dagbag.py:588} INFO - Filling up the DagBag from /home/shamim/airflow_venv/lib/python3.12/site-packages/airflow/example_dags/plugins/event_listener.py
[2025-03-10T15:10:34.849+0600] {processor.py:927} WARNING - No viable dags retrieved from /home/shamim/airflow_venv/lib/python3.12/site-packages/airflow/example_dags/plugins/event_listener.py
[2025-03-10T15:10:34.863+0600] {processor.py:208} INFO - Processing /home/shamim/airflow_venv/lib/python3.12/site-packages/airflow/example_dags/plugins/event_listener.py took 0.032 seconds
[2025-03-10T15:11:58.159+0600] {processor.py:186} INFO - Started process (PID=40456) to work on /home/shamim/airflow_venv/lib/python3.12/site-packages/airflow/example_dags/plugins/event_listener.py
[2025-03-10T15:11:58.161+0600] {processor.py:914} INFO - Processing file /home/shamim/airflow_venv/lib/python3.12/site-packages/airflow/example_dags/plugins/event_listener.py for tasks to queue
[2025-03-10T15:11:58.164+0600] {logging_mixin.py:190} INFO - [2025-03-10T15:11:58.163+0600] {dagbag.py:588} INFO - Filling up the DagBag from /home/shamim/airflow_venv/lib/python3.12/site-packages/airflow/example_dags/plugins/event_listener.py
[2025-03-10T15:11:58.168+0600] {processor.py:927} WARNING - No viable dags retrieved from /home/shamim/airflow_venv/lib/python3.12/site-packages/airflow/example_dags/plugins/event_listener.py
[2025-03-10T15:11:58.185+0600] {processor.py:208} INFO - Processing /home/shamim/airflow_venv/lib/python3.12/site-packages/airflow/example_dags/plugins/event_listener.py took 0.034 seconds
[2025-03-10T15:12:43.456+0600] {processor.py:186} INFO - Started process (PID=40743) to work on /home/shamim/airflow_venv/lib/python3.12/site-packages/airflow/example_dags/plugins/event_listener.py
[2025-03-10T15:12:43.460+0600] {processor.py:914} INFO - Processing file /home/shamim/airflow_venv/lib/python3.12/site-packages/airflow/example_dags/plugins/event_listener.py for tasks to queue
[2025-03-10T15:12:43.466+0600] {logging_mixin.py:190} INFO - [2025-03-10T15:12:43.465+0600] {dagbag.py:588} INFO - Filling up the DagBag from /home/shamim/airflow_venv/lib/python3.12/site-packages/airflow/example_dags/plugins/event_listener.py
[2025-03-10T15:12:43.471+0600] {processor.py:927} WARNING - No viable dags retrieved from /home/shamim/airflow_venv/lib/python3.12/site-packages/airflow/example_dags/plugins/event_listener.py
[2025-03-10T15:12:43.485+0600] {processor.py:208} INFO - Processing /home/shamim/airflow_venv/lib/python3.12/site-packages/airflow/example_dags/plugins/event_listener.py took 0.036 seconds
[2025-03-10T15:13:27.576+0600] {processor.py:186} INFO - Started process (PID=41033) to work on /home/shamim/airflow_venv/lib/python3.12/site-packages/airflow/example_dags/plugins/event_listener.py
[2025-03-10T15:13:27.577+0600] {processor.py:914} INFO - Processing file /home/shamim/airflow_venv/lib/python3.12/site-packages/airflow/example_dags/plugins/event_listener.py for tasks to queue
[2025-03-10T15:13:27.580+0600] {logging_mixin.py:190} INFO - [2025-03-10T15:13:27.579+0600] {dagbag.py:588} INFO - Filling up the DagBag from /home/shamim/airflow_venv/lib/python3.12/site-packages/airflow/example_dags/plugins/event_listener.py
[2025-03-10T15:13:27.583+0600] {processor.py:927} WARNING - No viable dags retrieved from /home/shamim/airflow_venv/lib/python3.12/site-packages/airflow/example_dags/plugins/event_listener.py
[2025-03-10T15:13:27.596+0600] {processor.py:208} INFO - Processing /home/shamim/airflow_venv/lib/python3.12/site-packages/airflow/example_dags/plugins/event_listener.py took 0.028 seconds
[2025-03-10T15:14:54.212+0600] {processor.py:186} INFO - Started process (PID=41623) to work on /home/shamim/airflow_venv/lib/python3.12/site-packages/airflow/example_dags/plugins/event_listener.py
[2025-03-10T15:14:54.218+0600] {processor.py:914} INFO - Processing file /home/shamim/airflow_venv/lib/python3.12/site-packages/airflow/example_dags/plugins/event_listener.py for tasks to queue
[2025-03-10T15:14:54.221+0600] {logging_mixin.py:190} INFO - [2025-03-10T15:14:54.221+0600] {dagbag.py:588} INFO - Filling up the DagBag from /home/shamim/airflow_venv/lib/python3.12/site-packages/airflow/example_dags/plugins/event_listener.py
[2025-03-10T15:14:54.225+0600] {processor.py:927} WARNING - No viable dags retrieved from /home/shamim/airflow_venv/lib/python3.12/site-packages/airflow/example_dags/plugins/event_listener.py
[2025-03-10T15:14:54.241+0600] {processor.py:208} INFO - Processing /home/shamim/airflow_venv/lib/python3.12/site-packages/airflow/example_dags/plugins/event_listener.py took 0.046 seconds
[2025-03-10T15:15:40.318+0600] {processor.py:186} INFO - Started process (PID=41909) to work on /home/shamim/airflow_venv/lib/python3.12/site-packages/airflow/example_dags/plugins/event_listener.py
[2025-03-10T15:15:40.321+0600] {processor.py:914} INFO - Processing file /home/shamim/airflow_venv/lib/python3.12/site-packages/airflow/example_dags/plugins/event_listener.py for tasks to queue
[2025-03-10T15:15:40.329+0600] {logging_mixin.py:190} INFO - [2025-03-10T15:15:40.328+0600] {dagbag.py:588} INFO - Filling up the DagBag from /home/shamim/airflow_venv/lib/python3.12/site-packages/airflow/example_dags/plugins/event_listener.py
[2025-03-10T15:15:40.335+0600] {processor.py:927} WARNING - No viable dags retrieved from /home/shamim/airflow_venv/lib/python3.12/site-packages/airflow/example_dags/plugins/event_listener.py
[2025-03-10T15:15:40.361+0600] {processor.py:208} INFO - Processing /home/shamim/airflow_venv/lib/python3.12/site-packages/airflow/example_dags/plugins/event_listener.py took 0.056 seconds
