[2025-03-09T23:15:00.743+0600] {processor.py:186} INFO - Started process (PID=21231) to work on /home/shamim/airflow_venv/lib/python3.12/site-packages/airflow/example_dags/example_nested_branch_dag.py
[2025-03-09T23:15:00.744+0600] {processor.py:914} INFO - Processing file /home/shamim/airflow_venv/lib/python3.12/site-packages/airflow/example_dags/example_nested_branch_dag.py for tasks to queue
[2025-03-09T23:15:00.747+0600] {logging_mixin.py:190} INFO - [2025-03-09T23:15:00.746+0600] {dagbag.py:588} INFO - Filling up the DagBag from /home/shamim/airflow_venv/lib/python3.12/site-packages/airflow/example_dags/example_nested_branch_dag.py
[2025-03-09T23:15:00.761+0600] {processor.py:925} INFO - DAG(s) 'example_nested_branch_dag' retrieved from /home/shamim/airflow_venv/lib/python3.12/site-packages/airflow/example_dags/example_nested_branch_dag.py
[2025-03-09T23:15:00.785+0600] {logging_mixin.py:190} INFO - [2025-03-09T23:15:00.785+0600] {dag.py:3239} INFO - Sync 1 DAGs
[2025-03-09T23:15:00.810+0600] {logging_mixin.py:190} INFO - [2025-03-09T23:15:00.810+0600] {dag.py:4180} INFO - Setting next_dagrun for example_nested_branch_dag to 2025-03-08 00:00:00+00:00, run_after=2025-03-09 00:00:00+00:00
[2025-03-09T23:15:00.838+0600] {processor.py:208} INFO - Processing /home/shamim/airflow_venv/lib/python3.12/site-packages/airflow/example_dags/example_nested_branch_dag.py took 0.101 seconds
[2025-03-09T23:17:08.081+0600] {processor.py:186} INFO - Started process (PID=22239) to work on /home/shamim/airflow_venv/lib/python3.12/site-packages/airflow/example_dags/example_nested_branch_dag.py
[2025-03-09T23:17:08.088+0600] {processor.py:914} INFO - Processing file /home/shamim/airflow_venv/lib/python3.12/site-packages/airflow/example_dags/example_nested_branch_dag.py for tasks to queue
[2025-03-09T23:17:08.096+0600] {logging_mixin.py:190} INFO - [2025-03-09T23:17:08.095+0600] {dagbag.py:588} INFO - Filling up the DagBag from /home/shamim/airflow_venv/lib/python3.12/site-packages/airflow/example_dags/example_nested_branch_dag.py
[2025-03-09T23:17:08.125+0600] {processor.py:925} INFO - DAG(s) 'example_nested_branch_dag' retrieved from /home/shamim/airflow_venv/lib/python3.12/site-packages/airflow/example_dags/example_nested_branch_dag.py
[2025-03-09T23:17:08.152+0600] {logging_mixin.py:190} INFO - [2025-03-09T23:17:08.152+0600] {dag.py:3239} INFO - Sync 1 DAGs
[2025-03-09T23:17:08.183+0600] {logging_mixin.py:190} INFO - [2025-03-09T23:17:08.183+0600] {dag.py:4180} INFO - Setting next_dagrun for example_nested_branch_dag to 2025-03-08 00:00:00+00:00, run_after=2025-03-09 00:00:00+00:00
[2025-03-09T23:17:08.209+0600] {processor.py:208} INFO - Processing /home/shamim/airflow_venv/lib/python3.12/site-packages/airflow/example_dags/example_nested_branch_dag.py took 0.159 seconds
[2025-03-09T23:18:35.923+0600] {processor.py:186} INFO - Started process (PID=22832) to work on /home/shamim/airflow_venv/lib/python3.12/site-packages/airflow/example_dags/example_nested_branch_dag.py
[2025-03-09T23:18:35.929+0600] {processor.py:914} INFO - Processing file /home/shamim/airflow_venv/lib/python3.12/site-packages/airflow/example_dags/example_nested_branch_dag.py for tasks to queue
[2025-03-09T23:18:35.932+0600] {logging_mixin.py:190} INFO - [2025-03-09T23:18:35.932+0600] {dagbag.py:588} INFO - Filling up the DagBag from /home/shamim/airflow_venv/lib/python3.12/site-packages/airflow/example_dags/example_nested_branch_dag.py
[2025-03-09T23:18:35.948+0600] {processor.py:925} INFO - DAG(s) 'example_nested_branch_dag' retrieved from /home/shamim/airflow_venv/lib/python3.12/site-packages/airflow/example_dags/example_nested_branch_dag.py
[2025-03-09T23:18:35.974+0600] {logging_mixin.py:190} INFO - [2025-03-09T23:18:35.974+0600] {dag.py:3239} INFO - Sync 1 DAGs
[2025-03-09T23:18:36.004+0600] {logging_mixin.py:190} INFO - [2025-03-09T23:18:36.004+0600] {dag.py:4180} INFO - Setting next_dagrun for example_nested_branch_dag to 2025-03-08 00:00:00+00:00, run_after=2025-03-09 00:00:00+00:00
[2025-03-09T23:18:36.043+0600] {processor.py:208} INFO - Processing /home/shamim/airflow_venv/lib/python3.12/site-packages/airflow/example_dags/example_nested_branch_dag.py took 0.130 seconds
[2025-03-09T23:20:26.825+0600] {processor.py:186} INFO - Started process (PID=23808) to work on /home/shamim/airflow_venv/lib/python3.12/site-packages/airflow/example_dags/example_nested_branch_dag.py
[2025-03-09T23:20:26.832+0600] {processor.py:914} INFO - Processing file /home/shamim/airflow_venv/lib/python3.12/site-packages/airflow/example_dags/example_nested_branch_dag.py for tasks to queue
[2025-03-09T23:20:26.836+0600] {logging_mixin.py:190} INFO - [2025-03-09T23:20:26.835+0600] {dagbag.py:588} INFO - Filling up the DagBag from /home/shamim/airflow_venv/lib/python3.12/site-packages/airflow/example_dags/example_nested_branch_dag.py
[2025-03-09T23:20:26.855+0600] {processor.py:925} INFO - DAG(s) 'example_nested_branch_dag' retrieved from /home/shamim/airflow_venv/lib/python3.12/site-packages/airflow/example_dags/example_nested_branch_dag.py
[2025-03-09T23:20:26.886+0600] {logging_mixin.py:190} INFO - [2025-03-09T23:20:26.885+0600] {dag.py:3239} INFO - Sync 1 DAGs
[2025-03-09T23:20:26.926+0600] {logging_mixin.py:190} INFO - [2025-03-09T23:20:26.926+0600] {dag.py:4180} INFO - Setting next_dagrun for example_nested_branch_dag to 2025-03-08 00:00:00+00:00, run_after=2025-03-09 00:00:00+00:00
[2025-03-09T23:20:26.956+0600] {processor.py:208} INFO - Processing /home/shamim/airflow_venv/lib/python3.12/site-packages/airflow/example_dags/example_nested_branch_dag.py took 0.146 seconds
[2025-03-09T23:21:56.174+0600] {processor.py:186} INFO - Started process (PID=24379) to work on /home/shamim/airflow_venv/lib/python3.12/site-packages/airflow/example_dags/example_nested_branch_dag.py
[2025-03-09T23:21:56.180+0600] {processor.py:914} INFO - Processing file /home/shamim/airflow_venv/lib/python3.12/site-packages/airflow/example_dags/example_nested_branch_dag.py for tasks to queue
[2025-03-09T23:21:56.183+0600] {logging_mixin.py:190} INFO - [2025-03-09T23:21:56.183+0600] {dagbag.py:588} INFO - Filling up the DagBag from /home/shamim/airflow_venv/lib/python3.12/site-packages/airflow/example_dags/example_nested_branch_dag.py
[2025-03-09T23:21:56.202+0600] {processor.py:925} INFO - DAG(s) 'example_nested_branch_dag' retrieved from /home/shamim/airflow_venv/lib/python3.12/site-packages/airflow/example_dags/example_nested_branch_dag.py
[2025-03-09T23:21:56.229+0600] {logging_mixin.py:190} INFO - [2025-03-09T23:21:56.228+0600] {dag.py:3239} INFO - Sync 1 DAGs
[2025-03-09T23:21:56.257+0600] {logging_mixin.py:190} INFO - [2025-03-09T23:21:56.257+0600] {dag.py:4180} INFO - Setting next_dagrun for example_nested_branch_dag to 2025-03-08 00:00:00+00:00, run_after=2025-03-09 00:00:00+00:00
[2025-03-09T23:21:56.283+0600] {processor.py:208} INFO - Processing /home/shamim/airflow_venv/lib/python3.12/site-packages/airflow/example_dags/example_nested_branch_dag.py took 0.118 seconds
[2025-03-09T23:23:23.276+0600] {processor.py:186} INFO - Started process (PID=24972) to work on /home/shamim/airflow_venv/lib/python3.12/site-packages/airflow/example_dags/example_nested_branch_dag.py
[2025-03-09T23:23:23.282+0600] {processor.py:914} INFO - Processing file /home/shamim/airflow_venv/lib/python3.12/site-packages/airflow/example_dags/example_nested_branch_dag.py for tasks to queue
[2025-03-09T23:23:23.286+0600] {logging_mixin.py:190} INFO - [2025-03-09T23:23:23.285+0600] {dagbag.py:588} INFO - Filling up the DagBag from /home/shamim/airflow_venv/lib/python3.12/site-packages/airflow/example_dags/example_nested_branch_dag.py
[2025-03-09T23:23:23.304+0600] {processor.py:925} INFO - DAG(s) 'example_nested_branch_dag' retrieved from /home/shamim/airflow_venv/lib/python3.12/site-packages/airflow/example_dags/example_nested_branch_dag.py
[2025-03-09T23:23:23.326+0600] {logging_mixin.py:190} INFO - [2025-03-09T23:23:23.326+0600] {dag.py:3239} INFO - Sync 1 DAGs
[2025-03-09T23:23:23.360+0600] {logging_mixin.py:190} INFO - [2025-03-09T23:23:23.359+0600] {dag.py:4180} INFO - Setting next_dagrun for example_nested_branch_dag to 2025-03-08 00:00:00+00:00, run_after=2025-03-09 00:00:00+00:00
[2025-03-09T23:23:23.388+0600] {processor.py:208} INFO - Processing /home/shamim/airflow_venv/lib/python3.12/site-packages/airflow/example_dags/example_nested_branch_dag.py took 0.120 seconds
[2025-03-09T23:24:46.977+0600] {processor.py:186} INFO - Started process (PID=25531) to work on /home/shamim/airflow_venv/lib/python3.12/site-packages/airflow/example_dags/example_nested_branch_dag.py
[2025-03-09T23:24:46.983+0600] {processor.py:914} INFO - Processing file /home/shamim/airflow_venv/lib/python3.12/site-packages/airflow/example_dags/example_nested_branch_dag.py for tasks to queue
[2025-03-09T23:24:46.986+0600] {logging_mixin.py:190} INFO - [2025-03-09T23:24:46.985+0600] {dagbag.py:588} INFO - Filling up the DagBag from /home/shamim/airflow_venv/lib/python3.12/site-packages/airflow/example_dags/example_nested_branch_dag.py
[2025-03-09T23:24:47.004+0600] {processor.py:925} INFO - DAG(s) 'example_nested_branch_dag' retrieved from /home/shamim/airflow_venv/lib/python3.12/site-packages/airflow/example_dags/example_nested_branch_dag.py
[2025-03-09T23:24:47.028+0600] {logging_mixin.py:190} INFO - [2025-03-09T23:24:47.028+0600] {dag.py:3239} INFO - Sync 1 DAGs
[2025-03-09T23:24:47.057+0600] {logging_mixin.py:190} INFO - [2025-03-09T23:24:47.057+0600] {dag.py:4180} INFO - Setting next_dagrun for example_nested_branch_dag to 2025-03-08 00:00:00+00:00, run_after=2025-03-09 00:00:00+00:00
[2025-03-09T23:24:47.096+0600] {processor.py:208} INFO - Processing /home/shamim/airflow_venv/lib/python3.12/site-packages/airflow/example_dags/example_nested_branch_dag.py took 0.126 seconds
[2025-03-09T23:26:15.066+0600] {processor.py:186} INFO - Started process (PID=26110) to work on /home/shamim/airflow_venv/lib/python3.12/site-packages/airflow/example_dags/example_nested_branch_dag.py
[2025-03-09T23:26:15.070+0600] {processor.py:914} INFO - Processing file /home/shamim/airflow_venv/lib/python3.12/site-packages/airflow/example_dags/example_nested_branch_dag.py for tasks to queue
[2025-03-09T23:26:15.076+0600] {logging_mixin.py:190} INFO - [2025-03-09T23:26:15.075+0600] {dagbag.py:588} INFO - Filling up the DagBag from /home/shamim/airflow_venv/lib/python3.12/site-packages/airflow/example_dags/example_nested_branch_dag.py
[2025-03-09T23:26:15.113+0600] {processor.py:925} INFO - DAG(s) 'example_nested_branch_dag' retrieved from /home/shamim/airflow_venv/lib/python3.12/site-packages/airflow/example_dags/example_nested_branch_dag.py
[2025-03-09T23:26:15.137+0600] {logging_mixin.py:190} INFO - [2025-03-09T23:26:15.137+0600] {dag.py:3239} INFO - Sync 1 DAGs
[2025-03-09T23:26:15.165+0600] {logging_mixin.py:190} INFO - [2025-03-09T23:26:15.164+0600] {dag.py:4180} INFO - Setting next_dagrun for example_nested_branch_dag to 2025-03-08 00:00:00+00:00, run_after=2025-03-09 00:00:00+00:00
[2025-03-09T23:26:15.191+0600] {processor.py:208} INFO - Processing /home/shamim/airflow_venv/lib/python3.12/site-packages/airflow/example_dags/example_nested_branch_dag.py took 0.146 seconds
[2025-03-09T23:27:47.802+0600] {processor.py:186} INFO - Started process (PID=26708) to work on /home/shamim/airflow_venv/lib/python3.12/site-packages/airflow/example_dags/example_nested_branch_dag.py
[2025-03-09T23:27:47.808+0600] {processor.py:914} INFO - Processing file /home/shamim/airflow_venv/lib/python3.12/site-packages/airflow/example_dags/example_nested_branch_dag.py for tasks to queue
[2025-03-09T23:27:47.811+0600] {logging_mixin.py:190} INFO - [2025-03-09T23:27:47.810+0600] {dagbag.py:588} INFO - Filling up the DagBag from /home/shamim/airflow_venv/lib/python3.12/site-packages/airflow/example_dags/example_nested_branch_dag.py
[2025-03-09T23:27:47.827+0600] {processor.py:925} INFO - DAG(s) 'example_nested_branch_dag' retrieved from /home/shamim/airflow_venv/lib/python3.12/site-packages/airflow/example_dags/example_nested_branch_dag.py
[2025-03-09T23:27:47.852+0600] {logging_mixin.py:190} INFO - [2025-03-09T23:27:47.852+0600] {dag.py:3239} INFO - Sync 1 DAGs
[2025-03-09T23:27:47.880+0600] {logging_mixin.py:190} INFO - [2025-03-09T23:27:47.880+0600] {dag.py:4180} INFO - Setting next_dagrun for example_nested_branch_dag to 2025-03-08 00:00:00+00:00, run_after=2025-03-09 00:00:00+00:00
[2025-03-09T23:27:47.916+0600] {processor.py:208} INFO - Processing /home/shamim/airflow_venv/lib/python3.12/site-packages/airflow/example_dags/example_nested_branch_dag.py took 0.121 seconds
[2025-03-09T23:29:21.199+0600] {processor.py:186} INFO - Started process (PID=27283) to work on /home/shamim/airflow_venv/lib/python3.12/site-packages/airflow/example_dags/example_nested_branch_dag.py
[2025-03-09T23:29:21.206+0600] {processor.py:914} INFO - Processing file /home/shamim/airflow_venv/lib/python3.12/site-packages/airflow/example_dags/example_nested_branch_dag.py for tasks to queue
[2025-03-09T23:29:21.210+0600] {logging_mixin.py:190} INFO - [2025-03-09T23:29:21.209+0600] {dagbag.py:588} INFO - Filling up the DagBag from /home/shamim/airflow_venv/lib/python3.12/site-packages/airflow/example_dags/example_nested_branch_dag.py
[2025-03-09T23:29:21.229+0600] {processor.py:925} INFO - DAG(s) 'example_nested_branch_dag' retrieved from /home/shamim/airflow_venv/lib/python3.12/site-packages/airflow/example_dags/example_nested_branch_dag.py
[2025-03-09T23:29:21.250+0600] {logging_mixin.py:190} INFO - [2025-03-09T23:29:21.249+0600] {dag.py:3239} INFO - Sync 1 DAGs
[2025-03-09T23:29:21.275+0600] {logging_mixin.py:190} INFO - [2025-03-09T23:29:21.275+0600] {dag.py:4180} INFO - Setting next_dagrun for example_nested_branch_dag to 2025-03-08 00:00:00+00:00, run_after=2025-03-09 00:00:00+00:00
[2025-03-09T23:29:21.310+0600] {processor.py:208} INFO - Processing /home/shamim/airflow_venv/lib/python3.12/site-packages/airflow/example_dags/example_nested_branch_dag.py took 0.121 seconds
[2025-03-09T23:31:05.147+0600] {processor.py:186} INFO - Started process (PID=28199) to work on /home/shamim/airflow_venv/lib/python3.12/site-packages/airflow/example_dags/example_nested_branch_dag.py
[2025-03-09T23:31:05.153+0600] {processor.py:914} INFO - Processing file /home/shamim/airflow_venv/lib/python3.12/site-packages/airflow/example_dags/example_nested_branch_dag.py for tasks to queue
[2025-03-09T23:31:05.156+0600] {logging_mixin.py:190} INFO - [2025-03-09T23:31:05.156+0600] {dagbag.py:588} INFO - Filling up the DagBag from /home/shamim/airflow_venv/lib/python3.12/site-packages/airflow/example_dags/example_nested_branch_dag.py
[2025-03-09T23:31:05.172+0600] {processor.py:925} INFO - DAG(s) 'example_nested_branch_dag' retrieved from /home/shamim/airflow_venv/lib/python3.12/site-packages/airflow/example_dags/example_nested_branch_dag.py
[2025-03-09T23:31:05.196+0600] {logging_mixin.py:190} INFO - [2025-03-09T23:31:05.195+0600] {dag.py:3239} INFO - Sync 1 DAGs
[2025-03-09T23:31:05.222+0600] {logging_mixin.py:190} INFO - [2025-03-09T23:31:05.222+0600] {dag.py:4180} INFO - Setting next_dagrun for example_nested_branch_dag to 2025-03-08 00:00:00+00:00, run_after=2025-03-09 00:00:00+00:00
[2025-03-09T23:31:05.248+0600] {processor.py:208} INFO - Processing /home/shamim/airflow_venv/lib/python3.12/site-packages/airflow/example_dags/example_nested_branch_dag.py took 0.109 seconds
[2025-03-09T23:32:41.522+0600] {processor.py:186} INFO - Started process (PID=28703) to work on /home/shamim/airflow_venv/lib/python3.12/site-packages/airflow/example_dags/example_nested_branch_dag.py
[2025-03-09T23:32:41.528+0600] {processor.py:914} INFO - Processing file /home/shamim/airflow_venv/lib/python3.12/site-packages/airflow/example_dags/example_nested_branch_dag.py for tasks to queue
[2025-03-09T23:32:41.531+0600] {logging_mixin.py:190} INFO - [2025-03-09T23:32:41.530+0600] {dagbag.py:588} INFO - Filling up the DagBag from /home/shamim/airflow_venv/lib/python3.12/site-packages/airflow/example_dags/example_nested_branch_dag.py
[2025-03-09T23:32:41.547+0600] {processor.py:925} INFO - DAG(s) 'example_nested_branch_dag' retrieved from /home/shamim/airflow_venv/lib/python3.12/site-packages/airflow/example_dags/example_nested_branch_dag.py
[2025-03-09T23:32:41.572+0600] {logging_mixin.py:190} INFO - [2025-03-09T23:32:41.571+0600] {dag.py:3239} INFO - Sync 1 DAGs
[2025-03-09T23:32:41.603+0600] {logging_mixin.py:190} INFO - [2025-03-09T23:32:41.602+0600] {dag.py:4180} INFO - Setting next_dagrun for example_nested_branch_dag to 2025-03-08 00:00:00+00:00, run_after=2025-03-09 00:00:00+00:00
[2025-03-09T23:32:41.631+0600] {processor.py:208} INFO - Processing /home/shamim/airflow_venv/lib/python3.12/site-packages/airflow/example_dags/example_nested_branch_dag.py took 0.117 seconds
[2025-03-09T23:34:24.762+0600] {processor.py:186} INFO - Started process (PID=29392) to work on /home/shamim/airflow_venv/lib/python3.12/site-packages/airflow/example_dags/example_nested_branch_dag.py
[2025-03-09T23:34:24.767+0600] {processor.py:914} INFO - Processing file /home/shamim/airflow_venv/lib/python3.12/site-packages/airflow/example_dags/example_nested_branch_dag.py for tasks to queue
[2025-03-09T23:34:24.770+0600] {logging_mixin.py:190} INFO - [2025-03-09T23:34:24.769+0600] {dagbag.py:588} INFO - Filling up the DagBag from /home/shamim/airflow_venv/lib/python3.12/site-packages/airflow/example_dags/example_nested_branch_dag.py
[2025-03-09T23:34:24.784+0600] {processor.py:925} INFO - DAG(s) 'example_nested_branch_dag' retrieved from /home/shamim/airflow_venv/lib/python3.12/site-packages/airflow/example_dags/example_nested_branch_dag.py
[2025-03-09T23:34:24.806+0600] {logging_mixin.py:190} INFO - [2025-03-09T23:34:24.806+0600] {dag.py:3239} INFO - Sync 1 DAGs
[2025-03-09T23:34:24.838+0600] {logging_mixin.py:190} INFO - [2025-03-09T23:34:24.838+0600] {dag.py:4180} INFO - Setting next_dagrun for example_nested_branch_dag to 2025-03-08 00:00:00+00:00, run_after=2025-03-09 00:00:00+00:00
[2025-03-09T23:34:24.865+0600] {processor.py:208} INFO - Processing /home/shamim/airflow_venv/lib/python3.12/site-packages/airflow/example_dags/example_nested_branch_dag.py took 0.110 seconds
[2025-03-09T23:35:57.187+0600] {processor.py:186} INFO - Started process (PID=29895) to work on /home/shamim/airflow_venv/lib/python3.12/site-packages/airflow/example_dags/example_nested_branch_dag.py
[2025-03-09T23:35:57.188+0600] {processor.py:914} INFO - Processing file /home/shamim/airflow_venv/lib/python3.12/site-packages/airflow/example_dags/example_nested_branch_dag.py for tasks to queue
[2025-03-09T23:35:57.190+0600] {logging_mixin.py:190} INFO - [2025-03-09T23:35:57.190+0600] {dagbag.py:588} INFO - Filling up the DagBag from /home/shamim/airflow_venv/lib/python3.12/site-packages/airflow/example_dags/example_nested_branch_dag.py
[2025-03-09T23:35:57.205+0600] {processor.py:925} INFO - DAG(s) 'example_nested_branch_dag' retrieved from /home/shamim/airflow_venv/lib/python3.12/site-packages/airflow/example_dags/example_nested_branch_dag.py
[2025-03-09T23:35:57.227+0600] {logging_mixin.py:190} INFO - [2025-03-09T23:35:57.226+0600] {dag.py:3239} INFO - Sync 1 DAGs
[2025-03-09T23:35:57.254+0600] {logging_mixin.py:190} INFO - [2025-03-09T23:35:57.254+0600] {dag.py:4180} INFO - Setting next_dagrun for example_nested_branch_dag to 2025-03-08 00:00:00+00:00, run_after=2025-03-09 00:00:00+00:00
[2025-03-09T23:35:57.286+0600] {processor.py:208} INFO - Processing /home/shamim/airflow_venv/lib/python3.12/site-packages/airflow/example_dags/example_nested_branch_dag.py took 0.106 seconds
[2025-03-09T23:37:21.897+0600] {processor.py:186} INFO - Started process (PID=30430) to work on /home/shamim/airflow_venv/lib/python3.12/site-packages/airflow/example_dags/example_nested_branch_dag.py
[2025-03-09T23:37:21.904+0600] {processor.py:914} INFO - Processing file /home/shamim/airflow_venv/lib/python3.12/site-packages/airflow/example_dags/example_nested_branch_dag.py for tasks to queue
[2025-03-09T23:37:21.906+0600] {logging_mixin.py:190} INFO - [2025-03-09T23:37:21.906+0600] {dagbag.py:588} INFO - Filling up the DagBag from /home/shamim/airflow_venv/lib/python3.12/site-packages/airflow/example_dags/example_nested_branch_dag.py
[2025-03-09T23:37:21.921+0600] {processor.py:925} INFO - DAG(s) 'example_nested_branch_dag' retrieved from /home/shamim/airflow_venv/lib/python3.12/site-packages/airflow/example_dags/example_nested_branch_dag.py
[2025-03-09T23:37:21.943+0600] {logging_mixin.py:190} INFO - [2025-03-09T23:37:21.942+0600] {dag.py:3239} INFO - Sync 1 DAGs
[2025-03-09T23:37:21.969+0600] {logging_mixin.py:190} INFO - [2025-03-09T23:37:21.969+0600] {dag.py:4180} INFO - Setting next_dagrun for example_nested_branch_dag to 2025-03-08 00:00:00+00:00, run_after=2025-03-09 00:00:00+00:00
[2025-03-09T23:37:22.002+0600] {processor.py:208} INFO - Processing /home/shamim/airflow_venv/lib/python3.12/site-packages/airflow/example_dags/example_nested_branch_dag.py took 0.112 seconds
[2025-03-09T23:38:45.921+0600] {processor.py:186} INFO - Started process (PID=31191) to work on /home/shamim/airflow_venv/lib/python3.12/site-packages/airflow/example_dags/example_nested_branch_dag.py
[2025-03-09T23:38:45.927+0600] {processor.py:914} INFO - Processing file /home/shamim/airflow_venv/lib/python3.12/site-packages/airflow/example_dags/example_nested_branch_dag.py for tasks to queue
[2025-03-09T23:38:45.930+0600] {logging_mixin.py:190} INFO - [2025-03-09T23:38:45.929+0600] {dagbag.py:588} INFO - Filling up the DagBag from /home/shamim/airflow_venv/lib/python3.12/site-packages/airflow/example_dags/example_nested_branch_dag.py
[2025-03-09T23:38:45.947+0600] {processor.py:925} INFO - DAG(s) 'example_nested_branch_dag' retrieved from /home/shamim/airflow_venv/lib/python3.12/site-packages/airflow/example_dags/example_nested_branch_dag.py
[2025-03-09T23:38:45.971+0600] {logging_mixin.py:190} INFO - [2025-03-09T23:38:45.970+0600] {dag.py:3239} INFO - Sync 1 DAGs
[2025-03-09T23:38:46.000+0600] {logging_mixin.py:190} INFO - [2025-03-09T23:38:46.000+0600] {dag.py:4180} INFO - Setting next_dagrun for example_nested_branch_dag to 2025-03-08 00:00:00+00:00, run_after=2025-03-09 00:00:00+00:00
[2025-03-09T23:38:46.037+0600] {processor.py:208} INFO - Processing /home/shamim/airflow_venv/lib/python3.12/site-packages/airflow/example_dags/example_nested_branch_dag.py took 0.125 seconds
[2025-03-09T23:40:50.906+0600] {processor.py:186} INFO - Started process (PID=32098) to work on /home/shamim/airflow_venv/lib/python3.12/site-packages/airflow/example_dags/example_nested_branch_dag.py
[2025-03-09T23:40:50.919+0600] {processor.py:914} INFO - Processing file /home/shamim/airflow_venv/lib/python3.12/site-packages/airflow/example_dags/example_nested_branch_dag.py for tasks to queue
[2025-03-09T23:40:50.922+0600] {logging_mixin.py:190} INFO - [2025-03-09T23:40:50.921+0600] {dagbag.py:588} INFO - Filling up the DagBag from /home/shamim/airflow_venv/lib/python3.12/site-packages/airflow/example_dags/example_nested_branch_dag.py
[2025-03-09T23:40:50.939+0600] {processor.py:925} INFO - DAG(s) 'example_nested_branch_dag' retrieved from /home/shamim/airflow_venv/lib/python3.12/site-packages/airflow/example_dags/example_nested_branch_dag.py
[2025-03-09T23:40:50.965+0600] {logging_mixin.py:190} INFO - [2025-03-09T23:40:50.964+0600] {dag.py:3239} INFO - Sync 1 DAGs
[2025-03-09T23:40:50.995+0600] {logging_mixin.py:190} INFO - [2025-03-09T23:40:50.995+0600] {dag.py:4180} INFO - Setting next_dagrun for example_nested_branch_dag to 2025-03-08 00:00:00+00:00, run_after=2025-03-09 00:00:00+00:00
[2025-03-09T23:40:51.024+0600] {processor.py:208} INFO - Processing /home/shamim/airflow_venv/lib/python3.12/site-packages/airflow/example_dags/example_nested_branch_dag.py took 0.126 seconds
[2025-03-09T23:42:31.024+0600] {processor.py:186} INFO - Started process (PID=32570) to work on /home/shamim/airflow_venv/lib/python3.12/site-packages/airflow/example_dags/example_nested_branch_dag.py
[2025-03-09T23:42:31.027+0600] {processor.py:914} INFO - Processing file /home/shamim/airflow_venv/lib/python3.12/site-packages/airflow/example_dags/example_nested_branch_dag.py for tasks to queue
[2025-03-09T23:42:31.030+0600] {logging_mixin.py:190} INFO - [2025-03-09T23:42:31.030+0600] {dagbag.py:588} INFO - Filling up the DagBag from /home/shamim/airflow_venv/lib/python3.12/site-packages/airflow/example_dags/example_nested_branch_dag.py
[2025-03-09T23:42:31.048+0600] {processor.py:925} INFO - DAG(s) 'example_nested_branch_dag' retrieved from /home/shamim/airflow_venv/lib/python3.12/site-packages/airflow/example_dags/example_nested_branch_dag.py
[2025-03-09T23:42:31.068+0600] {logging_mixin.py:190} INFO - [2025-03-09T23:42:31.068+0600] {dag.py:3239} INFO - Sync 1 DAGs
[2025-03-09T23:42:31.095+0600] {logging_mixin.py:190} INFO - [2025-03-09T23:42:31.094+0600] {dag.py:4180} INFO - Setting next_dagrun for example_nested_branch_dag to 2025-03-08 00:00:00+00:00, run_after=2025-03-09 00:00:00+00:00
[2025-03-09T23:42:31.119+0600] {processor.py:208} INFO - Processing /home/shamim/airflow_venv/lib/python3.12/site-packages/airflow/example_dags/example_nested_branch_dag.py took 0.101 seconds
[2025-03-09T23:43:59.212+0600] {processor.py:186} INFO - Started process (PID=33093) to work on /home/shamim/airflow_venv/lib/python3.12/site-packages/airflow/example_dags/example_nested_branch_dag.py
[2025-03-09T23:43:59.217+0600] {processor.py:914} INFO - Processing file /home/shamim/airflow_venv/lib/python3.12/site-packages/airflow/example_dags/example_nested_branch_dag.py for tasks to queue
[2025-03-09T23:43:59.220+0600] {logging_mixin.py:190} INFO - [2025-03-09T23:43:59.219+0600] {dagbag.py:588} INFO - Filling up the DagBag from /home/shamim/airflow_venv/lib/python3.12/site-packages/airflow/example_dags/example_nested_branch_dag.py
[2025-03-09T23:43:59.236+0600] {processor.py:925} INFO - DAG(s) 'example_nested_branch_dag' retrieved from /home/shamim/airflow_venv/lib/python3.12/site-packages/airflow/example_dags/example_nested_branch_dag.py
[2025-03-09T23:43:59.257+0600] {logging_mixin.py:190} INFO - [2025-03-09T23:43:59.256+0600] {dag.py:3239} INFO - Sync 1 DAGs
[2025-03-09T23:43:59.283+0600] {logging_mixin.py:190} INFO - [2025-03-09T23:43:59.283+0600] {dag.py:4180} INFO - Setting next_dagrun for example_nested_branch_dag to 2025-03-08 00:00:00+00:00, run_after=2025-03-09 00:00:00+00:00
[2025-03-09T23:43:59.306+0600] {processor.py:208} INFO - Processing /home/shamim/airflow_venv/lib/python3.12/site-packages/airflow/example_dags/example_nested_branch_dag.py took 0.102 seconds
[2025-03-09T23:46:21.230+0600] {processor.py:186} INFO - Started process (PID=34103) to work on /home/shamim/airflow_venv/lib/python3.12/site-packages/airflow/example_dags/example_nested_branch_dag.py
[2025-03-09T23:46:21.236+0600] {processor.py:914} INFO - Processing file /home/shamim/airflow_venv/lib/python3.12/site-packages/airflow/example_dags/example_nested_branch_dag.py for tasks to queue
[2025-03-09T23:46:21.239+0600] {logging_mixin.py:190} INFO - [2025-03-09T23:46:21.238+0600] {dagbag.py:588} INFO - Filling up the DagBag from /home/shamim/airflow_venv/lib/python3.12/site-packages/airflow/example_dags/example_nested_branch_dag.py
[2025-03-09T23:46:21.255+0600] {processor.py:925} INFO - DAG(s) 'example_nested_branch_dag' retrieved from /home/shamim/airflow_venv/lib/python3.12/site-packages/airflow/example_dags/example_nested_branch_dag.py
[2025-03-09T23:46:21.276+0600] {logging_mixin.py:190} INFO - [2025-03-09T23:46:21.276+0600] {dag.py:3239} INFO - Sync 1 DAGs
[2025-03-09T23:46:21.311+0600] {logging_mixin.py:190} INFO - [2025-03-09T23:46:21.311+0600] {dag.py:4180} INFO - Setting next_dagrun for example_nested_branch_dag to 2025-03-08 00:00:00+00:00, run_after=2025-03-09 00:00:00+00:00
[2025-03-09T23:46:21.355+0600] {processor.py:208} INFO - Processing /home/shamim/airflow_venv/lib/python3.12/site-packages/airflow/example_dags/example_nested_branch_dag.py took 0.133 seconds
[2025-03-09T23:47:52.832+0600] {processor.py:186} INFO - Started process (PID=34659) to work on /home/shamim/airflow_venv/lib/python3.12/site-packages/airflow/example_dags/example_nested_branch_dag.py
[2025-03-09T23:47:52.837+0600] {processor.py:914} INFO - Processing file /home/shamim/airflow_venv/lib/python3.12/site-packages/airflow/example_dags/example_nested_branch_dag.py for tasks to queue
[2025-03-09T23:47:52.839+0600] {logging_mixin.py:190} INFO - [2025-03-09T23:47:52.839+0600] {dagbag.py:588} INFO - Filling up the DagBag from /home/shamim/airflow_venv/lib/python3.12/site-packages/airflow/example_dags/example_nested_branch_dag.py
[2025-03-09T23:47:52.854+0600] {processor.py:925} INFO - DAG(s) 'example_nested_branch_dag' retrieved from /home/shamim/airflow_venv/lib/python3.12/site-packages/airflow/example_dags/example_nested_branch_dag.py
[2025-03-09T23:47:52.875+0600] {logging_mixin.py:190} INFO - [2025-03-09T23:47:52.875+0600] {dag.py:3239} INFO - Sync 1 DAGs
[2025-03-09T23:47:52.901+0600] {logging_mixin.py:190} INFO - [2025-03-09T23:47:52.901+0600] {dag.py:4180} INFO - Setting next_dagrun for example_nested_branch_dag to 2025-03-08 00:00:00+00:00, run_after=2025-03-09 00:00:00+00:00
[2025-03-09T23:47:52.926+0600] {processor.py:208} INFO - Processing /home/shamim/airflow_venv/lib/python3.12/site-packages/airflow/example_dags/example_nested_branch_dag.py took 0.101 seconds
[2025-03-09T23:50:40.222+0600] {processor.py:186} INFO - Started process (PID=36021) to work on /home/shamim/airflow_venv/lib/python3.12/site-packages/airflow/example_dags/example_nested_branch_dag.py
[2025-03-09T23:50:40.228+0600] {processor.py:914} INFO - Processing file /home/shamim/airflow_venv/lib/python3.12/site-packages/airflow/example_dags/example_nested_branch_dag.py for tasks to queue
[2025-03-09T23:50:40.232+0600] {logging_mixin.py:190} INFO - [2025-03-09T23:50:40.231+0600] {dagbag.py:588} INFO - Filling up the DagBag from /home/shamim/airflow_venv/lib/python3.12/site-packages/airflow/example_dags/example_nested_branch_dag.py
[2025-03-09T23:50:40.261+0600] {processor.py:925} INFO - DAG(s) 'example_nested_branch_dag' retrieved from /home/shamim/airflow_venv/lib/python3.12/site-packages/airflow/example_dags/example_nested_branch_dag.py
[2025-03-09T23:50:40.309+0600] {logging_mixin.py:190} INFO - [2025-03-09T23:50:40.308+0600] {dag.py:3239} INFO - Sync 1 DAGs
[2025-03-09T23:50:40.360+0600] {logging_mixin.py:190} INFO - [2025-03-09T23:50:40.360+0600] {dag.py:4180} INFO - Setting next_dagrun for example_nested_branch_dag to 2025-03-08 00:00:00+00:00, run_after=2025-03-09 00:00:00+00:00
[2025-03-09T23:50:40.395+0600] {processor.py:208} INFO - Processing /home/shamim/airflow_venv/lib/python3.12/site-packages/airflow/example_dags/example_nested_branch_dag.py took 0.185 seconds
[2025-03-09T23:52:22.473+0600] {processor.py:186} INFO - Started process (PID=36548) to work on /home/shamim/airflow_venv/lib/python3.12/site-packages/airflow/example_dags/example_nested_branch_dag.py
[2025-03-09T23:52:22.477+0600] {processor.py:914} INFO - Processing file /home/shamim/airflow_venv/lib/python3.12/site-packages/airflow/example_dags/example_nested_branch_dag.py for tasks to queue
[2025-03-09T23:52:22.480+0600] {logging_mixin.py:190} INFO - [2025-03-09T23:52:22.479+0600] {dagbag.py:588} INFO - Filling up the DagBag from /home/shamim/airflow_venv/lib/python3.12/site-packages/airflow/example_dags/example_nested_branch_dag.py
[2025-03-09T23:52:22.499+0600] {processor.py:925} INFO - DAG(s) 'example_nested_branch_dag' retrieved from /home/shamim/airflow_venv/lib/python3.12/site-packages/airflow/example_dags/example_nested_branch_dag.py
[2025-03-09T23:52:22.527+0600] {logging_mixin.py:190} INFO - [2025-03-09T23:52:22.527+0600] {dag.py:3239} INFO - Sync 1 DAGs
[2025-03-09T23:52:22.571+0600] {logging_mixin.py:190} INFO - [2025-03-09T23:52:22.570+0600] {dag.py:4180} INFO - Setting next_dagrun for example_nested_branch_dag to 2025-03-08 00:00:00+00:00, run_after=2025-03-09 00:00:00+00:00
[2025-03-09T23:52:22.609+0600] {processor.py:208} INFO - Processing /home/shamim/airflow_venv/lib/python3.12/site-packages/airflow/example_dags/example_nested_branch_dag.py took 0.143 seconds
[2025-03-09T23:53:46.936+0600] {processor.py:186} INFO - Started process (PID=37065) to work on /home/shamim/airflow_venv/lib/python3.12/site-packages/airflow/example_dags/example_nested_branch_dag.py
[2025-03-09T23:53:46.938+0600] {processor.py:914} INFO - Processing file /home/shamim/airflow_venv/lib/python3.12/site-packages/airflow/example_dags/example_nested_branch_dag.py for tasks to queue
[2025-03-09T23:53:46.940+0600] {logging_mixin.py:190} INFO - [2025-03-09T23:53:46.940+0600] {dagbag.py:588} INFO - Filling up the DagBag from /home/shamim/airflow_venv/lib/python3.12/site-packages/airflow/example_dags/example_nested_branch_dag.py
[2025-03-09T23:53:46.956+0600] {processor.py:925} INFO - DAG(s) 'example_nested_branch_dag' retrieved from /home/shamim/airflow_venv/lib/python3.12/site-packages/airflow/example_dags/example_nested_branch_dag.py
[2025-03-09T23:53:46.977+0600] {logging_mixin.py:190} INFO - [2025-03-09T23:53:46.977+0600] {dag.py:3239} INFO - Sync 1 DAGs
[2025-03-09T23:53:47.004+0600] {logging_mixin.py:190} INFO - [2025-03-09T23:53:47.004+0600] {dag.py:4180} INFO - Setting next_dagrun for example_nested_branch_dag to 2025-03-08 00:00:00+00:00, run_after=2025-03-09 00:00:00+00:00
[2025-03-09T23:53:47.040+0600] {processor.py:208} INFO - Processing /home/shamim/airflow_venv/lib/python3.12/site-packages/airflow/example_dags/example_nested_branch_dag.py took 0.113 seconds
[2025-03-09T23:55:27.750+0600] {processor.py:186} INFO - Started process (PID=38044) to work on /home/shamim/airflow_venv/lib/python3.12/site-packages/airflow/example_dags/example_nested_branch_dag.py
[2025-03-09T23:55:27.754+0600] {processor.py:914} INFO - Processing file /home/shamim/airflow_venv/lib/python3.12/site-packages/airflow/example_dags/example_nested_branch_dag.py for tasks to queue
[2025-03-09T23:55:27.757+0600] {logging_mixin.py:190} INFO - [2025-03-09T23:55:27.757+0600] {dagbag.py:588} INFO - Filling up the DagBag from /home/shamim/airflow_venv/lib/python3.12/site-packages/airflow/example_dags/example_nested_branch_dag.py
[2025-03-09T23:55:27.782+0600] {processor.py:925} INFO - DAG(s) 'example_nested_branch_dag' retrieved from /home/shamim/airflow_venv/lib/python3.12/site-packages/airflow/example_dags/example_nested_branch_dag.py
[2025-03-09T23:55:27.810+0600] {logging_mixin.py:190} INFO - [2025-03-09T23:55:27.810+0600] {dag.py:3239} INFO - Sync 1 DAGs
[2025-03-09T23:55:27.838+0600] {logging_mixin.py:190} INFO - [2025-03-09T23:55:27.838+0600] {dag.py:4180} INFO - Setting next_dagrun for example_nested_branch_dag to 2025-03-08 00:00:00+00:00, run_after=2025-03-09 00:00:00+00:00
[2025-03-09T23:55:27.865+0600] {processor.py:208} INFO - Processing /home/shamim/airflow_venv/lib/python3.12/site-packages/airflow/example_dags/example_nested_branch_dag.py took 0.138 seconds
[2025-03-09T23:56:56.597+0600] {processor.py:186} INFO - Started process (PID=38528) to work on /home/shamim/airflow_venv/lib/python3.12/site-packages/airflow/example_dags/example_nested_branch_dag.py
[2025-03-09T23:56:56.606+0600] {processor.py:914} INFO - Processing file /home/shamim/airflow_venv/lib/python3.12/site-packages/airflow/example_dags/example_nested_branch_dag.py for tasks to queue
[2025-03-09T23:56:56.612+0600] {logging_mixin.py:190} INFO - [2025-03-09T23:56:56.611+0600] {dagbag.py:588} INFO - Filling up the DagBag from /home/shamim/airflow_venv/lib/python3.12/site-packages/airflow/example_dags/example_nested_branch_dag.py
[2025-03-09T23:56:56.650+0600] {processor.py:925} INFO - DAG(s) 'example_nested_branch_dag' retrieved from /home/shamim/airflow_venv/lib/python3.12/site-packages/airflow/example_dags/example_nested_branch_dag.py
[2025-03-09T23:56:56.690+0600] {logging_mixin.py:190} INFO - [2025-03-09T23:56:56.690+0600] {dag.py:3239} INFO - Sync 1 DAGs
[2025-03-09T23:56:56.746+0600] {logging_mixin.py:190} INFO - [2025-03-09T23:56:56.746+0600] {dag.py:4180} INFO - Setting next_dagrun for example_nested_branch_dag to 2025-03-08 00:00:00+00:00, run_after=2025-03-09 00:00:00+00:00
[2025-03-09T23:56:56.788+0600] {processor.py:208} INFO - Processing /home/shamim/airflow_venv/lib/python3.12/site-packages/airflow/example_dags/example_nested_branch_dag.py took 0.220 seconds
[2025-03-09T23:59:43.486+0600] {processor.py:186} INFO - Started process (PID=39462) to work on /home/shamim/airflow_venv/lib/python3.12/site-packages/airflow/example_dags/example_nested_branch_dag.py
[2025-03-09T23:59:43.492+0600] {processor.py:914} INFO - Processing file /home/shamim/airflow_venv/lib/python3.12/site-packages/airflow/example_dags/example_nested_branch_dag.py for tasks to queue
[2025-03-09T23:59:43.497+0600] {logging_mixin.py:190} INFO - [2025-03-09T23:59:43.497+0600] {dagbag.py:588} INFO - Filling up the DagBag from /home/shamim/airflow_venv/lib/python3.12/site-packages/airflow/example_dags/example_nested_branch_dag.py
[2025-03-09T23:59:43.523+0600] {processor.py:925} INFO - DAG(s) 'example_nested_branch_dag' retrieved from /home/shamim/airflow_venv/lib/python3.12/site-packages/airflow/example_dags/example_nested_branch_dag.py
[2025-03-09T23:59:43.554+0600] {logging_mixin.py:190} INFO - [2025-03-09T23:59:43.553+0600] {dag.py:3239} INFO - Sync 1 DAGs
[2025-03-09T23:59:43.581+0600] {logging_mixin.py:190} INFO - [2025-03-09T23:59:43.581+0600] {dag.py:4180} INFO - Setting next_dagrun for example_nested_branch_dag to 2025-03-08 00:00:00+00:00, run_after=2025-03-09 00:00:00+00:00
[2025-03-09T23:59:43.611+0600] {processor.py:208} INFO - Processing /home/shamim/airflow_venv/lib/python3.12/site-packages/airflow/example_dags/example_nested_branch_dag.py took 0.144 seconds
[2025-03-10T00:01:25.964+0600] {processor.py:186} INFO - Started process (PID=40129) to work on /home/shamim/airflow_venv/lib/python3.12/site-packages/airflow/example_dags/example_nested_branch_dag.py
[2025-03-10T00:01:25.971+0600] {processor.py:914} INFO - Processing file /home/shamim/airflow_venv/lib/python3.12/site-packages/airflow/example_dags/example_nested_branch_dag.py for tasks to queue
[2025-03-10T00:01:25.975+0600] {logging_mixin.py:190} INFO - [2025-03-10T00:01:25.974+0600] {dagbag.py:588} INFO - Filling up the DagBag from /home/shamim/airflow_venv/lib/python3.12/site-packages/airflow/example_dags/example_nested_branch_dag.py
[2025-03-10T00:01:25.996+0600] {processor.py:925} INFO - DAG(s) 'example_nested_branch_dag' retrieved from /home/shamim/airflow_venv/lib/python3.12/site-packages/airflow/example_dags/example_nested_branch_dag.py
[2025-03-10T00:01:26.023+0600] {logging_mixin.py:190} INFO - [2025-03-10T00:01:26.023+0600] {dag.py:3239} INFO - Sync 1 DAGs
[2025-03-10T00:01:26.060+0600] {logging_mixin.py:190} INFO - [2025-03-10T00:01:26.060+0600] {dag.py:4180} INFO - Setting next_dagrun for example_nested_branch_dag to 2025-03-08 00:00:00+00:00, run_after=2025-03-09 00:00:00+00:00
[2025-03-10T00:01:26.109+0600] {processor.py:208} INFO - Processing /home/shamim/airflow_venv/lib/python3.12/site-packages/airflow/example_dags/example_nested_branch_dag.py took 0.158 seconds
[2025-03-10T00:03:18.496+0600] {processor.py:186} INFO - Started process (PID=40685) to work on /home/shamim/airflow_venv/lib/python3.12/site-packages/airflow/example_dags/example_nested_branch_dag.py
[2025-03-10T00:03:18.504+0600] {processor.py:914} INFO - Processing file /home/shamim/airflow_venv/lib/python3.12/site-packages/airflow/example_dags/example_nested_branch_dag.py for tasks to queue
[2025-03-10T00:03:18.507+0600] {logging_mixin.py:190} INFO - [2025-03-10T00:03:18.507+0600] {dagbag.py:588} INFO - Filling up the DagBag from /home/shamim/airflow_venv/lib/python3.12/site-packages/airflow/example_dags/example_nested_branch_dag.py
[2025-03-10T00:03:18.531+0600] {processor.py:925} INFO - DAG(s) 'example_nested_branch_dag' retrieved from /home/shamim/airflow_venv/lib/python3.12/site-packages/airflow/example_dags/example_nested_branch_dag.py
[2025-03-10T00:03:18.558+0600] {logging_mixin.py:190} INFO - [2025-03-10T00:03:18.557+0600] {dag.py:3239} INFO - Sync 1 DAGs
[2025-03-10T00:03:18.586+0600] {logging_mixin.py:190} INFO - [2025-03-10T00:03:18.585+0600] {dag.py:4180} INFO - Setting next_dagrun for example_nested_branch_dag to 2025-03-08 00:00:00+00:00, run_after=2025-03-09 00:00:00+00:00
[2025-03-10T00:03:18.627+0600] {processor.py:208} INFO - Processing /home/shamim/airflow_venv/lib/python3.12/site-packages/airflow/example_dags/example_nested_branch_dag.py took 0.149 seconds
[2025-03-10T00:05:12.956+0600] {processor.py:186} INFO - Started process (PID=41207) to work on /home/shamim/airflow_venv/lib/python3.12/site-packages/airflow/example_dags/example_nested_branch_dag.py
[2025-03-10T00:05:12.963+0600] {processor.py:914} INFO - Processing file /home/shamim/airflow_venv/lib/python3.12/site-packages/airflow/example_dags/example_nested_branch_dag.py for tasks to queue
[2025-03-10T00:05:12.968+0600] {logging_mixin.py:190} INFO - [2025-03-10T00:05:12.967+0600] {dagbag.py:588} INFO - Filling up the DagBag from /home/shamim/airflow_venv/lib/python3.12/site-packages/airflow/example_dags/example_nested_branch_dag.py
[2025-03-10T00:05:13.004+0600] {processor.py:925} INFO - DAG(s) 'example_nested_branch_dag' retrieved from /home/shamim/airflow_venv/lib/python3.12/site-packages/airflow/example_dags/example_nested_branch_dag.py
[2025-03-10T00:05:13.053+0600] {logging_mixin.py:190} INFO - [2025-03-10T00:05:13.052+0600] {dag.py:3239} INFO - Sync 1 DAGs
[2025-03-10T00:05:13.105+0600] {logging_mixin.py:190} INFO - [2025-03-10T00:05:13.105+0600] {dag.py:4180} INFO - Setting next_dagrun for example_nested_branch_dag to 2025-03-08 00:00:00+00:00, run_after=2025-03-09 00:00:00+00:00
[2025-03-10T00:05:13.146+0600] {processor.py:208} INFO - Processing /home/shamim/airflow_venv/lib/python3.12/site-packages/airflow/example_dags/example_nested_branch_dag.py took 0.205 seconds
[2025-03-10T00:07:07.485+0600] {processor.py:186} INFO - Started process (PID=41756) to work on /home/shamim/airflow_venv/lib/python3.12/site-packages/airflow/example_dags/example_nested_branch_dag.py
[2025-03-10T00:07:07.496+0600] {processor.py:914} INFO - Processing file /home/shamim/airflow_venv/lib/python3.12/site-packages/airflow/example_dags/example_nested_branch_dag.py for tasks to queue
[2025-03-10T00:07:07.503+0600] {logging_mixin.py:190} INFO - [2025-03-10T00:07:07.502+0600] {dagbag.py:588} INFO - Filling up the DagBag from /home/shamim/airflow_venv/lib/python3.12/site-packages/airflow/example_dags/example_nested_branch_dag.py
[2025-03-10T00:07:07.534+0600] {processor.py:925} INFO - DAG(s) 'example_nested_branch_dag' retrieved from /home/shamim/airflow_venv/lib/python3.12/site-packages/airflow/example_dags/example_nested_branch_dag.py
[2025-03-10T00:07:07.580+0600] {logging_mixin.py:190} INFO - [2025-03-10T00:07:07.580+0600] {dag.py:3239} INFO - Sync 1 DAGs
[2025-03-10T00:07:07.625+0600] {logging_mixin.py:190} INFO - [2025-03-10T00:07:07.625+0600] {dag.py:4180} INFO - Setting next_dagrun for example_nested_branch_dag to 2025-03-08 00:00:00+00:00, run_after=2025-03-09 00:00:00+00:00
[2025-03-10T00:07:07.669+0600] {processor.py:208} INFO - Processing /home/shamim/airflow_venv/lib/python3.12/site-packages/airflow/example_dags/example_nested_branch_dag.py took 0.219 seconds
[2025-03-10T00:12:24.329+0600] {processor.py:186} INFO - Started process (PID=44506) to work on /home/shamim/airflow_venv/lib/python3.12/site-packages/airflow/example_dags/example_nested_branch_dag.py
[2025-03-10T00:12:24.330+0600] {processor.py:914} INFO - Processing file /home/shamim/airflow_venv/lib/python3.12/site-packages/airflow/example_dags/example_nested_branch_dag.py for tasks to queue
[2025-03-10T00:12:24.332+0600] {logging_mixin.py:190} INFO - [2025-03-10T00:12:24.331+0600] {dagbag.py:588} INFO - Filling up the DagBag from /home/shamim/airflow_venv/lib/python3.12/site-packages/airflow/example_dags/example_nested_branch_dag.py
[2025-03-10T00:12:24.344+0600] {processor.py:925} INFO - DAG(s) 'example_nested_branch_dag' retrieved from /home/shamim/airflow_venv/lib/python3.12/site-packages/airflow/example_dags/example_nested_branch_dag.py
[2025-03-10T00:12:24.371+0600] {logging_mixin.py:190} INFO - [2025-03-10T00:12:24.371+0600] {dag.py:3239} INFO - Sync 1 DAGs
[2025-03-10T00:12:24.396+0600] {logging_mixin.py:190} INFO - [2025-03-10T00:12:24.396+0600] {dag.py:4180} INFO - Setting next_dagrun for example_nested_branch_dag to 2025-03-08 00:00:00+00:00, run_after=2025-03-09 00:00:00+00:00
[2025-03-10T00:12:24.422+0600] {processor.py:208} INFO - Processing /home/shamim/airflow_venv/lib/python3.12/site-packages/airflow/example_dags/example_nested_branch_dag.py took 0.101 seconds
[2025-03-10T00:13:50.097+0600] {processor.py:186} INFO - Started process (PID=45788) to work on /home/shamim/airflow_venv/lib/python3.12/site-packages/airflow/example_dags/example_nested_branch_dag.py
[2025-03-10T00:13:50.126+0600] {processor.py:914} INFO - Processing file /home/shamim/airflow_venv/lib/python3.12/site-packages/airflow/example_dags/example_nested_branch_dag.py for tasks to queue
[2025-03-10T00:13:50.131+0600] {logging_mixin.py:190} INFO - [2025-03-10T00:13:50.129+0600] {dagbag.py:588} INFO - Filling up the DagBag from /home/shamim/airflow_venv/lib/python3.12/site-packages/airflow/example_dags/example_nested_branch_dag.py
[2025-03-10T00:13:50.157+0600] {processor.py:925} INFO - DAG(s) 'example_nested_branch_dag' retrieved from /home/shamim/airflow_venv/lib/python3.12/site-packages/airflow/example_dags/example_nested_branch_dag.py
[2025-03-10T00:13:50.180+0600] {logging_mixin.py:190} INFO - [2025-03-10T00:13:50.179+0600] {dag.py:3239} INFO - Sync 1 DAGs
[2025-03-10T00:13:50.203+0600] {logging_mixin.py:190} INFO - [2025-03-10T00:13:50.203+0600] {dag.py:4180} INFO - Setting next_dagrun for example_nested_branch_dag to 2025-03-08 00:00:00+00:00, run_after=2025-03-09 00:00:00+00:00
[2025-03-10T00:13:50.224+0600] {processor.py:208} INFO - Processing /home/shamim/airflow_venv/lib/python3.12/site-packages/airflow/example_dags/example_nested_branch_dag.py took 0.134 seconds
[2025-03-10T00:15:17.148+0600] {processor.py:186} INFO - Started process (PID=46245) to work on /home/shamim/airflow_venv/lib/python3.12/site-packages/airflow/example_dags/example_nested_branch_dag.py
[2025-03-10T00:15:17.304+0600] {processor.py:914} INFO - Processing file /home/shamim/airflow_venv/lib/python3.12/site-packages/airflow/example_dags/example_nested_branch_dag.py for tasks to queue
[2025-03-10T00:15:17.307+0600] {logging_mixin.py:190} INFO - [2025-03-10T00:15:17.306+0600] {dagbag.py:588} INFO - Filling up the DagBag from /home/shamim/airflow_venv/lib/python3.12/site-packages/airflow/example_dags/example_nested_branch_dag.py
[2025-03-10T00:15:17.324+0600] {processor.py:925} INFO - DAG(s) 'example_nested_branch_dag' retrieved from /home/shamim/airflow_venv/lib/python3.12/site-packages/airflow/example_dags/example_nested_branch_dag.py
[2025-03-10T00:15:17.346+0600] {logging_mixin.py:190} INFO - [2025-03-10T00:15:17.346+0600] {dag.py:3239} INFO - Sync 1 DAGs
[2025-03-10T00:15:17.369+0600] {logging_mixin.py:190} INFO - [2025-03-10T00:15:17.369+0600] {dag.py:4180} INFO - Setting next_dagrun for example_nested_branch_dag to 2025-03-08 00:00:00+00:00, run_after=2025-03-09 00:00:00+00:00
[2025-03-10T00:15:17.391+0600] {processor.py:208} INFO - Processing /home/shamim/airflow_venv/lib/python3.12/site-packages/airflow/example_dags/example_nested_branch_dag.py took 0.250 seconds
[2025-03-10T00:28:53.576+0600] {processor.py:186} INFO - Started process (PID=48003) to work on /home/shamim/airflow_venv/lib/python3.12/site-packages/airflow/example_dags/example_nested_branch_dag.py
[2025-03-10T00:28:53.581+0600] {processor.py:914} INFO - Processing file /home/shamim/airflow_venv/lib/python3.12/site-packages/airflow/example_dags/example_nested_branch_dag.py for tasks to queue
[2025-03-10T00:28:53.582+0600] {logging_mixin.py:190} INFO - [2025-03-10T00:28:53.582+0600] {dagbag.py:588} INFO - Filling up the DagBag from /home/shamim/airflow_venv/lib/python3.12/site-packages/airflow/example_dags/example_nested_branch_dag.py
[2025-03-10T00:28:53.595+0600] {processor.py:925} INFO - DAG(s) 'example_nested_branch_dag' retrieved from /home/shamim/airflow_venv/lib/python3.12/site-packages/airflow/example_dags/example_nested_branch_dag.py
[2025-03-10T00:28:53.650+0600] {logging_mixin.py:190} INFO - [2025-03-10T00:28:53.650+0600] {dag.py:3239} INFO - Sync 1 DAGs
[2025-03-10T00:28:53.693+0600] {logging_mixin.py:190} INFO - [2025-03-10T00:28:53.693+0600] {dag.py:4180} INFO - Setting next_dagrun for example_nested_branch_dag to 2025-03-08 00:00:00+00:00, run_after=2025-03-09 00:00:00+00:00
[2025-03-10T00:28:53.726+0600] {processor.py:208} INFO - Processing /home/shamim/airflow_venv/lib/python3.12/site-packages/airflow/example_dags/example_nested_branch_dag.py took 0.157 seconds
