[2025-03-09T23:14:52.509+0600] {processor.py:186} INFO - Started process (PID=21212) to work on /home/shamim/airflow_venv/lib/python3.12/site-packages/airflow/example_dags/example_setup_teardown.py
[2025-03-09T23:14:52.511+0600] {processor.py:914} INFO - Processing file /home/shamim/airflow_venv/lib/python3.12/site-packages/airflow/example_dags/example_setup_teardown.py for tasks to queue
[2025-03-09T23:14:52.514+0600] {logging_mixin.py:190} INFO - [2025-03-09T23:14:52.514+0600] {dagbag.py:588} INFO - Filling up the DagBag from /home/shamim/airflow_venv/lib/python3.12/site-packages/airflow/example_dags/example_setup_teardown.py
[2025-03-09T23:14:52.527+0600] {processor.py:925} INFO - DAG(s) 'example_setup_teardown' retrieved from /home/shamim/airflow_venv/lib/python3.12/site-packages/airflow/example_dags/example_setup_teardown.py
[2025-03-09T23:14:52.549+0600] {logging_mixin.py:190} INFO - [2025-03-09T23:14:52.548+0600] {dag.py:3239} INFO - Sync 1 DAGs
[2025-03-09T23:14:52.565+0600] {logging_mixin.py:190} INFO - [2025-03-09T23:14:52.565+0600] {dag.py:4180} INFO - Setting next_dagrun for example_setup_teardown to None, run_after=None
[2025-03-09T23:14:52.592+0600] {processor.py:208} INFO - Processing /home/shamim/airflow_venv/lib/python3.12/site-packages/airflow/example_dags/example_setup_teardown.py took 0.093 seconds
[2025-03-09T23:16:44.024+0600] {processor.py:186} INFO - Started process (PID=22011) to work on /home/shamim/airflow_venv/lib/python3.12/site-packages/airflow/example_dags/example_setup_teardown.py
[2025-03-09T23:16:44.031+0600] {processor.py:914} INFO - Processing file /home/shamim/airflow_venv/lib/python3.12/site-packages/airflow/example_dags/example_setup_teardown.py for tasks to queue
[2025-03-09T23:16:44.033+0600] {logging_mixin.py:190} INFO - [2025-03-09T23:16:44.033+0600] {dagbag.py:588} INFO - Filling up the DagBag from /home/shamim/airflow_venv/lib/python3.12/site-packages/airflow/example_dags/example_setup_teardown.py
[2025-03-09T23:16:44.045+0600] {processor.py:925} INFO - DAG(s) 'example_setup_teardown' retrieved from /home/shamim/airflow_venv/lib/python3.12/site-packages/airflow/example_dags/example_setup_teardown.py
[2025-03-09T23:16:44.065+0600] {logging_mixin.py:190} INFO - [2025-03-09T23:16:44.064+0600] {dag.py:3239} INFO - Sync 1 DAGs
[2025-03-09T23:16:44.081+0600] {logging_mixin.py:190} INFO - [2025-03-09T23:16:44.081+0600] {dag.py:4180} INFO - Setting next_dagrun for example_setup_teardown to None, run_after=None
[2025-03-09T23:16:44.105+0600] {processor.py:208} INFO - Processing /home/shamim/airflow_venv/lib/python3.12/site-packages/airflow/example_dags/example_setup_teardown.py took 0.088 seconds
[2025-03-09T23:18:13.561+0600] {processor.py:186} INFO - Started process (PID=22612) to work on /home/shamim/airflow_venv/lib/python3.12/site-packages/airflow/example_dags/example_setup_teardown.py
[2025-03-09T23:18:13.568+0600] {processor.py:914} INFO - Processing file /home/shamim/airflow_venv/lib/python3.12/site-packages/airflow/example_dags/example_setup_teardown.py for tasks to queue
[2025-03-09T23:18:13.572+0600] {logging_mixin.py:190} INFO - [2025-03-09T23:18:13.571+0600] {dagbag.py:588} INFO - Filling up the DagBag from /home/shamim/airflow_venv/lib/python3.12/site-packages/airflow/example_dags/example_setup_teardown.py
[2025-03-09T23:18:13.588+0600] {processor.py:925} INFO - DAG(s) 'example_setup_teardown' retrieved from /home/shamim/airflow_venv/lib/python3.12/site-packages/airflow/example_dags/example_setup_teardown.py
[2025-03-09T23:18:13.612+0600] {logging_mixin.py:190} INFO - [2025-03-09T23:18:13.611+0600] {dag.py:3239} INFO - Sync 1 DAGs
[2025-03-09T23:18:13.628+0600] {logging_mixin.py:190} INFO - [2025-03-09T23:18:13.628+0600] {dag.py:4180} INFO - Setting next_dagrun for example_setup_teardown to None, run_after=None
[2025-03-09T23:18:13.655+0600] {processor.py:208} INFO - Processing /home/shamim/airflow_venv/lib/python3.12/site-packages/airflow/example_dags/example_setup_teardown.py took 0.106 seconds
[2025-03-09T23:20:05.019+0600] {processor.py:186} INFO - Started process (PID=23578) to work on /home/shamim/airflow_venv/lib/python3.12/site-packages/airflow/example_dags/example_setup_teardown.py
[2025-03-09T23:20:05.023+0600] {processor.py:914} INFO - Processing file /home/shamim/airflow_venv/lib/python3.12/site-packages/airflow/example_dags/example_setup_teardown.py for tasks to queue
[2025-03-09T23:20:05.027+0600] {logging_mixin.py:190} INFO - [2025-03-09T23:20:05.026+0600] {dagbag.py:588} INFO - Filling up the DagBag from /home/shamim/airflow_venv/lib/python3.12/site-packages/airflow/example_dags/example_setup_teardown.py
[2025-03-09T23:20:05.041+0600] {processor.py:925} INFO - DAG(s) 'example_setup_teardown' retrieved from /home/shamim/airflow_venv/lib/python3.12/site-packages/airflow/example_dags/example_setup_teardown.py
[2025-03-09T23:20:05.065+0600] {logging_mixin.py:190} INFO - [2025-03-09T23:20:05.065+0600] {dag.py:3239} INFO - Sync 1 DAGs
[2025-03-09T23:20:05.084+0600] {logging_mixin.py:190} INFO - [2025-03-09T23:20:05.084+0600] {dag.py:4180} INFO - Setting next_dagrun for example_setup_teardown to None, run_after=None
[2025-03-09T23:20:05.112+0600] {processor.py:208} INFO - Processing /home/shamim/airflow_venv/lib/python3.12/site-packages/airflow/example_dags/example_setup_teardown.py took 0.105 seconds
[2025-03-09T23:21:27.898+0600] {processor.py:186} INFO - Started process (PID=24129) to work on /home/shamim/airflow_venv/lib/python3.12/site-packages/airflow/example_dags/example_setup_teardown.py
[2025-03-09T23:21:27.904+0600] {processor.py:914} INFO - Processing file /home/shamim/airflow_venv/lib/python3.12/site-packages/airflow/example_dags/example_setup_teardown.py for tasks to queue
[2025-03-09T23:21:27.906+0600] {logging_mixin.py:190} INFO - [2025-03-09T23:21:27.906+0600] {dagbag.py:588} INFO - Filling up the DagBag from /home/shamim/airflow_venv/lib/python3.12/site-packages/airflow/example_dags/example_setup_teardown.py
[2025-03-09T23:21:27.917+0600] {processor.py:925} INFO - DAG(s) 'example_setup_teardown' retrieved from /home/shamim/airflow_venv/lib/python3.12/site-packages/airflow/example_dags/example_setup_teardown.py
[2025-03-09T23:21:27.938+0600] {logging_mixin.py:190} INFO - [2025-03-09T23:21:27.937+0600] {dag.py:3239} INFO - Sync 1 DAGs
[2025-03-09T23:21:27.952+0600] {logging_mixin.py:190} INFO - [2025-03-09T23:21:27.952+0600] {dag.py:4180} INFO - Setting next_dagrun for example_setup_teardown to None, run_after=None
[2025-03-09T23:21:27.978+0600] {processor.py:208} INFO - Processing /home/shamim/airflow_venv/lib/python3.12/site-packages/airflow/example_dags/example_setup_teardown.py took 0.087 seconds
[2025-03-09T23:22:58.818+0600] {processor.py:186} INFO - Started process (PID=24746) to work on /home/shamim/airflow_venv/lib/python3.12/site-packages/airflow/example_dags/example_setup_teardown.py
[2025-03-09T23:22:58.819+0600] {processor.py:914} INFO - Processing file /home/shamim/airflow_venv/lib/python3.12/site-packages/airflow/example_dags/example_setup_teardown.py for tasks to queue
[2025-03-09T23:22:58.822+0600] {logging_mixin.py:190} INFO - [2025-03-09T23:22:58.822+0600] {dagbag.py:588} INFO - Filling up the DagBag from /home/shamim/airflow_venv/lib/python3.12/site-packages/airflow/example_dags/example_setup_teardown.py
[2025-03-09T23:22:58.834+0600] {processor.py:925} INFO - DAG(s) 'example_setup_teardown' retrieved from /home/shamim/airflow_venv/lib/python3.12/site-packages/airflow/example_dags/example_setup_teardown.py
[2025-03-09T23:22:58.859+0600] {logging_mixin.py:190} INFO - [2025-03-09T23:22:58.858+0600] {dag.py:3239} INFO - Sync 1 DAGs
[2025-03-09T23:22:58.878+0600] {logging_mixin.py:190} INFO - [2025-03-09T23:22:58.877+0600] {dag.py:4180} INFO - Setting next_dagrun for example_setup_teardown to None, run_after=None
[2025-03-09T23:22:58.904+0600] {processor.py:208} INFO - Processing /home/shamim/airflow_venv/lib/python3.12/site-packages/airflow/example_dags/example_setup_teardown.py took 0.094 seconds
[2025-03-09T23:24:23.237+0600] {processor.py:186} INFO - Started process (PID=25302) to work on /home/shamim/airflow_venv/lib/python3.12/site-packages/airflow/example_dags/example_setup_teardown.py
[2025-03-09T23:24:23.244+0600] {processor.py:914} INFO - Processing file /home/shamim/airflow_venv/lib/python3.12/site-packages/airflow/example_dags/example_setup_teardown.py for tasks to queue
[2025-03-09T23:24:23.246+0600] {logging_mixin.py:190} INFO - [2025-03-09T23:24:23.246+0600] {dagbag.py:588} INFO - Filling up the DagBag from /home/shamim/airflow_venv/lib/python3.12/site-packages/airflow/example_dags/example_setup_teardown.py
[2025-03-09T23:24:23.257+0600] {processor.py:925} INFO - DAG(s) 'example_setup_teardown' retrieved from /home/shamim/airflow_venv/lib/python3.12/site-packages/airflow/example_dags/example_setup_teardown.py
[2025-03-09T23:24:23.276+0600] {logging_mixin.py:190} INFO - [2025-03-09T23:24:23.276+0600] {dag.py:3239} INFO - Sync 1 DAGs
[2025-03-09T23:24:23.291+0600] {logging_mixin.py:190} INFO - [2025-03-09T23:24:23.291+0600] {dag.py:4180} INFO - Setting next_dagrun for example_setup_teardown to None, run_after=None
[2025-03-09T23:24:23.318+0600] {processor.py:208} INFO - Processing /home/shamim/airflow_venv/lib/python3.12/site-packages/airflow/example_dags/example_setup_teardown.py took 0.089 seconds
[2025-03-09T23:25:47.681+0600] {processor.py:186} INFO - Started process (PID=25860) to work on /home/shamim/airflow_venv/lib/python3.12/site-packages/airflow/example_dags/example_setup_teardown.py
[2025-03-09T23:25:47.687+0600] {processor.py:914} INFO - Processing file /home/shamim/airflow_venv/lib/python3.12/site-packages/airflow/example_dags/example_setup_teardown.py for tasks to queue
[2025-03-09T23:25:47.691+0600] {logging_mixin.py:190} INFO - [2025-03-09T23:25:47.691+0600] {dagbag.py:588} INFO - Filling up the DagBag from /home/shamim/airflow_venv/lib/python3.12/site-packages/airflow/example_dags/example_setup_teardown.py
[2025-03-09T23:25:47.708+0600] {processor.py:925} INFO - DAG(s) 'example_setup_teardown' retrieved from /home/shamim/airflow_venv/lib/python3.12/site-packages/airflow/example_dags/example_setup_teardown.py
[2025-03-09T23:25:47.729+0600] {logging_mixin.py:190} INFO - [2025-03-09T23:25:47.729+0600] {dag.py:3239} INFO - Sync 1 DAGs
[2025-03-09T23:25:47.746+0600] {logging_mixin.py:190} INFO - [2025-03-09T23:25:47.745+0600] {dag.py:4180} INFO - Setting next_dagrun for example_setup_teardown to None, run_after=None
[2025-03-09T23:25:47.772+0600] {processor.py:208} INFO - Processing /home/shamim/airflow_venv/lib/python3.12/site-packages/airflow/example_dags/example_setup_teardown.py took 0.106 seconds
[2025-03-09T23:27:21.025+0600] {processor.py:186} INFO - Started process (PID=26434) to work on /home/shamim/airflow_venv/lib/python3.12/site-packages/airflow/example_dags/example_setup_teardown.py
[2025-03-09T23:27:21.033+0600] {processor.py:914} INFO - Processing file /home/shamim/airflow_venv/lib/python3.12/site-packages/airflow/example_dags/example_setup_teardown.py for tasks to queue
[2025-03-09T23:27:21.037+0600] {logging_mixin.py:190} INFO - [2025-03-09T23:27:21.036+0600] {dagbag.py:588} INFO - Filling up the DagBag from /home/shamim/airflow_venv/lib/python3.12/site-packages/airflow/example_dags/example_setup_teardown.py
[2025-03-09T23:27:21.053+0600] {processor.py:925} INFO - DAG(s) 'example_setup_teardown' retrieved from /home/shamim/airflow_venv/lib/python3.12/site-packages/airflow/example_dags/example_setup_teardown.py
[2025-03-09T23:27:21.074+0600] {logging_mixin.py:190} INFO - [2025-03-09T23:27:21.074+0600] {dag.py:3239} INFO - Sync 1 DAGs
[2025-03-09T23:27:21.090+0600] {logging_mixin.py:190} INFO - [2025-03-09T23:27:21.090+0600] {dag.py:4180} INFO - Setting next_dagrun for example_setup_teardown to None, run_after=None
[2025-03-09T23:27:21.116+0600] {processor.py:208} INFO - Processing /home/shamim/airflow_venv/lib/python3.12/site-packages/airflow/example_dags/example_setup_teardown.py took 0.106 seconds
[2025-03-09T23:28:55.847+0600] {processor.py:186} INFO - Started process (PID=27045) to work on /home/shamim/airflow_venv/lib/python3.12/site-packages/airflow/example_dags/example_setup_teardown.py
[2025-03-09T23:28:55.861+0600] {processor.py:914} INFO - Processing file /home/shamim/airflow_venv/lib/python3.12/site-packages/airflow/example_dags/example_setup_teardown.py for tasks to queue
[2025-03-09T23:28:55.865+0600] {logging_mixin.py:190} INFO - [2025-03-09T23:28:55.864+0600] {dagbag.py:588} INFO - Filling up the DagBag from /home/shamim/airflow_venv/lib/python3.12/site-packages/airflow/example_dags/example_setup_teardown.py
[2025-03-09T23:28:55.878+0600] {processor.py:925} INFO - DAG(s) 'example_setup_teardown' retrieved from /home/shamim/airflow_venv/lib/python3.12/site-packages/airflow/example_dags/example_setup_teardown.py
[2025-03-09T23:28:55.900+0600] {logging_mixin.py:190} INFO - [2025-03-09T23:28:55.900+0600] {dag.py:3239} INFO - Sync 1 DAGs
[2025-03-09T23:28:55.919+0600] {logging_mixin.py:190} INFO - [2025-03-09T23:28:55.919+0600] {dag.py:4180} INFO - Setting next_dagrun for example_setup_teardown to None, run_after=None
[2025-03-09T23:28:55.947+0600] {processor.py:208} INFO - Processing /home/shamim/airflow_venv/lib/python3.12/site-packages/airflow/example_dags/example_setup_teardown.py took 0.109 seconds
[2025-03-09T23:30:29.198+0600] {processor.py:186} INFO - Started process (PID=27865) to work on /home/shamim/airflow_venv/lib/python3.12/site-packages/airflow/example_dags/example_setup_teardown.py
[2025-03-09T23:30:29.204+0600] {processor.py:914} INFO - Processing file /home/shamim/airflow_venv/lib/python3.12/site-packages/airflow/example_dags/example_setup_teardown.py for tasks to queue
[2025-03-09T23:30:29.206+0600] {logging_mixin.py:190} INFO - [2025-03-09T23:30:29.206+0600] {dagbag.py:588} INFO - Filling up the DagBag from /home/shamim/airflow_venv/lib/python3.12/site-packages/airflow/example_dags/example_setup_teardown.py
[2025-03-09T23:30:29.218+0600] {processor.py:925} INFO - DAG(s) 'example_setup_teardown' retrieved from /home/shamim/airflow_venv/lib/python3.12/site-packages/airflow/example_dags/example_setup_teardown.py
[2025-03-09T23:30:29.239+0600] {logging_mixin.py:190} INFO - [2025-03-09T23:30:29.239+0600] {dag.py:3239} INFO - Sync 1 DAGs
[2025-03-09T23:30:29.255+0600] {logging_mixin.py:190} INFO - [2025-03-09T23:30:29.255+0600] {dag.py:4180} INFO - Setting next_dagrun for example_setup_teardown to None, run_after=None
[2025-03-09T23:30:29.282+0600] {processor.py:208} INFO - Processing /home/shamim/airflow_venv/lib/python3.12/site-packages/airflow/example_dags/example_setup_teardown.py took 0.092 seconds
[2025-03-09T23:32:19.516+0600] {processor.py:186} INFO - Started process (PID=28668) to work on /home/shamim/airflow_venv/lib/python3.12/site-packages/airflow/example_dags/example_setup_teardown.py
[2025-03-09T23:32:19.522+0600] {processor.py:914} INFO - Processing file /home/shamim/airflow_venv/lib/python3.12/site-packages/airflow/example_dags/example_setup_teardown.py for tasks to queue
[2025-03-09T23:32:19.525+0600] {logging_mixin.py:190} INFO - [2025-03-09T23:32:19.524+0600] {dagbag.py:588} INFO - Filling up the DagBag from /home/shamim/airflow_venv/lib/python3.12/site-packages/airflow/example_dags/example_setup_teardown.py
[2025-03-09T23:32:19.537+0600] {processor.py:925} INFO - DAG(s) 'example_setup_teardown' retrieved from /home/shamim/airflow_venv/lib/python3.12/site-packages/airflow/example_dags/example_setup_teardown.py
[2025-03-09T23:32:19.558+0600] {logging_mixin.py:190} INFO - [2025-03-09T23:32:19.557+0600] {dag.py:3239} INFO - Sync 1 DAGs
[2025-03-09T23:32:19.574+0600] {logging_mixin.py:190} INFO - [2025-03-09T23:32:19.573+0600] {dag.py:4180} INFO - Setting next_dagrun for example_setup_teardown to None, run_after=None
[2025-03-09T23:32:19.600+0600] {processor.py:208} INFO - Processing /home/shamim/airflow_venv/lib/python3.12/site-packages/airflow/example_dags/example_setup_teardown.py took 0.094 seconds
[2025-03-09T23:34:00.016+0600] {processor.py:186} INFO - Started process (PID=29190) to work on /home/shamim/airflow_venv/lib/python3.12/site-packages/airflow/example_dags/example_setup_teardown.py
[2025-03-09T23:34:00.023+0600] {processor.py:914} INFO - Processing file /home/shamim/airflow_venv/lib/python3.12/site-packages/airflow/example_dags/example_setup_teardown.py for tasks to queue
[2025-03-09T23:34:00.026+0600] {logging_mixin.py:190} INFO - [2025-03-09T23:34:00.025+0600] {dagbag.py:588} INFO - Filling up the DagBag from /home/shamim/airflow_venv/lib/python3.12/site-packages/airflow/example_dags/example_setup_teardown.py
[2025-03-09T23:34:00.038+0600] {processor.py:925} INFO - DAG(s) 'example_setup_teardown' retrieved from /home/shamim/airflow_venv/lib/python3.12/site-packages/airflow/example_dags/example_setup_teardown.py
[2025-03-09T23:34:00.060+0600] {logging_mixin.py:190} INFO - [2025-03-09T23:34:00.060+0600] {dag.py:3239} INFO - Sync 1 DAGs
[2025-03-09T23:34:00.077+0600] {logging_mixin.py:190} INFO - [2025-03-09T23:34:00.077+0600] {dag.py:4180} INFO - Setting next_dagrun for example_setup_teardown to None, run_after=None
[2025-03-09T23:34:00.106+0600] {processor.py:208} INFO - Processing /home/shamim/airflow_venv/lib/python3.12/site-packages/airflow/example_dags/example_setup_teardown.py took 0.098 seconds
[2025-03-09T23:35:29.808+0600] {processor.py:186} INFO - Started process (PID=29674) to work on /home/shamim/airflow_venv/lib/python3.12/site-packages/airflow/example_dags/example_setup_teardown.py
[2025-03-09T23:35:29.814+0600] {processor.py:914} INFO - Processing file /home/shamim/airflow_venv/lib/python3.12/site-packages/airflow/example_dags/example_setup_teardown.py for tasks to queue
[2025-03-09T23:35:29.818+0600] {logging_mixin.py:190} INFO - [2025-03-09T23:35:29.817+0600] {dagbag.py:588} INFO - Filling up the DagBag from /home/shamim/airflow_venv/lib/python3.12/site-packages/airflow/example_dags/example_setup_teardown.py
[2025-03-09T23:35:29.835+0600] {processor.py:925} INFO - DAG(s) 'example_setup_teardown' retrieved from /home/shamim/airflow_venv/lib/python3.12/site-packages/airflow/example_dags/example_setup_teardown.py
[2025-03-09T23:35:29.869+0600] {logging_mixin.py:190} INFO - [2025-03-09T23:35:29.869+0600] {dag.py:3239} INFO - Sync 1 DAGs
[2025-03-09T23:35:29.898+0600] {logging_mixin.py:190} INFO - [2025-03-09T23:35:29.898+0600] {dag.py:4180} INFO - Setting next_dagrun for example_setup_teardown to None, run_after=None
[2025-03-09T23:35:29.934+0600] {processor.py:208} INFO - Processing /home/shamim/airflow_venv/lib/python3.12/site-packages/airflow/example_dags/example_setup_teardown.py took 0.143 seconds
[2025-03-09T23:36:58.404+0600] {processor.py:186} INFO - Started process (PID=30190) to work on /home/shamim/airflow_venv/lib/python3.12/site-packages/airflow/example_dags/example_setup_teardown.py
[2025-03-09T23:36:58.410+0600] {processor.py:914} INFO - Processing file /home/shamim/airflow_venv/lib/python3.12/site-packages/airflow/example_dags/example_setup_teardown.py for tasks to queue
[2025-03-09T23:36:58.414+0600] {logging_mixin.py:190} INFO - [2025-03-09T23:36:58.413+0600] {dagbag.py:588} INFO - Filling up the DagBag from /home/shamim/airflow_venv/lib/python3.12/site-packages/airflow/example_dags/example_setup_teardown.py
[2025-03-09T23:36:58.428+0600] {processor.py:925} INFO - DAG(s) 'example_setup_teardown' retrieved from /home/shamim/airflow_venv/lib/python3.12/site-packages/airflow/example_dags/example_setup_teardown.py
[2025-03-09T23:36:58.450+0600] {logging_mixin.py:190} INFO - [2025-03-09T23:36:58.450+0600] {dag.py:3239} INFO - Sync 1 DAGs
[2025-03-09T23:36:58.466+0600] {logging_mixin.py:190} INFO - [2025-03-09T23:36:58.466+0600] {dag.py:4180} INFO - Setting next_dagrun for example_setup_teardown to None, run_after=None
[2025-03-09T23:36:58.495+0600] {processor.py:208} INFO - Processing /home/shamim/airflow_venv/lib/python3.12/site-packages/airflow/example_dags/example_setup_teardown.py took 0.100 seconds
[2025-03-09T23:38:19.252+0600] {processor.py:186} INFO - Started process (PID=30714) to work on /home/shamim/airflow_venv/lib/python3.12/site-packages/airflow/example_dags/example_setup_teardown.py
[2025-03-09T23:38:19.258+0600] {processor.py:914} INFO - Processing file /home/shamim/airflow_venv/lib/python3.12/site-packages/airflow/example_dags/example_setup_teardown.py for tasks to queue
[2025-03-09T23:38:19.261+0600] {logging_mixin.py:190} INFO - [2025-03-09T23:38:19.260+0600] {dagbag.py:588} INFO - Filling up the DagBag from /home/shamim/airflow_venv/lib/python3.12/site-packages/airflow/example_dags/example_setup_teardown.py
[2025-03-09T23:38:19.272+0600] {processor.py:925} INFO - DAG(s) 'example_setup_teardown' retrieved from /home/shamim/airflow_venv/lib/python3.12/site-packages/airflow/example_dags/example_setup_teardown.py
[2025-03-09T23:38:19.293+0600] {logging_mixin.py:190} INFO - [2025-03-09T23:38:19.293+0600] {dag.py:3239} INFO - Sync 1 DAGs
[2025-03-09T23:38:19.309+0600] {logging_mixin.py:190} INFO - [2025-03-09T23:38:19.309+0600] {dag.py:4180} INFO - Setting next_dagrun for example_setup_teardown to None, run_after=None
[2025-03-09T23:38:19.339+0600] {processor.py:208} INFO - Processing /home/shamim/airflow_venv/lib/python3.12/site-packages/airflow/example_dags/example_setup_teardown.py took 0.094 seconds
[2025-03-09T23:40:25.585+0600] {processor.py:186} INFO - Started process (PID=31890) to work on /home/shamim/airflow_venv/lib/python3.12/site-packages/airflow/example_dags/example_setup_teardown.py
[2025-03-09T23:40:25.591+0600] {processor.py:914} INFO - Processing file /home/shamim/airflow_venv/lib/python3.12/site-packages/airflow/example_dags/example_setup_teardown.py for tasks to queue
[2025-03-09T23:40:25.594+0600] {logging_mixin.py:190} INFO - [2025-03-09T23:40:25.593+0600] {dagbag.py:588} INFO - Filling up the DagBag from /home/shamim/airflow_venv/lib/python3.12/site-packages/airflow/example_dags/example_setup_teardown.py
[2025-03-09T23:40:25.605+0600] {processor.py:925} INFO - DAG(s) 'example_setup_teardown' retrieved from /home/shamim/airflow_venv/lib/python3.12/site-packages/airflow/example_dags/example_setup_teardown.py
[2025-03-09T23:40:25.625+0600] {logging_mixin.py:190} INFO - [2025-03-09T23:40:25.624+0600] {dag.py:3239} INFO - Sync 1 DAGs
[2025-03-09T23:40:25.641+0600] {logging_mixin.py:190} INFO - [2025-03-09T23:40:25.640+0600] {dag.py:4180} INFO - Setting next_dagrun for example_setup_teardown to None, run_after=None
[2025-03-09T23:40:25.682+0600] {processor.py:208} INFO - Processing /home/shamim/airflow_venv/lib/python3.12/site-packages/airflow/example_dags/example_setup_teardown.py took 0.104 seconds
[2025-03-09T23:42:02.161+0600] {processor.py:186} INFO - Started process (PID=32368) to work on /home/shamim/airflow_venv/lib/python3.12/site-packages/airflow/example_dags/example_setup_teardown.py
[2025-03-09T23:42:02.181+0600] {processor.py:914} INFO - Processing file /home/shamim/airflow_venv/lib/python3.12/site-packages/airflow/example_dags/example_setup_teardown.py for tasks to queue
[2025-03-09T23:42:02.183+0600] {logging_mixin.py:190} INFO - [2025-03-09T23:42:02.183+0600] {dagbag.py:588} INFO - Filling up the DagBag from /home/shamim/airflow_venv/lib/python3.12/site-packages/airflow/example_dags/example_setup_teardown.py
[2025-03-09T23:42:02.197+0600] {processor.py:925} INFO - DAG(s) 'example_setup_teardown' retrieved from /home/shamim/airflow_venv/lib/python3.12/site-packages/airflow/example_dags/example_setup_teardown.py
[2025-03-09T23:42:02.225+0600] {logging_mixin.py:190} INFO - [2025-03-09T23:42:02.225+0600] {dag.py:3239} INFO - Sync 1 DAGs
[2025-03-09T23:42:02.247+0600] {logging_mixin.py:190} INFO - [2025-03-09T23:42:02.247+0600] {dag.py:4180} INFO - Setting next_dagrun for example_setup_teardown to None, run_after=None
[2025-03-09T23:42:02.284+0600] {processor.py:208} INFO - Processing /home/shamim/airflow_venv/lib/python3.12/site-packages/airflow/example_dags/example_setup_teardown.py took 0.130 seconds
[2025-03-09T23:43:33.129+0600] {processor.py:186} INFO - Started process (PID=32869) to work on /home/shamim/airflow_venv/lib/python3.12/site-packages/airflow/example_dags/example_setup_teardown.py
[2025-03-09T23:43:33.136+0600] {processor.py:914} INFO - Processing file /home/shamim/airflow_venv/lib/python3.12/site-packages/airflow/example_dags/example_setup_teardown.py for tasks to queue
[2025-03-09T23:43:33.139+0600] {logging_mixin.py:190} INFO - [2025-03-09T23:43:33.139+0600] {dagbag.py:588} INFO - Filling up the DagBag from /home/shamim/airflow_venv/lib/python3.12/site-packages/airflow/example_dags/example_setup_teardown.py
[2025-03-09T23:43:33.155+0600] {processor.py:925} INFO - DAG(s) 'example_setup_teardown' retrieved from /home/shamim/airflow_venv/lib/python3.12/site-packages/airflow/example_dags/example_setup_teardown.py
[2025-03-09T23:43:33.180+0600] {logging_mixin.py:190} INFO - [2025-03-09T23:43:33.180+0600] {dag.py:3239} INFO - Sync 1 DAGs
[2025-03-09T23:43:33.198+0600] {logging_mixin.py:190} INFO - [2025-03-09T23:43:33.198+0600] {dag.py:4180} INFO - Setting next_dagrun for example_setup_teardown to None, run_after=None
[2025-03-09T23:43:33.227+0600] {processor.py:208} INFO - Processing /home/shamim/airflow_venv/lib/python3.12/site-packages/airflow/example_dags/example_setup_teardown.py took 0.109 seconds
[2025-03-09T23:45:03.654+0600] {processor.py:186} INFO - Started process (PID=33668) to work on /home/shamim/airflow_venv/lib/python3.12/site-packages/airflow/example_dags/example_setup_teardown.py
[2025-03-09T23:45:03.658+0600] {processor.py:914} INFO - Processing file /home/shamim/airflow_venv/lib/python3.12/site-packages/airflow/example_dags/example_setup_teardown.py for tasks to queue
[2025-03-09T23:45:03.662+0600] {logging_mixin.py:190} INFO - [2025-03-09T23:45:03.661+0600] {dagbag.py:588} INFO - Filling up the DagBag from /home/shamim/airflow_venv/lib/python3.12/site-packages/airflow/example_dags/example_setup_teardown.py
[2025-03-09T23:45:03.673+0600] {processor.py:925} INFO - DAG(s) 'example_setup_teardown' retrieved from /home/shamim/airflow_venv/lib/python3.12/site-packages/airflow/example_dags/example_setup_teardown.py
[2025-03-09T23:45:03.693+0600] {logging_mixin.py:190} INFO - [2025-03-09T23:45:03.692+0600] {dag.py:3239} INFO - Sync 1 DAGs
[2025-03-09T23:45:03.708+0600] {logging_mixin.py:190} INFO - [2025-03-09T23:45:03.708+0600] {dag.py:4180} INFO - Setting next_dagrun for example_setup_teardown to None, run_after=None
[2025-03-09T23:45:03.731+0600] {processor.py:208} INFO - Processing /home/shamim/airflow_venv/lib/python3.12/site-packages/airflow/example_dags/example_setup_teardown.py took 0.091 seconds
[2025-03-09T23:46:15.336+0600] {processor.py:186} INFO - Started process (PID=34098) to work on /home/shamim/airflow_venv/lib/python3.12/site-packages/airflow/example_dags/example_setup_teardown.py
[2025-03-09T23:46:15.342+0600] {processor.py:914} INFO - Processing file /home/shamim/airflow_venv/lib/python3.12/site-packages/airflow/example_dags/example_setup_teardown.py for tasks to queue
[2025-03-09T23:46:15.345+0600] {logging_mixin.py:190} INFO - [2025-03-09T23:46:15.344+0600] {dagbag.py:588} INFO - Filling up the DagBag from /home/shamim/airflow_venv/lib/python3.12/site-packages/airflow/example_dags/example_setup_teardown.py
[2025-03-09T23:46:15.356+0600] {processor.py:925} INFO - DAG(s) 'example_setup_teardown' retrieved from /home/shamim/airflow_venv/lib/python3.12/site-packages/airflow/example_dags/example_setup_teardown.py
[2025-03-09T23:46:15.376+0600] {logging_mixin.py:190} INFO - [2025-03-09T23:46:15.376+0600] {dag.py:3239} INFO - Sync 1 DAGs
[2025-03-09T23:46:15.392+0600] {logging_mixin.py:190} INFO - [2025-03-09T23:46:15.392+0600] {dag.py:4180} INFO - Setting next_dagrun for example_setup_teardown to None, run_after=None
[2025-03-09T23:46:15.430+0600] {processor.py:208} INFO - Processing /home/shamim/airflow_venv/lib/python3.12/site-packages/airflow/example_dags/example_setup_teardown.py took 0.101 seconds
[2025-03-09T23:47:46.513+0600] {processor.py:186} INFO - Started process (PID=34648) to work on /home/shamim/airflow_venv/lib/python3.12/site-packages/airflow/example_dags/example_setup_teardown.py
[2025-03-09T23:47:46.517+0600] {processor.py:914} INFO - Processing file /home/shamim/airflow_venv/lib/python3.12/site-packages/airflow/example_dags/example_setup_teardown.py for tasks to queue
[2025-03-09T23:47:46.526+0600] {logging_mixin.py:190} INFO - [2025-03-09T23:47:46.525+0600] {dagbag.py:588} INFO - Filling up the DagBag from /home/shamim/airflow_venv/lib/python3.12/site-packages/airflow/example_dags/example_setup_teardown.py
[2025-03-09T23:47:46.542+0600] {processor.py:925} INFO - DAG(s) 'example_setup_teardown' retrieved from /home/shamim/airflow_venv/lib/python3.12/site-packages/airflow/example_dags/example_setup_teardown.py
[2025-03-09T23:47:46.571+0600] {logging_mixin.py:190} INFO - [2025-03-09T23:47:46.571+0600] {dag.py:3239} INFO - Sync 1 DAGs
[2025-03-09T23:47:46.594+0600] {logging_mixin.py:190} INFO - [2025-03-09T23:47:46.594+0600] {dag.py:4180} INFO - Setting next_dagrun for example_setup_teardown to None, run_after=None
[2025-03-09T23:47:46.642+0600] {processor.py:208} INFO - Processing /home/shamim/airflow_venv/lib/python3.12/site-packages/airflow/example_dags/example_setup_teardown.py took 0.139 seconds
[2025-03-09T23:49:38.179+0600] {processor.py:186} INFO - Started process (PID=35356) to work on /home/shamim/airflow_venv/lib/python3.12/site-packages/airflow/example_dags/example_setup_teardown.py
[2025-03-09T23:49:38.191+0600] {processor.py:914} INFO - Processing file /home/shamim/airflow_venv/lib/python3.12/site-packages/airflow/example_dags/example_setup_teardown.py for tasks to queue
[2025-03-09T23:49:38.194+0600] {logging_mixin.py:190} INFO - [2025-03-09T23:49:38.193+0600] {dagbag.py:588} INFO - Filling up the DagBag from /home/shamim/airflow_venv/lib/python3.12/site-packages/airflow/example_dags/example_setup_teardown.py
[2025-03-09T23:49:38.205+0600] {processor.py:925} INFO - DAG(s) 'example_setup_teardown' retrieved from /home/shamim/airflow_venv/lib/python3.12/site-packages/airflow/example_dags/example_setup_teardown.py
[2025-03-09T23:49:38.225+0600] {logging_mixin.py:190} INFO - [2025-03-09T23:49:38.224+0600] {dag.py:3239} INFO - Sync 1 DAGs
[2025-03-09T23:49:38.240+0600] {logging_mixin.py:190} INFO - [2025-03-09T23:49:38.240+0600] {dag.py:4180} INFO - Setting next_dagrun for example_setup_teardown to None, run_after=None
[2025-03-09T23:49:38.275+0600] {processor.py:208} INFO - Processing /home/shamim/airflow_venv/lib/python3.12/site-packages/airflow/example_dags/example_setup_teardown.py took 0.104 seconds
[2025-03-09T23:51:50.269+0600] {processor.py:186} INFO - Started process (PID=36343) to work on /home/shamim/airflow_venv/lib/python3.12/site-packages/airflow/example_dags/example_setup_teardown.py
[2025-03-09T23:51:50.276+0600] {processor.py:914} INFO - Processing file /home/shamim/airflow_venv/lib/python3.12/site-packages/airflow/example_dags/example_setup_teardown.py for tasks to queue
[2025-03-09T23:51:50.283+0600] {logging_mixin.py:190} INFO - [2025-03-09T23:51:50.282+0600] {dagbag.py:588} INFO - Filling up the DagBag from /home/shamim/airflow_venv/lib/python3.12/site-packages/airflow/example_dags/example_setup_teardown.py
[2025-03-09T23:51:50.308+0600] {processor.py:925} INFO - DAG(s) 'example_setup_teardown' retrieved from /home/shamim/airflow_venv/lib/python3.12/site-packages/airflow/example_dags/example_setup_teardown.py
[2025-03-09T23:51:50.330+0600] {logging_mixin.py:190} INFO - [2025-03-09T23:51:50.329+0600] {dag.py:3239} INFO - Sync 1 DAGs
[2025-03-09T23:51:50.345+0600] {logging_mixin.py:190} INFO - [2025-03-09T23:51:50.345+0600] {dag.py:4180} INFO - Setting next_dagrun for example_setup_teardown to None, run_after=None
[2025-03-09T23:51:50.370+0600] {processor.py:208} INFO - Processing /home/shamim/airflow_venv/lib/python3.12/site-packages/airflow/example_dags/example_setup_teardown.py took 0.121 seconds
[2025-03-09T23:53:19.718+0600] {processor.py:186} INFO - Started process (PID=36835) to work on /home/shamim/airflow_venv/lib/python3.12/site-packages/airflow/example_dags/example_setup_teardown.py
[2025-03-09T23:53:19.724+0600] {processor.py:914} INFO - Processing file /home/shamim/airflow_venv/lib/python3.12/site-packages/airflow/example_dags/example_setup_teardown.py for tasks to queue
[2025-03-09T23:53:19.727+0600] {logging_mixin.py:190} INFO - [2025-03-09T23:53:19.726+0600] {dagbag.py:588} INFO - Filling up the DagBag from /home/shamim/airflow_venv/lib/python3.12/site-packages/airflow/example_dags/example_setup_teardown.py
[2025-03-09T23:53:19.737+0600] {processor.py:925} INFO - DAG(s) 'example_setup_teardown' retrieved from /home/shamim/airflow_venv/lib/python3.12/site-packages/airflow/example_dags/example_setup_teardown.py
[2025-03-09T23:53:19.758+0600] {logging_mixin.py:190} INFO - [2025-03-09T23:53:19.758+0600] {dag.py:3239} INFO - Sync 1 DAGs
[2025-03-09T23:53:19.775+0600] {logging_mixin.py:190} INFO - [2025-03-09T23:53:19.775+0600] {dag.py:4180} INFO - Setting next_dagrun for example_setup_teardown to None, run_after=None
[2025-03-09T23:53:19.800+0600] {processor.py:208} INFO - Processing /home/shamim/airflow_venv/lib/python3.12/site-packages/airflow/example_dags/example_setup_teardown.py took 0.092 seconds
[2025-03-09T23:54:48.740+0600] {processor.py:186} INFO - Started process (PID=37803) to work on /home/shamim/airflow_venv/lib/python3.12/site-packages/airflow/example_dags/example_setup_teardown.py
[2025-03-09T23:54:48.744+0600] {processor.py:914} INFO - Processing file /home/shamim/airflow_venv/lib/python3.12/site-packages/airflow/example_dags/example_setup_teardown.py for tasks to queue
[2025-03-09T23:54:48.757+0600] {logging_mixin.py:190} INFO - [2025-03-09T23:54:48.756+0600] {dagbag.py:588} INFO - Filling up the DagBag from /home/shamim/airflow_venv/lib/python3.12/site-packages/airflow/example_dags/example_setup_teardown.py
[2025-03-09T23:54:48.784+0600] {processor.py:925} INFO - DAG(s) 'example_setup_teardown' retrieved from /home/shamim/airflow_venv/lib/python3.12/site-packages/airflow/example_dags/example_setup_teardown.py
[2025-03-09T23:54:48.819+0600] {logging_mixin.py:190} INFO - [2025-03-09T23:54:48.818+0600] {dag.py:3239} INFO - Sync 1 DAGs
[2025-03-09T23:54:48.843+0600] {logging_mixin.py:190} INFO - [2025-03-09T23:54:48.843+0600] {dag.py:4180} INFO - Setting next_dagrun for example_setup_teardown to None, run_after=None
[2025-03-09T23:54:48.885+0600] {processor.py:208} INFO - Processing /home/shamim/airflow_venv/lib/python3.12/site-packages/airflow/example_dags/example_setup_teardown.py took 0.166 seconds
[2025-03-09T23:56:26.567+0600] {processor.py:186} INFO - Started process (PID=38297) to work on /home/shamim/airflow_venv/lib/python3.12/site-packages/airflow/example_dags/example_setup_teardown.py
[2025-03-09T23:56:26.568+0600] {processor.py:914} INFO - Processing file /home/shamim/airflow_venv/lib/python3.12/site-packages/airflow/example_dags/example_setup_teardown.py for tasks to queue
[2025-03-09T23:56:26.571+0600] {logging_mixin.py:190} INFO - [2025-03-09T23:56:26.570+0600] {dagbag.py:588} INFO - Filling up the DagBag from /home/shamim/airflow_venv/lib/python3.12/site-packages/airflow/example_dags/example_setup_teardown.py
[2025-03-09T23:56:26.582+0600] {processor.py:925} INFO - DAG(s) 'example_setup_teardown' retrieved from /home/shamim/airflow_venv/lib/python3.12/site-packages/airflow/example_dags/example_setup_teardown.py
[2025-03-09T23:56:26.602+0600] {logging_mixin.py:190} INFO - [2025-03-09T23:56:26.602+0600] {dag.py:3239} INFO - Sync 1 DAGs
[2025-03-09T23:56:26.619+0600] {logging_mixin.py:190} INFO - [2025-03-09T23:56:26.619+0600] {dag.py:4180} INFO - Setting next_dagrun for example_setup_teardown to None, run_after=None
[2025-03-09T23:56:26.647+0600] {processor.py:208} INFO - Processing /home/shamim/airflow_venv/lib/python3.12/site-packages/airflow/example_dags/example_setup_teardown.py took 0.090 seconds
[2025-03-09T23:57:58.026+0600] {processor.py:186} INFO - Started process (PID=38821) to work on /home/shamim/airflow_venv/lib/python3.12/site-packages/airflow/example_dags/example_setup_teardown.py
[2025-03-09T23:57:58.033+0600] {processor.py:914} INFO - Processing file /home/shamim/airflow_venv/lib/python3.12/site-packages/airflow/example_dags/example_setup_teardown.py for tasks to queue
[2025-03-09T23:57:58.036+0600] {logging_mixin.py:190} INFO - [2025-03-09T23:57:58.035+0600] {dagbag.py:588} INFO - Filling up the DagBag from /home/shamim/airflow_venv/lib/python3.12/site-packages/airflow/example_dags/example_setup_teardown.py
[2025-03-09T23:57:58.050+0600] {processor.py:925} INFO - DAG(s) 'example_setup_teardown' retrieved from /home/shamim/airflow_venv/lib/python3.12/site-packages/airflow/example_dags/example_setup_teardown.py
[2025-03-09T23:57:58.079+0600] {logging_mixin.py:190} INFO - [2025-03-09T23:57:58.078+0600] {dag.py:3239} INFO - Sync 1 DAGs
[2025-03-09T23:57:58.102+0600] {logging_mixin.py:190} INFO - [2025-03-09T23:57:58.101+0600] {dag.py:4180} INFO - Setting next_dagrun for example_setup_teardown to None, run_after=None
[2025-03-09T23:57:58.131+0600] {processor.py:208} INFO - Processing /home/shamim/airflow_venv/lib/python3.12/site-packages/airflow/example_dags/example_setup_teardown.py took 0.120 seconds
[2025-03-09T23:59:40.902+0600] {processor.py:186} INFO - Started process (PID=39460) to work on /home/shamim/airflow_venv/lib/python3.12/site-packages/airflow/example_dags/example_setup_teardown.py
[2025-03-09T23:59:40.908+0600] {processor.py:914} INFO - Processing file /home/shamim/airflow_venv/lib/python3.12/site-packages/airflow/example_dags/example_setup_teardown.py for tasks to queue
[2025-03-09T23:59:40.912+0600] {logging_mixin.py:190} INFO - [2025-03-09T23:59:40.912+0600] {dagbag.py:588} INFO - Filling up the DagBag from /home/shamim/airflow_venv/lib/python3.12/site-packages/airflow/example_dags/example_setup_teardown.py
[2025-03-09T23:59:40.929+0600] {processor.py:925} INFO - DAG(s) 'example_setup_teardown' retrieved from /home/shamim/airflow_venv/lib/python3.12/site-packages/airflow/example_dags/example_setup_teardown.py
[2025-03-09T23:59:40.957+0600] {logging_mixin.py:190} INFO - [2025-03-09T23:59:40.957+0600] {dag.py:3239} INFO - Sync 1 DAGs
[2025-03-09T23:59:40.982+0600] {logging_mixin.py:190} INFO - [2025-03-09T23:59:40.982+0600] {dag.py:4180} INFO - Setting next_dagrun for example_setup_teardown to None, run_after=None
[2025-03-09T23:59:41.021+0600] {processor.py:208} INFO - Processing /home/shamim/airflow_venv/lib/python3.12/site-packages/airflow/example_dags/example_setup_teardown.py took 0.133 seconds
[2025-03-10T00:01:23.169+0600] {processor.py:186} INFO - Started process (PID=40127) to work on /home/shamim/airflow_venv/lib/python3.12/site-packages/airflow/example_dags/example_setup_teardown.py
[2025-03-10T00:01:23.176+0600] {processor.py:914} INFO - Processing file /home/shamim/airflow_venv/lib/python3.12/site-packages/airflow/example_dags/example_setup_teardown.py for tasks to queue
[2025-03-10T00:01:23.182+0600] {logging_mixin.py:190} INFO - [2025-03-10T00:01:23.181+0600] {dagbag.py:588} INFO - Filling up the DagBag from /home/shamim/airflow_venv/lib/python3.12/site-packages/airflow/example_dags/example_setup_teardown.py
[2025-03-10T00:01:23.210+0600] {processor.py:925} INFO - DAG(s) 'example_setup_teardown' retrieved from /home/shamim/airflow_venv/lib/python3.12/site-packages/airflow/example_dags/example_setup_teardown.py
[2025-03-10T00:01:23.257+0600] {logging_mixin.py:190} INFO - [2025-03-10T00:01:23.257+0600] {dag.py:3239} INFO - Sync 1 DAGs
[2025-03-10T00:01:23.288+0600] {logging_mixin.py:190} INFO - [2025-03-10T00:01:23.288+0600] {dag.py:4180} INFO - Setting next_dagrun for example_setup_teardown to None, run_after=None
[2025-03-10T00:01:23.347+0600] {processor.py:208} INFO - Processing /home/shamim/airflow_venv/lib/python3.12/site-packages/airflow/example_dags/example_setup_teardown.py took 0.203 seconds
[2025-03-10T00:03:16.810+0600] {processor.py:186} INFO - Started process (PID=40683) to work on /home/shamim/airflow_venv/lib/python3.12/site-packages/airflow/example_dags/example_setup_teardown.py
[2025-03-10T00:03:16.816+0600] {processor.py:914} INFO - Processing file /home/shamim/airflow_venv/lib/python3.12/site-packages/airflow/example_dags/example_setup_teardown.py for tasks to queue
[2025-03-10T00:03:16.820+0600] {logging_mixin.py:190} INFO - [2025-03-10T00:03:16.820+0600] {dagbag.py:588} INFO - Filling up the DagBag from /home/shamim/airflow_venv/lib/python3.12/site-packages/airflow/example_dags/example_setup_teardown.py
[2025-03-10T00:03:16.833+0600] {processor.py:925} INFO - DAG(s) 'example_setup_teardown' retrieved from /home/shamim/airflow_venv/lib/python3.12/site-packages/airflow/example_dags/example_setup_teardown.py
[2025-03-10T00:03:16.856+0600] {logging_mixin.py:190} INFO - [2025-03-10T00:03:16.856+0600] {dag.py:3239} INFO - Sync 1 DAGs
[2025-03-10T00:03:16.879+0600] {logging_mixin.py:190} INFO - [2025-03-10T00:03:16.879+0600] {dag.py:4180} INFO - Setting next_dagrun for example_setup_teardown to None, run_after=None
[2025-03-10T00:03:16.918+0600] {processor.py:208} INFO - Processing /home/shamim/airflow_venv/lib/python3.12/site-packages/airflow/example_dags/example_setup_teardown.py took 0.119 seconds
[2025-03-10T00:05:10.538+0600] {processor.py:186} INFO - Started process (PID=41205) to work on /home/shamim/airflow_venv/lib/python3.12/site-packages/airflow/example_dags/example_setup_teardown.py
[2025-03-10T00:05:10.542+0600] {processor.py:914} INFO - Processing file /home/shamim/airflow_venv/lib/python3.12/site-packages/airflow/example_dags/example_setup_teardown.py for tasks to queue
[2025-03-10T00:05:10.546+0600] {logging_mixin.py:190} INFO - [2025-03-10T00:05:10.545+0600] {dagbag.py:588} INFO - Filling up the DagBag from /home/shamim/airflow_venv/lib/python3.12/site-packages/airflow/example_dags/example_setup_teardown.py
[2025-03-10T00:05:10.562+0600] {processor.py:925} INFO - DAG(s) 'example_setup_teardown' retrieved from /home/shamim/airflow_venv/lib/python3.12/site-packages/airflow/example_dags/example_setup_teardown.py
[2025-03-10T00:05:10.590+0600] {logging_mixin.py:190} INFO - [2025-03-10T00:05:10.590+0600] {dag.py:3239} INFO - Sync 1 DAGs
[2025-03-10T00:05:10.621+0600] {logging_mixin.py:190} INFO - [2025-03-10T00:05:10.620+0600] {dag.py:4180} INFO - Setting next_dagrun for example_setup_teardown to None, run_after=None
[2025-03-10T00:05:10.655+0600] {processor.py:208} INFO - Processing /home/shamim/airflow_venv/lib/python3.12/site-packages/airflow/example_dags/example_setup_teardown.py took 0.130 seconds
[2025-03-10T00:07:04.944+0600] {processor.py:186} INFO - Started process (PID=41754) to work on /home/shamim/airflow_venv/lib/python3.12/site-packages/airflow/example_dags/example_setup_teardown.py
[2025-03-10T00:07:04.954+0600] {processor.py:914} INFO - Processing file /home/shamim/airflow_venv/lib/python3.12/site-packages/airflow/example_dags/example_setup_teardown.py for tasks to queue
[2025-03-10T00:07:04.960+0600] {logging_mixin.py:190} INFO - [2025-03-10T00:07:04.959+0600] {dagbag.py:588} INFO - Filling up the DagBag from /home/shamim/airflow_venv/lib/python3.12/site-packages/airflow/example_dags/example_setup_teardown.py
[2025-03-10T00:07:04.978+0600] {processor.py:925} INFO - DAG(s) 'example_setup_teardown' retrieved from /home/shamim/airflow_venv/lib/python3.12/site-packages/airflow/example_dags/example_setup_teardown.py
[2025-03-10T00:07:05.011+0600] {logging_mixin.py:190} INFO - [2025-03-10T00:07:05.010+0600] {dag.py:3239} INFO - Sync 1 DAGs
[2025-03-10T00:07:05.031+0600] {logging_mixin.py:190} INFO - [2025-03-10T00:07:05.031+0600] {dag.py:4180} INFO - Setting next_dagrun for example_setup_teardown to None, run_after=None
[2025-03-10T00:07:05.071+0600] {processor.py:208} INFO - Processing /home/shamim/airflow_venv/lib/python3.12/site-packages/airflow/example_dags/example_setup_teardown.py took 0.157 seconds
[2025-03-10T00:12:16.380+0600] {processor.py:186} INFO - Started process (PID=44486) to work on /home/shamim/airflow_venv/lib/python3.12/site-packages/airflow/example_dags/example_setup_teardown.py
[2025-03-10T00:12:16.387+0600] {processor.py:914} INFO - Processing file /home/shamim/airflow_venv/lib/python3.12/site-packages/airflow/example_dags/example_setup_teardown.py for tasks to queue
[2025-03-10T00:12:16.389+0600] {logging_mixin.py:190} INFO - [2025-03-10T00:12:16.388+0600] {dagbag.py:588} INFO - Filling up the DagBag from /home/shamim/airflow_venv/lib/python3.12/site-packages/airflow/example_dags/example_setup_teardown.py
[2025-03-10T00:12:16.397+0600] {processor.py:925} INFO - DAG(s) 'example_setup_teardown' retrieved from /home/shamim/airflow_venv/lib/python3.12/site-packages/airflow/example_dags/example_setup_teardown.py
[2025-03-10T00:12:16.422+0600] {logging_mixin.py:190} INFO - [2025-03-10T00:12:16.421+0600] {dag.py:3239} INFO - Sync 1 DAGs
[2025-03-10T00:12:16.438+0600] {logging_mixin.py:190} INFO - [2025-03-10T00:12:16.438+0600] {dag.py:4180} INFO - Setting next_dagrun for example_setup_teardown to None, run_after=None
[2025-03-10T00:12:16.471+0600] {processor.py:208} INFO - Processing /home/shamim/airflow_venv/lib/python3.12/site-packages/airflow/example_dags/example_setup_teardown.py took 0.098 seconds
[2025-03-10T00:13:29.251+0600] {processor.py:186} INFO - Started process (PID=45581) to work on /home/shamim/airflow_venv/lib/python3.12/site-packages/airflow/example_dags/example_setup_teardown.py
[2025-03-10T00:13:29.267+0600] {processor.py:914} INFO - Processing file /home/shamim/airflow_venv/lib/python3.12/site-packages/airflow/example_dags/example_setup_teardown.py for tasks to queue
[2025-03-10T00:13:29.268+0600] {logging_mixin.py:190} INFO - [2025-03-10T00:13:29.268+0600] {dagbag.py:588} INFO - Filling up the DagBag from /home/shamim/airflow_venv/lib/python3.12/site-packages/airflow/example_dags/example_setup_teardown.py
[2025-03-10T00:13:29.276+0600] {processor.py:925} INFO - DAG(s) 'example_setup_teardown' retrieved from /home/shamim/airflow_venv/lib/python3.12/site-packages/airflow/example_dags/example_setup_teardown.py
[2025-03-10T00:13:29.296+0600] {logging_mixin.py:190} INFO - [2025-03-10T00:13:29.296+0600] {dag.py:3239} INFO - Sync 1 DAGs
[2025-03-10T00:13:29.312+0600] {logging_mixin.py:190} INFO - [2025-03-10T00:13:29.312+0600] {dag.py:4180} INFO - Setting next_dagrun for example_setup_teardown to None, run_after=None
[2025-03-10T00:13:29.335+0600] {processor.py:208} INFO - Processing /home/shamim/airflow_venv/lib/python3.12/site-packages/airflow/example_dags/example_setup_teardown.py took 0.091 seconds
[2025-03-10T00:14:53.154+0600] {processor.py:186} INFO - Started process (PID=46045) to work on /home/shamim/airflow_venv/lib/python3.12/site-packages/airflow/example_dags/example_setup_teardown.py
[2025-03-10T00:14:53.160+0600] {processor.py:914} INFO - Processing file /home/shamim/airflow_venv/lib/python3.12/site-packages/airflow/example_dags/example_setup_teardown.py for tasks to queue
[2025-03-10T00:14:53.162+0600] {logging_mixin.py:190} INFO - [2025-03-10T00:14:53.161+0600] {dagbag.py:588} INFO - Filling up the DagBag from /home/shamim/airflow_venv/lib/python3.12/site-packages/airflow/example_dags/example_setup_teardown.py
[2025-03-10T00:14:53.171+0600] {processor.py:925} INFO - DAG(s) 'example_setup_teardown' retrieved from /home/shamim/airflow_venv/lib/python3.12/site-packages/airflow/example_dags/example_setup_teardown.py
[2025-03-10T00:14:53.199+0600] {logging_mixin.py:190} INFO - [2025-03-10T00:14:53.198+0600] {dag.py:3239} INFO - Sync 1 DAGs
[2025-03-10T00:14:53.217+0600] {logging_mixin.py:190} INFO - [2025-03-10T00:14:53.216+0600] {dag.py:4180} INFO - Setting next_dagrun for example_setup_teardown to None, run_after=None
[2025-03-10T00:14:53.254+0600] {processor.py:208} INFO - Processing /home/shamim/airflow_venv/lib/python3.12/site-packages/airflow/example_dags/example_setup_teardown.py took 0.109 seconds
[2025-03-10T00:28:44.037+0600] {processor.py:186} INFO - Started process (PID=47981) to work on /home/shamim/airflow_venv/lib/python3.12/site-packages/airflow/example_dags/example_setup_teardown.py
[2025-03-10T00:28:44.042+0600] {processor.py:914} INFO - Processing file /home/shamim/airflow_venv/lib/python3.12/site-packages/airflow/example_dags/example_setup_teardown.py for tasks to queue
[2025-03-10T00:28:44.048+0600] {logging_mixin.py:190} INFO - [2025-03-10T00:28:44.046+0600] {dagbag.py:588} INFO - Filling up the DagBag from /home/shamim/airflow_venv/lib/python3.12/site-packages/airflow/example_dags/example_setup_teardown.py
[2025-03-10T00:28:44.074+0600] {processor.py:925} INFO - DAG(s) 'example_setup_teardown' retrieved from /home/shamim/airflow_venv/lib/python3.12/site-packages/airflow/example_dags/example_setup_teardown.py
[2025-03-10T00:28:44.130+0600] {logging_mixin.py:190} INFO - [2025-03-10T00:28:44.129+0600] {dag.py:3239} INFO - Sync 1 DAGs
[2025-03-10T00:28:44.158+0600] {logging_mixin.py:190} INFO - [2025-03-10T00:28:44.158+0600] {dag.py:4180} INFO - Setting next_dagrun for example_setup_teardown to None, run_after=None
[2025-03-10T00:28:44.186+0600] {processor.py:208} INFO - Processing /home/shamim/airflow_venv/lib/python3.12/site-packages/airflow/example_dags/example_setup_teardown.py took 0.172 seconds
[2025-03-10T00:30:11.035+0600] {processor.py:186} INFO - Started process (PID=48313) to work on /home/shamim/airflow_venv/lib/python3.12/site-packages/airflow/example_dags/example_setup_teardown.py
[2025-03-10T00:30:11.042+0600] {processor.py:914} INFO - Processing file /home/shamim/airflow_venv/lib/python3.12/site-packages/airflow/example_dags/example_setup_teardown.py for tasks to queue
[2025-03-10T00:30:11.044+0600] {logging_mixin.py:190} INFO - [2025-03-10T00:30:11.043+0600] {dagbag.py:588} INFO - Filling up the DagBag from /home/shamim/airflow_venv/lib/python3.12/site-packages/airflow/example_dags/example_setup_teardown.py
[2025-03-10T00:30:11.054+0600] {processor.py:925} INFO - DAG(s) 'example_setup_teardown' retrieved from /home/shamim/airflow_venv/lib/python3.12/site-packages/airflow/example_dags/example_setup_teardown.py
[2025-03-10T00:30:11.079+0600] {logging_mixin.py:190} INFO - [2025-03-10T00:30:11.079+0600] {dag.py:3239} INFO - Sync 1 DAGs
[2025-03-10T00:30:11.098+0600] {logging_mixin.py:190} INFO - [2025-03-10T00:30:11.098+0600] {dag.py:4180} INFO - Setting next_dagrun for example_setup_teardown to None, run_after=None
[2025-03-10T00:30:11.135+0600] {processor.py:208} INFO - Processing /home/shamim/airflow_venv/lib/python3.12/site-packages/airflow/example_dags/example_setup_teardown.py took 0.109 seconds
[2025-03-10T00:31:26.477+0600] {processor.py:186} INFO - Started process (PID=48386) to work on /home/shamim/airflow_venv/lib/python3.12/site-packages/airflow/example_dags/example_setup_teardown.py
[2025-03-10T00:31:26.485+0600] {processor.py:914} INFO - Processing file /home/shamim/airflow_venv/lib/python3.12/site-packages/airflow/example_dags/example_setup_teardown.py for tasks to queue
[2025-03-10T00:31:26.488+0600] {logging_mixin.py:190} INFO - [2025-03-10T00:31:26.487+0600] {dagbag.py:588} INFO - Filling up the DagBag from /home/shamim/airflow_venv/lib/python3.12/site-packages/airflow/example_dags/example_setup_teardown.py
[2025-03-10T00:31:26.503+0600] {processor.py:925} INFO - DAG(s) 'example_setup_teardown' retrieved from /home/shamim/airflow_venv/lib/python3.12/site-packages/airflow/example_dags/example_setup_teardown.py
[2025-03-10T00:31:26.536+0600] {logging_mixin.py:190} INFO - [2025-03-10T00:31:26.536+0600] {dag.py:3239} INFO - Sync 1 DAGs
[2025-03-10T00:31:26.561+0600] {logging_mixin.py:190} INFO - [2025-03-10T00:31:26.561+0600] {dag.py:4180} INFO - Setting next_dagrun for example_setup_teardown to None, run_after=None
[2025-03-10T00:31:26.602+0600] {processor.py:208} INFO - Processing /home/shamim/airflow_venv/lib/python3.12/site-packages/airflow/example_dags/example_setup_teardown.py took 0.152 seconds
