[2025-03-09T23:14:42.214+0600] {processor.py:186} INFO - Started process (PID=21200) to work on /home/shamim/airflow_venv/lib/python3.12/site-packages/airflow/example_dags/example_task_group.py
[2025-03-09T23:14:42.215+0600] {processor.py:914} INFO - Processing file /home/shamim/airflow_venv/lib/python3.12/site-packages/airflow/example_dags/example_task_group.py for tasks to queue
[2025-03-09T23:14:42.218+0600] {logging_mixin.py:190} INFO - [2025-03-09T23:14:42.218+0600] {dagbag.py:588} INFO - Filling up the DagBag from /home/shamim/airflow_venv/lib/python3.12/site-packages/airflow/example_dags/example_task_group.py
[2025-03-09T23:14:42.230+0600] {processor.py:925} INFO - DAG(s) 'example_task_group' retrieved from /home/shamim/airflow_venv/lib/python3.12/site-packages/airflow/example_dags/example_task_group.py
[2025-03-09T23:14:42.253+0600] {logging_mixin.py:190} INFO - [2025-03-09T23:14:42.253+0600] {dag.py:3239} INFO - Sync 1 DAGs
[2025-03-09T23:14:42.270+0600] {logging_mixin.py:190} INFO - [2025-03-09T23:14:42.270+0600] {dag.py:4180} INFO - Setting next_dagrun for example_task_group to None, run_after=None
[2025-03-09T23:14:42.306+0600] {processor.py:208} INFO - Processing /home/shamim/airflow_venv/lib/python3.12/site-packages/airflow/example_dags/example_task_group.py took 0.100 seconds
[2025-03-09T23:16:32.855+0600] {processor.py:186} INFO - Started process (PID=21999) to work on /home/shamim/airflow_venv/lib/python3.12/site-packages/airflow/example_dags/example_task_group.py
[2025-03-09T23:16:32.861+0600] {processor.py:914} INFO - Processing file /home/shamim/airflow_venv/lib/python3.12/site-packages/airflow/example_dags/example_task_group.py for tasks to queue
[2025-03-09T23:16:32.864+0600] {logging_mixin.py:190} INFO - [2025-03-09T23:16:32.863+0600] {dagbag.py:588} INFO - Filling up the DagBag from /home/shamim/airflow_venv/lib/python3.12/site-packages/airflow/example_dags/example_task_group.py
[2025-03-09T23:16:32.875+0600] {processor.py:925} INFO - DAG(s) 'example_task_group' retrieved from /home/shamim/airflow_venv/lib/python3.12/site-packages/airflow/example_dags/example_task_group.py
[2025-03-09T23:16:32.896+0600] {logging_mixin.py:190} INFO - [2025-03-09T23:16:32.895+0600] {dag.py:3239} INFO - Sync 1 DAGs
[2025-03-09T23:16:32.911+0600] {logging_mixin.py:190} INFO - [2025-03-09T23:16:32.910+0600] {dag.py:4180} INFO - Setting next_dagrun for example_task_group to None, run_after=None
[2025-03-09T23:16:32.937+0600] {processor.py:208} INFO - Processing /home/shamim/airflow_venv/lib/python3.12/site-packages/airflow/example_dags/example_task_group.py took 0.089 seconds
[2025-03-09T23:18:01.319+0600] {processor.py:186} INFO - Started process (PID=22582) to work on /home/shamim/airflow_venv/lib/python3.12/site-packages/airflow/example_dags/example_task_group.py
[2025-03-09T23:18:01.326+0600] {processor.py:914} INFO - Processing file /home/shamim/airflow_venv/lib/python3.12/site-packages/airflow/example_dags/example_task_group.py for tasks to queue
[2025-03-09T23:18:01.328+0600] {logging_mixin.py:190} INFO - [2025-03-09T23:18:01.327+0600] {dagbag.py:588} INFO - Filling up the DagBag from /home/shamim/airflow_venv/lib/python3.12/site-packages/airflow/example_dags/example_task_group.py
[2025-03-09T23:18:01.339+0600] {processor.py:925} INFO - DAG(s) 'example_task_group' retrieved from /home/shamim/airflow_venv/lib/python3.12/site-packages/airflow/example_dags/example_task_group.py
[2025-03-09T23:18:01.368+0600] {logging_mixin.py:190} INFO - [2025-03-09T23:18:01.367+0600] {dag.py:3239} INFO - Sync 1 DAGs
[2025-03-09T23:18:01.392+0600] {logging_mixin.py:190} INFO - [2025-03-09T23:18:01.392+0600] {dag.py:4180} INFO - Setting next_dagrun for example_task_group to None, run_after=None
[2025-03-09T23:18:01.433+0600] {processor.py:208} INFO - Processing /home/shamim/airflow_venv/lib/python3.12/site-packages/airflow/example_dags/example_task_group.py took 0.121 seconds
[2025-03-09T23:19:54.862+0600] {processor.py:186} INFO - Started process (PID=23567) to work on /home/shamim/airflow_venv/lib/python3.12/site-packages/airflow/example_dags/example_task_group.py
[2025-03-09T23:19:54.867+0600] {processor.py:914} INFO - Processing file /home/shamim/airflow_venv/lib/python3.12/site-packages/airflow/example_dags/example_task_group.py for tasks to queue
[2025-03-09T23:19:54.870+0600] {logging_mixin.py:190} INFO - [2025-03-09T23:19:54.870+0600] {dagbag.py:588} INFO - Filling up the DagBag from /home/shamim/airflow_venv/lib/python3.12/site-packages/airflow/example_dags/example_task_group.py
[2025-03-09T23:19:54.881+0600] {processor.py:925} INFO - DAG(s) 'example_task_group' retrieved from /home/shamim/airflow_venv/lib/python3.12/site-packages/airflow/example_dags/example_task_group.py
[2025-03-09T23:19:54.902+0600] {logging_mixin.py:190} INFO - [2025-03-09T23:19:54.902+0600] {dag.py:3239} INFO - Sync 1 DAGs
[2025-03-09T23:19:54.917+0600] {logging_mixin.py:190} INFO - [2025-03-09T23:19:54.917+0600] {dag.py:4180} INFO - Setting next_dagrun for example_task_group to None, run_after=None
[2025-03-09T23:19:54.943+0600] {processor.py:208} INFO - Processing /home/shamim/airflow_venv/lib/python3.12/site-packages/airflow/example_dags/example_task_group.py took 0.089 seconds
[2025-03-09T23:21:16.174+0600] {processor.py:186} INFO - Started process (PID=24107) to work on /home/shamim/airflow_venv/lib/python3.12/site-packages/airflow/example_dags/example_task_group.py
[2025-03-09T23:21:16.180+0600] {processor.py:914} INFO - Processing file /home/shamim/airflow_venv/lib/python3.12/site-packages/airflow/example_dags/example_task_group.py for tasks to queue
[2025-03-09T23:21:16.185+0600] {logging_mixin.py:190} INFO - [2025-03-09T23:21:16.185+0600] {dagbag.py:588} INFO - Filling up the DagBag from /home/shamim/airflow_venv/lib/python3.12/site-packages/airflow/example_dags/example_task_group.py
[2025-03-09T23:21:16.200+0600] {processor.py:925} INFO - DAG(s) 'example_task_group' retrieved from /home/shamim/airflow_venv/lib/python3.12/site-packages/airflow/example_dags/example_task_group.py
[2025-03-09T23:21:16.223+0600] {logging_mixin.py:190} INFO - [2025-03-09T23:21:16.223+0600] {dag.py:3239} INFO - Sync 1 DAGs
[2025-03-09T23:21:16.241+0600] {logging_mixin.py:190} INFO - [2025-03-09T23:21:16.241+0600] {dag.py:4180} INFO - Setting next_dagrun for example_task_group to None, run_after=None
[2025-03-09T23:21:16.267+0600] {processor.py:208} INFO - Processing /home/shamim/airflow_venv/lib/python3.12/site-packages/airflow/example_dags/example_task_group.py took 0.104 seconds
[2025-03-09T23:22:47.584+0600] {processor.py:186} INFO - Started process (PID=24724) to work on /home/shamim/airflow_venv/lib/python3.12/site-packages/airflow/example_dags/example_task_group.py
[2025-03-09T23:22:47.588+0600] {processor.py:914} INFO - Processing file /home/shamim/airflow_venv/lib/python3.12/site-packages/airflow/example_dags/example_task_group.py for tasks to queue
[2025-03-09T23:22:47.591+0600] {logging_mixin.py:190} INFO - [2025-03-09T23:22:47.591+0600] {dagbag.py:588} INFO - Filling up the DagBag from /home/shamim/airflow_venv/lib/python3.12/site-packages/airflow/example_dags/example_task_group.py
[2025-03-09T23:22:47.602+0600] {processor.py:925} INFO - DAG(s) 'example_task_group' retrieved from /home/shamim/airflow_venv/lib/python3.12/site-packages/airflow/example_dags/example_task_group.py
[2025-03-09T23:22:47.623+0600] {logging_mixin.py:190} INFO - [2025-03-09T23:22:47.622+0600] {dag.py:3239} INFO - Sync 1 DAGs
[2025-03-09T23:22:47.638+0600] {logging_mixin.py:190} INFO - [2025-03-09T23:22:47.637+0600] {dag.py:4180} INFO - Setting next_dagrun for example_task_group to None, run_after=None
[2025-03-09T23:22:47.661+0600] {processor.py:208} INFO - Processing /home/shamim/airflow_venv/lib/python3.12/site-packages/airflow/example_dags/example_task_group.py took 0.085 seconds
[2025-03-09T23:24:12.807+0600] {processor.py:186} INFO - Started process (PID=25281) to work on /home/shamim/airflow_venv/lib/python3.12/site-packages/airflow/example_dags/example_task_group.py
[2025-03-09T23:24:12.815+0600] {processor.py:914} INFO - Processing file /home/shamim/airflow_venv/lib/python3.12/site-packages/airflow/example_dags/example_task_group.py for tasks to queue
[2025-03-09T23:24:12.819+0600] {logging_mixin.py:190} INFO - [2025-03-09T23:24:12.818+0600] {dagbag.py:588} INFO - Filling up the DagBag from /home/shamim/airflow_venv/lib/python3.12/site-packages/airflow/example_dags/example_task_group.py
[2025-03-09T23:24:12.832+0600] {processor.py:925} INFO - DAG(s) 'example_task_group' retrieved from /home/shamim/airflow_venv/lib/python3.12/site-packages/airflow/example_dags/example_task_group.py
[2025-03-09T23:24:12.853+0600] {logging_mixin.py:190} INFO - [2025-03-09T23:24:12.853+0600] {dag.py:3239} INFO - Sync 1 DAGs
[2025-03-09T23:24:12.869+0600] {logging_mixin.py:190} INFO - [2025-03-09T23:24:12.869+0600] {dag.py:4180} INFO - Setting next_dagrun for example_task_group to None, run_after=None
[2025-03-09T23:24:12.896+0600] {processor.py:208} INFO - Processing /home/shamim/airflow_venv/lib/python3.12/site-packages/airflow/example_dags/example_task_group.py took 0.098 seconds
[2025-03-09T23:25:36.320+0600] {processor.py:186} INFO - Started process (PID=25839) to work on /home/shamim/airflow_venv/lib/python3.12/site-packages/airflow/example_dags/example_task_group.py
[2025-03-09T23:25:36.326+0600] {processor.py:914} INFO - Processing file /home/shamim/airflow_venv/lib/python3.12/site-packages/airflow/example_dags/example_task_group.py for tasks to queue
[2025-03-09T23:25:36.330+0600] {logging_mixin.py:190} INFO - [2025-03-09T23:25:36.329+0600] {dagbag.py:588} INFO - Filling up the DagBag from /home/shamim/airflow_venv/lib/python3.12/site-packages/airflow/example_dags/example_task_group.py
[2025-03-09T23:25:36.355+0600] {processor.py:925} INFO - DAG(s) 'example_task_group' retrieved from /home/shamim/airflow_venv/lib/python3.12/site-packages/airflow/example_dags/example_task_group.py
[2025-03-09T23:25:36.396+0600] {logging_mixin.py:190} INFO - [2025-03-09T23:25:36.395+0600] {dag.py:3239} INFO - Sync 1 DAGs
[2025-03-09T23:25:36.422+0600] {logging_mixin.py:190} INFO - [2025-03-09T23:25:36.421+0600] {dag.py:4180} INFO - Setting next_dagrun for example_task_group to None, run_after=None
[2025-03-09T23:25:36.481+0600] {processor.py:208} INFO - Processing /home/shamim/airflow_venv/lib/python3.12/site-packages/airflow/example_dags/example_task_group.py took 0.175 seconds
[2025-03-09T23:27:08.575+0600] {processor.py:186} INFO - Started process (PID=26408) to work on /home/shamim/airflow_venv/lib/python3.12/site-packages/airflow/example_dags/example_task_group.py
[2025-03-09T23:27:08.582+0600] {processor.py:914} INFO - Processing file /home/shamim/airflow_venv/lib/python3.12/site-packages/airflow/example_dags/example_task_group.py for tasks to queue
[2025-03-09T23:27:08.585+0600] {logging_mixin.py:190} INFO - [2025-03-09T23:27:08.584+0600] {dagbag.py:588} INFO - Filling up the DagBag from /home/shamim/airflow_venv/lib/python3.12/site-packages/airflow/example_dags/example_task_group.py
[2025-03-09T23:27:08.596+0600] {processor.py:925} INFO - DAG(s) 'example_task_group' retrieved from /home/shamim/airflow_venv/lib/python3.12/site-packages/airflow/example_dags/example_task_group.py
[2025-03-09T23:27:08.617+0600] {logging_mixin.py:190} INFO - [2025-03-09T23:27:08.617+0600] {dag.py:3239} INFO - Sync 1 DAGs
[2025-03-09T23:27:08.634+0600] {logging_mixin.py:190} INFO - [2025-03-09T23:27:08.634+0600] {dag.py:4180} INFO - Setting next_dagrun for example_task_group to None, run_after=None
[2025-03-09T23:27:08.659+0600] {processor.py:208} INFO - Processing /home/shamim/airflow_venv/lib/python3.12/site-packages/airflow/example_dags/example_task_group.py took 0.091 seconds
[2025-03-09T23:28:44.672+0600] {processor.py:186} INFO - Started process (PID=27012) to work on /home/shamim/airflow_venv/lib/python3.12/site-packages/airflow/example_dags/example_task_group.py
[2025-03-09T23:28:44.679+0600] {processor.py:914} INFO - Processing file /home/shamim/airflow_venv/lib/python3.12/site-packages/airflow/example_dags/example_task_group.py for tasks to queue
[2025-03-09T23:28:44.684+0600] {logging_mixin.py:190} INFO - [2025-03-09T23:28:44.683+0600] {dagbag.py:588} INFO - Filling up the DagBag from /home/shamim/airflow_venv/lib/python3.12/site-packages/airflow/example_dags/example_task_group.py
[2025-03-09T23:28:44.702+0600] {processor.py:925} INFO - DAG(s) 'example_task_group' retrieved from /home/shamim/airflow_venv/lib/python3.12/site-packages/airflow/example_dags/example_task_group.py
[2025-03-09T23:28:44.740+0600] {logging_mixin.py:190} INFO - [2025-03-09T23:28:44.739+0600] {dag.py:3239} INFO - Sync 1 DAGs
[2025-03-09T23:28:44.764+0600] {logging_mixin.py:190} INFO - [2025-03-09T23:28:44.764+0600] {dag.py:4180} INFO - Setting next_dagrun for example_task_group to None, run_after=None
[2025-03-09T23:28:44.804+0600] {processor.py:208} INFO - Processing /home/shamim/airflow_venv/lib/python3.12/site-packages/airflow/example_dags/example_task_group.py took 0.144 seconds
[2025-03-09T23:30:18.307+0600] {processor.py:186} INFO - Started process (PID=27843) to work on /home/shamim/airflow_venv/lib/python3.12/site-packages/airflow/example_dags/example_task_group.py
[2025-03-09T23:30:18.310+0600] {processor.py:914} INFO - Processing file /home/shamim/airflow_venv/lib/python3.12/site-packages/airflow/example_dags/example_task_group.py for tasks to queue
[2025-03-09T23:30:18.314+0600] {logging_mixin.py:190} INFO - [2025-03-09T23:30:18.313+0600] {dagbag.py:588} INFO - Filling up the DagBag from /home/shamim/airflow_venv/lib/python3.12/site-packages/airflow/example_dags/example_task_group.py
[2025-03-09T23:30:18.330+0600] {processor.py:925} INFO - DAG(s) 'example_task_group' retrieved from /home/shamim/airflow_venv/lib/python3.12/site-packages/airflow/example_dags/example_task_group.py
[2025-03-09T23:30:18.356+0600] {logging_mixin.py:190} INFO - [2025-03-09T23:30:18.356+0600] {dag.py:3239} INFO - Sync 1 DAGs
[2025-03-09T23:30:18.379+0600] {logging_mixin.py:190} INFO - [2025-03-09T23:30:18.379+0600] {dag.py:4180} INFO - Setting next_dagrun for example_task_group to None, run_after=None
[2025-03-09T23:30:18.415+0600] {processor.py:208} INFO - Processing /home/shamim/airflow_venv/lib/python3.12/site-packages/airflow/example_dags/example_task_group.py took 0.116 seconds
[2025-03-09T23:32:07.783+0600] {processor.py:186} INFO - Started process (PID=28654) to work on /home/shamim/airflow_venv/lib/python3.12/site-packages/airflow/example_dags/example_task_group.py
[2025-03-09T23:32:07.784+0600] {processor.py:914} INFO - Processing file /home/shamim/airflow_venv/lib/python3.12/site-packages/airflow/example_dags/example_task_group.py for tasks to queue
[2025-03-09T23:32:07.787+0600] {logging_mixin.py:190} INFO - [2025-03-09T23:32:07.787+0600] {dagbag.py:588} INFO - Filling up the DagBag from /home/shamim/airflow_venv/lib/python3.12/site-packages/airflow/example_dags/example_task_group.py
[2025-03-09T23:32:07.800+0600] {processor.py:925} INFO - DAG(s) 'example_task_group' retrieved from /home/shamim/airflow_venv/lib/python3.12/site-packages/airflow/example_dags/example_task_group.py
[2025-03-09T23:32:07.821+0600] {logging_mixin.py:190} INFO - [2025-03-09T23:32:07.820+0600] {dag.py:3239} INFO - Sync 1 DAGs
[2025-03-09T23:32:07.837+0600] {logging_mixin.py:190} INFO - [2025-03-09T23:32:07.836+0600] {dag.py:4180} INFO - Setting next_dagrun for example_task_group to None, run_after=None
[2025-03-09T23:32:07.863+0600] {processor.py:208} INFO - Processing /home/shamim/airflow_venv/lib/python3.12/site-packages/airflow/example_dags/example_task_group.py took 0.087 seconds
[2025-03-09T23:33:47.758+0600] {processor.py:186} INFO - Started process (PID=29177) to work on /home/shamim/airflow_venv/lib/python3.12/site-packages/airflow/example_dags/example_task_group.py
[2025-03-09T23:33:47.762+0600] {processor.py:914} INFO - Processing file /home/shamim/airflow_venv/lib/python3.12/site-packages/airflow/example_dags/example_task_group.py for tasks to queue
[2025-03-09T23:33:47.765+0600] {logging_mixin.py:190} INFO - [2025-03-09T23:33:47.765+0600] {dagbag.py:588} INFO - Filling up the DagBag from /home/shamim/airflow_venv/lib/python3.12/site-packages/airflow/example_dags/example_task_group.py
[2025-03-09T23:33:47.777+0600] {processor.py:925} INFO - DAG(s) 'example_task_group' retrieved from /home/shamim/airflow_venv/lib/python3.12/site-packages/airflow/example_dags/example_task_group.py
[2025-03-09T23:33:47.800+0600] {logging_mixin.py:190} INFO - [2025-03-09T23:33:47.800+0600] {dag.py:3239} INFO - Sync 1 DAGs
[2025-03-09T23:33:47.816+0600] {logging_mixin.py:190} INFO - [2025-03-09T23:33:47.816+0600] {dag.py:4180} INFO - Setting next_dagrun for example_task_group to None, run_after=None
[2025-03-09T23:33:47.841+0600] {processor.py:208} INFO - Processing /home/shamim/airflow_venv/lib/python3.12/site-packages/airflow/example_dags/example_task_group.py took 0.090 seconds
[2025-03-09T23:35:17.401+0600] {processor.py:186} INFO - Started process (PID=29647) to work on /home/shamim/airflow_venv/lib/python3.12/site-packages/airflow/example_dags/example_task_group.py
[2025-03-09T23:35:17.402+0600] {processor.py:914} INFO - Processing file /home/shamim/airflow_venv/lib/python3.12/site-packages/airflow/example_dags/example_task_group.py for tasks to queue
[2025-03-09T23:35:17.407+0600] {logging_mixin.py:190} INFO - [2025-03-09T23:35:17.406+0600] {dagbag.py:588} INFO - Filling up the DagBag from /home/shamim/airflow_venv/lib/python3.12/site-packages/airflow/example_dags/example_task_group.py
[2025-03-09T23:35:17.424+0600] {processor.py:925} INFO - DAG(s) 'example_task_group' retrieved from /home/shamim/airflow_venv/lib/python3.12/site-packages/airflow/example_dags/example_task_group.py
[2025-03-09T23:35:17.454+0600] {logging_mixin.py:190} INFO - [2025-03-09T23:35:17.453+0600] {dag.py:3239} INFO - Sync 1 DAGs
[2025-03-09T23:35:17.473+0600] {logging_mixin.py:190} INFO - [2025-03-09T23:35:17.473+0600] {dag.py:4180} INFO - Setting next_dagrun for example_task_group to None, run_after=None
[2025-03-09T23:35:17.508+0600] {processor.py:208} INFO - Processing /home/shamim/airflow_venv/lib/python3.12/site-packages/airflow/example_dags/example_task_group.py took 0.118 seconds
[2025-03-09T23:36:46.843+0600] {processor.py:186} INFO - Started process (PID=30163) to work on /home/shamim/airflow_venv/lib/python3.12/site-packages/airflow/example_dags/example_task_group.py
[2025-03-09T23:36:46.850+0600] {processor.py:914} INFO - Processing file /home/shamim/airflow_venv/lib/python3.12/site-packages/airflow/example_dags/example_task_group.py for tasks to queue
[2025-03-09T23:36:46.854+0600] {logging_mixin.py:190} INFO - [2025-03-09T23:36:46.853+0600] {dagbag.py:588} INFO - Filling up the DagBag from /home/shamim/airflow_venv/lib/python3.12/site-packages/airflow/example_dags/example_task_group.py
[2025-03-09T23:36:46.866+0600] {processor.py:925} INFO - DAG(s) 'example_task_group' retrieved from /home/shamim/airflow_venv/lib/python3.12/site-packages/airflow/example_dags/example_task_group.py
[2025-03-09T23:36:46.888+0600] {logging_mixin.py:190} INFO - [2025-03-09T23:36:46.887+0600] {dag.py:3239} INFO - Sync 1 DAGs
[2025-03-09T23:36:46.904+0600] {logging_mixin.py:190} INFO - [2025-03-09T23:36:46.903+0600] {dag.py:4180} INFO - Setting next_dagrun for example_task_group to None, run_after=None
[2025-03-09T23:36:46.931+0600] {processor.py:208} INFO - Processing /home/shamim/airflow_venv/lib/python3.12/site-packages/airflow/example_dags/example_task_group.py took 0.096 seconds
[2025-03-09T23:38:07.571+0600] {processor.py:186} INFO - Started process (PID=30691) to work on /home/shamim/airflow_venv/lib/python3.12/site-packages/airflow/example_dags/example_task_group.py
[2025-03-09T23:38:07.572+0600] {processor.py:914} INFO - Processing file /home/shamim/airflow_venv/lib/python3.12/site-packages/airflow/example_dags/example_task_group.py for tasks to queue
[2025-03-09T23:38:07.575+0600] {logging_mixin.py:190} INFO - [2025-03-09T23:38:07.575+0600] {dagbag.py:588} INFO - Filling up the DagBag from /home/shamim/airflow_venv/lib/python3.12/site-packages/airflow/example_dags/example_task_group.py
[2025-03-09T23:38:07.587+0600] {processor.py:925} INFO - DAG(s) 'example_task_group' retrieved from /home/shamim/airflow_venv/lib/python3.12/site-packages/airflow/example_dags/example_task_group.py
[2025-03-09T23:38:07.609+0600] {logging_mixin.py:190} INFO - [2025-03-09T23:38:07.609+0600] {dag.py:3239} INFO - Sync 1 DAGs
[2025-03-09T23:38:07.625+0600] {logging_mixin.py:190} INFO - [2025-03-09T23:38:07.625+0600] {dag.py:4180} INFO - Setting next_dagrun for example_task_group to None, run_after=None
[2025-03-09T23:38:07.653+0600] {processor.py:208} INFO - Processing /home/shamim/airflow_venv/lib/python3.12/site-packages/airflow/example_dags/example_task_group.py took 0.091 seconds
[2025-03-09T23:40:12.580+0600] {processor.py:186} INFO - Started process (PID=31863) to work on /home/shamim/airflow_venv/lib/python3.12/site-packages/airflow/example_dags/example_task_group.py
[2025-03-09T23:40:12.587+0600] {processor.py:914} INFO - Processing file /home/shamim/airflow_venv/lib/python3.12/site-packages/airflow/example_dags/example_task_group.py for tasks to queue
[2025-03-09T23:40:12.590+0600] {logging_mixin.py:190} INFO - [2025-03-09T23:40:12.590+0600] {dagbag.py:588} INFO - Filling up the DagBag from /home/shamim/airflow_venv/lib/python3.12/site-packages/airflow/example_dags/example_task_group.py
[2025-03-09T23:40:12.601+0600] {processor.py:925} INFO - DAG(s) 'example_task_group' retrieved from /home/shamim/airflow_venv/lib/python3.12/site-packages/airflow/example_dags/example_task_group.py
[2025-03-09T23:40:12.623+0600] {logging_mixin.py:190} INFO - [2025-03-09T23:40:12.623+0600] {dag.py:3239} INFO - Sync 1 DAGs
[2025-03-09T23:40:12.641+0600] {logging_mixin.py:190} INFO - [2025-03-09T23:40:12.640+0600] {dag.py:4180} INFO - Setting next_dagrun for example_task_group to None, run_after=None
[2025-03-09T23:40:12.666+0600] {processor.py:208} INFO - Processing /home/shamim/airflow_venv/lib/python3.12/site-packages/airflow/example_dags/example_task_group.py took 0.093 seconds
[2025-03-09T23:41:49.295+0600] {processor.py:186} INFO - Started process (PID=32356) to work on /home/shamim/airflow_venv/lib/python3.12/site-packages/airflow/example_dags/example_task_group.py
[2025-03-09T23:41:49.297+0600] {processor.py:914} INFO - Processing file /home/shamim/airflow_venv/lib/python3.12/site-packages/airflow/example_dags/example_task_group.py for tasks to queue
[2025-03-09T23:41:49.301+0600] {logging_mixin.py:190} INFO - [2025-03-09T23:41:49.300+0600] {dagbag.py:588} INFO - Filling up the DagBag from /home/shamim/airflow_venv/lib/python3.12/site-packages/airflow/example_dags/example_task_group.py
[2025-03-09T23:41:49.319+0600] {processor.py:925} INFO - DAG(s) 'example_task_group' retrieved from /home/shamim/airflow_venv/lib/python3.12/site-packages/airflow/example_dags/example_task_group.py
[2025-03-09T23:41:49.358+0600] {logging_mixin.py:190} INFO - [2025-03-09T23:41:49.358+0600] {dag.py:3239} INFO - Sync 1 DAGs
[2025-03-09T23:41:49.387+0600] {logging_mixin.py:190} INFO - [2025-03-09T23:41:49.387+0600] {dag.py:4180} INFO - Setting next_dagrun for example_task_group to None, run_after=None
[2025-03-09T23:41:49.449+0600] {processor.py:208} INFO - Processing /home/shamim/airflow_venv/lib/python3.12/site-packages/airflow/example_dags/example_task_group.py took 0.169 seconds
[2025-03-09T23:43:21.250+0600] {processor.py:186} INFO - Started process (PID=32843) to work on /home/shamim/airflow_venv/lib/python3.12/site-packages/airflow/example_dags/example_task_group.py
[2025-03-09T23:43:21.256+0600] {processor.py:914} INFO - Processing file /home/shamim/airflow_venv/lib/python3.12/site-packages/airflow/example_dags/example_task_group.py for tasks to queue
[2025-03-09T23:43:21.264+0600] {logging_mixin.py:190} INFO - [2025-03-09T23:43:21.263+0600] {dagbag.py:588} INFO - Filling up the DagBag from /home/shamim/airflow_venv/lib/python3.12/site-packages/airflow/example_dags/example_task_group.py
[2025-03-09T23:43:21.285+0600] {processor.py:925} INFO - DAG(s) 'example_task_group' retrieved from /home/shamim/airflow_venv/lib/python3.12/site-packages/airflow/example_dags/example_task_group.py
[2025-03-09T23:43:21.307+0600] {logging_mixin.py:190} INFO - [2025-03-09T23:43:21.306+0600] {dag.py:3239} INFO - Sync 1 DAGs
[2025-03-09T23:43:21.321+0600] {logging_mixin.py:190} INFO - [2025-03-09T23:43:21.321+0600] {dag.py:4180} INFO - Setting next_dagrun for example_task_group to None, run_after=None
[2025-03-09T23:43:21.344+0600] {processor.py:208} INFO - Processing /home/shamim/airflow_venv/lib/python3.12/site-packages/airflow/example_dags/example_task_group.py took 0.101 seconds
[2025-03-09T23:44:51.449+0600] {processor.py:186} INFO - Started process (PID=33492) to work on /home/shamim/airflow_venv/lib/python3.12/site-packages/airflow/example_dags/example_task_group.py
[2025-03-09T23:44:51.455+0600] {processor.py:914} INFO - Processing file /home/shamim/airflow_venv/lib/python3.12/site-packages/airflow/example_dags/example_task_group.py for tasks to queue
[2025-03-09T23:44:51.460+0600] {logging_mixin.py:190} INFO - [2025-03-09T23:44:51.460+0600] {dagbag.py:588} INFO - Filling up the DagBag from /home/shamim/airflow_venv/lib/python3.12/site-packages/airflow/example_dags/example_task_group.py
[2025-03-09T23:44:51.477+0600] {processor.py:925} INFO - DAG(s) 'example_task_group' retrieved from /home/shamim/airflow_venv/lib/python3.12/site-packages/airflow/example_dags/example_task_group.py
[2025-03-09T23:44:51.516+0600] {logging_mixin.py:190} INFO - [2025-03-09T23:44:51.516+0600] {dag.py:3239} INFO - Sync 1 DAGs
[2025-03-09T23:44:51.542+0600] {logging_mixin.py:190} INFO - [2025-03-09T23:44:51.542+0600] {dag.py:4180} INFO - Setting next_dagrun for example_task_group to None, run_after=None
[2025-03-09T23:44:51.582+0600] {processor.py:208} INFO - Processing /home/shamim/airflow_venv/lib/python3.12/site-packages/airflow/example_dags/example_task_group.py took 0.144 seconds
[2025-03-09T23:46:03.664+0600] {processor.py:186} INFO - Started process (PID=34074) to work on /home/shamim/airflow_venv/lib/python3.12/site-packages/airflow/example_dags/example_task_group.py
[2025-03-09T23:46:03.670+0600] {processor.py:914} INFO - Processing file /home/shamim/airflow_venv/lib/python3.12/site-packages/airflow/example_dags/example_task_group.py for tasks to queue
[2025-03-09T23:46:03.673+0600] {logging_mixin.py:190} INFO - [2025-03-09T23:46:03.673+0600] {dagbag.py:588} INFO - Filling up the DagBag from /home/shamim/airflow_venv/lib/python3.12/site-packages/airflow/example_dags/example_task_group.py
[2025-03-09T23:46:03.684+0600] {processor.py:925} INFO - DAG(s) 'example_task_group' retrieved from /home/shamim/airflow_venv/lib/python3.12/site-packages/airflow/example_dags/example_task_group.py
[2025-03-09T23:46:03.705+0600] {logging_mixin.py:190} INFO - [2025-03-09T23:46:03.705+0600] {dag.py:3239} INFO - Sync 1 DAGs
[2025-03-09T23:46:03.721+0600] {logging_mixin.py:190} INFO - [2025-03-09T23:46:03.721+0600] {dag.py:4180} INFO - Setting next_dagrun for example_task_group to None, run_after=None
[2025-03-09T23:46:03.758+0600] {processor.py:208} INFO - Processing /home/shamim/airflow_venv/lib/python3.12/site-packages/airflow/example_dags/example_task_group.py took 0.101 seconds
[2025-03-09T23:47:11.401+0600] {processor.py:186} INFO - Started process (PID=34368) to work on /home/shamim/airflow_venv/lib/python3.12/site-packages/airflow/example_dags/example_task_group.py
[2025-03-09T23:47:11.407+0600] {processor.py:914} INFO - Processing file /home/shamim/airflow_venv/lib/python3.12/site-packages/airflow/example_dags/example_task_group.py for tasks to queue
[2025-03-09T23:47:11.410+0600] {logging_mixin.py:190} INFO - [2025-03-09T23:47:11.410+0600] {dagbag.py:588} INFO - Filling up the DagBag from /home/shamim/airflow_venv/lib/python3.12/site-packages/airflow/example_dags/example_task_group.py
[2025-03-09T23:47:11.423+0600] {processor.py:925} INFO - DAG(s) 'example_task_group' retrieved from /home/shamim/airflow_venv/lib/python3.12/site-packages/airflow/example_dags/example_task_group.py
[2025-03-09T23:47:11.449+0600] {logging_mixin.py:190} INFO - [2025-03-09T23:47:11.449+0600] {dag.py:3239} INFO - Sync 1 DAGs
[2025-03-09T23:47:11.467+0600] {logging_mixin.py:190} INFO - [2025-03-09T23:47:11.466+0600] {dag.py:4180} INFO - Setting next_dagrun for example_task_group to None, run_after=None
[2025-03-09T23:47:11.505+0600] {processor.py:208} INFO - Processing /home/shamim/airflow_venv/lib/python3.12/site-packages/airflow/example_dags/example_task_group.py took 0.112 seconds
[2025-03-09T23:49:25.091+0600] {processor.py:186} INFO - Started process (PID=35333) to work on /home/shamim/airflow_venv/lib/python3.12/site-packages/airflow/example_dags/example_task_group.py
[2025-03-09T23:49:25.097+0600] {processor.py:914} INFO - Processing file /home/shamim/airflow_venv/lib/python3.12/site-packages/airflow/example_dags/example_task_group.py for tasks to queue
[2025-03-09T23:49:25.100+0600] {logging_mixin.py:190} INFO - [2025-03-09T23:49:25.100+0600] {dagbag.py:588} INFO - Filling up the DagBag from /home/shamim/airflow_venv/lib/python3.12/site-packages/airflow/example_dags/example_task_group.py
[2025-03-09T23:49:25.111+0600] {processor.py:925} INFO - DAG(s) 'example_task_group' retrieved from /home/shamim/airflow_venv/lib/python3.12/site-packages/airflow/example_dags/example_task_group.py
[2025-03-09T23:49:25.132+0600] {logging_mixin.py:190} INFO - [2025-03-09T23:49:25.132+0600] {dag.py:3239} INFO - Sync 1 DAGs
[2025-03-09T23:49:25.147+0600] {logging_mixin.py:190} INFO - [2025-03-09T23:49:25.147+0600] {dag.py:4180} INFO - Setting next_dagrun for example_task_group to None, run_after=None
[2025-03-09T23:49:25.191+0600] {processor.py:208} INFO - Processing /home/shamim/airflow_venv/lib/python3.12/site-packages/airflow/example_dags/example_task_group.py took 0.107 seconds
[2025-03-09T23:51:38.192+0600] {processor.py:186} INFO - Started process (PID=36330) to work on /home/shamim/airflow_venv/lib/python3.12/site-packages/airflow/example_dags/example_task_group.py
[2025-03-09T23:51:38.199+0600] {processor.py:914} INFO - Processing file /home/shamim/airflow_venv/lib/python3.12/site-packages/airflow/example_dags/example_task_group.py for tasks to queue
[2025-03-09T23:51:38.209+0600] {logging_mixin.py:190} INFO - [2025-03-09T23:51:38.207+0600] {dagbag.py:588} INFO - Filling up the DagBag from /home/shamim/airflow_venv/lib/python3.12/site-packages/airflow/example_dags/example_task_group.py
[2025-03-09T23:51:38.243+0600] {processor.py:925} INFO - DAG(s) 'example_task_group' retrieved from /home/shamim/airflow_venv/lib/python3.12/site-packages/airflow/example_dags/example_task_group.py
[2025-03-09T23:51:38.270+0600] {logging_mixin.py:190} INFO - [2025-03-09T23:51:38.270+0600] {dag.py:3239} INFO - Sync 1 DAGs
[2025-03-09T23:51:38.287+0600] {logging_mixin.py:190} INFO - [2025-03-09T23:51:38.287+0600] {dag.py:4180} INFO - Setting next_dagrun for example_task_group to None, run_after=None
[2025-03-09T23:51:38.313+0600] {processor.py:208} INFO - Processing /home/shamim/airflow_venv/lib/python3.12/site-packages/airflow/example_dags/example_task_group.py took 0.146 seconds
[2025-03-09T23:53:06.950+0600] {processor.py:186} INFO - Started process (PID=36820) to work on /home/shamim/airflow_venv/lib/python3.12/site-packages/airflow/example_dags/example_task_group.py
[2025-03-09T23:53:06.955+0600] {processor.py:914} INFO - Processing file /home/shamim/airflow_venv/lib/python3.12/site-packages/airflow/example_dags/example_task_group.py for tasks to queue
[2025-03-09T23:53:06.958+0600] {logging_mixin.py:190} INFO - [2025-03-09T23:53:06.957+0600] {dagbag.py:588} INFO - Filling up the DagBag from /home/shamim/airflow_venv/lib/python3.12/site-packages/airflow/example_dags/example_task_group.py
[2025-03-09T23:53:06.970+0600] {processor.py:925} INFO - DAG(s) 'example_task_group' retrieved from /home/shamim/airflow_venv/lib/python3.12/site-packages/airflow/example_dags/example_task_group.py
[2025-03-09T23:53:06.994+0600] {logging_mixin.py:190} INFO - [2025-03-09T23:53:06.994+0600] {dag.py:3239} INFO - Sync 1 DAGs
[2025-03-09T23:53:07.012+0600] {logging_mixin.py:190} INFO - [2025-03-09T23:53:07.012+0600] {dag.py:4180} INFO - Setting next_dagrun for example_task_group to None, run_after=None
[2025-03-09T23:53:07.037+0600] {processor.py:208} INFO - Processing /home/shamim/airflow_venv/lib/python3.12/site-packages/airflow/example_dags/example_task_group.py took 0.096 seconds
[2025-03-09T23:54:36.910+0600] {processor.py:186} INFO - Started process (PID=37468) to work on /home/shamim/airflow_venv/lib/python3.12/site-packages/airflow/example_dags/example_task_group.py
[2025-03-09T23:54:36.912+0600] {processor.py:914} INFO - Processing file /home/shamim/airflow_venv/lib/python3.12/site-packages/airflow/example_dags/example_task_group.py for tasks to queue
[2025-03-09T23:54:36.916+0600] {logging_mixin.py:190} INFO - [2025-03-09T23:54:36.915+0600] {dagbag.py:588} INFO - Filling up the DagBag from /home/shamim/airflow_venv/lib/python3.12/site-packages/airflow/example_dags/example_task_group.py
[2025-03-09T23:54:36.932+0600] {processor.py:925} INFO - DAG(s) 'example_task_group' retrieved from /home/shamim/airflow_venv/lib/python3.12/site-packages/airflow/example_dags/example_task_group.py
[2025-03-09T23:54:36.956+0600] {logging_mixin.py:190} INFO - [2025-03-09T23:54:36.955+0600] {dag.py:3239} INFO - Sync 1 DAGs
[2025-03-09T23:54:36.973+0600] {logging_mixin.py:190} INFO - [2025-03-09T23:54:36.973+0600] {dag.py:4180} INFO - Setting next_dagrun for example_task_group to None, run_after=None
[2025-03-09T23:54:37.003+0600] {processor.py:208} INFO - Processing /home/shamim/airflow_venv/lib/python3.12/site-packages/airflow/example_dags/example_task_group.py took 0.108 seconds
[2025-03-09T23:56:13.881+0600] {processor.py:186} INFO - Started process (PID=38271) to work on /home/shamim/airflow_venv/lib/python3.12/site-packages/airflow/example_dags/example_task_group.py
[2025-03-09T23:56:13.887+0600] {processor.py:914} INFO - Processing file /home/shamim/airflow_venv/lib/python3.12/site-packages/airflow/example_dags/example_task_group.py for tasks to queue
[2025-03-09T23:56:13.890+0600] {logging_mixin.py:190} INFO - [2025-03-09T23:56:13.889+0600] {dagbag.py:588} INFO - Filling up the DagBag from /home/shamim/airflow_venv/lib/python3.12/site-packages/airflow/example_dags/example_task_group.py
[2025-03-09T23:56:13.902+0600] {processor.py:925} INFO - DAG(s) 'example_task_group' retrieved from /home/shamim/airflow_venv/lib/python3.12/site-packages/airflow/example_dags/example_task_group.py
[2025-03-09T23:56:13.926+0600] {logging_mixin.py:190} INFO - [2025-03-09T23:56:13.926+0600] {dag.py:3239} INFO - Sync 1 DAGs
[2025-03-09T23:56:13.946+0600] {logging_mixin.py:190} INFO - [2025-03-09T23:56:13.945+0600] {dag.py:4180} INFO - Setting next_dagrun for example_task_group to None, run_after=None
[2025-03-09T23:56:13.979+0600] {processor.py:208} INFO - Processing /home/shamim/airflow_venv/lib/python3.12/site-packages/airflow/example_dags/example_task_group.py took 0.108 seconds
[2025-03-09T23:57:45.139+0600] {processor.py:186} INFO - Started process (PID=38808) to work on /home/shamim/airflow_venv/lib/python3.12/site-packages/airflow/example_dags/example_task_group.py
[2025-03-09T23:57:45.140+0600] {processor.py:914} INFO - Processing file /home/shamim/airflow_venv/lib/python3.12/site-packages/airflow/example_dags/example_task_group.py for tasks to queue
[2025-03-09T23:57:45.144+0600] {logging_mixin.py:190} INFO - [2025-03-09T23:57:45.143+0600] {dagbag.py:588} INFO - Filling up the DagBag from /home/shamim/airflow_venv/lib/python3.12/site-packages/airflow/example_dags/example_task_group.py
[2025-03-09T23:57:45.157+0600] {processor.py:925} INFO - DAG(s) 'example_task_group' retrieved from /home/shamim/airflow_venv/lib/python3.12/site-packages/airflow/example_dags/example_task_group.py
[2025-03-09T23:57:45.183+0600] {logging_mixin.py:190} INFO - [2025-03-09T23:57:45.182+0600] {dag.py:3239} INFO - Sync 1 DAGs
[2025-03-09T23:57:45.205+0600] {logging_mixin.py:190} INFO - [2025-03-09T23:57:45.204+0600] {dag.py:4180} INFO - Setting next_dagrun for example_task_group to None, run_after=None
[2025-03-09T23:57:45.234+0600] {processor.py:208} INFO - Processing /home/shamim/airflow_venv/lib/python3.12/site-packages/airflow/example_dags/example_task_group.py took 0.105 seconds
[2025-03-09T23:59:27.584+0600] {processor.py:186} INFO - Started process (PID=39448) to work on /home/shamim/airflow_venv/lib/python3.12/site-packages/airflow/example_dags/example_task_group.py
[2025-03-09T23:59:27.591+0600] {processor.py:914} INFO - Processing file /home/shamim/airflow_venv/lib/python3.12/site-packages/airflow/example_dags/example_task_group.py for tasks to queue
[2025-03-09T23:59:27.594+0600] {logging_mixin.py:190} INFO - [2025-03-09T23:59:27.593+0600] {dagbag.py:588} INFO - Filling up the DagBag from /home/shamim/airflow_venv/lib/python3.12/site-packages/airflow/example_dags/example_task_group.py
[2025-03-09T23:59:27.611+0600] {processor.py:925} INFO - DAG(s) 'example_task_group' retrieved from /home/shamim/airflow_venv/lib/python3.12/site-packages/airflow/example_dags/example_task_group.py
[2025-03-09T23:59:27.645+0600] {logging_mixin.py:190} INFO - [2025-03-09T23:59:27.645+0600] {dag.py:3239} INFO - Sync 1 DAGs
[2025-03-09T23:59:27.672+0600] {logging_mixin.py:190} INFO - [2025-03-09T23:59:27.672+0600] {dag.py:4180} INFO - Setting next_dagrun for example_task_group to None, run_after=None
[2025-03-09T23:59:27.709+0600] {processor.py:208} INFO - Processing /home/shamim/airflow_venv/lib/python3.12/site-packages/airflow/example_dags/example_task_group.py took 0.135 seconds
[2025-03-10T00:00:41.043+0600] {processor.py:186} INFO - Started process (PID=39902) to work on /home/shamim/airflow_venv/lib/python3.12/site-packages/airflow/example_dags/example_task_group.py
[2025-03-10T00:00:41.050+0600] {processor.py:914} INFO - Processing file /home/shamim/airflow_venv/lib/python3.12/site-packages/airflow/example_dags/example_task_group.py for tasks to queue
[2025-03-10T00:00:41.052+0600] {logging_mixin.py:190} INFO - [2025-03-10T00:00:41.052+0600] {dagbag.py:588} INFO - Filling up the DagBag from /home/shamim/airflow_venv/lib/python3.12/site-packages/airflow/example_dags/example_task_group.py
[2025-03-10T00:00:41.064+0600] {processor.py:925} INFO - DAG(s) 'example_task_group' retrieved from /home/shamim/airflow_venv/lib/python3.12/site-packages/airflow/example_dags/example_task_group.py
[2025-03-10T00:00:41.087+0600] {logging_mixin.py:190} INFO - [2025-03-10T00:00:41.087+0600] {dag.py:3239} INFO - Sync 1 DAGs
[2025-03-10T00:00:41.104+0600] {logging_mixin.py:190} INFO - [2025-03-10T00:00:41.104+0600] {dag.py:4180} INFO - Setting next_dagrun for example_task_group to None, run_after=None
[2025-03-10T00:00:41.130+0600] {processor.py:208} INFO - Processing /home/shamim/airflow_venv/lib/python3.12/site-packages/airflow/example_dags/example_task_group.py took 0.102 seconds
[2025-03-10T00:02:27.620+0600] {processor.py:186} INFO - Started process (PID=40403) to work on /home/shamim/airflow_venv/lib/python3.12/site-packages/airflow/example_dags/example_task_group.py
[2025-03-10T00:02:27.626+0600] {processor.py:914} INFO - Processing file /home/shamim/airflow_venv/lib/python3.12/site-packages/airflow/example_dags/example_task_group.py for tasks to queue
[2025-03-10T00:02:27.629+0600] {logging_mixin.py:190} INFO - [2025-03-10T00:02:27.629+0600] {dagbag.py:588} INFO - Filling up the DagBag from /home/shamim/airflow_venv/lib/python3.12/site-packages/airflow/example_dags/example_task_group.py
[2025-03-10T00:02:27.642+0600] {processor.py:925} INFO - DAG(s) 'example_task_group' retrieved from /home/shamim/airflow_venv/lib/python3.12/site-packages/airflow/example_dags/example_task_group.py
[2025-03-10T00:02:27.665+0600] {logging_mixin.py:190} INFO - [2025-03-10T00:02:27.665+0600] {dag.py:3239} INFO - Sync 1 DAGs
[2025-03-10T00:02:27.684+0600] {logging_mixin.py:190} INFO - [2025-03-10T00:02:27.683+0600] {dag.py:4180} INFO - Setting next_dagrun for example_task_group to None, run_after=None
[2025-03-10T00:02:27.715+0600] {processor.py:208} INFO - Processing /home/shamim/airflow_venv/lib/python3.12/site-packages/airflow/example_dags/example_task_group.py took 0.105 seconds
[2025-03-10T00:04:24.741+0600] {processor.py:186} INFO - Started process (PID=40969) to work on /home/shamim/airflow_venv/lib/python3.12/site-packages/airflow/example_dags/example_task_group.py
[2025-03-10T00:04:24.752+0600] {processor.py:914} INFO - Processing file /home/shamim/airflow_venv/lib/python3.12/site-packages/airflow/example_dags/example_task_group.py for tasks to queue
[2025-03-10T00:04:24.759+0600] {logging_mixin.py:190} INFO - [2025-03-10T00:04:24.758+0600] {dagbag.py:588} INFO - Filling up the DagBag from /home/shamim/airflow_venv/lib/python3.12/site-packages/airflow/example_dags/example_task_group.py
[2025-03-10T00:04:24.798+0600] {processor.py:925} INFO - DAG(s) 'example_task_group' retrieved from /home/shamim/airflow_venv/lib/python3.12/site-packages/airflow/example_dags/example_task_group.py
[2025-03-10T00:04:24.853+0600] {logging_mixin.py:190} INFO - [2025-03-10T00:04:24.853+0600] {dag.py:3239} INFO - Sync 1 DAGs
[2025-03-10T00:04:24.922+0600] {logging_mixin.py:190} INFO - [2025-03-10T00:04:24.922+0600] {dag.py:4180} INFO - Setting next_dagrun for example_task_group to None, run_after=None
[2025-03-10T00:04:25.004+0600] {processor.py:208} INFO - Processing /home/shamim/airflow_venv/lib/python3.12/site-packages/airflow/example_dags/example_task_group.py took 0.293 seconds
[2025-03-10T00:06:18.209+0600] {processor.py:186} INFO - Started process (PID=41488) to work on /home/shamim/airflow_venv/lib/python3.12/site-packages/airflow/example_dags/example_task_group.py
[2025-03-10T00:06:18.216+0600] {processor.py:914} INFO - Processing file /home/shamim/airflow_venv/lib/python3.12/site-packages/airflow/example_dags/example_task_group.py for tasks to queue
[2025-03-10T00:06:18.219+0600] {logging_mixin.py:190} INFO - [2025-03-10T00:06:18.219+0600] {dagbag.py:588} INFO - Filling up the DagBag from /home/shamim/airflow_venv/lib/python3.12/site-packages/airflow/example_dags/example_task_group.py
[2025-03-10T00:06:18.234+0600] {processor.py:925} INFO - DAG(s) 'example_task_group' retrieved from /home/shamim/airflow_venv/lib/python3.12/site-packages/airflow/example_dags/example_task_group.py
[2025-03-10T00:06:18.270+0600] {logging_mixin.py:190} INFO - [2025-03-10T00:06:18.270+0600] {dag.py:3239} INFO - Sync 1 DAGs
[2025-03-10T00:06:18.301+0600] {logging_mixin.py:190} INFO - [2025-03-10T00:06:18.300+0600] {dag.py:4180} INFO - Setting next_dagrun for example_task_group to None, run_after=None
[2025-03-10T00:06:18.373+0600] {processor.py:208} INFO - Processing /home/shamim/airflow_venv/lib/python3.12/site-packages/airflow/example_dags/example_task_group.py took 0.173 seconds
[2025-03-10T00:12:03.491+0600] {processor.py:186} INFO - Started process (PID=44474) to work on /home/shamim/airflow_venv/lib/python3.12/site-packages/airflow/example_dags/example_task_group.py
[2025-03-10T00:12:03.505+0600] {processor.py:914} INFO - Processing file /home/shamim/airflow_venv/lib/python3.12/site-packages/airflow/example_dags/example_task_group.py for tasks to queue
[2025-03-10T00:12:03.511+0600] {logging_mixin.py:190} INFO - [2025-03-10T00:12:03.509+0600] {dagbag.py:588} INFO - Filling up the DagBag from /home/shamim/airflow_venv/lib/python3.12/site-packages/airflow/example_dags/example_task_group.py
[2025-03-10T00:12:03.527+0600] {processor.py:925} INFO - DAG(s) 'example_task_group' retrieved from /home/shamim/airflow_venv/lib/python3.12/site-packages/airflow/example_dags/example_task_group.py
[2025-03-10T00:12:03.582+0600] {logging_mixin.py:190} INFO - [2025-03-10T00:12:03.581+0600] {dag.py:3239} INFO - Sync 1 DAGs
[2025-03-10T00:12:03.600+0600] {logging_mixin.py:190} INFO - [2025-03-10T00:12:03.599+0600] {dag.py:4180} INFO - Setting next_dagrun for example_task_group to None, run_after=None
[2025-03-10T00:12:03.622+0600] {processor.py:208} INFO - Processing /home/shamim/airflow_venv/lib/python3.12/site-packages/airflow/example_dags/example_task_group.py took 0.146 seconds
[2025-03-10T00:13:16.892+0600] {processor.py:186} INFO - Started process (PID=45567) to work on /home/shamim/airflow_venv/lib/python3.12/site-packages/airflow/example_dags/example_task_group.py
[2025-03-10T00:13:16.899+0600] {processor.py:914} INFO - Processing file /home/shamim/airflow_venv/lib/python3.12/site-packages/airflow/example_dags/example_task_group.py for tasks to queue
[2025-03-10T00:13:16.903+0600] {logging_mixin.py:190} INFO - [2025-03-10T00:13:16.902+0600] {dagbag.py:588} INFO - Filling up the DagBag from /home/shamim/airflow_venv/lib/python3.12/site-packages/airflow/example_dags/example_task_group.py
[2025-03-10T00:13:16.921+0600] {processor.py:925} INFO - DAG(s) 'example_task_group' retrieved from /home/shamim/airflow_venv/lib/python3.12/site-packages/airflow/example_dags/example_task_group.py
[2025-03-10T00:13:16.944+0600] {logging_mixin.py:190} INFO - [2025-03-10T00:13:16.944+0600] {dag.py:3239} INFO - Sync 1 DAGs
[2025-03-10T00:13:16.959+0600] {logging_mixin.py:190} INFO - [2025-03-10T00:13:16.958+0600] {dag.py:4180} INFO - Setting next_dagrun for example_task_group to None, run_after=None
[2025-03-10T00:13:16.996+0600] {processor.py:208} INFO - Processing /home/shamim/airflow_venv/lib/python3.12/site-packages/airflow/example_dags/example_task_group.py took 0.112 seconds
[2025-03-10T00:14:41.088+0600] {processor.py:186} INFO - Started process (PID=46032) to work on /home/shamim/airflow_venv/lib/python3.12/site-packages/airflow/example_dags/example_task_group.py
[2025-03-10T00:14:41.094+0600] {processor.py:914} INFO - Processing file /home/shamim/airflow_venv/lib/python3.12/site-packages/airflow/example_dags/example_task_group.py for tasks to queue
[2025-03-10T00:14:41.096+0600] {logging_mixin.py:190} INFO - [2025-03-10T00:14:41.096+0600] {dagbag.py:588} INFO - Filling up the DagBag from /home/shamim/airflow_venv/lib/python3.12/site-packages/airflow/example_dags/example_task_group.py
[2025-03-10T00:14:41.104+0600] {processor.py:925} INFO - DAG(s) 'example_task_group' retrieved from /home/shamim/airflow_venv/lib/python3.12/site-packages/airflow/example_dags/example_task_group.py
[2025-03-10T00:14:41.128+0600] {logging_mixin.py:190} INFO - [2025-03-10T00:14:41.128+0600] {dag.py:3239} INFO - Sync 1 DAGs
[2025-03-10T00:14:41.145+0600] {logging_mixin.py:190} INFO - [2025-03-10T00:14:41.145+0600] {dag.py:4180} INFO - Setting next_dagrun for example_task_group to None, run_after=None
[2025-03-10T00:14:41.179+0600] {processor.py:208} INFO - Processing /home/shamim/airflow_venv/lib/python3.12/site-packages/airflow/example_dags/example_task_group.py took 0.100 seconds
[2025-03-10T00:16:14.923+0600] {processor.py:186} INFO - Started process (PID=46496) to work on /home/shamim/airflow_venv/lib/python3.12/site-packages/airflow/example_dags/example_task_group.py
[2025-03-10T00:16:14.930+0600] {processor.py:914} INFO - Processing file /home/shamim/airflow_venv/lib/python3.12/site-packages/airflow/example_dags/example_task_group.py for tasks to queue
[2025-03-10T00:16:14.931+0600] {logging_mixin.py:190} INFO - [2025-03-10T00:16:14.931+0600] {dagbag.py:588} INFO - Filling up the DagBag from /home/shamim/airflow_venv/lib/python3.12/site-packages/airflow/example_dags/example_task_group.py
[2025-03-10T00:16:14.942+0600] {processor.py:925} INFO - DAG(s) 'example_task_group' retrieved from /home/shamim/airflow_venv/lib/python3.12/site-packages/airflow/example_dags/example_task_group.py
[2025-03-10T00:16:14.968+0600] {logging_mixin.py:190} INFO - [2025-03-10T00:16:14.968+0600] {dag.py:3239} INFO - Sync 1 DAGs
[2025-03-10T00:16:14.987+0600] {logging_mixin.py:190} INFO - [2025-03-10T00:16:14.987+0600] {dag.py:4180} INFO - Setting next_dagrun for example_task_group to None, run_after=None
[2025-03-10T00:16:15.173+0600] {processor.py:208} INFO - Processing /home/shamim/airflow_venv/lib/python3.12/site-packages/airflow/example_dags/example_task_group.py took 0.261 seconds
[2025-03-10T00:28:32.291+0600] {processor.py:186} INFO - Started process (PID=47951) to work on /home/shamim/airflow_venv/lib/python3.12/site-packages/airflow/example_dags/example_task_group.py
[2025-03-10T00:28:32.297+0600] {processor.py:914} INFO - Processing file /home/shamim/airflow_venv/lib/python3.12/site-packages/airflow/example_dags/example_task_group.py for tasks to queue
[2025-03-10T00:28:32.299+0600] {logging_mixin.py:190} INFO - [2025-03-10T00:28:32.298+0600] {dagbag.py:588} INFO - Filling up the DagBag from /home/shamim/airflow_venv/lib/python3.12/site-packages/airflow/example_dags/example_task_group.py
[2025-03-10T00:28:32.313+0600] {processor.py:925} INFO - DAG(s) 'example_task_group' retrieved from /home/shamim/airflow_venv/lib/python3.12/site-packages/airflow/example_dags/example_task_group.py
[2025-03-10T00:28:32.354+0600] {logging_mixin.py:190} INFO - [2025-03-10T00:28:32.353+0600] {dag.py:3239} INFO - Sync 1 DAGs
[2025-03-10T00:28:32.383+0600] {logging_mixin.py:190} INFO - [2025-03-10T00:28:32.383+0600] {dag.py:4180} INFO - Setting next_dagrun for example_task_group to None, run_after=None
[2025-03-10T00:28:32.449+0600] {processor.py:208} INFO - Processing /home/shamim/airflow_venv/lib/python3.12/site-packages/airflow/example_dags/example_task_group.py took 0.171 seconds
[2025-03-10T00:29:59.194+0600] {processor.py:186} INFO - Started process (PID=48297) to work on /home/shamim/airflow_venv/lib/python3.12/site-packages/airflow/example_dags/example_task_group.py
[2025-03-10T00:29:59.210+0600] {processor.py:914} INFO - Processing file /home/shamim/airflow_venv/lib/python3.12/site-packages/airflow/example_dags/example_task_group.py for tasks to queue
[2025-03-10T00:29:59.216+0600] {logging_mixin.py:190} INFO - [2025-03-10T00:29:59.215+0600] {dagbag.py:588} INFO - Filling up the DagBag from /home/shamim/airflow_venv/lib/python3.12/site-packages/airflow/example_dags/example_task_group.py
[2025-03-10T00:29:59.237+0600] {processor.py:925} INFO - DAG(s) 'example_task_group' retrieved from /home/shamim/airflow_venv/lib/python3.12/site-packages/airflow/example_dags/example_task_group.py
[2025-03-10T00:29:59.272+0600] {logging_mixin.py:190} INFO - [2025-03-10T00:29:59.272+0600] {dag.py:3239} INFO - Sync 1 DAGs
[2025-03-10T00:29:59.296+0600] {logging_mixin.py:190} INFO - [2025-03-10T00:29:59.295+0600] {dag.py:4180} INFO - Setting next_dagrun for example_task_group to None, run_after=None
[2025-03-10T00:29:59.319+0600] {processor.py:208} INFO - Processing /home/shamim/airflow_venv/lib/python3.12/site-packages/airflow/example_dags/example_task_group.py took 0.152 seconds
