[2025-03-09T23:14:36.994+0600] {processor.py:186} INFO - Started process (PID=21195) to work on /home/shamim/airflow_venv/lib/python3.12/site-packages/airflow/example_dags/example_xcomargs.py
[2025-03-09T23:14:36.995+0600] {processor.py:914} INFO - Processing file /home/shamim/airflow_venv/lib/python3.12/site-packages/airflow/example_dags/example_xcomargs.py for tasks to queue
[2025-03-09T23:14:36.998+0600] {logging_mixin.py:190} INFO - [2025-03-09T23:14:36.998+0600] {dagbag.py:588} INFO - Filling up the DagBag from /home/shamim/airflow_venv/lib/python3.12/site-packages/airflow/example_dags/example_xcomargs.py
[2025-03-09T23:14:37.012+0600] {processor.py:925} INFO - DAG(s) 'example_xcom_args_with_operators', 'example_xcom_args' retrieved from /home/shamim/airflow_venv/lib/python3.12/site-packages/airflow/example_dags/example_xcomargs.py
[2025-03-09T23:14:37.046+0600] {logging_mixin.py:190} INFO - [2025-03-09T23:14:37.046+0600] {dag.py:3239} INFO - Sync 2 DAGs
[2025-03-09T23:14:37.062+0600] {logging_mixin.py:190} INFO - [2025-03-09T23:14:37.062+0600] {dag.py:4180} INFO - Setting next_dagrun for example_xcom_args to None, run_after=None
[2025-03-09T23:14:37.066+0600] {logging_mixin.py:190} INFO - [2025-03-09T23:14:37.066+0600] {dag.py:4180} INFO - Setting next_dagrun for example_xcom_args_with_operators to None, run_after=None
[2025-03-09T23:14:37.093+0600] {processor.py:208} INFO - Processing /home/shamim/airflow_venv/lib/python3.12/site-packages/airflow/example_dags/example_xcomargs.py took 0.106 seconds
[2025-03-09T23:16:27.694+0600] {processor.py:186} INFO - Started process (PID=21994) to work on /home/shamim/airflow_venv/lib/python3.12/site-packages/airflow/example_dags/example_xcomargs.py
[2025-03-09T23:16:27.699+0600] {processor.py:914} INFO - Processing file /home/shamim/airflow_venv/lib/python3.12/site-packages/airflow/example_dags/example_xcomargs.py for tasks to queue
[2025-03-09T23:16:27.706+0600] {logging_mixin.py:190} INFO - [2025-03-09T23:16:27.705+0600] {dagbag.py:588} INFO - Filling up the DagBag from /home/shamim/airflow_venv/lib/python3.12/site-packages/airflow/example_dags/example_xcomargs.py
[2025-03-09T23:16:27.732+0600] {processor.py:925} INFO - DAG(s) 'example_xcom_args_with_operators', 'example_xcom_args' retrieved from /home/shamim/airflow_venv/lib/python3.12/site-packages/airflow/example_dags/example_xcomargs.py
[2025-03-09T23:16:27.757+0600] {logging_mixin.py:190} INFO - [2025-03-09T23:16:27.756+0600] {dag.py:3239} INFO - Sync 2 DAGs
[2025-03-09T23:16:27.774+0600] {logging_mixin.py:190} INFO - [2025-03-09T23:16:27.773+0600] {dag.py:4180} INFO - Setting next_dagrun for example_xcom_args to None, run_after=None
[2025-03-09T23:16:27.779+0600] {logging_mixin.py:190} INFO - [2025-03-09T23:16:27.778+0600] {dag.py:4180} INFO - Setting next_dagrun for example_xcom_args_with_operators to None, run_after=None
[2025-03-09T23:16:27.802+0600] {processor.py:208} INFO - Processing /home/shamim/airflow_venv/lib/python3.12/site-packages/airflow/example_dags/example_xcomargs.py took 0.126 seconds
[2025-03-09T23:17:56.088+0600] {processor.py:186} INFO - Started process (PID=22564) to work on /home/shamim/airflow_venv/lib/python3.12/site-packages/airflow/example_dags/example_xcomargs.py
[2025-03-09T23:17:56.095+0600] {processor.py:914} INFO - Processing file /home/shamim/airflow_venv/lib/python3.12/site-packages/airflow/example_dags/example_xcomargs.py for tasks to queue
[2025-03-09T23:17:56.098+0600] {logging_mixin.py:190} INFO - [2025-03-09T23:17:56.098+0600] {dagbag.py:588} INFO - Filling up the DagBag from /home/shamim/airflow_venv/lib/python3.12/site-packages/airflow/example_dags/example_xcomargs.py
[2025-03-09T23:17:56.115+0600] {processor.py:925} INFO - DAG(s) 'example_xcom_args_with_operators', 'example_xcom_args' retrieved from /home/shamim/airflow_venv/lib/python3.12/site-packages/airflow/example_dags/example_xcomargs.py
[2025-03-09T23:17:56.142+0600] {logging_mixin.py:190} INFO - [2025-03-09T23:17:56.142+0600] {dag.py:3239} INFO - Sync 2 DAGs
[2025-03-09T23:17:56.161+0600] {logging_mixin.py:190} INFO - [2025-03-09T23:17:56.161+0600] {dag.py:4180} INFO - Setting next_dagrun for example_xcom_args to None, run_after=None
[2025-03-09T23:17:56.168+0600] {logging_mixin.py:190} INFO - [2025-03-09T23:17:56.168+0600] {dag.py:4180} INFO - Setting next_dagrun for example_xcom_args_with_operators to None, run_after=None
[2025-03-09T23:17:56.200+0600] {processor.py:208} INFO - Processing /home/shamim/airflow_venv/lib/python3.12/site-packages/airflow/example_dags/example_xcomargs.py took 0.137 seconds
[2025-03-09T23:19:49.558+0600] {processor.py:186} INFO - Started process (PID=23562) to work on /home/shamim/airflow_venv/lib/python3.12/site-packages/airflow/example_dags/example_xcomargs.py
[2025-03-09T23:19:49.561+0600] {processor.py:914} INFO - Processing file /home/shamim/airflow_venv/lib/python3.12/site-packages/airflow/example_dags/example_xcomargs.py for tasks to queue
[2025-03-09T23:19:49.564+0600] {logging_mixin.py:190} INFO - [2025-03-09T23:19:49.564+0600] {dagbag.py:588} INFO - Filling up the DagBag from /home/shamim/airflow_venv/lib/python3.12/site-packages/airflow/example_dags/example_xcomargs.py
[2025-03-09T23:19:49.577+0600] {processor.py:925} INFO - DAG(s) 'example_xcom_args', 'example_xcom_args_with_operators' retrieved from /home/shamim/airflow_venv/lib/python3.12/site-packages/airflow/example_dags/example_xcomargs.py
[2025-03-09T23:19:49.600+0600] {logging_mixin.py:190} INFO - [2025-03-09T23:19:49.600+0600] {dag.py:3239} INFO - Sync 2 DAGs
[2025-03-09T23:19:49.616+0600] {logging_mixin.py:190} INFO - [2025-03-09T23:19:49.615+0600] {dag.py:4180} INFO - Setting next_dagrun for example_xcom_args to None, run_after=None
[2025-03-09T23:19:49.620+0600] {logging_mixin.py:190} INFO - [2025-03-09T23:19:49.619+0600] {dag.py:4180} INFO - Setting next_dagrun for example_xcom_args_with_operators to None, run_after=None
[2025-03-09T23:19:49.641+0600] {processor.py:208} INFO - Processing /home/shamim/airflow_venv/lib/python3.12/site-packages/airflow/example_dags/example_xcomargs.py took 0.089 seconds
[2025-03-09T23:21:09.851+0600] {processor.py:186} INFO - Started process (PID=24094) to work on /home/shamim/airflow_venv/lib/python3.12/site-packages/airflow/example_dags/example_xcomargs.py
[2025-03-09T23:21:09.858+0600] {processor.py:914} INFO - Processing file /home/shamim/airflow_venv/lib/python3.12/site-packages/airflow/example_dags/example_xcomargs.py for tasks to queue
[2025-03-09T23:21:09.862+0600] {logging_mixin.py:190} INFO - [2025-03-09T23:21:09.861+0600] {dagbag.py:588} INFO - Filling up the DagBag from /home/shamim/airflow_venv/lib/python3.12/site-packages/airflow/example_dags/example_xcomargs.py
[2025-03-09T23:21:09.877+0600] {processor.py:925} INFO - DAG(s) 'example_xcom_args', 'example_xcom_args_with_operators' retrieved from /home/shamim/airflow_venv/lib/python3.12/site-packages/airflow/example_dags/example_xcomargs.py
[2025-03-09T23:21:09.905+0600] {logging_mixin.py:190} INFO - [2025-03-09T23:21:09.905+0600] {dag.py:3239} INFO - Sync 2 DAGs
[2025-03-09T23:21:09.923+0600] {logging_mixin.py:190} INFO - [2025-03-09T23:21:09.923+0600] {dag.py:4180} INFO - Setting next_dagrun for example_xcom_args to None, run_after=None
[2025-03-09T23:21:09.927+0600] {logging_mixin.py:190} INFO - [2025-03-09T23:21:09.927+0600] {dag.py:4180} INFO - Setting next_dagrun for example_xcom_args_with_operators to None, run_after=None
[2025-03-09T23:21:09.952+0600] {processor.py:208} INFO - Processing /home/shamim/airflow_venv/lib/python3.12/site-packages/airflow/example_dags/example_xcomargs.py took 0.107 seconds
[2025-03-09T23:22:42.648+0600] {processor.py:186} INFO - Started process (PID=24657) to work on /home/shamim/airflow_venv/lib/python3.12/site-packages/airflow/example_dags/example_xcomargs.py
[2025-03-09T23:22:42.655+0600] {processor.py:914} INFO - Processing file /home/shamim/airflow_venv/lib/python3.12/site-packages/airflow/example_dags/example_xcomargs.py for tasks to queue
[2025-03-09T23:22:42.657+0600] {logging_mixin.py:190} INFO - [2025-03-09T23:22:42.657+0600] {dagbag.py:588} INFO - Filling up the DagBag from /home/shamim/airflow_venv/lib/python3.12/site-packages/airflow/example_dags/example_xcomargs.py
[2025-03-09T23:22:42.673+0600] {processor.py:925} INFO - DAG(s) 'example_xcom_args', 'example_xcom_args_with_operators' retrieved from /home/shamim/airflow_venv/lib/python3.12/site-packages/airflow/example_dags/example_xcomargs.py
[2025-03-09T23:22:42.697+0600] {logging_mixin.py:190} INFO - [2025-03-09T23:22:42.697+0600] {dag.py:3239} INFO - Sync 2 DAGs
[2025-03-09T23:22:42.715+0600] {logging_mixin.py:190} INFO - [2025-03-09T23:22:42.714+0600] {dag.py:4180} INFO - Setting next_dagrun for example_xcom_args to None, run_after=None
[2025-03-09T23:22:42.719+0600] {logging_mixin.py:190} INFO - [2025-03-09T23:22:42.718+0600] {dag.py:4180} INFO - Setting next_dagrun for example_xcom_args_with_operators to None, run_after=None
[2025-03-09T23:22:42.744+0600] {processor.py:208} INFO - Processing /home/shamim/airflow_venv/lib/python3.12/site-packages/airflow/example_dags/example_xcomargs.py took 0.106 seconds
[2025-03-09T23:24:07.373+0600] {processor.py:186} INFO - Started process (PID=25265) to work on /home/shamim/airflow_venv/lib/python3.12/site-packages/airflow/example_dags/example_xcomargs.py
[2025-03-09T23:24:07.379+0600] {processor.py:914} INFO - Processing file /home/shamim/airflow_venv/lib/python3.12/site-packages/airflow/example_dags/example_xcomargs.py for tasks to queue
[2025-03-09T23:24:07.384+0600] {logging_mixin.py:190} INFO - [2025-03-09T23:24:07.383+0600] {dagbag.py:588} INFO - Filling up the DagBag from /home/shamim/airflow_venv/lib/python3.12/site-packages/airflow/example_dags/example_xcomargs.py
[2025-03-09T23:24:07.399+0600] {processor.py:925} INFO - DAG(s) 'example_xcom_args', 'example_xcom_args_with_operators' retrieved from /home/shamim/airflow_venv/lib/python3.12/site-packages/airflow/example_dags/example_xcomargs.py
[2025-03-09T23:24:07.423+0600] {logging_mixin.py:190} INFO - [2025-03-09T23:24:07.423+0600] {dag.py:3239} INFO - Sync 2 DAGs
[2025-03-09T23:24:07.446+0600] {logging_mixin.py:190} INFO - [2025-03-09T23:24:07.446+0600] {dag.py:4180} INFO - Setting next_dagrun for example_xcom_args to None, run_after=None
[2025-03-09T23:24:07.451+0600] {logging_mixin.py:190} INFO - [2025-03-09T23:24:07.451+0600] {dag.py:4180} INFO - Setting next_dagrun for example_xcom_args_with_operators to None, run_after=None
[2025-03-09T23:24:07.476+0600] {processor.py:208} INFO - Processing /home/shamim/airflow_venv/lib/python3.12/site-packages/airflow/example_dags/example_xcomargs.py took 0.113 seconds
[2025-03-09T23:25:30.898+0600] {processor.py:186} INFO - Started process (PID=25819) to work on /home/shamim/airflow_venv/lib/python3.12/site-packages/airflow/example_dags/example_xcomargs.py
[2025-03-09T23:25:30.907+0600] {processor.py:914} INFO - Processing file /home/shamim/airflow_venv/lib/python3.12/site-packages/airflow/example_dags/example_xcomargs.py for tasks to queue
[2025-03-09T23:25:30.912+0600] {logging_mixin.py:190} INFO - [2025-03-09T23:25:30.911+0600] {dagbag.py:588} INFO - Filling up the DagBag from /home/shamim/airflow_venv/lib/python3.12/site-packages/airflow/example_dags/example_xcomargs.py
[2025-03-09T23:25:30.932+0600] {processor.py:925} INFO - DAG(s) 'example_xcom_args', 'example_xcom_args_with_operators' retrieved from /home/shamim/airflow_venv/lib/python3.12/site-packages/airflow/example_dags/example_xcomargs.py
[2025-03-09T23:25:30.960+0600] {logging_mixin.py:190} INFO - [2025-03-09T23:25:30.959+0600] {dag.py:3239} INFO - Sync 2 DAGs
[2025-03-09T23:25:30.977+0600] {logging_mixin.py:190} INFO - [2025-03-09T23:25:30.977+0600] {dag.py:4180} INFO - Setting next_dagrun for example_xcom_args to None, run_after=None
[2025-03-09T23:25:30.982+0600] {logging_mixin.py:190} INFO - [2025-03-09T23:25:30.982+0600] {dag.py:4180} INFO - Setting next_dagrun for example_xcom_args_with_operators to None, run_after=None
[2025-03-09T23:25:31.005+0600] {processor.py:208} INFO - Processing /home/shamim/airflow_venv/lib/python3.12/site-packages/airflow/example_dags/example_xcomargs.py took 0.119 seconds
[2025-03-09T23:27:03.463+0600] {processor.py:186} INFO - Started process (PID=26397) to work on /home/shamim/airflow_venv/lib/python3.12/site-packages/airflow/example_dags/example_xcomargs.py
[2025-03-09T23:27:03.469+0600] {processor.py:914} INFO - Processing file /home/shamim/airflow_venv/lib/python3.12/site-packages/airflow/example_dags/example_xcomargs.py for tasks to queue
[2025-03-09T23:27:03.473+0600] {logging_mixin.py:190} INFO - [2025-03-09T23:27:03.471+0600] {dagbag.py:588} INFO - Filling up the DagBag from /home/shamim/airflow_venv/lib/python3.12/site-packages/airflow/example_dags/example_xcomargs.py
[2025-03-09T23:27:03.486+0600] {processor.py:925} INFO - DAG(s) 'example_xcom_args_with_operators', 'example_xcom_args' retrieved from /home/shamim/airflow_venv/lib/python3.12/site-packages/airflow/example_dags/example_xcomargs.py
[2025-03-09T23:27:03.508+0600] {logging_mixin.py:190} INFO - [2025-03-09T23:27:03.508+0600] {dag.py:3239} INFO - Sync 2 DAGs
[2025-03-09T23:27:03.524+0600] {logging_mixin.py:190} INFO - [2025-03-09T23:27:03.524+0600] {dag.py:4180} INFO - Setting next_dagrun for example_xcom_args to None, run_after=None
[2025-03-09T23:27:03.528+0600] {logging_mixin.py:190} INFO - [2025-03-09T23:27:03.528+0600] {dag.py:4180} INFO - Setting next_dagrun for example_xcom_args_with_operators to None, run_after=None
[2025-03-09T23:27:03.551+0600] {processor.py:208} INFO - Processing /home/shamim/airflow_venv/lib/python3.12/site-packages/airflow/example_dags/example_xcomargs.py took 0.094 seconds
[2025-03-09T23:28:39.592+0600] {processor.py:186} INFO - Started process (PID=26989) to work on /home/shamim/airflow_venv/lib/python3.12/site-packages/airflow/example_dags/example_xcomargs.py
[2025-03-09T23:28:39.599+0600] {processor.py:914} INFO - Processing file /home/shamim/airflow_venv/lib/python3.12/site-packages/airflow/example_dags/example_xcomargs.py for tasks to queue
[2025-03-09T23:28:39.602+0600] {logging_mixin.py:190} INFO - [2025-03-09T23:28:39.601+0600] {dagbag.py:588} INFO - Filling up the DagBag from /home/shamim/airflow_venv/lib/python3.12/site-packages/airflow/example_dags/example_xcomargs.py
[2025-03-09T23:28:39.617+0600] {processor.py:925} INFO - DAG(s) 'example_xcom_args', 'example_xcom_args_with_operators' retrieved from /home/shamim/airflow_venv/lib/python3.12/site-packages/airflow/example_dags/example_xcomargs.py
[2025-03-09T23:28:39.640+0600] {logging_mixin.py:190} INFO - [2025-03-09T23:28:39.640+0600] {dag.py:3239} INFO - Sync 2 DAGs
[2025-03-09T23:28:39.655+0600] {logging_mixin.py:190} INFO - [2025-03-09T23:28:39.655+0600] {dag.py:4180} INFO - Setting next_dagrun for example_xcom_args to None, run_after=None
[2025-03-09T23:28:39.659+0600] {logging_mixin.py:190} INFO - [2025-03-09T23:28:39.659+0600] {dag.py:4180} INFO - Setting next_dagrun for example_xcom_args_with_operators to None, run_after=None
[2025-03-09T23:28:39.692+0600] {processor.py:208} INFO - Processing /home/shamim/airflow_venv/lib/python3.12/site-packages/airflow/example_dags/example_xcomargs.py took 0.107 seconds
[2025-03-09T23:30:11.359+0600] {processor.py:186} INFO - Started process (PID=27752) to work on /home/shamim/airflow_venv/lib/python3.12/site-packages/airflow/example_dags/example_xcomargs.py
[2025-03-09T23:30:11.384+0600] {processor.py:914} INFO - Processing file /home/shamim/airflow_venv/lib/python3.12/site-packages/airflow/example_dags/example_xcomargs.py for tasks to queue
[2025-03-09T23:30:11.387+0600] {logging_mixin.py:190} INFO - [2025-03-09T23:30:11.386+0600] {dagbag.py:588} INFO - Filling up the DagBag from /home/shamim/airflow_venv/lib/python3.12/site-packages/airflow/example_dags/example_xcomargs.py
[2025-03-09T23:30:11.409+0600] {processor.py:925} INFO - DAG(s) 'example_xcom_args_with_operators', 'example_xcom_args' retrieved from /home/shamim/airflow_venv/lib/python3.12/site-packages/airflow/example_dags/example_xcomargs.py
[2025-03-09T23:30:11.453+0600] {logging_mixin.py:190} INFO - [2025-03-09T23:30:11.452+0600] {dag.py:3239} INFO - Sync 2 DAGs
[2025-03-09T23:30:11.476+0600] {logging_mixin.py:190} INFO - [2025-03-09T23:30:11.476+0600] {dag.py:4180} INFO - Setting next_dagrun for example_xcom_args to None, run_after=None
[2025-03-09T23:30:11.484+0600] {logging_mixin.py:190} INFO - [2025-03-09T23:30:11.483+0600] {dag.py:4180} INFO - Setting next_dagrun for example_xcom_args_with_operators to None, run_after=None
[2025-03-09T23:30:11.526+0600] {processor.py:208} INFO - Processing /home/shamim/airflow_venv/lib/python3.12/site-packages/airflow/example_dags/example_xcomargs.py took 0.178 seconds
[2025-03-09T23:31:50.549+0600] {processor.py:186} INFO - Started process (PID=28436) to work on /home/shamim/airflow_venv/lib/python3.12/site-packages/airflow/example_dags/example_xcomargs.py
[2025-03-09T23:31:50.556+0600] {processor.py:914} INFO - Processing file /home/shamim/airflow_venv/lib/python3.12/site-packages/airflow/example_dags/example_xcomargs.py for tasks to queue
[2025-03-09T23:31:50.558+0600] {logging_mixin.py:190} INFO - [2025-03-09T23:31:50.557+0600] {dagbag.py:588} INFO - Filling up the DagBag from /home/shamim/airflow_venv/lib/python3.12/site-packages/airflow/example_dags/example_xcomargs.py
[2025-03-09T23:31:50.573+0600] {processor.py:925} INFO - DAG(s) 'example_xcom_args', 'example_xcom_args_with_operators' retrieved from /home/shamim/airflow_venv/lib/python3.12/site-packages/airflow/example_dags/example_xcomargs.py
[2025-03-09T23:31:50.601+0600] {logging_mixin.py:190} INFO - [2025-03-09T23:31:50.601+0600] {dag.py:3239} INFO - Sync 2 DAGs
[2025-03-09T23:31:50.619+0600] {logging_mixin.py:190} INFO - [2025-03-09T23:31:50.619+0600] {dag.py:4180} INFO - Setting next_dagrun for example_xcom_args to None, run_after=None
[2025-03-09T23:31:50.624+0600] {logging_mixin.py:190} INFO - [2025-03-09T23:31:50.623+0600] {dag.py:4180} INFO - Setting next_dagrun for example_xcom_args_with_operators to None, run_after=None
[2025-03-09T23:31:50.648+0600] {processor.py:208} INFO - Processing /home/shamim/airflow_venv/lib/python3.12/site-packages/airflow/example_dags/example_xcomargs.py took 0.107 seconds
[2025-03-09T23:32:35.289+0600] {processor.py:186} INFO - Started process (PID=28698) to work on /home/shamim/airflow_venv/lib/python3.12/site-packages/airflow/example_dags/example_xcomargs.py
[2025-03-09T23:32:35.295+0600] {processor.py:914} INFO - Processing file /home/shamim/airflow_venv/lib/python3.12/site-packages/airflow/example_dags/example_xcomargs.py for tasks to queue
[2025-03-09T23:32:35.299+0600] {logging_mixin.py:190} INFO - [2025-03-09T23:32:35.299+0600] {dagbag.py:588} INFO - Filling up the DagBag from /home/shamim/airflow_venv/lib/python3.12/site-packages/airflow/example_dags/example_xcomargs.py
[2025-03-09T23:32:35.315+0600] {processor.py:925} INFO - DAG(s) 'example_xcom_args_with_operators', 'example_xcom_args' retrieved from /home/shamim/airflow_venv/lib/python3.12/site-packages/airflow/example_dags/example_xcomargs.py
[2025-03-09T23:32:35.341+0600] {logging_mixin.py:190} INFO - [2025-03-09T23:32:35.341+0600] {dag.py:3239} INFO - Sync 2 DAGs
[2025-03-09T23:32:35.360+0600] {logging_mixin.py:190} INFO - [2025-03-09T23:32:35.360+0600] {dag.py:4180} INFO - Setting next_dagrun for example_xcom_args to None, run_after=None
[2025-03-09T23:32:35.365+0600] {logging_mixin.py:190} INFO - [2025-03-09T23:32:35.365+0600] {dag.py:4180} INFO - Setting next_dagrun for example_xcom_args_with_operators to None, run_after=None
[2025-03-09T23:32:35.392+0600] {processor.py:208} INFO - Processing /home/shamim/airflow_venv/lib/python3.12/site-packages/airflow/example_dags/example_xcomargs.py took 0.112 seconds
[2025-03-09T23:34:18.534+0600] {processor.py:186} INFO - Started process (PID=29387) to work on /home/shamim/airflow_venv/lib/python3.12/site-packages/airflow/example_dags/example_xcomargs.py
[2025-03-09T23:34:18.538+0600] {processor.py:914} INFO - Processing file /home/shamim/airflow_venv/lib/python3.12/site-packages/airflow/example_dags/example_xcomargs.py for tasks to queue
[2025-03-09T23:34:18.541+0600] {logging_mixin.py:190} INFO - [2025-03-09T23:34:18.540+0600] {dagbag.py:588} INFO - Filling up the DagBag from /home/shamim/airflow_venv/lib/python3.12/site-packages/airflow/example_dags/example_xcomargs.py
[2025-03-09T23:34:18.554+0600] {processor.py:925} INFO - DAG(s) 'example_xcom_args', 'example_xcom_args_with_operators' retrieved from /home/shamim/airflow_venv/lib/python3.12/site-packages/airflow/example_dags/example_xcomargs.py
[2025-03-09T23:34:18.576+0600] {logging_mixin.py:190} INFO - [2025-03-09T23:34:18.576+0600] {dag.py:3239} INFO - Sync 2 DAGs
[2025-03-09T23:34:18.592+0600] {logging_mixin.py:190} INFO - [2025-03-09T23:34:18.592+0600] {dag.py:4180} INFO - Setting next_dagrun for example_xcom_args to None, run_after=None
[2025-03-09T23:34:18.596+0600] {logging_mixin.py:190} INFO - [2025-03-09T23:34:18.596+0600] {dag.py:4180} INFO - Setting next_dagrun for example_xcom_args_with_operators to None, run_after=None
[2025-03-09T23:34:18.617+0600] {processor.py:208} INFO - Processing /home/shamim/airflow_venv/lib/python3.12/site-packages/airflow/example_dags/example_xcomargs.py took 0.090 seconds
[2025-03-09T23:35:50.951+0600] {processor.py:186} INFO - Started process (PID=29879) to work on /home/shamim/airflow_venv/lib/python3.12/site-packages/airflow/example_dags/example_xcomargs.py
[2025-03-09T23:35:50.958+0600] {processor.py:914} INFO - Processing file /home/shamim/airflow_venv/lib/python3.12/site-packages/airflow/example_dags/example_xcomargs.py for tasks to queue
[2025-03-09T23:35:50.960+0600] {logging_mixin.py:190} INFO - [2025-03-09T23:35:50.960+0600] {dagbag.py:588} INFO - Filling up the DagBag from /home/shamim/airflow_venv/lib/python3.12/site-packages/airflow/example_dags/example_xcomargs.py
[2025-03-09T23:35:50.975+0600] {processor.py:925} INFO - DAG(s) 'example_xcom_args', 'example_xcom_args_with_operators' retrieved from /home/shamim/airflow_venv/lib/python3.12/site-packages/airflow/example_dags/example_xcomargs.py
[2025-03-09T23:35:50.997+0600] {logging_mixin.py:190} INFO - [2025-03-09T23:35:50.997+0600] {dag.py:3239} INFO - Sync 2 DAGs
[2025-03-09T23:35:51.013+0600] {logging_mixin.py:190} INFO - [2025-03-09T23:35:51.012+0600] {dag.py:4180} INFO - Setting next_dagrun for example_xcom_args to None, run_after=None
[2025-03-09T23:35:51.017+0600] {logging_mixin.py:190} INFO - [2025-03-09T23:35:51.016+0600] {dag.py:4180} INFO - Setting next_dagrun for example_xcom_args_with_operators to None, run_after=None
[2025-03-09T23:35:51.043+0600] {processor.py:208} INFO - Processing /home/shamim/airflow_venv/lib/python3.12/site-packages/airflow/example_dags/example_xcomargs.py took 0.099 seconds
[2025-03-09T23:37:16.574+0600] {processor.py:186} INFO - Started process (PID=30411) to work on /home/shamim/airflow_venv/lib/python3.12/site-packages/airflow/example_dags/example_xcomargs.py
[2025-03-09T23:37:16.582+0600] {processor.py:914} INFO - Processing file /home/shamim/airflow_venv/lib/python3.12/site-packages/airflow/example_dags/example_xcomargs.py for tasks to queue
[2025-03-09T23:37:16.590+0600] {logging_mixin.py:190} INFO - [2025-03-09T23:37:16.588+0600] {dagbag.py:588} INFO - Filling up the DagBag from /home/shamim/airflow_venv/lib/python3.12/site-packages/airflow/example_dags/example_xcomargs.py
[2025-03-09T23:37:16.624+0600] {processor.py:925} INFO - DAG(s) 'example_xcom_args_with_operators', 'example_xcom_args' retrieved from /home/shamim/airflow_venv/lib/python3.12/site-packages/airflow/example_dags/example_xcomargs.py
[2025-03-09T23:37:16.650+0600] {logging_mixin.py:190} INFO - [2025-03-09T23:37:16.650+0600] {dag.py:3239} INFO - Sync 2 DAGs
[2025-03-09T23:37:16.669+0600] {logging_mixin.py:190} INFO - [2025-03-09T23:37:16.669+0600] {dag.py:4180} INFO - Setting next_dagrun for example_xcom_args to None, run_after=None
[2025-03-09T23:37:16.673+0600] {logging_mixin.py:190} INFO - [2025-03-09T23:37:16.673+0600] {dag.py:4180} INFO - Setting next_dagrun for example_xcom_args_with_operators to None, run_after=None
[2025-03-09T23:37:16.697+0600] {processor.py:208} INFO - Processing /home/shamim/airflow_venv/lib/python3.12/site-packages/airflow/example_dags/example_xcomargs.py took 0.145 seconds
[2025-03-09T23:38:40.661+0600] {processor.py:186} INFO - Started process (PID=31116) to work on /home/shamim/airflow_venv/lib/python3.12/site-packages/airflow/example_dags/example_xcomargs.py
[2025-03-09T23:38:40.666+0600] {processor.py:914} INFO - Processing file /home/shamim/airflow_venv/lib/python3.12/site-packages/airflow/example_dags/example_xcomargs.py for tasks to queue
[2025-03-09T23:38:40.670+0600] {logging_mixin.py:190} INFO - [2025-03-09T23:38:40.669+0600] {dagbag.py:588} INFO - Filling up the DagBag from /home/shamim/airflow_venv/lib/python3.12/site-packages/airflow/example_dags/example_xcomargs.py
[2025-03-09T23:38:40.694+0600] {processor.py:925} INFO - DAG(s) 'example_xcom_args', 'example_xcom_args_with_operators' retrieved from /home/shamim/airflow_venv/lib/python3.12/site-packages/airflow/example_dags/example_xcomargs.py
[2025-03-09T23:38:40.736+0600] {logging_mixin.py:190} INFO - [2025-03-09T23:38:40.736+0600] {dag.py:3239} INFO - Sync 2 DAGs
[2025-03-09T23:38:40.758+0600] {logging_mixin.py:190} INFO - [2025-03-09T23:38:40.757+0600] {dag.py:4180} INFO - Setting next_dagrun for example_xcom_args to None, run_after=None
[2025-03-09T23:38:40.765+0600] {logging_mixin.py:190} INFO - [2025-03-09T23:38:40.765+0600] {dag.py:4180} INFO - Setting next_dagrun for example_xcom_args_with_operators to None, run_after=None
[2025-03-09T23:38:40.801+0600] {processor.py:208} INFO - Processing /home/shamim/airflow_venv/lib/python3.12/site-packages/airflow/example_dags/example_xcomargs.py took 0.151 seconds
[2025-03-09T23:40:44.590+0600] {processor.py:186} INFO - Started process (PID=32090) to work on /home/shamim/airflow_venv/lib/python3.12/site-packages/airflow/example_dags/example_xcomargs.py
[2025-03-09T23:40:44.596+0600] {processor.py:914} INFO - Processing file /home/shamim/airflow_venv/lib/python3.12/site-packages/airflow/example_dags/example_xcomargs.py for tasks to queue
[2025-03-09T23:40:44.599+0600] {logging_mixin.py:190} INFO - [2025-03-09T23:40:44.598+0600] {dagbag.py:588} INFO - Filling up the DagBag from /home/shamim/airflow_venv/lib/python3.12/site-packages/airflow/example_dags/example_xcomargs.py
[2025-03-09T23:40:44.613+0600] {processor.py:925} INFO - DAG(s) 'example_xcom_args', 'example_xcom_args_with_operators' retrieved from /home/shamim/airflow_venv/lib/python3.12/site-packages/airflow/example_dags/example_xcomargs.py
[2025-03-09T23:40:44.637+0600] {logging_mixin.py:190} INFO - [2025-03-09T23:40:44.637+0600] {dag.py:3239} INFO - Sync 2 DAGs
[2025-03-09T23:40:44.653+0600] {logging_mixin.py:190} INFO - [2025-03-09T23:40:44.653+0600] {dag.py:4180} INFO - Setting next_dagrun for example_xcom_args to None, run_after=None
[2025-03-09T23:40:44.657+0600] {logging_mixin.py:190} INFO - [2025-03-09T23:40:44.657+0600] {dag.py:4180} INFO - Setting next_dagrun for example_xcom_args_with_operators to None, run_after=None
[2025-03-09T23:40:44.689+0600] {processor.py:208} INFO - Processing /home/shamim/airflow_venv/lib/python3.12/site-packages/airflow/example_dags/example_xcomargs.py took 0.106 seconds
[2025-03-09T23:41:44.030+0600] {processor.py:186} INFO - Started process (PID=32350) to work on /home/shamim/airflow_venv/lib/python3.12/site-packages/airflow/example_dags/example_xcomargs.py
[2025-03-09T23:41:44.038+0600] {processor.py:914} INFO - Processing file /home/shamim/airflow_venv/lib/python3.12/site-packages/airflow/example_dags/example_xcomargs.py for tasks to queue
[2025-03-09T23:41:44.045+0600] {logging_mixin.py:190} INFO - [2025-03-09T23:41:44.044+0600] {dagbag.py:588} INFO - Filling up the DagBag from /home/shamim/airflow_venv/lib/python3.12/site-packages/airflow/example_dags/example_xcomargs.py
[2025-03-09T23:41:44.079+0600] {processor.py:925} INFO - DAG(s) 'example_xcom_args', 'example_xcom_args_with_operators' retrieved from /home/shamim/airflow_venv/lib/python3.12/site-packages/airflow/example_dags/example_xcomargs.py
[2025-03-09T23:41:44.103+0600] {logging_mixin.py:190} INFO - [2025-03-09T23:41:44.103+0600] {dag.py:3239} INFO - Sync 2 DAGs
[2025-03-09T23:41:44.119+0600] {logging_mixin.py:190} INFO - [2025-03-09T23:41:44.119+0600] {dag.py:4180} INFO - Setting next_dagrun for example_xcom_args to None, run_after=None
[2025-03-09T23:41:44.123+0600] {logging_mixin.py:190} INFO - [2025-03-09T23:41:44.123+0600] {dag.py:4180} INFO - Setting next_dagrun for example_xcom_args_with_operators to None, run_after=None
[2025-03-09T23:41:44.167+0600] {processor.py:208} INFO - Processing /home/shamim/airflow_venv/lib/python3.12/site-packages/airflow/example_dags/example_xcomargs.py took 0.158 seconds
[2025-03-09T23:43:15.931+0600] {processor.py:186} INFO - Started process (PID=32838) to work on /home/shamim/airflow_venv/lib/python3.12/site-packages/airflow/example_dags/example_xcomargs.py
[2025-03-09T23:43:15.936+0600] {processor.py:914} INFO - Processing file /home/shamim/airflow_venv/lib/python3.12/site-packages/airflow/example_dags/example_xcomargs.py for tasks to queue
[2025-03-09T23:43:15.938+0600] {logging_mixin.py:190} INFO - [2025-03-09T23:43:15.938+0600] {dagbag.py:588} INFO - Filling up the DagBag from /home/shamim/airflow_venv/lib/python3.12/site-packages/airflow/example_dags/example_xcomargs.py
[2025-03-09T23:43:15.951+0600] {processor.py:925} INFO - DAG(s) 'example_xcom_args', 'example_xcom_args_with_operators' retrieved from /home/shamim/airflow_venv/lib/python3.12/site-packages/airflow/example_dags/example_xcomargs.py
[2025-03-09T23:43:15.974+0600] {logging_mixin.py:190} INFO - [2025-03-09T23:43:15.973+0600] {dag.py:3239} INFO - Sync 2 DAGs
[2025-03-09T23:43:15.989+0600] {logging_mixin.py:190} INFO - [2025-03-09T23:43:15.989+0600] {dag.py:4180} INFO - Setting next_dagrun for example_xcom_args to None, run_after=None
[2025-03-09T23:43:15.993+0600] {logging_mixin.py:190} INFO - [2025-03-09T23:43:15.993+0600] {dag.py:4180} INFO - Setting next_dagrun for example_xcom_args_with_operators to None, run_after=None
[2025-03-09T23:43:16.015+0600] {processor.py:208} INFO - Processing /home/shamim/airflow_venv/lib/python3.12/site-packages/airflow/example_dags/example_xcomargs.py took 0.093 seconds
[2025-03-09T23:44:45.636+0600] {processor.py:186} INFO - Started process (PID=33416) to work on /home/shamim/airflow_venv/lib/python3.12/site-packages/airflow/example_dags/example_xcomargs.py
[2025-03-09T23:44:45.643+0600] {processor.py:914} INFO - Processing file /home/shamim/airflow_venv/lib/python3.12/site-packages/airflow/example_dags/example_xcomargs.py for tasks to queue
[2025-03-09T23:44:45.647+0600] {logging_mixin.py:190} INFO - [2025-03-09T23:44:45.646+0600] {dagbag.py:588} INFO - Filling up the DagBag from /home/shamim/airflow_venv/lib/python3.12/site-packages/airflow/example_dags/example_xcomargs.py
[2025-03-09T23:44:45.667+0600] {processor.py:925} INFO - DAG(s) 'example_xcom_args_with_operators', 'example_xcom_args' retrieved from /home/shamim/airflow_venv/lib/python3.12/site-packages/airflow/example_dags/example_xcomargs.py
[2025-03-09T23:44:45.703+0600] {logging_mixin.py:190} INFO - [2025-03-09T23:44:45.703+0600] {dag.py:3239} INFO - Sync 2 DAGs
[2025-03-09T23:44:45.720+0600] {logging_mixin.py:190} INFO - [2025-03-09T23:44:45.720+0600] {dag.py:4180} INFO - Setting next_dagrun for example_xcom_args to None, run_after=None
[2025-03-09T23:44:45.725+0600] {logging_mixin.py:190} INFO - [2025-03-09T23:44:45.725+0600] {dag.py:4180} INFO - Setting next_dagrun for example_xcom_args_with_operators to None, run_after=None
[2025-03-09T23:44:45.750+0600] {processor.py:208} INFO - Processing /home/shamim/airflow_venv/lib/python3.12/site-packages/airflow/example_dags/example_xcomargs.py took 0.124 seconds
[2025-03-09T23:45:58.230+0600] {processor.py:186} INFO - Started process (PID=34069) to work on /home/shamim/airflow_venv/lib/python3.12/site-packages/airflow/example_dags/example_xcomargs.py
[2025-03-09T23:45:58.236+0600] {processor.py:914} INFO - Processing file /home/shamim/airflow_venv/lib/python3.12/site-packages/airflow/example_dags/example_xcomargs.py for tasks to queue
[2025-03-09T23:45:58.239+0600] {logging_mixin.py:190} INFO - [2025-03-09T23:45:58.238+0600] {dagbag.py:588} INFO - Filling up the DagBag from /home/shamim/airflow_venv/lib/python3.12/site-packages/airflow/example_dags/example_xcomargs.py
[2025-03-09T23:45:58.252+0600] {processor.py:925} INFO - DAG(s) 'example_xcom_args_with_operators', 'example_xcom_args' retrieved from /home/shamim/airflow_venv/lib/python3.12/site-packages/airflow/example_dags/example_xcomargs.py
[2025-03-09T23:45:58.275+0600] {logging_mixin.py:190} INFO - [2025-03-09T23:45:58.274+0600] {dag.py:3239} INFO - Sync 2 DAGs
[2025-03-09T23:45:58.290+0600] {logging_mixin.py:190} INFO - [2025-03-09T23:45:58.290+0600] {dag.py:4180} INFO - Setting next_dagrun for example_xcom_args to None, run_after=None
[2025-03-09T23:45:58.294+0600] {logging_mixin.py:190} INFO - [2025-03-09T23:45:58.293+0600] {dag.py:4180} INFO - Setting next_dagrun for example_xcom_args_with_operators to None, run_after=None
[2025-03-09T23:45:58.326+0600] {processor.py:208} INFO - Processing /home/shamim/airflow_venv/lib/python3.12/site-packages/airflow/example_dags/example_xcomargs.py took 0.104 seconds
[2025-03-09T23:47:05.458+0600] {processor.py:186} INFO - Started process (PID=34356) to work on /home/shamim/airflow_venv/lib/python3.12/site-packages/airflow/example_dags/example_xcomargs.py
[2025-03-09T23:47:05.464+0600] {processor.py:914} INFO - Processing file /home/shamim/airflow_venv/lib/python3.12/site-packages/airflow/example_dags/example_xcomargs.py for tasks to queue
[2025-03-09T23:47:05.466+0600] {logging_mixin.py:190} INFO - [2025-03-09T23:47:05.466+0600] {dagbag.py:588} INFO - Filling up the DagBag from /home/shamim/airflow_venv/lib/python3.12/site-packages/airflow/example_dags/example_xcomargs.py
[2025-03-09T23:47:05.481+0600] {processor.py:925} INFO - DAG(s) 'example_xcom_args', 'example_xcom_args_with_operators' retrieved from /home/shamim/airflow_venv/lib/python3.12/site-packages/airflow/example_dags/example_xcomargs.py
[2025-03-09T23:47:05.507+0600] {logging_mixin.py:190} INFO - [2025-03-09T23:47:05.507+0600] {dag.py:3239} INFO - Sync 2 DAGs
[2025-03-09T23:47:05.526+0600] {logging_mixin.py:190} INFO - [2025-03-09T23:47:05.526+0600] {dag.py:4180} INFO - Setting next_dagrun for example_xcom_args to None, run_after=None
[2025-03-09T23:47:05.530+0600] {logging_mixin.py:190} INFO - [2025-03-09T23:47:05.530+0600] {dag.py:4180} INFO - Setting next_dagrun for example_xcom_args_with_operators to None, run_after=None
[2025-03-09T23:47:05.564+0600] {processor.py:208} INFO - Processing /home/shamim/airflow_venv/lib/python3.12/site-packages/airflow/example_dags/example_xcomargs.py took 0.114 seconds
[2025-03-09T23:49:18.647+0600] {processor.py:186} INFO - Started process (PID=35327) to work on /home/shamim/airflow_venv/lib/python3.12/site-packages/airflow/example_dags/example_xcomargs.py
[2025-03-09T23:49:18.654+0600] {processor.py:914} INFO - Processing file /home/shamim/airflow_venv/lib/python3.12/site-packages/airflow/example_dags/example_xcomargs.py for tasks to queue
[2025-03-09T23:49:18.662+0600] {logging_mixin.py:190} INFO - [2025-03-09T23:49:18.661+0600] {dagbag.py:588} INFO - Filling up the DagBag from /home/shamim/airflow_venv/lib/python3.12/site-packages/airflow/example_dags/example_xcomargs.py
[2025-03-09T23:49:18.695+0600] {processor.py:925} INFO - DAG(s) 'example_xcom_args_with_operators', 'example_xcom_args' retrieved from /home/shamim/airflow_venv/lib/python3.12/site-packages/airflow/example_dags/example_xcomargs.py
[2025-03-09T23:49:18.730+0600] {logging_mixin.py:190} INFO - [2025-03-09T23:49:18.729+0600] {dag.py:3239} INFO - Sync 2 DAGs
[2025-03-09T23:49:18.772+0600] {logging_mixin.py:190} INFO - [2025-03-09T23:49:18.769+0600] {dag.py:4180} INFO - Setting next_dagrun for example_xcom_args to None, run_after=None
[2025-03-09T23:49:18.781+0600] {logging_mixin.py:190} INFO - [2025-03-09T23:49:18.780+0600] {dag.py:4180} INFO - Setting next_dagrun for example_xcom_args_with_operators to None, run_after=None
[2025-03-09T23:49:18.841+0600] {processor.py:208} INFO - Processing /home/shamim/airflow_venv/lib/python3.12/site-packages/airflow/example_dags/example_xcomargs.py took 0.207 seconds
[2025-03-09T23:51:32.988+0600] {processor.py:186} INFO - Started process (PID=36325) to work on /home/shamim/airflow_venv/lib/python3.12/site-packages/airflow/example_dags/example_xcomargs.py
[2025-03-09T23:51:32.996+0600] {processor.py:914} INFO - Processing file /home/shamim/airflow_venv/lib/python3.12/site-packages/airflow/example_dags/example_xcomargs.py for tasks to queue
[2025-03-09T23:51:33.003+0600] {logging_mixin.py:190} INFO - [2025-03-09T23:51:33.001+0600] {dagbag.py:588} INFO - Filling up the DagBag from /home/shamim/airflow_venv/lib/python3.12/site-packages/airflow/example_dags/example_xcomargs.py
[2025-03-09T23:51:33.031+0600] {processor.py:925} INFO - DAG(s) 'example_xcom_args_with_operators', 'example_xcom_args' retrieved from /home/shamim/airflow_venv/lib/python3.12/site-packages/airflow/example_dags/example_xcomargs.py
[2025-03-09T23:51:33.057+0600] {logging_mixin.py:190} INFO - [2025-03-09T23:51:33.056+0600] {dag.py:3239} INFO - Sync 2 DAGs
[2025-03-09T23:51:33.074+0600] {logging_mixin.py:190} INFO - [2025-03-09T23:51:33.074+0600] {dag.py:4180} INFO - Setting next_dagrun for example_xcom_args to None, run_after=None
[2025-03-09T23:51:33.078+0600] {logging_mixin.py:190} INFO - [2025-03-09T23:51:33.078+0600] {dag.py:4180} INFO - Setting next_dagrun for example_xcom_args_with_operators to None, run_after=None
[2025-03-09T23:51:33.111+0600] {processor.py:208} INFO - Processing /home/shamim/airflow_venv/lib/python3.12/site-packages/airflow/example_dags/example_xcomargs.py took 0.142 seconds
[2025-03-09T23:53:01.533+0600] {processor.py:186} INFO - Started process (PID=36813) to work on /home/shamim/airflow_venv/lib/python3.12/site-packages/airflow/example_dags/example_xcomargs.py
[2025-03-09T23:53:01.539+0600] {processor.py:914} INFO - Processing file /home/shamim/airflow_venv/lib/python3.12/site-packages/airflow/example_dags/example_xcomargs.py for tasks to queue
[2025-03-09T23:53:01.542+0600] {logging_mixin.py:190} INFO - [2025-03-09T23:53:01.542+0600] {dagbag.py:588} INFO - Filling up the DagBag from /home/shamim/airflow_venv/lib/python3.12/site-packages/airflow/example_dags/example_xcomargs.py
[2025-03-09T23:53:01.563+0600] {processor.py:925} INFO - DAG(s) 'example_xcom_args_with_operators', 'example_xcom_args' retrieved from /home/shamim/airflow_venv/lib/python3.12/site-packages/airflow/example_dags/example_xcomargs.py
[2025-03-09T23:53:01.605+0600] {logging_mixin.py:190} INFO - [2025-03-09T23:53:01.605+0600] {dag.py:3239} INFO - Sync 2 DAGs
[2025-03-09T23:53:01.631+0600] {logging_mixin.py:190} INFO - [2025-03-09T23:53:01.631+0600] {dag.py:4180} INFO - Setting next_dagrun for example_xcom_args to None, run_after=None
[2025-03-09T23:53:01.638+0600] {logging_mixin.py:190} INFO - [2025-03-09T23:53:01.638+0600] {dag.py:4180} INFO - Setting next_dagrun for example_xcom_args_with_operators to None, run_after=None
[2025-03-09T23:53:01.680+0600] {processor.py:208} INFO - Processing /home/shamim/airflow_venv/lib/python3.12/site-packages/airflow/example_dags/example_xcomargs.py took 0.158 seconds
[2025-03-09T23:54:31.614+0600] {processor.py:186} INFO - Started process (PID=37301) to work on /home/shamim/airflow_venv/lib/python3.12/site-packages/airflow/example_dags/example_xcomargs.py
[2025-03-09T23:54:31.618+0600] {processor.py:914} INFO - Processing file /home/shamim/airflow_venv/lib/python3.12/site-packages/airflow/example_dags/example_xcomargs.py for tasks to queue
[2025-03-09T23:54:31.620+0600] {logging_mixin.py:190} INFO - [2025-03-09T23:54:31.620+0600] {dagbag.py:588} INFO - Filling up the DagBag from /home/shamim/airflow_venv/lib/python3.12/site-packages/airflow/example_dags/example_xcomargs.py
[2025-03-09T23:54:31.634+0600] {processor.py:925} INFO - DAG(s) 'example_xcom_args_with_operators', 'example_xcom_args' retrieved from /home/shamim/airflow_venv/lib/python3.12/site-packages/airflow/example_dags/example_xcomargs.py
[2025-03-09T23:54:31.657+0600] {logging_mixin.py:190} INFO - [2025-03-09T23:54:31.657+0600] {dag.py:3239} INFO - Sync 2 DAGs
[2025-03-09T23:54:31.674+0600] {logging_mixin.py:190} INFO - [2025-03-09T23:54:31.674+0600] {dag.py:4180} INFO - Setting next_dagrun for example_xcom_args to None, run_after=None
[2025-03-09T23:54:31.678+0600] {logging_mixin.py:190} INFO - [2025-03-09T23:54:31.678+0600] {dag.py:4180} INFO - Setting next_dagrun for example_xcom_args_with_operators to None, run_after=None
[2025-03-09T23:54:31.707+0600] {processor.py:208} INFO - Processing /home/shamim/airflow_venv/lib/python3.12/site-packages/airflow/example_dags/example_xcomargs.py took 0.101 seconds
[2025-03-09T23:56:08.818+0600] {processor.py:186} INFO - Started process (PID=38265) to work on /home/shamim/airflow_venv/lib/python3.12/site-packages/airflow/example_dags/example_xcomargs.py
[2025-03-09T23:56:08.824+0600] {processor.py:914} INFO - Processing file /home/shamim/airflow_venv/lib/python3.12/site-packages/airflow/example_dags/example_xcomargs.py for tasks to queue
[2025-03-09T23:56:08.828+0600] {logging_mixin.py:190} INFO - [2025-03-09T23:56:08.827+0600] {dagbag.py:588} INFO - Filling up the DagBag from /home/shamim/airflow_venv/lib/python3.12/site-packages/airflow/example_dags/example_xcomargs.py
[2025-03-09T23:56:08.843+0600] {processor.py:925} INFO - DAG(s) 'example_xcom_args_with_operators', 'example_xcom_args' retrieved from /home/shamim/airflow_venv/lib/python3.12/site-packages/airflow/example_dags/example_xcomargs.py
[2025-03-09T23:56:08.868+0600] {logging_mixin.py:190} INFO - [2025-03-09T23:56:08.867+0600] {dag.py:3239} INFO - Sync 2 DAGs
[2025-03-09T23:56:08.885+0600] {logging_mixin.py:190} INFO - [2025-03-09T23:56:08.885+0600] {dag.py:4180} INFO - Setting next_dagrun for example_xcom_args to None, run_after=None
[2025-03-09T23:56:08.889+0600] {logging_mixin.py:190} INFO - [2025-03-09T23:56:08.889+0600] {dag.py:4180} INFO - Setting next_dagrun for example_xcom_args_with_operators to None, run_after=None
[2025-03-09T23:56:08.913+0600] {processor.py:208} INFO - Processing /home/shamim/airflow_venv/lib/python3.12/site-packages/airflow/example_dags/example_xcomargs.py took 0.105 seconds
[2025-03-09T23:57:38.935+0600] {processor.py:186} INFO - Started process (PID=38768) to work on /home/shamim/airflow_venv/lib/python3.12/site-packages/airflow/example_dags/example_xcomargs.py
[2025-03-09T23:57:38.939+0600] {processor.py:914} INFO - Processing file /home/shamim/airflow_venv/lib/python3.12/site-packages/airflow/example_dags/example_xcomargs.py for tasks to queue
[2025-03-09T23:57:38.943+0600] {logging_mixin.py:190} INFO - [2025-03-09T23:57:38.942+0600] {dagbag.py:588} INFO - Filling up the DagBag from /home/shamim/airflow_venv/lib/python3.12/site-packages/airflow/example_dags/example_xcomargs.py
[2025-03-09T23:57:38.960+0600] {processor.py:925} INFO - DAG(s) 'example_xcom_args', 'example_xcom_args_with_operators' retrieved from /home/shamim/airflow_venv/lib/python3.12/site-packages/airflow/example_dags/example_xcomargs.py
[2025-03-09T23:57:38.990+0600] {logging_mixin.py:190} INFO - [2025-03-09T23:57:38.989+0600] {dag.py:3239} INFO - Sync 2 DAGs
[2025-03-09T23:57:39.012+0600] {logging_mixin.py:190} INFO - [2025-03-09T23:57:39.011+0600] {dag.py:4180} INFO - Setting next_dagrun for example_xcom_args to None, run_after=None
[2025-03-09T23:57:39.017+0600] {logging_mixin.py:190} INFO - [2025-03-09T23:57:39.017+0600] {dag.py:4180} INFO - Setting next_dagrun for example_xcom_args_with_operators to None, run_after=None
[2025-03-09T23:57:39.041+0600] {processor.py:208} INFO - Processing /home/shamim/airflow_venv/lib/python3.12/site-packages/airflow/example_dags/example_xcomargs.py took 0.131 seconds
[2025-03-09T23:59:21.006+0600] {processor.py:186} INFO - Started process (PID=39441) to work on /home/shamim/airflow_venv/lib/python3.12/site-packages/airflow/example_dags/example_xcomargs.py
[2025-03-09T23:59:21.013+0600] {processor.py:914} INFO - Processing file /home/shamim/airflow_venv/lib/python3.12/site-packages/airflow/example_dags/example_xcomargs.py for tasks to queue
[2025-03-09T23:59:21.019+0600] {logging_mixin.py:190} INFO - [2025-03-09T23:59:21.018+0600] {dagbag.py:588} INFO - Filling up the DagBag from /home/shamim/airflow_venv/lib/python3.12/site-packages/airflow/example_dags/example_xcomargs.py
[2025-03-09T23:59:21.041+0600] {processor.py:925} INFO - DAG(s) 'example_xcom_args', 'example_xcom_args_with_operators' retrieved from /home/shamim/airflow_venv/lib/python3.12/site-packages/airflow/example_dags/example_xcomargs.py
[2025-03-09T23:59:21.081+0600] {logging_mixin.py:190} INFO - [2025-03-09T23:59:21.081+0600] {dag.py:3239} INFO - Sync 2 DAGs
[2025-03-09T23:59:21.114+0600] {logging_mixin.py:190} INFO - [2025-03-09T23:59:21.113+0600] {dag.py:4180} INFO - Setting next_dagrun for example_xcom_args to None, run_after=None
[2025-03-09T23:59:21.119+0600] {logging_mixin.py:190} INFO - [2025-03-09T23:59:21.118+0600] {dag.py:4180} INFO - Setting next_dagrun for example_xcom_args_with_operators to None, run_after=None
[2025-03-09T23:59:21.142+0600] {processor.py:208} INFO - Processing /home/shamim/airflow_venv/lib/python3.12/site-packages/airflow/example_dags/example_xcomargs.py took 0.155 seconds
[2025-03-10T00:00:35.840+0600] {processor.py:186} INFO - Started process (PID=39897) to work on /home/shamim/airflow_venv/lib/python3.12/site-packages/airflow/example_dags/example_xcomargs.py
[2025-03-10T00:00:35.846+0600] {processor.py:914} INFO - Processing file /home/shamim/airflow_venv/lib/python3.12/site-packages/airflow/example_dags/example_xcomargs.py for tasks to queue
[2025-03-10T00:00:35.849+0600] {logging_mixin.py:190} INFO - [2025-03-10T00:00:35.848+0600] {dagbag.py:588} INFO - Filling up the DagBag from /home/shamim/airflow_venv/lib/python3.12/site-packages/airflow/example_dags/example_xcomargs.py
[2025-03-10T00:00:35.867+0600] {processor.py:925} INFO - DAG(s) 'example_xcom_args_with_operators', 'example_xcom_args' retrieved from /home/shamim/airflow_venv/lib/python3.12/site-packages/airflow/example_dags/example_xcomargs.py
[2025-03-10T00:00:35.894+0600] {logging_mixin.py:190} INFO - [2025-03-10T00:00:35.894+0600] {dag.py:3239} INFO - Sync 2 DAGs
[2025-03-10T00:00:35.919+0600] {logging_mixin.py:190} INFO - [2025-03-10T00:00:35.918+0600] {dag.py:4180} INFO - Setting next_dagrun for example_xcom_args to None, run_after=None
[2025-03-10T00:00:35.923+0600] {logging_mixin.py:190} INFO - [2025-03-10T00:00:35.923+0600] {dag.py:4180} INFO - Setting next_dagrun for example_xcom_args_with_operators to None, run_after=None
[2025-03-10T00:00:35.950+0600] {processor.py:208} INFO - Processing /home/shamim/airflow_venv/lib/python3.12/site-packages/airflow/example_dags/example_xcomargs.py took 0.126 seconds
[2025-03-10T00:02:21.305+0600] {processor.py:186} INFO - Started process (PID=40398) to work on /home/shamim/airflow_venv/lib/python3.12/site-packages/airflow/example_dags/example_xcomargs.py
[2025-03-10T00:02:21.312+0600] {processor.py:914} INFO - Processing file /home/shamim/airflow_venv/lib/python3.12/site-packages/airflow/example_dags/example_xcomargs.py for tasks to queue
[2025-03-10T00:02:21.316+0600] {logging_mixin.py:190} INFO - [2025-03-10T00:02:21.315+0600] {dagbag.py:588} INFO - Filling up the DagBag from /home/shamim/airflow_venv/lib/python3.12/site-packages/airflow/example_dags/example_xcomargs.py
[2025-03-10T00:02:21.333+0600] {processor.py:925} INFO - DAG(s) 'example_xcom_args', 'example_xcom_args_with_operators' retrieved from /home/shamim/airflow_venv/lib/python3.12/site-packages/airflow/example_dags/example_xcomargs.py
[2025-03-10T00:02:21.364+0600] {logging_mixin.py:190} INFO - [2025-03-10T00:02:21.364+0600] {dag.py:3239} INFO - Sync 2 DAGs
[2025-03-10T00:02:21.389+0600] {logging_mixin.py:190} INFO - [2025-03-10T00:02:21.388+0600] {dag.py:4180} INFO - Setting next_dagrun for example_xcom_args to None, run_after=None
[2025-03-10T00:02:21.393+0600] {logging_mixin.py:190} INFO - [2025-03-10T00:02:21.393+0600] {dag.py:4180} INFO - Setting next_dagrun for example_xcom_args_with_operators to None, run_after=None
[2025-03-10T00:02:21.422+0600] {processor.py:208} INFO - Processing /home/shamim/airflow_venv/lib/python3.12/site-packages/airflow/example_dags/example_xcomargs.py took 0.128 seconds
[2025-03-10T00:04:18.347+0600] {processor.py:186} INFO - Started process (PID=40959) to work on /home/shamim/airflow_venv/lib/python3.12/site-packages/airflow/example_dags/example_xcomargs.py
[2025-03-10T00:04:18.353+0600] {processor.py:914} INFO - Processing file /home/shamim/airflow_venv/lib/python3.12/site-packages/airflow/example_dags/example_xcomargs.py for tasks to queue
[2025-03-10T00:04:18.357+0600] {logging_mixin.py:190} INFO - [2025-03-10T00:04:18.357+0600] {dagbag.py:588} INFO - Filling up the DagBag from /home/shamim/airflow_venv/lib/python3.12/site-packages/airflow/example_dags/example_xcomargs.py
[2025-03-10T00:04:18.380+0600] {processor.py:925} INFO - DAG(s) 'example_xcom_args', 'example_xcom_args_with_operators' retrieved from /home/shamim/airflow_venv/lib/python3.12/site-packages/airflow/example_dags/example_xcomargs.py
[2025-03-10T00:04:18.406+0600] {logging_mixin.py:190} INFO - [2025-03-10T00:04:18.406+0600] {dag.py:3239} INFO - Sync 2 DAGs
[2025-03-10T00:04:18.424+0600] {logging_mixin.py:190} INFO - [2025-03-10T00:04:18.424+0600] {dag.py:4180} INFO - Setting next_dagrun for example_xcom_args to None, run_after=None
[2025-03-10T00:04:18.428+0600] {logging_mixin.py:190} INFO - [2025-03-10T00:04:18.428+0600] {dag.py:4180} INFO - Setting next_dagrun for example_xcom_args_with_operators to None, run_after=None
[2025-03-10T00:04:18.462+0600] {processor.py:208} INFO - Processing /home/shamim/airflow_venv/lib/python3.12/site-packages/airflow/example_dags/example_xcomargs.py took 0.145 seconds
[2025-03-10T00:06:11.748+0600] {processor.py:186} INFO - Started process (PID=41473) to work on /home/shamim/airflow_venv/lib/python3.12/site-packages/airflow/example_dags/example_xcomargs.py
[2025-03-10T00:06:11.766+0600] {processor.py:914} INFO - Processing file /home/shamim/airflow_venv/lib/python3.12/site-packages/airflow/example_dags/example_xcomargs.py for tasks to queue
[2025-03-10T00:06:11.775+0600] {logging_mixin.py:190} INFO - [2025-03-10T00:06:11.773+0600] {dagbag.py:588} INFO - Filling up the DagBag from /home/shamim/airflow_venv/lib/python3.12/site-packages/airflow/example_dags/example_xcomargs.py
[2025-03-10T00:06:11.816+0600] {processor.py:925} INFO - DAG(s) 'example_xcom_args_with_operators', 'example_xcom_args' retrieved from /home/shamim/airflow_venv/lib/python3.12/site-packages/airflow/example_dags/example_xcomargs.py
[2025-03-10T00:06:11.856+0600] {logging_mixin.py:190} INFO - [2025-03-10T00:06:11.856+0600] {dag.py:3239} INFO - Sync 2 DAGs
[2025-03-10T00:06:11.883+0600] {logging_mixin.py:190} INFO - [2025-03-10T00:06:11.883+0600] {dag.py:4180} INFO - Setting next_dagrun for example_xcom_args to None, run_after=None
[2025-03-10T00:06:11.887+0600] {logging_mixin.py:190} INFO - [2025-03-10T00:06:11.887+0600] {dag.py:4180} INFO - Setting next_dagrun for example_xcom_args_with_operators to None, run_after=None
[2025-03-10T00:06:11.935+0600] {processor.py:208} INFO - Processing /home/shamim/airflow_venv/lib/python3.12/site-packages/airflow/example_dags/example_xcomargs.py took 0.211 seconds
[2025-03-10T00:11:58.129+0600] {processor.py:186} INFO - Started process (PID=44469) to work on /home/shamim/airflow_venv/lib/python3.12/site-packages/airflow/example_dags/example_xcomargs.py
[2025-03-10T00:11:58.136+0600] {processor.py:914} INFO - Processing file /home/shamim/airflow_venv/lib/python3.12/site-packages/airflow/example_dags/example_xcomargs.py for tasks to queue
[2025-03-10T00:11:58.137+0600] {logging_mixin.py:190} INFO - [2025-03-10T00:11:58.137+0600] {dagbag.py:588} INFO - Filling up the DagBag from /home/shamim/airflow_venv/lib/python3.12/site-packages/airflow/example_dags/example_xcomargs.py
[2025-03-10T00:11:58.148+0600] {processor.py:925} INFO - DAG(s) 'example_xcom_args', 'example_xcom_args_with_operators' retrieved from /home/shamim/airflow_venv/lib/python3.12/site-packages/airflow/example_dags/example_xcomargs.py
[2025-03-10T00:11:58.180+0600] {logging_mixin.py:190} INFO - [2025-03-10T00:11:58.180+0600] {dag.py:3239} INFO - Sync 2 DAGs
[2025-03-10T00:11:58.195+0600] {logging_mixin.py:190} INFO - [2025-03-10T00:11:58.195+0600] {dag.py:4180} INFO - Setting next_dagrun for example_xcom_args to None, run_after=None
[2025-03-10T00:11:58.199+0600] {logging_mixin.py:190} INFO - [2025-03-10T00:11:58.198+0600] {dag.py:4180} INFO - Setting next_dagrun for example_xcom_args_with_operators to None, run_after=None
[2025-03-10T00:11:58.231+0600] {processor.py:208} INFO - Processing /home/shamim/airflow_venv/lib/python3.12/site-packages/airflow/example_dags/example_xcomargs.py took 0.109 seconds
[2025-03-10T00:13:11.826+0600] {processor.py:186} INFO - Started process (PID=45562) to work on /home/shamim/airflow_venv/lib/python3.12/site-packages/airflow/example_dags/example_xcomargs.py
[2025-03-10T00:13:11.832+0600] {processor.py:914} INFO - Processing file /home/shamim/airflow_venv/lib/python3.12/site-packages/airflow/example_dags/example_xcomargs.py for tasks to queue
[2025-03-10T00:13:11.834+0600] {logging_mixin.py:190} INFO - [2025-03-10T00:13:11.833+0600] {dagbag.py:588} INFO - Filling up the DagBag from /home/shamim/airflow_venv/lib/python3.12/site-packages/airflow/example_dags/example_xcomargs.py
[2025-03-10T00:13:11.845+0600] {processor.py:925} INFO - DAG(s) 'example_xcom_args', 'example_xcom_args_with_operators' retrieved from /home/shamim/airflow_venv/lib/python3.12/site-packages/airflow/example_dags/example_xcomargs.py
[2025-03-10T00:13:11.868+0600] {logging_mixin.py:190} INFO - [2025-03-10T00:13:11.867+0600] {dag.py:3239} INFO - Sync 2 DAGs
[2025-03-10T00:13:11.883+0600] {logging_mixin.py:190} INFO - [2025-03-10T00:13:11.882+0600] {dag.py:4180} INFO - Setting next_dagrun for example_xcom_args to None, run_after=None
[2025-03-10T00:13:11.886+0600] {logging_mixin.py:190} INFO - [2025-03-10T00:13:11.885+0600] {dag.py:4180} INFO - Setting next_dagrun for example_xcom_args_with_operators to None, run_after=None
[2025-03-10T00:13:11.919+0600] {processor.py:208} INFO - Processing /home/shamim/airflow_venv/lib/python3.12/site-packages/airflow/example_dags/example_xcomargs.py took 0.099 seconds
[2025-03-10T00:14:35.804+0600] {processor.py:186} INFO - Started process (PID=46027) to work on /home/shamim/airflow_venv/lib/python3.12/site-packages/airflow/example_dags/example_xcomargs.py
[2025-03-10T00:14:35.811+0600] {processor.py:914} INFO - Processing file /home/shamim/airflow_venv/lib/python3.12/site-packages/airflow/example_dags/example_xcomargs.py for tasks to queue
[2025-03-10T00:14:35.812+0600] {logging_mixin.py:190} INFO - [2025-03-10T00:14:35.812+0600] {dagbag.py:588} INFO - Filling up the DagBag from /home/shamim/airflow_venv/lib/python3.12/site-packages/airflow/example_dags/example_xcomargs.py
[2025-03-10T00:14:35.823+0600] {processor.py:925} INFO - DAG(s) 'example_xcom_args', 'example_xcom_args_with_operators' retrieved from /home/shamim/airflow_venv/lib/python3.12/site-packages/airflow/example_dags/example_xcomargs.py
[2025-03-10T00:14:35.846+0600] {logging_mixin.py:190} INFO - [2025-03-10T00:14:35.846+0600] {dag.py:3239} INFO - Sync 2 DAGs
[2025-03-10T00:14:35.861+0600] {logging_mixin.py:190} INFO - [2025-03-10T00:14:35.861+0600] {dag.py:4180} INFO - Setting next_dagrun for example_xcom_args to None, run_after=None
[2025-03-10T00:14:35.864+0600] {logging_mixin.py:190} INFO - [2025-03-10T00:14:35.864+0600] {dag.py:4180} INFO - Setting next_dagrun for example_xcom_args_with_operators to None, run_after=None
[2025-03-10T00:14:35.898+0600] {processor.py:208} INFO - Processing /home/shamim/airflow_venv/lib/python3.12/site-packages/airflow/example_dags/example_xcomargs.py took 0.101 seconds
[2025-03-10T00:16:08.535+0600] {processor.py:186} INFO - Started process (PID=46485) to work on /home/shamim/airflow_venv/lib/python3.12/site-packages/airflow/example_dags/example_xcomargs.py
[2025-03-10T00:16:08.542+0600] {processor.py:914} INFO - Processing file /home/shamim/airflow_venv/lib/python3.12/site-packages/airflow/example_dags/example_xcomargs.py for tasks to queue
[2025-03-10T00:16:08.543+0600] {logging_mixin.py:190} INFO - [2025-03-10T00:16:08.543+0600] {dagbag.py:588} INFO - Filling up the DagBag from /home/shamim/airflow_venv/lib/python3.12/site-packages/airflow/example_dags/example_xcomargs.py
[2025-03-10T00:16:08.557+0600] {processor.py:925} INFO - DAG(s) 'example_xcom_args', 'example_xcom_args_with_operators' retrieved from /home/shamim/airflow_venv/lib/python3.12/site-packages/airflow/example_dags/example_xcomargs.py
[2025-03-10T00:16:08.584+0600] {logging_mixin.py:190} INFO - [2025-03-10T00:16:08.584+0600] {dag.py:3239} INFO - Sync 2 DAGs
[2025-03-10T00:16:08.599+0600] {logging_mixin.py:190} INFO - [2025-03-10T00:16:08.599+0600] {dag.py:4180} INFO - Setting next_dagrun for example_xcom_args to None, run_after=None
[2025-03-10T00:16:08.602+0600] {logging_mixin.py:190} INFO - [2025-03-10T00:16:08.602+0600] {dag.py:4180} INFO - Setting next_dagrun for example_xcom_args_with_operators to None, run_after=None
[2025-03-10T00:16:08.782+0600] {processor.py:208} INFO - Processing /home/shamim/airflow_venv/lib/python3.12/site-packages/airflow/example_dags/example_xcomargs.py took 0.257 seconds
[2025-03-10T00:28:25.927+0600] {processor.py:186} INFO - Started process (PID=47939) to work on /home/shamim/airflow_venv/lib/python3.12/site-packages/airflow/example_dags/example_xcomargs.py
[2025-03-10T00:28:25.942+0600] {processor.py:914} INFO - Processing file /home/shamim/airflow_venv/lib/python3.12/site-packages/airflow/example_dags/example_xcomargs.py for tasks to queue
[2025-03-10T00:28:25.953+0600] {logging_mixin.py:190} INFO - [2025-03-10T00:28:25.949+0600] {dagbag.py:588} INFO - Filling up the DagBag from /home/shamim/airflow_venv/lib/python3.12/site-packages/airflow/example_dags/example_xcomargs.py
[2025-03-10T00:28:26.009+0600] {processor.py:925} INFO - DAG(s) 'example_xcom_args_with_operators', 'example_xcom_args' retrieved from /home/shamim/airflow_venv/lib/python3.12/site-packages/airflow/example_dags/example_xcomargs.py
[2025-03-10T00:28:26.195+0600] {logging_mixin.py:190} INFO - [2025-03-10T00:28:26.195+0600] {dag.py:3239} INFO - Sync 2 DAGs
[2025-03-10T00:28:26.241+0600] {logging_mixin.py:190} INFO - [2025-03-10T00:28:26.240+0600] {dag.py:4180} INFO - Setting next_dagrun for example_xcom_args to None, run_after=None
[2025-03-10T00:28:26.248+0600] {logging_mixin.py:190} INFO - [2025-03-10T00:28:26.247+0600] {dag.py:4180} INFO - Setting next_dagrun for example_xcom_args_with_operators to None, run_after=None
[2025-03-10T00:28:26.334+0600] {processor.py:208} INFO - Processing /home/shamim/airflow_venv/lib/python3.12/site-packages/airflow/example_dags/example_xcomargs.py took 0.431 seconds
[2025-03-10T00:29:51.839+0600] {processor.py:186} INFO - Started process (PID=48287) to work on /home/shamim/airflow_venv/lib/python3.12/site-packages/airflow/example_dags/example_xcomargs.py
[2025-03-10T00:29:51.845+0600] {processor.py:914} INFO - Processing file /home/shamim/airflow_venv/lib/python3.12/site-packages/airflow/example_dags/example_xcomargs.py for tasks to queue
[2025-03-10T00:29:51.850+0600] {logging_mixin.py:190} INFO - [2025-03-10T00:29:51.849+0600] {dagbag.py:588} INFO - Filling up the DagBag from /home/shamim/airflow_venv/lib/python3.12/site-packages/airflow/example_dags/example_xcomargs.py
[2025-03-10T00:29:51.880+0600] {processor.py:925} INFO - DAG(s) 'example_xcom_args_with_operators', 'example_xcom_args' retrieved from /home/shamim/airflow_venv/lib/python3.12/site-packages/airflow/example_dags/example_xcomargs.py
[2025-03-10T00:29:52.033+0600] {logging_mixin.py:190} INFO - [2025-03-10T00:29:52.032+0600] {dag.py:3239} INFO - Sync 2 DAGs
[2025-03-10T00:29:52.072+0600] {logging_mixin.py:190} INFO - [2025-03-10T00:29:52.072+0600] {dag.py:4180} INFO - Setting next_dagrun for example_xcom_args to None, run_after=None
[2025-03-10T00:29:52.080+0600] {logging_mixin.py:190} INFO - [2025-03-10T00:29:52.080+0600] {dag.py:4180} INFO - Setting next_dagrun for example_xcom_args_with_operators to None, run_after=None
[2025-03-10T00:29:52.137+0600] {processor.py:208} INFO - Processing /home/shamim/airflow_venv/lib/python3.12/site-packages/airflow/example_dags/example_xcomargs.py took 0.374 seconds
[2025-03-10T00:31:07.708+0600] {processor.py:186} INFO - Started process (PID=48368) to work on /home/shamim/airflow_venv/lib/python3.12/site-packages/airflow/example_dags/example_xcomargs.py
[2025-03-10T00:31:07.735+0600] {processor.py:914} INFO - Processing file /home/shamim/airflow_venv/lib/python3.12/site-packages/airflow/example_dags/example_xcomargs.py for tasks to queue
[2025-03-10T00:31:07.737+0600] {logging_mixin.py:190} INFO - [2025-03-10T00:31:07.737+0600] {dagbag.py:588} INFO - Filling up the DagBag from /home/shamim/airflow_venv/lib/python3.12/site-packages/airflow/example_dags/example_xcomargs.py
[2025-03-10T00:31:07.747+0600] {processor.py:925} INFO - DAG(s) 'example_xcom_args_with_operators', 'example_xcom_args' retrieved from /home/shamim/airflow_venv/lib/python3.12/site-packages/airflow/example_dags/example_xcomargs.py
[2025-03-10T00:31:07.772+0600] {logging_mixin.py:190} INFO - [2025-03-10T00:31:07.771+0600] {dag.py:3239} INFO - Sync 2 DAGs
[2025-03-10T00:31:07.788+0600] {logging_mixin.py:190} INFO - [2025-03-10T00:31:07.787+0600] {dag.py:4180} INFO - Setting next_dagrun for example_xcom_args to None, run_after=None
[2025-03-10T00:31:07.791+0600] {logging_mixin.py:190} INFO - [2025-03-10T00:31:07.790+0600] {dag.py:4180} INFO - Setting next_dagrun for example_xcom_args_with_operators to None, run_after=None
[2025-03-10T00:31:07.810+0600] {processor.py:208} INFO - Processing /home/shamim/airflow_venv/lib/python3.12/site-packages/airflow/example_dags/example_xcomargs.py took 0.128 seconds
