[2025-03-09T23:15:13.949+0600] {processor.py:186} INFO - Started process (PID=21303) to work on /home/shamim/airflow_venv/lib/python3.12/site-packages/airflow/example_dags/example_display_name.py
[2025-03-09T23:15:13.951+0600] {processor.py:914} INFO - Processing file /home/shamim/airflow_venv/lib/python3.12/site-packages/airflow/example_dags/example_display_name.py for tasks to queue
[2025-03-09T23:15:13.955+0600] {logging_mixin.py:190} INFO - [2025-03-09T23:15:13.954+0600] {dagbag.py:588} INFO - Filling up the DagBag from /home/shamim/airflow_venv/lib/python3.12/site-packages/airflow/example_dags/example_display_name.py
[2025-03-09T23:15:13.969+0600] {processor.py:925} INFO - DAG(s) 'example_display_name' retrieved from /home/shamim/airflow_venv/lib/python3.12/site-packages/airflow/example_dags/example_display_name.py
[2025-03-09T23:15:13.998+0600] {logging_mixin.py:190} INFO - [2025-03-09T23:15:13.997+0600] {dag.py:3239} INFO - Sync 1 DAGs
[2025-03-09T23:15:14.044+0600] {logging_mixin.py:190} INFO - [2025-03-09T23:15:14.043+0600] {dag.py:4180} INFO - Setting next_dagrun for example_display_name to None, run_after=None
[2025-03-09T23:15:14.075+0600] {processor.py:208} INFO - Processing /home/shamim/airflow_venv/lib/python3.12/site-packages/airflow/example_dags/example_display_name.py took 0.138 seconds
[2025-03-09T23:17:19.945+0600] {processor.py:186} INFO - Started process (PID=22275) to work on /home/shamim/airflow_venv/lib/python3.12/site-packages/airflow/example_dags/example_display_name.py
[2025-03-09T23:17:19.949+0600] {processor.py:914} INFO - Processing file /home/shamim/airflow_venv/lib/python3.12/site-packages/airflow/example_dags/example_display_name.py for tasks to queue
[2025-03-09T23:17:19.951+0600] {logging_mixin.py:190} INFO - [2025-03-09T23:17:19.951+0600] {dagbag.py:588} INFO - Filling up the DagBag from /home/shamim/airflow_venv/lib/python3.12/site-packages/airflow/example_dags/example_display_name.py
[2025-03-09T23:17:19.962+0600] {processor.py:925} INFO - DAG(s) 'example_display_name' retrieved from /home/shamim/airflow_venv/lib/python3.12/site-packages/airflow/example_dags/example_display_name.py
[2025-03-09T23:17:19.984+0600] {logging_mixin.py:190} INFO - [2025-03-09T23:17:19.983+0600] {dag.py:3239} INFO - Sync 1 DAGs
[2025-03-09T23:17:20.005+0600] {logging_mixin.py:190} INFO - [2025-03-09T23:17:20.005+0600] {dag.py:4180} INFO - Setting next_dagrun for example_display_name to None, run_after=None
[2025-03-09T23:17:20.030+0600] {processor.py:208} INFO - Processing /home/shamim/airflow_venv/lib/python3.12/site-packages/airflow/example_dags/example_display_name.py took 0.093 seconds
[2025-03-09T23:18:51.519+0600] {processor.py:186} INFO - Started process (PID=23083) to work on /home/shamim/airflow_venv/lib/python3.12/site-packages/airflow/example_dags/example_display_name.py
[2025-03-09T23:18:51.523+0600] {processor.py:914} INFO - Processing file /home/shamim/airflow_venv/lib/python3.12/site-packages/airflow/example_dags/example_display_name.py for tasks to queue
[2025-03-09T23:18:51.529+0600] {logging_mixin.py:190} INFO - [2025-03-09T23:18:51.528+0600] {dagbag.py:588} INFO - Filling up the DagBag from /home/shamim/airflow_venv/lib/python3.12/site-packages/airflow/example_dags/example_display_name.py
[2025-03-09T23:18:51.559+0600] {processor.py:925} INFO - DAG(s) 'example_display_name' retrieved from /home/shamim/airflow_venv/lib/python3.12/site-packages/airflow/example_dags/example_display_name.py
[2025-03-09T23:18:51.625+0600] {logging_mixin.py:190} INFO - [2025-03-09T23:18:51.624+0600] {dag.py:3239} INFO - Sync 1 DAGs
[2025-03-09T23:18:51.664+0600] {logging_mixin.py:190} INFO - [2025-03-09T23:18:51.664+0600] {dag.py:4180} INFO - Setting next_dagrun for example_display_name to None, run_after=None
[2025-03-09T23:18:51.710+0600] {processor.py:208} INFO - Processing /home/shamim/airflow_venv/lib/python3.12/site-packages/airflow/example_dags/example_display_name.py took 0.201 seconds
[2025-03-09T23:20:37.079+0600] {processor.py:186} INFO - Started process (PID=23842) to work on /home/shamim/airflow_venv/lib/python3.12/site-packages/airflow/example_dags/example_display_name.py
[2025-03-09T23:20:37.082+0600] {processor.py:914} INFO - Processing file /home/shamim/airflow_venv/lib/python3.12/site-packages/airflow/example_dags/example_display_name.py for tasks to queue
[2025-03-09T23:20:37.086+0600] {logging_mixin.py:190} INFO - [2025-03-09T23:20:37.085+0600] {dagbag.py:588} INFO - Filling up the DagBag from /home/shamim/airflow_venv/lib/python3.12/site-packages/airflow/example_dags/example_display_name.py
[2025-03-09T23:20:37.097+0600] {processor.py:925} INFO - DAG(s) 'example_display_name' retrieved from /home/shamim/airflow_venv/lib/python3.12/site-packages/airflow/example_dags/example_display_name.py
[2025-03-09T23:20:37.122+0600] {logging_mixin.py:190} INFO - [2025-03-09T23:20:37.122+0600] {dag.py:3239} INFO - Sync 1 DAGs
[2025-03-09T23:20:37.142+0600] {logging_mixin.py:190} INFO - [2025-03-09T23:20:37.142+0600] {dag.py:4180} INFO - Setting next_dagrun for example_display_name to None, run_after=None
[2025-03-09T23:20:37.179+0600] {processor.py:208} INFO - Processing /home/shamim/airflow_venv/lib/python3.12/site-packages/airflow/example_dags/example_display_name.py took 0.108 seconds
[2025-03-09T23:22:08.330+0600] {processor.py:186} INFO - Started process (PID=24401) to work on /home/shamim/airflow_venv/lib/python3.12/site-packages/airflow/example_dags/example_display_name.py
[2025-03-09T23:22:08.333+0600] {processor.py:914} INFO - Processing file /home/shamim/airflow_venv/lib/python3.12/site-packages/airflow/example_dags/example_display_name.py for tasks to queue
[2025-03-09T23:22:08.335+0600] {logging_mixin.py:190} INFO - [2025-03-09T23:22:08.335+0600] {dagbag.py:588} INFO - Filling up the DagBag from /home/shamim/airflow_venv/lib/python3.12/site-packages/airflow/example_dags/example_display_name.py
[2025-03-09T23:22:08.346+0600] {processor.py:925} INFO - DAG(s) 'example_display_name' retrieved from /home/shamim/airflow_venv/lib/python3.12/site-packages/airflow/example_dags/example_display_name.py
[2025-03-09T23:22:08.365+0600] {logging_mixin.py:190} INFO - [2025-03-09T23:22:08.365+0600] {dag.py:3239} INFO - Sync 1 DAGs
[2025-03-09T23:22:08.381+0600] {logging_mixin.py:190} INFO - [2025-03-09T23:22:08.380+0600] {dag.py:4180} INFO - Setting next_dagrun for example_display_name to None, run_after=None
[2025-03-09T23:22:08.407+0600] {processor.py:208} INFO - Processing /home/shamim/airflow_venv/lib/python3.12/site-packages/airflow/example_dags/example_display_name.py took 0.084 seconds
[2025-03-09T23:23:35.089+0600] {processor.py:186} INFO - Started process (PID=25000) to work on /home/shamim/airflow_venv/lib/python3.12/site-packages/airflow/example_dags/example_display_name.py
[2025-03-09T23:23:35.093+0600] {processor.py:914} INFO - Processing file /home/shamim/airflow_venv/lib/python3.12/site-packages/airflow/example_dags/example_display_name.py for tasks to queue
[2025-03-09T23:23:35.099+0600] {logging_mixin.py:190} INFO - [2025-03-09T23:23:35.098+0600] {dagbag.py:588} INFO - Filling up the DagBag from /home/shamim/airflow_venv/lib/python3.12/site-packages/airflow/example_dags/example_display_name.py
[2025-03-09T23:23:35.115+0600] {processor.py:925} INFO - DAG(s) 'example_display_name' retrieved from /home/shamim/airflow_venv/lib/python3.12/site-packages/airflow/example_dags/example_display_name.py
[2025-03-09T23:23:35.138+0600] {logging_mixin.py:190} INFO - [2025-03-09T23:23:35.138+0600] {dag.py:3239} INFO - Sync 1 DAGs
[2025-03-09T23:23:35.154+0600] {logging_mixin.py:190} INFO - [2025-03-09T23:23:35.154+0600] {dag.py:4180} INFO - Setting next_dagrun for example_display_name to None, run_after=None
[2025-03-09T23:23:35.178+0600] {processor.py:208} INFO - Processing /home/shamim/airflow_venv/lib/python3.12/site-packages/airflow/example_dags/example_display_name.py took 0.103 seconds
[2025-03-09T23:24:58.136+0600] {processor.py:186} INFO - Started process (PID=25565) to work on /home/shamim/airflow_venv/lib/python3.12/site-packages/airflow/example_dags/example_display_name.py
[2025-03-09T23:24:58.144+0600] {processor.py:914} INFO - Processing file /home/shamim/airflow_venv/lib/python3.12/site-packages/airflow/example_dags/example_display_name.py for tasks to queue
[2025-03-09T23:24:58.149+0600] {logging_mixin.py:190} INFO - [2025-03-09T23:24:58.148+0600] {dagbag.py:588} INFO - Filling up the DagBag from /home/shamim/airflow_venv/lib/python3.12/site-packages/airflow/example_dags/example_display_name.py
[2025-03-09T23:24:58.165+0600] {processor.py:925} INFO - DAG(s) 'example_display_name' retrieved from /home/shamim/airflow_venv/lib/python3.12/site-packages/airflow/example_dags/example_display_name.py
[2025-03-09T23:24:58.183+0600] {logging_mixin.py:190} INFO - [2025-03-09T23:24:58.182+0600] {dag.py:3239} INFO - Sync 1 DAGs
[2025-03-09T23:24:58.198+0600] {logging_mixin.py:190} INFO - [2025-03-09T23:24:58.198+0600] {dag.py:4180} INFO - Setting next_dagrun for example_display_name to None, run_after=None
[2025-03-09T23:24:58.233+0600] {processor.py:208} INFO - Processing /home/shamim/airflow_venv/lib/python3.12/site-packages/airflow/example_dags/example_display_name.py took 0.110 seconds
[2025-03-09T23:26:28.127+0600] {processor.py:186} INFO - Started process (PID=26133) to work on /home/shamim/airflow_venv/lib/python3.12/site-packages/airflow/example_dags/example_display_name.py
[2025-03-09T23:26:28.134+0600] {processor.py:914} INFO - Processing file /home/shamim/airflow_venv/lib/python3.12/site-packages/airflow/example_dags/example_display_name.py for tasks to queue
[2025-03-09T23:26:28.136+0600] {logging_mixin.py:190} INFO - [2025-03-09T23:26:28.136+0600] {dagbag.py:588} INFO - Filling up the DagBag from /home/shamim/airflow_venv/lib/python3.12/site-packages/airflow/example_dags/example_display_name.py
[2025-03-09T23:26:28.149+0600] {processor.py:925} INFO - DAG(s) 'example_display_name' retrieved from /home/shamim/airflow_venv/lib/python3.12/site-packages/airflow/example_dags/example_display_name.py
[2025-03-09T23:26:28.172+0600] {logging_mixin.py:190} INFO - [2025-03-09T23:26:28.172+0600] {dag.py:3239} INFO - Sync 1 DAGs
[2025-03-09T23:26:28.190+0600] {logging_mixin.py:190} INFO - [2025-03-09T23:26:28.190+0600] {dag.py:4180} INFO - Setting next_dagrun for example_display_name to None, run_after=None
[2025-03-09T23:26:28.219+0600] {processor.py:208} INFO - Processing /home/shamim/airflow_venv/lib/python3.12/site-packages/airflow/example_dags/example_display_name.py took 0.101 seconds
[2025-03-09T23:28:01.034+0600] {processor.py:186} INFO - Started process (PID=26742) to work on /home/shamim/airflow_venv/lib/python3.12/site-packages/airflow/example_dags/example_display_name.py
[2025-03-09T23:28:01.040+0600] {processor.py:914} INFO - Processing file /home/shamim/airflow_venv/lib/python3.12/site-packages/airflow/example_dags/example_display_name.py for tasks to queue
[2025-03-09T23:28:01.043+0600] {logging_mixin.py:190} INFO - [2025-03-09T23:28:01.042+0600] {dagbag.py:588} INFO - Filling up the DagBag from /home/shamim/airflow_venv/lib/python3.12/site-packages/airflow/example_dags/example_display_name.py
[2025-03-09T23:28:01.055+0600] {processor.py:925} INFO - DAG(s) 'example_display_name' retrieved from /home/shamim/airflow_venv/lib/python3.12/site-packages/airflow/example_dags/example_display_name.py
[2025-03-09T23:28:01.074+0600] {logging_mixin.py:190} INFO - [2025-03-09T23:28:01.073+0600] {dag.py:3239} INFO - Sync 1 DAGs
[2025-03-09T23:28:01.090+0600] {logging_mixin.py:190} INFO - [2025-03-09T23:28:01.090+0600] {dag.py:4180} INFO - Setting next_dagrun for example_display_name to None, run_after=None
[2025-03-09T23:28:01.128+0600] {processor.py:208} INFO - Processing /home/shamim/airflow_venv/lib/python3.12/site-packages/airflow/example_dags/example_display_name.py took 0.102 seconds
[2025-03-09T23:29:34.320+0600] {processor.py:186} INFO - Started process (PID=27311) to work on /home/shamim/airflow_venv/lib/python3.12/site-packages/airflow/example_dags/example_display_name.py
[2025-03-09T23:29:34.326+0600] {processor.py:914} INFO - Processing file /home/shamim/airflow_venv/lib/python3.12/site-packages/airflow/example_dags/example_display_name.py for tasks to queue
[2025-03-09T23:29:34.329+0600] {logging_mixin.py:190} INFO - [2025-03-09T23:29:34.328+0600] {dagbag.py:588} INFO - Filling up the DagBag from /home/shamim/airflow_venv/lib/python3.12/site-packages/airflow/example_dags/example_display_name.py
[2025-03-09T23:29:34.338+0600] {processor.py:925} INFO - DAG(s) 'example_display_name' retrieved from /home/shamim/airflow_venv/lib/python3.12/site-packages/airflow/example_dags/example_display_name.py
[2025-03-09T23:29:34.356+0600] {logging_mixin.py:190} INFO - [2025-03-09T23:29:34.356+0600] {dag.py:3239} INFO - Sync 1 DAGs
[2025-03-09T23:29:34.371+0600] {logging_mixin.py:190} INFO - [2025-03-09T23:29:34.371+0600] {dag.py:4180} INFO - Setting next_dagrun for example_display_name to None, run_after=None
[2025-03-09T23:29:34.406+0600] {processor.py:208} INFO - Processing /home/shamim/airflow_venv/lib/python3.12/site-packages/airflow/example_dags/example_display_name.py took 0.093 seconds
[2025-03-09T23:31:17.215+0600] {processor.py:186} INFO - Started process (PID=28215) to work on /home/shamim/airflow_venv/lib/python3.12/site-packages/airflow/example_dags/example_display_name.py
[2025-03-09T23:31:17.222+0600] {processor.py:914} INFO - Processing file /home/shamim/airflow_venv/lib/python3.12/site-packages/airflow/example_dags/example_display_name.py for tasks to queue
[2025-03-09T23:31:17.224+0600] {logging_mixin.py:190} INFO - [2025-03-09T23:31:17.224+0600] {dagbag.py:588} INFO - Filling up the DagBag from /home/shamim/airflow_venv/lib/python3.12/site-packages/airflow/example_dags/example_display_name.py
[2025-03-09T23:31:17.236+0600] {processor.py:925} INFO - DAG(s) 'example_display_name' retrieved from /home/shamim/airflow_venv/lib/python3.12/site-packages/airflow/example_dags/example_display_name.py
[2025-03-09T23:31:17.254+0600] {logging_mixin.py:190} INFO - [2025-03-09T23:31:17.254+0600] {dag.py:3239} INFO - Sync 1 DAGs
[2025-03-09T23:31:17.269+0600] {logging_mixin.py:190} INFO - [2025-03-09T23:31:17.269+0600] {dag.py:4180} INFO - Setting next_dagrun for example_display_name to None, run_after=None
[2025-03-09T23:31:17.294+0600] {processor.py:208} INFO - Processing /home/shamim/airflow_venv/lib/python3.12/site-packages/airflow/example_dags/example_display_name.py took 0.087 seconds
[2025-03-09T23:32:53.485+0600] {processor.py:186} INFO - Started process (PID=28761) to work on /home/shamim/airflow_venv/lib/python3.12/site-packages/airflow/example_dags/example_display_name.py
[2025-03-09T23:32:53.490+0600] {processor.py:914} INFO - Processing file /home/shamim/airflow_venv/lib/python3.12/site-packages/airflow/example_dags/example_display_name.py for tasks to queue
[2025-03-09T23:32:53.492+0600] {logging_mixin.py:190} INFO - [2025-03-09T23:32:53.492+0600] {dagbag.py:588} INFO - Filling up the DagBag from /home/shamim/airflow_venv/lib/python3.12/site-packages/airflow/example_dags/example_display_name.py
[2025-03-09T23:32:53.502+0600] {processor.py:925} INFO - DAG(s) 'example_display_name' retrieved from /home/shamim/airflow_venv/lib/python3.12/site-packages/airflow/example_dags/example_display_name.py
[2025-03-09T23:32:53.520+0600] {logging_mixin.py:190} INFO - [2025-03-09T23:32:53.519+0600] {dag.py:3239} INFO - Sync 1 DAGs
[2025-03-09T23:32:53.535+0600] {logging_mixin.py:190} INFO - [2025-03-09T23:32:53.535+0600] {dag.py:4180} INFO - Setting next_dagrun for example_display_name to None, run_after=None
[2025-03-09T23:32:53.558+0600] {processor.py:208} INFO - Processing /home/shamim/airflow_venv/lib/python3.12/site-packages/airflow/example_dags/example_display_name.py took 0.079 seconds
[2025-03-09T23:34:36.553+0600] {processor.py:186} INFO - Started process (PID=29416) to work on /home/shamim/airflow_venv/lib/python3.12/site-packages/airflow/example_dags/example_display_name.py
[2025-03-09T23:34:36.556+0600] {processor.py:914} INFO - Processing file /home/shamim/airflow_venv/lib/python3.12/site-packages/airflow/example_dags/example_display_name.py for tasks to queue
[2025-03-09T23:34:36.559+0600] {logging_mixin.py:190} INFO - [2025-03-09T23:34:36.559+0600] {dagbag.py:588} INFO - Filling up the DagBag from /home/shamim/airflow_venv/lib/python3.12/site-packages/airflow/example_dags/example_display_name.py
[2025-03-09T23:34:36.571+0600] {processor.py:925} INFO - DAG(s) 'example_display_name' retrieved from /home/shamim/airflow_venv/lib/python3.12/site-packages/airflow/example_dags/example_display_name.py
[2025-03-09T23:34:36.592+0600] {logging_mixin.py:190} INFO - [2025-03-09T23:34:36.591+0600] {dag.py:3239} INFO - Sync 1 DAGs
[2025-03-09T23:34:36.611+0600] {logging_mixin.py:190} INFO - [2025-03-09T23:34:36.611+0600] {dag.py:4180} INFO - Setting next_dagrun for example_display_name to None, run_after=None
[2025-03-09T23:34:36.641+0600] {processor.py:208} INFO - Processing /home/shamim/airflow_venv/lib/python3.12/site-packages/airflow/example_dags/example_display_name.py took 0.097 seconds
[2025-03-09T23:36:08.076+0600] {processor.py:186} INFO - Started process (PID=29926) to work on /home/shamim/airflow_venv/lib/python3.12/site-packages/airflow/example_dags/example_display_name.py
[2025-03-09T23:36:08.082+0600] {processor.py:914} INFO - Processing file /home/shamim/airflow_venv/lib/python3.12/site-packages/airflow/example_dags/example_display_name.py for tasks to queue
[2025-03-09T23:36:08.085+0600] {logging_mixin.py:190} INFO - [2025-03-09T23:36:08.085+0600] {dagbag.py:588} INFO - Filling up the DagBag from /home/shamim/airflow_venv/lib/python3.12/site-packages/airflow/example_dags/example_display_name.py
[2025-03-09T23:36:08.096+0600] {processor.py:925} INFO - DAG(s) 'example_display_name' retrieved from /home/shamim/airflow_venv/lib/python3.12/site-packages/airflow/example_dags/example_display_name.py
[2025-03-09T23:36:08.115+0600] {logging_mixin.py:190} INFO - [2025-03-09T23:36:08.114+0600] {dag.py:3239} INFO - Sync 1 DAGs
[2025-03-09T23:36:08.131+0600] {logging_mixin.py:190} INFO - [2025-03-09T23:36:08.131+0600] {dag.py:4180} INFO - Setting next_dagrun for example_display_name to None, run_after=None
[2025-03-09T23:36:08.166+0600] {processor.py:208} INFO - Processing /home/shamim/airflow_venv/lib/python3.12/site-packages/airflow/example_dags/example_display_name.py took 0.098 seconds
[2025-03-09T23:37:32.659+0600] {processor.py:186} INFO - Started process (PID=30442) to work on /home/shamim/airflow_venv/lib/python3.12/site-packages/airflow/example_dags/example_display_name.py
[2025-03-09T23:37:32.665+0600] {processor.py:914} INFO - Processing file /home/shamim/airflow_venv/lib/python3.12/site-packages/airflow/example_dags/example_display_name.py for tasks to queue
[2025-03-09T23:37:32.669+0600] {logging_mixin.py:190} INFO - [2025-03-09T23:37:32.668+0600] {dagbag.py:588} INFO - Filling up the DagBag from /home/shamim/airflow_venv/lib/python3.12/site-packages/airflow/example_dags/example_display_name.py
[2025-03-09T23:37:32.681+0600] {processor.py:925} INFO - DAG(s) 'example_display_name' retrieved from /home/shamim/airflow_venv/lib/python3.12/site-packages/airflow/example_dags/example_display_name.py
[2025-03-09T23:37:32.704+0600] {logging_mixin.py:190} INFO - [2025-03-09T23:37:32.703+0600] {dag.py:3239} INFO - Sync 1 DAGs
[2025-03-09T23:37:32.724+0600] {logging_mixin.py:190} INFO - [2025-03-09T23:37:32.724+0600] {dag.py:4180} INFO - Setting next_dagrun for example_display_name to None, run_after=None
[2025-03-09T23:37:32.753+0600] {processor.py:208} INFO - Processing /home/shamim/airflow_venv/lib/python3.12/site-packages/airflow/example_dags/example_display_name.py took 0.103 seconds
[2025-03-09T23:38:57.680+0600] {processor.py:186} INFO - Started process (PID=31217) to work on /home/shamim/airflow_venv/lib/python3.12/site-packages/airflow/example_dags/example_display_name.py
[2025-03-09T23:38:57.686+0600] {processor.py:914} INFO - Processing file /home/shamim/airflow_venv/lib/python3.12/site-packages/airflow/example_dags/example_display_name.py for tasks to queue
[2025-03-09T23:38:57.689+0600] {logging_mixin.py:190} INFO - [2025-03-09T23:38:57.689+0600] {dagbag.py:588} INFO - Filling up the DagBag from /home/shamim/airflow_venv/lib/python3.12/site-packages/airflow/example_dags/example_display_name.py
[2025-03-09T23:38:57.699+0600] {processor.py:925} INFO - DAG(s) 'example_display_name' retrieved from /home/shamim/airflow_venv/lib/python3.12/site-packages/airflow/example_dags/example_display_name.py
[2025-03-09T23:38:57.717+0600] {logging_mixin.py:190} INFO - [2025-03-09T23:38:57.717+0600] {dag.py:3239} INFO - Sync 1 DAGs
[2025-03-09T23:38:57.733+0600] {logging_mixin.py:190} INFO - [2025-03-09T23:38:57.732+0600] {dag.py:4180} INFO - Setting next_dagrun for example_display_name to None, run_after=None
[2025-03-09T23:38:57.763+0600] {processor.py:208} INFO - Processing /home/shamim/airflow_venv/lib/python3.12/site-packages/airflow/example_dags/example_display_name.py took 0.090 seconds
[2025-03-09T23:41:03.969+0600] {processor.py:186} INFO - Started process (PID=32110) to work on /home/shamim/airflow_venv/lib/python3.12/site-packages/airflow/example_dags/example_display_name.py
[2025-03-09T23:41:03.975+0600] {processor.py:914} INFO - Processing file /home/shamim/airflow_venv/lib/python3.12/site-packages/airflow/example_dags/example_display_name.py for tasks to queue
[2025-03-09T23:41:03.978+0600] {logging_mixin.py:190} INFO - [2025-03-09T23:41:03.977+0600] {dagbag.py:588} INFO - Filling up the DagBag from /home/shamim/airflow_venv/lib/python3.12/site-packages/airflow/example_dags/example_display_name.py
[2025-03-09T23:41:03.990+0600] {processor.py:925} INFO - DAG(s) 'example_display_name' retrieved from /home/shamim/airflow_venv/lib/python3.12/site-packages/airflow/example_dags/example_display_name.py
[2025-03-09T23:41:04.009+0600] {logging_mixin.py:190} INFO - [2025-03-09T23:41:04.009+0600] {dag.py:3239} INFO - Sync 1 DAGs
[2025-03-09T23:41:04.025+0600] {logging_mixin.py:190} INFO - [2025-03-09T23:41:04.025+0600] {dag.py:4180} INFO - Setting next_dagrun for example_display_name to None, run_after=None
[2025-03-09T23:41:04.062+0600] {processor.py:208} INFO - Processing /home/shamim/airflow_venv/lib/python3.12/site-packages/airflow/example_dags/example_display_name.py took 0.103 seconds
[2025-03-09T23:42:43.182+0600] {processor.py:186} INFO - Started process (PID=32615) to work on /home/shamim/airflow_venv/lib/python3.12/site-packages/airflow/example_dags/example_display_name.py
[2025-03-09T23:42:43.185+0600] {processor.py:914} INFO - Processing file /home/shamim/airflow_venv/lib/python3.12/site-packages/airflow/example_dags/example_display_name.py for tasks to queue
[2025-03-09T23:42:43.188+0600] {logging_mixin.py:190} INFO - [2025-03-09T23:42:43.188+0600] {dagbag.py:588} INFO - Filling up the DagBag from /home/shamim/airflow_venv/lib/python3.12/site-packages/airflow/example_dags/example_display_name.py
[2025-03-09T23:42:43.199+0600] {processor.py:925} INFO - DAG(s) 'example_display_name' retrieved from /home/shamim/airflow_venv/lib/python3.12/site-packages/airflow/example_dags/example_display_name.py
[2025-03-09T23:42:43.220+0600] {logging_mixin.py:190} INFO - [2025-03-09T23:42:43.219+0600] {dag.py:3239} INFO - Sync 1 DAGs
[2025-03-09T23:42:43.238+0600] {logging_mixin.py:190} INFO - [2025-03-09T23:42:43.238+0600] {dag.py:4180} INFO - Setting next_dagrun for example_display_name to None, run_after=None
[2025-03-09T23:42:43.273+0600] {processor.py:208} INFO - Processing /home/shamim/airflow_venv/lib/python3.12/site-packages/airflow/example_dags/example_display_name.py took 0.099 seconds
[2025-03-09T23:44:11.900+0600] {processor.py:186} INFO - Started process (PID=33110) to work on /home/shamim/airflow_venv/lib/python3.12/site-packages/airflow/example_dags/example_display_name.py
[2025-03-09T23:44:11.905+0600] {processor.py:914} INFO - Processing file /home/shamim/airflow_venv/lib/python3.12/site-packages/airflow/example_dags/example_display_name.py for tasks to queue
[2025-03-09T23:44:11.913+0600] {logging_mixin.py:190} INFO - [2025-03-09T23:44:11.912+0600] {dagbag.py:588} INFO - Filling up the DagBag from /home/shamim/airflow_venv/lib/python3.12/site-packages/airflow/example_dags/example_display_name.py
[2025-03-09T23:44:11.937+0600] {processor.py:925} INFO - DAG(s) 'example_display_name' retrieved from /home/shamim/airflow_venv/lib/python3.12/site-packages/airflow/example_dags/example_display_name.py
[2025-03-09T23:44:11.960+0600] {logging_mixin.py:190} INFO - [2025-03-09T23:44:11.960+0600] {dag.py:3239} INFO - Sync 1 DAGs
[2025-03-09T23:44:11.976+0600] {logging_mixin.py:190} INFO - [2025-03-09T23:44:11.976+0600] {dag.py:4180} INFO - Setting next_dagrun for example_display_name to None, run_after=None
[2025-03-09T23:44:12.001+0600] {processor.py:208} INFO - Processing /home/shamim/airflow_venv/lib/python3.12/site-packages/airflow/example_dags/example_display_name.py took 0.123 seconds
[2025-03-09T23:46:32.541+0600] {processor.py:186} INFO - Started process (PID=34115) to work on /home/shamim/airflow_venv/lib/python3.12/site-packages/airflow/example_dags/example_display_name.py
[2025-03-09T23:46:32.547+0600] {processor.py:914} INFO - Processing file /home/shamim/airflow_venv/lib/python3.12/site-packages/airflow/example_dags/example_display_name.py for tasks to queue
[2025-03-09T23:46:32.549+0600] {logging_mixin.py:190} INFO - [2025-03-09T23:46:32.549+0600] {dagbag.py:588} INFO - Filling up the DagBag from /home/shamim/airflow_venv/lib/python3.12/site-packages/airflow/example_dags/example_display_name.py
[2025-03-09T23:46:32.559+0600] {processor.py:925} INFO - DAG(s) 'example_display_name' retrieved from /home/shamim/airflow_venv/lib/python3.12/site-packages/airflow/example_dags/example_display_name.py
[2025-03-09T23:46:32.577+0600] {logging_mixin.py:190} INFO - [2025-03-09T23:46:32.576+0600] {dag.py:3239} INFO - Sync 1 DAGs
[2025-03-09T23:46:32.592+0600] {logging_mixin.py:190} INFO - [2025-03-09T23:46:32.592+0600] {dag.py:4180} INFO - Setting next_dagrun for example_display_name to None, run_after=None
[2025-03-09T23:46:32.630+0600] {processor.py:208} INFO - Processing /home/shamim/airflow_venv/lib/python3.12/site-packages/airflow/example_dags/example_display_name.py took 0.096 seconds
[2025-03-09T23:48:06.205+0600] {processor.py:186} INFO - Started process (PID=34698) to work on /home/shamim/airflow_venv/lib/python3.12/site-packages/airflow/example_dags/example_display_name.py
[2025-03-09T23:48:06.211+0600] {processor.py:914} INFO - Processing file /home/shamim/airflow_venv/lib/python3.12/site-packages/airflow/example_dags/example_display_name.py for tasks to queue
[2025-03-09T23:48:06.215+0600] {logging_mixin.py:190} INFO - [2025-03-09T23:48:06.214+0600] {dagbag.py:588} INFO - Filling up the DagBag from /home/shamim/airflow_venv/lib/python3.12/site-packages/airflow/example_dags/example_display_name.py
[2025-03-09T23:48:06.228+0600] {processor.py:925} INFO - DAG(s) 'example_display_name' retrieved from /home/shamim/airflow_venv/lib/python3.12/site-packages/airflow/example_dags/example_display_name.py
[2025-03-09T23:48:06.252+0600] {logging_mixin.py:190} INFO - [2025-03-09T23:48:06.252+0600] {dag.py:3239} INFO - Sync 1 DAGs
[2025-03-09T23:48:06.274+0600] {logging_mixin.py:190} INFO - [2025-03-09T23:48:06.274+0600] {dag.py:4180} INFO - Setting next_dagrun for example_display_name to None, run_after=None
[2025-03-09T23:48:06.310+0600] {processor.py:208} INFO - Processing /home/shamim/airflow_venv/lib/python3.12/site-packages/airflow/example_dags/example_display_name.py took 0.115 seconds
[2025-03-09T23:50:54.152+0600] {processor.py:186} INFO - Started process (PID=36079) to work on /home/shamim/airflow_venv/lib/python3.12/site-packages/airflow/example_dags/example_display_name.py
[2025-03-09T23:50:54.158+0600] {processor.py:914} INFO - Processing file /home/shamim/airflow_venv/lib/python3.12/site-packages/airflow/example_dags/example_display_name.py for tasks to queue
[2025-03-09T23:50:54.161+0600] {logging_mixin.py:190} INFO - [2025-03-09T23:50:54.161+0600] {dagbag.py:588} INFO - Filling up the DagBag from /home/shamim/airflow_venv/lib/python3.12/site-packages/airflow/example_dags/example_display_name.py
[2025-03-09T23:50:54.175+0600] {processor.py:925} INFO - DAG(s) 'example_display_name' retrieved from /home/shamim/airflow_venv/lib/python3.12/site-packages/airflow/example_dags/example_display_name.py
[2025-03-09T23:50:54.201+0600] {logging_mixin.py:190} INFO - [2025-03-09T23:50:54.201+0600] {dag.py:3239} INFO - Sync 1 DAGs
[2025-03-09T23:50:54.224+0600] {logging_mixin.py:190} INFO - [2025-03-09T23:50:54.224+0600] {dag.py:4180} INFO - Setting next_dagrun for example_display_name to None, run_after=None
[2025-03-09T23:50:54.258+0600] {processor.py:208} INFO - Processing /home/shamim/airflow_venv/lib/python3.12/site-packages/airflow/example_dags/example_display_name.py took 0.115 seconds
[2025-03-09T23:52:34.424+0600] {processor.py:186} INFO - Started process (PID=36562) to work on /home/shamim/airflow_venv/lib/python3.12/site-packages/airflow/example_dags/example_display_name.py
[2025-03-09T23:52:34.430+0600] {processor.py:914} INFO - Processing file /home/shamim/airflow_venv/lib/python3.12/site-packages/airflow/example_dags/example_display_name.py for tasks to queue
[2025-03-09T23:52:34.433+0600] {logging_mixin.py:190} INFO - [2025-03-09T23:52:34.432+0600] {dagbag.py:588} INFO - Filling up the DagBag from /home/shamim/airflow_venv/lib/python3.12/site-packages/airflow/example_dags/example_display_name.py
[2025-03-09T23:52:34.443+0600] {processor.py:925} INFO - DAG(s) 'example_display_name' retrieved from /home/shamim/airflow_venv/lib/python3.12/site-packages/airflow/example_dags/example_display_name.py
[2025-03-09T23:52:34.461+0600] {logging_mixin.py:190} INFO - [2025-03-09T23:52:34.460+0600] {dag.py:3239} INFO - Sync 1 DAGs
[2025-03-09T23:52:34.476+0600] {logging_mixin.py:190} INFO - [2025-03-09T23:52:34.476+0600] {dag.py:4180} INFO - Setting next_dagrun for example_display_name to None, run_after=None
[2025-03-09T23:52:34.503+0600] {processor.py:208} INFO - Processing /home/shamim/airflow_venv/lib/python3.12/site-packages/airflow/example_dags/example_display_name.py took 0.086 seconds
[2025-03-09T23:53:59.911+0600] {processor.py:186} INFO - Started process (PID=37095) to work on /home/shamim/airflow_venv/lib/python3.12/site-packages/airflow/example_dags/example_display_name.py
[2025-03-09T23:53:59.916+0600] {processor.py:914} INFO - Processing file /home/shamim/airflow_venv/lib/python3.12/site-packages/airflow/example_dags/example_display_name.py for tasks to queue
[2025-03-09T23:53:59.918+0600] {logging_mixin.py:190} INFO - [2025-03-09T23:53:59.918+0600] {dagbag.py:588} INFO - Filling up the DagBag from /home/shamim/airflow_venv/lib/python3.12/site-packages/airflow/example_dags/example_display_name.py
[2025-03-09T23:53:59.929+0600] {processor.py:925} INFO - DAG(s) 'example_display_name' retrieved from /home/shamim/airflow_venv/lib/python3.12/site-packages/airflow/example_dags/example_display_name.py
[2025-03-09T23:53:59.948+0600] {logging_mixin.py:190} INFO - [2025-03-09T23:53:59.948+0600] {dag.py:3239} INFO - Sync 1 DAGs
[2025-03-09T23:53:59.965+0600] {logging_mixin.py:190} INFO - [2025-03-09T23:53:59.965+0600] {dag.py:4180} INFO - Setting next_dagrun for example_display_name to None, run_after=None
[2025-03-09T23:53:59.992+0600] {processor.py:208} INFO - Processing /home/shamim/airflow_venv/lib/python3.12/site-packages/airflow/example_dags/example_display_name.py took 0.091 seconds
[2025-03-09T23:55:39.775+0600] {processor.py:186} INFO - Started process (PID=38056) to work on /home/shamim/airflow_venv/lib/python3.12/site-packages/airflow/example_dags/example_display_name.py
[2025-03-09T23:55:39.778+0600] {processor.py:914} INFO - Processing file /home/shamim/airflow_venv/lib/python3.12/site-packages/airflow/example_dags/example_display_name.py for tasks to queue
[2025-03-09T23:55:39.782+0600] {logging_mixin.py:190} INFO - [2025-03-09T23:55:39.781+0600] {dagbag.py:588} INFO - Filling up the DagBag from /home/shamim/airflow_venv/lib/python3.12/site-packages/airflow/example_dags/example_display_name.py
[2025-03-09T23:55:39.794+0600] {processor.py:925} INFO - DAG(s) 'example_display_name' retrieved from /home/shamim/airflow_venv/lib/python3.12/site-packages/airflow/example_dags/example_display_name.py
[2025-03-09T23:55:39.813+0600] {logging_mixin.py:190} INFO - [2025-03-09T23:55:39.812+0600] {dag.py:3239} INFO - Sync 1 DAGs
[2025-03-09T23:55:39.829+0600] {logging_mixin.py:190} INFO - [2025-03-09T23:55:39.829+0600] {dag.py:4180} INFO - Setting next_dagrun for example_display_name to None, run_after=None
[2025-03-09T23:55:39.856+0600] {processor.py:208} INFO - Processing /home/shamim/airflow_venv/lib/python3.12/site-packages/airflow/example_dags/example_display_name.py took 0.094 seconds
[2025-03-09T23:57:09.608+0600] {processor.py:186} INFO - Started process (PID=38551) to work on /home/shamim/airflow_venv/lib/python3.12/site-packages/airflow/example_dags/example_display_name.py
[2025-03-09T23:57:09.611+0600] {processor.py:914} INFO - Processing file /home/shamim/airflow_venv/lib/python3.12/site-packages/airflow/example_dags/example_display_name.py for tasks to queue
[2025-03-09T23:57:09.614+0600] {logging_mixin.py:190} INFO - [2025-03-09T23:57:09.614+0600] {dagbag.py:588} INFO - Filling up the DagBag from /home/shamim/airflow_venv/lib/python3.12/site-packages/airflow/example_dags/example_display_name.py
[2025-03-09T23:57:09.625+0600] {processor.py:925} INFO - DAG(s) 'example_display_name' retrieved from /home/shamim/airflow_venv/lib/python3.12/site-packages/airflow/example_dags/example_display_name.py
[2025-03-09T23:57:09.645+0600] {logging_mixin.py:190} INFO - [2025-03-09T23:57:09.644+0600] {dag.py:3239} INFO - Sync 1 DAGs
[2025-03-09T23:57:09.661+0600] {logging_mixin.py:190} INFO - [2025-03-09T23:57:09.661+0600] {dag.py:4180} INFO - Setting next_dagrun for example_display_name to None, run_after=None
[2025-03-09T23:57:09.686+0600] {processor.py:208} INFO - Processing /home/shamim/airflow_venv/lib/python3.12/site-packages/airflow/example_dags/example_display_name.py took 0.088 seconds
[2025-03-09T23:59:55.570+0600] {processor.py:186} INFO - Started process (PID=39485) to work on /home/shamim/airflow_venv/lib/python3.12/site-packages/airflow/example_dags/example_display_name.py
[2025-03-09T23:59:55.576+0600] {processor.py:914} INFO - Processing file /home/shamim/airflow_venv/lib/python3.12/site-packages/airflow/example_dags/example_display_name.py for tasks to queue
[2025-03-09T23:59:55.579+0600] {logging_mixin.py:190} INFO - [2025-03-09T23:59:55.579+0600] {dagbag.py:588} INFO - Filling up the DagBag from /home/shamim/airflow_venv/lib/python3.12/site-packages/airflow/example_dags/example_display_name.py
[2025-03-09T23:59:55.591+0600] {processor.py:925} INFO - DAG(s) 'example_display_name' retrieved from /home/shamim/airflow_venv/lib/python3.12/site-packages/airflow/example_dags/example_display_name.py
[2025-03-09T23:59:55.611+0600] {logging_mixin.py:190} INFO - [2025-03-09T23:59:55.610+0600] {dag.py:3239} INFO - Sync 1 DAGs
[2025-03-09T23:59:55.628+0600] {logging_mixin.py:190} INFO - [2025-03-09T23:59:55.628+0600] {dag.py:4180} INFO - Setting next_dagrun for example_display_name to None, run_after=None
[2025-03-09T23:59:55.654+0600] {processor.py:208} INFO - Processing /home/shamim/airflow_venv/lib/python3.12/site-packages/airflow/example_dags/example_display_name.py took 0.096 seconds
[2025-03-10T00:01:38.807+0600] {processor.py:186} INFO - Started process (PID=40147) to work on /home/shamim/airflow_venv/lib/python3.12/site-packages/airflow/example_dags/example_display_name.py
[2025-03-10T00:01:38.810+0600] {processor.py:914} INFO - Processing file /home/shamim/airflow_venv/lib/python3.12/site-packages/airflow/example_dags/example_display_name.py for tasks to queue
[2025-03-10T00:01:38.814+0600] {logging_mixin.py:190} INFO - [2025-03-10T00:01:38.813+0600] {dagbag.py:588} INFO - Filling up the DagBag from /home/shamim/airflow_venv/lib/python3.12/site-packages/airflow/example_dags/example_display_name.py
[2025-03-10T00:01:38.826+0600] {processor.py:925} INFO - DAG(s) 'example_display_name' retrieved from /home/shamim/airflow_venv/lib/python3.12/site-packages/airflow/example_dags/example_display_name.py
[2025-03-10T00:01:38.854+0600] {logging_mixin.py:190} INFO - [2025-03-10T00:01:38.854+0600] {dag.py:3239} INFO - Sync 1 DAGs
[2025-03-10T00:01:38.880+0600] {logging_mixin.py:190} INFO - [2025-03-10T00:01:38.880+0600] {dag.py:4180} INFO - Setting next_dagrun for example_display_name to None, run_after=None
[2025-03-10T00:01:38.910+0600] {processor.py:208} INFO - Processing /home/shamim/airflow_venv/lib/python3.12/site-packages/airflow/example_dags/example_display_name.py took 0.114 seconds
[2025-03-10T00:03:32.934+0600] {processor.py:186} INFO - Started process (PID=40712) to work on /home/shamim/airflow_venv/lib/python3.12/site-packages/airflow/example_dags/example_display_name.py
[2025-03-10T00:03:32.941+0600] {processor.py:914} INFO - Processing file /home/shamim/airflow_venv/lib/python3.12/site-packages/airflow/example_dags/example_display_name.py for tasks to queue
[2025-03-10T00:03:32.945+0600] {logging_mixin.py:190} INFO - [2025-03-10T00:03:32.945+0600] {dagbag.py:588} INFO - Filling up the DagBag from /home/shamim/airflow_venv/lib/python3.12/site-packages/airflow/example_dags/example_display_name.py
[2025-03-10T00:03:32.962+0600] {processor.py:925} INFO - DAG(s) 'example_display_name' retrieved from /home/shamim/airflow_venv/lib/python3.12/site-packages/airflow/example_dags/example_display_name.py
[2025-03-10T00:03:32.983+0600] {logging_mixin.py:190} INFO - [2025-03-10T00:03:32.983+0600] {dag.py:3239} INFO - Sync 1 DAGs
[2025-03-10T00:03:33.001+0600] {logging_mixin.py:190} INFO - [2025-03-10T00:03:33.001+0600] {dag.py:4180} INFO - Setting next_dagrun for example_display_name to None, run_after=None
[2025-03-10T00:03:33.038+0600] {processor.py:208} INFO - Processing /home/shamim/airflow_venv/lib/python3.12/site-packages/airflow/example_dags/example_display_name.py took 0.132 seconds
[2025-03-10T00:05:27.885+0600] {processor.py:186} INFO - Started process (PID=41224) to work on /home/shamim/airflow_venv/lib/python3.12/site-packages/airflow/example_dags/example_display_name.py
[2025-03-10T00:05:27.893+0600] {processor.py:914} INFO - Processing file /home/shamim/airflow_venv/lib/python3.12/site-packages/airflow/example_dags/example_display_name.py for tasks to queue
[2025-03-10T00:05:27.900+0600] {logging_mixin.py:190} INFO - [2025-03-10T00:05:27.899+0600] {dagbag.py:588} INFO - Filling up the DagBag from /home/shamim/airflow_venv/lib/python3.12/site-packages/airflow/example_dags/example_display_name.py
[2025-03-10T00:05:27.918+0600] {processor.py:925} INFO - DAG(s) 'example_display_name' retrieved from /home/shamim/airflow_venv/lib/python3.12/site-packages/airflow/example_dags/example_display_name.py
[2025-03-10T00:05:27.949+0600] {logging_mixin.py:190} INFO - [2025-03-10T00:05:27.948+0600] {dag.py:3239} INFO - Sync 1 DAGs
[2025-03-10T00:05:27.980+0600] {logging_mixin.py:190} INFO - [2025-03-10T00:05:27.980+0600] {dag.py:4180} INFO - Setting next_dagrun for example_display_name to None, run_after=None
[2025-03-10T00:05:28.029+0600] {processor.py:208} INFO - Processing /home/shamim/airflow_venv/lib/python3.12/site-packages/airflow/example_dags/example_display_name.py took 0.161 seconds
[2025-03-10T00:07:19.300+0600] {processor.py:186} INFO - Started process (PID=41849) to work on /home/shamim/airflow_venv/lib/python3.12/site-packages/airflow/example_dags/example_display_name.py
[2025-03-10T00:07:19.307+0600] {processor.py:914} INFO - Processing file /home/shamim/airflow_venv/lib/python3.12/site-packages/airflow/example_dags/example_display_name.py for tasks to queue
[2025-03-10T00:07:19.312+0600] {logging_mixin.py:190} INFO - [2025-03-10T00:07:19.311+0600] {dagbag.py:588} INFO - Filling up the DagBag from /home/shamim/airflow_venv/lib/python3.12/site-packages/airflow/example_dags/example_display_name.py
[2025-03-10T00:07:19.328+0600] {processor.py:925} INFO - DAG(s) 'example_display_name' retrieved from /home/shamim/airflow_venv/lib/python3.12/site-packages/airflow/example_dags/example_display_name.py
[2025-03-10T00:07:19.359+0600] {logging_mixin.py:190} INFO - [2025-03-10T00:07:19.359+0600] {dag.py:3239} INFO - Sync 1 DAGs
[2025-03-10T00:07:19.389+0600] {logging_mixin.py:190} INFO - [2025-03-10T00:07:19.389+0600] {dag.py:4180} INFO - Setting next_dagrun for example_display_name to None, run_after=None
[2025-03-10T00:07:19.432+0600] {processor.py:208} INFO - Processing /home/shamim/airflow_venv/lib/python3.12/site-packages/airflow/example_dags/example_display_name.py took 0.148 seconds
[2025-03-10T00:12:36.006+0600] {processor.py:186} INFO - Started process (PID=44911) to work on /home/shamim/airflow_venv/lib/python3.12/site-packages/airflow/example_dags/example_display_name.py
[2025-03-10T00:12:36.013+0600] {processor.py:914} INFO - Processing file /home/shamim/airflow_venv/lib/python3.12/site-packages/airflow/example_dags/example_display_name.py for tasks to queue
[2025-03-10T00:12:36.016+0600] {logging_mixin.py:190} INFO - [2025-03-10T00:12:36.015+0600] {dagbag.py:588} INFO - Filling up the DagBag from /home/shamim/airflow_venv/lib/python3.12/site-packages/airflow/example_dags/example_display_name.py
[2025-03-10T00:12:36.028+0600] {processor.py:925} INFO - DAG(s) 'example_display_name' retrieved from /home/shamim/airflow_venv/lib/python3.12/site-packages/airflow/example_dags/example_display_name.py
[2025-03-10T00:12:36.048+0600] {logging_mixin.py:190} INFO - [2025-03-10T00:12:36.048+0600] {dag.py:3239} INFO - Sync 1 DAGs
[2025-03-10T00:12:36.064+0600] {logging_mixin.py:190} INFO - [2025-03-10T00:12:36.063+0600] {dag.py:4180} INFO - Setting next_dagrun for example_display_name to None, run_after=None
[2025-03-10T00:12:36.098+0600] {processor.py:208} INFO - Processing /home/shamim/airflow_venv/lib/python3.12/site-packages/airflow/example_dags/example_display_name.py took 0.103 seconds
[2025-03-10T00:14:01.977+0600] {processor.py:186} INFO - Started process (PID=45809) to work on /home/shamim/airflow_venv/lib/python3.12/site-packages/airflow/example_dags/example_display_name.py
[2025-03-10T00:14:01.983+0600] {processor.py:914} INFO - Processing file /home/shamim/airflow_venv/lib/python3.12/site-packages/airflow/example_dags/example_display_name.py for tasks to queue
[2025-03-10T00:14:01.985+0600] {logging_mixin.py:190} INFO - [2025-03-10T00:14:01.984+0600] {dagbag.py:588} INFO - Filling up the DagBag from /home/shamim/airflow_venv/lib/python3.12/site-packages/airflow/example_dags/example_display_name.py
[2025-03-10T00:14:01.993+0600] {processor.py:925} INFO - DAG(s) 'example_display_name' retrieved from /home/shamim/airflow_venv/lib/python3.12/site-packages/airflow/example_dags/example_display_name.py
[2025-03-10T00:14:02.014+0600] {logging_mixin.py:190} INFO - [2025-03-10T00:14:02.014+0600] {dag.py:3239} INFO - Sync 1 DAGs
[2025-03-10T00:14:02.028+0600] {logging_mixin.py:190} INFO - [2025-03-10T00:14:02.028+0600] {dag.py:4180} INFO - Setting next_dagrun for example_display_name to None, run_after=None
[2025-03-10T00:14:02.062+0600] {processor.py:208} INFO - Processing /home/shamim/airflow_venv/lib/python3.12/site-packages/airflow/example_dags/example_display_name.py took 0.093 seconds
[2025-03-10T00:15:31.796+0600] {processor.py:186} INFO - Started process (PID=46257) to work on /home/shamim/airflow_venv/lib/python3.12/site-packages/airflow/example_dags/example_display_name.py
[2025-03-10T00:15:31.802+0600] {processor.py:914} INFO - Processing file /home/shamim/airflow_venv/lib/python3.12/site-packages/airflow/example_dags/example_display_name.py for tasks to queue
[2025-03-10T00:15:31.804+0600] {logging_mixin.py:190} INFO - [2025-03-10T00:15:31.803+0600] {dagbag.py:588} INFO - Filling up the DagBag from /home/shamim/airflow_venv/lib/python3.12/site-packages/airflow/example_dags/example_display_name.py
[2025-03-10T00:15:31.811+0600] {processor.py:925} INFO - DAG(s) 'example_display_name' retrieved from /home/shamim/airflow_venv/lib/python3.12/site-packages/airflow/example_dags/example_display_name.py
[2025-03-10T00:15:31.831+0600] {logging_mixin.py:190} INFO - [2025-03-10T00:15:31.830+0600] {dag.py:3239} INFO - Sync 1 DAGs
[2025-03-10T00:15:31.846+0600] {logging_mixin.py:190} INFO - [2025-03-10T00:15:31.846+0600] {dag.py:4180} INFO - Setting next_dagrun for example_display_name to None, run_after=None
[2025-03-10T00:15:32.173+0600] {processor.py:208} INFO - Processing /home/shamim/airflow_venv/lib/python3.12/site-packages/airflow/example_dags/example_display_name.py took 0.384 seconds
[2025-03-10T00:29:08.000+0600] {processor.py:186} INFO - Started process (PID=48024) to work on /home/shamim/airflow_venv/lib/python3.12/site-packages/airflow/example_dags/example_display_name.py
[2025-03-10T00:29:08.006+0600] {processor.py:914} INFO - Processing file /home/shamim/airflow_venv/lib/python3.12/site-packages/airflow/example_dags/example_display_name.py for tasks to queue
[2025-03-10T00:29:08.008+0600] {logging_mixin.py:190} INFO - [2025-03-10T00:29:08.008+0600] {dagbag.py:588} INFO - Filling up the DagBag from /home/shamim/airflow_venv/lib/python3.12/site-packages/airflow/example_dags/example_display_name.py
[2025-03-10T00:29:08.017+0600] {processor.py:925} INFO - DAG(s) 'example_display_name' retrieved from /home/shamim/airflow_venv/lib/python3.12/site-packages/airflow/example_dags/example_display_name.py
[2025-03-10T00:29:08.041+0600] {logging_mixin.py:190} INFO - [2025-03-10T00:29:08.041+0600] {dag.py:3239} INFO - Sync 1 DAGs
[2025-03-10T00:29:08.061+0600] {logging_mixin.py:190} INFO - [2025-03-10T00:29:08.061+0600] {dag.py:4180} INFO - Setting next_dagrun for example_display_name to None, run_after=None
[2025-03-10T00:29:08.088+0600] {processor.py:208} INFO - Processing /home/shamim/airflow_venv/lib/python3.12/site-packages/airflow/example_dags/example_display_name.py took 0.096 seconds
[2025-03-10T00:30:42.957+0600] {processor.py:186} INFO - Started process (PID=48344) to work on /home/shamim/airflow_venv/lib/python3.12/site-packages/airflow/example_dags/example_display_name.py
[2025-03-10T00:30:42.963+0600] {processor.py:914} INFO - Processing file /home/shamim/airflow_venv/lib/python3.12/site-packages/airflow/example_dags/example_display_name.py for tasks to queue
[2025-03-10T00:30:42.964+0600] {logging_mixin.py:190} INFO - [2025-03-10T00:30:42.964+0600] {dagbag.py:588} INFO - Filling up the DagBag from /home/shamim/airflow_venv/lib/python3.12/site-packages/airflow/example_dags/example_display_name.py
[2025-03-10T00:30:42.972+0600] {processor.py:925} INFO - DAG(s) 'example_display_name' retrieved from /home/shamim/airflow_venv/lib/python3.12/site-packages/airflow/example_dags/example_display_name.py
[2025-03-10T00:30:42.993+0600] {logging_mixin.py:190} INFO - [2025-03-10T00:30:42.993+0600] {dag.py:3239} INFO - Sync 1 DAGs
[2025-03-10T00:30:43.009+0600] {logging_mixin.py:190} INFO - [2025-03-10T00:30:43.008+0600] {dag.py:4180} INFO - Setting next_dagrun for example_display_name to None, run_after=None
[2025-03-10T00:30:43.044+0600] {processor.py:208} INFO - Processing /home/shamim/airflow_venv/lib/python3.12/site-packages/airflow/example_dags/example_display_name.py took 0.095 seconds
[2025-03-10T00:31:57.037+0600] {processor.py:186} INFO - Started process (PID=48415) to work on /home/shamim/airflow_venv/lib/python3.12/site-packages/airflow/example_dags/example_display_name.py
[2025-03-10T00:31:57.054+0600] {processor.py:914} INFO - Processing file /home/shamim/airflow_venv/lib/python3.12/site-packages/airflow/example_dags/example_display_name.py for tasks to queue
[2025-03-10T00:31:57.058+0600] {logging_mixin.py:190} INFO - [2025-03-10T00:31:57.057+0600] {dagbag.py:588} INFO - Filling up the DagBag from /home/shamim/airflow_venv/lib/python3.12/site-packages/airflow/example_dags/example_display_name.py
[2025-03-10T00:31:57.076+0600] {processor.py:925} INFO - DAG(s) 'example_display_name' retrieved from /home/shamim/airflow_venv/lib/python3.12/site-packages/airflow/example_dags/example_display_name.py
[2025-03-10T00:31:57.140+0600] {logging_mixin.py:190} INFO - [2025-03-10T00:31:57.139+0600] {dag.py:3239} INFO - Sync 1 DAGs
[2025-03-10T00:31:57.167+0600] {logging_mixin.py:190} INFO - [2025-03-10T00:31:57.166+0600] {dag.py:4180} INFO - Setting next_dagrun for example_display_name to None, run_after=None
[2025-03-10T00:31:57.201+0600] {processor.py:208} INFO - Processing /home/shamim/airflow_venv/lib/python3.12/site-packages/airflow/example_dags/example_display_name.py took 0.183 seconds
