[2025-03-09T23:15:09.946+0600] {processor.py:186} INFO - Started process (PID=21263) to work on /home/shamim/airflow_venv/lib/python3.12/site-packages/airflow/example_dags/example_dataset_alias_with_no_taskflow.py
[2025-03-09T23:15:09.947+0600] {processor.py:914} INFO - Processing file /home/shamim/airflow_venv/lib/python3.12/site-packages/airflow/example_dags/example_dataset_alias_with_no_taskflow.py for tasks to queue
[2025-03-09T23:15:09.952+0600] {logging_mixin.py:190} INFO - [2025-03-09T23:15:09.952+0600] {dagbag.py:588} INFO - Filling up the DagBag from /home/shamim/airflow_venv/lib/python3.12/site-packages/airflow/example_dags/example_dataset_alias_with_no_taskflow.py
[2025-03-09T23:15:09.994+0600] {processor.py:925} INFO - DAG(s) 'dataset_s3_bucket_producer_with_no_taskflow', 'dataset_s3_bucket_consumer_with_no_taskflow', 'dataset_alias_example_alias_consumer_with_no_taskflow', 'dataset_alias_example_alias_producer_with_no_taskflow' retrieved from /home/shamim/airflow_venv/lib/python3.12/site-packages/airflow/example_dags/example_dataset_alias_with_no_taskflow.py
[2025-03-09T23:15:10.036+0600] {logging_mixin.py:190} INFO - [2025-03-09T23:15:10.035+0600] {dag.py:3239} INFO - Sync 4 DAGs
[2025-03-09T23:15:10.094+0600] {logging_mixin.py:190} INFO - [2025-03-09T23:15:10.094+0600] {dag.py:4180} INFO - Setting next_dagrun for dataset_alias_example_alias_consumer_with_no_taskflow to None, run_after=None
[2025-03-09T23:15:10.100+0600] {logging_mixin.py:190} INFO - [2025-03-09T23:15:10.100+0600] {dag.py:4180} INFO - Setting next_dagrun for dataset_alias_example_alias_producer_with_no_taskflow to None, run_after=None
[2025-03-09T23:15:10.103+0600] {logging_mixin.py:190} INFO - [2025-03-09T23:15:10.102+0600] {dag.py:4180} INFO - Setting next_dagrun for dataset_s3_bucket_consumer_with_no_taskflow to None, run_after=None
[2025-03-09T23:15:10.105+0600] {logging_mixin.py:190} INFO - [2025-03-09T23:15:10.104+0600] {dag.py:4180} INFO - Setting next_dagrun for dataset_s3_bucket_producer_with_no_taskflow to None, run_after=None
[2025-03-09T23:15:10.159+0600] {processor.py:208} INFO - Processing /home/shamim/airflow_venv/lib/python3.12/site-packages/airflow/example_dags/example_dataset_alias_with_no_taskflow.py took 0.222 seconds
[2025-03-09T23:17:15.809+0600] {processor.py:186} INFO - Started process (PID=22264) to work on /home/shamim/airflow_venv/lib/python3.12/site-packages/airflow/example_dags/example_dataset_alias_with_no_taskflow.py
[2025-03-09T23:17:15.815+0600] {processor.py:914} INFO - Processing file /home/shamim/airflow_venv/lib/python3.12/site-packages/airflow/example_dags/example_dataset_alias_with_no_taskflow.py for tasks to queue
[2025-03-09T23:17:15.817+0600] {logging_mixin.py:190} INFO - [2025-03-09T23:17:15.817+0600] {dagbag.py:588} INFO - Filling up the DagBag from /home/shamim/airflow_venv/lib/python3.12/site-packages/airflow/example_dags/example_dataset_alias_with_no_taskflow.py
[2025-03-09T23:17:15.848+0600] {processor.py:925} INFO - DAG(s) 'dataset_s3_bucket_producer_with_no_taskflow', 'dataset_alias_example_alias_consumer_with_no_taskflow', 'dataset_s3_bucket_consumer_with_no_taskflow', 'dataset_alias_example_alias_producer_with_no_taskflow' retrieved from /home/shamim/airflow_venv/lib/python3.12/site-packages/airflow/example_dags/example_dataset_alias_with_no_taskflow.py
[2025-03-09T23:17:15.876+0600] {logging_mixin.py:190} INFO - [2025-03-09T23:17:15.875+0600] {dag.py:3239} INFO - Sync 4 DAGs
[2025-03-09T23:17:15.905+0600] {logging_mixin.py:190} INFO - [2025-03-09T23:17:15.904+0600] {dag.py:4180} INFO - Setting next_dagrun for dataset_alias_example_alias_consumer_with_no_taskflow to None, run_after=None
[2025-03-09T23:17:15.908+0600] {logging_mixin.py:190} INFO - [2025-03-09T23:17:15.907+0600] {dag.py:4180} INFO - Setting next_dagrun for dataset_alias_example_alias_producer_with_no_taskflow to None, run_after=None
[2025-03-09T23:17:15.909+0600] {logging_mixin.py:190} INFO - [2025-03-09T23:17:15.909+0600] {dag.py:4180} INFO - Setting next_dagrun for dataset_s3_bucket_consumer_with_no_taskflow to None, run_after=None
[2025-03-09T23:17:15.910+0600] {logging_mixin.py:190} INFO - [2025-03-09T23:17:15.910+0600] {dag.py:4180} INFO - Setting next_dagrun for dataset_s3_bucket_producer_with_no_taskflow to None, run_after=None
[2025-03-09T23:17:15.945+0600] {processor.py:208} INFO - Processing /home/shamim/airflow_venv/lib/python3.12/site-packages/airflow/example_dags/example_dataset_alias_with_no_taskflow.py took 0.143 seconds
[2025-03-09T23:18:46.323+0600] {processor.py:186} INFO - Started process (PID=22949) to work on /home/shamim/airflow_venv/lib/python3.12/site-packages/airflow/example_dags/example_dataset_alias_with_no_taskflow.py
[2025-03-09T23:18:46.335+0600] {processor.py:914} INFO - Processing file /home/shamim/airflow_venv/lib/python3.12/site-packages/airflow/example_dags/example_dataset_alias_with_no_taskflow.py for tasks to queue
[2025-03-09T23:18:46.345+0600] {logging_mixin.py:190} INFO - [2025-03-09T23:18:46.342+0600] {dagbag.py:588} INFO - Filling up the DagBag from /home/shamim/airflow_venv/lib/python3.12/site-packages/airflow/example_dags/example_dataset_alias_with_no_taskflow.py
[2025-03-09T23:18:46.439+0600] {processor.py:925} INFO - DAG(s) 'dataset_alias_example_alias_producer_with_no_taskflow', 'dataset_s3_bucket_consumer_with_no_taskflow', 'dataset_alias_example_alias_consumer_with_no_taskflow', 'dataset_s3_bucket_producer_with_no_taskflow' retrieved from /home/shamim/airflow_venv/lib/python3.12/site-packages/airflow/example_dags/example_dataset_alias_with_no_taskflow.py
[2025-03-09T23:18:46.521+0600] {logging_mixin.py:190} INFO - [2025-03-09T23:18:46.521+0600] {dag.py:3239} INFO - Sync 4 DAGs
[2025-03-09T23:18:46.592+0600] {logging_mixin.py:190} INFO - [2025-03-09T23:18:46.591+0600] {dag.py:4180} INFO - Setting next_dagrun for dataset_alias_example_alias_consumer_with_no_taskflow to None, run_after=None
[2025-03-09T23:18:46.601+0600] {logging_mixin.py:190} INFO - [2025-03-09T23:18:46.601+0600] {dag.py:4180} INFO - Setting next_dagrun for dataset_alias_example_alias_producer_with_no_taskflow to None, run_after=None
[2025-03-09T23:18:46.604+0600] {logging_mixin.py:190} INFO - [2025-03-09T23:18:46.603+0600] {dag.py:4180} INFO - Setting next_dagrun for dataset_s3_bucket_consumer_with_no_taskflow to None, run_after=None
[2025-03-09T23:18:46.606+0600] {logging_mixin.py:190} INFO - [2025-03-09T23:18:46.605+0600] {dag.py:4180} INFO - Setting next_dagrun for dataset_s3_bucket_producer_with_no_taskflow to None, run_after=None
[2025-03-09T23:18:46.680+0600] {processor.py:208} INFO - Processing /home/shamim/airflow_venv/lib/python3.12/site-packages/airflow/example_dags/example_dataset_alias_with_no_taskflow.py took 0.370 seconds
[2025-03-09T23:20:34.571+0600] {processor.py:186} INFO - Started process (PID=23833) to work on /home/shamim/airflow_venv/lib/python3.12/site-packages/airflow/example_dags/example_dataset_alias_with_no_taskflow.py
[2025-03-09T23:20:34.577+0600] {processor.py:914} INFO - Processing file /home/shamim/airflow_venv/lib/python3.12/site-packages/airflow/example_dags/example_dataset_alias_with_no_taskflow.py for tasks to queue
[2025-03-09T23:20:34.581+0600] {logging_mixin.py:190} INFO - [2025-03-09T23:20:34.580+0600] {dagbag.py:588} INFO - Filling up the DagBag from /home/shamim/airflow_venv/lib/python3.12/site-packages/airflow/example_dags/example_dataset_alias_with_no_taskflow.py
[2025-03-09T23:20:34.645+0600] {processor.py:925} INFO - DAG(s) 'dataset_alias_example_alias_producer_with_no_taskflow', 'dataset_s3_bucket_consumer_with_no_taskflow', 'dataset_s3_bucket_producer_with_no_taskflow', 'dataset_alias_example_alias_consumer_with_no_taskflow' retrieved from /home/shamim/airflow_venv/lib/python3.12/site-packages/airflow/example_dags/example_dataset_alias_with_no_taskflow.py
[2025-03-09T23:20:34.681+0600] {logging_mixin.py:190} INFO - [2025-03-09T23:20:34.681+0600] {dag.py:3239} INFO - Sync 4 DAGs
[2025-03-09T23:20:34.714+0600] {logging_mixin.py:190} INFO - [2025-03-09T23:20:34.714+0600] {dag.py:4180} INFO - Setting next_dagrun for dataset_alias_example_alias_consumer_with_no_taskflow to None, run_after=None
[2025-03-09T23:20:34.718+0600] {logging_mixin.py:190} INFO - [2025-03-09T23:20:34.717+0600] {dag.py:4180} INFO - Setting next_dagrun for dataset_alias_example_alias_producer_with_no_taskflow to None, run_after=None
[2025-03-09T23:20:34.720+0600] {logging_mixin.py:190} INFO - [2025-03-09T23:20:34.719+0600] {dag.py:4180} INFO - Setting next_dagrun for dataset_s3_bucket_consumer_with_no_taskflow to None, run_after=None
[2025-03-09T23:20:34.722+0600] {logging_mixin.py:190} INFO - [2025-03-09T23:20:34.722+0600] {dag.py:4180} INFO - Setting next_dagrun for dataset_s3_bucket_producer_with_no_taskflow to None, run_after=None
[2025-03-09T23:20:34.758+0600] {processor.py:208} INFO - Processing /home/shamim/airflow_venv/lib/python3.12/site-packages/airflow/example_dags/example_dataset_alias_with_no_taskflow.py took 0.203 seconds
[2025-03-09T23:22:04.422+0600] {processor.py:186} INFO - Started process (PID=24392) to work on /home/shamim/airflow_venv/lib/python3.12/site-packages/airflow/example_dags/example_dataset_alias_with_no_taskflow.py
[2025-03-09T23:22:04.426+0600] {processor.py:914} INFO - Processing file /home/shamim/airflow_venv/lib/python3.12/site-packages/airflow/example_dags/example_dataset_alias_with_no_taskflow.py for tasks to queue
[2025-03-09T23:22:04.429+0600] {logging_mixin.py:190} INFO - [2025-03-09T23:22:04.428+0600] {dagbag.py:588} INFO - Filling up the DagBag from /home/shamim/airflow_venv/lib/python3.12/site-packages/airflow/example_dags/example_dataset_alias_with_no_taskflow.py
[2025-03-09T23:22:04.462+0600] {processor.py:925} INFO - DAG(s) 'dataset_alias_example_alias_consumer_with_no_taskflow', 'dataset_s3_bucket_producer_with_no_taskflow', 'dataset_s3_bucket_consumer_with_no_taskflow', 'dataset_alias_example_alias_producer_with_no_taskflow' retrieved from /home/shamim/airflow_venv/lib/python3.12/site-packages/airflow/example_dags/example_dataset_alias_with_no_taskflow.py
[2025-03-09T23:22:04.490+0600] {logging_mixin.py:190} INFO - [2025-03-09T23:22:04.489+0600] {dag.py:3239} INFO - Sync 4 DAGs
[2025-03-09T23:22:04.517+0600] {logging_mixin.py:190} INFO - [2025-03-09T23:22:04.516+0600] {dag.py:4180} INFO - Setting next_dagrun for dataset_alias_example_alias_consumer_with_no_taskflow to None, run_after=None
[2025-03-09T23:22:04.520+0600] {logging_mixin.py:190} INFO - [2025-03-09T23:22:04.520+0600] {dag.py:4180} INFO - Setting next_dagrun for dataset_alias_example_alias_producer_with_no_taskflow to None, run_after=None
[2025-03-09T23:22:04.521+0600] {logging_mixin.py:190} INFO - [2025-03-09T23:22:04.521+0600] {dag.py:4180} INFO - Setting next_dagrun for dataset_s3_bucket_consumer_with_no_taskflow to None, run_after=None
[2025-03-09T23:22:04.522+0600] {logging_mixin.py:190} INFO - [2025-03-09T23:22:04.522+0600] {dag.py:4180} INFO - Setting next_dagrun for dataset_s3_bucket_producer_with_no_taskflow to None, run_after=None
[2025-03-09T23:22:04.552+0600] {processor.py:208} INFO - Processing /home/shamim/airflow_venv/lib/python3.12/site-packages/airflow/example_dags/example_dataset_alias_with_no_taskflow.py took 0.138 seconds
[2025-03-09T23:23:32.063+0600] {processor.py:186} INFO - Started process (PID=24992) to work on /home/shamim/airflow_venv/lib/python3.12/site-packages/airflow/example_dags/example_dataset_alias_with_no_taskflow.py
[2025-03-09T23:23:32.069+0600] {processor.py:914} INFO - Processing file /home/shamim/airflow_venv/lib/python3.12/site-packages/airflow/example_dags/example_dataset_alias_with_no_taskflow.py for tasks to queue
[2025-03-09T23:23:32.072+0600] {logging_mixin.py:190} INFO - [2025-03-09T23:23:32.071+0600] {dagbag.py:588} INFO - Filling up the DagBag from /home/shamim/airflow_venv/lib/python3.12/site-packages/airflow/example_dags/example_dataset_alias_with_no_taskflow.py
[2025-03-09T23:23:32.100+0600] {processor.py:925} INFO - DAG(s) 'dataset_alias_example_alias_consumer_with_no_taskflow', 'dataset_s3_bucket_producer_with_no_taskflow', 'dataset_alias_example_alias_producer_with_no_taskflow', 'dataset_s3_bucket_consumer_with_no_taskflow' retrieved from /home/shamim/airflow_venv/lib/python3.12/site-packages/airflow/example_dags/example_dataset_alias_with_no_taskflow.py
[2025-03-09T23:23:32.123+0600] {logging_mixin.py:190} INFO - [2025-03-09T23:23:32.123+0600] {dag.py:3239} INFO - Sync 4 DAGs
[2025-03-09T23:23:32.147+0600] {logging_mixin.py:190} INFO - [2025-03-09T23:23:32.147+0600] {dag.py:4180} INFO - Setting next_dagrun for dataset_alias_example_alias_consumer_with_no_taskflow to None, run_after=None
[2025-03-09T23:23:32.150+0600] {logging_mixin.py:190} INFO - [2025-03-09T23:23:32.149+0600] {dag.py:4180} INFO - Setting next_dagrun for dataset_alias_example_alias_producer_with_no_taskflow to None, run_after=None
[2025-03-09T23:23:32.151+0600] {logging_mixin.py:190} INFO - [2025-03-09T23:23:32.151+0600] {dag.py:4180} INFO - Setting next_dagrun for dataset_s3_bucket_consumer_with_no_taskflow to None, run_after=None
[2025-03-09T23:23:32.152+0600] {logging_mixin.py:190} INFO - [2025-03-09T23:23:32.152+0600] {dag.py:4180} INFO - Setting next_dagrun for dataset_s3_bucket_producer_with_no_taskflow to None, run_after=None
[2025-03-09T23:23:32.181+0600] {processor.py:208} INFO - Processing /home/shamim/airflow_venv/lib/python3.12/site-packages/airflow/example_dags/example_dataset_alias_with_no_taskflow.py took 0.125 seconds
[2025-03-09T23:24:55.419+0600] {processor.py:186} INFO - Started process (PID=25562) to work on /home/shamim/airflow_venv/lib/python3.12/site-packages/airflow/example_dags/example_dataset_alias_with_no_taskflow.py
[2025-03-09T23:24:55.427+0600] {processor.py:914} INFO - Processing file /home/shamim/airflow_venv/lib/python3.12/site-packages/airflow/example_dags/example_dataset_alias_with_no_taskflow.py for tasks to queue
[2025-03-09T23:24:55.430+0600] {logging_mixin.py:190} INFO - [2025-03-09T23:24:55.430+0600] {dagbag.py:588} INFO - Filling up the DagBag from /home/shamim/airflow_venv/lib/python3.12/site-packages/airflow/example_dags/example_dataset_alias_with_no_taskflow.py
[2025-03-09T23:24:55.459+0600] {processor.py:925} INFO - DAG(s) 'dataset_alias_example_alias_producer_with_no_taskflow', 'dataset_alias_example_alias_consumer_with_no_taskflow', 'dataset_s3_bucket_producer_with_no_taskflow', 'dataset_s3_bucket_consumer_with_no_taskflow' retrieved from /home/shamim/airflow_venv/lib/python3.12/site-packages/airflow/example_dags/example_dataset_alias_with_no_taskflow.py
[2025-03-09T23:24:55.482+0600] {logging_mixin.py:190} INFO - [2025-03-09T23:24:55.482+0600] {dag.py:3239} INFO - Sync 4 DAGs
[2025-03-09T23:24:55.505+0600] {logging_mixin.py:190} INFO - [2025-03-09T23:24:55.505+0600] {dag.py:4180} INFO - Setting next_dagrun for dataset_alias_example_alias_consumer_with_no_taskflow to None, run_after=None
[2025-03-09T23:24:55.508+0600] {logging_mixin.py:190} INFO - [2025-03-09T23:24:55.508+0600] {dag.py:4180} INFO - Setting next_dagrun for dataset_alias_example_alias_producer_with_no_taskflow to None, run_after=None
[2025-03-09T23:24:55.509+0600] {logging_mixin.py:190} INFO - [2025-03-09T23:24:55.509+0600] {dag.py:4180} INFO - Setting next_dagrun for dataset_s3_bucket_consumer_with_no_taskflow to None, run_after=None
[2025-03-09T23:24:55.510+0600] {logging_mixin.py:190} INFO - [2025-03-09T23:24:55.510+0600] {dag.py:4180} INFO - Setting next_dagrun for dataset_s3_bucket_producer_with_no_taskflow to None, run_after=None
[2025-03-09T23:24:55.550+0600] {processor.py:208} INFO - Processing /home/shamim/airflow_venv/lib/python3.12/site-packages/airflow/example_dags/example_dataset_alias_with_no_taskflow.py took 0.140 seconds
[2025-03-09T23:26:24.174+0600] {processor.py:186} INFO - Started process (PID=26123) to work on /home/shamim/airflow_venv/lib/python3.12/site-packages/airflow/example_dags/example_dataset_alias_with_no_taskflow.py
[2025-03-09T23:26:24.183+0600] {processor.py:914} INFO - Processing file /home/shamim/airflow_venv/lib/python3.12/site-packages/airflow/example_dags/example_dataset_alias_with_no_taskflow.py for tasks to queue
[2025-03-09T23:26:24.192+0600] {logging_mixin.py:190} INFO - [2025-03-09T23:26:24.190+0600] {dagbag.py:588} INFO - Filling up the DagBag from /home/shamim/airflow_venv/lib/python3.12/site-packages/airflow/example_dags/example_dataset_alias_with_no_taskflow.py
[2025-03-09T23:26:24.252+0600] {processor.py:925} INFO - DAG(s) 'dataset_alias_example_alias_producer_with_no_taskflow', 'dataset_s3_bucket_producer_with_no_taskflow', 'dataset_s3_bucket_consumer_with_no_taskflow', 'dataset_alias_example_alias_consumer_with_no_taskflow' retrieved from /home/shamim/airflow_venv/lib/python3.12/site-packages/airflow/example_dags/example_dataset_alias_with_no_taskflow.py
[2025-03-09T23:26:24.286+0600] {logging_mixin.py:190} INFO - [2025-03-09T23:26:24.286+0600] {dag.py:3239} INFO - Sync 4 DAGs
[2025-03-09T23:26:24.314+0600] {logging_mixin.py:190} INFO - [2025-03-09T23:26:24.313+0600] {dag.py:4180} INFO - Setting next_dagrun for dataset_alias_example_alias_consumer_with_no_taskflow to None, run_after=None
[2025-03-09T23:26:24.317+0600] {logging_mixin.py:190} INFO - [2025-03-09T23:26:24.316+0600] {dag.py:4180} INFO - Setting next_dagrun for dataset_alias_example_alias_producer_with_no_taskflow to None, run_after=None
[2025-03-09T23:26:24.318+0600] {logging_mixin.py:190} INFO - [2025-03-09T23:26:24.318+0600] {dag.py:4180} INFO - Setting next_dagrun for dataset_s3_bucket_consumer_with_no_taskflow to None, run_after=None
[2025-03-09T23:26:24.319+0600] {logging_mixin.py:190} INFO - [2025-03-09T23:26:24.319+0600] {dag.py:4180} INFO - Setting next_dagrun for dataset_s3_bucket_producer_with_no_taskflow to None, run_after=None
[2025-03-09T23:26:24.355+0600] {processor.py:208} INFO - Processing /home/shamim/airflow_venv/lib/python3.12/site-packages/airflow/example_dags/example_dataset_alias_with_no_taskflow.py took 0.204 seconds
[2025-03-09T23:27:57.051+0600] {processor.py:186} INFO - Started process (PID=26734) to work on /home/shamim/airflow_venv/lib/python3.12/site-packages/airflow/example_dags/example_dataset_alias_with_no_taskflow.py
[2025-03-09T23:27:57.059+0600] {processor.py:914} INFO - Processing file /home/shamim/airflow_venv/lib/python3.12/site-packages/airflow/example_dags/example_dataset_alias_with_no_taskflow.py for tasks to queue
[2025-03-09T23:27:57.065+0600] {logging_mixin.py:190} INFO - [2025-03-09T23:27:57.064+0600] {dagbag.py:588} INFO - Filling up the DagBag from /home/shamim/airflow_venv/lib/python3.12/site-packages/airflow/example_dags/example_dataset_alias_with_no_taskflow.py
[2025-03-09T23:27:57.097+0600] {processor.py:925} INFO - DAG(s) 'dataset_s3_bucket_producer_with_no_taskflow', 'dataset_alias_example_alias_consumer_with_no_taskflow', 'dataset_alias_example_alias_producer_with_no_taskflow', 'dataset_s3_bucket_consumer_with_no_taskflow' retrieved from /home/shamim/airflow_venv/lib/python3.12/site-packages/airflow/example_dags/example_dataset_alias_with_no_taskflow.py
[2025-03-09T23:27:57.131+0600] {logging_mixin.py:190} INFO - [2025-03-09T23:27:57.131+0600] {dag.py:3239} INFO - Sync 4 DAGs
[2025-03-09T23:27:57.166+0600] {logging_mixin.py:190} INFO - [2025-03-09T23:27:57.165+0600] {dag.py:4180} INFO - Setting next_dagrun for dataset_alias_example_alias_consumer_with_no_taskflow to None, run_after=None
[2025-03-09T23:27:57.171+0600] {logging_mixin.py:190} INFO - [2025-03-09T23:27:57.170+0600] {dag.py:4180} INFO - Setting next_dagrun for dataset_alias_example_alias_producer_with_no_taskflow to None, run_after=None
[2025-03-09T23:27:57.173+0600] {logging_mixin.py:190} INFO - [2025-03-09T23:27:57.172+0600] {dag.py:4180} INFO - Setting next_dagrun for dataset_s3_bucket_consumer_with_no_taskflow to None, run_after=None
[2025-03-09T23:27:57.175+0600] {logging_mixin.py:190} INFO - [2025-03-09T23:27:57.174+0600] {dag.py:4180} INFO - Setting next_dagrun for dataset_s3_bucket_producer_with_no_taskflow to None, run_after=None
[2025-03-09T23:27:57.227+0600] {processor.py:208} INFO - Processing /home/shamim/airflow_venv/lib/python3.12/site-packages/airflow/example_dags/example_dataset_alias_with_no_taskflow.py took 0.187 seconds
[2025-03-09T23:29:29.998+0600] {processor.py:186} INFO - Started process (PID=27303) to work on /home/shamim/airflow_venv/lib/python3.12/site-packages/airflow/example_dags/example_dataset_alias_with_no_taskflow.py
[2025-03-09T23:29:30.005+0600] {processor.py:914} INFO - Processing file /home/shamim/airflow_venv/lib/python3.12/site-packages/airflow/example_dags/example_dataset_alias_with_no_taskflow.py for tasks to queue
[2025-03-09T23:29:30.009+0600] {logging_mixin.py:190} INFO - [2025-03-09T23:29:30.008+0600] {dagbag.py:588} INFO - Filling up the DagBag from /home/shamim/airflow_venv/lib/python3.12/site-packages/airflow/example_dags/example_dataset_alias_with_no_taskflow.py
[2025-03-09T23:29:30.048+0600] {processor.py:925} INFO - DAG(s) 'dataset_alias_example_alias_producer_with_no_taskflow', 'dataset_s3_bucket_consumer_with_no_taskflow', 'dataset_alias_example_alias_consumer_with_no_taskflow', 'dataset_s3_bucket_producer_with_no_taskflow' retrieved from /home/shamim/airflow_venv/lib/python3.12/site-packages/airflow/example_dags/example_dataset_alias_with_no_taskflow.py
[2025-03-09T23:29:30.080+0600] {logging_mixin.py:190} INFO - [2025-03-09T23:29:30.080+0600] {dag.py:3239} INFO - Sync 4 DAGs
[2025-03-09T23:29:30.118+0600] {logging_mixin.py:190} INFO - [2025-03-09T23:29:30.118+0600] {dag.py:4180} INFO - Setting next_dagrun for dataset_alias_example_alias_consumer_with_no_taskflow to None, run_after=None
[2025-03-09T23:29:30.122+0600] {logging_mixin.py:190} INFO - [2025-03-09T23:29:30.122+0600] {dag.py:4180} INFO - Setting next_dagrun for dataset_alias_example_alias_producer_with_no_taskflow to None, run_after=None
[2025-03-09T23:29:30.124+0600] {logging_mixin.py:190} INFO - [2025-03-09T23:29:30.123+0600] {dag.py:4180} INFO - Setting next_dagrun for dataset_s3_bucket_consumer_with_no_taskflow to None, run_after=None
[2025-03-09T23:29:30.125+0600] {logging_mixin.py:190} INFO - [2025-03-09T23:29:30.125+0600] {dag.py:4180} INFO - Setting next_dagrun for dataset_s3_bucket_producer_with_no_taskflow to None, run_after=None
[2025-03-09T23:29:30.185+0600] {processor.py:208} INFO - Processing /home/shamim/airflow_venv/lib/python3.12/site-packages/airflow/example_dags/example_dataset_alias_with_no_taskflow.py took 0.199 seconds
[2025-03-09T23:31:13.276+0600] {processor.py:186} INFO - Started process (PID=28210) to work on /home/shamim/airflow_venv/lib/python3.12/site-packages/airflow/example_dags/example_dataset_alias_with_no_taskflow.py
[2025-03-09T23:31:13.283+0600] {processor.py:914} INFO - Processing file /home/shamim/airflow_venv/lib/python3.12/site-packages/airflow/example_dags/example_dataset_alias_with_no_taskflow.py for tasks to queue
[2025-03-09T23:31:13.285+0600] {logging_mixin.py:190} INFO - [2025-03-09T23:31:13.285+0600] {dagbag.py:588} INFO - Filling up the DagBag from /home/shamim/airflow_venv/lib/python3.12/site-packages/airflow/example_dags/example_dataset_alias_with_no_taskflow.py
[2025-03-09T23:31:13.318+0600] {processor.py:925} INFO - DAG(s) 'dataset_alias_example_alias_consumer_with_no_taskflow', 'dataset_s3_bucket_consumer_with_no_taskflow', 'dataset_alias_example_alias_producer_with_no_taskflow', 'dataset_s3_bucket_producer_with_no_taskflow' retrieved from /home/shamim/airflow_venv/lib/python3.12/site-packages/airflow/example_dags/example_dataset_alias_with_no_taskflow.py
[2025-03-09T23:31:13.344+0600] {logging_mixin.py:190} INFO - [2025-03-09T23:31:13.344+0600] {dag.py:3239} INFO - Sync 4 DAGs
[2025-03-09T23:31:13.370+0600] {logging_mixin.py:190} INFO - [2025-03-09T23:31:13.370+0600] {dag.py:4180} INFO - Setting next_dagrun for dataset_alias_example_alias_consumer_with_no_taskflow to None, run_after=None
[2025-03-09T23:31:13.374+0600] {logging_mixin.py:190} INFO - [2025-03-09T23:31:13.373+0600] {dag.py:4180} INFO - Setting next_dagrun for dataset_alias_example_alias_producer_with_no_taskflow to None, run_after=None
[2025-03-09T23:31:13.375+0600] {logging_mixin.py:190} INFO - [2025-03-09T23:31:13.375+0600] {dag.py:4180} INFO - Setting next_dagrun for dataset_s3_bucket_consumer_with_no_taskflow to None, run_after=None
[2025-03-09T23:31:13.377+0600] {logging_mixin.py:190} INFO - [2025-03-09T23:31:13.376+0600] {dag.py:4180} INFO - Setting next_dagrun for dataset_s3_bucket_producer_with_no_taskflow to None, run_after=None
[2025-03-09T23:31:13.422+0600] {processor.py:208} INFO - Processing /home/shamim/airflow_venv/lib/python3.12/site-packages/airflow/example_dags/example_dataset_alias_with_no_taskflow.py took 0.153 seconds
[2025-03-09T23:32:49.517+0600] {processor.py:186} INFO - Started process (PID=28756) to work on /home/shamim/airflow_venv/lib/python3.12/site-packages/airflow/example_dags/example_dataset_alias_with_no_taskflow.py
[2025-03-09T23:32:49.519+0600] {processor.py:914} INFO - Processing file /home/shamim/airflow_venv/lib/python3.12/site-packages/airflow/example_dags/example_dataset_alias_with_no_taskflow.py for tasks to queue
[2025-03-09T23:32:49.525+0600] {logging_mixin.py:190} INFO - [2025-03-09T23:32:49.524+0600] {dagbag.py:588} INFO - Filling up the DagBag from /home/shamim/airflow_venv/lib/python3.12/site-packages/airflow/example_dags/example_dataset_alias_with_no_taskflow.py
[2025-03-09T23:32:49.562+0600] {processor.py:925} INFO - DAG(s) 'dataset_alias_example_alias_consumer_with_no_taskflow', 'dataset_s3_bucket_consumer_with_no_taskflow', 'dataset_alias_example_alias_producer_with_no_taskflow', 'dataset_s3_bucket_producer_with_no_taskflow' retrieved from /home/shamim/airflow_venv/lib/python3.12/site-packages/airflow/example_dags/example_dataset_alias_with_no_taskflow.py
[2025-03-09T23:32:49.589+0600] {logging_mixin.py:190} INFO - [2025-03-09T23:32:49.589+0600] {dag.py:3239} INFO - Sync 4 DAGs
[2025-03-09T23:32:49.615+0600] {logging_mixin.py:190} INFO - [2025-03-09T23:32:49.615+0600] {dag.py:4180} INFO - Setting next_dagrun for dataset_alias_example_alias_consumer_with_no_taskflow to None, run_after=None
[2025-03-09T23:32:49.618+0600] {logging_mixin.py:190} INFO - [2025-03-09T23:32:49.617+0600] {dag.py:4180} INFO - Setting next_dagrun for dataset_alias_example_alias_producer_with_no_taskflow to None, run_after=None
[2025-03-09T23:32:49.619+0600] {logging_mixin.py:190} INFO - [2025-03-09T23:32:49.619+0600] {dag.py:4180} INFO - Setting next_dagrun for dataset_s3_bucket_consumer_with_no_taskflow to None, run_after=None
[2025-03-09T23:32:49.620+0600] {logging_mixin.py:190} INFO - [2025-03-09T23:32:49.620+0600] {dag.py:4180} INFO - Setting next_dagrun for dataset_s3_bucket_producer_with_no_taskflow to None, run_after=None
[2025-03-09T23:32:49.649+0600] {processor.py:208} INFO - Processing /home/shamim/airflow_venv/lib/python3.12/site-packages/airflow/example_dags/example_dataset_alias_with_no_taskflow.py took 0.141 seconds
[2025-03-09T23:34:32.598+0600] {processor.py:186} INFO - Started process (PID=29413) to work on /home/shamim/airflow_venv/lib/python3.12/site-packages/airflow/example_dags/example_dataset_alias_with_no_taskflow.py
[2025-03-09T23:34:32.601+0600] {processor.py:914} INFO - Processing file /home/shamim/airflow_venv/lib/python3.12/site-packages/airflow/example_dags/example_dataset_alias_with_no_taskflow.py for tasks to queue
[2025-03-09T23:34:32.603+0600] {logging_mixin.py:190} INFO - [2025-03-09T23:34:32.603+0600] {dagbag.py:588} INFO - Filling up the DagBag from /home/shamim/airflow_venv/lib/python3.12/site-packages/airflow/example_dags/example_dataset_alias_with_no_taskflow.py
[2025-03-09T23:34:32.632+0600] {processor.py:925} INFO - DAG(s) 'dataset_s3_bucket_consumer_with_no_taskflow', 'dataset_s3_bucket_producer_with_no_taskflow', 'dataset_alias_example_alias_consumer_with_no_taskflow', 'dataset_alias_example_alias_producer_with_no_taskflow' retrieved from /home/shamim/airflow_venv/lib/python3.12/site-packages/airflow/example_dags/example_dataset_alias_with_no_taskflow.py
[2025-03-09T23:34:32.658+0600] {logging_mixin.py:190} INFO - [2025-03-09T23:34:32.658+0600] {dag.py:3239} INFO - Sync 4 DAGs
[2025-03-09T23:34:32.682+0600] {logging_mixin.py:190} INFO - [2025-03-09T23:34:32.682+0600] {dag.py:4180} INFO - Setting next_dagrun for dataset_alias_example_alias_consumer_with_no_taskflow to None, run_after=None
[2025-03-09T23:34:32.685+0600] {logging_mixin.py:190} INFO - [2025-03-09T23:34:32.685+0600] {dag.py:4180} INFO - Setting next_dagrun for dataset_alias_example_alias_producer_with_no_taskflow to None, run_after=None
[2025-03-09T23:34:32.686+0600] {logging_mixin.py:190} INFO - [2025-03-09T23:34:32.686+0600] {dag.py:4180} INFO - Setting next_dagrun for dataset_s3_bucket_consumer_with_no_taskflow to None, run_after=None
[2025-03-09T23:34:32.687+0600] {logging_mixin.py:190} INFO - [2025-03-09T23:34:32.687+0600] {dag.py:4180} INFO - Setting next_dagrun for dataset_s3_bucket_producer_with_no_taskflow to None, run_after=None
[2025-03-09T23:34:32.716+0600] {processor.py:208} INFO - Processing /home/shamim/airflow_venv/lib/python3.12/site-packages/airflow/example_dags/example_dataset_alias_with_no_taskflow.py took 0.125 seconds
[2025-03-09T23:36:04.061+0600] {processor.py:186} INFO - Started process (PID=29921) to work on /home/shamim/airflow_venv/lib/python3.12/site-packages/airflow/example_dags/example_dataset_alias_with_no_taskflow.py
[2025-03-09T23:36:04.064+0600] {processor.py:914} INFO - Processing file /home/shamim/airflow_venv/lib/python3.12/site-packages/airflow/example_dags/example_dataset_alias_with_no_taskflow.py for tasks to queue
[2025-03-09T23:36:04.068+0600] {logging_mixin.py:190} INFO - [2025-03-09T23:36:04.067+0600] {dagbag.py:588} INFO - Filling up the DagBag from /home/shamim/airflow_venv/lib/python3.12/site-packages/airflow/example_dags/example_dataset_alias_with_no_taskflow.py
[2025-03-09T23:36:04.100+0600] {processor.py:925} INFO - DAG(s) 'dataset_s3_bucket_producer_with_no_taskflow', 'dataset_s3_bucket_consumer_with_no_taskflow', 'dataset_alias_example_alias_producer_with_no_taskflow', 'dataset_alias_example_alias_consumer_with_no_taskflow' retrieved from /home/shamim/airflow_venv/lib/python3.12/site-packages/airflow/example_dags/example_dataset_alias_with_no_taskflow.py
[2025-03-09T23:36:04.128+0600] {logging_mixin.py:190} INFO - [2025-03-09T23:36:04.128+0600] {dag.py:3239} INFO - Sync 4 DAGs
[2025-03-09T23:36:04.156+0600] {logging_mixin.py:190} INFO - [2025-03-09T23:36:04.156+0600] {dag.py:4180} INFO - Setting next_dagrun for dataset_alias_example_alias_consumer_with_no_taskflow to None, run_after=None
[2025-03-09T23:36:04.159+0600] {logging_mixin.py:190} INFO - [2025-03-09T23:36:04.159+0600] {dag.py:4180} INFO - Setting next_dagrun for dataset_alias_example_alias_producer_with_no_taskflow to None, run_after=None
[2025-03-09T23:36:04.161+0600] {logging_mixin.py:190} INFO - [2025-03-09T23:36:04.160+0600] {dag.py:4180} INFO - Setting next_dagrun for dataset_s3_bucket_consumer_with_no_taskflow to None, run_after=None
[2025-03-09T23:36:04.162+0600] {logging_mixin.py:190} INFO - [2025-03-09T23:36:04.162+0600] {dag.py:4180} INFO - Setting next_dagrun for dataset_s3_bucket_producer_with_no_taskflow to None, run_after=None
[2025-03-09T23:36:04.195+0600] {processor.py:208} INFO - Processing /home/shamim/airflow_venv/lib/python3.12/site-packages/airflow/example_dags/example_dataset_alias_with_no_taskflow.py took 0.142 seconds
[2025-03-09T23:37:29.949+0600] {processor.py:186} INFO - Started process (PID=30439) to work on /home/shamim/airflow_venv/lib/python3.12/site-packages/airflow/example_dags/example_dataset_alias_with_no_taskflow.py
[2025-03-09T23:37:29.953+0600] {processor.py:914} INFO - Processing file /home/shamim/airflow_venv/lib/python3.12/site-packages/airflow/example_dags/example_dataset_alias_with_no_taskflow.py for tasks to queue
[2025-03-09T23:37:29.959+0600] {logging_mixin.py:190} INFO - [2025-03-09T23:37:29.958+0600] {dagbag.py:588} INFO - Filling up the DagBag from /home/shamim/airflow_venv/lib/python3.12/site-packages/airflow/example_dags/example_dataset_alias_with_no_taskflow.py
[2025-03-09T23:37:29.998+0600] {processor.py:925} INFO - DAG(s) 'dataset_s3_bucket_consumer_with_no_taskflow', 'dataset_alias_example_alias_consumer_with_no_taskflow', 'dataset_s3_bucket_producer_with_no_taskflow', 'dataset_alias_example_alias_producer_with_no_taskflow' retrieved from /home/shamim/airflow_venv/lib/python3.12/site-packages/airflow/example_dags/example_dataset_alias_with_no_taskflow.py
[2025-03-09T23:37:30.022+0600] {logging_mixin.py:190} INFO - [2025-03-09T23:37:30.021+0600] {dag.py:3239} INFO - Sync 4 DAGs
[2025-03-09T23:37:30.046+0600] {logging_mixin.py:190} INFO - [2025-03-09T23:37:30.046+0600] {dag.py:4180} INFO - Setting next_dagrun for dataset_alias_example_alias_consumer_with_no_taskflow to None, run_after=None
[2025-03-09T23:37:30.049+0600] {logging_mixin.py:190} INFO - [2025-03-09T23:37:30.049+0600] {dag.py:4180} INFO - Setting next_dagrun for dataset_alias_example_alias_producer_with_no_taskflow to None, run_after=None
[2025-03-09T23:37:30.050+0600] {logging_mixin.py:190} INFO - [2025-03-09T23:37:30.050+0600] {dag.py:4180} INFO - Setting next_dagrun for dataset_s3_bucket_consumer_with_no_taskflow to None, run_after=None
[2025-03-09T23:37:30.052+0600] {logging_mixin.py:190} INFO - [2025-03-09T23:37:30.051+0600] {dag.py:4180} INFO - Setting next_dagrun for dataset_s3_bucket_producer_with_no_taskflow to None, run_after=None
[2025-03-09T23:37:30.081+0600] {processor.py:208} INFO - Processing /home/shamim/airflow_venv/lib/python3.12/site-packages/airflow/example_dags/example_dataset_alias_with_no_taskflow.py took 0.139 seconds
[2025-03-09T23:38:54.820+0600] {processor.py:186} INFO - Started process (PID=31214) to work on /home/shamim/airflow_venv/lib/python3.12/site-packages/airflow/example_dags/example_dataset_alias_with_no_taskflow.py
[2025-03-09T23:38:54.823+0600] {processor.py:914} INFO - Processing file /home/shamim/airflow_venv/lib/python3.12/site-packages/airflow/example_dags/example_dataset_alias_with_no_taskflow.py for tasks to queue
[2025-03-09T23:38:54.829+0600] {logging_mixin.py:190} INFO - [2025-03-09T23:38:54.828+0600] {dagbag.py:588} INFO - Filling up the DagBag from /home/shamim/airflow_venv/lib/python3.12/site-packages/airflow/example_dags/example_dataset_alias_with_no_taskflow.py
[2025-03-09T23:38:54.864+0600] {processor.py:925} INFO - DAG(s) 'dataset_s3_bucket_consumer_with_no_taskflow', 'dataset_alias_example_alias_producer_with_no_taskflow', 'dataset_s3_bucket_producer_with_no_taskflow', 'dataset_alias_example_alias_consumer_with_no_taskflow' retrieved from /home/shamim/airflow_venv/lib/python3.12/site-packages/airflow/example_dags/example_dataset_alias_with_no_taskflow.py
[2025-03-09T23:38:54.888+0600] {logging_mixin.py:190} INFO - [2025-03-09T23:38:54.888+0600] {dag.py:3239} INFO - Sync 4 DAGs
[2025-03-09T23:38:54.913+0600] {logging_mixin.py:190} INFO - [2025-03-09T23:38:54.913+0600] {dag.py:4180} INFO - Setting next_dagrun for dataset_alias_example_alias_consumer_with_no_taskflow to None, run_after=None
[2025-03-09T23:38:54.917+0600] {logging_mixin.py:190} INFO - [2025-03-09T23:38:54.916+0600] {dag.py:4180} INFO - Setting next_dagrun for dataset_alias_example_alias_producer_with_no_taskflow to None, run_after=None
[2025-03-09T23:38:54.919+0600] {logging_mixin.py:190} INFO - [2025-03-09T23:38:54.918+0600] {dag.py:4180} INFO - Setting next_dagrun for dataset_s3_bucket_consumer_with_no_taskflow to None, run_after=None
[2025-03-09T23:38:54.921+0600] {logging_mixin.py:190} INFO - [2025-03-09T23:38:54.920+0600] {dag.py:4180} INFO - Setting next_dagrun for dataset_s3_bucket_producer_with_no_taskflow to None, run_after=None
[2025-03-09T23:38:54.950+0600] {processor.py:208} INFO - Processing /home/shamim/airflow_venv/lib/python3.12/site-packages/airflow/example_dags/example_dataset_alias_with_no_taskflow.py took 0.146 seconds
[2025-03-09T23:41:00.107+0600] {processor.py:186} INFO - Started process (PID=32107) to work on /home/shamim/airflow_venv/lib/python3.12/site-packages/airflow/example_dags/example_dataset_alias_with_no_taskflow.py
[2025-03-09T23:41:00.114+0600] {processor.py:914} INFO - Processing file /home/shamim/airflow_venv/lib/python3.12/site-packages/airflow/example_dags/example_dataset_alias_with_no_taskflow.py for tasks to queue
[2025-03-09T23:41:00.120+0600] {logging_mixin.py:190} INFO - [2025-03-09T23:41:00.119+0600] {dagbag.py:588} INFO - Filling up the DagBag from /home/shamim/airflow_venv/lib/python3.12/site-packages/airflow/example_dags/example_dataset_alias_with_no_taskflow.py
[2025-03-09T23:41:00.158+0600] {processor.py:925} INFO - DAG(s) 'dataset_alias_example_alias_producer_with_no_taskflow', 'dataset_s3_bucket_consumer_with_no_taskflow', 'dataset_alias_example_alias_consumer_with_no_taskflow', 'dataset_s3_bucket_producer_with_no_taskflow' retrieved from /home/shamim/airflow_venv/lib/python3.12/site-packages/airflow/example_dags/example_dataset_alias_with_no_taskflow.py
[2025-03-09T23:41:00.193+0600] {logging_mixin.py:190} INFO - [2025-03-09T23:41:00.193+0600] {dag.py:3239} INFO - Sync 4 DAGs
[2025-03-09T23:41:00.225+0600] {logging_mixin.py:190} INFO - [2025-03-09T23:41:00.224+0600] {dag.py:4180} INFO - Setting next_dagrun for dataset_alias_example_alias_consumer_with_no_taskflow to None, run_after=None
[2025-03-09T23:41:00.229+0600] {logging_mixin.py:190} INFO - [2025-03-09T23:41:00.228+0600] {dag.py:4180} INFO - Setting next_dagrun for dataset_alias_example_alias_producer_with_no_taskflow to None, run_after=None
[2025-03-09T23:41:00.230+0600] {logging_mixin.py:190} INFO - [2025-03-09T23:41:00.230+0600] {dag.py:4180} INFO - Setting next_dagrun for dataset_s3_bucket_consumer_with_no_taskflow to None, run_after=None
[2025-03-09T23:41:00.232+0600] {logging_mixin.py:190} INFO - [2025-03-09T23:41:00.232+0600] {dag.py:4180} INFO - Setting next_dagrun for dataset_s3_bucket_producer_with_no_taskflow to None, run_after=None
[2025-03-09T23:41:00.281+0600] {processor.py:208} INFO - Processing /home/shamim/airflow_venv/lib/python3.12/site-packages/airflow/example_dags/example_dataset_alias_with_no_taskflow.py took 0.182 seconds
[2025-03-09T23:42:39.646+0600] {processor.py:186} INFO - Started process (PID=32578) to work on /home/shamim/airflow_venv/lib/python3.12/site-packages/airflow/example_dags/example_dataset_alias_with_no_taskflow.py
[2025-03-09T23:42:39.650+0600] {processor.py:914} INFO - Processing file /home/shamim/airflow_venv/lib/python3.12/site-packages/airflow/example_dags/example_dataset_alias_with_no_taskflow.py for tasks to queue
[2025-03-09T23:42:39.653+0600] {logging_mixin.py:190} INFO - [2025-03-09T23:42:39.652+0600] {dagbag.py:588} INFO - Filling up the DagBag from /home/shamim/airflow_venv/lib/python3.12/site-packages/airflow/example_dags/example_dataset_alias_with_no_taskflow.py
[2025-03-09T23:42:39.683+0600] {processor.py:925} INFO - DAG(s) 'dataset_s3_bucket_consumer_with_no_taskflow', 'dataset_alias_example_alias_producer_with_no_taskflow', 'dataset_alias_example_alias_consumer_with_no_taskflow', 'dataset_s3_bucket_producer_with_no_taskflow' retrieved from /home/shamim/airflow_venv/lib/python3.12/site-packages/airflow/example_dags/example_dataset_alias_with_no_taskflow.py
[2025-03-09T23:42:39.707+0600] {logging_mixin.py:190} INFO - [2025-03-09T23:42:39.707+0600] {dag.py:3239} INFO - Sync 4 DAGs
[2025-03-09T23:42:39.739+0600] {logging_mixin.py:190} INFO - [2025-03-09T23:42:39.738+0600] {dag.py:4180} INFO - Setting next_dagrun for dataset_alias_example_alias_consumer_with_no_taskflow to None, run_after=None
[2025-03-09T23:42:39.741+0600] {logging_mixin.py:190} INFO - [2025-03-09T23:42:39.741+0600] {dag.py:4180} INFO - Setting next_dagrun for dataset_alias_example_alias_producer_with_no_taskflow to None, run_after=None
[2025-03-09T23:42:39.742+0600] {logging_mixin.py:190} INFO - [2025-03-09T23:42:39.742+0600] {dag.py:4180} INFO - Setting next_dagrun for dataset_s3_bucket_consumer_with_no_taskflow to None, run_after=None
[2025-03-09T23:42:39.744+0600] {logging_mixin.py:190} INFO - [2025-03-09T23:42:39.743+0600] {dag.py:4180} INFO - Setting next_dagrun for dataset_s3_bucket_producer_with_no_taskflow to None, run_after=None
[2025-03-09T23:42:39.770+0600] {processor.py:208} INFO - Processing /home/shamim/airflow_venv/lib/python3.12/site-packages/airflow/example_dags/example_dataset_alias_with_no_taskflow.py took 0.132 seconds
[2025-03-09T23:44:07.800+0600] {processor.py:186} INFO - Started process (PID=33106) to work on /home/shamim/airflow_venv/lib/python3.12/site-packages/airflow/example_dags/example_dataset_alias_with_no_taskflow.py
[2025-03-09T23:44:07.805+0600] {processor.py:914} INFO - Processing file /home/shamim/airflow_venv/lib/python3.12/site-packages/airflow/example_dags/example_dataset_alias_with_no_taskflow.py for tasks to queue
[2025-03-09T23:44:07.807+0600] {logging_mixin.py:190} INFO - [2025-03-09T23:44:07.807+0600] {dagbag.py:588} INFO - Filling up the DagBag from /home/shamim/airflow_venv/lib/python3.12/site-packages/airflow/example_dags/example_dataset_alias_with_no_taskflow.py
[2025-03-09T23:44:07.836+0600] {processor.py:925} INFO - DAG(s) 'dataset_alias_example_alias_consumer_with_no_taskflow', 'dataset_s3_bucket_producer_with_no_taskflow', 'dataset_alias_example_alias_producer_with_no_taskflow', 'dataset_s3_bucket_consumer_with_no_taskflow' retrieved from /home/shamim/airflow_venv/lib/python3.12/site-packages/airflow/example_dags/example_dataset_alias_with_no_taskflow.py
[2025-03-09T23:44:07.863+0600] {logging_mixin.py:190} INFO - [2025-03-09T23:44:07.863+0600] {dag.py:3239} INFO - Sync 4 DAGs
[2025-03-09T23:44:07.890+0600] {logging_mixin.py:190} INFO - [2025-03-09T23:44:07.889+0600] {dag.py:4180} INFO - Setting next_dagrun for dataset_alias_example_alias_consumer_with_no_taskflow to None, run_after=None
[2025-03-09T23:44:07.892+0600] {logging_mixin.py:190} INFO - [2025-03-09T23:44:07.892+0600] {dag.py:4180} INFO - Setting next_dagrun for dataset_alias_example_alias_producer_with_no_taskflow to None, run_after=None
[2025-03-09T23:44:07.894+0600] {logging_mixin.py:190} INFO - [2025-03-09T23:44:07.893+0600] {dag.py:4180} INFO - Setting next_dagrun for dataset_s3_bucket_consumer_with_no_taskflow to None, run_after=None
[2025-03-09T23:44:07.895+0600] {logging_mixin.py:190} INFO - [2025-03-09T23:44:07.895+0600] {dag.py:4180} INFO - Setting next_dagrun for dataset_s3_bucket_producer_with_no_taskflow to None, run_after=None
[2025-03-09T23:44:07.921+0600] {processor.py:208} INFO - Processing /home/shamim/airflow_venv/lib/python3.12/site-packages/airflow/example_dags/example_dataset_alias_with_no_taskflow.py took 0.128 seconds
[2025-03-09T23:46:29.811+0600] {processor.py:186} INFO - Started process (PID=34112) to work on /home/shamim/airflow_venv/lib/python3.12/site-packages/airflow/example_dags/example_dataset_alias_with_no_taskflow.py
[2025-03-09T23:46:29.817+0600] {processor.py:914} INFO - Processing file /home/shamim/airflow_venv/lib/python3.12/site-packages/airflow/example_dags/example_dataset_alias_with_no_taskflow.py for tasks to queue
[2025-03-09T23:46:29.819+0600] {logging_mixin.py:190} INFO - [2025-03-09T23:46:29.819+0600] {dagbag.py:588} INFO - Filling up the DagBag from /home/shamim/airflow_venv/lib/python3.12/site-packages/airflow/example_dags/example_dataset_alias_with_no_taskflow.py
[2025-03-09T23:46:29.849+0600] {processor.py:925} INFO - DAG(s) 'dataset_alias_example_alias_consumer_with_no_taskflow', 'dataset_s3_bucket_producer_with_no_taskflow', 'dataset_alias_example_alias_producer_with_no_taskflow', 'dataset_s3_bucket_consumer_with_no_taskflow' retrieved from /home/shamim/airflow_venv/lib/python3.12/site-packages/airflow/example_dags/example_dataset_alias_with_no_taskflow.py
[2025-03-09T23:46:29.875+0600] {logging_mixin.py:190} INFO - [2025-03-09T23:46:29.875+0600] {dag.py:3239} INFO - Sync 4 DAGs
[2025-03-09T23:46:29.900+0600] {logging_mixin.py:190} INFO - [2025-03-09T23:46:29.900+0600] {dag.py:4180} INFO - Setting next_dagrun for dataset_alias_example_alias_consumer_with_no_taskflow to None, run_after=None
[2025-03-09T23:46:29.903+0600] {logging_mixin.py:190} INFO - [2025-03-09T23:46:29.902+0600] {dag.py:4180} INFO - Setting next_dagrun for dataset_alias_example_alias_producer_with_no_taskflow to None, run_after=None
[2025-03-09T23:46:29.904+0600] {logging_mixin.py:190} INFO - [2025-03-09T23:46:29.903+0600] {dag.py:4180} INFO - Setting next_dagrun for dataset_s3_bucket_consumer_with_no_taskflow to None, run_after=None
[2025-03-09T23:46:29.905+0600] {logging_mixin.py:190} INFO - [2025-03-09T23:46:29.905+0600] {dag.py:4180} INFO - Setting next_dagrun for dataset_s3_bucket_producer_with_no_taskflow to None, run_after=None
[2025-03-09T23:46:29.951+0600] {processor.py:208} INFO - Processing /home/shamim/airflow_venv/lib/python3.12/site-packages/airflow/example_dags/example_dataset_alias_with_no_taskflow.py took 0.148 seconds
[2025-03-09T23:48:01.973+0600] {processor.py:186} INFO - Started process (PID=34689) to work on /home/shamim/airflow_venv/lib/python3.12/site-packages/airflow/example_dags/example_dataset_alias_with_no_taskflow.py
[2025-03-09T23:48:01.974+0600] {processor.py:914} INFO - Processing file /home/shamim/airflow_venv/lib/python3.12/site-packages/airflow/example_dags/example_dataset_alias_with_no_taskflow.py for tasks to queue
[2025-03-09T23:48:01.977+0600] {logging_mixin.py:190} INFO - [2025-03-09T23:48:01.976+0600] {dagbag.py:588} INFO - Filling up the DagBag from /home/shamim/airflow_venv/lib/python3.12/site-packages/airflow/example_dags/example_dataset_alias_with_no_taskflow.py
[2025-03-09T23:48:02.022+0600] {processor.py:925} INFO - DAG(s) 'dataset_s3_bucket_producer_with_no_taskflow', 'dataset_alias_example_alias_producer_with_no_taskflow', 'dataset_alias_example_alias_consumer_with_no_taskflow', 'dataset_s3_bucket_consumer_with_no_taskflow' retrieved from /home/shamim/airflow_venv/lib/python3.12/site-packages/airflow/example_dags/example_dataset_alias_with_no_taskflow.py
[2025-03-09T23:48:02.051+0600] {logging_mixin.py:190} INFO - [2025-03-09T23:48:02.051+0600] {dag.py:3239} INFO - Sync 4 DAGs
[2025-03-09T23:48:02.084+0600] {logging_mixin.py:190} INFO - [2025-03-09T23:48:02.084+0600] {dag.py:4180} INFO - Setting next_dagrun for dataset_alias_example_alias_consumer_with_no_taskflow to None, run_after=None
[2025-03-09T23:48:02.088+0600] {logging_mixin.py:190} INFO - [2025-03-09T23:48:02.088+0600] {dag.py:4180} INFO - Setting next_dagrun for dataset_alias_example_alias_producer_with_no_taskflow to None, run_after=None
[2025-03-09T23:48:02.090+0600] {logging_mixin.py:190} INFO - [2025-03-09T23:48:02.090+0600] {dag.py:4180} INFO - Setting next_dagrun for dataset_s3_bucket_consumer_with_no_taskflow to None, run_after=None
[2025-03-09T23:48:02.092+0600] {logging_mixin.py:190} INFO - [2025-03-09T23:48:02.092+0600] {dag.py:4180} INFO - Setting next_dagrun for dataset_s3_bucket_producer_with_no_taskflow to None, run_after=None
[2025-03-09T23:48:02.131+0600] {processor.py:208} INFO - Processing /home/shamim/airflow_venv/lib/python3.12/site-packages/airflow/example_dags/example_dataset_alias_with_no_taskflow.py took 0.168 seconds
[2025-03-09T23:50:50.198+0600] {processor.py:186} INFO - Started process (PID=36076) to work on /home/shamim/airflow_venv/lib/python3.12/site-packages/airflow/example_dags/example_dataset_alias_with_no_taskflow.py
[2025-03-09T23:50:50.204+0600] {processor.py:914} INFO - Processing file /home/shamim/airflow_venv/lib/python3.12/site-packages/airflow/example_dags/example_dataset_alias_with_no_taskflow.py for tasks to queue
[2025-03-09T23:50:50.206+0600] {logging_mixin.py:190} INFO - [2025-03-09T23:50:50.206+0600] {dagbag.py:588} INFO - Filling up the DagBag from /home/shamim/airflow_venv/lib/python3.12/site-packages/airflow/example_dags/example_dataset_alias_with_no_taskflow.py
[2025-03-09T23:50:50.235+0600] {processor.py:925} INFO - DAG(s) 'dataset_alias_example_alias_producer_with_no_taskflow', 'dataset_alias_example_alias_consumer_with_no_taskflow', 'dataset_s3_bucket_producer_with_no_taskflow', 'dataset_s3_bucket_consumer_with_no_taskflow' retrieved from /home/shamim/airflow_venv/lib/python3.12/site-packages/airflow/example_dags/example_dataset_alias_with_no_taskflow.py
[2025-03-09T23:50:50.260+0600] {logging_mixin.py:190} INFO - [2025-03-09T23:50:50.260+0600] {dag.py:3239} INFO - Sync 4 DAGs
[2025-03-09T23:50:50.285+0600] {logging_mixin.py:190} INFO - [2025-03-09T23:50:50.285+0600] {dag.py:4180} INFO - Setting next_dagrun for dataset_alias_example_alias_consumer_with_no_taskflow to None, run_after=None
[2025-03-09T23:50:50.289+0600] {logging_mixin.py:190} INFO - [2025-03-09T23:50:50.288+0600] {dag.py:4180} INFO - Setting next_dagrun for dataset_alias_example_alias_producer_with_no_taskflow to None, run_after=None
[2025-03-09T23:50:50.290+0600] {logging_mixin.py:190} INFO - [2025-03-09T23:50:50.290+0600] {dag.py:4180} INFO - Setting next_dagrun for dataset_s3_bucket_consumer_with_no_taskflow to None, run_after=None
[2025-03-09T23:50:50.291+0600] {logging_mixin.py:190} INFO - [2025-03-09T23:50:50.291+0600] {dag.py:4180} INFO - Setting next_dagrun for dataset_s3_bucket_producer_with_no_taskflow to None, run_after=None
[2025-03-09T23:50:50.319+0600] {processor.py:208} INFO - Processing /home/shamim/airflow_venv/lib/python3.12/site-packages/airflow/example_dags/example_dataset_alias_with_no_taskflow.py took 0.128 seconds
[2025-03-09T23:52:31.077+0600] {processor.py:186} INFO - Started process (PID=36557) to work on /home/shamim/airflow_venv/lib/python3.12/site-packages/airflow/example_dags/example_dataset_alias_with_no_taskflow.py
[2025-03-09T23:52:31.083+0600] {processor.py:914} INFO - Processing file /home/shamim/airflow_venv/lib/python3.12/site-packages/airflow/example_dags/example_dataset_alias_with_no_taskflow.py for tasks to queue
[2025-03-09T23:52:31.086+0600] {logging_mixin.py:190} INFO - [2025-03-09T23:52:31.086+0600] {dagbag.py:588} INFO - Filling up the DagBag from /home/shamim/airflow_venv/lib/python3.12/site-packages/airflow/example_dags/example_dataset_alias_with_no_taskflow.py
[2025-03-09T23:52:31.119+0600] {processor.py:925} INFO - DAG(s) 'dataset_s3_bucket_producer_with_no_taskflow', 'dataset_alias_example_alias_consumer_with_no_taskflow', 'dataset_alias_example_alias_producer_with_no_taskflow', 'dataset_s3_bucket_consumer_with_no_taskflow' retrieved from /home/shamim/airflow_venv/lib/python3.12/site-packages/airflow/example_dags/example_dataset_alias_with_no_taskflow.py
[2025-03-09T23:52:31.146+0600] {logging_mixin.py:190} INFO - [2025-03-09T23:52:31.146+0600] {dag.py:3239} INFO - Sync 4 DAGs
[2025-03-09T23:52:31.175+0600] {logging_mixin.py:190} INFO - [2025-03-09T23:52:31.175+0600] {dag.py:4180} INFO - Setting next_dagrun for dataset_alias_example_alias_consumer_with_no_taskflow to None, run_after=None
[2025-03-09T23:52:31.178+0600] {logging_mixin.py:190} INFO - [2025-03-09T23:52:31.178+0600] {dag.py:4180} INFO - Setting next_dagrun for dataset_alias_example_alias_producer_with_no_taskflow to None, run_after=None
[2025-03-09T23:52:31.180+0600] {logging_mixin.py:190} INFO - [2025-03-09T23:52:31.180+0600] {dag.py:4180} INFO - Setting next_dagrun for dataset_s3_bucket_consumer_with_no_taskflow to None, run_after=None
[2025-03-09T23:52:31.181+0600] {logging_mixin.py:190} INFO - [2025-03-09T23:52:31.181+0600] {dag.py:4180} INFO - Setting next_dagrun for dataset_s3_bucket_producer_with_no_taskflow to None, run_after=None
[2025-03-09T23:52:31.213+0600] {processor.py:208} INFO - Processing /home/shamim/airflow_venv/lib/python3.12/site-packages/airflow/example_dags/example_dataset_alias_with_no_taskflow.py took 0.147 seconds
[2025-03-09T23:53:55.977+0600] {processor.py:186} INFO - Started process (PID=37092) to work on /home/shamim/airflow_venv/lib/python3.12/site-packages/airflow/example_dags/example_dataset_alias_with_no_taskflow.py
[2025-03-09T23:53:55.983+0600] {processor.py:914} INFO - Processing file /home/shamim/airflow_venv/lib/python3.12/site-packages/airflow/example_dags/example_dataset_alias_with_no_taskflow.py for tasks to queue
[2025-03-09T23:53:55.989+0600] {logging_mixin.py:190} INFO - [2025-03-09T23:53:55.988+0600] {dagbag.py:588} INFO - Filling up the DagBag from /home/shamim/airflow_venv/lib/python3.12/site-packages/airflow/example_dags/example_dataset_alias_with_no_taskflow.py
[2025-03-09T23:53:56.040+0600] {processor.py:925} INFO - DAG(s) 'dataset_s3_bucket_producer_with_no_taskflow', 'dataset_alias_example_alias_producer_with_no_taskflow', 'dataset_s3_bucket_consumer_with_no_taskflow', 'dataset_alias_example_alias_consumer_with_no_taskflow' retrieved from /home/shamim/airflow_venv/lib/python3.12/site-packages/airflow/example_dags/example_dataset_alias_with_no_taskflow.py
[2025-03-09T23:53:56.070+0600] {logging_mixin.py:190} INFO - [2025-03-09T23:53:56.070+0600] {dag.py:3239} INFO - Sync 4 DAGs
[2025-03-09T23:53:56.095+0600] {logging_mixin.py:190} INFO - [2025-03-09T23:53:56.095+0600] {dag.py:4180} INFO - Setting next_dagrun for dataset_alias_example_alias_consumer_with_no_taskflow to None, run_after=None
[2025-03-09T23:53:56.097+0600] {logging_mixin.py:190} INFO - [2025-03-09T23:53:56.097+0600] {dag.py:4180} INFO - Setting next_dagrun for dataset_alias_example_alias_producer_with_no_taskflow to None, run_after=None
[2025-03-09T23:53:56.099+0600] {logging_mixin.py:190} INFO - [2025-03-09T23:53:56.098+0600] {dag.py:4180} INFO - Setting next_dagrun for dataset_s3_bucket_consumer_with_no_taskflow to None, run_after=None
[2025-03-09T23:53:56.100+0600] {logging_mixin.py:190} INFO - [2025-03-09T23:53:56.099+0600] {dag.py:4180} INFO - Setting next_dagrun for dataset_s3_bucket_producer_with_no_taskflow to None, run_after=None
[2025-03-09T23:53:56.137+0600] {processor.py:208} INFO - Processing /home/shamim/airflow_venv/lib/python3.12/site-packages/airflow/example_dags/example_dataset_alias_with_no_taskflow.py took 0.177 seconds
[2025-03-09T23:55:35.601+0600] {processor.py:186} INFO - Started process (PID=38053) to work on /home/shamim/airflow_venv/lib/python3.12/site-packages/airflow/example_dags/example_dataset_alias_with_no_taskflow.py
[2025-03-09T23:55:35.606+0600] {processor.py:914} INFO - Processing file /home/shamim/airflow_venv/lib/python3.12/site-packages/airflow/example_dags/example_dataset_alias_with_no_taskflow.py for tasks to queue
[2025-03-09T23:55:35.614+0600] {logging_mixin.py:190} INFO - [2025-03-09T23:55:35.614+0600] {dagbag.py:588} INFO - Filling up the DagBag from /home/shamim/airflow_venv/lib/python3.12/site-packages/airflow/example_dags/example_dataset_alias_with_no_taskflow.py
[2025-03-09T23:55:35.650+0600] {processor.py:925} INFO - DAG(s) 'dataset_s3_bucket_consumer_with_no_taskflow', 'dataset_alias_example_alias_consumer_with_no_taskflow', 'dataset_s3_bucket_producer_with_no_taskflow', 'dataset_alias_example_alias_producer_with_no_taskflow' retrieved from /home/shamim/airflow_venv/lib/python3.12/site-packages/airflow/example_dags/example_dataset_alias_with_no_taskflow.py
[2025-03-09T23:55:35.675+0600] {logging_mixin.py:190} INFO - [2025-03-09T23:55:35.675+0600] {dag.py:3239} INFO - Sync 4 DAGs
[2025-03-09T23:55:35.700+0600] {logging_mixin.py:190} INFO - [2025-03-09T23:55:35.700+0600] {dag.py:4180} INFO - Setting next_dagrun for dataset_alias_example_alias_consumer_with_no_taskflow to None, run_after=None
[2025-03-09T23:55:35.703+0600] {logging_mixin.py:190} INFO - [2025-03-09T23:55:35.703+0600] {dag.py:4180} INFO - Setting next_dagrun for dataset_alias_example_alias_producer_with_no_taskflow to None, run_after=None
[2025-03-09T23:55:35.704+0600] {logging_mixin.py:190} INFO - [2025-03-09T23:55:35.704+0600] {dag.py:4180} INFO - Setting next_dagrun for dataset_s3_bucket_consumer_with_no_taskflow to None, run_after=None
[2025-03-09T23:55:35.705+0600] {logging_mixin.py:190} INFO - [2025-03-09T23:55:35.705+0600] {dag.py:4180} INFO - Setting next_dagrun for dataset_s3_bucket_producer_with_no_taskflow to None, run_after=None
[2025-03-09T23:55:35.734+0600] {processor.py:208} INFO - Processing /home/shamim/airflow_venv/lib/python3.12/site-packages/airflow/example_dags/example_dataset_alias_with_no_taskflow.py took 0.140 seconds
[2025-03-09T23:57:05.653+0600] {processor.py:186} INFO - Started process (PID=38547) to work on /home/shamim/airflow_venv/lib/python3.12/site-packages/airflow/example_dags/example_dataset_alias_with_no_taskflow.py
[2025-03-09T23:57:05.658+0600] {processor.py:914} INFO - Processing file /home/shamim/airflow_venv/lib/python3.12/site-packages/airflow/example_dags/example_dataset_alias_with_no_taskflow.py for tasks to queue
[2025-03-09T23:57:05.661+0600] {logging_mixin.py:190} INFO - [2025-03-09T23:57:05.661+0600] {dagbag.py:588} INFO - Filling up the DagBag from /home/shamim/airflow_venv/lib/python3.12/site-packages/airflow/example_dags/example_dataset_alias_with_no_taskflow.py
[2025-03-09T23:57:05.693+0600] {processor.py:925} INFO - DAG(s) 'dataset_alias_example_alias_producer_with_no_taskflow', 'dataset_alias_example_alias_consumer_with_no_taskflow', 'dataset_s3_bucket_consumer_with_no_taskflow', 'dataset_s3_bucket_producer_with_no_taskflow' retrieved from /home/shamim/airflow_venv/lib/python3.12/site-packages/airflow/example_dags/example_dataset_alias_with_no_taskflow.py
[2025-03-09T23:57:05.721+0600] {logging_mixin.py:190} INFO - [2025-03-09T23:57:05.721+0600] {dag.py:3239} INFO - Sync 4 DAGs
[2025-03-09T23:57:05.748+0600] {logging_mixin.py:190} INFO - [2025-03-09T23:57:05.747+0600] {dag.py:4180} INFO - Setting next_dagrun for dataset_alias_example_alias_consumer_with_no_taskflow to None, run_after=None
[2025-03-09T23:57:05.751+0600] {logging_mixin.py:190} INFO - [2025-03-09T23:57:05.750+0600] {dag.py:4180} INFO - Setting next_dagrun for dataset_alias_example_alias_producer_with_no_taskflow to None, run_after=None
[2025-03-09T23:57:05.752+0600] {logging_mixin.py:190} INFO - [2025-03-09T23:57:05.752+0600] {dag.py:4180} INFO - Setting next_dagrun for dataset_s3_bucket_consumer_with_no_taskflow to None, run_after=None
[2025-03-09T23:57:05.753+0600] {logging_mixin.py:190} INFO - [2025-03-09T23:57:05.753+0600] {dag.py:4180} INFO - Setting next_dagrun for dataset_s3_bucket_producer_with_no_taskflow to None, run_after=None
[2025-03-09T23:57:05.787+0600] {processor.py:208} INFO - Processing /home/shamim/airflow_venv/lib/python3.12/site-packages/airflow/example_dags/example_dataset_alias_with_no_taskflow.py took 0.145 seconds
[2025-03-09T23:59:51.746+0600] {processor.py:186} INFO - Started process (PID=39472) to work on /home/shamim/airflow_venv/lib/python3.12/site-packages/airflow/example_dags/example_dataset_alias_with_no_taskflow.py
[2025-03-09T23:59:51.750+0600] {processor.py:914} INFO - Processing file /home/shamim/airflow_venv/lib/python3.12/site-packages/airflow/example_dags/example_dataset_alias_with_no_taskflow.py for tasks to queue
[2025-03-09T23:59:51.757+0600] {logging_mixin.py:190} INFO - [2025-03-09T23:59:51.756+0600] {dagbag.py:588} INFO - Filling up the DagBag from /home/shamim/airflow_venv/lib/python3.12/site-packages/airflow/example_dags/example_dataset_alias_with_no_taskflow.py
[2025-03-09T23:59:51.807+0600] {processor.py:925} INFO - DAG(s) 'dataset_alias_example_alias_producer_with_no_taskflow', 'dataset_s3_bucket_consumer_with_no_taskflow', 'dataset_s3_bucket_producer_with_no_taskflow', 'dataset_alias_example_alias_consumer_with_no_taskflow' retrieved from /home/shamim/airflow_venv/lib/python3.12/site-packages/airflow/example_dags/example_dataset_alias_with_no_taskflow.py
[2025-03-09T23:59:51.843+0600] {logging_mixin.py:190} INFO - [2025-03-09T23:59:51.843+0600] {dag.py:3239} INFO - Sync 4 DAGs
[2025-03-09T23:59:51.872+0600] {logging_mixin.py:190} INFO - [2025-03-09T23:59:51.872+0600] {dag.py:4180} INFO - Setting next_dagrun for dataset_alias_example_alias_consumer_with_no_taskflow to None, run_after=None
[2025-03-09T23:59:51.875+0600] {logging_mixin.py:190} INFO - [2025-03-09T23:59:51.874+0600] {dag.py:4180} INFO - Setting next_dagrun for dataset_alias_example_alias_producer_with_no_taskflow to None, run_after=None
[2025-03-09T23:59:51.876+0600] {logging_mixin.py:190} INFO - [2025-03-09T23:59:51.876+0600] {dag.py:4180} INFO - Setting next_dagrun for dataset_s3_bucket_consumer_with_no_taskflow to None, run_after=None
[2025-03-09T23:59:51.877+0600] {logging_mixin.py:190} INFO - [2025-03-09T23:59:51.877+0600] {dag.py:4180} INFO - Setting next_dagrun for dataset_s3_bucket_producer_with_no_taskflow to None, run_after=None
[2025-03-09T23:59:51.904+0600] {processor.py:208} INFO - Processing /home/shamim/airflow_venv/lib/python3.12/site-packages/airflow/example_dags/example_dataset_alias_with_no_taskflow.py took 0.194 seconds
[2025-03-10T00:01:34.838+0600] {processor.py:186} INFO - Started process (PID=40139) to work on /home/shamim/airflow_venv/lib/python3.12/site-packages/airflow/example_dags/example_dataset_alias_with_no_taskflow.py
[2025-03-10T00:01:34.839+0600] {processor.py:914} INFO - Processing file /home/shamim/airflow_venv/lib/python3.12/site-packages/airflow/example_dags/example_dataset_alias_with_no_taskflow.py for tasks to queue
[2025-03-10T00:01:34.842+0600] {logging_mixin.py:190} INFO - [2025-03-10T00:01:34.842+0600] {dagbag.py:588} INFO - Filling up the DagBag from /home/shamim/airflow_venv/lib/python3.12/site-packages/airflow/example_dags/example_dataset_alias_with_no_taskflow.py
[2025-03-10T00:01:34.874+0600] {processor.py:925} INFO - DAG(s) 'dataset_alias_example_alias_consumer_with_no_taskflow', 'dataset_s3_bucket_producer_with_no_taskflow', 'dataset_s3_bucket_consumer_with_no_taskflow', 'dataset_alias_example_alias_producer_with_no_taskflow' retrieved from /home/shamim/airflow_venv/lib/python3.12/site-packages/airflow/example_dags/example_dataset_alias_with_no_taskflow.py
[2025-03-10T00:01:34.901+0600] {logging_mixin.py:190} INFO - [2025-03-10T00:01:34.900+0600] {dag.py:3239} INFO - Sync 4 DAGs
[2025-03-10T00:01:34.932+0600] {logging_mixin.py:190} INFO - [2025-03-10T00:01:34.932+0600] {dag.py:4180} INFO - Setting next_dagrun for dataset_alias_example_alias_consumer_with_no_taskflow to None, run_after=None
[2025-03-10T00:01:34.936+0600] {logging_mixin.py:190} INFO - [2025-03-10T00:01:34.936+0600] {dag.py:4180} INFO - Setting next_dagrun for dataset_alias_example_alias_producer_with_no_taskflow to None, run_after=None
[2025-03-10T00:01:34.937+0600] {logging_mixin.py:190} INFO - [2025-03-10T00:01:34.937+0600] {dag.py:4180} INFO - Setting next_dagrun for dataset_s3_bucket_consumer_with_no_taskflow to None, run_after=None
[2025-03-10T00:01:34.939+0600] {logging_mixin.py:190} INFO - [2025-03-10T00:01:34.939+0600] {dag.py:4180} INFO - Setting next_dagrun for dataset_s3_bucket_producer_with_no_taskflow to None, run_after=None
[2025-03-10T00:01:34.975+0600] {processor.py:208} INFO - Processing /home/shamim/airflow_venv/lib/python3.12/site-packages/airflow/example_dags/example_dataset_alias_with_no_taskflow.py took 0.146 seconds
[2025-03-10T00:03:27.918+0600] {processor.py:186} INFO - Started process (PID=40703) to work on /home/shamim/airflow_venv/lib/python3.12/site-packages/airflow/example_dags/example_dataset_alias_with_no_taskflow.py
[2025-03-10T00:03:27.924+0600] {processor.py:914} INFO - Processing file /home/shamim/airflow_venv/lib/python3.12/site-packages/airflow/example_dags/example_dataset_alias_with_no_taskflow.py for tasks to queue
[2025-03-10T00:03:27.929+0600] {logging_mixin.py:190} INFO - [2025-03-10T00:03:27.928+0600] {dagbag.py:588} INFO - Filling up the DagBag from /home/shamim/airflow_venv/lib/python3.12/site-packages/airflow/example_dags/example_dataset_alias_with_no_taskflow.py
[2025-03-10T00:03:27.982+0600] {processor.py:925} INFO - DAG(s) 'dataset_alias_example_alias_producer_with_no_taskflow', 'dataset_s3_bucket_producer_with_no_taskflow', 'dataset_s3_bucket_consumer_with_no_taskflow', 'dataset_alias_example_alias_consumer_with_no_taskflow' retrieved from /home/shamim/airflow_venv/lib/python3.12/site-packages/airflow/example_dags/example_dataset_alias_with_no_taskflow.py
[2025-03-10T00:03:28.020+0600] {logging_mixin.py:190} INFO - [2025-03-10T00:03:28.020+0600] {dag.py:3239} INFO - Sync 4 DAGs
[2025-03-10T00:03:28.062+0600] {logging_mixin.py:190} INFO - [2025-03-10T00:03:28.061+0600] {dag.py:4180} INFO - Setting next_dagrun for dataset_alias_example_alias_consumer_with_no_taskflow to None, run_after=None
[2025-03-10T00:03:28.066+0600] {logging_mixin.py:190} INFO - [2025-03-10T00:03:28.066+0600] {dag.py:4180} INFO - Setting next_dagrun for dataset_alias_example_alias_producer_with_no_taskflow to None, run_after=None
[2025-03-10T00:03:28.070+0600] {logging_mixin.py:190} INFO - [2025-03-10T00:03:28.069+0600] {dag.py:4180} INFO - Setting next_dagrun for dataset_s3_bucket_consumer_with_no_taskflow to None, run_after=None
[2025-03-10T00:03:28.072+0600] {logging_mixin.py:190} INFO - [2025-03-10T00:03:28.072+0600] {dag.py:4180} INFO - Setting next_dagrun for dataset_s3_bucket_producer_with_no_taskflow to None, run_after=None
[2025-03-10T00:03:28.132+0600] {processor.py:208} INFO - Processing /home/shamim/airflow_venv/lib/python3.12/site-packages/airflow/example_dags/example_dataset_alias_with_no_taskflow.py took 0.242 seconds
[2025-03-10T00:05:23.584+0600] {processor.py:186} INFO - Started process (PID=41216) to work on /home/shamim/airflow_venv/lib/python3.12/site-packages/airflow/example_dags/example_dataset_alias_with_no_taskflow.py
[2025-03-10T00:05:23.591+0600] {processor.py:914} INFO - Processing file /home/shamim/airflow_venv/lib/python3.12/site-packages/airflow/example_dags/example_dataset_alias_with_no_taskflow.py for tasks to queue
[2025-03-10T00:05:23.596+0600] {logging_mixin.py:190} INFO - [2025-03-10T00:05:23.595+0600] {dagbag.py:588} INFO - Filling up the DagBag from /home/shamim/airflow_venv/lib/python3.12/site-packages/airflow/example_dags/example_dataset_alias_with_no_taskflow.py
[2025-03-10T00:05:23.671+0600] {processor.py:925} INFO - DAG(s) 'dataset_alias_example_alias_consumer_with_no_taskflow', 'dataset_s3_bucket_producer_with_no_taskflow', 'dataset_alias_example_alias_producer_with_no_taskflow', 'dataset_s3_bucket_consumer_with_no_taskflow' retrieved from /home/shamim/airflow_venv/lib/python3.12/site-packages/airflow/example_dags/example_dataset_alias_with_no_taskflow.py
[2025-03-10T00:05:23.726+0600] {logging_mixin.py:190} INFO - [2025-03-10T00:05:23.725+0600] {dag.py:3239} INFO - Sync 4 DAGs
[2025-03-10T00:05:23.769+0600] {logging_mixin.py:190} INFO - [2025-03-10T00:05:23.768+0600] {dag.py:4180} INFO - Setting next_dagrun for dataset_alias_example_alias_consumer_with_no_taskflow to None, run_after=None
[2025-03-10T00:05:23.771+0600] {logging_mixin.py:190} INFO - [2025-03-10T00:05:23.771+0600] {dag.py:4180} INFO - Setting next_dagrun for dataset_alias_example_alias_producer_with_no_taskflow to None, run_after=None
[2025-03-10T00:05:23.773+0600] {logging_mixin.py:190} INFO - [2025-03-10T00:05:23.773+0600] {dag.py:4180} INFO - Setting next_dagrun for dataset_s3_bucket_consumer_with_no_taskflow to None, run_after=None
[2025-03-10T00:05:23.775+0600] {logging_mixin.py:190} INFO - [2025-03-10T00:05:23.774+0600] {dag.py:4180} INFO - Setting next_dagrun for dataset_s3_bucket_producer_with_no_taskflow to None, run_after=None
[2025-03-10T00:05:23.817+0600] {processor.py:208} INFO - Processing /home/shamim/airflow_venv/lib/python3.12/site-packages/airflow/example_dags/example_dataset_alias_with_no_taskflow.py took 0.249 seconds
[2025-03-10T00:07:15.358+0600] {processor.py:186} INFO - Started process (PID=41796) to work on /home/shamim/airflow_venv/lib/python3.12/site-packages/airflow/example_dags/example_dataset_alias_with_no_taskflow.py
[2025-03-10T00:07:15.367+0600] {processor.py:914} INFO - Processing file /home/shamim/airflow_venv/lib/python3.12/site-packages/airflow/example_dags/example_dataset_alias_with_no_taskflow.py for tasks to queue
[2025-03-10T00:07:15.374+0600] {logging_mixin.py:190} INFO - [2025-03-10T00:07:15.371+0600] {dagbag.py:588} INFO - Filling up the DagBag from /home/shamim/airflow_venv/lib/python3.12/site-packages/airflow/example_dags/example_dataset_alias_with_no_taskflow.py
[2025-03-10T00:07:15.420+0600] {processor.py:925} INFO - DAG(s) 'dataset_s3_bucket_consumer_with_no_taskflow', 'dataset_alias_example_alias_consumer_with_no_taskflow', 'dataset_alias_example_alias_producer_with_no_taskflow', 'dataset_s3_bucket_producer_with_no_taskflow' retrieved from /home/shamim/airflow_venv/lib/python3.12/site-packages/airflow/example_dags/example_dataset_alias_with_no_taskflow.py
[2025-03-10T00:07:15.467+0600] {logging_mixin.py:190} INFO - [2025-03-10T00:07:15.467+0600] {dag.py:3239} INFO - Sync 4 DAGs
[2025-03-10T00:07:15.520+0600] {logging_mixin.py:190} INFO - [2025-03-10T00:07:15.519+0600] {dag.py:4180} INFO - Setting next_dagrun for dataset_alias_example_alias_consumer_with_no_taskflow to None, run_after=None
[2025-03-10T00:07:15.525+0600] {logging_mixin.py:190} INFO - [2025-03-10T00:07:15.525+0600] {dag.py:4180} INFO - Setting next_dagrun for dataset_alias_example_alias_producer_with_no_taskflow to None, run_after=None
[2025-03-10T00:07:15.527+0600] {logging_mixin.py:190} INFO - [2025-03-10T00:07:15.527+0600] {dag.py:4180} INFO - Setting next_dagrun for dataset_s3_bucket_consumer_with_no_taskflow to None, run_after=None
[2025-03-10T00:07:15.530+0600] {logging_mixin.py:190} INFO - [2025-03-10T00:07:15.529+0600] {dag.py:4180} INFO - Setting next_dagrun for dataset_s3_bucket_producer_with_no_taskflow to None, run_after=None
[2025-03-10T00:07:15.605+0600] {processor.py:208} INFO - Processing /home/shamim/airflow_venv/lib/python3.12/site-packages/airflow/example_dags/example_dataset_alias_with_no_taskflow.py took 0.259 seconds
[2025-03-10T00:12:32.610+0600] {processor.py:186} INFO - Started process (PID=44908) to work on /home/shamim/airflow_venv/lib/python3.12/site-packages/airflow/example_dags/example_dataset_alias_with_no_taskflow.py
[2025-03-10T00:12:32.637+0600] {processor.py:914} INFO - Processing file /home/shamim/airflow_venv/lib/python3.12/site-packages/airflow/example_dags/example_dataset_alias_with_no_taskflow.py for tasks to queue
[2025-03-10T00:12:32.639+0600] {logging_mixin.py:190} INFO - [2025-03-10T00:12:32.638+0600] {dagbag.py:588} INFO - Filling up the DagBag from /home/shamim/airflow_venv/lib/python3.12/site-packages/airflow/example_dags/example_dataset_alias_with_no_taskflow.py
[2025-03-10T00:12:32.663+0600] {processor.py:925} INFO - DAG(s) 'dataset_s3_bucket_consumer_with_no_taskflow', 'dataset_alias_example_alias_producer_with_no_taskflow', 'dataset_s3_bucket_producer_with_no_taskflow', 'dataset_alias_example_alias_consumer_with_no_taskflow' retrieved from /home/shamim/airflow_venv/lib/python3.12/site-packages/airflow/example_dags/example_dataset_alias_with_no_taskflow.py
[2025-03-10T00:12:32.690+0600] {logging_mixin.py:190} INFO - [2025-03-10T00:12:32.690+0600] {dag.py:3239} INFO - Sync 4 DAGs
[2025-03-10T00:12:32.711+0600] {logging_mixin.py:190} INFO - [2025-03-10T00:12:32.711+0600] {dag.py:4180} INFO - Setting next_dagrun for dataset_alias_example_alias_consumer_with_no_taskflow to None, run_after=None
[2025-03-10T00:12:32.713+0600] {logging_mixin.py:190} INFO - [2025-03-10T00:12:32.713+0600] {dag.py:4180} INFO - Setting next_dagrun for dataset_alias_example_alias_producer_with_no_taskflow to None, run_after=None
[2025-03-10T00:12:32.715+0600] {logging_mixin.py:190} INFO - [2025-03-10T00:12:32.714+0600] {dag.py:4180} INFO - Setting next_dagrun for dataset_s3_bucket_consumer_with_no_taskflow to None, run_after=None
[2025-03-10T00:12:32.716+0600] {logging_mixin.py:190} INFO - [2025-03-10T00:12:32.716+0600] {dag.py:4180} INFO - Setting next_dagrun for dataset_s3_bucket_producer_with_no_taskflow to None, run_after=None
[2025-03-10T00:12:32.740+0600] {processor.py:208} INFO - Processing /home/shamim/airflow_venv/lib/python3.12/site-packages/airflow/example_dags/example_dataset_alias_with_no_taskflow.py took 0.137 seconds
[2025-03-10T00:13:58.867+0600] {processor.py:186} INFO - Started process (PID=45806) to work on /home/shamim/airflow_venv/lib/python3.12/site-packages/airflow/example_dags/example_dataset_alias_with_no_taskflow.py
[2025-03-10T00:13:58.868+0600] {processor.py:914} INFO - Processing file /home/shamim/airflow_venv/lib/python3.12/site-packages/airflow/example_dags/example_dataset_alias_with_no_taskflow.py for tasks to queue
[2025-03-10T00:13:58.869+0600] {logging_mixin.py:190} INFO - [2025-03-10T00:13:58.869+0600] {dagbag.py:588} INFO - Filling up the DagBag from /home/shamim/airflow_venv/lib/python3.12/site-packages/airflow/example_dags/example_dataset_alias_with_no_taskflow.py
[2025-03-10T00:13:58.894+0600] {processor.py:925} INFO - DAG(s) 'dataset_s3_bucket_producer_with_no_taskflow', 'dataset_s3_bucket_consumer_with_no_taskflow', 'dataset_alias_example_alias_consumer_with_no_taskflow', 'dataset_alias_example_alias_producer_with_no_taskflow' retrieved from /home/shamim/airflow_venv/lib/python3.12/site-packages/airflow/example_dags/example_dataset_alias_with_no_taskflow.py
[2025-03-10T00:13:58.920+0600] {logging_mixin.py:190} INFO - [2025-03-10T00:13:58.920+0600] {dag.py:3239} INFO - Sync 4 DAGs
[2025-03-10T00:13:58.941+0600] {logging_mixin.py:190} INFO - [2025-03-10T00:13:58.941+0600] {dag.py:4180} INFO - Setting next_dagrun for dataset_alias_example_alias_consumer_with_no_taskflow to None, run_after=None
[2025-03-10T00:13:58.944+0600] {logging_mixin.py:190} INFO - [2025-03-10T00:13:58.944+0600] {dag.py:4180} INFO - Setting next_dagrun for dataset_alias_example_alias_producer_with_no_taskflow to None, run_after=None
[2025-03-10T00:13:58.945+0600] {logging_mixin.py:190} INFO - [2025-03-10T00:13:58.945+0600] {dag.py:4180} INFO - Setting next_dagrun for dataset_s3_bucket_consumer_with_no_taskflow to None, run_after=None
[2025-03-10T00:13:58.946+0600] {logging_mixin.py:190} INFO - [2025-03-10T00:13:58.946+0600] {dag.py:4180} INFO - Setting next_dagrun for dataset_s3_bucket_producer_with_no_taskflow to None, run_after=None
[2025-03-10T00:13:58.984+0600] {processor.py:208} INFO - Processing /home/shamim/airflow_venv/lib/python3.12/site-packages/airflow/example_dags/example_dataset_alias_with_no_taskflow.py took 0.125 seconds
[2025-03-10T00:15:27.956+0600] {processor.py:186} INFO - Started process (PID=46253) to work on /home/shamim/airflow_venv/lib/python3.12/site-packages/airflow/example_dags/example_dataset_alias_with_no_taskflow.py
[2025-03-10T00:15:28.114+0600] {processor.py:914} INFO - Processing file /home/shamim/airflow_venv/lib/python3.12/site-packages/airflow/example_dags/example_dataset_alias_with_no_taskflow.py for tasks to queue
[2025-03-10T00:15:28.118+0600] {logging_mixin.py:190} INFO - [2025-03-10T00:15:28.117+0600] {dagbag.py:588} INFO - Filling up the DagBag from /home/shamim/airflow_venv/lib/python3.12/site-packages/airflow/example_dags/example_dataset_alias_with_no_taskflow.py
[2025-03-10T00:15:28.186+0600] {processor.py:925} INFO - DAG(s) 'dataset_s3_bucket_consumer_with_no_taskflow', 'dataset_s3_bucket_producer_with_no_taskflow', 'dataset_alias_example_alias_consumer_with_no_taskflow', 'dataset_alias_example_alias_producer_with_no_taskflow' retrieved from /home/shamim/airflow_venv/lib/python3.12/site-packages/airflow/example_dags/example_dataset_alias_with_no_taskflow.py
[2025-03-10T00:15:28.220+0600] {logging_mixin.py:190} INFO - [2025-03-10T00:15:28.220+0600] {dag.py:3239} INFO - Sync 4 DAGs
[2025-03-10T00:15:28.243+0600] {logging_mixin.py:190} INFO - [2025-03-10T00:15:28.242+0600] {dag.py:4180} INFO - Setting next_dagrun for dataset_alias_example_alias_consumer_with_no_taskflow to None, run_after=None
[2025-03-10T00:15:28.246+0600] {logging_mixin.py:190} INFO - [2025-03-10T00:15:28.246+0600] {dag.py:4180} INFO - Setting next_dagrun for dataset_alias_example_alias_producer_with_no_taskflow to None, run_after=None
[2025-03-10T00:15:28.247+0600] {logging_mixin.py:190} INFO - [2025-03-10T00:15:28.247+0600] {dag.py:4180} INFO - Setting next_dagrun for dataset_s3_bucket_consumer_with_no_taskflow to None, run_after=None
[2025-03-10T00:15:28.248+0600] {logging_mixin.py:190} INFO - [2025-03-10T00:15:28.248+0600] {dag.py:4180} INFO - Setting next_dagrun for dataset_s3_bucket_producer_with_no_taskflow to None, run_after=None
[2025-03-10T00:15:28.274+0600] {processor.py:208} INFO - Processing /home/shamim/airflow_venv/lib/python3.12/site-packages/airflow/example_dags/example_dataset_alias_with_no_taskflow.py took 0.340 seconds
[2025-03-10T00:29:03.797+0600] {processor.py:186} INFO - Started process (PID=48017) to work on /home/shamim/airflow_venv/lib/python3.12/site-packages/airflow/example_dags/example_dataset_alias_with_no_taskflow.py
[2025-03-10T00:29:03.803+0600] {processor.py:914} INFO - Processing file /home/shamim/airflow_venv/lib/python3.12/site-packages/airflow/example_dags/example_dataset_alias_with_no_taskflow.py for tasks to queue
[2025-03-10T00:29:03.805+0600] {logging_mixin.py:190} INFO - [2025-03-10T00:29:03.804+0600] {dagbag.py:588} INFO - Filling up the DagBag from /home/shamim/airflow_venv/lib/python3.12/site-packages/airflow/example_dags/example_dataset_alias_with_no_taskflow.py
[2025-03-10T00:29:03.837+0600] {processor.py:925} INFO - DAG(s) 'dataset_s3_bucket_consumer_with_no_taskflow', 'dataset_s3_bucket_producer_with_no_taskflow', 'dataset_alias_example_alias_consumer_with_no_taskflow', 'dataset_alias_example_alias_producer_with_no_taskflow' retrieved from /home/shamim/airflow_venv/lib/python3.12/site-packages/airflow/example_dags/example_dataset_alias_with_no_taskflow.py
[2025-03-10T00:29:03.883+0600] {logging_mixin.py:190} INFO - [2025-03-10T00:29:03.882+0600] {dag.py:3239} INFO - Sync 4 DAGs
[2025-03-10T00:29:03.927+0600] {logging_mixin.py:190} INFO - [2025-03-10T00:29:03.926+0600] {dag.py:4180} INFO - Setting next_dagrun for dataset_alias_example_alias_consumer_with_no_taskflow to None, run_after=None
[2025-03-10T00:29:03.932+0600] {logging_mixin.py:190} INFO - [2025-03-10T00:29:03.932+0600] {dag.py:4180} INFO - Setting next_dagrun for dataset_alias_example_alias_producer_with_no_taskflow to None, run_after=None
[2025-03-10T00:29:03.935+0600] {logging_mixin.py:190} INFO - [2025-03-10T00:29:03.934+0600] {dag.py:4180} INFO - Setting next_dagrun for dataset_s3_bucket_consumer_with_no_taskflow to None, run_after=None
[2025-03-10T00:29:03.938+0600] {logging_mixin.py:190} INFO - [2025-03-10T00:29:03.937+0600] {dag.py:4180} INFO - Setting next_dagrun for dataset_s3_bucket_producer_with_no_taskflow to None, run_after=None
[2025-03-10T00:29:04.015+0600] {processor.py:208} INFO - Processing /home/shamim/airflow_venv/lib/python3.12/site-packages/airflow/example_dags/example_dataset_alias_with_no_taskflow.py took 0.229 seconds
[2025-03-10T00:30:38.906+0600] {processor.py:186} INFO - Started process (PID=48340) to work on /home/shamim/airflow_venv/lib/python3.12/site-packages/airflow/example_dags/example_dataset_alias_with_no_taskflow.py
[2025-03-10T00:30:38.913+0600] {processor.py:914} INFO - Processing file /home/shamim/airflow_venv/lib/python3.12/site-packages/airflow/example_dags/example_dataset_alias_with_no_taskflow.py for tasks to queue
[2025-03-10T00:30:38.914+0600] {logging_mixin.py:190} INFO - [2025-03-10T00:30:38.914+0600] {dagbag.py:588} INFO - Filling up the DagBag from /home/shamim/airflow_venv/lib/python3.12/site-packages/airflow/example_dags/example_dataset_alias_with_no_taskflow.py
[2025-03-10T00:30:38.943+0600] {processor.py:925} INFO - DAG(s) 'dataset_s3_bucket_consumer_with_no_taskflow', 'dataset_s3_bucket_producer_with_no_taskflow', 'dataset_alias_example_alias_producer_with_no_taskflow', 'dataset_alias_example_alias_consumer_with_no_taskflow' retrieved from /home/shamim/airflow_venv/lib/python3.12/site-packages/airflow/example_dags/example_dataset_alias_with_no_taskflow.py
[2025-03-10T00:30:38.968+0600] {logging_mixin.py:190} INFO - [2025-03-10T00:30:38.968+0600] {dag.py:3239} INFO - Sync 4 DAGs
[2025-03-10T00:30:38.989+0600] {logging_mixin.py:190} INFO - [2025-03-10T00:30:38.989+0600] {dag.py:4180} INFO - Setting next_dagrun for dataset_alias_example_alias_consumer_with_no_taskflow to None, run_after=None
[2025-03-10T00:30:38.992+0600] {logging_mixin.py:190} INFO - [2025-03-10T00:30:38.992+0600] {dag.py:4180} INFO - Setting next_dagrun for dataset_alias_example_alias_producer_with_no_taskflow to None, run_after=None
[2025-03-10T00:30:38.993+0600] {logging_mixin.py:190} INFO - [2025-03-10T00:30:38.993+0600] {dag.py:4180} INFO - Setting next_dagrun for dataset_s3_bucket_consumer_with_no_taskflow to None, run_after=None
[2025-03-10T00:30:38.994+0600] {logging_mixin.py:190} INFO - [2025-03-10T00:30:38.994+0600] {dag.py:4180} INFO - Setting next_dagrun for dataset_s3_bucket_producer_with_no_taskflow to None, run_after=None
[2025-03-10T00:30:39.033+0600] {processor.py:208} INFO - Processing /home/shamim/airflow_venv/lib/python3.12/site-packages/airflow/example_dags/example_dataset_alias_with_no_taskflow.py took 0.134 seconds
[2025-03-10T00:31:53.396+0600] {processor.py:186} INFO - Started process (PID=48411) to work on /home/shamim/airflow_venv/lib/python3.12/site-packages/airflow/example_dags/example_dataset_alias_with_no_taskflow.py
[2025-03-10T00:31:53.404+0600] {processor.py:914} INFO - Processing file /home/shamim/airflow_venv/lib/python3.12/site-packages/airflow/example_dags/example_dataset_alias_with_no_taskflow.py for tasks to queue
[2025-03-10T00:31:53.411+0600] {logging_mixin.py:190} INFO - [2025-03-10T00:31:53.407+0600] {dagbag.py:588} INFO - Filling up the DagBag from /home/shamim/airflow_venv/lib/python3.12/site-packages/airflow/example_dags/example_dataset_alias_with_no_taskflow.py
[2025-03-10T00:31:53.455+0600] {processor.py:925} INFO - DAG(s) 'dataset_s3_bucket_producer_with_no_taskflow', 'dataset_alias_example_alias_producer_with_no_taskflow', 'dataset_alias_example_alias_consumer_with_no_taskflow', 'dataset_s3_bucket_consumer_with_no_taskflow' retrieved from /home/shamim/airflow_venv/lib/python3.12/site-packages/airflow/example_dags/example_dataset_alias_with_no_taskflow.py
[2025-03-10T00:31:53.483+0600] {logging_mixin.py:190} INFO - [2025-03-10T00:31:53.482+0600] {dag.py:3239} INFO - Sync 4 DAGs
[2025-03-10T00:31:53.503+0600] {logging_mixin.py:190} INFO - [2025-03-10T00:31:53.503+0600] {dag.py:4180} INFO - Setting next_dagrun for dataset_alias_example_alias_consumer_with_no_taskflow to None, run_after=None
[2025-03-10T00:31:53.506+0600] {logging_mixin.py:190} INFO - [2025-03-10T00:31:53.506+0600] {dag.py:4180} INFO - Setting next_dagrun for dataset_alias_example_alias_producer_with_no_taskflow to None, run_after=None
[2025-03-10T00:31:53.508+0600] {logging_mixin.py:190} INFO - [2025-03-10T00:31:53.507+0600] {dag.py:4180} INFO - Setting next_dagrun for dataset_s3_bucket_consumer_with_no_taskflow to None, run_after=None
[2025-03-10T00:31:53.509+0600] {logging_mixin.py:190} INFO - [2025-03-10T00:31:53.509+0600] {dag.py:4180} INFO - Setting next_dagrun for dataset_s3_bucket_producer_with_no_taskflow to None, run_after=None
[2025-03-10T00:31:53.549+0600] {processor.py:208} INFO - Processing /home/shamim/airflow_venv/lib/python3.12/site-packages/airflow/example_dags/example_dataset_alias_with_no_taskflow.py took 0.181 seconds
