[2025-03-09T23:15:19.228+0600] {processor.py:186} INFO - Started process (PID=21310) to work on /home/shamim/airflow_venv/lib/python3.12/site-packages/airflow/example_dags/example_branch_labels.py
[2025-03-09T23:15:19.229+0600] {processor.py:914} INFO - Processing file /home/shamim/airflow_venv/lib/python3.12/site-packages/airflow/example_dags/example_branch_labels.py for tasks to queue
[2025-03-09T23:15:19.233+0600] {logging_mixin.py:190} INFO - [2025-03-09T23:15:19.232+0600] {dagbag.py:588} INFO - Filling up the DagBag from /home/shamim/airflow_venv/lib/python3.12/site-packages/airflow/example_dags/example_branch_labels.py
[2025-03-09T23:15:19.248+0600] {processor.py:925} INFO - DAG(s) 'example_branch_labels' retrieved from /home/shamim/airflow_venv/lib/python3.12/site-packages/airflow/example_dags/example_branch_labels.py
[2025-03-09T23:15:19.279+0600] {logging_mixin.py:190} INFO - [2025-03-09T23:15:19.278+0600] {dag.py:3239} INFO - Sync 1 DAGs
[2025-03-09T23:15:19.314+0600] {logging_mixin.py:190} INFO - [2025-03-09T23:15:19.313+0600] {dag.py:4180} INFO - Setting next_dagrun for example_branch_labels to 2025-03-08 00:00:00+00:00, run_after=2025-03-09 00:00:00+00:00
[2025-03-09T23:15:19.346+0600] {processor.py:208} INFO - Processing /home/shamim/airflow_venv/lib/python3.12/site-packages/airflow/example_dags/example_branch_labels.py took 0.130 seconds
[2025-03-09T23:17:26.066+0600] {processor.py:186} INFO - Started process (PID=22285) to work on /home/shamim/airflow_venv/lib/python3.12/site-packages/airflow/example_dags/example_branch_labels.py
[2025-03-09T23:17:26.073+0600] {processor.py:914} INFO - Processing file /home/shamim/airflow_venv/lib/python3.12/site-packages/airflow/example_dags/example_branch_labels.py for tasks to queue
[2025-03-09T23:17:26.078+0600] {logging_mixin.py:190} INFO - [2025-03-09T23:17:26.077+0600] {dagbag.py:588} INFO - Filling up the DagBag from /home/shamim/airflow_venv/lib/python3.12/site-packages/airflow/example_dags/example_branch_labels.py
[2025-03-09T23:17:26.093+0600] {processor.py:925} INFO - DAG(s) 'example_branch_labels' retrieved from /home/shamim/airflow_venv/lib/python3.12/site-packages/airflow/example_dags/example_branch_labels.py
[2025-03-09T23:17:26.116+0600] {logging_mixin.py:190} INFO - [2025-03-09T23:17:26.116+0600] {dag.py:3239} INFO - Sync 1 DAGs
[2025-03-09T23:17:26.144+0600] {logging_mixin.py:190} INFO - [2025-03-09T23:17:26.143+0600] {dag.py:4180} INFO - Setting next_dagrun for example_branch_labels to 2025-03-08 00:00:00+00:00, run_after=2025-03-09 00:00:00+00:00
[2025-03-09T23:17:26.167+0600] {processor.py:208} INFO - Processing /home/shamim/airflow_venv/lib/python3.12/site-packages/airflow/example_dags/example_branch_labels.py took 0.113 seconds
[2025-03-09T23:18:55.520+0600] {processor.py:186} INFO - Started process (PID=23137) to work on /home/shamim/airflow_venv/lib/python3.12/site-packages/airflow/example_dags/example_branch_labels.py
[2025-03-09T23:18:55.525+0600] {processor.py:914} INFO - Processing file /home/shamim/airflow_venv/lib/python3.12/site-packages/airflow/example_dags/example_branch_labels.py for tasks to queue
[2025-03-09T23:18:55.529+0600] {logging_mixin.py:190} INFO - [2025-03-09T23:18:55.528+0600] {dagbag.py:588} INFO - Filling up the DagBag from /home/shamim/airflow_venv/lib/python3.12/site-packages/airflow/example_dags/example_branch_labels.py
[2025-03-09T23:18:55.545+0600] {processor.py:925} INFO - DAG(s) 'example_branch_labels' retrieved from /home/shamim/airflow_venv/lib/python3.12/site-packages/airflow/example_dags/example_branch_labels.py
[2025-03-09T23:18:55.565+0600] {logging_mixin.py:190} INFO - [2025-03-09T23:18:55.565+0600] {dag.py:3239} INFO - Sync 1 DAGs
[2025-03-09T23:18:55.590+0600] {logging_mixin.py:190} INFO - [2025-03-09T23:18:55.590+0600] {dag.py:4180} INFO - Setting next_dagrun for example_branch_labels to 2025-03-08 00:00:00+00:00, run_after=2025-03-09 00:00:00+00:00
[2025-03-09T23:18:55.615+0600] {processor.py:208} INFO - Processing /home/shamim/airflow_venv/lib/python3.12/site-packages/airflow/example_dags/example_branch_labels.py took 0.106 seconds
[2025-03-09T23:20:42.459+0600] {processor.py:186} INFO - Started process (PID=23852) to work on /home/shamim/airflow_venv/lib/python3.12/site-packages/airflow/example_dags/example_branch_labels.py
[2025-03-09T23:20:42.463+0600] {processor.py:914} INFO - Processing file /home/shamim/airflow_venv/lib/python3.12/site-packages/airflow/example_dags/example_branch_labels.py for tasks to queue
[2025-03-09T23:20:42.466+0600] {logging_mixin.py:190} INFO - [2025-03-09T23:20:42.465+0600] {dagbag.py:588} INFO - Filling up the DagBag from /home/shamim/airflow_venv/lib/python3.12/site-packages/airflow/example_dags/example_branch_labels.py
[2025-03-09T23:20:42.482+0600] {processor.py:925} INFO - DAG(s) 'example_branch_labels' retrieved from /home/shamim/airflow_venv/lib/python3.12/site-packages/airflow/example_dags/example_branch_labels.py
[2025-03-09T23:20:42.501+0600] {logging_mixin.py:190} INFO - [2025-03-09T23:20:42.501+0600] {dag.py:3239} INFO - Sync 1 DAGs
[2025-03-09T23:20:42.525+0600] {logging_mixin.py:190} INFO - [2025-03-09T23:20:42.525+0600] {dag.py:4180} INFO - Setting next_dagrun for example_branch_labels to 2025-03-08 00:00:00+00:00, run_after=2025-03-09 00:00:00+00:00
[2025-03-09T23:20:42.550+0600] {processor.py:208} INFO - Processing /home/shamim/airflow_venv/lib/python3.12/site-packages/airflow/example_dags/example_branch_labels.py took 0.100 seconds
[2025-03-09T23:22:13.118+0600] {processor.py:186} INFO - Started process (PID=24423) to work on /home/shamim/airflow_venv/lib/python3.12/site-packages/airflow/example_dags/example_branch_labels.py
[2025-03-09T23:22:13.124+0600] {processor.py:914} INFO - Processing file /home/shamim/airflow_venv/lib/python3.12/site-packages/airflow/example_dags/example_branch_labels.py for tasks to queue
[2025-03-09T23:22:13.126+0600] {logging_mixin.py:190} INFO - [2025-03-09T23:22:13.126+0600] {dagbag.py:588} INFO - Filling up the DagBag from /home/shamim/airflow_venv/lib/python3.12/site-packages/airflow/example_dags/example_branch_labels.py
[2025-03-09T23:22:13.139+0600] {processor.py:925} INFO - DAG(s) 'example_branch_labels' retrieved from /home/shamim/airflow_venv/lib/python3.12/site-packages/airflow/example_dags/example_branch_labels.py
[2025-03-09T23:22:13.159+0600] {logging_mixin.py:190} INFO - [2025-03-09T23:22:13.158+0600] {dag.py:3239} INFO - Sync 1 DAGs
[2025-03-09T23:22:13.184+0600] {logging_mixin.py:190} INFO - [2025-03-09T23:22:13.184+0600] {dag.py:4180} INFO - Setting next_dagrun for example_branch_labels to 2025-03-08 00:00:00+00:00, run_after=2025-03-09 00:00:00+00:00
[2025-03-09T23:22:13.211+0600] {processor.py:208} INFO - Processing /home/shamim/airflow_venv/lib/python3.12/site-packages/airflow/example_dags/example_branch_labels.py took 0.100 seconds
[2025-03-09T23:23:40.292+0600] {processor.py:186} INFO - Started process (PID=25010) to work on /home/shamim/airflow_venv/lib/python3.12/site-packages/airflow/example_dags/example_branch_labels.py
[2025-03-09T23:23:40.298+0600] {processor.py:914} INFO - Processing file /home/shamim/airflow_venv/lib/python3.12/site-packages/airflow/example_dags/example_branch_labels.py for tasks to queue
[2025-03-09T23:23:40.301+0600] {logging_mixin.py:190} INFO - [2025-03-09T23:23:40.300+0600] {dagbag.py:588} INFO - Filling up the DagBag from /home/shamim/airflow_venv/lib/python3.12/site-packages/airflow/example_dags/example_branch_labels.py
[2025-03-09T23:23:40.315+0600] {processor.py:925} INFO - DAG(s) 'example_branch_labels' retrieved from /home/shamim/airflow_venv/lib/python3.12/site-packages/airflow/example_dags/example_branch_labels.py
[2025-03-09T23:23:40.337+0600] {logging_mixin.py:190} INFO - [2025-03-09T23:23:40.337+0600] {dag.py:3239} INFO - Sync 1 DAGs
[2025-03-09T23:23:40.367+0600] {logging_mixin.py:190} INFO - [2025-03-09T23:23:40.367+0600] {dag.py:4180} INFO - Setting next_dagrun for example_branch_labels to 2025-03-08 00:00:00+00:00, run_after=2025-03-09 00:00:00+00:00
[2025-03-09T23:23:40.393+0600] {processor.py:208} INFO - Processing /home/shamim/airflow_venv/lib/python3.12/site-packages/airflow/example_dags/example_branch_labels.py took 0.109 seconds
[2025-03-09T23:25:03.442+0600] {processor.py:186} INFO - Started process (PID=25590) to work on /home/shamim/airflow_venv/lib/python3.12/site-packages/airflow/example_dags/example_branch_labels.py
[2025-03-09T23:25:03.444+0600] {processor.py:914} INFO - Processing file /home/shamim/airflow_venv/lib/python3.12/site-packages/airflow/example_dags/example_branch_labels.py for tasks to queue
[2025-03-09T23:25:03.447+0600] {logging_mixin.py:190} INFO - [2025-03-09T23:25:03.446+0600] {dagbag.py:588} INFO - Filling up the DagBag from /home/shamim/airflow_venv/lib/python3.12/site-packages/airflow/example_dags/example_branch_labels.py
[2025-03-09T23:25:03.461+0600] {processor.py:925} INFO - DAG(s) 'example_branch_labels' retrieved from /home/shamim/airflow_venv/lib/python3.12/site-packages/airflow/example_dags/example_branch_labels.py
[2025-03-09T23:25:03.490+0600] {logging_mixin.py:190} INFO - [2025-03-09T23:25:03.490+0600] {dag.py:3239} INFO - Sync 1 DAGs
[2025-03-09T23:25:03.520+0600] {logging_mixin.py:190} INFO - [2025-03-09T23:25:03.520+0600] {dag.py:4180} INFO - Setting next_dagrun for example_branch_labels to 2025-03-08 00:00:00+00:00, run_after=2025-03-09 00:00:00+00:00
[2025-03-09T23:25:03.543+0600] {processor.py:208} INFO - Processing /home/shamim/airflow_venv/lib/python3.12/site-packages/airflow/example_dags/example_branch_labels.py took 0.108 seconds
[2025-03-09T23:26:33.125+0600] {processor.py:186} INFO - Started process (PID=26155) to work on /home/shamim/airflow_venv/lib/python3.12/site-packages/airflow/example_dags/example_branch_labels.py
[2025-03-09T23:26:33.132+0600] {processor.py:914} INFO - Processing file /home/shamim/airflow_venv/lib/python3.12/site-packages/airflow/example_dags/example_branch_labels.py for tasks to queue
[2025-03-09T23:26:33.134+0600] {logging_mixin.py:190} INFO - [2025-03-09T23:26:33.134+0600] {dagbag.py:588} INFO - Filling up the DagBag from /home/shamim/airflow_venv/lib/python3.12/site-packages/airflow/example_dags/example_branch_labels.py
[2025-03-09T23:26:33.150+0600] {processor.py:925} INFO - DAG(s) 'example_branch_labels' retrieved from /home/shamim/airflow_venv/lib/python3.12/site-packages/airflow/example_dags/example_branch_labels.py
[2025-03-09T23:26:33.173+0600] {logging_mixin.py:190} INFO - [2025-03-09T23:26:33.173+0600] {dag.py:3239} INFO - Sync 1 DAGs
[2025-03-09T23:26:33.206+0600] {logging_mixin.py:190} INFO - [2025-03-09T23:26:33.206+0600] {dag.py:4180} INFO - Setting next_dagrun for example_branch_labels to 2025-03-08 00:00:00+00:00, run_after=2025-03-09 00:00:00+00:00
[2025-03-09T23:26:33.248+0600] {processor.py:208} INFO - Processing /home/shamim/airflow_venv/lib/python3.12/site-packages/airflow/example_dags/example_branch_labels.py took 0.133 seconds
[2025-03-09T23:28:06.348+0600] {processor.py:186} INFO - Started process (PID=26753) to work on /home/shamim/airflow_venv/lib/python3.12/site-packages/airflow/example_dags/example_branch_labels.py
[2025-03-09T23:28:06.354+0600] {processor.py:914} INFO - Processing file /home/shamim/airflow_venv/lib/python3.12/site-packages/airflow/example_dags/example_branch_labels.py for tasks to queue
[2025-03-09T23:28:06.357+0600] {logging_mixin.py:190} INFO - [2025-03-09T23:28:06.357+0600] {dagbag.py:588} INFO - Filling up the DagBag from /home/shamim/airflow_venv/lib/python3.12/site-packages/airflow/example_dags/example_branch_labels.py
[2025-03-09T23:28:06.370+0600] {processor.py:925} INFO - DAG(s) 'example_branch_labels' retrieved from /home/shamim/airflow_venv/lib/python3.12/site-packages/airflow/example_dags/example_branch_labels.py
[2025-03-09T23:28:06.393+0600] {logging_mixin.py:190} INFO - [2025-03-09T23:28:06.392+0600] {dag.py:3239} INFO - Sync 1 DAGs
[2025-03-09T23:28:06.419+0600] {logging_mixin.py:190} INFO - [2025-03-09T23:28:06.419+0600] {dag.py:4180} INFO - Setting next_dagrun for example_branch_labels to 2025-03-08 00:00:00+00:00, run_after=2025-03-09 00:00:00+00:00
[2025-03-09T23:28:06.463+0600] {processor.py:208} INFO - Processing /home/shamim/airflow_venv/lib/python3.12/site-packages/airflow/example_dags/example_branch_labels.py took 0.122 seconds
[2025-03-09T23:29:40.309+0600] {processor.py:186} INFO - Started process (PID=27321) to work on /home/shamim/airflow_venv/lib/python3.12/site-packages/airflow/example_dags/example_branch_labels.py
[2025-03-09T23:29:40.315+0600] {processor.py:914} INFO - Processing file /home/shamim/airflow_venv/lib/python3.12/site-packages/airflow/example_dags/example_branch_labels.py for tasks to queue
[2025-03-09T23:29:40.318+0600] {logging_mixin.py:190} INFO - [2025-03-09T23:29:40.317+0600] {dagbag.py:588} INFO - Filling up the DagBag from /home/shamim/airflow_venv/lib/python3.12/site-packages/airflow/example_dags/example_branch_labels.py
[2025-03-09T23:29:40.330+0600] {processor.py:925} INFO - DAG(s) 'example_branch_labels' retrieved from /home/shamim/airflow_venv/lib/python3.12/site-packages/airflow/example_dags/example_branch_labels.py
[2025-03-09T23:29:40.349+0600] {logging_mixin.py:190} INFO - [2025-03-09T23:29:40.349+0600] {dag.py:3239} INFO - Sync 1 DAGs
[2025-03-09T23:29:40.373+0600] {logging_mixin.py:190} INFO - [2025-03-09T23:29:40.373+0600] {dag.py:4180} INFO - Setting next_dagrun for example_branch_labels to 2025-03-08 00:00:00+00:00, run_after=2025-03-09 00:00:00+00:00
[2025-03-09T23:29:40.408+0600] {processor.py:208} INFO - Processing /home/shamim/airflow_venv/lib/python3.12/site-packages/airflow/example_dags/example_branch_labels.py took 0.106 seconds
[2025-03-09T23:31:22.390+0600] {processor.py:186} INFO - Started process (PID=28220) to work on /home/shamim/airflow_venv/lib/python3.12/site-packages/airflow/example_dags/example_branch_labels.py
[2025-03-09T23:31:22.397+0600] {processor.py:914} INFO - Processing file /home/shamim/airflow_venv/lib/python3.12/site-packages/airflow/example_dags/example_branch_labels.py for tasks to queue
[2025-03-09T23:31:22.399+0600] {logging_mixin.py:190} INFO - [2025-03-09T23:31:22.399+0600] {dagbag.py:588} INFO - Filling up the DagBag from /home/shamim/airflow_venv/lib/python3.12/site-packages/airflow/example_dags/example_branch_labels.py
[2025-03-09T23:31:22.412+0600] {processor.py:925} INFO - DAG(s) 'example_branch_labels' retrieved from /home/shamim/airflow_venv/lib/python3.12/site-packages/airflow/example_dags/example_branch_labels.py
[2025-03-09T23:31:22.432+0600] {logging_mixin.py:190} INFO - [2025-03-09T23:31:22.432+0600] {dag.py:3239} INFO - Sync 1 DAGs
[2025-03-09T23:31:22.457+0600] {logging_mixin.py:190} INFO - [2025-03-09T23:31:22.457+0600] {dag.py:4180} INFO - Setting next_dagrun for example_branch_labels to 2025-03-08 00:00:00+00:00, run_after=2025-03-09 00:00:00+00:00
[2025-03-09T23:31:22.483+0600] {processor.py:208} INFO - Processing /home/shamim/airflow_venv/lib/python3.12/site-packages/airflow/example_dags/example_branch_labels.py took 0.099 seconds
[2025-03-09T23:32:58.422+0600] {processor.py:186} INFO - Started process (PID=28766) to work on /home/shamim/airflow_venv/lib/python3.12/site-packages/airflow/example_dags/example_branch_labels.py
[2025-03-09T23:32:58.429+0600] {processor.py:914} INFO - Processing file /home/shamim/airflow_venv/lib/python3.12/site-packages/airflow/example_dags/example_branch_labels.py for tasks to queue
[2025-03-09T23:32:58.432+0600] {logging_mixin.py:190} INFO - [2025-03-09T23:32:58.431+0600] {dagbag.py:588} INFO - Filling up the DagBag from /home/shamim/airflow_venv/lib/python3.12/site-packages/airflow/example_dags/example_branch_labels.py
[2025-03-09T23:32:58.448+0600] {processor.py:925} INFO - DAG(s) 'example_branch_labels' retrieved from /home/shamim/airflow_venv/lib/python3.12/site-packages/airflow/example_dags/example_branch_labels.py
[2025-03-09T23:32:58.469+0600] {logging_mixin.py:190} INFO - [2025-03-09T23:32:58.469+0600] {dag.py:3239} INFO - Sync 1 DAGs
[2025-03-09T23:32:58.494+0600] {logging_mixin.py:190} INFO - [2025-03-09T23:32:58.494+0600] {dag.py:4180} INFO - Setting next_dagrun for example_branch_labels to 2025-03-08 00:00:00+00:00, run_after=2025-03-09 00:00:00+00:00
[2025-03-09T23:32:58.517+0600] {processor.py:208} INFO - Processing /home/shamim/airflow_venv/lib/python3.12/site-packages/airflow/example_dags/example_branch_labels.py took 0.103 seconds
[2025-03-09T23:34:42.768+0600] {processor.py:186} INFO - Started process (PID=29421) to work on /home/shamim/airflow_venv/lib/python3.12/site-packages/airflow/example_dags/example_branch_labels.py
[2025-03-09T23:34:42.771+0600] {processor.py:914} INFO - Processing file /home/shamim/airflow_venv/lib/python3.12/site-packages/airflow/example_dags/example_branch_labels.py for tasks to queue
[2025-03-09T23:34:42.774+0600] {logging_mixin.py:190} INFO - [2025-03-09T23:34:42.773+0600] {dagbag.py:588} INFO - Filling up the DagBag from /home/shamim/airflow_venv/lib/python3.12/site-packages/airflow/example_dags/example_branch_labels.py
[2025-03-09T23:34:42.786+0600] {processor.py:925} INFO - DAG(s) 'example_branch_labels' retrieved from /home/shamim/airflow_venv/lib/python3.12/site-packages/airflow/example_dags/example_branch_labels.py
[2025-03-09T23:34:42.807+0600] {logging_mixin.py:190} INFO - [2025-03-09T23:34:42.807+0600] {dag.py:3239} INFO - Sync 1 DAGs
[2025-03-09T23:34:42.833+0600] {logging_mixin.py:190} INFO - [2025-03-09T23:34:42.833+0600] {dag.py:4180} INFO - Setting next_dagrun for example_branch_labels to 2025-03-08 00:00:00+00:00, run_after=2025-03-09 00:00:00+00:00
[2025-03-09T23:34:42.857+0600] {processor.py:208} INFO - Processing /home/shamim/airflow_venv/lib/python3.12/site-packages/airflow/example_dags/example_branch_labels.py took 0.096 seconds
[2025-03-09T23:36:13.832+0600] {processor.py:186} INFO - Started process (PID=29931) to work on /home/shamim/airflow_venv/lib/python3.12/site-packages/airflow/example_dags/example_branch_labels.py
[2025-03-09T23:36:13.838+0600] {processor.py:914} INFO - Processing file /home/shamim/airflow_venv/lib/python3.12/site-packages/airflow/example_dags/example_branch_labels.py for tasks to queue
[2025-03-09T23:36:13.841+0600] {logging_mixin.py:190} INFO - [2025-03-09T23:36:13.840+0600] {dagbag.py:588} INFO - Filling up the DagBag from /home/shamim/airflow_venv/lib/python3.12/site-packages/airflow/example_dags/example_branch_labels.py
[2025-03-09T23:36:13.855+0600] {processor.py:925} INFO - DAG(s) 'example_branch_labels' retrieved from /home/shamim/airflow_venv/lib/python3.12/site-packages/airflow/example_dags/example_branch_labels.py
[2025-03-09T23:36:13.876+0600] {logging_mixin.py:190} INFO - [2025-03-09T23:36:13.875+0600] {dag.py:3239} INFO - Sync 1 DAGs
[2025-03-09T23:36:13.903+0600] {logging_mixin.py:190} INFO - [2025-03-09T23:36:13.903+0600] {dag.py:4180} INFO - Setting next_dagrun for example_branch_labels to 2025-03-08 00:00:00+00:00, run_after=2025-03-09 00:00:00+00:00
[2025-03-09T23:36:13.928+0600] {processor.py:208} INFO - Processing /home/shamim/airflow_venv/lib/python3.12/site-packages/airflow/example_dags/example_branch_labels.py took 0.104 seconds
[2025-03-09T23:37:37.961+0600] {processor.py:186} INFO - Started process (PID=30447) to work on /home/shamim/airflow_venv/lib/python3.12/site-packages/airflow/example_dags/example_branch_labels.py
[2025-03-09T23:37:37.967+0600] {processor.py:914} INFO - Processing file /home/shamim/airflow_venv/lib/python3.12/site-packages/airflow/example_dags/example_branch_labels.py for tasks to queue
[2025-03-09T23:37:37.970+0600] {logging_mixin.py:190} INFO - [2025-03-09T23:37:37.969+0600] {dagbag.py:588} INFO - Filling up the DagBag from /home/shamim/airflow_venv/lib/python3.12/site-packages/airflow/example_dags/example_branch_labels.py
[2025-03-09T23:37:37.985+0600] {processor.py:925} INFO - DAG(s) 'example_branch_labels' retrieved from /home/shamim/airflow_venv/lib/python3.12/site-packages/airflow/example_dags/example_branch_labels.py
[2025-03-09T23:37:38.007+0600] {logging_mixin.py:190} INFO - [2025-03-09T23:37:38.007+0600] {dag.py:3239} INFO - Sync 1 DAGs
[2025-03-09T23:37:38.036+0600] {logging_mixin.py:190} INFO - [2025-03-09T23:37:38.036+0600] {dag.py:4180} INFO - Setting next_dagrun for example_branch_labels to 2025-03-08 00:00:00+00:00, run_after=2025-03-09 00:00:00+00:00
[2025-03-09T23:37:38.063+0600] {processor.py:208} INFO - Processing /home/shamim/airflow_venv/lib/python3.12/site-packages/airflow/example_dags/example_branch_labels.py took 0.110 seconds
[2025-03-09T23:39:02.855+0600] {processor.py:186} INFO - Started process (PID=31222) to work on /home/shamim/airflow_venv/lib/python3.12/site-packages/airflow/example_dags/example_branch_labels.py
[2025-03-09T23:39:02.861+0600] {processor.py:914} INFO - Processing file /home/shamim/airflow_venv/lib/python3.12/site-packages/airflow/example_dags/example_branch_labels.py for tasks to queue
[2025-03-09T23:39:02.865+0600] {logging_mixin.py:190} INFO - [2025-03-09T23:39:02.864+0600] {dagbag.py:588} INFO - Filling up the DagBag from /home/shamim/airflow_venv/lib/python3.12/site-packages/airflow/example_dags/example_branch_labels.py
[2025-03-09T23:39:02.882+0600] {processor.py:925} INFO - DAG(s) 'example_branch_labels' retrieved from /home/shamim/airflow_venv/lib/python3.12/site-packages/airflow/example_dags/example_branch_labels.py
[2025-03-09T23:39:02.915+0600] {logging_mixin.py:190} INFO - [2025-03-09T23:39:02.915+0600] {dag.py:3239} INFO - Sync 1 DAGs
[2025-03-09T23:39:02.960+0600] {logging_mixin.py:190} INFO - [2025-03-09T23:39:02.959+0600] {dag.py:4180} INFO - Setting next_dagrun for example_branch_labels to 2025-03-08 00:00:00+00:00, run_after=2025-03-09 00:00:00+00:00
[2025-03-09T23:39:02.995+0600] {processor.py:208} INFO - Processing /home/shamim/airflow_venv/lib/python3.12/site-packages/airflow/example_dags/example_branch_labels.py took 0.148 seconds
[2025-03-09T23:41:10.323+0600] {processor.py:186} INFO - Started process (PID=32116) to work on /home/shamim/airflow_venv/lib/python3.12/site-packages/airflow/example_dags/example_branch_labels.py
[2025-03-09T23:41:10.330+0600] {processor.py:914} INFO - Processing file /home/shamim/airflow_venv/lib/python3.12/site-packages/airflow/example_dags/example_branch_labels.py for tasks to queue
[2025-03-09T23:41:10.332+0600] {logging_mixin.py:190} INFO - [2025-03-09T23:41:10.332+0600] {dagbag.py:588} INFO - Filling up the DagBag from /home/shamim/airflow_venv/lib/python3.12/site-packages/airflow/example_dags/example_branch_labels.py
[2025-03-09T23:41:10.347+0600] {processor.py:925} INFO - DAG(s) 'example_branch_labels' retrieved from /home/shamim/airflow_venv/lib/python3.12/site-packages/airflow/example_dags/example_branch_labels.py
[2025-03-09T23:41:10.367+0600] {logging_mixin.py:190} INFO - [2025-03-09T23:41:10.367+0600] {dag.py:3239} INFO - Sync 1 DAGs
[2025-03-09T23:41:10.394+0600] {logging_mixin.py:190} INFO - [2025-03-09T23:41:10.393+0600] {dag.py:4180} INFO - Setting next_dagrun for example_branch_labels to 2025-03-08 00:00:00+00:00, run_after=2025-03-09 00:00:00+00:00
[2025-03-09T23:41:10.429+0600] {processor.py:208} INFO - Processing /home/shamim/airflow_venv/lib/python3.12/site-packages/airflow/example_dags/example_branch_labels.py took 0.114 seconds
[2025-03-09T23:42:48.393+0600] {processor.py:186} INFO - Started process (PID=32634) to work on /home/shamim/airflow_venv/lib/python3.12/site-packages/airflow/example_dags/example_branch_labels.py
[2025-03-09T23:42:48.398+0600] {processor.py:914} INFO - Processing file /home/shamim/airflow_venv/lib/python3.12/site-packages/airflow/example_dags/example_branch_labels.py for tasks to queue
[2025-03-09T23:42:48.400+0600] {logging_mixin.py:190} INFO - [2025-03-09T23:42:48.399+0600] {dagbag.py:588} INFO - Filling up the DagBag from /home/shamim/airflow_venv/lib/python3.12/site-packages/airflow/example_dags/example_branch_labels.py
[2025-03-09T23:42:48.413+0600] {processor.py:925} INFO - DAG(s) 'example_branch_labels' retrieved from /home/shamim/airflow_venv/lib/python3.12/site-packages/airflow/example_dags/example_branch_labels.py
[2025-03-09T23:42:48.434+0600] {logging_mixin.py:190} INFO - [2025-03-09T23:42:48.433+0600] {dag.py:3239} INFO - Sync 1 DAGs
[2025-03-09T23:42:48.461+0600] {logging_mixin.py:190} INFO - [2025-03-09T23:42:48.460+0600] {dag.py:4180} INFO - Setting next_dagrun for example_branch_labels to 2025-03-08 00:00:00+00:00, run_after=2025-03-09 00:00:00+00:00
[2025-03-09T23:42:48.484+0600] {processor.py:208} INFO - Processing /home/shamim/airflow_venv/lib/python3.12/site-packages/airflow/example_dags/example_branch_labels.py took 0.097 seconds
[2025-03-09T23:44:18.033+0600] {processor.py:186} INFO - Started process (PID=33118) to work on /home/shamim/airflow_venv/lib/python3.12/site-packages/airflow/example_dags/example_branch_labels.py
[2025-03-09T23:44:18.040+0600] {processor.py:914} INFO - Processing file /home/shamim/airflow_venv/lib/python3.12/site-packages/airflow/example_dags/example_branch_labels.py for tasks to queue
[2025-03-09T23:44:18.045+0600] {logging_mixin.py:190} INFO - [2025-03-09T23:44:18.044+0600] {dagbag.py:588} INFO - Filling up the DagBag from /home/shamim/airflow_venv/lib/python3.12/site-packages/airflow/example_dags/example_branch_labels.py
[2025-03-09T23:44:18.073+0600] {processor.py:925} INFO - DAG(s) 'example_branch_labels' retrieved from /home/shamim/airflow_venv/lib/python3.12/site-packages/airflow/example_dags/example_branch_labels.py
[2025-03-09T23:44:18.112+0600] {logging_mixin.py:190} INFO - [2025-03-09T23:44:18.112+0600] {dag.py:3239} INFO - Sync 1 DAGs
[2025-03-09T23:44:18.165+0600] {logging_mixin.py:190} INFO - [2025-03-09T23:44:18.165+0600] {dag.py:4180} INFO - Setting next_dagrun for example_branch_labels to 2025-03-08 00:00:00+00:00, run_after=2025-03-09 00:00:00+00:00
[2025-03-09T23:44:18.198+0600] {processor.py:208} INFO - Processing /home/shamim/airflow_venv/lib/python3.12/site-packages/airflow/example_dags/example_branch_labels.py took 0.173 seconds
[2025-03-09T23:46:37.710+0600] {processor.py:186} INFO - Started process (PID=34120) to work on /home/shamim/airflow_venv/lib/python3.12/site-packages/airflow/example_dags/example_branch_labels.py
[2025-03-09T23:46:37.711+0600] {processor.py:914} INFO - Processing file /home/shamim/airflow_venv/lib/python3.12/site-packages/airflow/example_dags/example_branch_labels.py for tasks to queue
[2025-03-09T23:46:37.714+0600] {logging_mixin.py:190} INFO - [2025-03-09T23:46:37.713+0600] {dagbag.py:588} INFO - Filling up the DagBag from /home/shamim/airflow_venv/lib/python3.12/site-packages/airflow/example_dags/example_branch_labels.py
[2025-03-09T23:46:37.728+0600] {processor.py:925} INFO - DAG(s) 'example_branch_labels' retrieved from /home/shamim/airflow_venv/lib/python3.12/site-packages/airflow/example_dags/example_branch_labels.py
[2025-03-09T23:46:37.750+0600] {logging_mixin.py:190} INFO - [2025-03-09T23:46:37.749+0600] {dag.py:3239} INFO - Sync 1 DAGs
[2025-03-09T23:46:37.779+0600] {logging_mixin.py:190} INFO - [2025-03-09T23:46:37.779+0600] {dag.py:4180} INFO - Setting next_dagrun for example_branch_labels to 2025-03-08 00:00:00+00:00, run_after=2025-03-09 00:00:00+00:00
[2025-03-09T23:46:37.808+0600] {processor.py:208} INFO - Processing /home/shamim/airflow_venv/lib/python3.12/site-packages/airflow/example_dags/example_branch_labels.py took 0.106 seconds
[2025-03-09T23:48:11.513+0600] {processor.py:186} INFO - Started process (PID=34709) to work on /home/shamim/airflow_venv/lib/python3.12/site-packages/airflow/example_dags/example_branch_labels.py
[2025-03-09T23:48:11.519+0600] {processor.py:914} INFO - Processing file /home/shamim/airflow_venv/lib/python3.12/site-packages/airflow/example_dags/example_branch_labels.py for tasks to queue
[2025-03-09T23:48:11.522+0600] {logging_mixin.py:190} INFO - [2025-03-09T23:48:11.522+0600] {dagbag.py:588} INFO - Filling up the DagBag from /home/shamim/airflow_venv/lib/python3.12/site-packages/airflow/example_dags/example_branch_labels.py
[2025-03-09T23:48:11.537+0600] {processor.py:925} INFO - DAG(s) 'example_branch_labels' retrieved from /home/shamim/airflow_venv/lib/python3.12/site-packages/airflow/example_dags/example_branch_labels.py
[2025-03-09T23:48:11.558+0600] {logging_mixin.py:190} INFO - [2025-03-09T23:48:11.558+0600] {dag.py:3239} INFO - Sync 1 DAGs
[2025-03-09T23:48:11.585+0600] {logging_mixin.py:190} INFO - [2025-03-09T23:48:11.584+0600] {dag.py:4180} INFO - Setting next_dagrun for example_branch_labels to 2025-03-08 00:00:00+00:00, run_after=2025-03-09 00:00:00+00:00
[2025-03-09T23:48:11.609+0600] {processor.py:208} INFO - Processing /home/shamim/airflow_venv/lib/python3.12/site-packages/airflow/example_dags/example_branch_labels.py took 0.105 seconds
[2025-03-09T23:50:59.133+0600] {processor.py:186} INFO - Started process (PID=36102) to work on /home/shamim/airflow_venv/lib/python3.12/site-packages/airflow/example_dags/example_branch_labels.py
[2025-03-09T23:50:59.134+0600] {processor.py:914} INFO - Processing file /home/shamim/airflow_venv/lib/python3.12/site-packages/airflow/example_dags/example_branch_labels.py for tasks to queue
[2025-03-09T23:50:59.137+0600] {logging_mixin.py:190} INFO - [2025-03-09T23:50:59.137+0600] {dagbag.py:588} INFO - Filling up the DagBag from /home/shamim/airflow_venv/lib/python3.12/site-packages/airflow/example_dags/example_branch_labels.py
[2025-03-09T23:50:59.158+0600] {processor.py:925} INFO - DAG(s) 'example_branch_labels' retrieved from /home/shamim/airflow_venv/lib/python3.12/site-packages/airflow/example_dags/example_branch_labels.py
[2025-03-09T23:50:59.184+0600] {logging_mixin.py:190} INFO - [2025-03-09T23:50:59.184+0600] {dag.py:3239} INFO - Sync 1 DAGs
[2025-03-09T23:50:59.215+0600] {logging_mixin.py:190} INFO - [2025-03-09T23:50:59.215+0600] {dag.py:4180} INFO - Setting next_dagrun for example_branch_labels to 2025-03-08 00:00:00+00:00, run_after=2025-03-09 00:00:00+00:00
[2025-03-09T23:50:59.241+0600] {processor.py:208} INFO - Processing /home/shamim/airflow_venv/lib/python3.12/site-packages/airflow/example_dags/example_branch_labels.py took 0.117 seconds
[2025-03-09T23:52:39.599+0600] {processor.py:186} INFO - Started process (PID=36567) to work on /home/shamim/airflow_venv/lib/python3.12/site-packages/airflow/example_dags/example_branch_labels.py
[2025-03-09T23:52:39.606+0600] {processor.py:914} INFO - Processing file /home/shamim/airflow_venv/lib/python3.12/site-packages/airflow/example_dags/example_branch_labels.py for tasks to queue
[2025-03-09T23:52:39.608+0600] {logging_mixin.py:190} INFO - [2025-03-09T23:52:39.608+0600] {dagbag.py:588} INFO - Filling up the DagBag from /home/shamim/airflow_venv/lib/python3.12/site-packages/airflow/example_dags/example_branch_labels.py
[2025-03-09T23:52:39.621+0600] {processor.py:925} INFO - DAG(s) 'example_branch_labels' retrieved from /home/shamim/airflow_venv/lib/python3.12/site-packages/airflow/example_dags/example_branch_labels.py
[2025-03-09T23:52:39.642+0600] {logging_mixin.py:190} INFO - [2025-03-09T23:52:39.642+0600] {dag.py:3239} INFO - Sync 1 DAGs
[2025-03-09T23:52:39.672+0600] {logging_mixin.py:190} INFO - [2025-03-09T23:52:39.672+0600] {dag.py:4180} INFO - Setting next_dagrun for example_branch_labels to 2025-03-08 00:00:00+00:00, run_after=2025-03-09 00:00:00+00:00
[2025-03-09T23:52:39.695+0600] {processor.py:208} INFO - Processing /home/shamim/airflow_venv/lib/python3.12/site-packages/airflow/example_dags/example_branch_labels.py took 0.103 seconds
[2025-03-09T23:54:05.879+0600] {processor.py:186} INFO - Started process (PID=37100) to work on /home/shamim/airflow_venv/lib/python3.12/site-packages/airflow/example_dags/example_branch_labels.py
[2025-03-09T23:54:05.887+0600] {processor.py:914} INFO - Processing file /home/shamim/airflow_venv/lib/python3.12/site-packages/airflow/example_dags/example_branch_labels.py for tasks to queue
[2025-03-09T23:54:05.890+0600] {logging_mixin.py:190} INFO - [2025-03-09T23:54:05.889+0600] {dagbag.py:588} INFO - Filling up the DagBag from /home/shamim/airflow_venv/lib/python3.12/site-packages/airflow/example_dags/example_branch_labels.py
[2025-03-09T23:54:05.903+0600] {processor.py:925} INFO - DAG(s) 'example_branch_labels' retrieved from /home/shamim/airflow_venv/lib/python3.12/site-packages/airflow/example_dags/example_branch_labels.py
[2025-03-09T23:54:05.923+0600] {logging_mixin.py:190} INFO - [2025-03-09T23:54:05.922+0600] {dag.py:3239} INFO - Sync 1 DAGs
[2025-03-09T23:54:05.950+0600] {logging_mixin.py:190} INFO - [2025-03-09T23:54:05.950+0600] {dag.py:4180} INFO - Setting next_dagrun for example_branch_labels to 2025-03-08 00:00:00+00:00, run_after=2025-03-09 00:00:00+00:00
[2025-03-09T23:54:05.975+0600] {processor.py:208} INFO - Processing /home/shamim/airflow_venv/lib/python3.12/site-packages/airflow/example_dags/example_branch_labels.py took 0.104 seconds
[2025-03-09T23:55:45.123+0600] {processor.py:186} INFO - Started process (PID=38061) to work on /home/shamim/airflow_venv/lib/python3.12/site-packages/airflow/example_dags/example_branch_labels.py
[2025-03-09T23:55:45.128+0600] {processor.py:914} INFO - Processing file /home/shamim/airflow_venv/lib/python3.12/site-packages/airflow/example_dags/example_branch_labels.py for tasks to queue
[2025-03-09T23:55:45.131+0600] {logging_mixin.py:190} INFO - [2025-03-09T23:55:45.130+0600] {dagbag.py:588} INFO - Filling up the DagBag from /home/shamim/airflow_venv/lib/python3.12/site-packages/airflow/example_dags/example_branch_labels.py
[2025-03-09T23:55:45.144+0600] {processor.py:925} INFO - DAG(s) 'example_branch_labels' retrieved from /home/shamim/airflow_venv/lib/python3.12/site-packages/airflow/example_dags/example_branch_labels.py
[2025-03-09T23:55:45.166+0600] {logging_mixin.py:190} INFO - [2025-03-09T23:55:45.166+0600] {dag.py:3239} INFO - Sync 1 DAGs
[2025-03-09T23:55:45.195+0600] {logging_mixin.py:190} INFO - [2025-03-09T23:55:45.194+0600] {dag.py:4180} INFO - Setting next_dagrun for example_branch_labels to 2025-03-08 00:00:00+00:00, run_after=2025-03-09 00:00:00+00:00
[2025-03-09T23:55:45.219+0600] {processor.py:208} INFO - Processing /home/shamim/airflow_venv/lib/python3.12/site-packages/airflow/example_dags/example_branch_labels.py took 0.104 seconds
[2025-03-09T23:57:14.780+0600] {processor.py:186} INFO - Started process (PID=38556) to work on /home/shamim/airflow_venv/lib/python3.12/site-packages/airflow/example_dags/example_branch_labels.py
[2025-03-09T23:57:14.785+0600] {processor.py:914} INFO - Processing file /home/shamim/airflow_venv/lib/python3.12/site-packages/airflow/example_dags/example_branch_labels.py for tasks to queue
[2025-03-09T23:57:14.788+0600] {logging_mixin.py:190} INFO - [2025-03-09T23:57:14.788+0600] {dagbag.py:588} INFO - Filling up the DagBag from /home/shamim/airflow_venv/lib/python3.12/site-packages/airflow/example_dags/example_branch_labels.py
[2025-03-09T23:57:14.803+0600] {processor.py:925} INFO - DAG(s) 'example_branch_labels' retrieved from /home/shamim/airflow_venv/lib/python3.12/site-packages/airflow/example_dags/example_branch_labels.py
[2025-03-09T23:57:14.825+0600] {logging_mixin.py:190} INFO - [2025-03-09T23:57:14.824+0600] {dag.py:3239} INFO - Sync 1 DAGs
[2025-03-09T23:57:14.855+0600] {logging_mixin.py:190} INFO - [2025-03-09T23:57:14.855+0600] {dag.py:4180} INFO - Setting next_dagrun for example_branch_labels to 2025-03-08 00:00:00+00:00, run_after=2025-03-09 00:00:00+00:00
[2025-03-09T23:57:14.885+0600] {processor.py:208} INFO - Processing /home/shamim/airflow_venv/lib/python3.12/site-packages/airflow/example_dags/example_branch_labels.py took 0.114 seconds
[2025-03-10T00:00:01.738+0600] {processor.py:186} INFO - Started process (PID=39496) to work on /home/shamim/airflow_venv/lib/python3.12/site-packages/airflow/example_dags/example_branch_labels.py
[2025-03-10T00:00:01.740+0600] {processor.py:914} INFO - Processing file /home/shamim/airflow_venv/lib/python3.12/site-packages/airflow/example_dags/example_branch_labels.py for tasks to queue
[2025-03-10T00:00:01.744+0600] {logging_mixin.py:190} INFO - [2025-03-10T00:00:01.743+0600] {dagbag.py:588} INFO - Filling up the DagBag from /home/shamim/airflow_venv/lib/python3.12/site-packages/airflow/example_dags/example_branch_labels.py
[2025-03-10T00:00:01.759+0600] {processor.py:925} INFO - DAG(s) 'example_branch_labels' retrieved from /home/shamim/airflow_venv/lib/python3.12/site-packages/airflow/example_dags/example_branch_labels.py
[2025-03-10T00:00:01.781+0600] {logging_mixin.py:190} INFO - [2025-03-10T00:00:01.780+0600] {dag.py:3239} INFO - Sync 1 DAGs
[2025-03-10T00:00:01.811+0600] {logging_mixin.py:190} INFO - [2025-03-10T00:00:01.811+0600] {dag.py:4180} INFO - Setting next_dagrun for example_branch_labels to 2025-03-08 00:00:00+00:00, run_after=2025-03-09 00:00:00+00:00
[2025-03-10T00:00:01.836+0600] {processor.py:208} INFO - Processing /home/shamim/airflow_venv/lib/python3.12/site-packages/airflow/example_dags/example_branch_labels.py took 0.110 seconds
[2025-03-10T00:01:43.841+0600] {processor.py:186} INFO - Started process (PID=40155) to work on /home/shamim/airflow_venv/lib/python3.12/site-packages/airflow/example_dags/example_branch_labels.py
[2025-03-10T00:01:43.848+0600] {processor.py:914} INFO - Processing file /home/shamim/airflow_venv/lib/python3.12/site-packages/airflow/example_dags/example_branch_labels.py for tasks to queue
[2025-03-10T00:01:43.858+0600] {logging_mixin.py:190} INFO - [2025-03-10T00:01:43.857+0600] {dagbag.py:588} INFO - Filling up the DagBag from /home/shamim/airflow_venv/lib/python3.12/site-packages/airflow/example_dags/example_branch_labels.py
[2025-03-10T00:01:43.899+0600] {processor.py:925} INFO - DAG(s) 'example_branch_labels' retrieved from /home/shamim/airflow_venv/lib/python3.12/site-packages/airflow/example_dags/example_branch_labels.py
[2025-03-10T00:01:43.941+0600] {logging_mixin.py:190} INFO - [2025-03-10T00:01:43.941+0600] {dag.py:3239} INFO - Sync 1 DAGs
[2025-03-10T00:01:44.002+0600] {logging_mixin.py:190} INFO - [2025-03-10T00:01:44.001+0600] {dag.py:4180} INFO - Setting next_dagrun for example_branch_labels to 2025-03-08 00:00:00+00:00, run_after=2025-03-09 00:00:00+00:00
[2025-03-10T00:01:44.033+0600] {processor.py:208} INFO - Processing /home/shamim/airflow_venv/lib/python3.12/site-packages/airflow/example_dags/example_branch_labels.py took 0.211 seconds
[2025-03-10T00:03:38.407+0600] {processor.py:186} INFO - Started process (PID=40722) to work on /home/shamim/airflow_venv/lib/python3.12/site-packages/airflow/example_dags/example_branch_labels.py
[2025-03-10T00:03:38.415+0600] {processor.py:914} INFO - Processing file /home/shamim/airflow_venv/lib/python3.12/site-packages/airflow/example_dags/example_branch_labels.py for tasks to queue
[2025-03-10T00:03:38.423+0600] {logging_mixin.py:190} INFO - [2025-03-10T00:03:38.422+0600] {dagbag.py:588} INFO - Filling up the DagBag from /home/shamim/airflow_venv/lib/python3.12/site-packages/airflow/example_dags/example_branch_labels.py
[2025-03-10T00:03:38.446+0600] {processor.py:925} INFO - DAG(s) 'example_branch_labels' retrieved from /home/shamim/airflow_venv/lib/python3.12/site-packages/airflow/example_dags/example_branch_labels.py
[2025-03-10T00:03:38.473+0600] {logging_mixin.py:190} INFO - [2025-03-10T00:03:38.473+0600] {dag.py:3239} INFO - Sync 1 DAGs
[2025-03-10T00:03:38.507+0600] {logging_mixin.py:190} INFO - [2025-03-10T00:03:38.507+0600] {dag.py:4180} INFO - Setting next_dagrun for example_branch_labels to 2025-03-08 00:00:00+00:00, run_after=2025-03-09 00:00:00+00:00
[2025-03-10T00:03:38.549+0600] {processor.py:208} INFO - Processing /home/shamim/airflow_venv/lib/python3.12/site-packages/airflow/example_dags/example_branch_labels.py took 0.180 seconds
[2025-03-10T00:05:32.726+0600] {processor.py:186} INFO - Started process (PID=41235) to work on /home/shamim/airflow_venv/lib/python3.12/site-packages/airflow/example_dags/example_branch_labels.py
[2025-03-10T00:05:32.732+0600] {processor.py:914} INFO - Processing file /home/shamim/airflow_venv/lib/python3.12/site-packages/airflow/example_dags/example_branch_labels.py for tasks to queue
[2025-03-10T00:05:32.736+0600] {logging_mixin.py:190} INFO - [2025-03-10T00:05:32.735+0600] {dagbag.py:588} INFO - Filling up the DagBag from /home/shamim/airflow_venv/lib/python3.12/site-packages/airflow/example_dags/example_branch_labels.py
[2025-03-10T00:05:32.754+0600] {processor.py:925} INFO - DAG(s) 'example_branch_labels' retrieved from /home/shamim/airflow_venv/lib/python3.12/site-packages/airflow/example_dags/example_branch_labels.py
[2025-03-10T00:05:32.781+0600] {logging_mixin.py:190} INFO - [2025-03-10T00:05:32.781+0600] {dag.py:3239} INFO - Sync 1 DAGs
[2025-03-10T00:05:32.811+0600] {logging_mixin.py:190} INFO - [2025-03-10T00:05:32.811+0600] {dag.py:4180} INFO - Setting next_dagrun for example_branch_labels to 2025-03-08 00:00:00+00:00, run_after=2025-03-09 00:00:00+00:00
[2025-03-10T00:05:32.840+0600] {processor.py:208} INFO - Processing /home/shamim/airflow_venv/lib/python3.12/site-packages/airflow/example_dags/example_branch_labels.py took 0.123 seconds
[2025-03-10T00:07:26.042+0600] {processor.py:186} INFO - Started process (PID=41896) to work on /home/shamim/airflow_venv/lib/python3.12/site-packages/airflow/example_dags/example_branch_labels.py
[2025-03-10T00:07:26.049+0600] {processor.py:914} INFO - Processing file /home/shamim/airflow_venv/lib/python3.12/site-packages/airflow/example_dags/example_branch_labels.py for tasks to queue
[2025-03-10T00:07:26.064+0600] {logging_mixin.py:190} INFO - [2025-03-10T00:07:26.063+0600] {dagbag.py:588} INFO - Filling up the DagBag from /home/shamim/airflow_venv/lib/python3.12/site-packages/airflow/example_dags/example_branch_labels.py
[2025-03-10T00:07:26.100+0600] {processor.py:925} INFO - DAG(s) 'example_branch_labels' retrieved from /home/shamim/airflow_venv/lib/python3.12/site-packages/airflow/example_dags/example_branch_labels.py
[2025-03-10T00:07:26.182+0600] {logging_mixin.py:190} INFO - [2025-03-10T00:07:26.180+0600] {dag.py:3239} INFO - Sync 1 DAGs
[2025-03-10T00:07:26.297+0600] {logging_mixin.py:190} INFO - [2025-03-10T00:07:26.297+0600] {dag.py:4180} INFO - Setting next_dagrun for example_branch_labels to 2025-03-08 00:00:00+00:00, run_after=2025-03-09 00:00:00+00:00
[2025-03-10T00:07:26.377+0600] {processor.py:208} INFO - Processing /home/shamim/airflow_venv/lib/python3.12/site-packages/airflow/example_dags/example_branch_labels.py took 0.358 seconds
[2025-03-10T00:12:42.275+0600] {processor.py:186} INFO - Started process (PID=44917) to work on /home/shamim/airflow_venv/lib/python3.12/site-packages/airflow/example_dags/example_branch_labels.py
[2025-03-10T00:12:42.281+0600] {processor.py:914} INFO - Processing file /home/shamim/airflow_venv/lib/python3.12/site-packages/airflow/example_dags/example_branch_labels.py for tasks to queue
[2025-03-10T00:12:42.283+0600] {logging_mixin.py:190} INFO - [2025-03-10T00:12:42.282+0600] {dagbag.py:588} INFO - Filling up the DagBag from /home/shamim/airflow_venv/lib/python3.12/site-packages/airflow/example_dags/example_branch_labels.py
[2025-03-10T00:12:42.292+0600] {processor.py:925} INFO - DAG(s) 'example_branch_labels' retrieved from /home/shamim/airflow_venv/lib/python3.12/site-packages/airflow/example_dags/example_branch_labels.py
[2025-03-10T00:12:42.314+0600] {logging_mixin.py:190} INFO - [2025-03-10T00:12:42.314+0600] {dag.py:3239} INFO - Sync 1 DAGs
[2025-03-10T00:12:42.337+0600] {logging_mixin.py:190} INFO - [2025-03-10T00:12:42.337+0600] {dag.py:4180} INFO - Setting next_dagrun for example_branch_labels to 2025-03-08 00:00:00+00:00, run_after=2025-03-09 00:00:00+00:00
[2025-03-10T00:12:42.363+0600] {processor.py:208} INFO - Processing /home/shamim/airflow_venv/lib/python3.12/site-packages/airflow/example_dags/example_branch_labels.py took 0.096 seconds
[2025-03-10T00:14:07.178+0600] {processor.py:186} INFO - Started process (PID=45814) to work on /home/shamim/airflow_venv/lib/python3.12/site-packages/airflow/example_dags/example_branch_labels.py
[2025-03-10T00:14:07.184+0600] {processor.py:914} INFO - Processing file /home/shamim/airflow_venv/lib/python3.12/site-packages/airflow/example_dags/example_branch_labels.py for tasks to queue
[2025-03-10T00:14:07.186+0600] {logging_mixin.py:190} INFO - [2025-03-10T00:14:07.185+0600] {dagbag.py:588} INFO - Filling up the DagBag from /home/shamim/airflow_venv/lib/python3.12/site-packages/airflow/example_dags/example_branch_labels.py
[2025-03-10T00:14:07.196+0600] {processor.py:925} INFO - DAG(s) 'example_branch_labels' retrieved from /home/shamim/airflow_venv/lib/python3.12/site-packages/airflow/example_dags/example_branch_labels.py
[2025-03-10T00:14:07.219+0600] {logging_mixin.py:190} INFO - [2025-03-10T00:14:07.219+0600] {dag.py:3239} INFO - Sync 1 DAGs
[2025-03-10T00:14:07.243+0600] {logging_mixin.py:190} INFO - [2025-03-10T00:14:07.242+0600] {dag.py:4180} INFO - Setting next_dagrun for example_branch_labels to 2025-03-08 00:00:00+00:00, run_after=2025-03-09 00:00:00+00:00
[2025-03-10T00:14:07.278+0600] {processor.py:208} INFO - Processing /home/shamim/airflow_venv/lib/python3.12/site-packages/airflow/example_dags/example_branch_labels.py took 0.107 seconds
[2025-03-10T00:15:37.378+0600] {processor.py:186} INFO - Started process (PID=46262) to work on /home/shamim/airflow_venv/lib/python3.12/site-packages/airflow/example_dags/example_branch_labels.py
[2025-03-10T00:15:37.380+0600] {processor.py:914} INFO - Processing file /home/shamim/airflow_venv/lib/python3.12/site-packages/airflow/example_dags/example_branch_labels.py for tasks to queue
[2025-03-10T00:15:37.382+0600] {logging_mixin.py:190} INFO - [2025-03-10T00:15:37.381+0600] {dagbag.py:588} INFO - Filling up the DagBag from /home/shamim/airflow_venv/lib/python3.12/site-packages/airflow/example_dags/example_branch_labels.py
[2025-03-10T00:15:37.393+0600] {processor.py:925} INFO - DAG(s) 'example_branch_labels' retrieved from /home/shamim/airflow_venv/lib/python3.12/site-packages/airflow/example_dags/example_branch_labels.py
[2025-03-10T00:15:37.420+0600] {logging_mixin.py:190} INFO - [2025-03-10T00:15:37.420+0600] {dag.py:3239} INFO - Sync 1 DAGs
[2025-03-10T00:15:37.444+0600] {logging_mixin.py:190} INFO - [2025-03-10T00:15:37.444+0600] {dag.py:4180} INFO - Setting next_dagrun for example_branch_labels to 2025-03-08 00:00:00+00:00, run_after=2025-03-09 00:00:00+00:00
[2025-03-10T00:15:37.624+0600] {processor.py:208} INFO - Processing /home/shamim/airflow_venv/lib/python3.12/site-packages/airflow/example_dags/example_branch_labels.py took 0.262 seconds
[2025-03-10T00:29:13.248+0600] {processor.py:186} INFO - Started process (PID=48035) to work on /home/shamim/airflow_venv/lib/python3.12/site-packages/airflow/example_dags/example_branch_labels.py
[2025-03-10T00:29:13.254+0600] {processor.py:914} INFO - Processing file /home/shamim/airflow_venv/lib/python3.12/site-packages/airflow/example_dags/example_branch_labels.py for tasks to queue
[2025-03-10T00:29:13.256+0600] {logging_mixin.py:190} INFO - [2025-03-10T00:29:13.255+0600] {dagbag.py:588} INFO - Filling up the DagBag from /home/shamim/airflow_venv/lib/python3.12/site-packages/airflow/example_dags/example_branch_labels.py
[2025-03-10T00:29:13.264+0600] {processor.py:925} INFO - DAG(s) 'example_branch_labels' retrieved from /home/shamim/airflow_venv/lib/python3.12/site-packages/airflow/example_dags/example_branch_labels.py
[2025-03-10T00:29:13.286+0600] {logging_mixin.py:190} INFO - [2025-03-10T00:29:13.285+0600] {dag.py:3239} INFO - Sync 1 DAGs
[2025-03-10T00:29:13.308+0600] {logging_mixin.py:190} INFO - [2025-03-10T00:29:13.308+0600] {dag.py:4180} INFO - Setting next_dagrun for example_branch_labels to 2025-03-08 00:00:00+00:00, run_after=2025-03-09 00:00:00+00:00
[2025-03-10T00:29:13.331+0600] {processor.py:208} INFO - Processing /home/shamim/airflow_venv/lib/python3.12/site-packages/airflow/example_dags/example_branch_labels.py took 0.090 seconds
