[2025-03-09T23:14:44.937+0600] {processor.py:186} INFO - Started process (PID=21203) to work on /home/shamim/airflow_venv/lib/python3.12/site-packages/airflow/example_dags/example_short_circuit_decorator.py
[2025-03-09T23:14:44.939+0600] {processor.py:914} INFO - Processing file /home/shamim/airflow_venv/lib/python3.12/site-packages/airflow/example_dags/example_short_circuit_decorator.py for tasks to queue
[2025-03-09T23:14:44.941+0600] {logging_mixin.py:190} INFO - [2025-03-09T23:14:44.940+0600] {dagbag.py:588} INFO - Filling up the DagBag from /home/shamim/airflow_venv/lib/python3.12/site-packages/airflow/example_dags/example_short_circuit_decorator.py
[2025-03-09T23:14:44.953+0600] {processor.py:925} INFO - DAG(s) 'example_short_circuit_decorator' retrieved from /home/shamim/airflow_venv/lib/python3.12/site-packages/airflow/example_dags/example_short_circuit_decorator.py
[2025-03-09T23:14:44.978+0600] {logging_mixin.py:190} INFO - [2025-03-09T23:14:44.978+0600] {dag.py:3239} INFO - Sync 1 DAGs
[2025-03-09T23:14:44.994+0600] {logging_mixin.py:190} INFO - [2025-03-09T23:14:44.993+0600] {dag.py:4180} INFO - Setting next_dagrun for example_short_circuit_decorator to None, run_after=None
[2025-03-09T23:14:45.024+0600] {processor.py:208} INFO - Processing /home/shamim/airflow_venv/lib/python3.12/site-packages/airflow/example_dags/example_short_circuit_decorator.py took 0.093 seconds
[2025-03-09T23:16:35.578+0600] {processor.py:186} INFO - Started process (PID=22002) to work on /home/shamim/airflow_venv/lib/python3.12/site-packages/airflow/example_dags/example_short_circuit_decorator.py
[2025-03-09T23:16:35.584+0600] {processor.py:914} INFO - Processing file /home/shamim/airflow_venv/lib/python3.12/site-packages/airflow/example_dags/example_short_circuit_decorator.py for tasks to queue
[2025-03-09T23:16:35.587+0600] {logging_mixin.py:190} INFO - [2025-03-09T23:16:35.587+0600] {dagbag.py:588} INFO - Filling up the DagBag from /home/shamim/airflow_venv/lib/python3.12/site-packages/airflow/example_dags/example_short_circuit_decorator.py
[2025-03-09T23:16:35.601+0600] {processor.py:925} INFO - DAG(s) 'example_short_circuit_decorator' retrieved from /home/shamim/airflow_venv/lib/python3.12/site-packages/airflow/example_dags/example_short_circuit_decorator.py
[2025-03-09T23:16:35.625+0600] {logging_mixin.py:190} INFO - [2025-03-09T23:16:35.625+0600] {dag.py:3239} INFO - Sync 1 DAGs
[2025-03-09T23:16:35.641+0600] {logging_mixin.py:190} INFO - [2025-03-09T23:16:35.641+0600] {dag.py:4180} INFO - Setting next_dagrun for example_short_circuit_decorator to None, run_after=None
[2025-03-09T23:16:35.668+0600] {processor.py:208} INFO - Processing /home/shamim/airflow_venv/lib/python3.12/site-packages/airflow/example_dags/example_short_circuit_decorator.py took 0.097 seconds
[2025-03-09T23:18:05.089+0600] {processor.py:186} INFO - Started process (PID=22591) to work on /home/shamim/airflow_venv/lib/python3.12/site-packages/airflow/example_dags/example_short_circuit_decorator.py
[2025-03-09T23:18:05.094+0600] {processor.py:914} INFO - Processing file /home/shamim/airflow_venv/lib/python3.12/site-packages/airflow/example_dags/example_short_circuit_decorator.py for tasks to queue
[2025-03-09T23:18:05.099+0600] {logging_mixin.py:190} INFO - [2025-03-09T23:18:05.099+0600] {dagbag.py:588} INFO - Filling up the DagBag from /home/shamim/airflow_venv/lib/python3.12/site-packages/airflow/example_dags/example_short_circuit_decorator.py
[2025-03-09T23:18:05.118+0600] {processor.py:925} INFO - DAG(s) 'example_short_circuit_decorator' retrieved from /home/shamim/airflow_venv/lib/python3.12/site-packages/airflow/example_dags/example_short_circuit_decorator.py
[2025-03-09T23:18:05.148+0600] {logging_mixin.py:190} INFO - [2025-03-09T23:18:05.148+0600] {dag.py:3239} INFO - Sync 1 DAGs
[2025-03-09T23:18:05.175+0600] {logging_mixin.py:190} INFO - [2025-03-09T23:18:05.175+0600] {dag.py:4180} INFO - Setting next_dagrun for example_short_circuit_decorator to None, run_after=None
[2025-03-09T23:18:05.211+0600] {processor.py:208} INFO - Processing /home/shamim/airflow_venv/lib/python3.12/site-packages/airflow/example_dags/example_short_circuit_decorator.py took 0.132 seconds
[2025-03-09T23:19:57.660+0600] {processor.py:186} INFO - Started process (PID=23570) to work on /home/shamim/airflow_venv/lib/python3.12/site-packages/airflow/example_dags/example_short_circuit_decorator.py
[2025-03-09T23:19:57.666+0600] {processor.py:914} INFO - Processing file /home/shamim/airflow_venv/lib/python3.12/site-packages/airflow/example_dags/example_short_circuit_decorator.py for tasks to queue
[2025-03-09T23:19:57.669+0600] {logging_mixin.py:190} INFO - [2025-03-09T23:19:57.668+0600] {dagbag.py:588} INFO - Filling up the DagBag from /home/shamim/airflow_venv/lib/python3.12/site-packages/airflow/example_dags/example_short_circuit_decorator.py
[2025-03-09T23:19:57.682+0600] {processor.py:925} INFO - DAG(s) 'example_short_circuit_decorator' retrieved from /home/shamim/airflow_venv/lib/python3.12/site-packages/airflow/example_dags/example_short_circuit_decorator.py
[2025-03-09T23:19:57.705+0600] {logging_mixin.py:190} INFO - [2025-03-09T23:19:57.705+0600] {dag.py:3239} INFO - Sync 1 DAGs
[2025-03-09T23:19:57.721+0600] {logging_mixin.py:190} INFO - [2025-03-09T23:19:57.720+0600] {dag.py:4180} INFO - Setting next_dagrun for example_short_circuit_decorator to None, run_after=None
[2025-03-09T23:19:57.749+0600] {processor.py:208} INFO - Processing /home/shamim/airflow_venv/lib/python3.12/site-packages/airflow/example_dags/example_short_circuit_decorator.py took 0.095 seconds
[2025-03-09T23:21:19.818+0600] {processor.py:186} INFO - Started process (PID=24115) to work on /home/shamim/airflow_venv/lib/python3.12/site-packages/airflow/example_dags/example_short_circuit_decorator.py
[2025-03-09T23:21:19.824+0600] {processor.py:914} INFO - Processing file /home/shamim/airflow_venv/lib/python3.12/site-packages/airflow/example_dags/example_short_circuit_decorator.py for tasks to queue
[2025-03-09T23:21:19.828+0600] {logging_mixin.py:190} INFO - [2025-03-09T23:21:19.827+0600] {dagbag.py:588} INFO - Filling up the DagBag from /home/shamim/airflow_venv/lib/python3.12/site-packages/airflow/example_dags/example_short_circuit_decorator.py
[2025-03-09T23:21:19.843+0600] {processor.py:925} INFO - DAG(s) 'example_short_circuit_decorator' retrieved from /home/shamim/airflow_venv/lib/python3.12/site-packages/airflow/example_dags/example_short_circuit_decorator.py
[2025-03-09T23:21:19.868+0600] {logging_mixin.py:190} INFO - [2025-03-09T23:21:19.868+0600] {dag.py:3239} INFO - Sync 1 DAGs
[2025-03-09T23:21:19.887+0600] {logging_mixin.py:190} INFO - [2025-03-09T23:21:19.887+0600] {dag.py:4180} INFO - Setting next_dagrun for example_short_circuit_decorator to None, run_after=None
[2025-03-09T23:21:19.923+0600] {processor.py:208} INFO - Processing /home/shamim/airflow_venv/lib/python3.12/site-packages/airflow/example_dags/example_short_circuit_decorator.py took 0.112 seconds
[2025-03-09T23:22:50.671+0600] {processor.py:186} INFO - Started process (PID=24733) to work on /home/shamim/airflow_venv/lib/python3.12/site-packages/airflow/example_dags/example_short_circuit_decorator.py
[2025-03-09T23:22:50.678+0600] {processor.py:914} INFO - Processing file /home/shamim/airflow_venv/lib/python3.12/site-packages/airflow/example_dags/example_short_circuit_decorator.py for tasks to queue
[2025-03-09T23:22:50.681+0600] {logging_mixin.py:190} INFO - [2025-03-09T23:22:50.680+0600] {dagbag.py:588} INFO - Filling up the DagBag from /home/shamim/airflow_venv/lib/python3.12/site-packages/airflow/example_dags/example_short_circuit_decorator.py
[2025-03-09T23:22:50.700+0600] {processor.py:925} INFO - DAG(s) 'example_short_circuit_decorator' retrieved from /home/shamim/airflow_venv/lib/python3.12/site-packages/airflow/example_dags/example_short_circuit_decorator.py
[2025-03-09T23:22:50.730+0600] {logging_mixin.py:190} INFO - [2025-03-09T23:22:50.730+0600] {dag.py:3239} INFO - Sync 1 DAGs
[2025-03-09T23:22:50.750+0600] {logging_mixin.py:190} INFO - [2025-03-09T23:22:50.749+0600] {dag.py:4180} INFO - Setting next_dagrun for example_short_circuit_decorator to None, run_after=None
[2025-03-09T23:22:50.782+0600] {processor.py:208} INFO - Processing /home/shamim/airflow_venv/lib/python3.12/site-packages/airflow/example_dags/example_short_circuit_decorator.py took 0.125 seconds
[2025-03-09T23:24:14.920+0600] {processor.py:186} INFO - Started process (PID=25284) to work on /home/shamim/airflow_venv/lib/python3.12/site-packages/airflow/example_dags/example_short_circuit_decorator.py
[2025-03-09T23:24:14.928+0600] {processor.py:914} INFO - Processing file /home/shamim/airflow_venv/lib/python3.12/site-packages/airflow/example_dags/example_short_circuit_decorator.py for tasks to queue
[2025-03-09T23:24:14.931+0600] {logging_mixin.py:190} INFO - [2025-03-09T23:24:14.930+0600] {dagbag.py:588} INFO - Filling up the DagBag from /home/shamim/airflow_venv/lib/python3.12/site-packages/airflow/example_dags/example_short_circuit_decorator.py
[2025-03-09T23:24:14.944+0600] {processor.py:925} INFO - DAG(s) 'example_short_circuit_decorator' retrieved from /home/shamim/airflow_venv/lib/python3.12/site-packages/airflow/example_dags/example_short_circuit_decorator.py
[2025-03-09T23:24:14.967+0600] {logging_mixin.py:190} INFO - [2025-03-09T23:24:14.967+0600] {dag.py:3239} INFO - Sync 1 DAGs
[2025-03-09T23:24:14.982+0600] {logging_mixin.py:190} INFO - [2025-03-09T23:24:14.982+0600] {dag.py:4180} INFO - Setting next_dagrun for example_short_circuit_decorator to None, run_after=None
[2025-03-09T23:24:15.007+0600] {processor.py:208} INFO - Processing /home/shamim/airflow_venv/lib/python3.12/site-packages/airflow/example_dags/example_short_circuit_decorator.py took 0.097 seconds
[2025-03-09T23:25:38.750+0600] {processor.py:186} INFO - Started process (PID=25842) to work on /home/shamim/airflow_venv/lib/python3.12/site-packages/airflow/example_dags/example_short_circuit_decorator.py
[2025-03-09T23:25:38.753+0600] {processor.py:914} INFO - Processing file /home/shamim/airflow_venv/lib/python3.12/site-packages/airflow/example_dags/example_short_circuit_decorator.py for tasks to queue
[2025-03-09T23:25:38.757+0600] {logging_mixin.py:190} INFO - [2025-03-09T23:25:38.756+0600] {dagbag.py:588} INFO - Filling up the DagBag from /home/shamim/airflow_venv/lib/python3.12/site-packages/airflow/example_dags/example_short_circuit_decorator.py
[2025-03-09T23:25:38.773+0600] {processor.py:925} INFO - DAG(s) 'example_short_circuit_decorator' retrieved from /home/shamim/airflow_venv/lib/python3.12/site-packages/airflow/example_dags/example_short_circuit_decorator.py
[2025-03-09T23:25:38.798+0600] {logging_mixin.py:190} INFO - [2025-03-09T23:25:38.798+0600] {dag.py:3239} INFO - Sync 1 DAGs
[2025-03-09T23:25:38.814+0600] {logging_mixin.py:190} INFO - [2025-03-09T23:25:38.813+0600] {dag.py:4180} INFO - Setting next_dagrun for example_short_circuit_decorator to None, run_after=None
[2025-03-09T23:25:38.839+0600] {processor.py:208} INFO - Processing /home/shamim/airflow_venv/lib/python3.12/site-packages/airflow/example_dags/example_short_circuit_decorator.py took 0.098 seconds
[2025-03-09T23:27:11.813+0600] {processor.py:186} INFO - Started process (PID=26416) to work on /home/shamim/airflow_venv/lib/python3.12/site-packages/airflow/example_dags/example_short_circuit_decorator.py
[2025-03-09T23:27:11.817+0600] {processor.py:914} INFO - Processing file /home/shamim/airflow_venv/lib/python3.12/site-packages/airflow/example_dags/example_short_circuit_decorator.py for tasks to queue
[2025-03-09T23:27:11.821+0600] {logging_mixin.py:190} INFO - [2025-03-09T23:27:11.820+0600] {dagbag.py:588} INFO - Filling up the DagBag from /home/shamim/airflow_venv/lib/python3.12/site-packages/airflow/example_dags/example_short_circuit_decorator.py
[2025-03-09T23:27:11.840+0600] {processor.py:925} INFO - DAG(s) 'example_short_circuit_decorator' retrieved from /home/shamim/airflow_venv/lib/python3.12/site-packages/airflow/example_dags/example_short_circuit_decorator.py
[2025-03-09T23:27:11.864+0600] {logging_mixin.py:190} INFO - [2025-03-09T23:27:11.864+0600] {dag.py:3239} INFO - Sync 1 DAGs
[2025-03-09T23:27:11.880+0600] {logging_mixin.py:190} INFO - [2025-03-09T23:27:11.879+0600] {dag.py:4180} INFO - Setting next_dagrun for example_short_circuit_decorator to None, run_after=None
[2025-03-09T23:27:11.903+0600] {processor.py:208} INFO - Processing /home/shamim/airflow_venv/lib/python3.12/site-packages/airflow/example_dags/example_short_circuit_decorator.py took 0.099 seconds
[2025-03-09T23:28:47.791+0600] {processor.py:186} INFO - Started process (PID=27020) to work on /home/shamim/airflow_venv/lib/python3.12/site-packages/airflow/example_dags/example_short_circuit_decorator.py
[2025-03-09T23:28:47.797+0600] {processor.py:914} INFO - Processing file /home/shamim/airflow_venv/lib/python3.12/site-packages/airflow/example_dags/example_short_circuit_decorator.py for tasks to queue
[2025-03-09T23:28:47.800+0600] {logging_mixin.py:190} INFO - [2025-03-09T23:28:47.799+0600] {dagbag.py:588} INFO - Filling up the DagBag from /home/shamim/airflow_venv/lib/python3.12/site-packages/airflow/example_dags/example_short_circuit_decorator.py
[2025-03-09T23:28:47.818+0600] {processor.py:925} INFO - DAG(s) 'example_short_circuit_decorator' retrieved from /home/shamim/airflow_venv/lib/python3.12/site-packages/airflow/example_dags/example_short_circuit_decorator.py
[2025-03-09T23:28:47.856+0600] {logging_mixin.py:190} INFO - [2025-03-09T23:28:47.855+0600] {dag.py:3239} INFO - Sync 1 DAGs
[2025-03-09T23:28:47.880+0600] {logging_mixin.py:190} INFO - [2025-03-09T23:28:47.879+0600] {dag.py:4180} INFO - Setting next_dagrun for example_short_circuit_decorator to None, run_after=None
[2025-03-09T23:28:47.926+0600] {processor.py:208} INFO - Processing /home/shamim/airflow_venv/lib/python3.12/site-packages/airflow/example_dags/example_short_circuit_decorator.py took 0.147 seconds
[2025-03-09T23:30:21.171+0600] {processor.py:186} INFO - Started process (PID=27846) to work on /home/shamim/airflow_venv/lib/python3.12/site-packages/airflow/example_dags/example_short_circuit_decorator.py
[2025-03-09T23:30:21.174+0600] {processor.py:914} INFO - Processing file /home/shamim/airflow_venv/lib/python3.12/site-packages/airflow/example_dags/example_short_circuit_decorator.py for tasks to queue
[2025-03-09T23:30:21.177+0600] {logging_mixin.py:190} INFO - [2025-03-09T23:30:21.176+0600] {dagbag.py:588} INFO - Filling up the DagBag from /home/shamim/airflow_venv/lib/python3.12/site-packages/airflow/example_dags/example_short_circuit_decorator.py
[2025-03-09T23:30:21.190+0600] {processor.py:925} INFO - DAG(s) 'example_short_circuit_decorator' retrieved from /home/shamim/airflow_venv/lib/python3.12/site-packages/airflow/example_dags/example_short_circuit_decorator.py
[2025-03-09T23:30:21.212+0600] {logging_mixin.py:190} INFO - [2025-03-09T23:30:21.212+0600] {dag.py:3239} INFO - Sync 1 DAGs
[2025-03-09T23:30:21.227+0600] {logging_mixin.py:190} INFO - [2025-03-09T23:30:21.227+0600] {dag.py:4180} INFO - Setting next_dagrun for example_short_circuit_decorator to None, run_after=None
[2025-03-09T23:30:21.251+0600] {processor.py:208} INFO - Processing /home/shamim/airflow_venv/lib/python3.12/site-packages/airflow/example_dags/example_short_circuit_decorator.py took 0.087 seconds
[2025-03-09T23:32:11.302+0600] {processor.py:186} INFO - Started process (PID=28660) to work on /home/shamim/airflow_venv/lib/python3.12/site-packages/airflow/example_dags/example_short_circuit_decorator.py
[2025-03-09T23:32:11.308+0600] {processor.py:914} INFO - Processing file /home/shamim/airflow_venv/lib/python3.12/site-packages/airflow/example_dags/example_short_circuit_decorator.py for tasks to queue
[2025-03-09T23:32:11.311+0600] {logging_mixin.py:190} INFO - [2025-03-09T23:32:11.310+0600] {dagbag.py:588} INFO - Filling up the DagBag from /home/shamim/airflow_venv/lib/python3.12/site-packages/airflow/example_dags/example_short_circuit_decorator.py
[2025-03-09T23:32:11.325+0600] {processor.py:925} INFO - DAG(s) 'example_short_circuit_decorator' retrieved from /home/shamim/airflow_venv/lib/python3.12/site-packages/airflow/example_dags/example_short_circuit_decorator.py
[2025-03-09T23:32:11.352+0600] {logging_mixin.py:190} INFO - [2025-03-09T23:32:11.352+0600] {dag.py:3239} INFO - Sync 1 DAGs
[2025-03-09T23:32:11.370+0600] {logging_mixin.py:190} INFO - [2025-03-09T23:32:11.370+0600] {dag.py:4180} INFO - Setting next_dagrun for example_short_circuit_decorator to None, run_after=None
[2025-03-09T23:32:11.399+0600] {processor.py:208} INFO - Processing /home/shamim/airflow_venv/lib/python3.12/site-packages/airflow/example_dags/example_short_circuit_decorator.py took 0.106 seconds
[2025-03-09T23:33:51.255+0600] {processor.py:186} INFO - Started process (PID=29181) to work on /home/shamim/airflow_venv/lib/python3.12/site-packages/airflow/example_dags/example_short_circuit_decorator.py
[2025-03-09T23:33:51.257+0600] {processor.py:914} INFO - Processing file /home/shamim/airflow_venv/lib/python3.12/site-packages/airflow/example_dags/example_short_circuit_decorator.py for tasks to queue
[2025-03-09T23:33:51.261+0600] {logging_mixin.py:190} INFO - [2025-03-09T23:33:51.260+0600] {dagbag.py:588} INFO - Filling up the DagBag from /home/shamim/airflow_venv/lib/python3.12/site-packages/airflow/example_dags/example_short_circuit_decorator.py
[2025-03-09T23:33:51.275+0600] {processor.py:925} INFO - DAG(s) 'example_short_circuit_decorator' retrieved from /home/shamim/airflow_venv/lib/python3.12/site-packages/airflow/example_dags/example_short_circuit_decorator.py
[2025-03-09T23:33:51.301+0600] {logging_mixin.py:190} INFO - [2025-03-09T23:33:51.301+0600] {dag.py:3239} INFO - Sync 1 DAGs
[2025-03-09T23:33:51.320+0600] {logging_mixin.py:190} INFO - [2025-03-09T23:33:51.320+0600] {dag.py:4180} INFO - Setting next_dagrun for example_short_circuit_decorator to None, run_after=None
[2025-03-09T23:33:51.347+0600] {processor.py:208} INFO - Processing /home/shamim/airflow_venv/lib/python3.12/site-packages/airflow/example_dags/example_short_circuit_decorator.py took 0.100 seconds
[2025-03-09T23:35:20.612+0600] {processor.py:186} INFO - Started process (PID=29652) to work on /home/shamim/airflow_venv/lib/python3.12/site-packages/airflow/example_dags/example_short_circuit_decorator.py
[2025-03-09T23:35:20.618+0600] {processor.py:914} INFO - Processing file /home/shamim/airflow_venv/lib/python3.12/site-packages/airflow/example_dags/example_short_circuit_decorator.py for tasks to queue
[2025-03-09T23:35:20.621+0600] {logging_mixin.py:190} INFO - [2025-03-09T23:35:20.621+0600] {dagbag.py:588} INFO - Filling up the DagBag from /home/shamim/airflow_venv/lib/python3.12/site-packages/airflow/example_dags/example_short_circuit_decorator.py
[2025-03-09T23:35:20.636+0600] {processor.py:925} INFO - DAG(s) 'example_short_circuit_decorator' retrieved from /home/shamim/airflow_venv/lib/python3.12/site-packages/airflow/example_dags/example_short_circuit_decorator.py
[2025-03-09T23:35:20.661+0600] {logging_mixin.py:190} INFO - [2025-03-09T23:35:20.661+0600] {dag.py:3239} INFO - Sync 1 DAGs
[2025-03-09T23:35:20.678+0600] {logging_mixin.py:190} INFO - [2025-03-09T23:35:20.678+0600] {dag.py:4180} INFO - Setting next_dagrun for example_short_circuit_decorator to None, run_after=None
[2025-03-09T23:35:20.706+0600] {processor.py:208} INFO - Processing /home/shamim/airflow_venv/lib/python3.12/site-packages/airflow/example_dags/example_short_circuit_decorator.py took 0.104 seconds
[2025-03-09T23:36:49.236+0600] {processor.py:186} INFO - Started process (PID=30167) to work on /home/shamim/airflow_venv/lib/python3.12/site-packages/airflow/example_dags/example_short_circuit_decorator.py
[2025-03-09T23:36:49.241+0600] {processor.py:914} INFO - Processing file /home/shamim/airflow_venv/lib/python3.12/site-packages/airflow/example_dags/example_short_circuit_decorator.py for tasks to queue
[2025-03-09T23:36:49.244+0600] {logging_mixin.py:190} INFO - [2025-03-09T23:36:49.243+0600] {dagbag.py:588} INFO - Filling up the DagBag from /home/shamim/airflow_venv/lib/python3.12/site-packages/airflow/example_dags/example_short_circuit_decorator.py
[2025-03-09T23:36:49.262+0600] {processor.py:925} INFO - DAG(s) 'example_short_circuit_decorator' retrieved from /home/shamim/airflow_venv/lib/python3.12/site-packages/airflow/example_dags/example_short_circuit_decorator.py
[2025-03-09T23:36:49.287+0600] {logging_mixin.py:190} INFO - [2025-03-09T23:36:49.287+0600] {dag.py:3239} INFO - Sync 1 DAGs
[2025-03-09T23:36:49.303+0600] {logging_mixin.py:190} INFO - [2025-03-09T23:36:49.302+0600] {dag.py:4180} INFO - Setting next_dagrun for example_short_circuit_decorator to None, run_after=None
[2025-03-09T23:36:49.326+0600] {processor.py:208} INFO - Processing /home/shamim/airflow_venv/lib/python3.12/site-packages/airflow/example_dags/example_short_circuit_decorator.py took 0.100 seconds
[2025-03-09T23:38:11.237+0600] {processor.py:186} INFO - Started process (PID=30700) to work on /home/shamim/airflow_venv/lib/python3.12/site-packages/airflow/example_dags/example_short_circuit_decorator.py
[2025-03-09T23:38:11.245+0600] {processor.py:914} INFO - Processing file /home/shamim/airflow_venv/lib/python3.12/site-packages/airflow/example_dags/example_short_circuit_decorator.py for tasks to queue
[2025-03-09T23:38:11.250+0600] {logging_mixin.py:190} INFO - [2025-03-09T23:38:11.249+0600] {dagbag.py:588} INFO - Filling up the DagBag from /home/shamim/airflow_venv/lib/python3.12/site-packages/airflow/example_dags/example_short_circuit_decorator.py
[2025-03-09T23:38:11.281+0600] {processor.py:925} INFO - DAG(s) 'example_short_circuit_decorator' retrieved from /home/shamim/airflow_venv/lib/python3.12/site-packages/airflow/example_dags/example_short_circuit_decorator.py
[2025-03-09T23:38:11.314+0600] {logging_mixin.py:190} INFO - [2025-03-09T23:38:11.313+0600] {dag.py:3239} INFO - Sync 1 DAGs
[2025-03-09T23:38:11.329+0600] {logging_mixin.py:190} INFO - [2025-03-09T23:38:11.329+0600] {dag.py:4180} INFO - Setting next_dagrun for example_short_circuit_decorator to None, run_after=None
[2025-03-09T23:38:11.357+0600] {processor.py:208} INFO - Processing /home/shamim/airflow_venv/lib/python3.12/site-packages/airflow/example_dags/example_short_circuit_decorator.py took 0.138 seconds
[2025-03-09T23:40:15.965+0600] {processor.py:186} INFO - Started process (PID=31867) to work on /home/shamim/airflow_venv/lib/python3.12/site-packages/airflow/example_dags/example_short_circuit_decorator.py
[2025-03-09T23:40:15.971+0600] {processor.py:914} INFO - Processing file /home/shamim/airflow_venv/lib/python3.12/site-packages/airflow/example_dags/example_short_circuit_decorator.py for tasks to queue
[2025-03-09T23:40:15.973+0600] {logging_mixin.py:190} INFO - [2025-03-09T23:40:15.973+0600] {dagbag.py:588} INFO - Filling up the DagBag from /home/shamim/airflow_venv/lib/python3.12/site-packages/airflow/example_dags/example_short_circuit_decorator.py
[2025-03-09T23:40:15.986+0600] {processor.py:925} INFO - DAG(s) 'example_short_circuit_decorator' retrieved from /home/shamim/airflow_venv/lib/python3.12/site-packages/airflow/example_dags/example_short_circuit_decorator.py
[2025-03-09T23:40:16.011+0600] {logging_mixin.py:190} INFO - [2025-03-09T23:40:16.011+0600] {dag.py:3239} INFO - Sync 1 DAGs
[2025-03-09T23:40:16.028+0600] {logging_mixin.py:190} INFO - [2025-03-09T23:40:16.028+0600] {dag.py:4180} INFO - Setting next_dagrun for example_short_circuit_decorator to None, run_after=None
[2025-03-09T23:40:16.068+0600] {processor.py:208} INFO - Processing /home/shamim/airflow_venv/lib/python3.12/site-packages/airflow/example_dags/example_short_circuit_decorator.py took 0.110 seconds
[2025-03-09T23:41:53.099+0600] {processor.py:186} INFO - Started process (PID=32359) to work on /home/shamim/airflow_venv/lib/python3.12/site-packages/airflow/example_dags/example_short_circuit_decorator.py
[2025-03-09T23:41:53.101+0600] {processor.py:914} INFO - Processing file /home/shamim/airflow_venv/lib/python3.12/site-packages/airflow/example_dags/example_short_circuit_decorator.py for tasks to queue
[2025-03-09T23:41:53.103+0600] {logging_mixin.py:190} INFO - [2025-03-09T23:41:53.103+0600] {dagbag.py:588} INFO - Filling up the DagBag from /home/shamim/airflow_venv/lib/python3.12/site-packages/airflow/example_dags/example_short_circuit_decorator.py
[2025-03-09T23:41:53.120+0600] {processor.py:925} INFO - DAG(s) 'example_short_circuit_decorator' retrieved from /home/shamim/airflow_venv/lib/python3.12/site-packages/airflow/example_dags/example_short_circuit_decorator.py
[2025-03-09T23:41:53.156+0600] {logging_mixin.py:190} INFO - [2025-03-09T23:41:53.156+0600] {dag.py:3239} INFO - Sync 1 DAGs
[2025-03-09T23:41:53.176+0600] {logging_mixin.py:190} INFO - [2025-03-09T23:41:53.176+0600] {dag.py:4180} INFO - Setting next_dagrun for example_short_circuit_decorator to None, run_after=None
[2025-03-09T23:41:53.201+0600] {processor.py:208} INFO - Processing /home/shamim/airflow_venv/lib/python3.12/site-packages/airflow/example_dags/example_short_circuit_decorator.py took 0.110 seconds
[2025-03-09T23:43:24.058+0600] {processor.py:186} INFO - Started process (PID=32860) to work on /home/shamim/airflow_venv/lib/python3.12/site-packages/airflow/example_dags/example_short_circuit_decorator.py
[2025-03-09T23:43:24.062+0600] {processor.py:914} INFO - Processing file /home/shamim/airflow_venv/lib/python3.12/site-packages/airflow/example_dags/example_short_circuit_decorator.py for tasks to queue
[2025-03-09T23:43:24.066+0600] {logging_mixin.py:190} INFO - [2025-03-09T23:43:24.066+0600] {dagbag.py:588} INFO - Filling up the DagBag from /home/shamim/airflow_venv/lib/python3.12/site-packages/airflow/example_dags/example_short_circuit_decorator.py
[2025-03-09T23:43:24.084+0600] {processor.py:925} INFO - DAG(s) 'example_short_circuit_decorator' retrieved from /home/shamim/airflow_venv/lib/python3.12/site-packages/airflow/example_dags/example_short_circuit_decorator.py
[2025-03-09T23:43:24.111+0600] {logging_mixin.py:190} INFO - [2025-03-09T23:43:24.111+0600] {dag.py:3239} INFO - Sync 1 DAGs
[2025-03-09T23:43:24.127+0600] {logging_mixin.py:190} INFO - [2025-03-09T23:43:24.126+0600] {dag.py:4180} INFO - Setting next_dagrun for example_short_circuit_decorator to None, run_after=None
[2025-03-09T23:43:24.150+0600] {processor.py:208} INFO - Processing /home/shamim/airflow_venv/lib/python3.12/site-packages/airflow/example_dags/example_short_circuit_decorator.py took 0.102 seconds
[2025-03-09T23:44:53.719+0600] {processor.py:186} INFO - Started process (PID=33593) to work on /home/shamim/airflow_venv/lib/python3.12/site-packages/airflow/example_dags/example_short_circuit_decorator.py
[2025-03-09T23:44:53.726+0600] {processor.py:914} INFO - Processing file /home/shamim/airflow_venv/lib/python3.12/site-packages/airflow/example_dags/example_short_circuit_decorator.py for tasks to queue
[2025-03-09T23:44:53.731+0600] {logging_mixin.py:190} INFO - [2025-03-09T23:44:53.730+0600] {dagbag.py:588} INFO - Filling up the DagBag from /home/shamim/airflow_venv/lib/python3.12/site-packages/airflow/example_dags/example_short_circuit_decorator.py
[2025-03-09T23:44:53.754+0600] {processor.py:925} INFO - DAG(s) 'example_short_circuit_decorator' retrieved from /home/shamim/airflow_venv/lib/python3.12/site-packages/airflow/example_dags/example_short_circuit_decorator.py
[2025-03-09T23:44:53.800+0600] {logging_mixin.py:190} INFO - [2025-03-09T23:44:53.799+0600] {dag.py:3239} INFO - Sync 1 DAGs
[2025-03-09T23:44:53.830+0600] {logging_mixin.py:190} INFO - [2025-03-09T23:44:53.829+0600] {dag.py:4180} INFO - Setting next_dagrun for example_short_circuit_decorator to None, run_after=None
[2025-03-09T23:44:53.880+0600] {processor.py:208} INFO - Processing /home/shamim/airflow_venv/lib/python3.12/site-packages/airflow/example_dags/example_short_circuit_decorator.py took 0.172 seconds
[2025-03-09T23:46:07.453+0600] {processor.py:186} INFO - Started process (PID=34077) to work on /home/shamim/airflow_venv/lib/python3.12/site-packages/airflow/example_dags/example_short_circuit_decorator.py
[2025-03-09T23:46:07.459+0600] {processor.py:914} INFO - Processing file /home/shamim/airflow_venv/lib/python3.12/site-packages/airflow/example_dags/example_short_circuit_decorator.py for tasks to queue
[2025-03-09T23:46:07.462+0600] {logging_mixin.py:190} INFO - [2025-03-09T23:46:07.461+0600] {dagbag.py:588} INFO - Filling up the DagBag from /home/shamim/airflow_venv/lib/python3.12/site-packages/airflow/example_dags/example_short_circuit_decorator.py
[2025-03-09T23:46:07.474+0600] {processor.py:925} INFO - DAG(s) 'example_short_circuit_decorator' retrieved from /home/shamim/airflow_venv/lib/python3.12/site-packages/airflow/example_dags/example_short_circuit_decorator.py
[2025-03-09T23:46:07.496+0600] {logging_mixin.py:190} INFO - [2025-03-09T23:46:07.496+0600] {dag.py:3239} INFO - Sync 1 DAGs
[2025-03-09T23:46:07.512+0600] {logging_mixin.py:190} INFO - [2025-03-09T23:46:07.511+0600] {dag.py:4180} INFO - Setting next_dagrun for example_short_circuit_decorator to None, run_after=None
[2025-03-09T23:46:07.554+0600] {processor.py:208} INFO - Processing /home/shamim/airflow_venv/lib/python3.12/site-packages/airflow/example_dags/example_short_circuit_decorator.py took 0.108 seconds
[2025-03-09T23:47:15.221+0600] {processor.py:186} INFO - Started process (PID=34376) to work on /home/shamim/airflow_venv/lib/python3.12/site-packages/airflow/example_dags/example_short_circuit_decorator.py
[2025-03-09T23:47:15.227+0600] {processor.py:914} INFO - Processing file /home/shamim/airflow_venv/lib/python3.12/site-packages/airflow/example_dags/example_short_circuit_decorator.py for tasks to queue
[2025-03-09T23:47:15.230+0600] {logging_mixin.py:190} INFO - [2025-03-09T23:47:15.229+0600] {dagbag.py:588} INFO - Filling up the DagBag from /home/shamim/airflow_venv/lib/python3.12/site-packages/airflow/example_dags/example_short_circuit_decorator.py
[2025-03-09T23:47:15.243+0600] {processor.py:925} INFO - DAG(s) 'example_short_circuit_decorator' retrieved from /home/shamim/airflow_venv/lib/python3.12/site-packages/airflow/example_dags/example_short_circuit_decorator.py
[2025-03-09T23:47:15.266+0600] {logging_mixin.py:190} INFO - [2025-03-09T23:47:15.266+0600] {dag.py:3239} INFO - Sync 1 DAGs
[2025-03-09T23:47:15.286+0600] {logging_mixin.py:190} INFO - [2025-03-09T23:47:15.285+0600] {dag.py:4180} INFO - Setting next_dagrun for example_short_circuit_decorator to None, run_after=None
[2025-03-09T23:47:15.324+0600] {processor.py:208} INFO - Processing /home/shamim/airflow_venv/lib/python3.12/site-packages/airflow/example_dags/example_short_circuit_decorator.py took 0.110 seconds
[2025-03-09T23:49:29.039+0600] {processor.py:186} INFO - Started process (PID=35342) to work on /home/shamim/airflow_venv/lib/python3.12/site-packages/airflow/example_dags/example_short_circuit_decorator.py
[2025-03-09T23:49:29.047+0600] {processor.py:914} INFO - Processing file /home/shamim/airflow_venv/lib/python3.12/site-packages/airflow/example_dags/example_short_circuit_decorator.py for tasks to queue
[2025-03-09T23:49:29.056+0600] {logging_mixin.py:190} INFO - [2025-03-09T23:49:29.055+0600] {dagbag.py:588} INFO - Filling up the DagBag from /home/shamim/airflow_venv/lib/python3.12/site-packages/airflow/example_dags/example_short_circuit_decorator.py
[2025-03-09T23:49:29.084+0600] {processor.py:925} INFO - DAG(s) 'example_short_circuit_decorator' retrieved from /home/shamim/airflow_venv/lib/python3.12/site-packages/airflow/example_dags/example_short_circuit_decorator.py
[2025-03-09T23:49:29.122+0600] {logging_mixin.py:190} INFO - [2025-03-09T23:49:29.122+0600] {dag.py:3239} INFO - Sync 1 DAGs
[2025-03-09T23:49:29.139+0600] {logging_mixin.py:190} INFO - [2025-03-09T23:49:29.138+0600] {dag.py:4180} INFO - Setting next_dagrun for example_short_circuit_decorator to None, run_after=None
[2025-03-09T23:49:29.176+0600] {processor.py:208} INFO - Processing /home/shamim/airflow_venv/lib/python3.12/site-packages/airflow/example_dags/example_short_circuit_decorator.py took 0.165 seconds
[2025-03-09T23:51:41.047+0600] {processor.py:186} INFO - Started process (PID=36334) to work on /home/shamim/airflow_venv/lib/python3.12/site-packages/airflow/example_dags/example_short_circuit_decorator.py
[2025-03-09T23:51:41.050+0600] {processor.py:914} INFO - Processing file /home/shamim/airflow_venv/lib/python3.12/site-packages/airflow/example_dags/example_short_circuit_decorator.py for tasks to queue
[2025-03-09T23:51:41.053+0600] {logging_mixin.py:190} INFO - [2025-03-09T23:51:41.052+0600] {dagbag.py:588} INFO - Filling up the DagBag from /home/shamim/airflow_venv/lib/python3.12/site-packages/airflow/example_dags/example_short_circuit_decorator.py
[2025-03-09T23:51:41.066+0600] {processor.py:925} INFO - DAG(s) 'example_short_circuit_decorator' retrieved from /home/shamim/airflow_venv/lib/python3.12/site-packages/airflow/example_dags/example_short_circuit_decorator.py
[2025-03-09T23:51:41.089+0600] {logging_mixin.py:190} INFO - [2025-03-09T23:51:41.089+0600] {dag.py:3239} INFO - Sync 1 DAGs
[2025-03-09T23:51:41.106+0600] {logging_mixin.py:190} INFO - [2025-03-09T23:51:41.106+0600] {dag.py:4180} INFO - Setting next_dagrun for example_short_circuit_decorator to None, run_after=None
[2025-03-09T23:51:41.137+0600] {processor.py:208} INFO - Processing /home/shamim/airflow_venv/lib/python3.12/site-packages/airflow/example_dags/example_short_circuit_decorator.py took 0.099 seconds
[2025-03-09T23:53:10.794+0600] {processor.py:186} INFO - Started process (PID=36826) to work on /home/shamim/airflow_venv/lib/python3.12/site-packages/airflow/example_dags/example_short_circuit_decorator.py
[2025-03-09T23:53:10.795+0600] {processor.py:914} INFO - Processing file /home/shamim/airflow_venv/lib/python3.12/site-packages/airflow/example_dags/example_short_circuit_decorator.py for tasks to queue
[2025-03-09T23:53:10.800+0600] {logging_mixin.py:190} INFO - [2025-03-09T23:53:10.800+0600] {dagbag.py:588} INFO - Filling up the DagBag from /home/shamim/airflow_venv/lib/python3.12/site-packages/airflow/example_dags/example_short_circuit_decorator.py
[2025-03-09T23:53:10.822+0600] {processor.py:925} INFO - DAG(s) 'example_short_circuit_decorator' retrieved from /home/shamim/airflow_venv/lib/python3.12/site-packages/airflow/example_dags/example_short_circuit_decorator.py
[2025-03-09T23:53:10.882+0600] {logging_mixin.py:190} INFO - [2025-03-09T23:53:10.881+0600] {dag.py:3239} INFO - Sync 1 DAGs
[2025-03-09T23:53:10.910+0600] {logging_mixin.py:190} INFO - [2025-03-09T23:53:10.910+0600] {dag.py:4180} INFO - Setting next_dagrun for example_short_circuit_decorator to None, run_after=None
[2025-03-09T23:53:10.951+0600] {processor.py:208} INFO - Processing /home/shamim/airflow_venv/lib/python3.12/site-packages/airflow/example_dags/example_short_circuit_decorator.py took 0.172 seconds
[2025-03-09T23:54:40.721+0600] {processor.py:186} INFO - Started process (PID=37746) to work on /home/shamim/airflow_venv/lib/python3.12/site-packages/airflow/example_dags/example_short_circuit_decorator.py
[2025-03-09T23:54:40.727+0600] {processor.py:914} INFO - Processing file /home/shamim/airflow_venv/lib/python3.12/site-packages/airflow/example_dags/example_short_circuit_decorator.py for tasks to queue
[2025-03-09T23:54:40.730+0600] {logging_mixin.py:190} INFO - [2025-03-09T23:54:40.729+0600] {dagbag.py:588} INFO - Filling up the DagBag from /home/shamim/airflow_venv/lib/python3.12/site-packages/airflow/example_dags/example_short_circuit_decorator.py
[2025-03-09T23:54:40.743+0600] {processor.py:925} INFO - DAG(s) 'example_short_circuit_decorator' retrieved from /home/shamim/airflow_venv/lib/python3.12/site-packages/airflow/example_dags/example_short_circuit_decorator.py
[2025-03-09T23:54:40.766+0600] {logging_mixin.py:190} INFO - [2025-03-09T23:54:40.766+0600] {dag.py:3239} INFO - Sync 1 DAGs
[2025-03-09T23:54:40.782+0600] {logging_mixin.py:190} INFO - [2025-03-09T23:54:40.782+0600] {dag.py:4180} INFO - Setting next_dagrun for example_short_circuit_decorator to None, run_after=None
[2025-03-09T23:54:40.808+0600] {processor.py:208} INFO - Processing /home/shamim/airflow_venv/lib/python3.12/site-packages/airflow/example_dags/example_short_circuit_decorator.py took 0.096 seconds
[2025-03-09T23:56:16.830+0600] {processor.py:186} INFO - Started process (PID=38274) to work on /home/shamim/airflow_venv/lib/python3.12/site-packages/airflow/example_dags/example_short_circuit_decorator.py
[2025-03-09T23:56:16.834+0600] {processor.py:914} INFO - Processing file /home/shamim/airflow_venv/lib/python3.12/site-packages/airflow/example_dags/example_short_circuit_decorator.py for tasks to queue
[2025-03-09T23:56:16.837+0600] {logging_mixin.py:190} INFO - [2025-03-09T23:56:16.836+0600] {dagbag.py:588} INFO - Filling up the DagBag from /home/shamim/airflow_venv/lib/python3.12/site-packages/airflow/example_dags/example_short_circuit_decorator.py
[2025-03-09T23:56:16.854+0600] {processor.py:925} INFO - DAG(s) 'example_short_circuit_decorator' retrieved from /home/shamim/airflow_venv/lib/python3.12/site-packages/airflow/example_dags/example_short_circuit_decorator.py
[2025-03-09T23:56:16.883+0600] {logging_mixin.py:190} INFO - [2025-03-09T23:56:16.883+0600] {dag.py:3239} INFO - Sync 1 DAGs
[2025-03-09T23:56:16.903+0600] {logging_mixin.py:190} INFO - [2025-03-09T23:56:16.903+0600] {dag.py:4180} INFO - Setting next_dagrun for example_short_circuit_decorator to None, run_after=None
[2025-03-09T23:56:16.929+0600] {processor.py:208} INFO - Processing /home/shamim/airflow_venv/lib/python3.12/site-packages/airflow/example_dags/example_short_circuit_decorator.py took 0.109 seconds
[2025-03-09T23:57:48.292+0600] {processor.py:186} INFO - Started process (PID=38811) to work on /home/shamim/airflow_venv/lib/python3.12/site-packages/airflow/example_dags/example_short_circuit_decorator.py
[2025-03-09T23:57:48.298+0600] {processor.py:914} INFO - Processing file /home/shamim/airflow_venv/lib/python3.12/site-packages/airflow/example_dags/example_short_circuit_decorator.py for tasks to queue
[2025-03-09T23:57:48.302+0600] {logging_mixin.py:190} INFO - [2025-03-09T23:57:48.301+0600] {dagbag.py:588} INFO - Filling up the DagBag from /home/shamim/airflow_venv/lib/python3.12/site-packages/airflow/example_dags/example_short_circuit_decorator.py
[2025-03-09T23:57:48.318+0600] {processor.py:925} INFO - DAG(s) 'example_short_circuit_decorator' retrieved from /home/shamim/airflow_venv/lib/python3.12/site-packages/airflow/example_dags/example_short_circuit_decorator.py
[2025-03-09T23:57:48.347+0600] {logging_mixin.py:190} INFO - [2025-03-09T23:57:48.347+0600] {dag.py:3239} INFO - Sync 1 DAGs
[2025-03-09T23:57:48.369+0600] {logging_mixin.py:190} INFO - [2025-03-09T23:57:48.368+0600] {dag.py:4180} INFO - Setting next_dagrun for example_short_circuit_decorator to None, run_after=None
[2025-03-09T23:57:48.400+0600] {processor.py:208} INFO - Processing /home/shamim/airflow_venv/lib/python3.12/site-packages/airflow/example_dags/example_short_circuit_decorator.py took 0.119 seconds
[2025-03-09T23:59:31.545+0600] {processor.py:186} INFO - Started process (PID=39452) to work on /home/shamim/airflow_venv/lib/python3.12/site-packages/airflow/example_dags/example_short_circuit_decorator.py
[2025-03-09T23:59:31.552+0600] {processor.py:914} INFO - Processing file /home/shamim/airflow_venv/lib/python3.12/site-packages/airflow/example_dags/example_short_circuit_decorator.py for tasks to queue
[2025-03-09T23:59:31.556+0600] {logging_mixin.py:190} INFO - [2025-03-09T23:59:31.555+0600] {dagbag.py:588} INFO - Filling up the DagBag from /home/shamim/airflow_venv/lib/python3.12/site-packages/airflow/example_dags/example_short_circuit_decorator.py
[2025-03-09T23:59:31.573+0600] {processor.py:925} INFO - DAG(s) 'example_short_circuit_decorator' retrieved from /home/shamim/airflow_venv/lib/python3.12/site-packages/airflow/example_dags/example_short_circuit_decorator.py
[2025-03-09T23:59:31.613+0600] {logging_mixin.py:190} INFO - [2025-03-09T23:59:31.613+0600] {dag.py:3239} INFO - Sync 1 DAGs
[2025-03-09T23:59:31.636+0600] {logging_mixin.py:190} INFO - [2025-03-09T23:59:31.636+0600] {dag.py:4180} INFO - Setting next_dagrun for example_short_circuit_decorator to None, run_after=None
[2025-03-09T23:59:31.671+0600] {processor.py:208} INFO - Processing /home/shamim/airflow_venv/lib/python3.12/site-packages/airflow/example_dags/example_short_circuit_decorator.py took 0.147 seconds
[2025-03-10T00:00:44.306+0600] {processor.py:186} INFO - Started process (PID=39905) to work on /home/shamim/airflow_venv/lib/python3.12/site-packages/airflow/example_dags/example_short_circuit_decorator.py
[2025-03-10T00:00:44.313+0600] {processor.py:914} INFO - Processing file /home/shamim/airflow_venv/lib/python3.12/site-packages/airflow/example_dags/example_short_circuit_decorator.py for tasks to queue
[2025-03-10T00:00:44.316+0600] {logging_mixin.py:190} INFO - [2025-03-10T00:00:44.315+0600] {dagbag.py:588} INFO - Filling up the DagBag from /home/shamim/airflow_venv/lib/python3.12/site-packages/airflow/example_dags/example_short_circuit_decorator.py
[2025-03-10T00:00:44.329+0600] {processor.py:925} INFO - DAG(s) 'example_short_circuit_decorator' retrieved from /home/shamim/airflow_venv/lib/python3.12/site-packages/airflow/example_dags/example_short_circuit_decorator.py
[2025-03-10T00:00:44.356+0600] {logging_mixin.py:190} INFO - [2025-03-10T00:00:44.355+0600] {dag.py:3239} INFO - Sync 1 DAGs
[2025-03-10T00:00:44.373+0600] {logging_mixin.py:190} INFO - [2025-03-10T00:00:44.373+0600] {dag.py:4180} INFO - Setting next_dagrun for example_short_circuit_decorator to None, run_after=None
[2025-03-10T00:00:44.399+0600] {processor.py:208} INFO - Processing /home/shamim/airflow_venv/lib/python3.12/site-packages/airflow/example_dags/example_short_circuit_decorator.py took 0.102 seconds
[2025-03-10T00:02:31.539+0600] {processor.py:186} INFO - Started process (PID=40407) to work on /home/shamim/airflow_venv/lib/python3.12/site-packages/airflow/example_dags/example_short_circuit_decorator.py
[2025-03-10T00:02:31.548+0600] {processor.py:914} INFO - Processing file /home/shamim/airflow_venv/lib/python3.12/site-packages/airflow/example_dags/example_short_circuit_decorator.py for tasks to queue
[2025-03-10T00:02:31.557+0600] {logging_mixin.py:190} INFO - [2025-03-10T00:02:31.557+0600] {dagbag.py:588} INFO - Filling up the DagBag from /home/shamim/airflow_venv/lib/python3.12/site-packages/airflow/example_dags/example_short_circuit_decorator.py
[2025-03-10T00:02:31.580+0600] {processor.py:925} INFO - DAG(s) 'example_short_circuit_decorator' retrieved from /home/shamim/airflow_venv/lib/python3.12/site-packages/airflow/example_dags/example_short_circuit_decorator.py
[2025-03-10T00:02:31.605+0600] {logging_mixin.py:190} INFO - [2025-03-10T00:02:31.605+0600] {dag.py:3239} INFO - Sync 1 DAGs
[2025-03-10T00:02:31.625+0600] {logging_mixin.py:190} INFO - [2025-03-10T00:02:31.625+0600] {dag.py:4180} INFO - Setting next_dagrun for example_short_circuit_decorator to None, run_after=None
[2025-03-10T00:02:31.660+0600] {processor.py:208} INFO - Processing /home/shamim/airflow_venv/lib/python3.12/site-packages/airflow/example_dags/example_short_circuit_decorator.py took 0.158 seconds
[2025-03-10T00:04:28.679+0600] {processor.py:186} INFO - Started process (PID=40978) to work on /home/shamim/airflow_venv/lib/python3.12/site-packages/airflow/example_dags/example_short_circuit_decorator.py
[2025-03-10T00:04:28.685+0600] {processor.py:914} INFO - Processing file /home/shamim/airflow_venv/lib/python3.12/site-packages/airflow/example_dags/example_short_circuit_decorator.py for tasks to queue
[2025-03-10T00:04:28.689+0600] {logging_mixin.py:190} INFO - [2025-03-10T00:04:28.688+0600] {dagbag.py:588} INFO - Filling up the DagBag from /home/shamim/airflow_venv/lib/python3.12/site-packages/airflow/example_dags/example_short_circuit_decorator.py
[2025-03-10T00:04:28.703+0600] {processor.py:925} INFO - DAG(s) 'example_short_circuit_decorator' retrieved from /home/shamim/airflow_venv/lib/python3.12/site-packages/airflow/example_dags/example_short_circuit_decorator.py
[2025-03-10T00:04:28.728+0600] {logging_mixin.py:190} INFO - [2025-03-10T00:04:28.728+0600] {dag.py:3239} INFO - Sync 1 DAGs
[2025-03-10T00:04:28.748+0600] {logging_mixin.py:190} INFO - [2025-03-10T00:04:28.747+0600] {dag.py:4180} INFO - Setting next_dagrun for example_short_circuit_decorator to None, run_after=None
[2025-03-10T00:04:28.792+0600] {processor.py:208} INFO - Processing /home/shamim/airflow_venv/lib/python3.12/site-packages/airflow/example_dags/example_short_circuit_decorator.py took 0.122 seconds
[2025-03-10T00:06:22.111+0600] {processor.py:186} INFO - Started process (PID=41491) to work on /home/shamim/airflow_venv/lib/python3.12/site-packages/airflow/example_dags/example_short_circuit_decorator.py
[2025-03-10T00:06:22.113+0600] {processor.py:914} INFO - Processing file /home/shamim/airflow_venv/lib/python3.12/site-packages/airflow/example_dags/example_short_circuit_decorator.py for tasks to queue
[2025-03-10T00:06:22.119+0600] {logging_mixin.py:190} INFO - [2025-03-10T00:06:22.118+0600] {dagbag.py:588} INFO - Filling up the DagBag from /home/shamim/airflow_venv/lib/python3.12/site-packages/airflow/example_dags/example_short_circuit_decorator.py
[2025-03-10T00:06:22.147+0600] {processor.py:925} INFO - DAG(s) 'example_short_circuit_decorator' retrieved from /home/shamim/airflow_venv/lib/python3.12/site-packages/airflow/example_dags/example_short_circuit_decorator.py
[2025-03-10T00:06:22.175+0600] {logging_mixin.py:190} INFO - [2025-03-10T00:06:22.175+0600] {dag.py:3239} INFO - Sync 1 DAGs
[2025-03-10T00:06:22.193+0600] {logging_mixin.py:190} INFO - [2025-03-10T00:06:22.193+0600] {dag.py:4180} INFO - Setting next_dagrun for example_short_circuit_decorator to None, run_after=None
[2025-03-10T00:06:22.230+0600] {processor.py:208} INFO - Processing /home/shamim/airflow_venv/lib/python3.12/site-packages/airflow/example_dags/example_short_circuit_decorator.py took 0.141 seconds
[2025-03-10T00:12:07.210+0600] {processor.py:186} INFO - Started process (PID=44477) to work on /home/shamim/airflow_venv/lib/python3.12/site-packages/airflow/example_dags/example_short_circuit_decorator.py
[2025-03-10T00:12:07.216+0600] {processor.py:914} INFO - Processing file /home/shamim/airflow_venv/lib/python3.12/site-packages/airflow/example_dags/example_short_circuit_decorator.py for tasks to queue
[2025-03-10T00:12:07.217+0600] {logging_mixin.py:190} INFO - [2025-03-10T00:12:07.217+0600] {dagbag.py:588} INFO - Filling up the DagBag from /home/shamim/airflow_venv/lib/python3.12/site-packages/airflow/example_dags/example_short_circuit_decorator.py
[2025-03-10T00:12:07.227+0600] {processor.py:925} INFO - DAG(s) 'example_short_circuit_decorator' retrieved from /home/shamim/airflow_venv/lib/python3.12/site-packages/airflow/example_dags/example_short_circuit_decorator.py
[2025-03-10T00:12:07.254+0600] {logging_mixin.py:190} INFO - [2025-03-10T00:12:07.253+0600] {dag.py:3239} INFO - Sync 1 DAGs
[2025-03-10T00:12:07.268+0600] {logging_mixin.py:190} INFO - [2025-03-10T00:12:07.268+0600] {dag.py:4180} INFO - Setting next_dagrun for example_short_circuit_decorator to None, run_after=None
[2025-03-10T00:12:07.302+0600] {processor.py:208} INFO - Processing /home/shamim/airflow_venv/lib/python3.12/site-packages/airflow/example_dags/example_short_circuit_decorator.py took 0.100 seconds
[2025-03-10T00:13:20.042+0600] {processor.py:186} INFO - Started process (PID=45571) to work on /home/shamim/airflow_venv/lib/python3.12/site-packages/airflow/example_dags/example_short_circuit_decorator.py
[2025-03-10T00:13:20.049+0600] {processor.py:914} INFO - Processing file /home/shamim/airflow_venv/lib/python3.12/site-packages/airflow/example_dags/example_short_circuit_decorator.py for tasks to queue
[2025-03-10T00:13:20.051+0600] {logging_mixin.py:190} INFO - [2025-03-10T00:13:20.051+0600] {dagbag.py:588} INFO - Filling up the DagBag from /home/shamim/airflow_venv/lib/python3.12/site-packages/airflow/example_dags/example_short_circuit_decorator.py
[2025-03-10T00:13:20.065+0600] {processor.py:925} INFO - DAG(s) 'example_short_circuit_decorator' retrieved from /home/shamim/airflow_venv/lib/python3.12/site-packages/airflow/example_dags/example_short_circuit_decorator.py
[2025-03-10T00:13:20.091+0600] {logging_mixin.py:190} INFO - [2025-03-10T00:13:20.091+0600] {dag.py:3239} INFO - Sync 1 DAGs
[2025-03-10T00:13:20.107+0600] {logging_mixin.py:190} INFO - [2025-03-10T00:13:20.106+0600] {dag.py:4180} INFO - Setting next_dagrun for example_short_circuit_decorator to None, run_after=None
[2025-03-10T00:13:20.146+0600] {processor.py:208} INFO - Processing /home/shamim/airflow_venv/lib/python3.12/site-packages/airflow/example_dags/example_short_circuit_decorator.py took 0.112 seconds
[2025-03-10T00:14:44.010+0600] {processor.py:186} INFO - Started process (PID=46035) to work on /home/shamim/airflow_venv/lib/python3.12/site-packages/airflow/example_dags/example_short_circuit_decorator.py
[2025-03-10T00:14:44.017+0600] {processor.py:914} INFO - Processing file /home/shamim/airflow_venv/lib/python3.12/site-packages/airflow/example_dags/example_short_circuit_decorator.py for tasks to queue
[2025-03-10T00:14:44.018+0600] {logging_mixin.py:190} INFO - [2025-03-10T00:14:44.017+0600] {dagbag.py:588} INFO - Filling up the DagBag from /home/shamim/airflow_venv/lib/python3.12/site-packages/airflow/example_dags/example_short_circuit_decorator.py
[2025-03-10T00:14:44.031+0600] {processor.py:925} INFO - DAG(s) 'example_short_circuit_decorator' retrieved from /home/shamim/airflow_venv/lib/python3.12/site-packages/airflow/example_dags/example_short_circuit_decorator.py
[2025-03-10T00:14:44.059+0600] {logging_mixin.py:190} INFO - [2025-03-10T00:14:44.059+0600] {dag.py:3239} INFO - Sync 1 DAGs
[2025-03-10T00:14:44.075+0600] {logging_mixin.py:190} INFO - [2025-03-10T00:14:44.075+0600] {dag.py:4180} INFO - Setting next_dagrun for example_short_circuit_decorator to None, run_after=None
[2025-03-10T00:14:44.117+0600] {processor.py:208} INFO - Processing /home/shamim/airflow_venv/lib/python3.12/site-packages/airflow/example_dags/example_short_circuit_decorator.py took 0.114 seconds
[2025-03-10T00:28:36.065+0600] {processor.py:186} INFO - Started process (PID=47959) to work on /home/shamim/airflow_venv/lib/python3.12/site-packages/airflow/example_dags/example_short_circuit_decorator.py
[2025-03-10T00:28:36.069+0600] {processor.py:914} INFO - Processing file /home/shamim/airflow_venv/lib/python3.12/site-packages/airflow/example_dags/example_short_circuit_decorator.py for tasks to queue
[2025-03-10T00:28:36.070+0600] {logging_mixin.py:190} INFO - [2025-03-10T00:28:36.070+0600] {dagbag.py:588} INFO - Filling up the DagBag from /home/shamim/airflow_venv/lib/python3.12/site-packages/airflow/example_dags/example_short_circuit_decorator.py
[2025-03-10T00:28:36.081+0600] {processor.py:925} INFO - DAG(s) 'example_short_circuit_decorator' retrieved from /home/shamim/airflow_venv/lib/python3.12/site-packages/airflow/example_dags/example_short_circuit_decorator.py
[2025-03-10T00:28:36.109+0600] {logging_mixin.py:190} INFO - [2025-03-10T00:28:36.108+0600] {dag.py:3239} INFO - Sync 1 DAGs
[2025-03-10T00:28:36.125+0600] {logging_mixin.py:190} INFO - [2025-03-10T00:28:36.125+0600] {dag.py:4180} INFO - Setting next_dagrun for example_short_circuit_decorator to None, run_after=None
[2025-03-10T00:28:36.148+0600] {processor.py:208} INFO - Processing /home/shamim/airflow_venv/lib/python3.12/site-packages/airflow/example_dags/example_short_circuit_decorator.py took 0.089 seconds
[2025-03-10T00:30:03.166+0600] {processor.py:186} INFO - Started process (PID=48300) to work on /home/shamim/airflow_venv/lib/python3.12/site-packages/airflow/example_dags/example_short_circuit_decorator.py
[2025-03-10T00:30:03.173+0600] {processor.py:914} INFO - Processing file /home/shamim/airflow_venv/lib/python3.12/site-packages/airflow/example_dags/example_short_circuit_decorator.py for tasks to queue
[2025-03-10T00:30:03.176+0600] {logging_mixin.py:190} INFO - [2025-03-10T00:30:03.174+0600] {dagbag.py:588} INFO - Filling up the DagBag from /home/shamim/airflow_venv/lib/python3.12/site-packages/airflow/example_dags/example_short_circuit_decorator.py
[2025-03-10T00:30:03.196+0600] {processor.py:925} INFO - DAG(s) 'example_short_circuit_decorator' retrieved from /home/shamim/airflow_venv/lib/python3.12/site-packages/airflow/example_dags/example_short_circuit_decorator.py
[2025-03-10T00:30:03.225+0600] {logging_mixin.py:190} INFO - [2025-03-10T00:30:03.225+0600] {dag.py:3239} INFO - Sync 1 DAGs
[2025-03-10T00:30:03.241+0600] {logging_mixin.py:190} INFO - [2025-03-10T00:30:03.241+0600] {dag.py:4180} INFO - Setting next_dagrun for example_short_circuit_decorator to None, run_after=None
[2025-03-10T00:30:03.277+0600] {processor.py:208} INFO - Processing /home/shamim/airflow_venv/lib/python3.12/site-packages/airflow/example_dags/example_short_circuit_decorator.py took 0.122 seconds
