[2025-03-09T23:14:58.378+0600] {processor.py:186} INFO - Started process (PID=21229) to work on /home/shamim/airflow_venv/lib/python3.12/site-packages/airflow/example_dags/example_latest_only.py
[2025-03-09T23:14:58.379+0600] {processor.py:914} INFO - Processing file /home/shamim/airflow_venv/lib/python3.12/site-packages/airflow/example_dags/example_latest_only.py for tasks to queue
[2025-03-09T23:14:58.382+0600] {logging_mixin.py:190} INFO - [2025-03-09T23:14:58.381+0600] {dagbag.py:588} INFO - Filling up the DagBag from /home/shamim/airflow_venv/lib/python3.12/site-packages/airflow/example_dags/example_latest_only.py
[2025-03-09T23:14:58.391+0600] {processor.py:925} INFO - DAG(s) 'latest_only' retrieved from /home/shamim/airflow_venv/lib/python3.12/site-packages/airflow/example_dags/example_latest_only.py
[2025-03-09T23:14:58.412+0600] {logging_mixin.py:190} INFO - [2025-03-09T23:14:58.411+0600] {dag.py:3239} INFO - Sync 1 DAGs
[2025-03-09T23:14:58.437+0600] {logging_mixin.py:190} INFO - [2025-03-09T23:14:58.436+0600] {dag.py:4180} INFO - Setting next_dagrun for latest_only to 2025-03-09 12:00:00+00:00, run_after=2025-03-09 16:00:00+00:00
[2025-03-09T23:14:58.464+0600] {processor.py:208} INFO - Processing /home/shamim/airflow_venv/lib/python3.12/site-packages/airflow/example_dags/example_latest_only.py took 0.092 seconds
[2025-03-09T23:17:05.533+0600] {processor.py:186} INFO - Started process (PID=22228) to work on /home/shamim/airflow_venv/lib/python3.12/site-packages/airflow/example_dags/example_latest_only.py
[2025-03-09T23:17:05.540+0600] {processor.py:914} INFO - Processing file /home/shamim/airflow_venv/lib/python3.12/site-packages/airflow/example_dags/example_latest_only.py for tasks to queue
[2025-03-09T23:17:05.546+0600] {logging_mixin.py:190} INFO - [2025-03-09T23:17:05.545+0600] {dagbag.py:588} INFO - Filling up the DagBag from /home/shamim/airflow_venv/lib/python3.12/site-packages/airflow/example_dags/example_latest_only.py
[2025-03-09T23:17:05.564+0600] {processor.py:925} INFO - DAG(s) 'latest_only' retrieved from /home/shamim/airflow_venv/lib/python3.12/site-packages/airflow/example_dags/example_latest_only.py
[2025-03-09T23:17:05.585+0600] {logging_mixin.py:190} INFO - [2025-03-09T23:17:05.585+0600] {dag.py:3239} INFO - Sync 1 DAGs
[2025-03-09T23:17:05.612+0600] {logging_mixin.py:190} INFO - [2025-03-09T23:17:05.612+0600] {dag.py:4180} INFO - Setting next_dagrun for latest_only to 2025-03-09 12:00:00+00:00, run_after=2025-03-09 16:00:00+00:00
[2025-03-09T23:17:05.643+0600] {processor.py:208} INFO - Processing /home/shamim/airflow_venv/lib/python3.12/site-packages/airflow/example_dags/example_latest_only.py took 0.127 seconds
[2025-03-09T23:18:34.461+0600] {processor.py:186} INFO - Started process (PID=22825) to work on /home/shamim/airflow_venv/lib/python3.12/site-packages/airflow/example_dags/example_latest_only.py
[2025-03-09T23:18:34.493+0600] {processor.py:914} INFO - Processing file /home/shamim/airflow_venv/lib/python3.12/site-packages/airflow/example_dags/example_latest_only.py for tasks to queue
[2025-03-09T23:18:34.496+0600] {logging_mixin.py:190} INFO - [2025-03-09T23:18:34.495+0600] {dagbag.py:588} INFO - Filling up the DagBag from /home/shamim/airflow_venv/lib/python3.12/site-packages/airflow/example_dags/example_latest_only.py
[2025-03-09T23:18:34.507+0600] {processor.py:925} INFO - DAG(s) 'latest_only' retrieved from /home/shamim/airflow_venv/lib/python3.12/site-packages/airflow/example_dags/example_latest_only.py
[2025-03-09T23:18:34.528+0600] {logging_mixin.py:190} INFO - [2025-03-09T23:18:34.528+0600] {dag.py:3239} INFO - Sync 1 DAGs
[2025-03-09T23:18:34.555+0600] {logging_mixin.py:190} INFO - [2025-03-09T23:18:34.555+0600] {dag.py:4180} INFO - Setting next_dagrun for latest_only to 2025-03-09 12:00:00+00:00, run_after=2025-03-09 16:00:00+00:00
[2025-03-09T23:18:34.579+0600] {processor.py:208} INFO - Processing /home/shamim/airflow_venv/lib/python3.12/site-packages/airflow/example_dags/example_latest_only.py took 0.126 seconds
[2025-03-09T23:20:24.370+0600] {processor.py:186} INFO - Started process (PID=23801) to work on /home/shamim/airflow_venv/lib/python3.12/site-packages/airflow/example_dags/example_latest_only.py
[2025-03-09T23:20:24.374+0600] {processor.py:914} INFO - Processing file /home/shamim/airflow_venv/lib/python3.12/site-packages/airflow/example_dags/example_latest_only.py for tasks to queue
[2025-03-09T23:20:24.378+0600] {logging_mixin.py:190} INFO - [2025-03-09T23:20:24.377+0600] {dagbag.py:588} INFO - Filling up the DagBag from /home/shamim/airflow_venv/lib/python3.12/site-packages/airflow/example_dags/example_latest_only.py
[2025-03-09T23:20:24.391+0600] {processor.py:925} INFO - DAG(s) 'latest_only' retrieved from /home/shamim/airflow_venv/lib/python3.12/site-packages/airflow/example_dags/example_latest_only.py
[2025-03-09T23:20:24.418+0600] {logging_mixin.py:190} INFO - [2025-03-09T23:20:24.418+0600] {dag.py:3239} INFO - Sync 1 DAGs
[2025-03-09T23:20:24.460+0600] {logging_mixin.py:190} INFO - [2025-03-09T23:20:24.460+0600] {dag.py:4180} INFO - Setting next_dagrun for latest_only to 2025-03-09 12:00:00+00:00, run_after=2025-03-09 16:00:00+00:00
[2025-03-09T23:20:24.504+0600] {processor.py:208} INFO - Processing /home/shamim/airflow_venv/lib/python3.12/site-packages/airflow/example_dags/example_latest_only.py took 0.145 seconds
[2025-03-09T23:21:53.848+0600] {processor.py:186} INFO - Started process (PID=24361) to work on /home/shamim/airflow_venv/lib/python3.12/site-packages/airflow/example_dags/example_latest_only.py
[2025-03-09T23:21:53.853+0600] {processor.py:914} INFO - Processing file /home/shamim/airflow_venv/lib/python3.12/site-packages/airflow/example_dags/example_latest_only.py for tasks to queue
[2025-03-09T23:21:53.855+0600] {logging_mixin.py:190} INFO - [2025-03-09T23:21:53.855+0600] {dagbag.py:588} INFO - Filling up the DagBag from /home/shamim/airflow_venv/lib/python3.12/site-packages/airflow/example_dags/example_latest_only.py
[2025-03-09T23:21:53.865+0600] {processor.py:925} INFO - DAG(s) 'latest_only' retrieved from /home/shamim/airflow_venv/lib/python3.12/site-packages/airflow/example_dags/example_latest_only.py
[2025-03-09T23:21:53.883+0600] {logging_mixin.py:190} INFO - [2025-03-09T23:21:53.883+0600] {dag.py:3239} INFO - Sync 1 DAGs
[2025-03-09T23:21:53.907+0600] {logging_mixin.py:190} INFO - [2025-03-09T23:21:53.907+0600] {dag.py:4180} INFO - Setting next_dagrun for latest_only to 2025-03-09 12:00:00+00:00, run_after=2025-03-09 16:00:00+00:00
[2025-03-09T23:21:53.931+0600] {processor.py:208} INFO - Processing /home/shamim/airflow_venv/lib/python3.12/site-packages/airflow/example_dags/example_latest_only.py took 0.090 seconds
[2025-03-09T23:23:21.906+0600] {processor.py:186} INFO - Started process (PID=24968) to work on /home/shamim/airflow_venv/lib/python3.12/site-packages/airflow/example_dags/example_latest_only.py
[2025-03-09T23:23:21.913+0600] {processor.py:914} INFO - Processing file /home/shamim/airflow_venv/lib/python3.12/site-packages/airflow/example_dags/example_latest_only.py for tasks to queue
[2025-03-09T23:23:21.915+0600] {logging_mixin.py:190} INFO - [2025-03-09T23:23:21.915+0600] {dagbag.py:588} INFO - Filling up the DagBag from /home/shamim/airflow_venv/lib/python3.12/site-packages/airflow/example_dags/example_latest_only.py
[2025-03-09T23:23:21.924+0600] {processor.py:925} INFO - DAG(s) 'latest_only' retrieved from /home/shamim/airflow_venv/lib/python3.12/site-packages/airflow/example_dags/example_latest_only.py
[2025-03-09T23:23:21.942+0600] {logging_mixin.py:190} INFO - [2025-03-09T23:23:21.942+0600] {dag.py:3239} INFO - Sync 1 DAGs
[2025-03-09T23:23:21.969+0600] {logging_mixin.py:190} INFO - [2025-03-09T23:23:21.969+0600] {dag.py:4180} INFO - Setting next_dagrun for latest_only to 2025-03-09 12:00:00+00:00, run_after=2025-03-09 16:00:00+00:00
[2025-03-09T23:23:21.996+0600] {processor.py:208} INFO - Processing /home/shamim/airflow_venv/lib/python3.12/site-packages/airflow/example_dags/example_latest_only.py took 0.096 seconds
[2025-03-09T23:24:44.508+0600] {processor.py:186} INFO - Started process (PID=25529) to work on /home/shamim/airflow_venv/lib/python3.12/site-packages/airflow/example_dags/example_latest_only.py
[2025-03-09T23:24:44.522+0600] {processor.py:914} INFO - Processing file /home/shamim/airflow_venv/lib/python3.12/site-packages/airflow/example_dags/example_latest_only.py for tasks to queue
[2025-03-09T23:24:44.524+0600] {logging_mixin.py:190} INFO - [2025-03-09T23:24:44.524+0600] {dagbag.py:588} INFO - Filling up the DagBag from /home/shamim/airflow_venv/lib/python3.12/site-packages/airflow/example_dags/example_latest_only.py
[2025-03-09T23:24:44.534+0600] {processor.py:925} INFO - DAG(s) 'latest_only' retrieved from /home/shamim/airflow_venv/lib/python3.12/site-packages/airflow/example_dags/example_latest_only.py
[2025-03-09T23:24:44.556+0600] {logging_mixin.py:190} INFO - [2025-03-09T23:24:44.555+0600] {dag.py:3239} INFO - Sync 1 DAGs
[2025-03-09T23:24:44.585+0600] {logging_mixin.py:190} INFO - [2025-03-09T23:24:44.584+0600] {dag.py:4180} INFO - Setting next_dagrun for latest_only to 2025-03-09 12:00:00+00:00, run_after=2025-03-09 16:00:00+00:00
[2025-03-09T23:24:44.611+0600] {processor.py:208} INFO - Processing /home/shamim/airflow_venv/lib/python3.12/site-packages/airflow/example_dags/example_latest_only.py took 0.111 seconds
[2025-03-09T23:26:12.453+0600] {processor.py:186} INFO - Started process (PID=26103) to work on /home/shamim/airflow_venv/lib/python3.12/site-packages/airflow/example_dags/example_latest_only.py
[2025-03-09T23:26:12.460+0600] {processor.py:914} INFO - Processing file /home/shamim/airflow_venv/lib/python3.12/site-packages/airflow/example_dags/example_latest_only.py for tasks to queue
[2025-03-09T23:26:12.464+0600] {logging_mixin.py:190} INFO - [2025-03-09T23:26:12.463+0600] {dagbag.py:588} INFO - Filling up the DagBag from /home/shamim/airflow_venv/lib/python3.12/site-packages/airflow/example_dags/example_latest_only.py
[2025-03-09T23:26:12.479+0600] {processor.py:925} INFO - DAG(s) 'latest_only' retrieved from /home/shamim/airflow_venv/lib/python3.12/site-packages/airflow/example_dags/example_latest_only.py
[2025-03-09T23:26:12.509+0600] {logging_mixin.py:190} INFO - [2025-03-09T23:26:12.509+0600] {dag.py:3239} INFO - Sync 1 DAGs
[2025-03-09T23:26:12.541+0600] {logging_mixin.py:190} INFO - [2025-03-09T23:26:12.540+0600] {dag.py:4180} INFO - Setting next_dagrun for latest_only to 2025-03-09 12:00:00+00:00, run_after=2025-03-09 16:00:00+00:00
[2025-03-09T23:26:12.572+0600] {processor.py:208} INFO - Processing /home/shamim/airflow_venv/lib/python3.12/site-packages/airflow/example_dags/example_latest_only.py took 0.131 seconds
[2025-03-09T23:27:45.412+0600] {processor.py:186} INFO - Started process (PID=26701) to work on /home/shamim/airflow_venv/lib/python3.12/site-packages/airflow/example_dags/example_latest_only.py
[2025-03-09T23:27:45.416+0600] {processor.py:914} INFO - Processing file /home/shamim/airflow_venv/lib/python3.12/site-packages/airflow/example_dags/example_latest_only.py for tasks to queue
[2025-03-09T23:27:45.423+0600] {logging_mixin.py:190} INFO - [2025-03-09T23:27:45.422+0600] {dagbag.py:588} INFO - Filling up the DagBag from /home/shamim/airflow_venv/lib/python3.12/site-packages/airflow/example_dags/example_latest_only.py
[2025-03-09T23:27:45.455+0600] {processor.py:925} INFO - DAG(s) 'latest_only' retrieved from /home/shamim/airflow_venv/lib/python3.12/site-packages/airflow/example_dags/example_latest_only.py
[2025-03-09T23:27:45.495+0600] {logging_mixin.py:190} INFO - [2025-03-09T23:27:45.494+0600] {dag.py:3239} INFO - Sync 1 DAGs
[2025-03-09T23:27:45.520+0600] {logging_mixin.py:190} INFO - [2025-03-09T23:27:45.520+0600] {dag.py:4180} INFO - Setting next_dagrun for latest_only to 2025-03-09 12:00:00+00:00, run_after=2025-03-09 16:00:00+00:00
[2025-03-09T23:27:45.545+0600] {processor.py:208} INFO - Processing /home/shamim/airflow_venv/lib/python3.12/site-packages/airflow/example_dags/example_latest_only.py took 0.153 seconds
[2025-03-09T23:29:19.679+0600] {processor.py:186} INFO - Started process (PID=27281) to work on /home/shamim/airflow_venv/lib/python3.12/site-packages/airflow/example_dags/example_latest_only.py
[2025-03-09T23:29:19.685+0600] {processor.py:914} INFO - Processing file /home/shamim/airflow_venv/lib/python3.12/site-packages/airflow/example_dags/example_latest_only.py for tasks to queue
[2025-03-09T23:29:19.688+0600] {logging_mixin.py:190} INFO - [2025-03-09T23:29:19.688+0600] {dagbag.py:588} INFO - Filling up the DagBag from /home/shamim/airflow_venv/lib/python3.12/site-packages/airflow/example_dags/example_latest_only.py
[2025-03-09T23:29:19.698+0600] {processor.py:925} INFO - DAG(s) 'latest_only' retrieved from /home/shamim/airflow_venv/lib/python3.12/site-packages/airflow/example_dags/example_latest_only.py
[2025-03-09T23:29:19.716+0600] {logging_mixin.py:190} INFO - [2025-03-09T23:29:19.716+0600] {dag.py:3239} INFO - Sync 1 DAGs
[2025-03-09T23:29:19.740+0600] {logging_mixin.py:190} INFO - [2025-03-09T23:29:19.739+0600] {dag.py:4180} INFO - Setting next_dagrun for latest_only to 2025-03-09 12:00:00+00:00, run_after=2025-03-09 16:00:00+00:00
[2025-03-09T23:29:19.781+0600] {processor.py:208} INFO - Processing /home/shamim/airflow_venv/lib/python3.12/site-packages/airflow/example_dags/example_latest_only.py took 0.109 seconds
[2025-03-09T23:31:02.728+0600] {processor.py:186} INFO - Started process (PID=28185) to work on /home/shamim/airflow_venv/lib/python3.12/site-packages/airflow/example_dags/example_latest_only.py
[2025-03-09T23:31:02.735+0600] {processor.py:914} INFO - Processing file /home/shamim/airflow_venv/lib/python3.12/site-packages/airflow/example_dags/example_latest_only.py for tasks to queue
[2025-03-09T23:31:02.737+0600] {logging_mixin.py:190} INFO - [2025-03-09T23:31:02.736+0600] {dagbag.py:588} INFO - Filling up the DagBag from /home/shamim/airflow_venv/lib/python3.12/site-packages/airflow/example_dags/example_latest_only.py
[2025-03-09T23:31:02.747+0600] {processor.py:925} INFO - DAG(s) 'latest_only' retrieved from /home/shamim/airflow_venv/lib/python3.12/site-packages/airflow/example_dags/example_latest_only.py
[2025-03-09T23:31:02.767+0600] {logging_mixin.py:190} INFO - [2025-03-09T23:31:02.767+0600] {dag.py:3239} INFO - Sync 1 DAGs
[2025-03-09T23:31:02.794+0600] {logging_mixin.py:190} INFO - [2025-03-09T23:31:02.794+0600] {dag.py:4180} INFO - Setting next_dagrun for latest_only to 2025-03-09 12:00:00+00:00, run_after=2025-03-09 16:00:00+00:00
[2025-03-09T23:31:02.825+0600] {processor.py:208} INFO - Processing /home/shamim/airflow_venv/lib/python3.12/site-packages/airflow/example_dags/example_latest_only.py took 0.105 seconds
[2025-03-09T23:32:39.066+0600] {processor.py:186} INFO - Started process (PID=28701) to work on /home/shamim/airflow_venv/lib/python3.12/site-packages/airflow/example_dags/example_latest_only.py
[2025-03-09T23:32:39.072+0600] {processor.py:914} INFO - Processing file /home/shamim/airflow_venv/lib/python3.12/site-packages/airflow/example_dags/example_latest_only.py for tasks to queue
[2025-03-09T23:32:39.075+0600] {logging_mixin.py:190} INFO - [2025-03-09T23:32:39.074+0600] {dagbag.py:588} INFO - Filling up the DagBag from /home/shamim/airflow_venv/lib/python3.12/site-packages/airflow/example_dags/example_latest_only.py
[2025-03-09T23:32:39.084+0600] {processor.py:925} INFO - DAG(s) 'latest_only' retrieved from /home/shamim/airflow_venv/lib/python3.12/site-packages/airflow/example_dags/example_latest_only.py
[2025-03-09T23:32:39.104+0600] {logging_mixin.py:190} INFO - [2025-03-09T23:32:39.104+0600] {dag.py:3239} INFO - Sync 1 DAGs
[2025-03-09T23:32:39.137+0600] {logging_mixin.py:190} INFO - [2025-03-09T23:32:39.137+0600] {dag.py:4180} INFO - Setting next_dagrun for latest_only to 2025-03-09 12:00:00+00:00, run_after=2025-03-09 16:00:00+00:00
[2025-03-09T23:32:39.170+0600] {processor.py:208} INFO - Processing /home/shamim/airflow_venv/lib/python3.12/site-packages/airflow/example_dags/example_latest_only.py took 0.111 seconds
[2025-03-09T23:34:22.294+0600] {processor.py:186} INFO - Started process (PID=29390) to work on /home/shamim/airflow_venv/lib/python3.12/site-packages/airflow/example_dags/example_latest_only.py
[2025-03-09T23:34:22.297+0600] {processor.py:914} INFO - Processing file /home/shamim/airflow_venv/lib/python3.12/site-packages/airflow/example_dags/example_latest_only.py for tasks to queue
[2025-03-09T23:34:22.299+0600] {logging_mixin.py:190} INFO - [2025-03-09T23:34:22.299+0600] {dagbag.py:588} INFO - Filling up the DagBag from /home/shamim/airflow_venv/lib/python3.12/site-packages/airflow/example_dags/example_latest_only.py
[2025-03-09T23:34:22.310+0600] {processor.py:925} INFO - DAG(s) 'latest_only' retrieved from /home/shamim/airflow_venv/lib/python3.12/site-packages/airflow/example_dags/example_latest_only.py
[2025-03-09T23:34:22.332+0600] {logging_mixin.py:190} INFO - [2025-03-09T23:34:22.331+0600] {dag.py:3239} INFO - Sync 1 DAGs
[2025-03-09T23:34:22.360+0600] {logging_mixin.py:190} INFO - [2025-03-09T23:34:22.360+0600] {dag.py:4180} INFO - Setting next_dagrun for latest_only to 2025-03-09 12:00:00+00:00, run_after=2025-03-09 16:00:00+00:00
[2025-03-09T23:34:22.387+0600] {processor.py:208} INFO - Processing /home/shamim/airflow_venv/lib/python3.12/site-packages/airflow/example_dags/example_latest_only.py took 0.100 seconds
[2025-03-09T23:35:54.779+0600] {processor.py:186} INFO - Started process (PID=29892) to work on /home/shamim/airflow_venv/lib/python3.12/site-packages/airflow/example_dags/example_latest_only.py
[2025-03-09T23:35:54.783+0600] {processor.py:914} INFO - Processing file /home/shamim/airflow_venv/lib/python3.12/site-packages/airflow/example_dags/example_latest_only.py for tasks to queue
[2025-03-09T23:35:54.787+0600] {logging_mixin.py:190} INFO - [2025-03-09T23:35:54.786+0600] {dagbag.py:588} INFO - Filling up the DagBag from /home/shamim/airflow_venv/lib/python3.12/site-packages/airflow/example_dags/example_latest_only.py
[2025-03-09T23:35:54.799+0600] {processor.py:925} INFO - DAG(s) 'latest_only' retrieved from /home/shamim/airflow_venv/lib/python3.12/site-packages/airflow/example_dags/example_latest_only.py
[2025-03-09T23:35:54.827+0600] {logging_mixin.py:190} INFO - [2025-03-09T23:35:54.827+0600] {dag.py:3239} INFO - Sync 1 DAGs
[2025-03-09T23:35:54.864+0600] {logging_mixin.py:190} INFO - [2025-03-09T23:35:54.863+0600] {dag.py:4180} INFO - Setting next_dagrun for latest_only to 2025-03-09 12:00:00+00:00, run_after=2025-03-09 16:00:00+00:00
[2025-03-09T23:35:54.889+0600] {processor.py:208} INFO - Processing /home/shamim/airflow_venv/lib/python3.12/site-packages/airflow/example_dags/example_latest_only.py took 0.121 seconds
[2025-03-09T23:37:19.520+0600] {processor.py:186} INFO - Started process (PID=30425) to work on /home/shamim/airflow_venv/lib/python3.12/site-packages/airflow/example_dags/example_latest_only.py
[2025-03-09T23:37:19.524+0600] {processor.py:914} INFO - Processing file /home/shamim/airflow_venv/lib/python3.12/site-packages/airflow/example_dags/example_latest_only.py for tasks to queue
[2025-03-09T23:37:19.527+0600] {logging_mixin.py:190} INFO - [2025-03-09T23:37:19.526+0600] {dagbag.py:588} INFO - Filling up the DagBag from /home/shamim/airflow_venv/lib/python3.12/site-packages/airflow/example_dags/example_latest_only.py
[2025-03-09T23:37:19.539+0600] {processor.py:925} INFO - DAG(s) 'latest_only' retrieved from /home/shamim/airflow_venv/lib/python3.12/site-packages/airflow/example_dags/example_latest_only.py
[2025-03-09T23:37:19.569+0600] {logging_mixin.py:190} INFO - [2025-03-09T23:37:19.568+0600] {dag.py:3239} INFO - Sync 1 DAGs
[2025-03-09T23:37:19.607+0600] {logging_mixin.py:190} INFO - [2025-03-09T23:37:19.607+0600] {dag.py:4180} INFO - Setting next_dagrun for latest_only to 2025-03-09 12:00:00+00:00, run_after=2025-03-09 16:00:00+00:00
[2025-03-09T23:37:19.643+0600] {processor.py:208} INFO - Processing /home/shamim/airflow_venv/lib/python3.12/site-packages/airflow/example_dags/example_latest_only.py took 0.130 seconds
[2025-03-09T23:38:44.569+0600] {processor.py:186} INFO - Started process (PID=31177) to work on /home/shamim/airflow_venv/lib/python3.12/site-packages/airflow/example_dags/example_latest_only.py
[2025-03-09T23:38:44.575+0600] {processor.py:914} INFO - Processing file /home/shamim/airflow_venv/lib/python3.12/site-packages/airflow/example_dags/example_latest_only.py for tasks to queue
[2025-03-09T23:38:44.578+0600] {logging_mixin.py:190} INFO - [2025-03-09T23:38:44.578+0600] {dagbag.py:588} INFO - Filling up the DagBag from /home/shamim/airflow_venv/lib/python3.12/site-packages/airflow/example_dags/example_latest_only.py
[2025-03-09T23:38:44.588+0600] {processor.py:925} INFO - DAG(s) 'latest_only' retrieved from /home/shamim/airflow_venv/lib/python3.12/site-packages/airflow/example_dags/example_latest_only.py
[2025-03-09T23:38:44.615+0600] {logging_mixin.py:190} INFO - [2025-03-09T23:38:44.614+0600] {dag.py:3239} INFO - Sync 1 DAGs
[2025-03-09T23:38:44.651+0600] {logging_mixin.py:190} INFO - [2025-03-09T23:38:44.651+0600] {dag.py:4180} INFO - Setting next_dagrun for latest_only to 2025-03-09 12:00:00+00:00, run_after=2025-03-09 16:00:00+00:00
[2025-03-09T23:38:44.693+0600] {processor.py:208} INFO - Processing /home/shamim/airflow_venv/lib/python3.12/site-packages/airflow/example_dags/example_latest_only.py took 0.131 seconds
[2025-03-09T23:40:48.408+0600] {processor.py:186} INFO - Started process (PID=32096) to work on /home/shamim/airflow_venv/lib/python3.12/site-packages/airflow/example_dags/example_latest_only.py
[2025-03-09T23:40:48.416+0600] {processor.py:914} INFO - Processing file /home/shamim/airflow_venv/lib/python3.12/site-packages/airflow/example_dags/example_latest_only.py for tasks to queue
[2025-03-09T23:40:48.421+0600] {logging_mixin.py:190} INFO - [2025-03-09T23:40:48.420+0600] {dagbag.py:588} INFO - Filling up the DagBag from /home/shamim/airflow_venv/lib/python3.12/site-packages/airflow/example_dags/example_latest_only.py
[2025-03-09T23:40:48.436+0600] {processor.py:925} INFO - DAG(s) 'latest_only' retrieved from /home/shamim/airflow_venv/lib/python3.12/site-packages/airflow/example_dags/example_latest_only.py
[2025-03-09T23:40:48.457+0600] {logging_mixin.py:190} INFO - [2025-03-09T23:40:48.456+0600] {dag.py:3239} INFO - Sync 1 DAGs
[2025-03-09T23:40:48.483+0600] {logging_mixin.py:190} INFO - [2025-03-09T23:40:48.483+0600] {dag.py:4180} INFO - Setting next_dagrun for latest_only to 2025-03-09 12:00:00+00:00, run_after=2025-03-09 16:00:00+00:00
[2025-03-09T23:40:48.508+0600] {processor.py:208} INFO - Processing /home/shamim/airflow_venv/lib/python3.12/site-packages/airflow/example_dags/example_latest_only.py took 0.118 seconds
[2025-03-09T23:42:29.649+0600] {processor.py:186} INFO - Started process (PID=32568) to work on /home/shamim/airflow_venv/lib/python3.12/site-packages/airflow/example_dags/example_latest_only.py
[2025-03-09T23:42:29.657+0600] {processor.py:914} INFO - Processing file /home/shamim/airflow_venv/lib/python3.12/site-packages/airflow/example_dags/example_latest_only.py for tasks to queue
[2025-03-09T23:42:29.659+0600] {logging_mixin.py:190} INFO - [2025-03-09T23:42:29.659+0600] {dagbag.py:588} INFO - Filling up the DagBag from /home/shamim/airflow_venv/lib/python3.12/site-packages/airflow/example_dags/example_latest_only.py
[2025-03-09T23:42:29.668+0600] {processor.py:925} INFO - DAG(s) 'latest_only' retrieved from /home/shamim/airflow_venv/lib/python3.12/site-packages/airflow/example_dags/example_latest_only.py
[2025-03-09T23:42:29.686+0600] {logging_mixin.py:190} INFO - [2025-03-09T23:42:29.686+0600] {dag.py:3239} INFO - Sync 1 DAGs
[2025-03-09T23:42:29.711+0600] {logging_mixin.py:190} INFO - [2025-03-09T23:42:29.711+0600] {dag.py:4180} INFO - Setting next_dagrun for latest_only to 2025-03-09 12:00:00+00:00, run_after=2025-03-09 16:00:00+00:00
[2025-03-09T23:42:29.735+0600] {processor.py:208} INFO - Processing /home/shamim/airflow_venv/lib/python3.12/site-packages/airflow/example_dags/example_latest_only.py took 0.093 seconds
[2025-03-09T23:43:57.519+0600] {processor.py:186} INFO - Started process (PID=33091) to work on /home/shamim/airflow_venv/lib/python3.12/site-packages/airflow/example_dags/example_latest_only.py
[2025-03-09T23:43:57.523+0600] {processor.py:914} INFO - Processing file /home/shamim/airflow_venv/lib/python3.12/site-packages/airflow/example_dags/example_latest_only.py for tasks to queue
[2025-03-09T23:43:57.528+0600] {logging_mixin.py:190} INFO - [2025-03-09T23:43:57.527+0600] {dagbag.py:588} INFO - Filling up the DagBag from /home/shamim/airflow_venv/lib/python3.12/site-packages/airflow/example_dags/example_latest_only.py
[2025-03-09T23:43:57.542+0600] {processor.py:925} INFO - DAG(s) 'latest_only' retrieved from /home/shamim/airflow_venv/lib/python3.12/site-packages/airflow/example_dags/example_latest_only.py
[2025-03-09T23:43:57.563+0600] {logging_mixin.py:190} INFO - [2025-03-09T23:43:57.562+0600] {dag.py:3239} INFO - Sync 1 DAGs
[2025-03-09T23:43:57.587+0600] {logging_mixin.py:190} INFO - [2025-03-09T23:43:57.587+0600] {dag.py:4180} INFO - Setting next_dagrun for latest_only to 2025-03-09 12:00:00+00:00, run_after=2025-03-09 16:00:00+00:00
[2025-03-09T23:43:57.610+0600] {processor.py:208} INFO - Processing /home/shamim/airflow_venv/lib/python3.12/site-packages/airflow/example_dags/example_latest_only.py took 0.104 seconds
[2025-03-09T23:46:19.123+0600] {processor.py:186} INFO - Started process (PID=34101) to work on /home/shamim/airflow_venv/lib/python3.12/site-packages/airflow/example_dags/example_latest_only.py
[2025-03-09T23:46:19.139+0600] {processor.py:914} INFO - Processing file /home/shamim/airflow_venv/lib/python3.12/site-packages/airflow/example_dags/example_latest_only.py for tasks to queue
[2025-03-09T23:46:19.142+0600] {logging_mixin.py:190} INFO - [2025-03-09T23:46:19.141+0600] {dagbag.py:588} INFO - Filling up the DagBag from /home/shamim/airflow_venv/lib/python3.12/site-packages/airflow/example_dags/example_latest_only.py
[2025-03-09T23:46:19.151+0600] {processor.py:925} INFO - DAG(s) 'latest_only' retrieved from /home/shamim/airflow_venv/lib/python3.12/site-packages/airflow/example_dags/example_latest_only.py
[2025-03-09T23:46:19.170+0600] {logging_mixin.py:190} INFO - [2025-03-09T23:46:19.170+0600] {dag.py:3239} INFO - Sync 1 DAGs
[2025-03-09T23:46:19.195+0600] {logging_mixin.py:190} INFO - [2025-03-09T23:46:19.195+0600] {dag.py:4180} INFO - Setting next_dagrun for latest_only to 2025-03-09 12:00:00+00:00, run_after=2025-03-09 16:00:00+00:00
[2025-03-09T23:46:19.223+0600] {processor.py:208} INFO - Processing /home/shamim/airflow_venv/lib/python3.12/site-packages/airflow/example_dags/example_latest_only.py took 0.109 seconds
[2025-03-09T23:47:50.341+0600] {processor.py:186} INFO - Started process (PID=34657) to work on /home/shamim/airflow_venv/lib/python3.12/site-packages/airflow/example_dags/example_latest_only.py
[2025-03-09T23:47:50.348+0600] {processor.py:914} INFO - Processing file /home/shamim/airflow_venv/lib/python3.12/site-packages/airflow/example_dags/example_latest_only.py for tasks to queue
[2025-03-09T23:47:50.350+0600] {logging_mixin.py:190} INFO - [2025-03-09T23:47:50.350+0600] {dagbag.py:588} INFO - Filling up the DagBag from /home/shamim/airflow_venv/lib/python3.12/site-packages/airflow/example_dags/example_latest_only.py
[2025-03-09T23:47:50.359+0600] {processor.py:925} INFO - DAG(s) 'latest_only' retrieved from /home/shamim/airflow_venv/lib/python3.12/site-packages/airflow/example_dags/example_latest_only.py
[2025-03-09T23:47:50.378+0600] {logging_mixin.py:190} INFO - [2025-03-09T23:47:50.377+0600] {dag.py:3239} INFO - Sync 1 DAGs
[2025-03-09T23:47:50.402+0600] {logging_mixin.py:190} INFO - [2025-03-09T23:47:50.402+0600] {dag.py:4180} INFO - Setting next_dagrun for latest_only to 2025-03-09 12:00:00+00:00, run_after=2025-03-09 16:00:00+00:00
[2025-03-09T23:47:50.433+0600] {processor.py:208} INFO - Processing /home/shamim/airflow_venv/lib/python3.12/site-packages/airflow/example_dags/example_latest_only.py took 0.099 seconds
[2025-03-09T23:50:03.643+0600] {processor.py:186} INFO - Started process (PID=35601) to work on /home/shamim/airflow_venv/lib/python3.12/site-packages/airflow/example_dags/example_latest_only.py
[2025-03-09T23:50:03.650+0600] {processor.py:914} INFO - Processing file /home/shamim/airflow_venv/lib/python3.12/site-packages/airflow/example_dags/example_latest_only.py for tasks to queue
[2025-03-09T23:50:03.654+0600] {logging_mixin.py:190} INFO - [2025-03-09T23:50:03.653+0600] {dagbag.py:588} INFO - Filling up the DagBag from /home/shamim/airflow_venv/lib/python3.12/site-packages/airflow/example_dags/example_latest_only.py
[2025-03-09T23:50:03.667+0600] {processor.py:925} INFO - DAG(s) 'latest_only' retrieved from /home/shamim/airflow_venv/lib/python3.12/site-packages/airflow/example_dags/example_latest_only.py
[2025-03-09T23:50:03.692+0600] {logging_mixin.py:190} INFO - [2025-03-09T23:50:03.692+0600] {dag.py:3239} INFO - Sync 1 DAGs
[2025-03-09T23:50:03.736+0600] {logging_mixin.py:190} INFO - [2025-03-09T23:50:03.736+0600] {dag.py:4180} INFO - Setting next_dagrun for latest_only to 2025-03-09 12:00:00+00:00, run_after=2025-03-09 16:00:00+00:00
[2025-03-09T23:50:03.771+0600] {processor.py:208} INFO - Processing /home/shamim/airflow_venv/lib/python3.12/site-packages/airflow/example_dags/example_latest_only.py took 0.136 seconds
[2025-03-09T23:51:57.989+0600] {processor.py:186} INFO - Started process (PID=36351) to work on /home/shamim/airflow_venv/lib/python3.12/site-packages/airflow/example_dags/example_latest_only.py
[2025-03-09T23:51:57.994+0600] {processor.py:914} INFO - Processing file /home/shamim/airflow_venv/lib/python3.12/site-packages/airflow/example_dags/example_latest_only.py for tasks to queue
[2025-03-09T23:51:57.997+0600] {logging_mixin.py:190} INFO - [2025-03-09T23:51:57.997+0600] {dagbag.py:588} INFO - Filling up the DagBag from /home/shamim/airflow_venv/lib/python3.12/site-packages/airflow/example_dags/example_latest_only.py
[2025-03-09T23:51:58.009+0600] {processor.py:925} INFO - DAG(s) 'latest_only' retrieved from /home/shamim/airflow_venv/lib/python3.12/site-packages/airflow/example_dags/example_latest_only.py
[2025-03-09T23:51:58.036+0600] {logging_mixin.py:190} INFO - [2025-03-09T23:51:58.036+0600] {dag.py:3239} INFO - Sync 1 DAGs
[2025-03-09T23:51:58.069+0600] {logging_mixin.py:190} INFO - [2025-03-09T23:51:58.068+0600] {dag.py:4180} INFO - Setting next_dagrun for latest_only to 2025-03-09 12:00:00+00:00, run_after=2025-03-09 16:00:00+00:00
[2025-03-09T23:51:58.096+0600] {processor.py:208} INFO - Processing /home/shamim/airflow_venv/lib/python3.12/site-packages/airflow/example_dags/example_latest_only.py took 0.116 seconds
[2025-03-09T23:53:25.357+0600] {processor.py:186} INFO - Started process (PID=36841) to work on /home/shamim/airflow_venv/lib/python3.12/site-packages/airflow/example_dags/example_latest_only.py
[2025-03-09T23:53:25.364+0600] {processor.py:914} INFO - Processing file /home/shamim/airflow_venv/lib/python3.12/site-packages/airflow/example_dags/example_latest_only.py for tasks to queue
[2025-03-09T23:53:25.366+0600] {logging_mixin.py:190} INFO - [2025-03-09T23:53:25.366+0600] {dagbag.py:588} INFO - Filling up the DagBag from /home/shamim/airflow_venv/lib/python3.12/site-packages/airflow/example_dags/example_latest_only.py
[2025-03-09T23:53:25.375+0600] {processor.py:925} INFO - DAG(s) 'latest_only' retrieved from /home/shamim/airflow_venv/lib/python3.12/site-packages/airflow/example_dags/example_latest_only.py
[2025-03-09T23:53:25.394+0600] {logging_mixin.py:190} INFO - [2025-03-09T23:53:25.394+0600] {dag.py:3239} INFO - Sync 1 DAGs
[2025-03-09T23:53:25.420+0600] {logging_mixin.py:190} INFO - [2025-03-09T23:53:25.419+0600] {dag.py:4180} INFO - Setting next_dagrun for latest_only to 2025-03-09 12:00:00+00:00, run_after=2025-03-09 16:00:00+00:00
[2025-03-09T23:53:25.444+0600] {processor.py:208} INFO - Processing /home/shamim/airflow_venv/lib/python3.12/site-packages/airflow/example_dags/example_latest_only.py took 0.095 seconds
[2025-03-09T23:54:55.276+0600] {processor.py:186} INFO - Started process (PID=37809) to work on /home/shamim/airflow_venv/lib/python3.12/site-packages/airflow/example_dags/example_latest_only.py
[2025-03-09T23:54:55.282+0600] {processor.py:914} INFO - Processing file /home/shamim/airflow_venv/lib/python3.12/site-packages/airflow/example_dags/example_latest_only.py for tasks to queue
[2025-03-09T23:54:55.285+0600] {logging_mixin.py:190} INFO - [2025-03-09T23:54:55.285+0600] {dagbag.py:588} INFO - Filling up the DagBag from /home/shamim/airflow_venv/lib/python3.12/site-packages/airflow/example_dags/example_latest_only.py
[2025-03-09T23:54:55.295+0600] {processor.py:925} INFO - DAG(s) 'latest_only' retrieved from /home/shamim/airflow_venv/lib/python3.12/site-packages/airflow/example_dags/example_latest_only.py
[2025-03-09T23:54:55.316+0600] {logging_mixin.py:190} INFO - [2025-03-09T23:54:55.316+0600] {dag.py:3239} INFO - Sync 1 DAGs
[2025-03-09T23:54:55.345+0600] {logging_mixin.py:190} INFO - [2025-03-09T23:54:55.345+0600] {dag.py:4180} INFO - Setting next_dagrun for latest_only to 2025-03-09 12:00:00+00:00, run_after=2025-03-09 16:00:00+00:00
[2025-03-09T23:54:55.374+0600] {processor.py:208} INFO - Processing /home/shamim/airflow_venv/lib/python3.12/site-packages/airflow/example_dags/example_latest_only.py took 0.107 seconds
[2025-03-09T23:56:33.372+0600] {processor.py:186} INFO - Started process (PID=38320) to work on /home/shamim/airflow_venv/lib/python3.12/site-packages/airflow/example_dags/example_latest_only.py
[2025-03-09T23:56:33.374+0600] {processor.py:914} INFO - Processing file /home/shamim/airflow_venv/lib/python3.12/site-packages/airflow/example_dags/example_latest_only.py for tasks to queue
[2025-03-09T23:56:33.377+0600] {logging_mixin.py:190} INFO - [2025-03-09T23:56:33.376+0600] {dagbag.py:588} INFO - Filling up the DagBag from /home/shamim/airflow_venv/lib/python3.12/site-packages/airflow/example_dags/example_latest_only.py
[2025-03-09T23:56:33.386+0600] {processor.py:925} INFO - DAG(s) 'latest_only' retrieved from /home/shamim/airflow_venv/lib/python3.12/site-packages/airflow/example_dags/example_latest_only.py
[2025-03-09T23:56:33.407+0600] {logging_mixin.py:190} INFO - [2025-03-09T23:56:33.407+0600] {dag.py:3239} INFO - Sync 1 DAGs
[2025-03-09T23:56:33.435+0600] {logging_mixin.py:190} INFO - [2025-03-09T23:56:33.434+0600] {dag.py:4180} INFO - Setting next_dagrun for latest_only to 2025-03-09 12:00:00+00:00, run_after=2025-03-09 16:00:00+00:00
[2025-03-09T23:56:33.462+0600] {processor.py:208} INFO - Processing /home/shamim/airflow_venv/lib/python3.12/site-packages/airflow/example_dags/example_latest_only.py took 0.099 seconds
[2025-03-09T23:58:50.742+0600] {processor.py:186} INFO - Started process (PID=39234) to work on /home/shamim/airflow_venv/lib/python3.12/site-packages/airflow/example_dags/example_latest_only.py
[2025-03-09T23:58:50.745+0600] {processor.py:914} INFO - Processing file /home/shamim/airflow_venv/lib/python3.12/site-packages/airflow/example_dags/example_latest_only.py for tasks to queue
[2025-03-09T23:58:50.751+0600] {logging_mixin.py:190} INFO - [2025-03-09T23:58:50.750+0600] {dagbag.py:588} INFO - Filling up the DagBag from /home/shamim/airflow_venv/lib/python3.12/site-packages/airflow/example_dags/example_latest_only.py
[2025-03-09T23:58:50.766+0600] {processor.py:925} INFO - DAG(s) 'latest_only' retrieved from /home/shamim/airflow_venv/lib/python3.12/site-packages/airflow/example_dags/example_latest_only.py
[2025-03-09T23:58:50.793+0600] {logging_mixin.py:190} INFO - [2025-03-09T23:58:50.793+0600] {dag.py:3239} INFO - Sync 1 DAGs
[2025-03-09T23:58:50.825+0600] {logging_mixin.py:190} INFO - [2025-03-09T23:58:50.825+0600] {dag.py:4180} INFO - Setting next_dagrun for latest_only to 2025-03-09 12:00:00+00:00, run_after=2025-03-09 16:00:00+00:00
[2025-03-09T23:58:50.856+0600] {processor.py:208} INFO - Processing /home/shamim/airflow_venv/lib/python3.12/site-packages/airflow/example_dags/example_latest_only.py took 0.126 seconds
[2025-03-10T00:00:53.638+0600] {processor.py:186} INFO - Started process (PID=39927) to work on /home/shamim/airflow_venv/lib/python3.12/site-packages/airflow/example_dags/example_latest_only.py
[2025-03-10T00:00:53.645+0600] {processor.py:914} INFO - Processing file /home/shamim/airflow_venv/lib/python3.12/site-packages/airflow/example_dags/example_latest_only.py for tasks to queue
[2025-03-10T00:00:53.652+0600] {logging_mixin.py:190} INFO - [2025-03-10T00:00:53.651+0600] {dagbag.py:588} INFO - Filling up the DagBag from /home/shamim/airflow_venv/lib/python3.12/site-packages/airflow/example_dags/example_latest_only.py
[2025-03-10T00:00:53.675+0600] {processor.py:925} INFO - DAG(s) 'latest_only' retrieved from /home/shamim/airflow_venv/lib/python3.12/site-packages/airflow/example_dags/example_latest_only.py
[2025-03-10T00:00:53.728+0600] {logging_mixin.py:190} INFO - [2025-03-10T00:00:53.728+0600] {dag.py:3239} INFO - Sync 1 DAGs
[2025-03-10T00:00:53.766+0600] {logging_mixin.py:190} INFO - [2025-03-10T00:00:53.765+0600] {dag.py:4180} INFO - Setting next_dagrun for latest_only to 2025-03-09 12:00:00+00:00, run_after=2025-03-09 16:00:00+00:00
[2025-03-10T00:00:53.797+0600] {processor.py:208} INFO - Processing /home/shamim/airflow_venv/lib/python3.12/site-packages/airflow/example_dags/example_latest_only.py took 0.181 seconds
[2025-03-10T00:02:44.438+0600] {processor.py:186} INFO - Started process (PID=40444) to work on /home/shamim/airflow_venv/lib/python3.12/site-packages/airflow/example_dags/example_latest_only.py
[2025-03-10T00:02:44.446+0600] {processor.py:914} INFO - Processing file /home/shamim/airflow_venv/lib/python3.12/site-packages/airflow/example_dags/example_latest_only.py for tasks to queue
[2025-03-10T00:02:44.451+0600] {logging_mixin.py:190} INFO - [2025-03-10T00:02:44.451+0600] {dagbag.py:588} INFO - Filling up the DagBag from /home/shamim/airflow_venv/lib/python3.12/site-packages/airflow/example_dags/example_latest_only.py
[2025-03-10T00:02:44.466+0600] {processor.py:925} INFO - DAG(s) 'latest_only' retrieved from /home/shamim/airflow_venv/lib/python3.12/site-packages/airflow/example_dags/example_latest_only.py
[2025-03-10T00:02:44.500+0600] {logging_mixin.py:190} INFO - [2025-03-10T00:02:44.500+0600] {dag.py:3239} INFO - Sync 1 DAGs
[2025-03-10T00:02:44.549+0600] {logging_mixin.py:190} INFO - [2025-03-10T00:02:44.548+0600] {dag.py:4180} INFO - Setting next_dagrun for latest_only to 2025-03-09 12:00:00+00:00, run_after=2025-03-09 16:00:00+00:00
[2025-03-10T00:02:44.588+0600] {processor.py:208} INFO - Processing /home/shamim/airflow_venv/lib/python3.12/site-packages/airflow/example_dags/example_latest_only.py took 0.172 seconds
[2025-03-10T00:04:41.738+0600] {processor.py:186} INFO - Started process (PID=40989) to work on /home/shamim/airflow_venv/lib/python3.12/site-packages/airflow/example_dags/example_latest_only.py
[2025-03-10T00:04:41.745+0600] {processor.py:914} INFO - Processing file /home/shamim/airflow_venv/lib/python3.12/site-packages/airflow/example_dags/example_latest_only.py for tasks to queue
[2025-03-10T00:04:41.751+0600] {logging_mixin.py:190} INFO - [2025-03-10T00:04:41.751+0600] {dagbag.py:588} INFO - Filling up the DagBag from /home/shamim/airflow_venv/lib/python3.12/site-packages/airflow/example_dags/example_latest_only.py
[2025-03-10T00:04:41.773+0600] {processor.py:925} INFO - DAG(s) 'latest_only' retrieved from /home/shamim/airflow_venv/lib/python3.12/site-packages/airflow/example_dags/example_latest_only.py
[2025-03-10T00:04:41.809+0600] {logging_mixin.py:190} INFO - [2025-03-10T00:04:41.809+0600] {dag.py:3239} INFO - Sync 1 DAGs
[2025-03-10T00:04:41.847+0600] {logging_mixin.py:190} INFO - [2025-03-10T00:04:41.847+0600] {dag.py:4180} INFO - Setting next_dagrun for latest_only to 2025-03-09 12:00:00+00:00, run_after=2025-03-09 16:00:00+00:00
[2025-03-10T00:04:41.896+0600] {processor.py:208} INFO - Processing /home/shamim/airflow_venv/lib/python3.12/site-packages/airflow/example_dags/example_latest_only.py took 0.178 seconds
[2025-03-10T00:06:35.046+0600] {processor.py:186} INFO - Started process (PID=41518) to work on /home/shamim/airflow_venv/lib/python3.12/site-packages/airflow/example_dags/example_latest_only.py
[2025-03-10T00:06:35.062+0600] {processor.py:914} INFO - Processing file /home/shamim/airflow_venv/lib/python3.12/site-packages/airflow/example_dags/example_latest_only.py for tasks to queue
[2025-03-10T00:06:35.070+0600] {logging_mixin.py:190} INFO - [2025-03-10T00:06:35.069+0600] {dagbag.py:588} INFO - Filling up the DagBag from /home/shamim/airflow_venv/lib/python3.12/site-packages/airflow/example_dags/example_latest_only.py
[2025-03-10T00:06:35.093+0600] {processor.py:925} INFO - DAG(s) 'latest_only' retrieved from /home/shamim/airflow_venv/lib/python3.12/site-packages/airflow/example_dags/example_latest_only.py
[2025-03-10T00:06:35.117+0600] {logging_mixin.py:190} INFO - [2025-03-10T00:06:35.116+0600] {dag.py:3239} INFO - Sync 1 DAGs
[2025-03-10T00:06:35.161+0600] {logging_mixin.py:190} INFO - [2025-03-10T00:06:35.161+0600] {dag.py:4180} INFO - Setting next_dagrun for latest_only to 2025-03-09 12:00:00+00:00, run_after=2025-03-09 16:00:00+00:00
[2025-03-10T00:06:35.191+0600] {processor.py:208} INFO - Processing /home/shamim/airflow_venv/lib/python3.12/site-packages/airflow/example_dags/example_latest_only.py took 0.156 seconds
[2025-03-10T00:12:22.347+0600] {processor.py:186} INFO - Started process (PID=44504) to work on /home/shamim/airflow_venv/lib/python3.12/site-packages/airflow/example_dags/example_latest_only.py
[2025-03-10T00:12:22.348+0600] {processor.py:914} INFO - Processing file /home/shamim/airflow_venv/lib/python3.12/site-packages/airflow/example_dags/example_latest_only.py for tasks to queue
[2025-03-10T00:12:22.351+0600] {logging_mixin.py:190} INFO - [2025-03-10T00:12:22.350+0600] {dagbag.py:588} INFO - Filling up the DagBag from /home/shamim/airflow_venv/lib/python3.12/site-packages/airflow/example_dags/example_latest_only.py
[2025-03-10T00:12:22.361+0600] {processor.py:925} INFO - DAG(s) 'latest_only' retrieved from /home/shamim/airflow_venv/lib/python3.12/site-packages/airflow/example_dags/example_latest_only.py
[2025-03-10T00:12:22.395+0600] {logging_mixin.py:190} INFO - [2025-03-10T00:12:22.395+0600] {dag.py:3239} INFO - Sync 1 DAGs
[2025-03-10T00:12:22.428+0600] {logging_mixin.py:190} INFO - [2025-03-10T00:12:22.428+0600] {dag.py:4180} INFO - Setting next_dagrun for latest_only to 2025-03-09 12:00:00+00:00, run_after=2025-03-09 16:00:00+00:00
[2025-03-10T00:12:22.469+0600] {processor.py:208} INFO - Processing /home/shamim/airflow_venv/lib/python3.12/site-packages/airflow/example_dags/example_latest_only.py took 0.132 seconds
[2025-03-10T00:13:48.673+0600] {processor.py:186} INFO - Started process (PID=45785) to work on /home/shamim/airflow_venv/lib/python3.12/site-packages/airflow/example_dags/example_latest_only.py
[2025-03-10T00:13:48.680+0600] {processor.py:914} INFO - Processing file /home/shamim/airflow_venv/lib/python3.12/site-packages/airflow/example_dags/example_latest_only.py for tasks to queue
[2025-03-10T00:13:48.683+0600] {logging_mixin.py:190} INFO - [2025-03-10T00:13:48.682+0600] {dagbag.py:588} INFO - Filling up the DagBag from /home/shamim/airflow_venv/lib/python3.12/site-packages/airflow/example_dags/example_latest_only.py
[2025-03-10T00:13:48.694+0600] {processor.py:925} INFO - DAG(s) 'latest_only' retrieved from /home/shamim/airflow_venv/lib/python3.12/site-packages/airflow/example_dags/example_latest_only.py
[2025-03-10T00:13:48.715+0600] {logging_mixin.py:190} INFO - [2025-03-10T00:13:48.714+0600] {dag.py:3239} INFO - Sync 1 DAGs
[2025-03-10T00:13:48.739+0600] {logging_mixin.py:190} INFO - [2025-03-10T00:13:48.739+0600] {dag.py:4180} INFO - Setting next_dagrun for latest_only to 2025-03-09 12:00:00+00:00, run_after=2025-03-09 16:00:00+00:00
[2025-03-10T00:13:48.760+0600] {processor.py:208} INFO - Processing /home/shamim/airflow_venv/lib/python3.12/site-packages/airflow/example_dags/example_latest_only.py took 0.094 seconds
[2025-03-10T00:15:14.589+0600] {processor.py:186} INFO - Started process (PID=46243) to work on /home/shamim/airflow_venv/lib/python3.12/site-packages/airflow/example_dags/example_latest_only.py
[2025-03-10T00:15:14.743+0600] {processor.py:914} INFO - Processing file /home/shamim/airflow_venv/lib/python3.12/site-packages/airflow/example_dags/example_latest_only.py for tasks to queue
[2025-03-10T00:15:14.749+0600] {logging_mixin.py:190} INFO - [2025-03-10T00:15:14.746+0600] {dagbag.py:588} INFO - Filling up the DagBag from /home/shamim/airflow_venv/lib/python3.12/site-packages/airflow/example_dags/example_latest_only.py
[2025-03-10T00:15:14.767+0600] {processor.py:925} INFO - DAG(s) 'latest_only' retrieved from /home/shamim/airflow_venv/lib/python3.12/site-packages/airflow/example_dags/example_latest_only.py
[2025-03-10T00:15:14.795+0600] {logging_mixin.py:190} INFO - [2025-03-10T00:15:14.795+0600] {dag.py:3239} INFO - Sync 1 DAGs
[2025-03-10T00:15:14.826+0600] {logging_mixin.py:190} INFO - [2025-03-10T00:15:14.826+0600] {dag.py:4180} INFO - Setting next_dagrun for latest_only to 2025-03-09 12:00:00+00:00, run_after=2025-03-09 16:00:00+00:00
[2025-03-10T00:15:14.860+0600] {processor.py:208} INFO - Processing /home/shamim/airflow_venv/lib/python3.12/site-packages/airflow/example_dags/example_latest_only.py took 0.279 seconds
[2025-03-10T00:28:52.000+0600] {processor.py:186} INFO - Started process (PID=47996) to work on /home/shamim/airflow_venv/lib/python3.12/site-packages/airflow/example_dags/example_latest_only.py
[2025-03-10T00:28:52.004+0600] {processor.py:914} INFO - Processing file /home/shamim/airflow_venv/lib/python3.12/site-packages/airflow/example_dags/example_latest_only.py for tasks to queue
[2025-03-10T00:28:52.006+0600] {logging_mixin.py:190} INFO - [2025-03-10T00:28:52.005+0600] {dagbag.py:588} INFO - Filling up the DagBag from /home/shamim/airflow_venv/lib/python3.12/site-packages/airflow/example_dags/example_latest_only.py
[2025-03-10T00:28:52.014+0600] {processor.py:925} INFO - DAG(s) 'latest_only' retrieved from /home/shamim/airflow_venv/lib/python3.12/site-packages/airflow/example_dags/example_latest_only.py
[2025-03-10T00:28:52.041+0600] {logging_mixin.py:190} INFO - [2025-03-10T00:28:52.040+0600] {dag.py:3239} INFO - Sync 1 DAGs
[2025-03-10T00:28:52.065+0600] {logging_mixin.py:190} INFO - [2025-03-10T00:28:52.064+0600] {dag.py:4180} INFO - Setting next_dagrun for latest_only to 2025-03-09 12:00:00+00:00, run_after=2025-03-09 16:00:00+00:00
[2025-03-10T00:28:52.090+0600] {processor.py:208} INFO - Processing /home/shamim/airflow_venv/lib/python3.12/site-packages/airflow/example_dags/example_latest_only.py took 0.098 seconds
[2025-03-10T00:30:26.875+0600] {processor.py:186} INFO - Started process (PID=48328) to work on /home/shamim/airflow_venv/lib/python3.12/site-packages/airflow/example_dags/example_latest_only.py
[2025-03-10T00:30:26.909+0600] {processor.py:914} INFO - Processing file /home/shamim/airflow_venv/lib/python3.12/site-packages/airflow/example_dags/example_latest_only.py for tasks to queue
[2025-03-10T00:30:26.913+0600] {logging_mixin.py:190} INFO - [2025-03-10T00:30:26.911+0600] {dagbag.py:588} INFO - Filling up the DagBag from /home/shamim/airflow_venv/lib/python3.12/site-packages/airflow/example_dags/example_latest_only.py
[2025-03-10T00:30:26.936+0600] {processor.py:925} INFO - DAG(s) 'latest_only' retrieved from /home/shamim/airflow_venv/lib/python3.12/site-packages/airflow/example_dags/example_latest_only.py
[2025-03-10T00:30:27.001+0600] {logging_mixin.py:190} INFO - [2025-03-10T00:30:27.000+0600] {dag.py:3239} INFO - Sync 1 DAGs
[2025-03-10T00:30:27.039+0600] {logging_mixin.py:190} INFO - [2025-03-10T00:30:27.038+0600] {dag.py:4180} INFO - Setting next_dagrun for latest_only to 2025-03-09 12:00:00+00:00, run_after=2025-03-09 16:00:00+00:00
[2025-03-10T00:30:27.094+0600] {processor.py:208} INFO - Processing /home/shamim/airflow_venv/lib/python3.12/site-packages/airflow/example_dags/example_latest_only.py took 0.238 seconds
