[2025-03-09T23:14:31.687+0600] {processor.py:186} INFO - Started process (PID=21182) to work on /home/shamim/airflow_venv/lib/python3.12/site-packages/airflow/example_dags/tutorial_objectstorage.py
[2025-03-09T23:14:31.688+0600] {processor.py:914} INFO - Processing file /home/shamim/airflow_venv/lib/python3.12/site-packages/airflow/example_dags/tutorial_objectstorage.py for tasks to queue
[2025-03-09T23:14:31.690+0600] {logging_mixin.py:190} INFO - [2025-03-09T23:14:31.690+0600] {dagbag.py:588} INFO - Filling up the DagBag from /home/shamim/airflow_venv/lib/python3.12/site-packages/airflow/example_dags/tutorial_objectstorage.py
[2025-03-09T23:14:31.704+0600] {processor.py:925} INFO - DAG(s) 'tutorial_objectstorage' retrieved from /home/shamim/airflow_venv/lib/python3.12/site-packages/airflow/example_dags/tutorial_objectstorage.py
[2025-03-09T23:14:31.739+0600] {logging_mixin.py:190} INFO - [2025-03-09T23:14:31.739+0600] {dag.py:3239} INFO - Sync 1 DAGs
[2025-03-09T23:14:31.758+0600] {logging_mixin.py:190} INFO - [2025-03-09T23:14:31.758+0600] {dag.py:4180} INFO - Setting next_dagrun for tutorial_objectstorage to None, run_after=None
[2025-03-09T23:14:31.786+0600] {processor.py:208} INFO - Processing /home/shamim/airflow_venv/lib/python3.12/site-packages/airflow/example_dags/tutorial_objectstorage.py took 0.107 seconds
[2025-03-09T23:16:22.302+0600] {processor.py:186} INFO - Started process (PID=21988) to work on /home/shamim/airflow_venv/lib/python3.12/site-packages/airflow/example_dags/tutorial_objectstorage.py
[2025-03-09T23:16:22.308+0600] {processor.py:914} INFO - Processing file /home/shamim/airflow_venv/lib/python3.12/site-packages/airflow/example_dags/tutorial_objectstorage.py for tasks to queue
[2025-03-09T23:16:22.311+0600] {logging_mixin.py:190} INFO - [2025-03-09T23:16:22.310+0600] {dagbag.py:588} INFO - Filling up the DagBag from /home/shamim/airflow_venv/lib/python3.12/site-packages/airflow/example_dags/tutorial_objectstorage.py
[2025-03-09T23:16:22.323+0600] {processor.py:925} INFO - DAG(s) 'tutorial_objectstorage' retrieved from /home/shamim/airflow_venv/lib/python3.12/site-packages/airflow/example_dags/tutorial_objectstorage.py
[2025-03-09T23:16:22.342+0600] {logging_mixin.py:190} INFO - [2025-03-09T23:16:22.341+0600] {dag.py:3239} INFO - Sync 1 DAGs
[2025-03-09T23:16:22.356+0600] {logging_mixin.py:190} INFO - [2025-03-09T23:16:22.356+0600] {dag.py:4180} INFO - Setting next_dagrun for tutorial_objectstorage to None, run_after=None
[2025-03-09T23:16:22.382+0600] {processor.py:208} INFO - Processing /home/shamim/airflow_venv/lib/python3.12/site-packages/airflow/example_dags/tutorial_objectstorage.py took 0.087 seconds
[2025-03-09T23:17:50.645+0600] {processor.py:186} INFO - Started process (PID=22542) to work on /home/shamim/airflow_venv/lib/python3.12/site-packages/airflow/example_dags/tutorial_objectstorage.py
[2025-03-09T23:17:50.651+0600] {processor.py:914} INFO - Processing file /home/shamim/airflow_venv/lib/python3.12/site-packages/airflow/example_dags/tutorial_objectstorage.py for tasks to queue
[2025-03-09T23:17:50.653+0600] {logging_mixin.py:190} INFO - [2025-03-09T23:17:50.653+0600] {dagbag.py:588} INFO - Filling up the DagBag from /home/shamim/airflow_venv/lib/python3.12/site-packages/airflow/example_dags/tutorial_objectstorage.py
[2025-03-09T23:17:50.666+0600] {processor.py:925} INFO - DAG(s) 'tutorial_objectstorage' retrieved from /home/shamim/airflow_venv/lib/python3.12/site-packages/airflow/example_dags/tutorial_objectstorage.py
[2025-03-09T23:17:50.683+0600] {logging_mixin.py:190} INFO - [2025-03-09T23:17:50.683+0600] {dag.py:3239} INFO - Sync 1 DAGs
[2025-03-09T23:17:50.699+0600] {logging_mixin.py:190} INFO - [2025-03-09T23:17:50.699+0600] {dag.py:4180} INFO - Setting next_dagrun for tutorial_objectstorage to None, run_after=None
[2025-03-09T23:17:50.721+0600] {processor.py:208} INFO - Processing /home/shamim/airflow_venv/lib/python3.12/site-packages/airflow/example_dags/tutorial_objectstorage.py took 0.083 seconds
[2025-03-09T23:19:44.125+0600] {processor.py:186} INFO - Started process (PID=23556) to work on /home/shamim/airflow_venv/lib/python3.12/site-packages/airflow/example_dags/tutorial_objectstorage.py
[2025-03-09T23:19:44.131+0600] {processor.py:914} INFO - Processing file /home/shamim/airflow_venv/lib/python3.12/site-packages/airflow/example_dags/tutorial_objectstorage.py for tasks to queue
[2025-03-09T23:19:44.134+0600] {logging_mixin.py:190} INFO - [2025-03-09T23:19:44.134+0600] {dagbag.py:588} INFO - Filling up the DagBag from /home/shamim/airflow_venv/lib/python3.12/site-packages/airflow/example_dags/tutorial_objectstorage.py
[2025-03-09T23:19:44.147+0600] {processor.py:925} INFO - DAG(s) 'tutorial_objectstorage' retrieved from /home/shamim/airflow_venv/lib/python3.12/site-packages/airflow/example_dags/tutorial_objectstorage.py
[2025-03-09T23:19:44.168+0600] {logging_mixin.py:190} INFO - [2025-03-09T23:19:44.167+0600] {dag.py:3239} INFO - Sync 1 DAGs
[2025-03-09T23:19:44.187+0600] {logging_mixin.py:190} INFO - [2025-03-09T23:19:44.187+0600] {dag.py:4180} INFO - Setting next_dagrun for tutorial_objectstorage to None, run_after=None
[2025-03-09T23:19:44.215+0600] {processor.py:208} INFO - Processing /home/shamim/airflow_venv/lib/python3.12/site-packages/airflow/example_dags/tutorial_objectstorage.py took 0.098 seconds
[2025-03-09T23:21:03.471+0600] {processor.py:186} INFO - Started process (PID=24078) to work on /home/shamim/airflow_venv/lib/python3.12/site-packages/airflow/example_dags/tutorial_objectstorage.py
[2025-03-09T23:21:03.477+0600] {processor.py:914} INFO - Processing file /home/shamim/airflow_venv/lib/python3.12/site-packages/airflow/example_dags/tutorial_objectstorage.py for tasks to queue
[2025-03-09T23:21:03.480+0600] {logging_mixin.py:190} INFO - [2025-03-09T23:21:03.480+0600] {dagbag.py:588} INFO - Filling up the DagBag from /home/shamim/airflow_venv/lib/python3.12/site-packages/airflow/example_dags/tutorial_objectstorage.py
[2025-03-09T23:21:03.498+0600] {processor.py:925} INFO - DAG(s) 'tutorial_objectstorage' retrieved from /home/shamim/airflow_venv/lib/python3.12/site-packages/airflow/example_dags/tutorial_objectstorage.py
[2025-03-09T23:21:03.526+0600] {logging_mixin.py:190} INFO - [2025-03-09T23:21:03.525+0600] {dag.py:3239} INFO - Sync 1 DAGs
[2025-03-09T23:21:03.555+0600] {logging_mixin.py:190} INFO - [2025-03-09T23:21:03.554+0600] {dag.py:4180} INFO - Setting next_dagrun for tutorial_objectstorage to None, run_after=None
[2025-03-09T23:21:03.602+0600] {processor.py:208} INFO - Processing /home/shamim/airflow_venv/lib/python3.12/site-packages/airflow/example_dags/tutorial_objectstorage.py took 0.141 seconds
[2025-03-09T23:22:36.664+0600] {processor.py:186} INFO - Started process (PID=24647) to work on /home/shamim/airflow_venv/lib/python3.12/site-packages/airflow/example_dags/tutorial_objectstorage.py
[2025-03-09T23:22:36.670+0600] {processor.py:914} INFO - Processing file /home/shamim/airflow_venv/lib/python3.12/site-packages/airflow/example_dags/tutorial_objectstorage.py for tasks to queue
[2025-03-09T23:22:36.673+0600] {logging_mixin.py:190} INFO - [2025-03-09T23:22:36.673+0600] {dagbag.py:588} INFO - Filling up the DagBag from /home/shamim/airflow_venv/lib/python3.12/site-packages/airflow/example_dags/tutorial_objectstorage.py
[2025-03-09T23:22:36.687+0600] {processor.py:925} INFO - DAG(s) 'tutorial_objectstorage' retrieved from /home/shamim/airflow_venv/lib/python3.12/site-packages/airflow/example_dags/tutorial_objectstorage.py
[2025-03-09T23:22:36.709+0600] {logging_mixin.py:190} INFO - [2025-03-09T23:22:36.709+0600] {dag.py:3239} INFO - Sync 1 DAGs
[2025-03-09T23:22:36.729+0600] {logging_mixin.py:190} INFO - [2025-03-09T23:22:36.729+0600] {dag.py:4180} INFO - Setting next_dagrun for tutorial_objectstorage to None, run_after=None
[2025-03-09T23:22:36.761+0600] {processor.py:208} INFO - Processing /home/shamim/airflow_venv/lib/python3.12/site-packages/airflow/example_dags/tutorial_objectstorage.py took 0.110 seconds
[2025-03-09T23:24:02.116+0600] {processor.py:186} INFO - Started process (PID=25252) to work on /home/shamim/airflow_venv/lib/python3.12/site-packages/airflow/example_dags/tutorial_objectstorage.py
[2025-03-09T23:24:02.122+0600] {processor.py:914} INFO - Processing file /home/shamim/airflow_venv/lib/python3.12/site-packages/airflow/example_dags/tutorial_objectstorage.py for tasks to queue
[2025-03-09T23:24:02.124+0600] {logging_mixin.py:190} INFO - [2025-03-09T23:24:02.124+0600] {dagbag.py:588} INFO - Filling up the DagBag from /home/shamim/airflow_venv/lib/python3.12/site-packages/airflow/example_dags/tutorial_objectstorage.py
[2025-03-09T23:24:02.140+0600] {processor.py:925} INFO - DAG(s) 'tutorial_objectstorage' retrieved from /home/shamim/airflow_venv/lib/python3.12/site-packages/airflow/example_dags/tutorial_objectstorage.py
[2025-03-09T23:24:02.169+0600] {logging_mixin.py:190} INFO - [2025-03-09T23:24:02.169+0600] {dag.py:3239} INFO - Sync 1 DAGs
[2025-03-09T23:24:02.195+0600] {logging_mixin.py:190} INFO - [2025-03-09T23:24:02.194+0600] {dag.py:4180} INFO - Setting next_dagrun for tutorial_objectstorage to None, run_after=None
[2025-03-09T23:24:02.235+0600] {processor.py:208} INFO - Processing /home/shamim/airflow_venv/lib/python3.12/site-packages/airflow/example_dags/tutorial_objectstorage.py took 0.128 seconds
[2025-03-09T23:25:24.614+0600] {processor.py:186} INFO - Started process (PID=25803) to work on /home/shamim/airflow_venv/lib/python3.12/site-packages/airflow/example_dags/tutorial_objectstorage.py
[2025-03-09T23:25:24.623+0600] {processor.py:914} INFO - Processing file /home/shamim/airflow_venv/lib/python3.12/site-packages/airflow/example_dags/tutorial_objectstorage.py for tasks to queue
[2025-03-09T23:25:24.626+0600] {logging_mixin.py:190} INFO - [2025-03-09T23:25:24.626+0600] {dagbag.py:588} INFO - Filling up the DagBag from /home/shamim/airflow_venv/lib/python3.12/site-packages/airflow/example_dags/tutorial_objectstorage.py
[2025-03-09T23:25:24.641+0600] {processor.py:925} INFO - DAG(s) 'tutorial_objectstorage' retrieved from /home/shamim/airflow_venv/lib/python3.12/site-packages/airflow/example_dags/tutorial_objectstorage.py
[2025-03-09T23:25:24.664+0600] {logging_mixin.py:190} INFO - [2025-03-09T23:25:24.663+0600] {dag.py:3239} INFO - Sync 1 DAGs
[2025-03-09T23:25:24.683+0600] {logging_mixin.py:190} INFO - [2025-03-09T23:25:24.683+0600] {dag.py:4180} INFO - Setting next_dagrun for tutorial_objectstorage to None, run_after=None
[2025-03-09T23:25:24.712+0600] {processor.py:208} INFO - Processing /home/shamim/airflow_venv/lib/python3.12/site-packages/airflow/example_dags/tutorial_objectstorage.py took 0.106 seconds
[2025-03-09T23:26:58.403+0600] {processor.py:186} INFO - Started process (PID=26387) to work on /home/shamim/airflow_venv/lib/python3.12/site-packages/airflow/example_dags/tutorial_objectstorage.py
[2025-03-09T23:26:58.409+0600] {processor.py:914} INFO - Processing file /home/shamim/airflow_venv/lib/python3.12/site-packages/airflow/example_dags/tutorial_objectstorage.py for tasks to queue
[2025-03-09T23:26:58.412+0600] {logging_mixin.py:190} INFO - [2025-03-09T23:26:58.411+0600] {dagbag.py:588} INFO - Filling up the DagBag from /home/shamim/airflow_venv/lib/python3.12/site-packages/airflow/example_dags/tutorial_objectstorage.py
[2025-03-09T23:26:58.426+0600] {processor.py:925} INFO - DAG(s) 'tutorial_objectstorage' retrieved from /home/shamim/airflow_venv/lib/python3.12/site-packages/airflow/example_dags/tutorial_objectstorage.py
[2025-03-09T23:26:58.445+0600] {logging_mixin.py:190} INFO - [2025-03-09T23:26:58.444+0600] {dag.py:3239} INFO - Sync 1 DAGs
[2025-03-09T23:26:58.460+0600] {logging_mixin.py:190} INFO - [2025-03-09T23:26:58.459+0600] {dag.py:4180} INFO - Setting next_dagrun for tutorial_objectstorage to None, run_after=None
[2025-03-09T23:26:58.487+0600] {processor.py:208} INFO - Processing /home/shamim/airflow_venv/lib/python3.12/site-packages/airflow/example_dags/tutorial_objectstorage.py took 0.091 seconds
[2025-03-09T23:28:34.396+0600] {processor.py:186} INFO - Started process (PID=26979) to work on /home/shamim/airflow_venv/lib/python3.12/site-packages/airflow/example_dags/tutorial_objectstorage.py
[2025-03-09T23:28:34.404+0600] {processor.py:914} INFO - Processing file /home/shamim/airflow_venv/lib/python3.12/site-packages/airflow/example_dags/tutorial_objectstorage.py for tasks to queue
[2025-03-09T23:28:34.406+0600] {logging_mixin.py:190} INFO - [2025-03-09T23:28:34.406+0600] {dagbag.py:588} INFO - Filling up the DagBag from /home/shamim/airflow_venv/lib/python3.12/site-packages/airflow/example_dags/tutorial_objectstorage.py
[2025-03-09T23:28:34.421+0600] {processor.py:925} INFO - DAG(s) 'tutorial_objectstorage' retrieved from /home/shamim/airflow_venv/lib/python3.12/site-packages/airflow/example_dags/tutorial_objectstorage.py
[2025-03-09T23:28:34.441+0600] {logging_mixin.py:190} INFO - [2025-03-09T23:28:34.441+0600] {dag.py:3239} INFO - Sync 1 DAGs
[2025-03-09T23:28:34.459+0600] {logging_mixin.py:190} INFO - [2025-03-09T23:28:34.459+0600] {dag.py:4180} INFO - Setting next_dagrun for tutorial_objectstorage to None, run_after=None
[2025-03-09T23:28:34.498+0600] {processor.py:208} INFO - Processing /home/shamim/airflow_venv/lib/python3.12/site-packages/airflow/example_dags/tutorial_objectstorage.py took 0.111 seconds
[2025-03-09T23:30:04.297+0600] {processor.py:186} INFO - Started process (PID=27626) to work on /home/shamim/airflow_venv/lib/python3.12/site-packages/airflow/example_dags/tutorial_objectstorage.py
[2025-03-09T23:30:04.310+0600] {processor.py:914} INFO - Processing file /home/shamim/airflow_venv/lib/python3.12/site-packages/airflow/example_dags/tutorial_objectstorage.py for tasks to queue
[2025-03-09T23:30:04.313+0600] {logging_mixin.py:190} INFO - [2025-03-09T23:30:04.313+0600] {dagbag.py:588} INFO - Filling up the DagBag from /home/shamim/airflow_venv/lib/python3.12/site-packages/airflow/example_dags/tutorial_objectstorage.py
[2025-03-09T23:30:04.331+0600] {processor.py:925} INFO - DAG(s) 'tutorial_objectstorage' retrieved from /home/shamim/airflow_venv/lib/python3.12/site-packages/airflow/example_dags/tutorial_objectstorage.py
[2025-03-09T23:30:04.359+0600] {logging_mixin.py:190} INFO - [2025-03-09T23:30:04.358+0600] {dag.py:3239} INFO - Sync 1 DAGs
[2025-03-09T23:30:04.385+0600] {logging_mixin.py:190} INFO - [2025-03-09T23:30:04.384+0600] {dag.py:4180} INFO - Setting next_dagrun for tutorial_objectstorage to None, run_after=None
[2025-03-09T23:30:04.425+0600] {processor.py:208} INFO - Processing /home/shamim/airflow_venv/lib/python3.12/site-packages/airflow/example_dags/tutorial_objectstorage.py took 0.141 seconds
[2025-03-09T23:31:45.488+0600] {processor.py:186} INFO - Started process (PID=28430) to work on /home/shamim/airflow_venv/lib/python3.12/site-packages/airflow/example_dags/tutorial_objectstorage.py
[2025-03-09T23:31:45.494+0600] {processor.py:914} INFO - Processing file /home/shamim/airflow_venv/lib/python3.12/site-packages/airflow/example_dags/tutorial_objectstorage.py for tasks to queue
[2025-03-09T23:31:45.497+0600] {logging_mixin.py:190} INFO - [2025-03-09T23:31:45.496+0600] {dagbag.py:588} INFO - Filling up the DagBag from /home/shamim/airflow_venv/lib/python3.12/site-packages/airflow/example_dags/tutorial_objectstorage.py
[2025-03-09T23:31:45.509+0600] {processor.py:925} INFO - DAG(s) 'tutorial_objectstorage' retrieved from /home/shamim/airflow_venv/lib/python3.12/site-packages/airflow/example_dags/tutorial_objectstorage.py
[2025-03-09T23:31:45.527+0600] {logging_mixin.py:190} INFO - [2025-03-09T23:31:45.527+0600] {dag.py:3239} INFO - Sync 1 DAGs
[2025-03-09T23:31:45.544+0600] {logging_mixin.py:190} INFO - [2025-03-09T23:31:45.544+0600] {dag.py:4180} INFO - Setting next_dagrun for tutorial_objectstorage to None, run_after=None
[2025-03-09T23:31:45.571+0600] {processor.py:208} INFO - Processing /home/shamim/airflow_venv/lib/python3.12/site-packages/airflow/example_dags/tutorial_objectstorage.py took 0.090 seconds
[2025-03-09T23:32:31.216+0600] {processor.py:186} INFO - Started process (PID=28681) to work on /home/shamim/airflow_venv/lib/python3.12/site-packages/airflow/example_dags/tutorial_objectstorage.py
[2025-03-09T23:32:31.222+0600] {processor.py:914} INFO - Processing file /home/shamim/airflow_venv/lib/python3.12/site-packages/airflow/example_dags/tutorial_objectstorage.py for tasks to queue
[2025-03-09T23:32:31.225+0600] {logging_mixin.py:190} INFO - [2025-03-09T23:32:31.224+0600] {dagbag.py:588} INFO - Filling up the DagBag from /home/shamim/airflow_venv/lib/python3.12/site-packages/airflow/example_dags/tutorial_objectstorage.py
[2025-03-09T23:32:31.238+0600] {processor.py:925} INFO - DAG(s) 'tutorial_objectstorage' retrieved from /home/shamim/airflow_venv/lib/python3.12/site-packages/airflow/example_dags/tutorial_objectstorage.py
[2025-03-09T23:32:31.256+0600] {logging_mixin.py:190} INFO - [2025-03-09T23:32:31.256+0600] {dag.py:3239} INFO - Sync 1 DAGs
[2025-03-09T23:32:31.273+0600] {logging_mixin.py:190} INFO - [2025-03-09T23:32:31.273+0600] {dag.py:4180} INFO - Setting next_dagrun for tutorial_objectstorage to None, run_after=None
[2025-03-09T23:32:31.299+0600] {processor.py:208} INFO - Processing /home/shamim/airflow_venv/lib/python3.12/site-packages/airflow/example_dags/tutorial_objectstorage.py took 0.092 seconds
[2025-03-09T23:33:40.701+0600] {processor.py:186} INFO - Started process (PID=29170) to work on /home/shamim/airflow_venv/lib/python3.12/site-packages/airflow/example_dags/tutorial_objectstorage.py
[2025-03-09T23:33:40.705+0600] {processor.py:914} INFO - Processing file /home/shamim/airflow_venv/lib/python3.12/site-packages/airflow/example_dags/tutorial_objectstorage.py for tasks to queue
[2025-03-09T23:33:40.709+0600] {logging_mixin.py:190} INFO - [2025-03-09T23:33:40.708+0600] {dagbag.py:588} INFO - Filling up the DagBag from /home/shamim/airflow_venv/lib/python3.12/site-packages/airflow/example_dags/tutorial_objectstorage.py
[2025-03-09T23:33:40.722+0600] {processor.py:925} INFO - DAG(s) 'tutorial_objectstorage' retrieved from /home/shamim/airflow_venv/lib/python3.12/site-packages/airflow/example_dags/tutorial_objectstorage.py
[2025-03-09T23:33:40.742+0600] {logging_mixin.py:190} INFO - [2025-03-09T23:33:40.742+0600] {dag.py:3239} INFO - Sync 1 DAGs
[2025-03-09T23:33:40.760+0600] {logging_mixin.py:190} INFO - [2025-03-09T23:33:40.760+0600] {dag.py:4180} INFO - Setting next_dagrun for tutorial_objectstorage to None, run_after=None
[2025-03-09T23:33:40.790+0600] {processor.py:208} INFO - Processing /home/shamim/airflow_venv/lib/python3.12/site-packages/airflow/example_dags/tutorial_objectstorage.py took 0.098 seconds
[2025-03-09T23:35:06.956+0600] {processor.py:186} INFO - Started process (PID=29637) to work on /home/shamim/airflow_venv/lib/python3.12/site-packages/airflow/example_dags/tutorial_objectstorage.py
[2025-03-09T23:35:06.964+0600] {processor.py:914} INFO - Processing file /home/shamim/airflow_venv/lib/python3.12/site-packages/airflow/example_dags/tutorial_objectstorage.py for tasks to queue
[2025-03-09T23:35:06.971+0600] {logging_mixin.py:190} INFO - [2025-03-09T23:35:06.970+0600] {dagbag.py:588} INFO - Filling up the DagBag from /home/shamim/airflow_venv/lib/python3.12/site-packages/airflow/example_dags/tutorial_objectstorage.py
[2025-03-09T23:35:06.990+0600] {processor.py:925} INFO - DAG(s) 'tutorial_objectstorage' retrieved from /home/shamim/airflow_venv/lib/python3.12/site-packages/airflow/example_dags/tutorial_objectstorage.py
[2025-03-09T23:35:07.008+0600] {logging_mixin.py:190} INFO - [2025-03-09T23:35:07.008+0600] {dag.py:3239} INFO - Sync 1 DAGs
[2025-03-09T23:35:07.023+0600] {logging_mixin.py:190} INFO - [2025-03-09T23:35:07.023+0600] {dag.py:4180} INFO - Setting next_dagrun for tutorial_objectstorage to None, run_after=None
[2025-03-09T23:35:07.050+0600] {processor.py:208} INFO - Processing /home/shamim/airflow_venv/lib/python3.12/site-packages/airflow/example_dags/tutorial_objectstorage.py took 0.113 seconds
[2025-03-09T23:36:36.433+0600] {processor.py:186} INFO - Started process (PID=30152) to work on /home/shamim/airflow_venv/lib/python3.12/site-packages/airflow/example_dags/tutorial_objectstorage.py
[2025-03-09T23:36:36.437+0600] {processor.py:914} INFO - Processing file /home/shamim/airflow_venv/lib/python3.12/site-packages/airflow/example_dags/tutorial_objectstorage.py for tasks to queue
[2025-03-09T23:36:36.439+0600] {logging_mixin.py:190} INFO - [2025-03-09T23:36:36.439+0600] {dagbag.py:588} INFO - Filling up the DagBag from /home/shamim/airflow_venv/lib/python3.12/site-packages/airflow/example_dags/tutorial_objectstorage.py
[2025-03-09T23:36:36.454+0600] {processor.py:925} INFO - DAG(s) 'tutorial_objectstorage' retrieved from /home/shamim/airflow_venv/lib/python3.12/site-packages/airflow/example_dags/tutorial_objectstorage.py
[2025-03-09T23:36:36.478+0600] {logging_mixin.py:190} INFO - [2025-03-09T23:36:36.478+0600] {dag.py:3239} INFO - Sync 1 DAGs
[2025-03-09T23:36:36.499+0600] {logging_mixin.py:190} INFO - [2025-03-09T23:36:36.498+0600] {dag.py:4180} INFO - Setting next_dagrun for tutorial_objectstorage to None, run_after=None
[2025-03-09T23:36:36.533+0600] {processor.py:208} INFO - Processing /home/shamim/airflow_venv/lib/python3.12/site-packages/airflow/example_dags/tutorial_objectstorage.py took 0.107 seconds
[2025-03-09T23:37:58.660+0600] {processor.py:186} INFO - Started process (PID=30681) to work on /home/shamim/airflow_venv/lib/python3.12/site-packages/airflow/example_dags/tutorial_objectstorage.py
[2025-03-09T23:37:58.666+0600] {processor.py:914} INFO - Processing file /home/shamim/airflow_venv/lib/python3.12/site-packages/airflow/example_dags/tutorial_objectstorage.py for tasks to queue
[2025-03-09T23:37:58.670+0600] {logging_mixin.py:190} INFO - [2025-03-09T23:37:58.669+0600] {dagbag.py:588} INFO - Filling up the DagBag from /home/shamim/airflow_venv/lib/python3.12/site-packages/airflow/example_dags/tutorial_objectstorage.py
[2025-03-09T23:37:58.687+0600] {processor.py:925} INFO - DAG(s) 'tutorial_objectstorage' retrieved from /home/shamim/airflow_venv/lib/python3.12/site-packages/airflow/example_dags/tutorial_objectstorage.py
[2025-03-09T23:37:58.709+0600] {logging_mixin.py:190} INFO - [2025-03-09T23:37:58.709+0600] {dag.py:3239} INFO - Sync 1 DAGs
[2025-03-09T23:37:58.727+0600] {logging_mixin.py:190} INFO - [2025-03-09T23:37:58.727+0600] {dag.py:4180} INFO - Setting next_dagrun for tutorial_objectstorage to None, run_after=None
[2025-03-09T23:37:58.756+0600] {processor.py:208} INFO - Processing /home/shamim/airflow_venv/lib/python3.12/site-packages/airflow/example_dags/tutorial_objectstorage.py took 0.102 seconds
[2025-03-09T23:40:03.152+0600] {processor.py:186} INFO - Started process (PID=31843) to work on /home/shamim/airflow_venv/lib/python3.12/site-packages/airflow/example_dags/tutorial_objectstorage.py
[2025-03-09T23:40:03.159+0600] {processor.py:914} INFO - Processing file /home/shamim/airflow_venv/lib/python3.12/site-packages/airflow/example_dags/tutorial_objectstorage.py for tasks to queue
[2025-03-09T23:40:03.162+0600] {logging_mixin.py:190} INFO - [2025-03-09T23:40:03.161+0600] {dagbag.py:588} INFO - Filling up the DagBag from /home/shamim/airflow_venv/lib/python3.12/site-packages/airflow/example_dags/tutorial_objectstorage.py
[2025-03-09T23:40:03.174+0600] {processor.py:925} INFO - DAG(s) 'tutorial_objectstorage' retrieved from /home/shamim/airflow_venv/lib/python3.12/site-packages/airflow/example_dags/tutorial_objectstorage.py
[2025-03-09T23:40:03.192+0600] {logging_mixin.py:190} INFO - [2025-03-09T23:40:03.192+0600] {dag.py:3239} INFO - Sync 1 DAGs
[2025-03-09T23:40:03.209+0600] {logging_mixin.py:190} INFO - [2025-03-09T23:40:03.209+0600] {dag.py:4180} INFO - Setting next_dagrun for tutorial_objectstorage to None, run_after=None
[2025-03-09T23:40:03.238+0600] {processor.py:208} INFO - Processing /home/shamim/airflow_venv/lib/python3.12/site-packages/airflow/example_dags/tutorial_objectstorage.py took 0.093 seconds
[2025-03-09T23:41:38.689+0600] {processor.py:186} INFO - Started process (PID=32340) to work on /home/shamim/airflow_venv/lib/python3.12/site-packages/airflow/example_dags/tutorial_objectstorage.py
[2025-03-09T23:41:38.691+0600] {processor.py:914} INFO - Processing file /home/shamim/airflow_venv/lib/python3.12/site-packages/airflow/example_dags/tutorial_objectstorage.py for tasks to queue
[2025-03-09T23:41:38.696+0600] {logging_mixin.py:190} INFO - [2025-03-09T23:41:38.695+0600] {dagbag.py:588} INFO - Filling up the DagBag from /home/shamim/airflow_venv/lib/python3.12/site-packages/airflow/example_dags/tutorial_objectstorage.py
[2025-03-09T23:41:38.718+0600] {processor.py:925} INFO - DAG(s) 'tutorial_objectstorage' retrieved from /home/shamim/airflow_venv/lib/python3.12/site-packages/airflow/example_dags/tutorial_objectstorage.py
[2025-03-09T23:41:38.738+0600] {logging_mixin.py:190} INFO - [2025-03-09T23:41:38.737+0600] {dag.py:3239} INFO - Sync 1 DAGs
[2025-03-09T23:41:38.753+0600] {logging_mixin.py:190} INFO - [2025-03-09T23:41:38.753+0600] {dag.py:4180} INFO - Setting next_dagrun for tutorial_objectstorage to None, run_after=None
[2025-03-09T23:41:38.776+0600] {processor.py:208} INFO - Processing /home/shamim/airflow_venv/lib/python3.12/site-packages/airflow/example_dags/tutorial_objectstorage.py took 0.102 seconds
[2025-03-09T23:43:09.744+0600] {processor.py:186} INFO - Started process (PID=32831) to work on /home/shamim/airflow_venv/lib/python3.12/site-packages/airflow/example_dags/tutorial_objectstorage.py
[2025-03-09T23:43:09.750+0600] {processor.py:914} INFO - Processing file /home/shamim/airflow_venv/lib/python3.12/site-packages/airflow/example_dags/tutorial_objectstorage.py for tasks to queue
[2025-03-09T23:43:09.753+0600] {logging_mixin.py:190} INFO - [2025-03-09T23:43:09.752+0600] {dagbag.py:588} INFO - Filling up the DagBag from /home/shamim/airflow_venv/lib/python3.12/site-packages/airflow/example_dags/tutorial_objectstorage.py
[2025-03-09T23:43:09.764+0600] {processor.py:925} INFO - DAG(s) 'tutorial_objectstorage' retrieved from /home/shamim/airflow_venv/lib/python3.12/site-packages/airflow/example_dags/tutorial_objectstorage.py
[2025-03-09T23:43:09.783+0600] {logging_mixin.py:190} INFO - [2025-03-09T23:43:09.783+0600] {dag.py:3239} INFO - Sync 1 DAGs
[2025-03-09T23:43:09.800+0600] {logging_mixin.py:190} INFO - [2025-03-09T23:43:09.800+0600] {dag.py:4180} INFO - Setting next_dagrun for tutorial_objectstorage to None, run_after=None
[2025-03-09T23:43:09.830+0600] {processor.py:208} INFO - Processing /home/shamim/airflow_venv/lib/python3.12/site-packages/airflow/example_dags/tutorial_objectstorage.py took 0.093 seconds
[2025-03-09T23:44:39.781+0600] {processor.py:186} INFO - Started process (PID=33342) to work on /home/shamim/airflow_venv/lib/python3.12/site-packages/airflow/example_dags/tutorial_objectstorage.py
[2025-03-09T23:44:39.787+0600] {processor.py:914} INFO - Processing file /home/shamim/airflow_venv/lib/python3.12/site-packages/airflow/example_dags/tutorial_objectstorage.py for tasks to queue
[2025-03-09T23:44:39.791+0600] {logging_mixin.py:190} INFO - [2025-03-09T23:44:39.790+0600] {dagbag.py:588} INFO - Filling up the DagBag from /home/shamim/airflow_venv/lib/python3.12/site-packages/airflow/example_dags/tutorial_objectstorage.py
[2025-03-09T23:44:39.803+0600] {processor.py:925} INFO - DAG(s) 'tutorial_objectstorage' retrieved from /home/shamim/airflow_venv/lib/python3.12/site-packages/airflow/example_dags/tutorial_objectstorage.py
[2025-03-09T23:44:39.824+0600] {logging_mixin.py:190} INFO - [2025-03-09T23:44:39.824+0600] {dag.py:3239} INFO - Sync 1 DAGs
[2025-03-09T23:44:39.846+0600] {logging_mixin.py:190} INFO - [2025-03-09T23:44:39.846+0600] {dag.py:4180} INFO - Setting next_dagrun for tutorial_objectstorage to None, run_after=None
[2025-03-09T23:44:39.875+0600] {processor.py:208} INFO - Processing /home/shamim/airflow_venv/lib/python3.12/site-packages/airflow/example_dags/tutorial_objectstorage.py took 0.101 seconds
[2025-03-09T23:45:52.936+0600] {processor.py:186} INFO - Started process (PID=34064) to work on /home/shamim/airflow_venv/lib/python3.12/site-packages/airflow/example_dags/tutorial_objectstorage.py
[2025-03-09T23:45:52.942+0600] {processor.py:914} INFO - Processing file /home/shamim/airflow_venv/lib/python3.12/site-packages/airflow/example_dags/tutorial_objectstorage.py for tasks to queue
[2025-03-09T23:45:52.945+0600] {logging_mixin.py:190} INFO - [2025-03-09T23:45:52.944+0600] {dagbag.py:588} INFO - Filling up the DagBag from /home/shamim/airflow_venv/lib/python3.12/site-packages/airflow/example_dags/tutorial_objectstorage.py
[2025-03-09T23:45:52.957+0600] {processor.py:925} INFO - DAG(s) 'tutorial_objectstorage' retrieved from /home/shamim/airflow_venv/lib/python3.12/site-packages/airflow/example_dags/tutorial_objectstorage.py
[2025-03-09T23:45:52.975+0600] {logging_mixin.py:190} INFO - [2025-03-09T23:45:52.975+0600] {dag.py:3239} INFO - Sync 1 DAGs
[2025-03-09T23:45:52.990+0600] {logging_mixin.py:190} INFO - [2025-03-09T23:45:52.990+0600] {dag.py:4180} INFO - Setting next_dagrun for tutorial_objectstorage to None, run_after=None
[2025-03-09T23:45:53.025+0600] {processor.py:208} INFO - Processing /home/shamim/airflow_venv/lib/python3.12/site-packages/airflow/example_dags/tutorial_objectstorage.py took 0.096 seconds
[2025-03-09T23:46:59.815+0600] {processor.py:186} INFO - Started process (PID=34346) to work on /home/shamim/airflow_venv/lib/python3.12/site-packages/airflow/example_dags/tutorial_objectstorage.py
[2025-03-09T23:46:59.824+0600] {processor.py:914} INFO - Processing file /home/shamim/airflow_venv/lib/python3.12/site-packages/airflow/example_dags/tutorial_objectstorage.py for tasks to queue
[2025-03-09T23:46:59.830+0600] {logging_mixin.py:190} INFO - [2025-03-09T23:46:59.828+0600] {dagbag.py:588} INFO - Filling up the DagBag from /home/shamim/airflow_venv/lib/python3.12/site-packages/airflow/example_dags/tutorial_objectstorage.py
[2025-03-09T23:46:59.851+0600] {processor.py:925} INFO - DAG(s) 'tutorial_objectstorage' retrieved from /home/shamim/airflow_venv/lib/python3.12/site-packages/airflow/example_dags/tutorial_objectstorage.py
[2025-03-09T23:46:59.878+0600] {logging_mixin.py:190} INFO - [2025-03-09T23:46:59.878+0600] {dag.py:3239} INFO - Sync 1 DAGs
[2025-03-09T23:46:59.906+0600] {logging_mixin.py:190} INFO - [2025-03-09T23:46:59.905+0600] {dag.py:4180} INFO - Setting next_dagrun for tutorial_objectstorage to None, run_after=None
[2025-03-09T23:46:59.955+0600] {processor.py:208} INFO - Processing /home/shamim/airflow_venv/lib/python3.12/site-packages/airflow/example_dags/tutorial_objectstorage.py took 0.149 seconds
[2025-03-09T23:49:12.380+0600] {processor.py:186} INFO - Started process (PID=35311) to work on /home/shamim/airflow_venv/lib/python3.12/site-packages/airflow/example_dags/tutorial_objectstorage.py
[2025-03-09T23:49:12.386+0600] {processor.py:914} INFO - Processing file /home/shamim/airflow_venv/lib/python3.12/site-packages/airflow/example_dags/tutorial_objectstorage.py for tasks to queue
[2025-03-09T23:49:12.389+0600] {logging_mixin.py:190} INFO - [2025-03-09T23:49:12.388+0600] {dagbag.py:588} INFO - Filling up the DagBag from /home/shamim/airflow_venv/lib/python3.12/site-packages/airflow/example_dags/tutorial_objectstorage.py
[2025-03-09T23:49:12.402+0600] {processor.py:925} INFO - DAG(s) 'tutorial_objectstorage' retrieved from /home/shamim/airflow_venv/lib/python3.12/site-packages/airflow/example_dags/tutorial_objectstorage.py
[2025-03-09T23:49:12.420+0600] {logging_mixin.py:190} INFO - [2025-03-09T23:49:12.420+0600] {dag.py:3239} INFO - Sync 1 DAGs
[2025-03-09T23:49:12.436+0600] {logging_mixin.py:190} INFO - [2025-03-09T23:49:12.435+0600] {dag.py:4180} INFO - Setting next_dagrun for tutorial_objectstorage to None, run_after=None
[2025-03-09T23:49:12.471+0600] {processor.py:208} INFO - Processing /home/shamim/airflow_venv/lib/python3.12/site-packages/airflow/example_dags/tutorial_objectstorage.py took 0.098 seconds
[2025-03-09T23:50:01.026+0600] {processor.py:186} INFO - Started process (PID=35598) to work on /home/shamim/airflow_venv/lib/python3.12/site-packages/airflow/example_dags/tutorial_objectstorage.py
[2025-03-09T23:50:01.033+0600] {processor.py:914} INFO - Processing file /home/shamim/airflow_venv/lib/python3.12/site-packages/airflow/example_dags/tutorial_objectstorage.py for tasks to queue
[2025-03-09T23:50:01.035+0600] {logging_mixin.py:190} INFO - [2025-03-09T23:50:01.035+0600] {dagbag.py:588} INFO - Filling up the DagBag from /home/shamim/airflow_venv/lib/python3.12/site-packages/airflow/example_dags/tutorial_objectstorage.py
[2025-03-09T23:50:01.049+0600] {processor.py:925} INFO - DAG(s) 'tutorial_objectstorage' retrieved from /home/shamim/airflow_venv/lib/python3.12/site-packages/airflow/example_dags/tutorial_objectstorage.py
[2025-03-09T23:50:01.070+0600] {logging_mixin.py:190} INFO - [2025-03-09T23:50:01.070+0600] {dag.py:3239} INFO - Sync 1 DAGs
[2025-03-09T23:50:01.089+0600] {logging_mixin.py:190} INFO - [2025-03-09T23:50:01.089+0600] {dag.py:4180} INFO - Setting next_dagrun for tutorial_objectstorage to None, run_after=None
[2025-03-09T23:50:01.136+0600] {processor.py:208} INFO - Processing /home/shamim/airflow_venv/lib/python3.12/site-packages/airflow/example_dags/tutorial_objectstorage.py took 0.118 seconds
[2025-03-09T23:51:27.670+0600] {processor.py:186} INFO - Started process (PID=36319) to work on /home/shamim/airflow_venv/lib/python3.12/site-packages/airflow/example_dags/tutorial_objectstorage.py
[2025-03-09T23:51:27.676+0600] {processor.py:914} INFO - Processing file /home/shamim/airflow_venv/lib/python3.12/site-packages/airflow/example_dags/tutorial_objectstorage.py for tasks to queue
[2025-03-09T23:51:27.680+0600] {logging_mixin.py:190} INFO - [2025-03-09T23:51:27.679+0600] {dagbag.py:588} INFO - Filling up the DagBag from /home/shamim/airflow_venv/lib/python3.12/site-packages/airflow/example_dags/tutorial_objectstorage.py
[2025-03-09T23:51:27.698+0600] {processor.py:925} INFO - DAG(s) 'tutorial_objectstorage' retrieved from /home/shamim/airflow_venv/lib/python3.12/site-packages/airflow/example_dags/tutorial_objectstorage.py
[2025-03-09T23:51:27.723+0600] {logging_mixin.py:190} INFO - [2025-03-09T23:51:27.723+0600] {dag.py:3239} INFO - Sync 1 DAGs
[2025-03-09T23:51:27.749+0600] {logging_mixin.py:190} INFO - [2025-03-09T23:51:27.749+0600] {dag.py:4180} INFO - Setting next_dagrun for tutorial_objectstorage to None, run_after=None
[2025-03-09T23:51:27.784+0600] {processor.py:208} INFO - Processing /home/shamim/airflow_venv/lib/python3.12/site-packages/airflow/example_dags/tutorial_objectstorage.py took 0.125 seconds
[2025-03-09T23:52:20.799+0600] {processor.py:186} INFO - Started process (PID=36546) to work on /home/shamim/airflow_venv/lib/python3.12/site-packages/airflow/example_dags/tutorial_objectstorage.py
[2025-03-09T23:52:20.803+0600] {processor.py:914} INFO - Processing file /home/shamim/airflow_venv/lib/python3.12/site-packages/airflow/example_dags/tutorial_objectstorage.py for tasks to queue
[2025-03-09T23:52:20.806+0600] {logging_mixin.py:190} INFO - [2025-03-09T23:52:20.805+0600] {dagbag.py:588} INFO - Filling up the DagBag from /home/shamim/airflow_venv/lib/python3.12/site-packages/airflow/example_dags/tutorial_objectstorage.py
[2025-03-09T23:52:20.823+0600] {processor.py:925} INFO - DAG(s) 'tutorial_objectstorage' retrieved from /home/shamim/airflow_venv/lib/python3.12/site-packages/airflow/example_dags/tutorial_objectstorage.py
[2025-03-09T23:52:20.852+0600] {logging_mixin.py:190} INFO - [2025-03-09T23:52:20.851+0600] {dag.py:3239} INFO - Sync 1 DAGs
[2025-03-09T23:52:20.880+0600] {logging_mixin.py:190} INFO - [2025-03-09T23:52:20.879+0600] {dag.py:4180} INFO - Setting next_dagrun for tutorial_objectstorage to None, run_after=None
[2025-03-09T23:52:20.928+0600] {processor.py:208} INFO - Processing /home/shamim/airflow_venv/lib/python3.12/site-packages/airflow/example_dags/tutorial_objectstorage.py took 0.141 seconds
[2025-03-09T23:53:44.363+0600] {processor.py:186} INFO - Started process (PID=37063) to work on /home/shamim/airflow_venv/lib/python3.12/site-packages/airflow/example_dags/tutorial_objectstorage.py
[2025-03-09T23:53:44.367+0600] {processor.py:914} INFO - Processing file /home/shamim/airflow_venv/lib/python3.12/site-packages/airflow/example_dags/tutorial_objectstorage.py for tasks to queue
[2025-03-09T23:53:44.369+0600] {logging_mixin.py:190} INFO - [2025-03-09T23:53:44.369+0600] {dagbag.py:588} INFO - Filling up the DagBag from /home/shamim/airflow_venv/lib/python3.12/site-packages/airflow/example_dags/tutorial_objectstorage.py
[2025-03-09T23:53:44.384+0600] {processor.py:925} INFO - DAG(s) 'tutorial_objectstorage' retrieved from /home/shamim/airflow_venv/lib/python3.12/site-packages/airflow/example_dags/tutorial_objectstorage.py
[2025-03-09T23:53:44.403+0600] {logging_mixin.py:190} INFO - [2025-03-09T23:53:44.402+0600] {dag.py:3239} INFO - Sync 1 DAGs
[2025-03-09T23:53:44.420+0600] {logging_mixin.py:190} INFO - [2025-03-09T23:53:44.420+0600] {dag.py:4180} INFO - Setting next_dagrun for tutorial_objectstorage to None, run_after=None
[2025-03-09T23:53:44.448+0600] {processor.py:208} INFO - Processing /home/shamim/airflow_venv/lib/python3.12/site-packages/airflow/example_dags/tutorial_objectstorage.py took 0.095 seconds
[2025-03-09T23:55:25.159+0600] {processor.py:186} INFO - Started process (PID=38042) to work on /home/shamim/airflow_venv/lib/python3.12/site-packages/airflow/example_dags/tutorial_objectstorage.py
[2025-03-09T23:55:25.165+0600] {processor.py:914} INFO - Processing file /home/shamim/airflow_venv/lib/python3.12/site-packages/airflow/example_dags/tutorial_objectstorage.py for tasks to queue
[2025-03-09T23:55:25.171+0600] {logging_mixin.py:190} INFO - [2025-03-09T23:55:25.170+0600] {dagbag.py:588} INFO - Filling up the DagBag from /home/shamim/airflow_venv/lib/python3.12/site-packages/airflow/example_dags/tutorial_objectstorage.py
[2025-03-09T23:55:25.203+0600] {processor.py:925} INFO - DAG(s) 'tutorial_objectstorage' retrieved from /home/shamim/airflow_venv/lib/python3.12/site-packages/airflow/example_dags/tutorial_objectstorage.py
[2025-03-09T23:55:25.230+0600] {logging_mixin.py:190} INFO - [2025-03-09T23:55:25.230+0600] {dag.py:3239} INFO - Sync 1 DAGs
[2025-03-09T23:55:25.253+0600] {logging_mixin.py:190} INFO - [2025-03-09T23:55:25.253+0600] {dag.py:4180} INFO - Setting next_dagrun for tutorial_objectstorage to None, run_after=None
[2025-03-09T23:55:25.281+0600] {processor.py:208} INFO - Processing /home/shamim/airflow_venv/lib/python3.12/site-packages/airflow/example_dags/tutorial_objectstorage.py took 0.146 seconds
[2025-03-09T23:56:53.670+0600] {processor.py:186} INFO - Started process (PID=38524) to work on /home/shamim/airflow_venv/lib/python3.12/site-packages/airflow/example_dags/tutorial_objectstorage.py
[2025-03-09T23:56:53.673+0600] {processor.py:914} INFO - Processing file /home/shamim/airflow_venv/lib/python3.12/site-packages/airflow/example_dags/tutorial_objectstorage.py for tasks to queue
[2025-03-09T23:56:53.677+0600] {logging_mixin.py:190} INFO - [2025-03-09T23:56:53.676+0600] {dagbag.py:588} INFO - Filling up the DagBag from /home/shamim/airflow_venv/lib/python3.12/site-packages/airflow/example_dags/tutorial_objectstorage.py
[2025-03-09T23:56:53.689+0600] {processor.py:925} INFO - DAG(s) 'tutorial_objectstorage' retrieved from /home/shamim/airflow_venv/lib/python3.12/site-packages/airflow/example_dags/tutorial_objectstorage.py
[2025-03-09T23:56:53.709+0600] {logging_mixin.py:190} INFO - [2025-03-09T23:56:53.708+0600] {dag.py:3239} INFO - Sync 1 DAGs
[2025-03-09T23:56:53.725+0600] {logging_mixin.py:190} INFO - [2025-03-09T23:56:53.725+0600] {dag.py:4180} INFO - Setting next_dagrun for tutorial_objectstorage to None, run_after=None
[2025-03-09T23:56:53.750+0600] {processor.py:208} INFO - Processing /home/shamim/airflow_venv/lib/python3.12/site-packages/airflow/example_dags/tutorial_objectstorage.py took 0.090 seconds
[2025-03-09T23:59:15.070+0600] {processor.py:186} INFO - Started process (PID=39436) to work on /home/shamim/airflow_venv/lib/python3.12/site-packages/airflow/example_dags/tutorial_objectstorage.py
[2025-03-09T23:59:15.076+0600] {processor.py:914} INFO - Processing file /home/shamim/airflow_venv/lib/python3.12/site-packages/airflow/example_dags/tutorial_objectstorage.py for tasks to queue
[2025-03-09T23:59:15.079+0600] {logging_mixin.py:190} INFO - [2025-03-09T23:59:15.079+0600] {dagbag.py:588} INFO - Filling up the DagBag from /home/shamim/airflow_venv/lib/python3.12/site-packages/airflow/example_dags/tutorial_objectstorage.py
[2025-03-09T23:59:15.099+0600] {processor.py:925} INFO - DAG(s) 'tutorial_objectstorage' retrieved from /home/shamim/airflow_venv/lib/python3.12/site-packages/airflow/example_dags/tutorial_objectstorage.py
[2025-03-09T23:59:15.129+0600] {logging_mixin.py:190} INFO - [2025-03-09T23:59:15.129+0600] {dag.py:3239} INFO - Sync 1 DAGs
[2025-03-09T23:59:15.153+0600] {logging_mixin.py:190} INFO - [2025-03-09T23:59:15.153+0600] {dag.py:4180} INFO - Setting next_dagrun for tutorial_objectstorage to None, run_after=None
[2025-03-09T23:59:15.180+0600] {processor.py:208} INFO - Processing /home/shamim/airflow_venv/lib/python3.12/site-packages/airflow/example_dags/tutorial_objectstorage.py took 0.126 seconds
[2025-03-10T00:00:30.774+0600] {processor.py:186} INFO - Started process (PID=39892) to work on /home/shamim/airflow_venv/lib/python3.12/site-packages/airflow/example_dags/tutorial_objectstorage.py
[2025-03-10T00:00:30.780+0600] {processor.py:914} INFO - Processing file /home/shamim/airflow_venv/lib/python3.12/site-packages/airflow/example_dags/tutorial_objectstorage.py for tasks to queue
[2025-03-10T00:00:30.785+0600] {logging_mixin.py:190} INFO - [2025-03-10T00:00:30.784+0600] {dagbag.py:588} INFO - Filling up the DagBag from /home/shamim/airflow_venv/lib/python3.12/site-packages/airflow/example_dags/tutorial_objectstorage.py
[2025-03-10T00:00:30.805+0600] {processor.py:925} INFO - DAG(s) 'tutorial_objectstorage' retrieved from /home/shamim/airflow_venv/lib/python3.12/site-packages/airflow/example_dags/tutorial_objectstorage.py
[2025-03-10T00:00:30.826+0600] {logging_mixin.py:190} INFO - [2025-03-10T00:00:30.826+0600] {dag.py:3239} INFO - Sync 1 DAGs
[2025-03-10T00:00:30.848+0600] {logging_mixin.py:190} INFO - [2025-03-10T00:00:30.848+0600] {dag.py:4180} INFO - Setting next_dagrun for tutorial_objectstorage to None, run_after=None
[2025-03-10T00:00:30.884+0600] {processor.py:208} INFO - Processing /home/shamim/airflow_venv/lib/python3.12/site-packages/airflow/example_dags/tutorial_objectstorage.py took 0.124 seconds
[2025-03-10T00:02:14.987+0600] {processor.py:186} INFO - Started process (PID=40388) to work on /home/shamim/airflow_venv/lib/python3.12/site-packages/airflow/example_dags/tutorial_objectstorage.py
[2025-03-10T00:02:14.991+0600] {processor.py:914} INFO - Processing file /home/shamim/airflow_venv/lib/python3.12/site-packages/airflow/example_dags/tutorial_objectstorage.py for tasks to queue
[2025-03-10T00:02:14.997+0600] {logging_mixin.py:190} INFO - [2025-03-10T00:02:14.996+0600] {dagbag.py:588} INFO - Filling up the DagBag from /home/shamim/airflow_venv/lib/python3.12/site-packages/airflow/example_dags/tutorial_objectstorage.py
[2025-03-10T00:02:15.017+0600] {processor.py:925} INFO - DAG(s) 'tutorial_objectstorage' retrieved from /home/shamim/airflow_venv/lib/python3.12/site-packages/airflow/example_dags/tutorial_objectstorage.py
[2025-03-10T00:02:15.039+0600] {logging_mixin.py:190} INFO - [2025-03-10T00:02:15.039+0600] {dag.py:3239} INFO - Sync 1 DAGs
[2025-03-10T00:02:15.059+0600] {logging_mixin.py:190} INFO - [2025-03-10T00:02:15.058+0600] {dag.py:4180} INFO - Setting next_dagrun for tutorial_objectstorage to None, run_after=None
[2025-03-10T00:02:15.087+0600] {processor.py:208} INFO - Processing /home/shamim/airflow_venv/lib/python3.12/site-packages/airflow/example_dags/tutorial_objectstorage.py took 0.119 seconds
[2025-03-10T00:03:12.817+0600] {processor.py:186} INFO - Started process (PID=40673) to work on /home/shamim/airflow_venv/lib/python3.12/site-packages/airflow/example_dags/tutorial_objectstorage.py
[2025-03-10T00:03:12.823+0600] {processor.py:914} INFO - Processing file /home/shamim/airflow_venv/lib/python3.12/site-packages/airflow/example_dags/tutorial_objectstorage.py for tasks to queue
[2025-03-10T00:03:12.826+0600] {logging_mixin.py:190} INFO - [2025-03-10T00:03:12.826+0600] {dagbag.py:588} INFO - Filling up the DagBag from /home/shamim/airflow_venv/lib/python3.12/site-packages/airflow/example_dags/tutorial_objectstorage.py
[2025-03-10T00:03:12.840+0600] {processor.py:925} INFO - DAG(s) 'tutorial_objectstorage' retrieved from /home/shamim/airflow_venv/lib/python3.12/site-packages/airflow/example_dags/tutorial_objectstorage.py
[2025-03-10T00:03:12.862+0600] {logging_mixin.py:190} INFO - [2025-03-10T00:03:12.862+0600] {dag.py:3239} INFO - Sync 1 DAGs
[2025-03-10T00:03:12.885+0600] {logging_mixin.py:190} INFO - [2025-03-10T00:03:12.884+0600] {dag.py:4180} INFO - Setting next_dagrun for tutorial_objectstorage to None, run_after=None
[2025-03-10T00:03:12.924+0600] {processor.py:208} INFO - Processing /home/shamim/airflow_venv/lib/python3.12/site-packages/airflow/example_dags/tutorial_objectstorage.py took 0.118 seconds
[2025-03-10T00:04:12.082+0600] {processor.py:186} INFO - Started process (PID=40949) to work on /home/shamim/airflow_venv/lib/python3.12/site-packages/airflow/example_dags/tutorial_objectstorage.py
[2025-03-10T00:04:12.090+0600] {processor.py:914} INFO - Processing file /home/shamim/airflow_venv/lib/python3.12/site-packages/airflow/example_dags/tutorial_objectstorage.py for tasks to queue
[2025-03-10T00:04:12.097+0600] {logging_mixin.py:190} INFO - [2025-03-10T00:04:12.096+0600] {dagbag.py:588} INFO - Filling up the DagBag from /home/shamim/airflow_venv/lib/python3.12/site-packages/airflow/example_dags/tutorial_objectstorage.py
[2025-03-10T00:04:12.119+0600] {processor.py:925} INFO - DAG(s) 'tutorial_objectstorage' retrieved from /home/shamim/airflow_venv/lib/python3.12/site-packages/airflow/example_dags/tutorial_objectstorage.py
[2025-03-10T00:04:12.144+0600] {logging_mixin.py:190} INFO - [2025-03-10T00:04:12.143+0600] {dag.py:3239} INFO - Sync 1 DAGs
[2025-03-10T00:04:12.167+0600] {logging_mixin.py:190} INFO - [2025-03-10T00:04:12.167+0600] {dag.py:4180} INFO - Setting next_dagrun for tutorial_objectstorage to None, run_after=None
[2025-03-10T00:04:12.203+0600] {processor.py:208} INFO - Processing /home/shamim/airflow_venv/lib/python3.12/site-packages/airflow/example_dags/tutorial_objectstorage.py took 0.152 seconds
[2025-03-10T00:05:06.894+0600] {processor.py:186} INFO - Started process (PID=41201) to work on /home/shamim/airflow_venv/lib/python3.12/site-packages/airflow/example_dags/tutorial_objectstorage.py
[2025-03-10T00:05:06.895+0600] {processor.py:914} INFO - Processing file /home/shamim/airflow_venv/lib/python3.12/site-packages/airflow/example_dags/tutorial_objectstorage.py for tasks to queue
[2025-03-10T00:05:06.899+0600] {logging_mixin.py:190} INFO - [2025-03-10T00:05:06.898+0600] {dagbag.py:588} INFO - Filling up the DagBag from /home/shamim/airflow_venv/lib/python3.12/site-packages/airflow/example_dags/tutorial_objectstorage.py
[2025-03-10T00:05:06.923+0600] {processor.py:925} INFO - DAG(s) 'tutorial_objectstorage' retrieved from /home/shamim/airflow_venv/lib/python3.12/site-packages/airflow/example_dags/tutorial_objectstorage.py
[2025-03-10T00:05:06.958+0600] {logging_mixin.py:190} INFO - [2025-03-10T00:05:06.958+0600] {dag.py:3239} INFO - Sync 1 DAGs
[2025-03-10T00:05:06.981+0600] {logging_mixin.py:190} INFO - [2025-03-10T00:05:06.981+0600] {dag.py:4180} INFO - Setting next_dagrun for tutorial_objectstorage to None, run_after=None
[2025-03-10T00:05:07.014+0600] {processor.py:208} INFO - Processing /home/shamim/airflow_venv/lib/python3.12/site-packages/airflow/example_dags/tutorial_objectstorage.py took 0.135 seconds
[2025-03-10T00:06:05.431+0600] {processor.py:186} INFO - Started process (PID=41462) to work on /home/shamim/airflow_venv/lib/python3.12/site-packages/airflow/example_dags/tutorial_objectstorage.py
[2025-03-10T00:06:05.438+0600] {processor.py:914} INFO - Processing file /home/shamim/airflow_venv/lib/python3.12/site-packages/airflow/example_dags/tutorial_objectstorage.py for tasks to queue
[2025-03-10T00:06:05.441+0600] {logging_mixin.py:190} INFO - [2025-03-10T00:06:05.441+0600] {dagbag.py:588} INFO - Filling up the DagBag from /home/shamim/airflow_venv/lib/python3.12/site-packages/airflow/example_dags/tutorial_objectstorage.py
[2025-03-10T00:06:05.459+0600] {processor.py:925} INFO - DAG(s) 'tutorial_objectstorage' retrieved from /home/shamim/airflow_venv/lib/python3.12/site-packages/airflow/example_dags/tutorial_objectstorage.py
[2025-03-10T00:06:05.487+0600] {logging_mixin.py:190} INFO - [2025-03-10T00:06:05.486+0600] {dag.py:3239} INFO - Sync 1 DAGs
[2025-03-10T00:06:05.514+0600] {logging_mixin.py:190} INFO - [2025-03-10T00:06:05.513+0600] {dag.py:4180} INFO - Setting next_dagrun for tutorial_objectstorage to None, run_after=None
[2025-03-10T00:06:05.567+0600] {processor.py:208} INFO - Processing /home/shamim/airflow_venv/lib/python3.12/site-packages/airflow/example_dags/tutorial_objectstorage.py took 0.146 seconds
[2025-03-10T00:07:03.068+0600] {processor.py:186} INFO - Started process (PID=41747) to work on /home/shamim/airflow_venv/lib/python3.12/site-packages/airflow/example_dags/tutorial_objectstorage.py
[2025-03-10T00:07:03.075+0600] {processor.py:914} INFO - Processing file /home/shamim/airflow_venv/lib/python3.12/site-packages/airflow/example_dags/tutorial_objectstorage.py for tasks to queue
[2025-03-10T00:07:03.078+0600] {logging_mixin.py:190} INFO - [2025-03-10T00:07:03.077+0600] {dagbag.py:588} INFO - Filling up the DagBag from /home/shamim/airflow_venv/lib/python3.12/site-packages/airflow/example_dags/tutorial_objectstorage.py
[2025-03-10T00:07:03.097+0600] {processor.py:925} INFO - DAG(s) 'tutorial_objectstorage' retrieved from /home/shamim/airflow_venv/lib/python3.12/site-packages/airflow/example_dags/tutorial_objectstorage.py
[2025-03-10T00:07:03.125+0600] {logging_mixin.py:190} INFO - [2025-03-10T00:07:03.124+0600] {dag.py:3239} INFO - Sync 1 DAGs
[2025-03-10T00:07:03.153+0600] {logging_mixin.py:190} INFO - [2025-03-10T00:07:03.153+0600] {dag.py:4180} INFO - Setting next_dagrun for tutorial_objectstorage to None, run_after=None
[2025-03-10T00:07:03.214+0600] {processor.py:208} INFO - Processing /home/shamim/airflow_venv/lib/python3.12/site-packages/airflow/example_dags/tutorial_objectstorage.py took 0.164 seconds
[2025-03-10T00:11:51.569+0600] {processor.py:186} INFO - Started process (PID=44071) to work on /home/shamim/airflow_venv/lib/python3.12/site-packages/airflow/example_dags/tutorial_objectstorage.py
[2025-03-10T00:11:51.584+0600] {processor.py:914} INFO - Processing file /home/shamim/airflow_venv/lib/python3.12/site-packages/airflow/example_dags/tutorial_objectstorage.py for tasks to queue
[2025-03-10T00:11:51.586+0600] {logging_mixin.py:190} INFO - [2025-03-10T00:11:51.585+0600] {dagbag.py:588} INFO - Filling up the DagBag from /home/shamim/airflow_venv/lib/python3.12/site-packages/airflow/example_dags/tutorial_objectstorage.py
[2025-03-10T00:11:51.595+0600] {processor.py:925} INFO - DAG(s) 'tutorial_objectstorage' retrieved from /home/shamim/airflow_venv/lib/python3.12/site-packages/airflow/example_dags/tutorial_objectstorage.py
[2025-03-10T00:11:51.624+0600] {logging_mixin.py:190} INFO - [2025-03-10T00:11:51.624+0600] {dag.py:3239} INFO - Sync 1 DAGs
[2025-03-10T00:11:51.639+0600] {logging_mixin.py:190} INFO - [2025-03-10T00:11:51.639+0600] {dag.py:4180} INFO - Setting next_dagrun for tutorial_objectstorage to None, run_after=None
[2025-03-10T00:11:51.661+0600] {processor.py:208} INFO - Processing /home/shamim/airflow_venv/lib/python3.12/site-packages/airflow/example_dags/tutorial_objectstorage.py took 0.099 seconds
[2025-03-10T00:13:06.608+0600] {processor.py:186} INFO - Started process (PID=45160) to work on /home/shamim/airflow_venv/lib/python3.12/site-packages/airflow/example_dags/tutorial_objectstorage.py
[2025-03-10T00:13:06.615+0600] {processor.py:914} INFO - Processing file /home/shamim/airflow_venv/lib/python3.12/site-packages/airflow/example_dags/tutorial_objectstorage.py for tasks to queue
[2025-03-10T00:13:06.617+0600] {logging_mixin.py:190} INFO - [2025-03-10T00:13:06.616+0600] {dagbag.py:588} INFO - Filling up the DagBag from /home/shamim/airflow_venv/lib/python3.12/site-packages/airflow/example_dags/tutorial_objectstorage.py
[2025-03-10T00:13:06.627+0600] {processor.py:925} INFO - DAG(s) 'tutorial_objectstorage' retrieved from /home/shamim/airflow_venv/lib/python3.12/site-packages/airflow/example_dags/tutorial_objectstorage.py
[2025-03-10T00:13:06.647+0600] {logging_mixin.py:190} INFO - [2025-03-10T00:13:06.646+0600] {dag.py:3239} INFO - Sync 1 DAGs
[2025-03-10T00:13:06.662+0600] {logging_mixin.py:190} INFO - [2025-03-10T00:13:06.662+0600] {dag.py:4180} INFO - Setting next_dagrun for tutorial_objectstorage to None, run_after=None
[2025-03-10T00:13:06.696+0600] {processor.py:208} INFO - Processing /home/shamim/airflow_venv/lib/python3.12/site-packages/airflow/example_dags/tutorial_objectstorage.py took 0.101 seconds
[2025-03-10T00:14:30.429+0600] {processor.py:186} INFO - Started process (PID=46021) to work on /home/shamim/airflow_venv/lib/python3.12/site-packages/airflow/example_dags/tutorial_objectstorage.py
[2025-03-10T00:14:30.436+0600] {processor.py:914} INFO - Processing file /home/shamim/airflow_venv/lib/python3.12/site-packages/airflow/example_dags/tutorial_objectstorage.py for tasks to queue
[2025-03-10T00:14:30.438+0600] {logging_mixin.py:190} INFO - [2025-03-10T00:14:30.437+0600] {dagbag.py:588} INFO - Filling up the DagBag from /home/shamim/airflow_venv/lib/python3.12/site-packages/airflow/example_dags/tutorial_objectstorage.py
[2025-03-10T00:14:30.449+0600] {processor.py:925} INFO - DAG(s) 'tutorial_objectstorage' retrieved from /home/shamim/airflow_venv/lib/python3.12/site-packages/airflow/example_dags/tutorial_objectstorage.py
[2025-03-10T00:14:30.471+0600] {logging_mixin.py:190} INFO - [2025-03-10T00:14:30.471+0600] {dag.py:3239} INFO - Sync 1 DAGs
[2025-03-10T00:14:30.486+0600] {logging_mixin.py:190} INFO - [2025-03-10T00:14:30.486+0600] {dag.py:4180} INFO - Setting next_dagrun for tutorial_objectstorage to None, run_after=None
[2025-03-10T00:14:30.520+0600] {processor.py:208} INFO - Processing /home/shamim/airflow_venv/lib/python3.12/site-packages/airflow/example_dags/tutorial_objectstorage.py took 0.106 seconds
[2025-03-10T00:16:02.482+0600] {processor.py:186} INFO - Started process (PID=46473) to work on /home/shamim/airflow_venv/lib/python3.12/site-packages/airflow/example_dags/tutorial_objectstorage.py
[2025-03-10T00:16:02.514+0600] {processor.py:914} INFO - Processing file /home/shamim/airflow_venv/lib/python3.12/site-packages/airflow/example_dags/tutorial_objectstorage.py for tasks to queue
[2025-03-10T00:16:02.515+0600] {logging_mixin.py:190} INFO - [2025-03-10T00:16:02.515+0600] {dagbag.py:588} INFO - Filling up the DagBag from /home/shamim/airflow_venv/lib/python3.12/site-packages/airflow/example_dags/tutorial_objectstorage.py
[2025-03-10T00:16:02.527+0600] {processor.py:925} INFO - DAG(s) 'tutorial_objectstorage' retrieved from /home/shamim/airflow_venv/lib/python3.12/site-packages/airflow/example_dags/tutorial_objectstorage.py
[2025-03-10T00:16:02.548+0600] {logging_mixin.py:190} INFO - [2025-03-10T00:16:02.547+0600] {dag.py:3239} INFO - Sync 1 DAGs
[2025-03-10T00:16:02.562+0600] {logging_mixin.py:190} INFO - [2025-03-10T00:16:02.562+0600] {dag.py:4180} INFO - Setting next_dagrun for tutorial_objectstorage to None, run_after=None
[2025-03-10T00:16:02.723+0600] {processor.py:208} INFO - Processing /home/shamim/airflow_venv/lib/python3.12/site-packages/airflow/example_dags/tutorial_objectstorage.py took 0.249 seconds
[2025-03-10T00:28:17.027+0600] {processor.py:186} INFO - Started process (PID=47929) to work on /home/shamim/airflow_venv/lib/python3.12/site-packages/airflow/example_dags/tutorial_objectstorage.py
[2025-03-10T00:28:17.030+0600] {processor.py:914} INFO - Processing file /home/shamim/airflow_venv/lib/python3.12/site-packages/airflow/example_dags/tutorial_objectstorage.py for tasks to queue
[2025-03-10T00:28:17.032+0600] {logging_mixin.py:190} INFO - [2025-03-10T00:28:17.032+0600] {dagbag.py:588} INFO - Filling up the DagBag from /home/shamim/airflow_venv/lib/python3.12/site-packages/airflow/example_dags/tutorial_objectstorage.py
[2025-03-10T00:28:17.053+0600] {processor.py:925} INFO - DAG(s) 'tutorial_objectstorage' retrieved from /home/shamim/airflow_venv/lib/python3.12/site-packages/airflow/example_dags/tutorial_objectstorage.py
[2025-03-10T00:28:17.095+0600] {logging_mixin.py:190} INFO - [2025-03-10T00:28:17.095+0600] {dag.py:3239} INFO - Sync 1 DAGs
[2025-03-10T00:28:17.109+0600] {logging_mixin.py:190} INFO - [2025-03-10T00:28:17.109+0600] {dag.py:4180} INFO - Setting next_dagrun for tutorial_objectstorage to None, run_after=None
[2025-03-10T00:28:17.142+0600] {processor.py:208} INFO - Processing /home/shamim/airflow_venv/lib/python3.12/site-packages/airflow/example_dags/tutorial_objectstorage.py took 0.126 seconds
[2025-03-10T00:29:44.273+0600] {processor.py:186} INFO - Started process (PID=48269) to work on /home/shamim/airflow_venv/lib/python3.12/site-packages/airflow/example_dags/tutorial_objectstorage.py
[2025-03-10T00:29:44.289+0600] {processor.py:914} INFO - Processing file /home/shamim/airflow_venv/lib/python3.12/site-packages/airflow/example_dags/tutorial_objectstorage.py for tasks to queue
[2025-03-10T00:29:44.291+0600] {logging_mixin.py:190} INFO - [2025-03-10T00:29:44.290+0600] {dagbag.py:588} INFO - Filling up the DagBag from /home/shamim/airflow_venv/lib/python3.12/site-packages/airflow/example_dags/tutorial_objectstorage.py
[2025-03-10T00:29:44.301+0600] {processor.py:925} INFO - DAG(s) 'tutorial_objectstorage' retrieved from /home/shamim/airflow_venv/lib/python3.12/site-packages/airflow/example_dags/tutorial_objectstorage.py
[2025-03-10T00:29:44.320+0600] {logging_mixin.py:190} INFO - [2025-03-10T00:29:44.320+0600] {dag.py:3239} INFO - Sync 1 DAGs
[2025-03-10T00:29:44.335+0600] {logging_mixin.py:190} INFO - [2025-03-10T00:29:44.335+0600] {dag.py:4180} INFO - Setting next_dagrun for tutorial_objectstorage to None, run_after=None
[2025-03-10T00:29:44.361+0600] {processor.py:208} INFO - Processing /home/shamim/airflow_venv/lib/python3.12/site-packages/airflow/example_dags/tutorial_objectstorage.py took 0.094 seconds
[2025-03-10T00:30:24.179+0600] {processor.py:186} INFO - Started process (PID=48325) to work on /home/shamim/airflow_venv/lib/python3.12/site-packages/airflow/example_dags/tutorial_objectstorage.py
[2025-03-10T00:30:24.194+0600] {processor.py:914} INFO - Processing file /home/shamim/airflow_venv/lib/python3.12/site-packages/airflow/example_dags/tutorial_objectstorage.py for tasks to queue
[2025-03-10T00:30:24.196+0600] {logging_mixin.py:190} INFO - [2025-03-10T00:30:24.195+0600] {dagbag.py:588} INFO - Filling up the DagBag from /home/shamim/airflow_venv/lib/python3.12/site-packages/airflow/example_dags/tutorial_objectstorage.py
[2025-03-10T00:30:24.212+0600] {processor.py:925} INFO - DAG(s) 'tutorial_objectstorage' retrieved from /home/shamim/airflow_venv/lib/python3.12/site-packages/airflow/example_dags/tutorial_objectstorage.py
[2025-03-10T00:30:24.231+0600] {logging_mixin.py:190} INFO - [2025-03-10T00:30:24.231+0600] {dag.py:3239} INFO - Sync 1 DAGs
[2025-03-10T00:30:24.248+0600] {logging_mixin.py:190} INFO - [2025-03-10T00:30:24.247+0600] {dag.py:4180} INFO - Setting next_dagrun for tutorial_objectstorage to None, run_after=None
[2025-03-10T00:30:24.270+0600] {processor.py:208} INFO - Processing /home/shamim/airflow_venv/lib/python3.12/site-packages/airflow/example_dags/tutorial_objectstorage.py took 0.108 seconds
