[2025-03-09T23:14:24.545+0600] {processor.py:186} INFO - Started process (PID=21171) to work on /home/shamim/airflow_venv/lib/python3.12/site-packages/airflow/example_dags/plugins/workday.py
[2025-03-09T23:14:24.546+0600] {processor.py:914} INFO - Processing file /home/shamim/airflow_venv/lib/python3.12/site-packages/airflow/example_dags/plugins/workday.py for tasks to queue
[2025-03-09T23:14:24.548+0600] {logging_mixin.py:190} INFO - [2025-03-09T23:14:24.547+0600] {dagbag.py:588} INFO - Filling up the DagBag from /home/shamim/airflow_venv/lib/python3.12/site-packages/airflow/example_dags/plugins/workday.py
[2025-03-09T23:14:24.551+0600] {processor.py:927} WARNING - No viable dags retrieved from /home/shamim/airflow_venv/lib/python3.12/site-packages/airflow/example_dags/plugins/workday.py
[2025-03-09T23:14:24.564+0600] {processor.py:208} INFO - Processing /home/shamim/airflow_venv/lib/python3.12/site-packages/airflow/example_dags/plugins/workday.py took 0.026 seconds
[2025-03-09T23:16:14.737+0600] {processor.py:186} INFO - Started process (PID=21982) to work on /home/shamim/airflow_venv/lib/python3.12/site-packages/airflow/example_dags/plugins/workday.py
[2025-03-09T23:16:14.743+0600] {processor.py:914} INFO - Processing file /home/shamim/airflow_venv/lib/python3.12/site-packages/airflow/example_dags/plugins/workday.py for tasks to queue
[2025-03-09T23:16:14.746+0600] {logging_mixin.py:190} INFO - [2025-03-09T23:16:14.745+0600] {dagbag.py:588} INFO - Filling up the DagBag from /home/shamim/airflow_venv/lib/python3.12/site-packages/airflow/example_dags/plugins/workday.py
[2025-03-09T23:16:14.749+0600] {processor.py:927} WARNING - No viable dags retrieved from /home/shamim/airflow_venv/lib/python3.12/site-packages/airflow/example_dags/plugins/workday.py
[2025-03-09T23:16:14.764+0600] {processor.py:208} INFO - Processing /home/shamim/airflow_venv/lib/python3.12/site-packages/airflow/example_dags/plugins/workday.py took 0.034 seconds
[2025-03-09T23:16:58.840+0600] {processor.py:186} INFO - Started process (PID=22213) to work on /home/shamim/airflow_venv/lib/python3.12/site-packages/airflow/example_dags/plugins/workday.py
[2025-03-09T23:16:58.841+0600] {processor.py:914} INFO - Processing file /home/shamim/airflow_venv/lib/python3.12/site-packages/airflow/example_dags/plugins/workday.py for tasks to queue
[2025-03-09T23:16:58.844+0600] {logging_mixin.py:190} INFO - [2025-03-09T23:16:58.844+0600] {dagbag.py:588} INFO - Filling up the DagBag from /home/shamim/airflow_venv/lib/python3.12/site-packages/airflow/example_dags/plugins/workday.py
[2025-03-09T23:16:58.850+0600] {processor.py:927} WARNING - No viable dags retrieved from /home/shamim/airflow_venv/lib/python3.12/site-packages/airflow/example_dags/plugins/workday.py
[2025-03-09T23:16:58.868+0600] {processor.py:208} INFO - Processing /home/shamim/airflow_venv/lib/python3.12/site-packages/airflow/example_dags/plugins/workday.py took 0.039 seconds
[2025-03-09T23:17:44.299+0600] {processor.py:186} INFO - Started process (PID=22518) to work on /home/shamim/airflow_venv/lib/python3.12/site-packages/airflow/example_dags/plugins/workday.py
[2025-03-09T23:17:44.303+0600] {processor.py:914} INFO - Processing file /home/shamim/airflow_venv/lib/python3.12/site-packages/airflow/example_dags/plugins/workday.py for tasks to queue
[2025-03-09T23:17:44.305+0600] {logging_mixin.py:190} INFO - [2025-03-09T23:17:44.305+0600] {dagbag.py:588} INFO - Filling up the DagBag from /home/shamim/airflow_venv/lib/python3.12/site-packages/airflow/example_dags/plugins/workday.py
[2025-03-09T23:17:44.308+0600] {processor.py:927} WARNING - No viable dags retrieved from /home/shamim/airflow_venv/lib/python3.12/site-packages/airflow/example_dags/plugins/workday.py
[2025-03-09T23:17:44.323+0600] {processor.py:208} INFO - Processing /home/shamim/airflow_venv/lib/python3.12/site-packages/airflow/example_dags/plugins/workday.py took 0.031 seconds
[2025-03-09T23:18:27.960+0600] {processor.py:186} INFO - Started process (PID=22814) to work on /home/shamim/airflow_venv/lib/python3.12/site-packages/airflow/example_dags/plugins/workday.py
[2025-03-09T23:18:27.968+0600] {processor.py:914} INFO - Processing file /home/shamim/airflow_venv/lib/python3.12/site-packages/airflow/example_dags/plugins/workday.py for tasks to queue
[2025-03-09T23:18:27.971+0600] {logging_mixin.py:190} INFO - [2025-03-09T23:18:27.970+0600] {dagbag.py:588} INFO - Filling up the DagBag from /home/shamim/airflow_venv/lib/python3.12/site-packages/airflow/example_dags/plugins/workday.py
[2025-03-09T23:18:27.976+0600] {processor.py:927} WARNING - No viable dags retrieved from /home/shamim/airflow_venv/lib/python3.12/site-packages/airflow/example_dags/plugins/workday.py
[2025-03-09T23:18:27.996+0600] {processor.py:208} INFO - Processing /home/shamim/airflow_venv/lib/python3.12/site-packages/airflow/example_dags/plugins/workday.py took 0.047 seconds
[2025-03-09T23:19:37.053+0600] {processor.py:186} INFO - Started process (PID=23550) to work on /home/shamim/airflow_venv/lib/python3.12/site-packages/airflow/example_dags/plugins/workday.py
[2025-03-09T23:19:37.059+0600] {processor.py:914} INFO - Processing file /home/shamim/airflow_venv/lib/python3.12/site-packages/airflow/example_dags/plugins/workday.py for tasks to queue
[2025-03-09T23:19:37.062+0600] {logging_mixin.py:190} INFO - [2025-03-09T23:19:37.061+0600] {dagbag.py:588} INFO - Filling up the DagBag from /home/shamim/airflow_venv/lib/python3.12/site-packages/airflow/example_dags/plugins/workday.py
[2025-03-09T23:19:37.065+0600] {processor.py:927} WARNING - No viable dags retrieved from /home/shamim/airflow_venv/lib/python3.12/site-packages/airflow/example_dags/plugins/workday.py
[2025-03-09T23:19:37.079+0600] {processor.py:208} INFO - Processing /home/shamim/airflow_venv/lib/python3.12/site-packages/airflow/example_dags/plugins/workday.py took 0.033 seconds
[2025-03-09T23:20:20.011+0600] {processor.py:186} INFO - Started process (PID=23785) to work on /home/shamim/airflow_venv/lib/python3.12/site-packages/airflow/example_dags/plugins/workday.py
[2025-03-09T23:20:20.017+0600] {processor.py:914} INFO - Processing file /home/shamim/airflow_venv/lib/python3.12/site-packages/airflow/example_dags/plugins/workday.py for tasks to queue
[2025-03-09T23:20:20.020+0600] {logging_mixin.py:190} INFO - [2025-03-09T23:20:20.019+0600] {dagbag.py:588} INFO - Filling up the DagBag from /home/shamim/airflow_venv/lib/python3.12/site-packages/airflow/example_dags/plugins/workday.py
[2025-03-09T23:20:20.023+0600] {processor.py:927} WARNING - No viable dags retrieved from /home/shamim/airflow_venv/lib/python3.12/site-packages/airflow/example_dags/plugins/workday.py
[2025-03-09T23:20:20.036+0600] {processor.py:208} INFO - Processing /home/shamim/airflow_venv/lib/python3.12/site-packages/airflow/example_dags/plugins/workday.py took 0.031 seconds
[2025-03-09T23:21:45.222+0600] {processor.py:186} INFO - Started process (PID=24347) to work on /home/shamim/airflow_venv/lib/python3.12/site-packages/airflow/example_dags/plugins/workday.py
[2025-03-09T23:21:45.223+0600] {processor.py:914} INFO - Processing file /home/shamim/airflow_venv/lib/python3.12/site-packages/airflow/example_dags/plugins/workday.py for tasks to queue
[2025-03-09T23:21:45.226+0600] {logging_mixin.py:190} INFO - [2025-03-09T23:21:45.225+0600] {dagbag.py:588} INFO - Filling up the DagBag from /home/shamim/airflow_venv/lib/python3.12/site-packages/airflow/example_dags/plugins/workday.py
[2025-03-09T23:21:45.229+0600] {processor.py:927} WARNING - No viable dags retrieved from /home/shamim/airflow_venv/lib/python3.12/site-packages/airflow/example_dags/plugins/workday.py
[2025-03-09T23:21:45.242+0600] {processor.py:208} INFO - Processing /home/shamim/airflow_venv/lib/python3.12/site-packages/airflow/example_dags/plugins/workday.py took 0.027 seconds
[2025-03-09T23:22:30.723+0600] {processor.py:186} INFO - Started process (PID=24637) to work on /home/shamim/airflow_venv/lib/python3.12/site-packages/airflow/example_dags/plugins/workday.py
[2025-03-09T23:22:30.729+0600] {processor.py:914} INFO - Processing file /home/shamim/airflow_venv/lib/python3.12/site-packages/airflow/example_dags/plugins/workday.py for tasks to queue
[2025-03-09T23:22:30.732+0600] {logging_mixin.py:190} INFO - [2025-03-09T23:22:30.731+0600] {dagbag.py:588} INFO - Filling up the DagBag from /home/shamim/airflow_venv/lib/python3.12/site-packages/airflow/example_dags/plugins/workday.py
[2025-03-09T23:22:30.735+0600] {processor.py:927} WARNING - No viable dags retrieved from /home/shamim/airflow_venv/lib/python3.12/site-packages/airflow/example_dags/plugins/workday.py
[2025-03-09T23:22:30.749+0600] {processor.py:208} INFO - Processing /home/shamim/airflow_venv/lib/python3.12/site-packages/airflow/example_dags/plugins/workday.py took 0.033 seconds
[2025-03-09T23:23:15.150+0600] {processor.py:186} INFO - Started process (PID=24956) to work on /home/shamim/airflow_venv/lib/python3.12/site-packages/airflow/example_dags/plugins/workday.py
[2025-03-09T23:23:15.152+0600] {processor.py:914} INFO - Processing file /home/shamim/airflow_venv/lib/python3.12/site-packages/airflow/example_dags/plugins/workday.py for tasks to queue
[2025-03-09T23:23:15.155+0600] {logging_mixin.py:190} INFO - [2025-03-09T23:23:15.154+0600] {dagbag.py:588} INFO - Filling up the DagBag from /home/shamim/airflow_venv/lib/python3.12/site-packages/airflow/example_dags/plugins/workday.py
[2025-03-09T23:23:15.158+0600] {processor.py:927} WARNING - No viable dags retrieved from /home/shamim/airflow_venv/lib/python3.12/site-packages/airflow/example_dags/plugins/workday.py
[2025-03-09T23:23:15.172+0600] {processor.py:208} INFO - Processing /home/shamim/airflow_venv/lib/python3.12/site-packages/airflow/example_dags/plugins/workday.py took 0.029 seconds
[2025-03-09T23:23:58.109+0600] {processor.py:186} INFO - Started process (PID=25248) to work on /home/shamim/airflow_venv/lib/python3.12/site-packages/airflow/example_dags/plugins/workday.py
[2025-03-09T23:23:58.116+0600] {processor.py:914} INFO - Processing file /home/shamim/airflow_venv/lib/python3.12/site-packages/airflow/example_dags/plugins/workday.py for tasks to queue
[2025-03-09T23:23:58.119+0600] {logging_mixin.py:190} INFO - [2025-03-09T23:23:58.119+0600] {dagbag.py:588} INFO - Filling up the DagBag from /home/shamim/airflow_venv/lib/python3.12/site-packages/airflow/example_dags/plugins/workday.py
[2025-03-09T23:23:58.124+0600] {processor.py:927} WARNING - No viable dags retrieved from /home/shamim/airflow_venv/lib/python3.12/site-packages/airflow/example_dags/plugins/workday.py
[2025-03-09T23:23:58.144+0600] {processor.py:208} INFO - Processing /home/shamim/airflow_venv/lib/python3.12/site-packages/airflow/example_dags/plugins/workday.py took 0.045 seconds
[2025-03-09T23:25:20.619+0600] {processor.py:186} INFO - Started process (PID=25799) to work on /home/shamim/airflow_venv/lib/python3.12/site-packages/airflow/example_dags/plugins/workday.py
[2025-03-09T23:25:20.622+0600] {processor.py:914} INFO - Processing file /home/shamim/airflow_venv/lib/python3.12/site-packages/airflow/example_dags/plugins/workday.py for tasks to queue
[2025-03-09T23:25:20.625+0600] {logging_mixin.py:190} INFO - [2025-03-09T23:25:20.624+0600] {dagbag.py:588} INFO - Filling up the DagBag from /home/shamim/airflow_venv/lib/python3.12/site-packages/airflow/example_dags/plugins/workday.py
[2025-03-09T23:25:20.628+0600] {processor.py:927} WARNING - No viable dags retrieved from /home/shamim/airflow_venv/lib/python3.12/site-packages/airflow/example_dags/plugins/workday.py
[2025-03-09T23:25:20.643+0600] {processor.py:208} INFO - Processing /home/shamim/airflow_venv/lib/python3.12/site-packages/airflow/example_dags/plugins/workday.py took 0.032 seconds
[2025-03-09T23:26:05.941+0600] {processor.py:186} INFO - Started process (PID=26091) to work on /home/shamim/airflow_venv/lib/python3.12/site-packages/airflow/example_dags/plugins/workday.py
[2025-03-09T23:26:05.948+0600] {processor.py:914} INFO - Processing file /home/shamim/airflow_venv/lib/python3.12/site-packages/airflow/example_dags/plugins/workday.py for tasks to queue
[2025-03-09T23:26:05.952+0600] {logging_mixin.py:190} INFO - [2025-03-09T23:26:05.952+0600] {dagbag.py:588} INFO - Filling up the DagBag from /home/shamim/airflow_venv/lib/python3.12/site-packages/airflow/example_dags/plugins/workday.py
[2025-03-09T23:26:05.958+0600] {processor.py:927} WARNING - No viable dags retrieved from /home/shamim/airflow_venv/lib/python3.12/site-packages/airflow/example_dags/plugins/workday.py
[2025-03-09T23:26:05.987+0600] {processor.py:208} INFO - Processing /home/shamim/airflow_venv/lib/python3.12/site-packages/airflow/example_dags/plugins/workday.py took 0.060 seconds
[2025-03-09T23:26:52.006+0600] {processor.py:186} INFO - Started process (PID=26364) to work on /home/shamim/airflow_venv/lib/python3.12/site-packages/airflow/example_dags/plugins/workday.py
[2025-03-09T23:26:52.012+0600] {processor.py:914} INFO - Processing file /home/shamim/airflow_venv/lib/python3.12/site-packages/airflow/example_dags/plugins/workday.py for tasks to queue
[2025-03-09T23:26:52.016+0600] {logging_mixin.py:190} INFO - [2025-03-09T23:26:52.015+0600] {dagbag.py:588} INFO - Filling up the DagBag from /home/shamim/airflow_venv/lib/python3.12/site-packages/airflow/example_dags/plugins/workday.py
[2025-03-09T23:26:52.020+0600] {processor.py:927} WARNING - No viable dags retrieved from /home/shamim/airflow_venv/lib/python3.12/site-packages/airflow/example_dags/plugins/workday.py
[2025-03-09T23:26:52.036+0600] {processor.py:208} INFO - Processing /home/shamim/airflow_venv/lib/python3.12/site-packages/airflow/example_dags/plugins/workday.py took 0.040 seconds
[2025-03-09T23:27:38.837+0600] {processor.py:186} INFO - Started process (PID=26656) to work on /home/shamim/airflow_venv/lib/python3.12/site-packages/airflow/example_dags/plugins/workday.py
[2025-03-09T23:27:38.844+0600] {processor.py:914} INFO - Processing file /home/shamim/airflow_venv/lib/python3.12/site-packages/airflow/example_dags/plugins/workday.py for tasks to queue
[2025-03-09T23:27:38.847+0600] {logging_mixin.py:190} INFO - [2025-03-09T23:27:38.847+0600] {dagbag.py:588} INFO - Filling up the DagBag from /home/shamim/airflow_venv/lib/python3.12/site-packages/airflow/example_dags/plugins/workday.py
[2025-03-09T23:27:38.853+0600] {processor.py:927} WARNING - No viable dags retrieved from /home/shamim/airflow_venv/lib/python3.12/site-packages/airflow/example_dags/plugins/workday.py
[2025-03-09T23:27:38.874+0600] {processor.py:208} INFO - Processing /home/shamim/airflow_venv/lib/python3.12/site-packages/airflow/example_dags/plugins/workday.py took 0.048 seconds
[2025-03-09T23:28:28.056+0600] {processor.py:186} INFO - Started process (PID=26968) to work on /home/shamim/airflow_venv/lib/python3.12/site-packages/airflow/example_dags/plugins/workday.py
[2025-03-09T23:28:28.062+0600] {processor.py:914} INFO - Processing file /home/shamim/airflow_venv/lib/python3.12/site-packages/airflow/example_dags/plugins/workday.py for tasks to queue
[2025-03-09T23:28:28.065+0600] {logging_mixin.py:190} INFO - [2025-03-09T23:28:28.064+0600] {dagbag.py:588} INFO - Filling up the DagBag from /home/shamim/airflow_venv/lib/python3.12/site-packages/airflow/example_dags/plugins/workday.py
[2025-03-09T23:28:28.068+0600] {processor.py:927} WARNING - No viable dags retrieved from /home/shamim/airflow_venv/lib/python3.12/site-packages/airflow/example_dags/plugins/workday.py
[2025-03-09T23:28:28.082+0600] {processor.py:208} INFO - Processing /home/shamim/airflow_venv/lib/python3.12/site-packages/airflow/example_dags/plugins/workday.py took 0.034 seconds
[2025-03-09T23:29:12.596+0600] {processor.py:186} INFO - Started process (PID=27258) to work on /home/shamim/airflow_venv/lib/python3.12/site-packages/airflow/example_dags/plugins/workday.py
[2025-03-09T23:29:12.602+0600] {processor.py:914} INFO - Processing file /home/shamim/airflow_venv/lib/python3.12/site-packages/airflow/example_dags/plugins/workday.py for tasks to queue
[2025-03-09T23:29:12.605+0600] {logging_mixin.py:190} INFO - [2025-03-09T23:29:12.605+0600] {dagbag.py:588} INFO - Filling up the DagBag from /home/shamim/airflow_venv/lib/python3.12/site-packages/airflow/example_dags/plugins/workday.py
[2025-03-09T23:29:12.609+0600] {processor.py:927} WARNING - No viable dags retrieved from /home/shamim/airflow_venv/lib/python3.12/site-packages/airflow/example_dags/plugins/workday.py
[2025-03-09T23:29:12.625+0600] {processor.py:208} INFO - Processing /home/shamim/airflow_venv/lib/python3.12/site-packages/airflow/example_dags/plugins/workday.py took 0.036 seconds
[2025-03-09T23:29:58.524+0600] {processor.py:186} INFO - Started process (PID=27551) to work on /home/shamim/airflow_venv/lib/python3.12/site-packages/airflow/example_dags/plugins/workday.py
[2025-03-09T23:29:58.540+0600] {processor.py:914} INFO - Processing file /home/shamim/airflow_venv/lib/python3.12/site-packages/airflow/example_dags/plugins/workday.py for tasks to queue
[2025-03-09T23:29:58.542+0600] {logging_mixin.py:190} INFO - [2025-03-09T23:29:58.542+0600] {dagbag.py:588} INFO - Filling up the DagBag from /home/shamim/airflow_venv/lib/python3.12/site-packages/airflow/example_dags/plugins/workday.py
[2025-03-09T23:29:58.548+0600] {processor.py:927} WARNING - No viable dags retrieved from /home/shamim/airflow_venv/lib/python3.12/site-packages/airflow/example_dags/plugins/workday.py
[2025-03-09T23:29:58.569+0600] {processor.py:208} INFO - Processing /home/shamim/airflow_venv/lib/python3.12/site-packages/airflow/example_dags/plugins/workday.py took 0.058 seconds
[2025-03-09T23:30:54.845+0600] {processor.py:186} INFO - Started process (PID=28175) to work on /home/shamim/airflow_venv/lib/python3.12/site-packages/airflow/example_dags/plugins/workday.py
[2025-03-09T23:30:54.847+0600] {processor.py:914} INFO - Processing file /home/shamim/airflow_venv/lib/python3.12/site-packages/airflow/example_dags/plugins/workday.py for tasks to queue
[2025-03-09T23:30:54.852+0600] {logging_mixin.py:190} INFO - [2025-03-09T23:30:54.852+0600] {dagbag.py:588} INFO - Filling up the DagBag from /home/shamim/airflow_venv/lib/python3.12/site-packages/airflow/example_dags/plugins/workday.py
[2025-03-09T23:30:54.858+0600] {processor.py:927} WARNING - No viable dags retrieved from /home/shamim/airflow_venv/lib/python3.12/site-packages/airflow/example_dags/plugins/workday.py
[2025-03-09T23:30:54.878+0600] {processor.py:208} INFO - Processing /home/shamim/airflow_venv/lib/python3.12/site-packages/airflow/example_dags/plugins/workday.py took 0.048 seconds
[2025-03-09T23:31:41.600+0600] {processor.py:186} INFO - Started process (PID=28426) to work on /home/shamim/airflow_venv/lib/python3.12/site-packages/airflow/example_dags/plugins/workday.py
[2025-03-09T23:31:41.607+0600] {processor.py:914} INFO - Processing file /home/shamim/airflow_venv/lib/python3.12/site-packages/airflow/example_dags/plugins/workday.py for tasks to queue
[2025-03-09T23:31:41.614+0600] {logging_mixin.py:190} INFO - [2025-03-09T23:31:41.613+0600] {dagbag.py:588} INFO - Filling up the DagBag from /home/shamim/airflow_venv/lib/python3.12/site-packages/airflow/example_dags/plugins/workday.py
[2025-03-09T23:31:41.624+0600] {processor.py:927} WARNING - No viable dags retrieved from /home/shamim/airflow_venv/lib/python3.12/site-packages/airflow/example_dags/plugins/workday.py
[2025-03-09T23:31:41.646+0600] {processor.py:208} INFO - Processing /home/shamim/airflow_venv/lib/python3.12/site-packages/airflow/example_dags/plugins/workday.py took 0.065 seconds
[2025-03-09T23:32:24.857+0600] {processor.py:186} INFO - Started process (PID=28674) to work on /home/shamim/airflow_venv/lib/python3.12/site-packages/airflow/example_dags/plugins/workday.py
[2025-03-09T23:32:24.861+0600] {processor.py:914} INFO - Processing file /home/shamim/airflow_venv/lib/python3.12/site-packages/airflow/example_dags/plugins/workday.py for tasks to queue
[2025-03-09T23:32:24.864+0600] {logging_mixin.py:190} INFO - [2025-03-09T23:32:24.863+0600] {dagbag.py:588} INFO - Filling up the DagBag from /home/shamim/airflow_venv/lib/python3.12/site-packages/airflow/example_dags/plugins/workday.py
[2025-03-09T23:32:24.867+0600] {processor.py:927} WARNING - No viable dags retrieved from /home/shamim/airflow_venv/lib/python3.12/site-packages/airflow/example_dags/plugins/workday.py
[2025-03-09T23:32:24.882+0600] {processor.py:208} INFO - Processing /home/shamim/airflow_venv/lib/python3.12/site-packages/airflow/example_dags/plugins/workday.py took 0.032 seconds
[2025-03-09T23:33:33.678+0600] {processor.py:186} INFO - Started process (PID=29162) to work on /home/shamim/airflow_venv/lib/python3.12/site-packages/airflow/example_dags/plugins/workday.py
[2025-03-09T23:33:33.682+0600] {processor.py:914} INFO - Processing file /home/shamim/airflow_venv/lib/python3.12/site-packages/airflow/example_dags/plugins/workday.py for tasks to queue
[2025-03-09T23:33:33.685+0600] {logging_mixin.py:190} INFO - [2025-03-09T23:33:33.685+0600] {dagbag.py:588} INFO - Filling up the DagBag from /home/shamim/airflow_venv/lib/python3.12/site-packages/airflow/example_dags/plugins/workday.py
[2025-03-09T23:33:33.688+0600] {processor.py:927} WARNING - No viable dags retrieved from /home/shamim/airflow_venv/lib/python3.12/site-packages/airflow/example_dags/plugins/workday.py
[2025-03-09T23:33:33.702+0600] {processor.py:208} INFO - Processing /home/shamim/airflow_venv/lib/python3.12/site-packages/airflow/example_dags/plugins/workday.py took 0.034 seconds
[2025-03-09T23:34:15.691+0600] {processor.py:186} INFO - Started process (PID=29384) to work on /home/shamim/airflow_venv/lib/python3.12/site-packages/airflow/example_dags/plugins/workday.py
[2025-03-09T23:34:15.694+0600] {processor.py:914} INFO - Processing file /home/shamim/airflow_venv/lib/python3.12/site-packages/airflow/example_dags/plugins/workday.py for tasks to queue
[2025-03-09T23:34:15.697+0600] {logging_mixin.py:190} INFO - [2025-03-09T23:34:15.696+0600] {dagbag.py:588} INFO - Filling up the DagBag from /home/shamim/airflow_venv/lib/python3.12/site-packages/airflow/example_dags/plugins/workday.py
[2025-03-09T23:34:15.701+0600] {processor.py:927} WARNING - No viable dags retrieved from /home/shamim/airflow_venv/lib/python3.12/site-packages/airflow/example_dags/plugins/workday.py
[2025-03-09T23:34:15.714+0600] {processor.py:208} INFO - Processing /home/shamim/airflow_venv/lib/python3.12/site-packages/airflow/example_dags/plugins/workday.py took 0.030 seconds
[2025-03-09T23:35:01.031+0600] {processor.py:186} INFO - Started process (PID=29628) to work on /home/shamim/airflow_venv/lib/python3.12/site-packages/airflow/example_dags/plugins/workday.py
[2025-03-09T23:35:01.037+0600] {processor.py:914} INFO - Processing file /home/shamim/airflow_venv/lib/python3.12/site-packages/airflow/example_dags/plugins/workday.py for tasks to queue
[2025-03-09T23:35:01.039+0600] {logging_mixin.py:190} INFO - [2025-03-09T23:35:01.039+0600] {dagbag.py:588} INFO - Filling up the DagBag from /home/shamim/airflow_venv/lib/python3.12/site-packages/airflow/example_dags/plugins/workday.py
[2025-03-09T23:35:01.042+0600] {processor.py:927} WARNING - No viable dags retrieved from /home/shamim/airflow_venv/lib/python3.12/site-packages/airflow/example_dags/plugins/workday.py
[2025-03-09T23:35:01.055+0600] {processor.py:208} INFO - Processing /home/shamim/airflow_venv/lib/python3.12/site-packages/airflow/example_dags/plugins/workday.py took 0.031 seconds
[2025-03-09T23:35:46.894+0600] {processor.py:186} INFO - Started process (PID=29874) to work on /home/shamim/airflow_venv/lib/python3.12/site-packages/airflow/example_dags/plugins/workday.py
[2025-03-09T23:35:46.900+0600] {processor.py:914} INFO - Processing file /home/shamim/airflow_venv/lib/python3.12/site-packages/airflow/example_dags/plugins/workday.py for tasks to queue
[2025-03-09T23:35:46.902+0600] {logging_mixin.py:190} INFO - [2025-03-09T23:35:46.902+0600] {dagbag.py:588} INFO - Filling up the DagBag from /home/shamim/airflow_venv/lib/python3.12/site-packages/airflow/example_dags/plugins/workday.py
[2025-03-09T23:35:46.905+0600] {processor.py:927} WARNING - No viable dags retrieved from /home/shamim/airflow_venv/lib/python3.12/site-packages/airflow/example_dags/plugins/workday.py
[2025-03-09T23:35:46.920+0600] {processor.py:208} INFO - Processing /home/shamim/airflow_venv/lib/python3.12/site-packages/airflow/example_dags/plugins/workday.py took 0.034 seconds
[2025-03-09T23:36:32.314+0600] {processor.py:186} INFO - Started process (PID=30133) to work on /home/shamim/airflow_venv/lib/python3.12/site-packages/airflow/example_dags/plugins/workday.py
[2025-03-09T23:36:32.318+0600] {processor.py:914} INFO - Processing file /home/shamim/airflow_venv/lib/python3.12/site-packages/airflow/example_dags/plugins/workday.py for tasks to queue
[2025-03-09T23:36:32.321+0600] {logging_mixin.py:190} INFO - [2025-03-09T23:36:32.320+0600] {dagbag.py:588} INFO - Filling up the DagBag from /home/shamim/airflow_venv/lib/python3.12/site-packages/airflow/example_dags/plugins/workday.py
[2025-03-09T23:36:32.324+0600] {processor.py:927} WARNING - No viable dags retrieved from /home/shamim/airflow_venv/lib/python3.12/site-packages/airflow/example_dags/plugins/workday.py
[2025-03-09T23:36:32.338+0600] {processor.py:208} INFO - Processing /home/shamim/airflow_venv/lib/python3.12/site-packages/airflow/example_dags/plugins/workday.py took 0.030 seconds
[2025-03-09T23:37:53.634+0600] {processor.py:186} INFO - Started process (PID=30673) to work on /home/shamim/airflow_venv/lib/python3.12/site-packages/airflow/example_dags/plugins/workday.py
[2025-03-09T23:37:53.640+0600] {processor.py:914} INFO - Processing file /home/shamim/airflow_venv/lib/python3.12/site-packages/airflow/example_dags/plugins/workday.py for tasks to queue
[2025-03-09T23:37:53.643+0600] {logging_mixin.py:190} INFO - [2025-03-09T23:37:53.642+0600] {dagbag.py:588} INFO - Filling up the DagBag from /home/shamim/airflow_venv/lib/python3.12/site-packages/airflow/example_dags/plugins/workday.py
[2025-03-09T23:37:53.646+0600] {processor.py:927} WARNING - No viable dags retrieved from /home/shamim/airflow_venv/lib/python3.12/site-packages/airflow/example_dags/plugins/workday.py
[2025-03-09T23:37:53.659+0600] {processor.py:208} INFO - Processing /home/shamim/airflow_venv/lib/python3.12/site-packages/airflow/example_dags/plugins/workday.py took 0.032 seconds
[2025-03-09T23:38:39.127+0600] {processor.py:186} INFO - Started process (PID=31009) to work on /home/shamim/airflow_venv/lib/python3.12/site-packages/airflow/example_dags/plugins/workday.py
[2025-03-09T23:38:39.134+0600] {processor.py:914} INFO - Processing file /home/shamim/airflow_venv/lib/python3.12/site-packages/airflow/example_dags/plugins/workday.py for tasks to queue
[2025-03-09T23:38:39.137+0600] {logging_mixin.py:190} INFO - [2025-03-09T23:38:39.136+0600] {dagbag.py:588} INFO - Filling up the DagBag from /home/shamim/airflow_venv/lib/python3.12/site-packages/airflow/example_dags/plugins/workday.py
[2025-03-09T23:38:39.141+0600] {processor.py:927} WARNING - No viable dags retrieved from /home/shamim/airflow_venv/lib/python3.12/site-packages/airflow/example_dags/plugins/workday.py
[2025-03-09T23:38:39.156+0600] {processor.py:208} INFO - Processing /home/shamim/airflow_venv/lib/python3.12/site-packages/airflow/example_dags/plugins/workday.py took 0.038 seconds
[2025-03-09T23:40:41.321+0600] {processor.py:186} INFO - Started process (PID=32087) to work on /home/shamim/airflow_venv/lib/python3.12/site-packages/airflow/example_dags/plugins/workday.py
[2025-03-09T23:40:41.324+0600] {processor.py:914} INFO - Processing file /home/shamim/airflow_venv/lib/python3.12/site-packages/airflow/example_dags/plugins/workday.py for tasks to queue
[2025-03-09T23:40:41.332+0600] {logging_mixin.py:190} INFO - [2025-03-09T23:40:41.330+0600] {dagbag.py:588} INFO - Filling up the DagBag from /home/shamim/airflow_venv/lib/python3.12/site-packages/airflow/example_dags/plugins/workday.py
[2025-03-09T23:40:41.341+0600] {processor.py:927} WARNING - No viable dags retrieved from /home/shamim/airflow_venv/lib/python3.12/site-packages/airflow/example_dags/plugins/workday.py
[2025-03-09T23:40:41.365+0600] {processor.py:208} INFO - Processing /home/shamim/airflow_venv/lib/python3.12/site-packages/airflow/example_dags/plugins/workday.py took 0.065 seconds
[2025-03-09T23:41:31.888+0600] {processor.py:186} INFO - Started process (PID=32334) to work on /home/shamim/airflow_venv/lib/python3.12/site-packages/airflow/example_dags/plugins/workday.py
[2025-03-09T23:41:31.896+0600] {processor.py:914} INFO - Processing file /home/shamim/airflow_venv/lib/python3.12/site-packages/airflow/example_dags/plugins/workday.py for tasks to queue
[2025-03-09T23:41:31.903+0600] {logging_mixin.py:190} INFO - [2025-03-09T23:41:31.902+0600] {dagbag.py:588} INFO - Filling up the DagBag from /home/shamim/airflow_venv/lib/python3.12/site-packages/airflow/example_dags/plugins/workday.py
[2025-03-09T23:41:31.912+0600] {processor.py:927} WARNING - No viable dags retrieved from /home/shamim/airflow_venv/lib/python3.12/site-packages/airflow/example_dags/plugins/workday.py
[2025-03-09T23:41:31.936+0600] {processor.py:208} INFO - Processing /home/shamim/airflow_venv/lib/python3.12/site-packages/airflow/example_dags/plugins/workday.py took 0.075 seconds
[2025-03-09T23:42:22.988+0600] {processor.py:186} INFO - Started process (PID=32559) to work on /home/shamim/airflow_venv/lib/python3.12/site-packages/airflow/example_dags/plugins/workday.py
[2025-03-09T23:42:22.993+0600] {processor.py:914} INFO - Processing file /home/shamim/airflow_venv/lib/python3.12/site-packages/airflow/example_dags/plugins/workday.py for tasks to queue
[2025-03-09T23:42:22.996+0600] {logging_mixin.py:190} INFO - [2025-03-09T23:42:22.995+0600] {dagbag.py:588} INFO - Filling up the DagBag from /home/shamim/airflow_venv/lib/python3.12/site-packages/airflow/example_dags/plugins/workday.py
[2025-03-09T23:42:22.999+0600] {processor.py:927} WARNING - No viable dags retrieved from /home/shamim/airflow_venv/lib/python3.12/site-packages/airflow/example_dags/plugins/workday.py
[2025-03-09T23:42:23.013+0600] {processor.py:208} INFO - Processing /home/shamim/airflow_venv/lib/python3.12/site-packages/airflow/example_dags/plugins/workday.py took 0.033 seconds
[2025-03-09T23:43:06.191+0600] {processor.py:186} INFO - Started process (PID=32827) to work on /home/shamim/airflow_venv/lib/python3.12/site-packages/airflow/example_dags/plugins/workday.py
[2025-03-09T23:43:06.195+0600] {processor.py:914} INFO - Processing file /home/shamim/airflow_venv/lib/python3.12/site-packages/airflow/example_dags/plugins/workday.py for tasks to queue
[2025-03-09T23:43:06.198+0600] {logging_mixin.py:190} INFO - [2025-03-09T23:43:06.197+0600] {dagbag.py:588} INFO - Filling up the DagBag from /home/shamim/airflow_venv/lib/python3.12/site-packages/airflow/example_dags/plugins/workday.py
[2025-03-09T23:43:06.201+0600] {processor.py:927} WARNING - No viable dags retrieved from /home/shamim/airflow_venv/lib/python3.12/site-packages/airflow/example_dags/plugins/workday.py
[2025-03-09T23:43:06.214+0600] {processor.py:208} INFO - Processing /home/shamim/airflow_venv/lib/python3.12/site-packages/airflow/example_dags/plugins/workday.py took 0.030 seconds
[2025-03-09T23:43:50.551+0600] {processor.py:186} INFO - Started process (PID=33079) to work on /home/shamim/airflow_venv/lib/python3.12/site-packages/airflow/example_dags/plugins/workday.py
[2025-03-09T23:43:50.557+0600] {processor.py:914} INFO - Processing file /home/shamim/airflow_venv/lib/python3.12/site-packages/airflow/example_dags/plugins/workday.py for tasks to queue
[2025-03-09T23:43:50.560+0600] {logging_mixin.py:190} INFO - [2025-03-09T23:43:50.560+0600] {dagbag.py:588} INFO - Filling up the DagBag from /home/shamim/airflow_venv/lib/python3.12/site-packages/airflow/example_dags/plugins/workday.py
[2025-03-09T23:43:50.564+0600] {processor.py:927} WARNING - No viable dags retrieved from /home/shamim/airflow_venv/lib/python3.12/site-packages/airflow/example_dags/plugins/workday.py
[2025-03-09T23:43:50.581+0600] {processor.py:208} INFO - Processing /home/shamim/airflow_venv/lib/python3.12/site-packages/airflow/example_dags/plugins/workday.py took 0.041 seconds
[2025-03-09T23:44:36.284+0600] {processor.py:186} INFO - Started process (PID=33333) to work on /home/shamim/airflow_venv/lib/python3.12/site-packages/airflow/example_dags/plugins/workday.py
[2025-03-09T23:44:36.290+0600] {processor.py:914} INFO - Processing file /home/shamim/airflow_venv/lib/python3.12/site-packages/airflow/example_dags/plugins/workday.py for tasks to queue
[2025-03-09T23:44:36.299+0600] {logging_mixin.py:190} INFO - [2025-03-09T23:44:36.298+0600] {dagbag.py:588} INFO - Filling up the DagBag from /home/shamim/airflow_venv/lib/python3.12/site-packages/airflow/example_dags/plugins/workday.py
[2025-03-09T23:44:36.311+0600] {processor.py:927} WARNING - No viable dags retrieved from /home/shamim/airflow_venv/lib/python3.12/site-packages/airflow/example_dags/plugins/workday.py
[2025-03-09T23:44:36.334+0600] {processor.py:208} INFO - Processing /home/shamim/airflow_venv/lib/python3.12/site-packages/airflow/example_dags/plugins/workday.py took 0.076 seconds
[2025-03-09T23:45:46.680+0600] {processor.py:186} INFO - Started process (PID=34057) to work on /home/shamim/airflow_venv/lib/python3.12/site-packages/airflow/example_dags/plugins/workday.py
[2025-03-09T23:45:46.687+0600] {processor.py:914} INFO - Processing file /home/shamim/airflow_venv/lib/python3.12/site-packages/airflow/example_dags/plugins/workday.py for tasks to queue
[2025-03-09T23:45:46.690+0600] {logging_mixin.py:190} INFO - [2025-03-09T23:45:46.690+0600] {dagbag.py:588} INFO - Filling up the DagBag from /home/shamim/airflow_venv/lib/python3.12/site-packages/airflow/example_dags/plugins/workday.py
[2025-03-09T23:45:46.694+0600] {processor.py:927} WARNING - No viable dags retrieved from /home/shamim/airflow_venv/lib/python3.12/site-packages/airflow/example_dags/plugins/workday.py
[2025-03-09T23:45:46.714+0600] {processor.py:208} INFO - Processing /home/shamim/airflow_venv/lib/python3.12/site-packages/airflow/example_dags/plugins/workday.py took 0.044 seconds
[2025-03-09T23:46:53.771+0600] {processor.py:186} INFO - Started process (PID=34323) to work on /home/shamim/airflow_venv/lib/python3.12/site-packages/airflow/example_dags/plugins/workday.py
[2025-03-09T23:46:53.777+0600] {processor.py:914} INFO - Processing file /home/shamim/airflow_venv/lib/python3.12/site-packages/airflow/example_dags/plugins/workday.py for tasks to queue
[2025-03-09T23:46:53.780+0600] {logging_mixin.py:190} INFO - [2025-03-09T23:46:53.779+0600] {dagbag.py:588} INFO - Filling up the DagBag from /home/shamim/airflow_venv/lib/python3.12/site-packages/airflow/example_dags/plugins/workday.py
[2025-03-09T23:46:53.783+0600] {processor.py:927} WARNING - No viable dags retrieved from /home/shamim/airflow_venv/lib/python3.12/site-packages/airflow/example_dags/plugins/workday.py
[2025-03-09T23:46:53.796+0600] {processor.py:208} INFO - Processing /home/shamim/airflow_venv/lib/python3.12/site-packages/airflow/example_dags/plugins/workday.py took 0.032 seconds
[2025-03-09T23:47:40.772+0600] {processor.py:186} INFO - Started process (PID=34607) to work on /home/shamim/airflow_venv/lib/python3.12/site-packages/airflow/example_dags/plugins/workday.py
[2025-03-09T23:47:40.775+0600] {processor.py:914} INFO - Processing file /home/shamim/airflow_venv/lib/python3.12/site-packages/airflow/example_dags/plugins/workday.py for tasks to queue
[2025-03-09T23:47:40.778+0600] {logging_mixin.py:190} INFO - [2025-03-09T23:47:40.777+0600] {dagbag.py:588} INFO - Filling up the DagBag from /home/shamim/airflow_venv/lib/python3.12/site-packages/airflow/example_dags/plugins/workday.py
[2025-03-09T23:47:40.781+0600] {processor.py:927} WARNING - No viable dags retrieved from /home/shamim/airflow_venv/lib/python3.12/site-packages/airflow/example_dags/plugins/workday.py
[2025-03-09T23:47:40.794+0600] {processor.py:208} INFO - Processing /home/shamim/airflow_venv/lib/python3.12/site-packages/airflow/example_dags/plugins/workday.py took 0.029 seconds
[2025-03-09T23:49:05.055+0600] {processor.py:186} INFO - Started process (PID=35304) to work on /home/shamim/airflow_venv/lib/python3.12/site-packages/airflow/example_dags/plugins/workday.py
[2025-03-09T23:49:05.061+0600] {processor.py:914} INFO - Processing file /home/shamim/airflow_venv/lib/python3.12/site-packages/airflow/example_dags/plugins/workday.py for tasks to queue
[2025-03-09T23:49:05.065+0600] {logging_mixin.py:190} INFO - [2025-03-09T23:49:05.065+0600] {dagbag.py:588} INFO - Filling up the DagBag from /home/shamim/airflow_venv/lib/python3.12/site-packages/airflow/example_dags/plugins/workday.py
[2025-03-09T23:49:05.071+0600] {processor.py:927} WARNING - No viable dags retrieved from /home/shamim/airflow_venv/lib/python3.12/site-packages/airflow/example_dags/plugins/workday.py
[2025-03-09T23:49:05.090+0600] {processor.py:208} INFO - Processing /home/shamim/airflow_venv/lib/python3.12/site-packages/airflow/example_dags/plugins/workday.py took 0.046 seconds
[2025-03-09T23:49:54.705+0600] {processor.py:186} INFO - Started process (PID=35573) to work on /home/shamim/airflow_venv/lib/python3.12/site-packages/airflow/example_dags/plugins/workday.py
[2025-03-09T23:49:54.709+0600] {processor.py:914} INFO - Processing file /home/shamim/airflow_venv/lib/python3.12/site-packages/airflow/example_dags/plugins/workday.py for tasks to queue
[2025-03-09T23:49:54.712+0600] {logging_mixin.py:190} INFO - [2025-03-09T23:49:54.712+0600] {dagbag.py:588} INFO - Filling up the DagBag from /home/shamim/airflow_venv/lib/python3.12/site-packages/airflow/example_dags/plugins/workday.py
[2025-03-09T23:49:54.717+0600] {processor.py:927} WARNING - No viable dags retrieved from /home/shamim/airflow_venv/lib/python3.12/site-packages/airflow/example_dags/plugins/workday.py
[2025-03-09T23:49:54.731+0600] {processor.py:208} INFO - Processing /home/shamim/airflow_venv/lib/python3.12/site-packages/airflow/example_dags/plugins/workday.py took 0.034 seconds
[2025-03-09T23:51:21.506+0600] {processor.py:186} INFO - Started process (PID=36308) to work on /home/shamim/airflow_venv/lib/python3.12/site-packages/airflow/example_dags/plugins/workday.py
[2025-03-09T23:51:21.513+0600] {processor.py:914} INFO - Processing file /home/shamim/airflow_venv/lib/python3.12/site-packages/airflow/example_dags/plugins/workday.py for tasks to queue
[2025-03-09T23:51:21.517+0600] {logging_mixin.py:190} INFO - [2025-03-09T23:51:21.516+0600] {dagbag.py:588} INFO - Filling up the DagBag from /home/shamim/airflow_venv/lib/python3.12/site-packages/airflow/example_dags/plugins/workday.py
[2025-03-09T23:51:21.523+0600] {processor.py:927} WARNING - No viable dags retrieved from /home/shamim/airflow_venv/lib/python3.12/site-packages/airflow/example_dags/plugins/workday.py
[2025-03-09T23:51:21.545+0600] {processor.py:208} INFO - Processing /home/shamim/airflow_venv/lib/python3.12/site-packages/airflow/example_dags/plugins/workday.py took 0.054 seconds
[2025-03-09T23:52:14.392+0600] {processor.py:186} INFO - Started process (PID=36540) to work on /home/shamim/airflow_venv/lib/python3.12/site-packages/airflow/example_dags/plugins/workday.py
[2025-03-09T23:52:14.396+0600] {processor.py:914} INFO - Processing file /home/shamim/airflow_venv/lib/python3.12/site-packages/airflow/example_dags/plugins/workday.py for tasks to queue
[2025-03-09T23:52:14.399+0600] {logging_mixin.py:190} INFO - [2025-03-09T23:52:14.398+0600] {dagbag.py:588} INFO - Filling up the DagBag from /home/shamim/airflow_venv/lib/python3.12/site-packages/airflow/example_dags/plugins/workday.py
[2025-03-09T23:52:14.402+0600] {processor.py:927} WARNING - No viable dags retrieved from /home/shamim/airflow_venv/lib/python3.12/site-packages/airflow/example_dags/plugins/workday.py
[2025-03-09T23:52:14.416+0600] {processor.py:208} INFO - Processing /home/shamim/airflow_venv/lib/python3.12/site-packages/airflow/example_dags/plugins/workday.py took 0.031 seconds
[2025-03-09T23:52:57.528+0600] {processor.py:186} INFO - Started process (PID=36808) to work on /home/shamim/airflow_venv/lib/python3.12/site-packages/airflow/example_dags/plugins/workday.py
[2025-03-09T23:52:57.534+0600] {processor.py:914} INFO - Processing file /home/shamim/airflow_venv/lib/python3.12/site-packages/airflow/example_dags/plugins/workday.py for tasks to queue
[2025-03-09T23:52:57.537+0600] {logging_mixin.py:190} INFO - [2025-03-09T23:52:57.536+0600] {dagbag.py:588} INFO - Filling up the DagBag from /home/shamim/airflow_venv/lib/python3.12/site-packages/airflow/example_dags/plugins/workday.py
[2025-03-09T23:52:57.540+0600] {processor.py:927} WARNING - No viable dags retrieved from /home/shamim/airflow_venv/lib/python3.12/site-packages/airflow/example_dags/plugins/workday.py
[2025-03-09T23:52:57.556+0600] {processor.py:208} INFO - Processing /home/shamim/airflow_venv/lib/python3.12/site-packages/airflow/example_dags/plugins/workday.py took 0.037 seconds
[2025-03-09T23:54:24.755+0600] {processor.py:186} INFO - Started process (PID=37293) to work on /home/shamim/airflow_venv/lib/python3.12/site-packages/airflow/example_dags/plugins/workday.py
[2025-03-09T23:54:24.759+0600] {processor.py:914} INFO - Processing file /home/shamim/airflow_venv/lib/python3.12/site-packages/airflow/example_dags/plugins/workday.py for tasks to queue
[2025-03-09T23:54:24.761+0600] {logging_mixin.py:190} INFO - [2025-03-09T23:54:24.761+0600] {dagbag.py:588} INFO - Filling up the DagBag from /home/shamim/airflow_venv/lib/python3.12/site-packages/airflow/example_dags/plugins/workday.py
[2025-03-09T23:54:24.765+0600] {processor.py:927} WARNING - No viable dags retrieved from /home/shamim/airflow_venv/lib/python3.12/site-packages/airflow/example_dags/plugins/workday.py
[2025-03-09T23:54:24.777+0600] {processor.py:208} INFO - Processing /home/shamim/airflow_venv/lib/python3.12/site-packages/airflow/example_dags/plugins/workday.py took 0.031 seconds
[2025-03-09T23:55:18.932+0600] {processor.py:186} INFO - Started process (PID=38036) to work on /home/shamim/airflow_venv/lib/python3.12/site-packages/airflow/example_dags/plugins/workday.py
[2025-03-09T23:55:18.936+0600] {processor.py:914} INFO - Processing file /home/shamim/airflow_venv/lib/python3.12/site-packages/airflow/example_dags/plugins/workday.py for tasks to queue
[2025-03-09T23:55:18.941+0600] {logging_mixin.py:190} INFO - [2025-03-09T23:55:18.940+0600] {dagbag.py:588} INFO - Filling up the DagBag from /home/shamim/airflow_venv/lib/python3.12/site-packages/airflow/example_dags/plugins/workday.py
[2025-03-09T23:55:18.949+0600] {processor.py:927} WARNING - No viable dags retrieved from /home/shamim/airflow_venv/lib/python3.12/site-packages/airflow/example_dags/plugins/workday.py
[2025-03-09T23:55:18.979+0600] {processor.py:208} INFO - Processing /home/shamim/airflow_venv/lib/python3.12/site-packages/airflow/example_dags/plugins/workday.py took 0.071 seconds
[2025-03-09T23:56:02.746+0600] {processor.py:186} INFO - Started process (PID=38259) to work on /home/shamim/airflow_venv/lib/python3.12/site-packages/airflow/example_dags/plugins/workday.py
[2025-03-09T23:56:02.752+0600] {processor.py:914} INFO - Processing file /home/shamim/airflow_venv/lib/python3.12/site-packages/airflow/example_dags/plugins/workday.py for tasks to queue
[2025-03-09T23:56:02.755+0600] {logging_mixin.py:190} INFO - [2025-03-09T23:56:02.754+0600] {dagbag.py:588} INFO - Filling up the DagBag from /home/shamim/airflow_venv/lib/python3.12/site-packages/airflow/example_dags/plugins/workday.py
[2025-03-09T23:56:02.758+0600] {processor.py:927} WARNING - No viable dags retrieved from /home/shamim/airflow_venv/lib/python3.12/site-packages/airflow/example_dags/plugins/workday.py
[2025-03-09T23:56:02.771+0600] {processor.py:208} INFO - Processing /home/shamim/airflow_venv/lib/python3.12/site-packages/airflow/example_dags/plugins/workday.py took 0.035 seconds
[2025-03-09T23:56:47.303+0600] {processor.py:186} INFO - Started process (PID=38516) to work on /home/shamim/airflow_venv/lib/python3.12/site-packages/airflow/example_dags/plugins/workday.py
[2025-03-09T23:56:47.311+0600] {processor.py:914} INFO - Processing file /home/shamim/airflow_venv/lib/python3.12/site-packages/airflow/example_dags/plugins/workday.py for tasks to queue
[2025-03-09T23:56:47.314+0600] {logging_mixin.py:190} INFO - [2025-03-09T23:56:47.314+0600] {dagbag.py:588} INFO - Filling up the DagBag from /home/shamim/airflow_venv/lib/python3.12/site-packages/airflow/example_dags/plugins/workday.py
[2025-03-09T23:56:47.318+0600] {processor.py:927} WARNING - No viable dags retrieved from /home/shamim/airflow_venv/lib/python3.12/site-packages/airflow/example_dags/plugins/workday.py
[2025-03-09T23:56:47.333+0600] {processor.py:208} INFO - Processing /home/shamim/airflow_venv/lib/python3.12/site-packages/airflow/example_dags/plugins/workday.py took 0.039 seconds
[2025-03-09T23:57:33.010+0600] {processor.py:186} INFO - Started process (PID=38758) to work on /home/shamim/airflow_venv/lib/python3.12/site-packages/airflow/example_dags/plugins/workday.py
[2025-03-09T23:57:33.016+0600] {processor.py:914} INFO - Processing file /home/shamim/airflow_venv/lib/python3.12/site-packages/airflow/example_dags/plugins/workday.py for tasks to queue
[2025-03-09T23:57:33.019+0600] {logging_mixin.py:190} INFO - [2025-03-09T23:57:33.019+0600] {dagbag.py:588} INFO - Filling up the DagBag from /home/shamim/airflow_venv/lib/python3.12/site-packages/airflow/example_dags/plugins/workday.py
[2025-03-09T23:57:33.023+0600] {processor.py:927} WARNING - No viable dags retrieved from /home/shamim/airflow_venv/lib/python3.12/site-packages/airflow/example_dags/plugins/workday.py
[2025-03-09T23:57:33.039+0600] {processor.py:208} INFO - Processing /home/shamim/airflow_venv/lib/python3.12/site-packages/airflow/example_dags/plugins/workday.py took 0.040 seconds
[2025-03-09T23:59:09.568+0600] {processor.py:186} INFO - Started process (PID=39430) to work on /home/shamim/airflow_venv/lib/python3.12/site-packages/airflow/example_dags/plugins/workday.py
[2025-03-09T23:59:09.574+0600] {processor.py:914} INFO - Processing file /home/shamim/airflow_venv/lib/python3.12/site-packages/airflow/example_dags/plugins/workday.py for tasks to queue
[2025-03-09T23:59:09.577+0600] {logging_mixin.py:190} INFO - [2025-03-09T23:59:09.577+0600] {dagbag.py:588} INFO - Filling up the DagBag from /home/shamim/airflow_venv/lib/python3.12/site-packages/airflow/example_dags/plugins/workday.py
[2025-03-09T23:59:09.581+0600] {processor.py:927} WARNING - No viable dags retrieved from /home/shamim/airflow_venv/lib/python3.12/site-packages/airflow/example_dags/plugins/workday.py
[2025-03-09T23:59:09.595+0600] {processor.py:208} INFO - Processing /home/shamim/airflow_venv/lib/python3.12/site-packages/airflow/example_dags/plugins/workday.py took 0.037 seconds
[2025-03-10T00:00:24.302+0600] {processor.py:186} INFO - Started process (PID=39884) to work on /home/shamim/airflow_venv/lib/python3.12/site-packages/airflow/example_dags/plugins/workday.py
[2025-03-10T00:00:24.307+0600] {processor.py:914} INFO - Processing file /home/shamim/airflow_venv/lib/python3.12/site-packages/airflow/example_dags/plugins/workday.py for tasks to queue
[2025-03-10T00:00:24.310+0600] {logging_mixin.py:190} INFO - [2025-03-10T00:00:24.310+0600] {dagbag.py:588} INFO - Filling up the DagBag from /home/shamim/airflow_venv/lib/python3.12/site-packages/airflow/example_dags/plugins/workday.py
[2025-03-10T00:00:24.314+0600] {processor.py:927} WARNING - No viable dags retrieved from /home/shamim/airflow_venv/lib/python3.12/site-packages/airflow/example_dags/plugins/workday.py
[2025-03-10T00:00:24.329+0600] {processor.py:208} INFO - Processing /home/shamim/airflow_venv/lib/python3.12/site-packages/airflow/example_dags/plugins/workday.py took 0.039 seconds
[2025-03-10T00:01:16.527+0600] {processor.py:186} INFO - Started process (PID=40121) to work on /home/shamim/airflow_venv/lib/python3.12/site-packages/airflow/example_dags/plugins/workday.py
[2025-03-10T00:01:16.534+0600] {processor.py:914} INFO - Processing file /home/shamim/airflow_venv/lib/python3.12/site-packages/airflow/example_dags/plugins/workday.py for tasks to queue
[2025-03-10T00:01:16.537+0600] {logging_mixin.py:190} INFO - [2025-03-10T00:01:16.537+0600] {dagbag.py:588} INFO - Filling up the DagBag from /home/shamim/airflow_venv/lib/python3.12/site-packages/airflow/example_dags/plugins/workday.py
[2025-03-10T00:01:16.542+0600] {processor.py:927} WARNING - No viable dags retrieved from /home/shamim/airflow_venv/lib/python3.12/site-packages/airflow/example_dags/plugins/workday.py
[2025-03-10T00:01:16.567+0600] {processor.py:208} INFO - Processing /home/shamim/airflow_venv/lib/python3.12/site-packages/airflow/example_dags/plugins/workday.py took 0.052 seconds
[2025-03-10T00:02:08.536+0600] {processor.py:186} INFO - Started process (PID=40373) to work on /home/shamim/airflow_venv/lib/python3.12/site-packages/airflow/example_dags/plugins/workday.py
[2025-03-10T00:02:08.541+0600] {processor.py:914} INFO - Processing file /home/shamim/airflow_venv/lib/python3.12/site-packages/airflow/example_dags/plugins/workday.py for tasks to queue
[2025-03-10T00:02:08.546+0600] {logging_mixin.py:190} INFO - [2025-03-10T00:02:08.545+0600] {dagbag.py:588} INFO - Filling up the DagBag from /home/shamim/airflow_venv/lib/python3.12/site-packages/airflow/example_dags/plugins/workday.py
[2025-03-10T00:02:08.552+0600] {processor.py:927} WARNING - No viable dags retrieved from /home/shamim/airflow_venv/lib/python3.12/site-packages/airflow/example_dags/plugins/workday.py
[2025-03-10T00:02:08.576+0600] {processor.py:208} INFO - Processing /home/shamim/airflow_venv/lib/python3.12/site-packages/airflow/example_dags/plugins/workday.py took 0.058 seconds
[2025-03-10T00:03:06.460+0600] {processor.py:186} INFO - Started process (PID=40661) to work on /home/shamim/airflow_venv/lib/python3.12/site-packages/airflow/example_dags/plugins/workday.py
[2025-03-10T00:03:06.485+0600] {processor.py:914} INFO - Processing file /home/shamim/airflow_venv/lib/python3.12/site-packages/airflow/example_dags/plugins/workday.py for tasks to queue
[2025-03-10T00:03:06.488+0600] {logging_mixin.py:190} INFO - [2025-03-10T00:03:06.487+0600] {dagbag.py:588} INFO - Filling up the DagBag from /home/shamim/airflow_venv/lib/python3.12/site-packages/airflow/example_dags/plugins/workday.py
[2025-03-10T00:03:06.492+0600] {processor.py:927} WARNING - No viable dags retrieved from /home/shamim/airflow_venv/lib/python3.12/site-packages/airflow/example_dags/plugins/workday.py
[2025-03-10T00:03:06.507+0600] {processor.py:208} INFO - Processing /home/shamim/airflow_venv/lib/python3.12/site-packages/airflow/example_dags/plugins/workday.py took 0.064 seconds
[2025-03-10T00:04:05.368+0600] {processor.py:186} INFO - Started process (PID=40937) to work on /home/shamim/airflow_venv/lib/python3.12/site-packages/airflow/example_dags/plugins/workday.py
[2025-03-10T00:04:05.375+0600] {processor.py:914} INFO - Processing file /home/shamim/airflow_venv/lib/python3.12/site-packages/airflow/example_dags/plugins/workday.py for tasks to queue
[2025-03-10T00:04:05.380+0600] {logging_mixin.py:190} INFO - [2025-03-10T00:04:05.379+0600] {dagbag.py:588} INFO - Filling up the DagBag from /home/shamim/airflow_venv/lib/python3.12/site-packages/airflow/example_dags/plugins/workday.py
[2025-03-10T00:04:05.385+0600] {processor.py:927} WARNING - No viable dags retrieved from /home/shamim/airflow_venv/lib/python3.12/site-packages/airflow/example_dags/plugins/workday.py
[2025-03-10T00:04:05.407+0600] {processor.py:208} INFO - Processing /home/shamim/airflow_venv/lib/python3.12/site-packages/airflow/example_dags/plugins/workday.py took 0.055 seconds
[2025-03-10T00:05:01.495+0600] {processor.py:186} INFO - Started process (PID=41192) to work on /home/shamim/airflow_venv/lib/python3.12/site-packages/airflow/example_dags/plugins/workday.py
[2025-03-10T00:05:01.500+0600] {processor.py:914} INFO - Processing file /home/shamim/airflow_venv/lib/python3.12/site-packages/airflow/example_dags/plugins/workday.py for tasks to queue
[2025-03-10T00:05:01.507+0600] {logging_mixin.py:190} INFO - [2025-03-10T00:05:01.506+0600] {dagbag.py:588} INFO - Filling up the DagBag from /home/shamim/airflow_venv/lib/python3.12/site-packages/airflow/example_dags/plugins/workday.py
[2025-03-10T00:05:01.514+0600] {processor.py:927} WARNING - No viable dags retrieved from /home/shamim/airflow_venv/lib/python3.12/site-packages/airflow/example_dags/plugins/workday.py
[2025-03-10T00:05:01.534+0600] {processor.py:208} INFO - Processing /home/shamim/airflow_venv/lib/python3.12/site-packages/airflow/example_dags/plugins/workday.py took 0.069 seconds
[2025-03-10T00:05:59.108+0600] {processor.py:186} INFO - Started process (PID=41450) to work on /home/shamim/airflow_venv/lib/python3.12/site-packages/airflow/example_dags/plugins/workday.py
[2025-03-10T00:05:59.114+0600] {processor.py:914} INFO - Processing file /home/shamim/airflow_venv/lib/python3.12/site-packages/airflow/example_dags/plugins/workday.py for tasks to queue
[2025-03-10T00:05:59.118+0600] {logging_mixin.py:190} INFO - [2025-03-10T00:05:59.117+0600] {dagbag.py:588} INFO - Filling up the DagBag from /home/shamim/airflow_venv/lib/python3.12/site-packages/airflow/example_dags/plugins/workday.py
[2025-03-10T00:05:59.121+0600] {processor.py:927} WARNING - No viable dags retrieved from /home/shamim/airflow_venv/lib/python3.12/site-packages/airflow/example_dags/plugins/workday.py
[2025-03-10T00:05:59.136+0600] {processor.py:208} INFO - Processing /home/shamim/airflow_venv/lib/python3.12/site-packages/airflow/example_dags/plugins/workday.py took 0.039 seconds
[2025-03-10T00:06:56.535+0600] {processor.py:186} INFO - Started process (PID=41723) to work on /home/shamim/airflow_venv/lib/python3.12/site-packages/airflow/example_dags/plugins/workday.py
[2025-03-10T00:06:56.542+0600] {processor.py:914} INFO - Processing file /home/shamim/airflow_venv/lib/python3.12/site-packages/airflow/example_dags/plugins/workday.py for tasks to queue
[2025-03-10T00:06:56.546+0600] {logging_mixin.py:190} INFO - [2025-03-10T00:06:56.546+0600] {dagbag.py:588} INFO - Filling up the DagBag from /home/shamim/airflow_venv/lib/python3.12/site-packages/airflow/example_dags/plugins/workday.py
[2025-03-10T00:06:56.550+0600] {processor.py:927} WARNING - No viable dags retrieved from /home/shamim/airflow_venv/lib/python3.12/site-packages/airflow/example_dags/plugins/workday.py
[2025-03-10T00:06:56.563+0600] {processor.py:208} INFO - Processing /home/shamim/airflow_venv/lib/python3.12/site-packages/airflow/example_dags/plugins/workday.py took 0.042 seconds
[2025-03-10T00:11:45.143+0600] {processor.py:186} INFO - Started process (PID=44064) to work on /home/shamim/airflow_venv/lib/python3.12/site-packages/airflow/example_dags/plugins/workday.py
[2025-03-10T00:11:45.150+0600] {processor.py:914} INFO - Processing file /home/shamim/airflow_venv/lib/python3.12/site-packages/airflow/example_dags/plugins/workday.py for tasks to queue
[2025-03-10T00:11:45.151+0600] {logging_mixin.py:190} INFO - [2025-03-10T00:11:45.151+0600] {dagbag.py:588} INFO - Filling up the DagBag from /home/shamim/airflow_venv/lib/python3.12/site-packages/airflow/example_dags/plugins/workday.py
[2025-03-10T00:11:45.155+0600] {processor.py:927} WARNING - No viable dags retrieved from /home/shamim/airflow_venv/lib/python3.12/site-packages/airflow/example_dags/plugins/workday.py
[2025-03-10T00:11:45.168+0600] {processor.py:208} INFO - Processing /home/shamim/airflow_venv/lib/python3.12/site-packages/airflow/example_dags/plugins/workday.py took 0.032 seconds
[2025-03-10T00:13:00.190+0600] {processor.py:186} INFO - Started process (PID=45151) to work on /home/shamim/airflow_venv/lib/python3.12/site-packages/airflow/example_dags/plugins/workday.py
[2025-03-10T00:13:00.196+0600] {processor.py:914} INFO - Processing file /home/shamim/airflow_venv/lib/python3.12/site-packages/airflow/example_dags/plugins/workday.py for tasks to queue
[2025-03-10T00:13:00.198+0600] {logging_mixin.py:190} INFO - [2025-03-10T00:13:00.197+0600] {dagbag.py:588} INFO - Filling up the DagBag from /home/shamim/airflow_venv/lib/python3.12/site-packages/airflow/example_dags/plugins/workday.py
[2025-03-10T00:13:00.201+0600] {processor.py:927} WARNING - No viable dags retrieved from /home/shamim/airflow_venv/lib/python3.12/site-packages/airflow/example_dags/plugins/workday.py
[2025-03-10T00:13:00.214+0600] {processor.py:208} INFO - Processing /home/shamim/airflow_venv/lib/python3.12/site-packages/airflow/example_dags/plugins/workday.py took 0.030 seconds
[2025-03-10T00:13:42.422+0600] {processor.py:186} INFO - Started process (PID=45779) to work on /home/shamim/airflow_venv/lib/python3.12/site-packages/airflow/example_dags/plugins/workday.py
[2025-03-10T00:13:42.449+0600] {processor.py:914} INFO - Processing file /home/shamim/airflow_venv/lib/python3.12/site-packages/airflow/example_dags/plugins/workday.py for tasks to queue
[2025-03-10T00:13:42.453+0600] {logging_mixin.py:190} INFO - [2025-03-10T00:13:42.452+0600] {dagbag.py:588} INFO - Filling up the DagBag from /home/shamim/airflow_venv/lib/python3.12/site-packages/airflow/example_dags/plugins/workday.py
[2025-03-10T00:13:42.461+0600] {processor.py:927} WARNING - No viable dags retrieved from /home/shamim/airflow_venv/lib/python3.12/site-packages/airflow/example_dags/plugins/workday.py
[2025-03-10T00:13:42.488+0600] {processor.py:208} INFO - Processing /home/shamim/airflow_venv/lib/python3.12/site-packages/airflow/example_dags/plugins/workday.py took 0.075 seconds
[2025-03-10T00:15:07.358+0600] {processor.py:186} INFO - Started process (PID=46236) to work on /home/shamim/airflow_venv/lib/python3.12/site-packages/airflow/example_dags/plugins/workday.py
[2025-03-10T00:15:07.364+0600] {processor.py:914} INFO - Processing file /home/shamim/airflow_venv/lib/python3.12/site-packages/airflow/example_dags/plugins/workday.py for tasks to queue
[2025-03-10T00:15:07.365+0600] {logging_mixin.py:190} INFO - [2025-03-10T00:15:07.365+0600] {dagbag.py:588} INFO - Filling up the DagBag from /home/shamim/airflow_venv/lib/python3.12/site-packages/airflow/example_dags/plugins/workday.py
[2025-03-10T00:15:07.369+0600] {processor.py:927} WARNING - No viable dags retrieved from /home/shamim/airflow_venv/lib/python3.12/site-packages/airflow/example_dags/plugins/workday.py
[2025-03-10T00:15:07.383+0600] {processor.py:208} INFO - Processing /home/shamim/airflow_venv/lib/python3.12/site-packages/airflow/example_dags/plugins/workday.py took 0.034 seconds
[2025-03-10T00:15:55.823+0600] {processor.py:186} INFO - Started process (PID=46467) to work on /home/shamim/airflow_venv/lib/python3.12/site-packages/airflow/example_dags/plugins/workday.py
[2025-03-10T00:15:55.926+0600] {processor.py:914} INFO - Processing file /home/shamim/airflow_venv/lib/python3.12/site-packages/airflow/example_dags/plugins/workday.py for tasks to queue
[2025-03-10T00:15:55.933+0600] {logging_mixin.py:190} INFO - [2025-03-10T00:15:55.931+0600] {dagbag.py:588} INFO - Filling up the DagBag from /home/shamim/airflow_venv/lib/python3.12/site-packages/airflow/example_dags/plugins/workday.py
[2025-03-10T00:15:55.946+0600] {processor.py:927} WARNING - No viable dags retrieved from /home/shamim/airflow_venv/lib/python3.12/site-packages/airflow/example_dags/plugins/workday.py
[2025-03-10T00:15:55.991+0600] {processor.py:208} INFO - Processing /home/shamim/airflow_venv/lib/python3.12/site-packages/airflow/example_dags/plugins/workday.py took 0.180 seconds
[2025-03-10T00:28:09.495+0600] {processor.py:186} INFO - Started process (PID=47911) to work on /home/shamim/airflow_venv/lib/python3.12/site-packages/airflow/example_dags/plugins/workday.py
[2025-03-10T00:28:09.497+0600] {processor.py:914} INFO - Processing file /home/shamim/airflow_venv/lib/python3.12/site-packages/airflow/example_dags/plugins/workday.py for tasks to queue
[2025-03-10T00:28:09.500+0600] {logging_mixin.py:190} INFO - [2025-03-10T00:28:09.499+0600] {dagbag.py:588} INFO - Filling up the DagBag from /home/shamim/airflow_venv/lib/python3.12/site-packages/airflow/example_dags/plugins/workday.py
[2025-03-10T00:28:09.503+0600] {processor.py:927} WARNING - No viable dags retrieved from /home/shamim/airflow_venv/lib/python3.12/site-packages/airflow/example_dags/plugins/workday.py
[2025-03-10T00:28:09.518+0600] {processor.py:208} INFO - Processing /home/shamim/airflow_venv/lib/python3.12/site-packages/airflow/example_dags/plugins/workday.py took 0.032 seconds
[2025-03-10T00:29:36.560+0600] {processor.py:186} INFO - Started process (PID=48258) to work on /home/shamim/airflow_venv/lib/python3.12/site-packages/airflow/example_dags/plugins/workday.py
[2025-03-10T00:29:36.566+0600] {processor.py:914} INFO - Processing file /home/shamim/airflow_venv/lib/python3.12/site-packages/airflow/example_dags/plugins/workday.py for tasks to queue
[2025-03-10T00:29:36.567+0600] {logging_mixin.py:190} INFO - [2025-03-10T00:29:36.567+0600] {dagbag.py:588} INFO - Filling up the DagBag from /home/shamim/airflow_venv/lib/python3.12/site-packages/airflow/example_dags/plugins/workday.py
[2025-03-10T00:29:36.571+0600] {processor.py:927} WARNING - No viable dags retrieved from /home/shamim/airflow_venv/lib/python3.12/site-packages/airflow/example_dags/plugins/workday.py
[2025-03-10T00:29:36.585+0600] {processor.py:208} INFO - Processing /home/shamim/airflow_venv/lib/python3.12/site-packages/airflow/example_dags/plugins/workday.py took 0.034 seconds
[2025-03-10T00:30:17.555+0600] {processor.py:186} INFO - Started process (PID=48319) to work on /home/shamim/airflow_venv/lib/python3.12/site-packages/airflow/example_dags/plugins/workday.py
[2025-03-10T00:30:17.561+0600] {processor.py:914} INFO - Processing file /home/shamim/airflow_venv/lib/python3.12/site-packages/airflow/example_dags/plugins/workday.py for tasks to queue
[2025-03-10T00:30:17.565+0600] {logging_mixin.py:190} INFO - [2025-03-10T00:30:17.564+0600] {dagbag.py:588} INFO - Filling up the DagBag from /home/shamim/airflow_venv/lib/python3.12/site-packages/airflow/example_dags/plugins/workday.py
[2025-03-10T00:30:17.574+0600] {processor.py:927} WARNING - No viable dags retrieved from /home/shamim/airflow_venv/lib/python3.12/site-packages/airflow/example_dags/plugins/workday.py
[2025-03-10T00:30:17.605+0600] {processor.py:208} INFO - Processing /home/shamim/airflow_venv/lib/python3.12/site-packages/airflow/example_dags/plugins/workday.py took 0.058 seconds
[2025-03-10T00:30:56.996+0600] {processor.py:186} INFO - Started process (PID=48357) to work on /home/shamim/airflow_venv/lib/python3.12/site-packages/airflow/example_dags/plugins/workday.py
[2025-03-10T00:30:57.010+0600] {processor.py:914} INFO - Processing file /home/shamim/airflow_venv/lib/python3.12/site-packages/airflow/example_dags/plugins/workday.py for tasks to queue
[2025-03-10T00:30:57.011+0600] {logging_mixin.py:190} INFO - [2025-03-10T00:30:57.011+0600] {dagbag.py:588} INFO - Filling up the DagBag from /home/shamim/airflow_venv/lib/python3.12/site-packages/airflow/example_dags/plugins/workday.py
[2025-03-10T00:30:57.015+0600] {processor.py:927} WARNING - No viable dags retrieved from /home/shamim/airflow_venv/lib/python3.12/site-packages/airflow/example_dags/plugins/workday.py
[2025-03-10T00:30:57.027+0600] {processor.py:208} INFO - Processing /home/shamim/airflow_venv/lib/python3.12/site-packages/airflow/example_dags/plugins/workday.py took 0.038 seconds
[2025-03-10T00:31:34.295+0600] {processor.py:186} INFO - Started process (PID=48393) to work on /home/shamim/airflow_venv/lib/python3.12/site-packages/airflow/example_dags/plugins/workday.py
[2025-03-10T00:31:34.312+0600] {processor.py:914} INFO - Processing file /home/shamim/airflow_venv/lib/python3.12/site-packages/airflow/example_dags/plugins/workday.py for tasks to queue
[2025-03-10T00:31:34.316+0600] {logging_mixin.py:190} INFO - [2025-03-10T00:31:34.315+0600] {dagbag.py:588} INFO - Filling up the DagBag from /home/shamim/airflow_venv/lib/python3.12/site-packages/airflow/example_dags/plugins/workday.py
[2025-03-10T00:31:34.325+0600] {processor.py:927} WARNING - No viable dags retrieved from /home/shamim/airflow_venv/lib/python3.12/site-packages/airflow/example_dags/plugins/workday.py
[2025-03-10T00:31:34.361+0600] {processor.py:208} INFO - Processing /home/shamim/airflow_venv/lib/python3.12/site-packages/airflow/example_dags/plugins/workday.py took 0.084 seconds
[2025-03-10T00:32:11.735+0600] {processor.py:186} INFO - Started process (PID=48431) to work on /home/shamim/airflow_venv/lib/python3.12/site-packages/airflow/example_dags/plugins/workday.py
[2025-03-10T00:32:11.742+0600] {processor.py:914} INFO - Processing file /home/shamim/airflow_venv/lib/python3.12/site-packages/airflow/example_dags/plugins/workday.py for tasks to queue
[2025-03-10T00:32:11.743+0600] {logging_mixin.py:190} INFO - [2025-03-10T00:32:11.742+0600] {dagbag.py:588} INFO - Filling up the DagBag from /home/shamim/airflow_venv/lib/python3.12/site-packages/airflow/example_dags/plugins/workday.py
[2025-03-10T00:32:11.746+0600] {processor.py:927} WARNING - No viable dags retrieved from /home/shamim/airflow_venv/lib/python3.12/site-packages/airflow/example_dags/plugins/workday.py
[2025-03-10T00:32:11.759+0600] {processor.py:208} INFO - Processing /home/shamim/airflow_venv/lib/python3.12/site-packages/airflow/example_dags/plugins/workday.py took 0.031 seconds
