[2025-03-10T19:22:22.541+0600] {local_task_job_runner.py:123} INFO - ::group::Pre task execution logs
[2025-03-10T19:22:22.554+0600] {taskinstance.py:2614} INFO - Dependencies all met for dep_context=non-requeueable deps ti=<TaskInstance: E2E_kafka_producer_data_ETL_dag.extract_data_task manual__2025-03-10T13:22:16.155792+00:00 [queued]>
[2025-03-10T19:22:22.561+0600] {taskinstance.py:2614} INFO - Dependencies all met for dep_context=requeueable deps ti=<TaskInstance: E2E_kafka_producer_data_ETL_dag.extract_data_task manual__2025-03-10T13:22:16.155792+00:00 [queued]>
[2025-03-10T19:22:22.562+0600] {taskinstance.py:2867} INFO - Starting attempt 1 of 1
[2025-03-10T19:22:22.576+0600] {taskinstance.py:2890} INFO - Executing <Task(PythonOperator): extract_data_task> on 2025-03-10 13:22:16.155792+00:00
[2025-03-10T19:22:22.583+0600] {standard_task_runner.py:72} INFO - Started process 52259 to run task
[2025-03-10T19:22:22.588+0600] {standard_task_runner.py:104} INFO - Running: ['airflow', 'tasks', 'run', 'E2E_kafka_producer_data_ETL_dag', 'extract_data_task', 'manual__2025-03-10T13:22:16.155792+00:00', '--job-id', '38', '--raw', '--subdir', 'DAGS_FOLDER/E2E_ETL_pipeline.py', '--cfg-path', '/tmp/tmpj0vkd7ik']
[2025-03-10T19:22:22.590+0600] {standard_task_runner.py:105} INFO - Job 38: Subtask extract_data_task
[2025-03-10T19:22:22.635+0600] {task_command.py:467} INFO - Running <TaskInstance: E2E_kafka_producer_data_ETL_dag.extract_data_task manual__2025-03-10T13:22:16.155792+00:00 [running]> on host shamim-X541UV
[2025-03-10T19:22:22.855+0600] {taskinstance.py:3134} INFO - Exporting env vars: AIRFLOW_CTX_DAG_OWNER='airflow' AIRFLOW_CTX_DAG_ID='E2E_kafka_producer_data_ETL_dag' AIRFLOW_CTX_TASK_ID='extract_data_task' AIRFLOW_CTX_EXECUTION_DATE='2025-03-10T13:22:16.155792+00:00' AIRFLOW_CTX_TRY_NUMBER='1' AIRFLOW_CTX_DAG_RUN_ID='manual__2025-03-10T13:22:16.155792+00:00'
[2025-03-10T19:22:22.856+0600] {logging_mixin.py:190} INFO - Task instance is in running state
[2025-03-10T19:22:22.856+0600] {logging_mixin.py:190} INFO -  Previous state of the Task instance: queued
[2025-03-10T19:22:22.857+0600] {logging_mixin.py:190} INFO - Current task name:extract_data_task state:running start_date:2025-03-10 13:22:22.555112+00:00
[2025-03-10T19:22:22.857+0600] {logging_mixin.py:190} INFO - Dag name:E2E_kafka_producer_data_ETL_dag and current dag run status:running
[2025-03-10T19:22:22.857+0600] {taskinstance.py:732} INFO - ::endgroup::
[2025-03-10T19:22:22.863+0600] {logging_mixin.py:190} WARNING - /home/shamim/Real_Time_Big_Data_Airflow/dags/E2E_ETL_pipeline.py:26 UserWarning: pandas only supports SQLAlchemy connectable (engine/connection) or database string URI or sqlite3 DBAPI2 connection. Other DBAPI2 objects are not tested. Please consider using SQLAlchemy.
[2025-03-10T19:22:22.908+0600] {logging_mixin.py:190} INFO -    id           date_time        city  ...  wind_direction  precipitation  cloud_cover
0   1 2024-01-01 06:00:00       dhaka  ...            east            dew         98.0
1   2 2024-01-01 06:00:00    rajshahi  ...            east            fog         99.0
2   3 2024-01-01 06:00:00  chottogram  ...            west          clear          5.0
3   4 2024-01-01 12:00:00  chottogram  ...            west          clear          2.0
4   5 2024-01-01 18:00:00  chottogram  ...           south          clear         10.0

[5 rows x 10 columns]
[2025-03-10T19:22:22.908+0600] {python.py:240} INFO - Done. Returned value was: None
[2025-03-10T19:22:22.917+0600] {taskinstance.py:341} INFO - ::group::Post task execution logs
[2025-03-10T19:22:22.917+0600] {taskinstance.py:353} INFO - Marking task as SUCCESS. dag_id=E2E_kafka_producer_data_ETL_dag, task_id=extract_data_task, run_id=manual__2025-03-10T13:22:16.155792+00:00, execution_date=20250310T132216, start_date=20250310T132222, end_date=20250310T132222
[2025-03-10T19:22:22.940+0600] {logging_mixin.py:190} INFO - Task instance in success state
[2025-03-10T19:22:22.941+0600] {logging_mixin.py:190} INFO -  Previous state of the Task instance: running
[2025-03-10T19:22:22.941+0600] {logging_mixin.py:190} INFO - Dag name:E2E_kafka_producer_data_ETL_dag queued_at:2025-03-10 13:22:16.348488+00:00
[2025-03-10T19:22:22.941+0600] {logging_mixin.py:190} INFO - Task hostname:shamim-X541UV operator:PythonOperator
[2025-03-10T19:22:22.961+0600] {local_task_job_runner.py:266} INFO - Task exited with return code 0
[2025-03-10T19:22:22.992+0600] {taskinstance.py:3901} INFO - 1 downstream tasks scheduled from follow-on schedule check
[2025-03-10T19:22:22.995+0600] {local_task_job_runner.py:245} INFO - ::endgroup::
