[2025-03-08T21:07:25.076+0600] {processor.py:186} INFO - Started process (PID=26371) to work on /home/shamim/airflow_venv/lib/python3.12/site-packages/airflow/example_dags/subdags/subdag.py
[2025-03-08T21:07:25.078+0600] {processor.py:914} INFO - Processing file /home/shamim/airflow_venv/lib/python3.12/site-packages/airflow/example_dags/subdags/subdag.py for tasks to queue
[2025-03-08T21:07:25.081+0600] {logging_mixin.py:190} INFO - [2025-03-08T21:07:25.081+0600] {dagbag.py:588} INFO - Filling up the DagBag from /home/shamim/airflow_venv/lib/python3.12/site-packages/airflow/example_dags/subdags/subdag.py
[2025-03-08T21:07:25.085+0600] {processor.py:927} WARNING - No viable dags retrieved from /home/shamim/airflow_venv/lib/python3.12/site-packages/airflow/example_dags/subdags/subdag.py
[2025-03-08T21:07:25.103+0600] {processor.py:208} INFO - Processing /home/shamim/airflow_venv/lib/python3.12/site-packages/airflow/example_dags/subdags/subdag.py took 0.038 seconds
[2025-03-08T21:08:58.349+0600] {processor.py:186} INFO - Started process (PID=26676) to work on /home/shamim/airflow_venv/lib/python3.12/site-packages/airflow/example_dags/subdags/subdag.py
[2025-03-08T21:08:58.354+0600] {processor.py:914} INFO - Processing file /home/shamim/airflow_venv/lib/python3.12/site-packages/airflow/example_dags/subdags/subdag.py for tasks to queue
[2025-03-08T21:08:58.357+0600] {logging_mixin.py:190} INFO - [2025-03-08T21:08:58.356+0600] {dagbag.py:588} INFO - Filling up the DagBag from /home/shamim/airflow_venv/lib/python3.12/site-packages/airflow/example_dags/subdags/subdag.py
[2025-03-08T21:08:58.360+0600] {processor.py:927} WARNING - No viable dags retrieved from /home/shamim/airflow_venv/lib/python3.12/site-packages/airflow/example_dags/subdags/subdag.py
[2025-03-08T21:08:58.376+0600] {processor.py:208} INFO - Processing /home/shamim/airflow_venv/lib/python3.12/site-packages/airflow/example_dags/subdags/subdag.py took 0.034 seconds
[2025-03-08T21:10:14.606+0600] {processor.py:186} INFO - Started process (PID=27045) to work on /home/shamim/airflow_venv/lib/python3.12/site-packages/airflow/example_dags/subdags/subdag.py
[2025-03-08T21:10:14.612+0600] {processor.py:914} INFO - Processing file /home/shamim/airflow_venv/lib/python3.12/site-packages/airflow/example_dags/subdags/subdag.py for tasks to queue
[2025-03-08T21:10:14.614+0600] {logging_mixin.py:190} INFO - [2025-03-08T21:10:14.614+0600] {dagbag.py:588} INFO - Filling up the DagBag from /home/shamim/airflow_venv/lib/python3.12/site-packages/airflow/example_dags/subdags/subdag.py
[2025-03-08T21:10:14.617+0600] {processor.py:927} WARNING - No viable dags retrieved from /home/shamim/airflow_venv/lib/python3.12/site-packages/airflow/example_dags/subdags/subdag.py
[2025-03-08T21:10:14.632+0600] {processor.py:208} INFO - Processing /home/shamim/airflow_venv/lib/python3.12/site-packages/airflow/example_dags/subdags/subdag.py took 0.033 seconds
[2025-03-08T21:11:22.867+0600] {processor.py:186} INFO - Started process (PID=27367) to work on /home/shamim/airflow_venv/lib/python3.12/site-packages/airflow/example_dags/subdags/subdag.py
[2025-03-08T21:11:22.871+0600] {processor.py:914} INFO - Processing file /home/shamim/airflow_venv/lib/python3.12/site-packages/airflow/example_dags/subdags/subdag.py for tasks to queue
[2025-03-08T21:11:22.873+0600] {logging_mixin.py:190} INFO - [2025-03-08T21:11:22.873+0600] {dagbag.py:588} INFO - Filling up the DagBag from /home/shamim/airflow_venv/lib/python3.12/site-packages/airflow/example_dags/subdags/subdag.py
[2025-03-08T21:11:22.876+0600] {processor.py:927} WARNING - No viable dags retrieved from /home/shamim/airflow_venv/lib/python3.12/site-packages/airflow/example_dags/subdags/subdag.py
[2025-03-08T21:11:22.890+0600] {processor.py:208} INFO - Processing /home/shamim/airflow_venv/lib/python3.12/site-packages/airflow/example_dags/subdags/subdag.py took 0.030 seconds
[2025-03-08T21:12:37.975+0600] {processor.py:186} INFO - Started process (PID=27744) to work on /home/shamim/airflow_venv/lib/python3.12/site-packages/airflow/example_dags/subdags/subdag.py
[2025-03-08T21:12:37.982+0600] {processor.py:914} INFO - Processing file /home/shamim/airflow_venv/lib/python3.12/site-packages/airflow/example_dags/subdags/subdag.py for tasks to queue
[2025-03-08T21:12:37.984+0600] {logging_mixin.py:190} INFO - [2025-03-08T21:12:37.984+0600] {dagbag.py:588} INFO - Filling up the DagBag from /home/shamim/airflow_venv/lib/python3.12/site-packages/airflow/example_dags/subdags/subdag.py
[2025-03-08T21:12:37.987+0600] {processor.py:927} WARNING - No viable dags retrieved from /home/shamim/airflow_venv/lib/python3.12/site-packages/airflow/example_dags/subdags/subdag.py
[2025-03-08T21:12:38.001+0600] {processor.py:208} INFO - Processing /home/shamim/airflow_venv/lib/python3.12/site-packages/airflow/example_dags/subdags/subdag.py took 0.034 seconds
[2025-03-08T21:13:22.379+0600] {processor.py:186} INFO - Started process (PID=28036) to work on /home/shamim/airflow_venv/lib/python3.12/site-packages/airflow/example_dags/subdags/subdag.py
[2025-03-08T21:13:22.386+0600] {processor.py:914} INFO - Processing file /home/shamim/airflow_venv/lib/python3.12/site-packages/airflow/example_dags/subdags/subdag.py for tasks to queue
[2025-03-08T21:13:22.388+0600] {logging_mixin.py:190} INFO - [2025-03-08T21:13:22.388+0600] {dagbag.py:588} INFO - Filling up the DagBag from /home/shamim/airflow_venv/lib/python3.12/site-packages/airflow/example_dags/subdags/subdag.py
[2025-03-08T21:13:22.391+0600] {processor.py:927} WARNING - No viable dags retrieved from /home/shamim/airflow_venv/lib/python3.12/site-packages/airflow/example_dags/subdags/subdag.py
[2025-03-08T21:13:22.404+0600] {processor.py:208} INFO - Processing /home/shamim/airflow_venv/lib/python3.12/site-packages/airflow/example_dags/subdags/subdag.py took 0.031 seconds
[2025-03-08T21:14:12.782+0600] {processor.py:186} INFO - Started process (PID=28350) to work on /home/shamim/airflow_venv/lib/python3.12/site-packages/airflow/example_dags/subdags/subdag.py
[2025-03-08T21:14:12.786+0600] {processor.py:914} INFO - Processing file /home/shamim/airflow_venv/lib/python3.12/site-packages/airflow/example_dags/subdags/subdag.py for tasks to queue
[2025-03-08T21:14:12.793+0600] {logging_mixin.py:190} INFO - [2025-03-08T21:14:12.791+0600] {dagbag.py:588} INFO - Filling up the DagBag from /home/shamim/airflow_venv/lib/python3.12/site-packages/airflow/example_dags/subdags/subdag.py
[2025-03-08T21:14:12.800+0600] {processor.py:927} WARNING - No viable dags retrieved from /home/shamim/airflow_venv/lib/python3.12/site-packages/airflow/example_dags/subdags/subdag.py
[2025-03-08T21:14:12.822+0600] {processor.py:208} INFO - Processing /home/shamim/airflow_venv/lib/python3.12/site-packages/airflow/example_dags/subdags/subdag.py took 0.050 seconds
[2025-03-08T21:15:00.020+0600] {processor.py:186} INFO - Started process (PID=28652) to work on /home/shamim/airflow_venv/lib/python3.12/site-packages/airflow/example_dags/subdags/subdag.py
[2025-03-08T21:15:00.021+0600] {processor.py:914} INFO - Processing file /home/shamim/airflow_venv/lib/python3.12/site-packages/airflow/example_dags/subdags/subdag.py for tasks to queue
[2025-03-08T21:15:00.025+0600] {logging_mixin.py:190} INFO - [2025-03-08T21:15:00.024+0600] {dagbag.py:588} INFO - Filling up the DagBag from /home/shamim/airflow_venv/lib/python3.12/site-packages/airflow/example_dags/subdags/subdag.py
[2025-03-08T21:15:00.028+0600] {processor.py:927} WARNING - No viable dags retrieved from /home/shamim/airflow_venv/lib/python3.12/site-packages/airflow/example_dags/subdags/subdag.py
[2025-03-08T21:15:00.047+0600] {processor.py:208} INFO - Processing /home/shamim/airflow_venv/lib/python3.12/site-packages/airflow/example_dags/subdags/subdag.py took 0.036 seconds
[2025-03-08T21:16:54.367+0600] {processor.py:186} INFO - Started process (PID=29715) to work on /home/shamim/airflow_venv/lib/python3.12/site-packages/airflow/example_dags/subdags/subdag.py
[2025-03-08T21:16:54.374+0600] {processor.py:914} INFO - Processing file /home/shamim/airflow_venv/lib/python3.12/site-packages/airflow/example_dags/subdags/subdag.py for tasks to queue
[2025-03-08T21:16:54.376+0600] {logging_mixin.py:190} INFO - [2025-03-08T21:16:54.376+0600] {dagbag.py:588} INFO - Filling up the DagBag from /home/shamim/airflow_venv/lib/python3.12/site-packages/airflow/example_dags/subdags/subdag.py
[2025-03-08T21:16:54.379+0600] {processor.py:927} WARNING - No viable dags retrieved from /home/shamim/airflow_venv/lib/python3.12/site-packages/airflow/example_dags/subdags/subdag.py
[2025-03-08T21:16:54.394+0600] {processor.py:208} INFO - Processing /home/shamim/airflow_venv/lib/python3.12/site-packages/airflow/example_dags/subdags/subdag.py took 0.034 seconds
[2025-03-08T21:17:53.315+0600] {processor.py:186} INFO - Started process (PID=30039) to work on /home/shamim/airflow_venv/lib/python3.12/site-packages/airflow/example_dags/subdags/subdag.py
[2025-03-08T21:17:53.321+0600] {processor.py:914} INFO - Processing file /home/shamim/airflow_venv/lib/python3.12/site-packages/airflow/example_dags/subdags/subdag.py for tasks to queue
[2025-03-08T21:17:53.323+0600] {logging_mixin.py:190} INFO - [2025-03-08T21:17:53.323+0600] {dagbag.py:588} INFO - Filling up the DagBag from /home/shamim/airflow_venv/lib/python3.12/site-packages/airflow/example_dags/subdags/subdag.py
[2025-03-08T21:17:53.326+0600] {processor.py:927} WARNING - No viable dags retrieved from /home/shamim/airflow_venv/lib/python3.12/site-packages/airflow/example_dags/subdags/subdag.py
[2025-03-08T21:17:53.341+0600] {processor.py:208} INFO - Processing /home/shamim/airflow_venv/lib/python3.12/site-packages/airflow/example_dags/subdags/subdag.py took 0.035 seconds
[2025-03-08T21:18:39.420+0600] {processor.py:186} INFO - Started process (PID=30300) to work on /home/shamim/airflow_venv/lib/python3.12/site-packages/airflow/example_dags/subdags/subdag.py
[2025-03-08T21:18:39.426+0600] {processor.py:914} INFO - Processing file /home/shamim/airflow_venv/lib/python3.12/site-packages/airflow/example_dags/subdags/subdag.py for tasks to queue
[2025-03-08T21:18:39.429+0600] {logging_mixin.py:190} INFO - [2025-03-08T21:18:39.428+0600] {dagbag.py:588} INFO - Filling up the DagBag from /home/shamim/airflow_venv/lib/python3.12/site-packages/airflow/example_dags/subdags/subdag.py
[2025-03-08T21:18:39.432+0600] {processor.py:927} WARNING - No viable dags retrieved from /home/shamim/airflow_venv/lib/python3.12/site-packages/airflow/example_dags/subdags/subdag.py
[2025-03-08T21:18:39.446+0600] {processor.py:208} INFO - Processing /home/shamim/airflow_venv/lib/python3.12/site-packages/airflow/example_dags/subdags/subdag.py took 0.034 seconds
[2025-03-08T21:19:23.851+0600] {processor.py:186} INFO - Started process (PID=30584) to work on /home/shamim/airflow_venv/lib/python3.12/site-packages/airflow/example_dags/subdags/subdag.py
[2025-03-08T21:19:23.856+0600] {processor.py:914} INFO - Processing file /home/shamim/airflow_venv/lib/python3.12/site-packages/airflow/example_dags/subdags/subdag.py for tasks to queue
[2025-03-08T21:19:23.858+0600] {logging_mixin.py:190} INFO - [2025-03-08T21:19:23.858+0600] {dagbag.py:588} INFO - Filling up the DagBag from /home/shamim/airflow_venv/lib/python3.12/site-packages/airflow/example_dags/subdags/subdag.py
[2025-03-08T21:19:23.861+0600] {processor.py:927} WARNING - No viable dags retrieved from /home/shamim/airflow_venv/lib/python3.12/site-packages/airflow/example_dags/subdags/subdag.py
[2025-03-08T21:19:23.875+0600] {processor.py:208} INFO - Processing /home/shamim/airflow_venv/lib/python3.12/site-packages/airflow/example_dags/subdags/subdag.py took 0.032 seconds
[2025-03-08T21:20:44.234+0600] {processor.py:186} INFO - Started process (PID=31145) to work on /home/shamim/airflow_venv/lib/python3.12/site-packages/airflow/example_dags/subdags/subdag.py
[2025-03-08T21:20:44.240+0600] {processor.py:914} INFO - Processing file /home/shamim/airflow_venv/lib/python3.12/site-packages/airflow/example_dags/subdags/subdag.py for tasks to queue
[2025-03-08T21:20:44.243+0600] {logging_mixin.py:190} INFO - [2025-03-08T21:20:44.243+0600] {dagbag.py:588} INFO - Filling up the DagBag from /home/shamim/airflow_venv/lib/python3.12/site-packages/airflow/example_dags/subdags/subdag.py
[2025-03-08T21:20:44.246+0600] {processor.py:927} WARNING - No viable dags retrieved from /home/shamim/airflow_venv/lib/python3.12/site-packages/airflow/example_dags/subdags/subdag.py
[2025-03-08T21:20:44.260+0600] {processor.py:208} INFO - Processing /home/shamim/airflow_venv/lib/python3.12/site-packages/airflow/example_dags/subdags/subdag.py took 0.034 seconds
[2025-03-08T21:22:05.710+0600] {processor.py:186} INFO - Started process (PID=31694) to work on /home/shamim/airflow_venv/lib/python3.12/site-packages/airflow/example_dags/subdags/subdag.py
[2025-03-08T21:22:05.717+0600] {processor.py:914} INFO - Processing file /home/shamim/airflow_venv/lib/python3.12/site-packages/airflow/example_dags/subdags/subdag.py for tasks to queue
[2025-03-08T21:22:05.722+0600] {logging_mixin.py:190} INFO - [2025-03-08T21:22:05.721+0600] {dagbag.py:588} INFO - Filling up the DagBag from /home/shamim/airflow_venv/lib/python3.12/site-packages/airflow/example_dags/subdags/subdag.py
[2025-03-08T21:22:05.726+0600] {processor.py:927} WARNING - No viable dags retrieved from /home/shamim/airflow_venv/lib/python3.12/site-packages/airflow/example_dags/subdags/subdag.py
[2025-03-08T21:22:05.745+0600] {processor.py:208} INFO - Processing /home/shamim/airflow_venv/lib/python3.12/site-packages/airflow/example_dags/subdags/subdag.py took 0.053 seconds
[2025-03-08T21:22:51.024+0600] {processor.py:186} INFO - Started process (PID=31961) to work on /home/shamim/airflow_venv/lib/python3.12/site-packages/airflow/example_dags/subdags/subdag.py
[2025-03-08T21:22:51.032+0600] {processor.py:914} INFO - Processing file /home/shamim/airflow_venv/lib/python3.12/site-packages/airflow/example_dags/subdags/subdag.py for tasks to queue
[2025-03-08T21:22:51.039+0600] {logging_mixin.py:190} INFO - [2025-03-08T21:22:51.038+0600] {dagbag.py:588} INFO - Filling up the DagBag from /home/shamim/airflow_venv/lib/python3.12/site-packages/airflow/example_dags/subdags/subdag.py
[2025-03-08T21:22:51.047+0600] {processor.py:927} WARNING - No viable dags retrieved from /home/shamim/airflow_venv/lib/python3.12/site-packages/airflow/example_dags/subdags/subdag.py
[2025-03-08T21:22:51.073+0600] {processor.py:208} INFO - Processing /home/shamim/airflow_venv/lib/python3.12/site-packages/airflow/example_dags/subdags/subdag.py took 0.069 seconds
[2025-03-08T21:23:36.996+0600] {processor.py:186} INFO - Started process (PID=32207) to work on /home/shamim/airflow_venv/lib/python3.12/site-packages/airflow/example_dags/subdags/subdag.py
[2025-03-08T21:23:37.002+0600] {processor.py:914} INFO - Processing file /home/shamim/airflow_venv/lib/python3.12/site-packages/airflow/example_dags/subdags/subdag.py for tasks to queue
[2025-03-08T21:23:37.007+0600] {logging_mixin.py:190} INFO - [2025-03-08T21:23:37.005+0600] {dagbag.py:588} INFO - Filling up the DagBag from /home/shamim/airflow_venv/lib/python3.12/site-packages/airflow/example_dags/subdags/subdag.py
[2025-03-08T21:23:37.010+0600] {processor.py:927} WARNING - No viable dags retrieved from /home/shamim/airflow_venv/lib/python3.12/site-packages/airflow/example_dags/subdags/subdag.py
[2025-03-08T21:23:37.029+0600] {processor.py:208} INFO - Processing /home/shamim/airflow_venv/lib/python3.12/site-packages/airflow/example_dags/subdags/subdag.py took 0.044 seconds
[2025-03-08T21:24:25.156+0600] {processor.py:186} INFO - Started process (PID=32469) to work on /home/shamim/airflow_venv/lib/python3.12/site-packages/airflow/example_dags/subdags/subdag.py
[2025-03-08T21:24:25.165+0600] {processor.py:914} INFO - Processing file /home/shamim/airflow_venv/lib/python3.12/site-packages/airflow/example_dags/subdags/subdag.py for tasks to queue
[2025-03-08T21:24:25.167+0600] {logging_mixin.py:190} INFO - [2025-03-08T21:24:25.166+0600] {dagbag.py:588} INFO - Filling up the DagBag from /home/shamim/airflow_venv/lib/python3.12/site-packages/airflow/example_dags/subdags/subdag.py
[2025-03-08T21:24:25.170+0600] {processor.py:927} WARNING - No viable dags retrieved from /home/shamim/airflow_venv/lib/python3.12/site-packages/airflow/example_dags/subdags/subdag.py
[2025-03-08T21:24:25.184+0600] {processor.py:208} INFO - Processing /home/shamim/airflow_venv/lib/python3.12/site-packages/airflow/example_dags/subdags/subdag.py took 0.034 seconds
[2025-03-08T21:25:13.136+0600] {processor.py:186} INFO - Started process (PID=32716) to work on /home/shamim/airflow_venv/lib/python3.12/site-packages/airflow/example_dags/subdags/subdag.py
[2025-03-08T21:25:13.142+0600] {processor.py:914} INFO - Processing file /home/shamim/airflow_venv/lib/python3.12/site-packages/airflow/example_dags/subdags/subdag.py for tasks to queue
[2025-03-08T21:25:13.145+0600] {logging_mixin.py:190} INFO - [2025-03-08T21:25:13.144+0600] {dagbag.py:588} INFO - Filling up the DagBag from /home/shamim/airflow_venv/lib/python3.12/site-packages/airflow/example_dags/subdags/subdag.py
[2025-03-08T21:25:13.148+0600] {processor.py:927} WARNING - No viable dags retrieved from /home/shamim/airflow_venv/lib/python3.12/site-packages/airflow/example_dags/subdags/subdag.py
[2025-03-08T21:25:13.162+0600] {processor.py:208} INFO - Processing /home/shamim/airflow_venv/lib/python3.12/site-packages/airflow/example_dags/subdags/subdag.py took 0.034 seconds
[2025-03-08T21:26:01.167+0600] {processor.py:186} INFO - Started process (PID=32985) to work on /home/shamim/airflow_venv/lib/python3.12/site-packages/airflow/example_dags/subdags/subdag.py
[2025-03-08T21:26:01.174+0600] {processor.py:914} INFO - Processing file /home/shamim/airflow_venv/lib/python3.12/site-packages/airflow/example_dags/subdags/subdag.py for tasks to queue
[2025-03-08T21:26:01.177+0600] {logging_mixin.py:190} INFO - [2025-03-08T21:26:01.176+0600] {dagbag.py:588} INFO - Filling up the DagBag from /home/shamim/airflow_venv/lib/python3.12/site-packages/airflow/example_dags/subdags/subdag.py
[2025-03-08T21:26:01.179+0600] {processor.py:927} WARNING - No viable dags retrieved from /home/shamim/airflow_venv/lib/python3.12/site-packages/airflow/example_dags/subdags/subdag.py
[2025-03-08T21:26:01.192+0600] {processor.py:208} INFO - Processing /home/shamim/airflow_venv/lib/python3.12/site-packages/airflow/example_dags/subdags/subdag.py took 0.033 seconds
[2025-03-08T21:26:48.157+0600] {processor.py:186} INFO - Started process (PID=33230) to work on /home/shamim/airflow_venv/lib/python3.12/site-packages/airflow/example_dags/subdags/subdag.py
[2025-03-08T21:26:48.163+0600] {processor.py:914} INFO - Processing file /home/shamim/airflow_venv/lib/python3.12/site-packages/airflow/example_dags/subdags/subdag.py for tasks to queue
[2025-03-08T21:26:48.165+0600] {logging_mixin.py:190} INFO - [2025-03-08T21:26:48.165+0600] {dagbag.py:588} INFO - Filling up the DagBag from /home/shamim/airflow_venv/lib/python3.12/site-packages/airflow/example_dags/subdags/subdag.py
[2025-03-08T21:26:48.168+0600] {processor.py:927} WARNING - No viable dags retrieved from /home/shamim/airflow_venv/lib/python3.12/site-packages/airflow/example_dags/subdags/subdag.py
[2025-03-08T21:26:48.183+0600] {processor.py:208} INFO - Processing /home/shamim/airflow_venv/lib/python3.12/site-packages/airflow/example_dags/subdags/subdag.py took 0.034 seconds
[2025-03-08T21:27:32.795+0600] {processor.py:186} INFO - Started process (PID=33525) to work on /home/shamim/airflow_venv/lib/python3.12/site-packages/airflow/example_dags/subdags/subdag.py
[2025-03-08T21:27:32.801+0600] {processor.py:914} INFO - Processing file /home/shamim/airflow_venv/lib/python3.12/site-packages/airflow/example_dags/subdags/subdag.py for tasks to queue
[2025-03-08T21:27:32.803+0600] {logging_mixin.py:190} INFO - [2025-03-08T21:27:32.803+0600] {dagbag.py:588} INFO - Filling up the DagBag from /home/shamim/airflow_venv/lib/python3.12/site-packages/airflow/example_dags/subdags/subdag.py
[2025-03-08T21:27:32.807+0600] {processor.py:927} WARNING - No viable dags retrieved from /home/shamim/airflow_venv/lib/python3.12/site-packages/airflow/example_dags/subdags/subdag.py
[2025-03-08T21:27:32.822+0600] {processor.py:208} INFO - Processing /home/shamim/airflow_venv/lib/python3.12/site-packages/airflow/example_dags/subdags/subdag.py took 0.036 seconds
[2025-03-08T21:28:18.610+0600] {processor.py:186} INFO - Started process (PID=33836) to work on /home/shamim/airflow_venv/lib/python3.12/site-packages/airflow/example_dags/subdags/subdag.py
[2025-03-08T21:28:18.616+0600] {processor.py:914} INFO - Processing file /home/shamim/airflow_venv/lib/python3.12/site-packages/airflow/example_dags/subdags/subdag.py for tasks to queue
[2025-03-08T21:28:18.618+0600] {logging_mixin.py:190} INFO - [2025-03-08T21:28:18.618+0600] {dagbag.py:588} INFO - Filling up the DagBag from /home/shamim/airflow_venv/lib/python3.12/site-packages/airflow/example_dags/subdags/subdag.py
[2025-03-08T21:28:18.621+0600] {processor.py:927} WARNING - No viable dags retrieved from /home/shamim/airflow_venv/lib/python3.12/site-packages/airflow/example_dags/subdags/subdag.py
[2025-03-08T21:28:18.635+0600] {processor.py:208} INFO - Processing /home/shamim/airflow_venv/lib/python3.12/site-packages/airflow/example_dags/subdags/subdag.py took 0.032 seconds
[2025-03-08T21:29:06.525+0600] {processor.py:186} INFO - Started process (PID=34214) to work on /home/shamim/airflow_venv/lib/python3.12/site-packages/airflow/example_dags/subdags/subdag.py
[2025-03-08T21:29:06.526+0600] {processor.py:914} INFO - Processing file /home/shamim/airflow_venv/lib/python3.12/site-packages/airflow/example_dags/subdags/subdag.py for tasks to queue
[2025-03-08T21:29:06.530+0600] {logging_mixin.py:190} INFO - [2025-03-08T21:29:06.529+0600] {dagbag.py:588} INFO - Filling up the DagBag from /home/shamim/airflow_venv/lib/python3.12/site-packages/airflow/example_dags/subdags/subdag.py
[2025-03-08T21:29:06.534+0600] {processor.py:927} WARNING - No viable dags retrieved from /home/shamim/airflow_venv/lib/python3.12/site-packages/airflow/example_dags/subdags/subdag.py
[2025-03-08T21:29:06.551+0600] {processor.py:208} INFO - Processing /home/shamim/airflow_venv/lib/python3.12/site-packages/airflow/example_dags/subdags/subdag.py took 0.036 seconds
[2025-03-08T21:29:55.889+0600] {processor.py:186} INFO - Started process (PID=34660) to work on /home/shamim/airflow_venv/lib/python3.12/site-packages/airflow/example_dags/subdags/subdag.py
[2025-03-08T21:29:55.895+0600] {processor.py:914} INFO - Processing file /home/shamim/airflow_venv/lib/python3.12/site-packages/airflow/example_dags/subdags/subdag.py for tasks to queue
[2025-03-08T21:29:55.898+0600] {logging_mixin.py:190} INFO - [2025-03-08T21:29:55.897+0600] {dagbag.py:588} INFO - Filling up the DagBag from /home/shamim/airflow_venv/lib/python3.12/site-packages/airflow/example_dags/subdags/subdag.py
[2025-03-08T21:29:55.900+0600] {processor.py:927} WARNING - No viable dags retrieved from /home/shamim/airflow_venv/lib/python3.12/site-packages/airflow/example_dags/subdags/subdag.py
[2025-03-08T21:29:55.913+0600] {processor.py:208} INFO - Processing /home/shamim/airflow_venv/lib/python3.12/site-packages/airflow/example_dags/subdags/subdag.py took 0.034 seconds
[2025-03-08T21:30:42.194+0600] {processor.py:186} INFO - Started process (PID=34928) to work on /home/shamim/airflow_venv/lib/python3.12/site-packages/airflow/example_dags/subdags/subdag.py
[2025-03-08T21:30:42.202+0600] {processor.py:914} INFO - Processing file /home/shamim/airflow_venv/lib/python3.12/site-packages/airflow/example_dags/subdags/subdag.py for tasks to queue
[2025-03-08T21:30:42.211+0600] {logging_mixin.py:190} INFO - [2025-03-08T21:30:42.209+0600] {dagbag.py:588} INFO - Filling up the DagBag from /home/shamim/airflow_venv/lib/python3.12/site-packages/airflow/example_dags/subdags/subdag.py
[2025-03-08T21:30:42.218+0600] {processor.py:927} WARNING - No viable dags retrieved from /home/shamim/airflow_venv/lib/python3.12/site-packages/airflow/example_dags/subdags/subdag.py
[2025-03-08T21:30:42.254+0600] {processor.py:208} INFO - Processing /home/shamim/airflow_venv/lib/python3.12/site-packages/airflow/example_dags/subdags/subdag.py took 0.091 seconds
[2025-03-08T21:31:30.439+0600] {processor.py:186} INFO - Started process (PID=35199) to work on /home/shamim/airflow_venv/lib/python3.12/site-packages/airflow/example_dags/subdags/subdag.py
[2025-03-08T21:31:30.455+0600] {processor.py:914} INFO - Processing file /home/shamim/airflow_venv/lib/python3.12/site-packages/airflow/example_dags/subdags/subdag.py for tasks to queue
[2025-03-08T21:31:30.459+0600] {logging_mixin.py:190} INFO - [2025-03-08T21:31:30.458+0600] {dagbag.py:588} INFO - Filling up the DagBag from /home/shamim/airflow_venv/lib/python3.12/site-packages/airflow/example_dags/subdags/subdag.py
[2025-03-08T21:31:30.462+0600] {processor.py:927} WARNING - No viable dags retrieved from /home/shamim/airflow_venv/lib/python3.12/site-packages/airflow/example_dags/subdags/subdag.py
[2025-03-08T21:31:30.485+0600] {processor.py:208} INFO - Processing /home/shamim/airflow_venv/lib/python3.12/site-packages/airflow/example_dags/subdags/subdag.py took 0.066 seconds
[2025-03-08T21:32:18.955+0600] {processor.py:186} INFO - Started process (PID=35509) to work on /home/shamim/airflow_venv/lib/python3.12/site-packages/airflow/example_dags/subdags/subdag.py
[2025-03-08T21:32:18.963+0600] {processor.py:914} INFO - Processing file /home/shamim/airflow_venv/lib/python3.12/site-packages/airflow/example_dags/subdags/subdag.py for tasks to queue
[2025-03-08T21:32:18.966+0600] {logging_mixin.py:190} INFO - [2025-03-08T21:32:18.966+0600] {dagbag.py:588} INFO - Filling up the DagBag from /home/shamim/airflow_venv/lib/python3.12/site-packages/airflow/example_dags/subdags/subdag.py
[2025-03-08T21:32:18.969+0600] {processor.py:927} WARNING - No viable dags retrieved from /home/shamim/airflow_venv/lib/python3.12/site-packages/airflow/example_dags/subdags/subdag.py
[2025-03-08T21:32:18.984+0600] {processor.py:208} INFO - Processing /home/shamim/airflow_venv/lib/python3.12/site-packages/airflow/example_dags/subdags/subdag.py took 0.049 seconds
[2025-03-08T21:33:08.351+0600] {processor.py:186} INFO - Started process (PID=35840) to work on /home/shamim/airflow_venv/lib/python3.12/site-packages/airflow/example_dags/subdags/subdag.py
[2025-03-08T21:33:08.352+0600] {processor.py:914} INFO - Processing file /home/shamim/airflow_venv/lib/python3.12/site-packages/airflow/example_dags/subdags/subdag.py for tasks to queue
[2025-03-08T21:33:08.355+0600] {logging_mixin.py:190} INFO - [2025-03-08T21:33:08.354+0600] {dagbag.py:588} INFO - Filling up the DagBag from /home/shamim/airflow_venv/lib/python3.12/site-packages/airflow/example_dags/subdags/subdag.py
[2025-03-08T21:33:08.358+0600] {processor.py:927} WARNING - No viable dags retrieved from /home/shamim/airflow_venv/lib/python3.12/site-packages/airflow/example_dags/subdags/subdag.py
[2025-03-08T21:33:08.372+0600] {processor.py:208} INFO - Processing /home/shamim/airflow_venv/lib/python3.12/site-packages/airflow/example_dags/subdags/subdag.py took 0.030 seconds
[2025-03-08T21:33:50.760+0600] {processor.py:186} INFO - Started process (PID=36106) to work on /home/shamim/airflow_venv/lib/python3.12/site-packages/airflow/example_dags/subdags/subdag.py
[2025-03-08T21:33:50.764+0600] {processor.py:914} INFO - Processing file /home/shamim/airflow_venv/lib/python3.12/site-packages/airflow/example_dags/subdags/subdag.py for tasks to queue
[2025-03-08T21:33:50.766+0600] {logging_mixin.py:190} INFO - [2025-03-08T21:33:50.766+0600] {dagbag.py:588} INFO - Filling up the DagBag from /home/shamim/airflow_venv/lib/python3.12/site-packages/airflow/example_dags/subdags/subdag.py
[2025-03-08T21:33:50.769+0600] {processor.py:927} WARNING - No viable dags retrieved from /home/shamim/airflow_venv/lib/python3.12/site-packages/airflow/example_dags/subdags/subdag.py
[2025-03-08T21:33:50.782+0600] {processor.py:208} INFO - Processing /home/shamim/airflow_venv/lib/python3.12/site-packages/airflow/example_dags/subdags/subdag.py took 0.030 seconds
[2025-03-08T21:34:34.646+0600] {processor.py:186} INFO - Started process (PID=36375) to work on /home/shamim/airflow_venv/lib/python3.12/site-packages/airflow/example_dags/subdags/subdag.py
[2025-03-08T21:34:34.649+0600] {processor.py:914} INFO - Processing file /home/shamim/airflow_venv/lib/python3.12/site-packages/airflow/example_dags/subdags/subdag.py for tasks to queue
[2025-03-08T21:34:34.653+0600] {logging_mixin.py:190} INFO - [2025-03-08T21:34:34.652+0600] {dagbag.py:588} INFO - Filling up the DagBag from /home/shamim/airflow_venv/lib/python3.12/site-packages/airflow/example_dags/subdags/subdag.py
[2025-03-08T21:34:34.656+0600] {processor.py:927} WARNING - No viable dags retrieved from /home/shamim/airflow_venv/lib/python3.12/site-packages/airflow/example_dags/subdags/subdag.py
[2025-03-08T21:34:34.675+0600] {processor.py:208} INFO - Processing /home/shamim/airflow_venv/lib/python3.12/site-packages/airflow/example_dags/subdags/subdag.py took 0.041 seconds
[2025-03-08T21:35:21.622+0600] {processor.py:186} INFO - Started process (PID=36649) to work on /home/shamim/airflow_venv/lib/python3.12/site-packages/airflow/example_dags/subdags/subdag.py
[2025-03-08T21:35:21.631+0600] {processor.py:914} INFO - Processing file /home/shamim/airflow_venv/lib/python3.12/site-packages/airflow/example_dags/subdags/subdag.py for tasks to queue
[2025-03-08T21:35:21.636+0600] {logging_mixin.py:190} INFO - [2025-03-08T21:35:21.635+0600] {dagbag.py:588} INFO - Filling up the DagBag from /home/shamim/airflow_venv/lib/python3.12/site-packages/airflow/example_dags/subdags/subdag.py
[2025-03-08T21:35:21.641+0600] {processor.py:927} WARNING - No viable dags retrieved from /home/shamim/airflow_venv/lib/python3.12/site-packages/airflow/example_dags/subdags/subdag.py
[2025-03-08T21:35:21.657+0600] {processor.py:208} INFO - Processing /home/shamim/airflow_venv/lib/python3.12/site-packages/airflow/example_dags/subdags/subdag.py took 0.044 seconds
[2025-03-08T21:36:08.303+0600] {processor.py:186} INFO - Started process (PID=36921) to work on /home/shamim/airflow_venv/lib/python3.12/site-packages/airflow/example_dags/subdags/subdag.py
[2025-03-08T21:36:08.311+0600] {processor.py:914} INFO - Processing file /home/shamim/airflow_venv/lib/python3.12/site-packages/airflow/example_dags/subdags/subdag.py for tasks to queue
[2025-03-08T21:36:08.318+0600] {logging_mixin.py:190} INFO - [2025-03-08T21:36:08.317+0600] {dagbag.py:588} INFO - Filling up the DagBag from /home/shamim/airflow_venv/lib/python3.12/site-packages/airflow/example_dags/subdags/subdag.py
[2025-03-08T21:36:08.326+0600] {processor.py:927} WARNING - No viable dags retrieved from /home/shamim/airflow_venv/lib/python3.12/site-packages/airflow/example_dags/subdags/subdag.py
[2025-03-08T21:36:08.363+0600] {processor.py:208} INFO - Processing /home/shamim/airflow_venv/lib/python3.12/site-packages/airflow/example_dags/subdags/subdag.py took 0.084 seconds
[2025-03-08T21:36:55.172+0600] {processor.py:186} INFO - Started process (PID=37191) to work on /home/shamim/airflow_venv/lib/python3.12/site-packages/airflow/example_dags/subdags/subdag.py
[2025-03-08T21:36:55.180+0600] {processor.py:914} INFO - Processing file /home/shamim/airflow_venv/lib/python3.12/site-packages/airflow/example_dags/subdags/subdag.py for tasks to queue
[2025-03-08T21:36:55.183+0600] {logging_mixin.py:190} INFO - [2025-03-08T21:36:55.183+0600] {dagbag.py:588} INFO - Filling up the DagBag from /home/shamim/airflow_venv/lib/python3.12/site-packages/airflow/example_dags/subdags/subdag.py
[2025-03-08T21:36:55.186+0600] {processor.py:927} WARNING - No viable dags retrieved from /home/shamim/airflow_venv/lib/python3.12/site-packages/airflow/example_dags/subdags/subdag.py
[2025-03-08T21:36:55.203+0600] {processor.py:208} INFO - Processing /home/shamim/airflow_venv/lib/python3.12/site-packages/airflow/example_dags/subdags/subdag.py took 0.053 seconds
[2025-03-08T21:37:42.520+0600] {processor.py:186} INFO - Started process (PID=37461) to work on /home/shamim/airflow_venv/lib/python3.12/site-packages/airflow/example_dags/subdags/subdag.py
[2025-03-08T21:37:42.526+0600] {processor.py:914} INFO - Processing file /home/shamim/airflow_venv/lib/python3.12/site-packages/airflow/example_dags/subdags/subdag.py for tasks to queue
[2025-03-08T21:37:42.531+0600] {logging_mixin.py:190} INFO - [2025-03-08T21:37:42.530+0600] {dagbag.py:588} INFO - Filling up the DagBag from /home/shamim/airflow_venv/lib/python3.12/site-packages/airflow/example_dags/subdags/subdag.py
[2025-03-08T21:37:42.534+0600] {processor.py:927} WARNING - No viable dags retrieved from /home/shamim/airflow_venv/lib/python3.12/site-packages/airflow/example_dags/subdags/subdag.py
[2025-03-08T21:37:42.548+0600] {processor.py:208} INFO - Processing /home/shamim/airflow_venv/lib/python3.12/site-packages/airflow/example_dags/subdags/subdag.py took 0.037 seconds
[2025-03-08T21:38:30.803+0600] {processor.py:186} INFO - Started process (PID=37839) to work on /home/shamim/airflow_venv/lib/python3.12/site-packages/airflow/example_dags/subdags/subdag.py
[2025-03-08T21:38:30.804+0600] {processor.py:914} INFO - Processing file /home/shamim/airflow_venv/lib/python3.12/site-packages/airflow/example_dags/subdags/subdag.py for tasks to queue
[2025-03-08T21:38:30.807+0600] {logging_mixin.py:190} INFO - [2025-03-08T21:38:30.806+0600] {dagbag.py:588} INFO - Filling up the DagBag from /home/shamim/airflow_venv/lib/python3.12/site-packages/airflow/example_dags/subdags/subdag.py
[2025-03-08T21:38:30.810+0600] {processor.py:927} WARNING - No viable dags retrieved from /home/shamim/airflow_venv/lib/python3.12/site-packages/airflow/example_dags/subdags/subdag.py
[2025-03-08T21:38:30.822+0600] {processor.py:208} INFO - Processing /home/shamim/airflow_venv/lib/python3.12/site-packages/airflow/example_dags/subdags/subdag.py took 0.027 seconds
[2025-03-08T21:39:14.098+0600] {processor.py:186} INFO - Started process (PID=38099) to work on /home/shamim/airflow_venv/lib/python3.12/site-packages/airflow/example_dags/subdags/subdag.py
[2025-03-08T21:39:14.104+0600] {processor.py:914} INFO - Processing file /home/shamim/airflow_venv/lib/python3.12/site-packages/airflow/example_dags/subdags/subdag.py for tasks to queue
[2025-03-08T21:39:14.107+0600] {logging_mixin.py:190} INFO - [2025-03-08T21:39:14.106+0600] {dagbag.py:588} INFO - Filling up the DagBag from /home/shamim/airflow_venv/lib/python3.12/site-packages/airflow/example_dags/subdags/subdag.py
[2025-03-08T21:39:14.110+0600] {processor.py:927} WARNING - No viable dags retrieved from /home/shamim/airflow_venv/lib/python3.12/site-packages/airflow/example_dags/subdags/subdag.py
[2025-03-08T21:39:14.124+0600] {processor.py:208} INFO - Processing /home/shamim/airflow_venv/lib/python3.12/site-packages/airflow/example_dags/subdags/subdag.py took 0.035 seconds
[2025-03-08T21:39:57.199+0600] {processor.py:186} INFO - Started process (PID=38467) to work on /home/shamim/airflow_venv/lib/python3.12/site-packages/airflow/example_dags/subdags/subdag.py
[2025-03-08T21:39:57.205+0600] {processor.py:914} INFO - Processing file /home/shamim/airflow_venv/lib/python3.12/site-packages/airflow/example_dags/subdags/subdag.py for tasks to queue
[2025-03-08T21:39:57.207+0600] {logging_mixin.py:190} INFO - [2025-03-08T21:39:57.207+0600] {dagbag.py:588} INFO - Filling up the DagBag from /home/shamim/airflow_venv/lib/python3.12/site-packages/airflow/example_dags/subdags/subdag.py
[2025-03-08T21:39:57.210+0600] {processor.py:927} WARNING - No viable dags retrieved from /home/shamim/airflow_venv/lib/python3.12/site-packages/airflow/example_dags/subdags/subdag.py
[2025-03-08T21:39:57.224+0600] {processor.py:208} INFO - Processing /home/shamim/airflow_venv/lib/python3.12/site-packages/airflow/example_dags/subdags/subdag.py took 0.034 seconds
[2025-03-08T21:40:41.249+0600] {processor.py:186} INFO - Started process (PID=38757) to work on /home/shamim/airflow_venv/lib/python3.12/site-packages/airflow/example_dags/subdags/subdag.py
[2025-03-08T21:40:41.255+0600] {processor.py:914} INFO - Processing file /home/shamim/airflow_venv/lib/python3.12/site-packages/airflow/example_dags/subdags/subdag.py for tasks to queue
[2025-03-08T21:40:41.258+0600] {logging_mixin.py:190} INFO - [2025-03-08T21:40:41.258+0600] {dagbag.py:588} INFO - Filling up the DagBag from /home/shamim/airflow_venv/lib/python3.12/site-packages/airflow/example_dags/subdags/subdag.py
[2025-03-08T21:40:41.261+0600] {processor.py:927} WARNING - No viable dags retrieved from /home/shamim/airflow_venv/lib/python3.12/site-packages/airflow/example_dags/subdags/subdag.py
[2025-03-08T21:40:41.275+0600] {processor.py:208} INFO - Processing /home/shamim/airflow_venv/lib/python3.12/site-packages/airflow/example_dags/subdags/subdag.py took 0.035 seconds
[2025-03-08T21:41:27.094+0600] {processor.py:186} INFO - Started process (PID=39031) to work on /home/shamim/airflow_venv/lib/python3.12/site-packages/airflow/example_dags/subdags/subdag.py
[2025-03-08T21:41:27.099+0600] {processor.py:914} INFO - Processing file /home/shamim/airflow_venv/lib/python3.12/site-packages/airflow/example_dags/subdags/subdag.py for tasks to queue
[2025-03-08T21:41:27.101+0600] {logging_mixin.py:190} INFO - [2025-03-08T21:41:27.101+0600] {dagbag.py:588} INFO - Filling up the DagBag from /home/shamim/airflow_venv/lib/python3.12/site-packages/airflow/example_dags/subdags/subdag.py
[2025-03-08T21:41:27.104+0600] {processor.py:927} WARNING - No viable dags retrieved from /home/shamim/airflow_venv/lib/python3.12/site-packages/airflow/example_dags/subdags/subdag.py
[2025-03-08T21:41:27.117+0600] {processor.py:208} INFO - Processing /home/shamim/airflow_venv/lib/python3.12/site-packages/airflow/example_dags/subdags/subdag.py took 0.031 seconds
[2025-03-08T21:42:13.385+0600] {processor.py:186} INFO - Started process (PID=39305) to work on /home/shamim/airflow_venv/lib/python3.12/site-packages/airflow/example_dags/subdags/subdag.py
[2025-03-08T21:42:13.389+0600] {processor.py:914} INFO - Processing file /home/shamim/airflow_venv/lib/python3.12/site-packages/airflow/example_dags/subdags/subdag.py for tasks to queue
[2025-03-08T21:42:13.392+0600] {logging_mixin.py:190} INFO - [2025-03-08T21:42:13.391+0600] {dagbag.py:588} INFO - Filling up the DagBag from /home/shamim/airflow_venv/lib/python3.12/site-packages/airflow/example_dags/subdags/subdag.py
[2025-03-08T21:42:13.395+0600] {processor.py:927} WARNING - No viable dags retrieved from /home/shamim/airflow_venv/lib/python3.12/site-packages/airflow/example_dags/subdags/subdag.py
[2025-03-08T21:42:13.409+0600] {processor.py:208} INFO - Processing /home/shamim/airflow_venv/lib/python3.12/site-packages/airflow/example_dags/subdags/subdag.py took 0.036 seconds
[2025-03-08T21:43:00.833+0600] {processor.py:186} INFO - Started process (PID=39612) to work on /home/shamim/airflow_venv/lib/python3.12/site-packages/airflow/example_dags/subdags/subdag.py
[2025-03-08T21:43:00.834+0600] {processor.py:914} INFO - Processing file /home/shamim/airflow_venv/lib/python3.12/site-packages/airflow/example_dags/subdags/subdag.py for tasks to queue
[2025-03-08T21:43:00.837+0600] {logging_mixin.py:190} INFO - [2025-03-08T21:43:00.836+0600] {dagbag.py:588} INFO - Filling up the DagBag from /home/shamim/airflow_venv/lib/python3.12/site-packages/airflow/example_dags/subdags/subdag.py
[2025-03-08T21:43:00.839+0600] {processor.py:927} WARNING - No viable dags retrieved from /home/shamim/airflow_venv/lib/python3.12/site-packages/airflow/example_dags/subdags/subdag.py
[2025-03-08T21:43:00.853+0600] {processor.py:208} INFO - Processing /home/shamim/airflow_venv/lib/python3.12/site-packages/airflow/example_dags/subdags/subdag.py took 0.029 seconds
[2025-03-08T21:43:51.168+0600] {processor.py:186} INFO - Started process (PID=39893) to work on /home/shamim/airflow_venv/lib/python3.12/site-packages/airflow/example_dags/subdags/subdag.py
[2025-03-08T21:43:51.174+0600] {processor.py:914} INFO - Processing file /home/shamim/airflow_venv/lib/python3.12/site-packages/airflow/example_dags/subdags/subdag.py for tasks to queue
[2025-03-08T21:43:51.177+0600] {logging_mixin.py:190} INFO - [2025-03-08T21:43:51.177+0600] {dagbag.py:588} INFO - Filling up the DagBag from /home/shamim/airflow_venv/lib/python3.12/site-packages/airflow/example_dags/subdags/subdag.py
[2025-03-08T21:43:51.180+0600] {processor.py:927} WARNING - No viable dags retrieved from /home/shamim/airflow_venv/lib/python3.12/site-packages/airflow/example_dags/subdags/subdag.py
[2025-03-08T21:43:51.195+0600] {processor.py:208} INFO - Processing /home/shamim/airflow_venv/lib/python3.12/site-packages/airflow/example_dags/subdags/subdag.py took 0.042 seconds
[2025-03-08T21:44:41.811+0600] {processor.py:186} INFO - Started process (PID=40174) to work on /home/shamim/airflow_venv/lib/python3.12/site-packages/airflow/example_dags/subdags/subdag.py
[2025-03-08T21:44:41.818+0600] {processor.py:914} INFO - Processing file /home/shamim/airflow_venv/lib/python3.12/site-packages/airflow/example_dags/subdags/subdag.py for tasks to queue
[2025-03-08T21:44:41.824+0600] {logging_mixin.py:190} INFO - [2025-03-08T21:44:41.823+0600] {dagbag.py:588} INFO - Filling up the DagBag from /home/shamim/airflow_venv/lib/python3.12/site-packages/airflow/example_dags/subdags/subdag.py
[2025-03-08T21:44:41.829+0600] {processor.py:927} WARNING - No viable dags retrieved from /home/shamim/airflow_venv/lib/python3.12/site-packages/airflow/example_dags/subdags/subdag.py
[2025-03-08T21:44:41.857+0600] {processor.py:208} INFO - Processing /home/shamim/airflow_venv/lib/python3.12/site-packages/airflow/example_dags/subdags/subdag.py took 0.063 seconds
[2025-03-08T21:45:31.305+0600] {processor.py:186} INFO - Started process (PID=40447) to work on /home/shamim/airflow_venv/lib/python3.12/site-packages/airflow/example_dags/subdags/subdag.py
[2025-03-08T21:45:31.313+0600] {processor.py:914} INFO - Processing file /home/shamim/airflow_venv/lib/python3.12/site-packages/airflow/example_dags/subdags/subdag.py for tasks to queue
[2025-03-08T21:45:31.321+0600] {logging_mixin.py:190} INFO - [2025-03-08T21:45:31.320+0600] {dagbag.py:588} INFO - Filling up the DagBag from /home/shamim/airflow_venv/lib/python3.12/site-packages/airflow/example_dags/subdags/subdag.py
[2025-03-08T21:45:31.330+0600] {processor.py:927} WARNING - No viable dags retrieved from /home/shamim/airflow_venv/lib/python3.12/site-packages/airflow/example_dags/subdags/subdag.py
[2025-03-08T21:45:31.370+0600] {processor.py:208} INFO - Processing /home/shamim/airflow_venv/lib/python3.12/site-packages/airflow/example_dags/subdags/subdag.py took 0.092 seconds
[2025-03-08T21:46:14.491+0600] {processor.py:186} INFO - Started process (PID=40729) to work on /home/shamim/airflow_venv/lib/python3.12/site-packages/airflow/example_dags/subdags/subdag.py
[2025-03-08T21:46:14.498+0600] {processor.py:914} INFO - Processing file /home/shamim/airflow_venv/lib/python3.12/site-packages/airflow/example_dags/subdags/subdag.py for tasks to queue
[2025-03-08T21:46:14.500+0600] {logging_mixin.py:190} INFO - [2025-03-08T21:46:14.500+0600] {dagbag.py:588} INFO - Filling up the DagBag from /home/shamim/airflow_venv/lib/python3.12/site-packages/airflow/example_dags/subdags/subdag.py
[2025-03-08T21:46:14.503+0600] {processor.py:927} WARNING - No viable dags retrieved from /home/shamim/airflow_venv/lib/python3.12/site-packages/airflow/example_dags/subdags/subdag.py
[2025-03-08T21:46:14.518+0600] {processor.py:208} INFO - Processing /home/shamim/airflow_venv/lib/python3.12/site-packages/airflow/example_dags/subdags/subdag.py took 0.036 seconds
[2025-03-08T21:46:58.613+0600] {processor.py:186} INFO - Started process (PID=41031) to work on /home/shamim/airflow_venv/lib/python3.12/site-packages/airflow/example_dags/subdags/subdag.py
[2025-03-08T21:46:58.619+0600] {processor.py:914} INFO - Processing file /home/shamim/airflow_venv/lib/python3.12/site-packages/airflow/example_dags/subdags/subdag.py for tasks to queue
[2025-03-08T21:46:58.622+0600] {logging_mixin.py:190} INFO - [2025-03-08T21:46:58.622+0600] {dagbag.py:588} INFO - Filling up the DagBag from /home/shamim/airflow_venv/lib/python3.12/site-packages/airflow/example_dags/subdags/subdag.py
[2025-03-08T21:46:58.626+0600] {processor.py:927} WARNING - No viable dags retrieved from /home/shamim/airflow_venv/lib/python3.12/site-packages/airflow/example_dags/subdags/subdag.py
[2025-03-08T21:46:58.639+0600] {processor.py:208} INFO - Processing /home/shamim/airflow_venv/lib/python3.12/site-packages/airflow/example_dags/subdags/subdag.py took 0.035 seconds
[2025-03-08T21:47:48.538+0600] {processor.py:186} INFO - Started process (PID=41349) to work on /home/shamim/airflow_venv/lib/python3.12/site-packages/airflow/example_dags/subdags/subdag.py
[2025-03-08T21:47:48.545+0600] {processor.py:914} INFO - Processing file /home/shamim/airflow_venv/lib/python3.12/site-packages/airflow/example_dags/subdags/subdag.py for tasks to queue
[2025-03-08T21:47:48.549+0600] {logging_mixin.py:190} INFO - [2025-03-08T21:47:48.548+0600] {dagbag.py:588} INFO - Filling up the DagBag from /home/shamim/airflow_venv/lib/python3.12/site-packages/airflow/example_dags/subdags/subdag.py
[2025-03-08T21:47:48.552+0600] {processor.py:927} WARNING - No viable dags retrieved from /home/shamim/airflow_venv/lib/python3.12/site-packages/airflow/example_dags/subdags/subdag.py
[2025-03-08T21:47:48.570+0600] {processor.py:208} INFO - Processing /home/shamim/airflow_venv/lib/python3.12/site-packages/airflow/example_dags/subdags/subdag.py took 0.044 seconds
[2025-03-08T21:48:34.930+0600] {processor.py:186} INFO - Started process (PID=41654) to work on /home/shamim/airflow_venv/lib/python3.12/site-packages/airflow/example_dags/subdags/subdag.py
[2025-03-08T21:48:34.931+0600] {processor.py:914} INFO - Processing file /home/shamim/airflow_venv/lib/python3.12/site-packages/airflow/example_dags/subdags/subdag.py for tasks to queue
[2025-03-08T21:48:34.934+0600] {logging_mixin.py:190} INFO - [2025-03-08T21:48:34.933+0600] {dagbag.py:588} INFO - Filling up the DagBag from /home/shamim/airflow_venv/lib/python3.12/site-packages/airflow/example_dags/subdags/subdag.py
[2025-03-08T21:48:34.937+0600] {processor.py:927} WARNING - No viable dags retrieved from /home/shamim/airflow_venv/lib/python3.12/site-packages/airflow/example_dags/subdags/subdag.py
[2025-03-08T21:48:34.951+0600] {processor.py:208} INFO - Processing /home/shamim/airflow_venv/lib/python3.12/site-packages/airflow/example_dags/subdags/subdag.py took 0.029 seconds
[2025-03-08T21:49:20.820+0600] {processor.py:186} INFO - Started process (PID=41941) to work on /home/shamim/airflow_venv/lib/python3.12/site-packages/airflow/example_dags/subdags/subdag.py
[2025-03-08T21:49:20.827+0600] {processor.py:914} INFO - Processing file /home/shamim/airflow_venv/lib/python3.12/site-packages/airflow/example_dags/subdags/subdag.py for tasks to queue
[2025-03-08T21:49:20.830+0600] {logging_mixin.py:190} INFO - [2025-03-08T21:49:20.829+0600] {dagbag.py:588} INFO - Filling up the DagBag from /home/shamim/airflow_venv/lib/python3.12/site-packages/airflow/example_dags/subdags/subdag.py
[2025-03-08T21:49:20.833+0600] {processor.py:927} WARNING - No viable dags retrieved from /home/shamim/airflow_venv/lib/python3.12/site-packages/airflow/example_dags/subdags/subdag.py
[2025-03-08T21:49:20.846+0600] {processor.py:208} INFO - Processing /home/shamim/airflow_venv/lib/python3.12/site-packages/airflow/example_dags/subdags/subdag.py took 0.034 seconds
[2025-03-08T21:50:13.961+0600] {processor.py:186} INFO - Started process (PID=42200) to work on /home/shamim/airflow_venv/lib/python3.12/site-packages/airflow/example_dags/subdags/subdag.py
[2025-03-08T21:50:13.968+0600] {processor.py:914} INFO - Processing file /home/shamim/airflow_venv/lib/python3.12/site-packages/airflow/example_dags/subdags/subdag.py for tasks to queue
[2025-03-08T21:50:13.971+0600] {logging_mixin.py:190} INFO - [2025-03-08T21:50:13.970+0600] {dagbag.py:588} INFO - Filling up the DagBag from /home/shamim/airflow_venv/lib/python3.12/site-packages/airflow/example_dags/subdags/subdag.py
[2025-03-08T21:50:13.974+0600] {processor.py:927} WARNING - No viable dags retrieved from /home/shamim/airflow_venv/lib/python3.12/site-packages/airflow/example_dags/subdags/subdag.py
[2025-03-08T21:50:13.987+0600] {processor.py:208} INFO - Processing /home/shamim/airflow_venv/lib/python3.12/site-packages/airflow/example_dags/subdags/subdag.py took 0.036 seconds
[2025-03-08T21:51:00.656+0600] {processor.py:186} INFO - Started process (PID=42470) to work on /home/shamim/airflow_venv/lib/python3.12/site-packages/airflow/example_dags/subdags/subdag.py
[2025-03-08T21:51:00.662+0600] {processor.py:914} INFO - Processing file /home/shamim/airflow_venv/lib/python3.12/site-packages/airflow/example_dags/subdags/subdag.py for tasks to queue
[2025-03-08T21:51:00.665+0600] {logging_mixin.py:190} INFO - [2025-03-08T21:51:00.664+0600] {dagbag.py:588} INFO - Filling up the DagBag from /home/shamim/airflow_venv/lib/python3.12/site-packages/airflow/example_dags/subdags/subdag.py
[2025-03-08T21:51:00.667+0600] {processor.py:927} WARNING - No viable dags retrieved from /home/shamim/airflow_venv/lib/python3.12/site-packages/airflow/example_dags/subdags/subdag.py
[2025-03-08T21:51:00.681+0600] {processor.py:208} INFO - Processing /home/shamim/airflow_venv/lib/python3.12/site-packages/airflow/example_dags/subdags/subdag.py took 0.033 seconds
[2025-03-08T21:51:42.877+0600] {processor.py:186} INFO - Started process (PID=42737) to work on /home/shamim/airflow_venv/lib/python3.12/site-packages/airflow/example_dags/subdags/subdag.py
[2025-03-08T21:51:42.881+0600] {processor.py:914} INFO - Processing file /home/shamim/airflow_venv/lib/python3.12/site-packages/airflow/example_dags/subdags/subdag.py for tasks to queue
[2025-03-08T21:51:42.883+0600] {logging_mixin.py:190} INFO - [2025-03-08T21:51:42.882+0600] {dagbag.py:588} INFO - Filling up the DagBag from /home/shamim/airflow_venv/lib/python3.12/site-packages/airflow/example_dags/subdags/subdag.py
[2025-03-08T21:51:42.886+0600] {processor.py:927} WARNING - No viable dags retrieved from /home/shamim/airflow_venv/lib/python3.12/site-packages/airflow/example_dags/subdags/subdag.py
[2025-03-08T21:51:42.898+0600] {processor.py:208} INFO - Processing /home/shamim/airflow_venv/lib/python3.12/site-packages/airflow/example_dags/subdags/subdag.py took 0.030 seconds
[2025-03-08T21:53:02.907+0600] {processor.py:186} INFO - Started process (PID=43295) to work on /home/shamim/airflow_venv/lib/python3.12/site-packages/airflow/example_dags/subdags/subdag.py
[2025-03-08T21:53:02.914+0600] {processor.py:914} INFO - Processing file /home/shamim/airflow_venv/lib/python3.12/site-packages/airflow/example_dags/subdags/subdag.py for tasks to queue
[2025-03-08T21:53:02.918+0600] {logging_mixin.py:190} INFO - [2025-03-08T21:53:02.918+0600] {dagbag.py:588} INFO - Filling up the DagBag from /home/shamim/airflow_venv/lib/python3.12/site-packages/airflow/example_dags/subdags/subdag.py
[2025-03-08T21:53:02.922+0600] {processor.py:927} WARNING - No viable dags retrieved from /home/shamim/airflow_venv/lib/python3.12/site-packages/airflow/example_dags/subdags/subdag.py
[2025-03-08T21:53:02.936+0600] {processor.py:208} INFO - Processing /home/shamim/airflow_venv/lib/python3.12/site-packages/airflow/example_dags/subdags/subdag.py took 0.037 seconds
[2025-03-08T21:54:24.505+0600] {processor.py:186} INFO - Started process (PID=43833) to work on /home/shamim/airflow_venv/lib/python3.12/site-packages/airflow/example_dags/subdags/subdag.py
[2025-03-08T21:54:24.511+0600] {processor.py:914} INFO - Processing file /home/shamim/airflow_venv/lib/python3.12/site-packages/airflow/example_dags/subdags/subdag.py for tasks to queue
[2025-03-08T21:54:24.514+0600] {logging_mixin.py:190} INFO - [2025-03-08T21:54:24.513+0600] {dagbag.py:588} INFO - Filling up the DagBag from /home/shamim/airflow_venv/lib/python3.12/site-packages/airflow/example_dags/subdags/subdag.py
[2025-03-08T21:54:24.517+0600] {processor.py:927} WARNING - No viable dags retrieved from /home/shamim/airflow_venv/lib/python3.12/site-packages/airflow/example_dags/subdags/subdag.py
[2025-03-08T21:54:24.531+0600] {processor.py:208} INFO - Processing /home/shamim/airflow_venv/lib/python3.12/site-packages/airflow/example_dags/subdags/subdag.py took 0.035 seconds
[2025-03-08T21:55:05.881+0600] {processor.py:186} INFO - Started process (PID=44110) to work on /home/shamim/airflow_venv/lib/python3.12/site-packages/airflow/example_dags/subdags/subdag.py
[2025-03-08T21:55:05.886+0600] {processor.py:914} INFO - Processing file /home/shamim/airflow_venv/lib/python3.12/site-packages/airflow/example_dags/subdags/subdag.py for tasks to queue
[2025-03-08T21:55:05.890+0600] {logging_mixin.py:190} INFO - [2025-03-08T21:55:05.889+0600] {dagbag.py:588} INFO - Filling up the DagBag from /home/shamim/airflow_venv/lib/python3.12/site-packages/airflow/example_dags/subdags/subdag.py
[2025-03-08T21:55:05.894+0600] {processor.py:927} WARNING - No viable dags retrieved from /home/shamim/airflow_venv/lib/python3.12/site-packages/airflow/example_dags/subdags/subdag.py
[2025-03-08T21:55:05.908+0600] {processor.py:208} INFO - Processing /home/shamim/airflow_venv/lib/python3.12/site-packages/airflow/example_dags/subdags/subdag.py took 0.039 seconds
[2025-03-08T21:55:51.159+0600] {processor.py:186} INFO - Started process (PID=44402) to work on /home/shamim/airflow_venv/lib/python3.12/site-packages/airflow/example_dags/subdags/subdag.py
[2025-03-08T21:55:51.162+0600] {processor.py:914} INFO - Processing file /home/shamim/airflow_venv/lib/python3.12/site-packages/airflow/example_dags/subdags/subdag.py for tasks to queue
[2025-03-08T21:55:51.165+0600] {logging_mixin.py:190} INFO - [2025-03-08T21:55:51.165+0600] {dagbag.py:588} INFO - Filling up the DagBag from /home/shamim/airflow_venv/lib/python3.12/site-packages/airflow/example_dags/subdags/subdag.py
[2025-03-08T21:55:51.168+0600] {processor.py:927} WARNING - No viable dags retrieved from /home/shamim/airflow_venv/lib/python3.12/site-packages/airflow/example_dags/subdags/subdag.py
[2025-03-08T21:55:51.181+0600] {processor.py:208} INFO - Processing /home/shamim/airflow_venv/lib/python3.12/site-packages/airflow/example_dags/subdags/subdag.py took 0.031 seconds
[2025-03-08T21:56:37.855+0600] {processor.py:186} INFO - Started process (PID=44685) to work on /home/shamim/airflow_venv/lib/python3.12/site-packages/airflow/example_dags/subdags/subdag.py
[2025-03-08T21:56:37.861+0600] {processor.py:914} INFO - Processing file /home/shamim/airflow_venv/lib/python3.12/site-packages/airflow/example_dags/subdags/subdag.py for tasks to queue
[2025-03-08T21:56:37.864+0600] {logging_mixin.py:190} INFO - [2025-03-08T21:56:37.864+0600] {dagbag.py:588} INFO - Filling up the DagBag from /home/shamim/airflow_venv/lib/python3.12/site-packages/airflow/example_dags/subdags/subdag.py
[2025-03-08T21:56:37.867+0600] {processor.py:927} WARNING - No viable dags retrieved from /home/shamim/airflow_venv/lib/python3.12/site-packages/airflow/example_dags/subdags/subdag.py
[2025-03-08T21:56:37.880+0600] {processor.py:208} INFO - Processing /home/shamim/airflow_venv/lib/python3.12/site-packages/airflow/example_dags/subdags/subdag.py took 0.033 seconds
[2025-03-08T21:57:58.769+0600] {processor.py:186} INFO - Started process (PID=45356) to work on /home/shamim/airflow_venv/lib/python3.12/site-packages/airflow/example_dags/subdags/subdag.py
[2025-03-08T21:57:58.783+0600] {processor.py:914} INFO - Processing file /home/shamim/airflow_venv/lib/python3.12/site-packages/airflow/example_dags/subdags/subdag.py for tasks to queue
[2025-03-08T21:57:58.790+0600] {logging_mixin.py:190} INFO - [2025-03-08T21:57:58.789+0600] {dagbag.py:588} INFO - Filling up the DagBag from /home/shamim/airflow_venv/lib/python3.12/site-packages/airflow/example_dags/subdags/subdag.py
[2025-03-08T21:57:58.795+0600] {processor.py:927} WARNING - No viable dags retrieved from /home/shamim/airflow_venv/lib/python3.12/site-packages/airflow/example_dags/subdags/subdag.py
[2025-03-08T21:57:58.814+0600] {processor.py:208} INFO - Processing /home/shamim/airflow_venv/lib/python3.12/site-packages/airflow/example_dags/subdags/subdag.py took 0.068 seconds
[2025-03-08T21:58:42.637+0600] {processor.py:186} INFO - Started process (PID=45670) to work on /home/shamim/airflow_venv/lib/python3.12/site-packages/airflow/example_dags/subdags/subdag.py
[2025-03-08T21:58:42.644+0600] {processor.py:914} INFO - Processing file /home/shamim/airflow_venv/lib/python3.12/site-packages/airflow/example_dags/subdags/subdag.py for tasks to queue
[2025-03-08T21:58:42.647+0600] {logging_mixin.py:190} INFO - [2025-03-08T21:58:42.647+0600] {dagbag.py:588} INFO - Filling up the DagBag from /home/shamim/airflow_venv/lib/python3.12/site-packages/airflow/example_dags/subdags/subdag.py
[2025-03-08T21:58:42.651+0600] {processor.py:927} WARNING - No viable dags retrieved from /home/shamim/airflow_venv/lib/python3.12/site-packages/airflow/example_dags/subdags/subdag.py
[2025-03-08T21:58:42.666+0600] {processor.py:208} INFO - Processing /home/shamim/airflow_venv/lib/python3.12/site-packages/airflow/example_dags/subdags/subdag.py took 0.057 seconds
[2025-03-08T21:59:30.885+0600] {processor.py:186} INFO - Started process (PID=46178) to work on /home/shamim/airflow_venv/lib/python3.12/site-packages/airflow/example_dags/subdags/subdag.py
[2025-03-08T21:59:30.899+0600] {processor.py:914} INFO - Processing file /home/shamim/airflow_venv/lib/python3.12/site-packages/airflow/example_dags/subdags/subdag.py for tasks to queue
[2025-03-08T21:59:30.902+0600] {logging_mixin.py:190} INFO - [2025-03-08T21:59:30.902+0600] {dagbag.py:588} INFO - Filling up the DagBag from /home/shamim/airflow_venv/lib/python3.12/site-packages/airflow/example_dags/subdags/subdag.py
[2025-03-08T21:59:30.907+0600] {processor.py:927} WARNING - No viable dags retrieved from /home/shamim/airflow_venv/lib/python3.12/site-packages/airflow/example_dags/subdags/subdag.py
[2025-03-08T21:59:30.936+0600] {processor.py:208} INFO - Processing /home/shamim/airflow_venv/lib/python3.12/site-packages/airflow/example_dags/subdags/subdag.py took 0.061 seconds
[2025-03-08T22:00:18.501+0600] {processor.py:186} INFO - Started process (PID=46474) to work on /home/shamim/airflow_venv/lib/python3.12/site-packages/airflow/example_dags/subdags/subdag.py
[2025-03-08T22:00:18.506+0600] {processor.py:914} INFO - Processing file /home/shamim/airflow_venv/lib/python3.12/site-packages/airflow/example_dags/subdags/subdag.py for tasks to queue
[2025-03-08T22:00:18.510+0600] {logging_mixin.py:190} INFO - [2025-03-08T22:00:18.509+0600] {dagbag.py:588} INFO - Filling up the DagBag from /home/shamim/airflow_venv/lib/python3.12/site-packages/airflow/example_dags/subdags/subdag.py
[2025-03-08T22:00:18.514+0600] {processor.py:927} WARNING - No viable dags retrieved from /home/shamim/airflow_venv/lib/python3.12/site-packages/airflow/example_dags/subdags/subdag.py
[2025-03-08T22:00:18.531+0600] {processor.py:208} INFO - Processing /home/shamim/airflow_venv/lib/python3.12/site-packages/airflow/example_dags/subdags/subdag.py took 0.045 seconds
[2025-03-08T22:01:02.929+0600] {processor.py:186} INFO - Started process (PID=46789) to work on /home/shamim/airflow_venv/lib/python3.12/site-packages/airflow/example_dags/subdags/subdag.py
[2025-03-08T22:01:02.935+0600] {processor.py:914} INFO - Processing file /home/shamim/airflow_venv/lib/python3.12/site-packages/airflow/example_dags/subdags/subdag.py for tasks to queue
[2025-03-08T22:01:02.939+0600] {logging_mixin.py:190} INFO - [2025-03-08T22:01:02.939+0600] {dagbag.py:588} INFO - Filling up the DagBag from /home/shamim/airflow_venv/lib/python3.12/site-packages/airflow/example_dags/subdags/subdag.py
[2025-03-08T22:01:02.943+0600] {processor.py:927} WARNING - No viable dags retrieved from /home/shamim/airflow_venv/lib/python3.12/site-packages/airflow/example_dags/subdags/subdag.py
[2025-03-08T22:01:02.963+0600] {processor.py:208} INFO - Processing /home/shamim/airflow_venv/lib/python3.12/site-packages/airflow/example_dags/subdags/subdag.py took 0.048 seconds
[2025-03-08T22:01:47.488+0600] {processor.py:186} INFO - Started process (PID=47308) to work on /home/shamim/airflow_venv/lib/python3.12/site-packages/airflow/example_dags/subdags/subdag.py
[2025-03-08T22:01:47.498+0600] {processor.py:914} INFO - Processing file /home/shamim/airflow_venv/lib/python3.12/site-packages/airflow/example_dags/subdags/subdag.py for tasks to queue
[2025-03-08T22:01:47.506+0600] {logging_mixin.py:190} INFO - [2025-03-08T22:01:47.505+0600] {dagbag.py:588} INFO - Filling up the DagBag from /home/shamim/airflow_venv/lib/python3.12/site-packages/airflow/example_dags/subdags/subdag.py
[2025-03-08T22:01:47.513+0600] {processor.py:927} WARNING - No viable dags retrieved from /home/shamim/airflow_venv/lib/python3.12/site-packages/airflow/example_dags/subdags/subdag.py
[2025-03-08T22:01:47.536+0600] {processor.py:208} INFO - Processing /home/shamim/airflow_venv/lib/python3.12/site-packages/airflow/example_dags/subdags/subdag.py took 0.073 seconds
[2025-03-08T22:02:34.453+0600] {processor.py:186} INFO - Started process (PID=47574) to work on /home/shamim/airflow_venv/lib/python3.12/site-packages/airflow/example_dags/subdags/subdag.py
[2025-03-08T22:02:34.455+0600] {processor.py:914} INFO - Processing file /home/shamim/airflow_venv/lib/python3.12/site-packages/airflow/example_dags/subdags/subdag.py for tasks to queue
[2025-03-08T22:02:34.458+0600] {logging_mixin.py:190} INFO - [2025-03-08T22:02:34.458+0600] {dagbag.py:588} INFO - Filling up the DagBag from /home/shamim/airflow_venv/lib/python3.12/site-packages/airflow/example_dags/subdags/subdag.py
[2025-03-08T22:02:34.461+0600] {processor.py:927} WARNING - No viable dags retrieved from /home/shamim/airflow_venv/lib/python3.12/site-packages/airflow/example_dags/subdags/subdag.py
[2025-03-08T22:02:34.475+0600] {processor.py:208} INFO - Processing /home/shamim/airflow_venv/lib/python3.12/site-packages/airflow/example_dags/subdags/subdag.py took 0.032 seconds
[2025-03-08T22:03:18.918+0600] {processor.py:186} INFO - Started process (PID=48023) to work on /home/shamim/airflow_venv/lib/python3.12/site-packages/airflow/example_dags/subdags/subdag.py
[2025-03-08T22:03:18.923+0600] {processor.py:914} INFO - Processing file /home/shamim/airflow_venv/lib/python3.12/site-packages/airflow/example_dags/subdags/subdag.py for tasks to queue
[2025-03-08T22:03:18.926+0600] {logging_mixin.py:190} INFO - [2025-03-08T22:03:18.925+0600] {dagbag.py:588} INFO - Filling up the DagBag from /home/shamim/airflow_venv/lib/python3.12/site-packages/airflow/example_dags/subdags/subdag.py
[2025-03-08T22:03:18.929+0600] {processor.py:927} WARNING - No viable dags retrieved from /home/shamim/airflow_venv/lib/python3.12/site-packages/airflow/example_dags/subdags/subdag.py
[2025-03-08T22:03:18.942+0600] {processor.py:208} INFO - Processing /home/shamim/airflow_venv/lib/python3.12/site-packages/airflow/example_dags/subdags/subdag.py took 0.033 seconds
[2025-03-08T22:04:08.038+0600] {processor.py:186} INFO - Started process (PID=48357) to work on /home/shamim/airflow_venv/lib/python3.12/site-packages/airflow/example_dags/subdags/subdag.py
[2025-03-08T22:04:08.043+0600] {processor.py:914} INFO - Processing file /home/shamim/airflow_venv/lib/python3.12/site-packages/airflow/example_dags/subdags/subdag.py for tasks to queue
[2025-03-08T22:04:08.046+0600] {logging_mixin.py:190} INFO - [2025-03-08T22:04:08.045+0600] {dagbag.py:588} INFO - Filling up the DagBag from /home/shamim/airflow_venv/lib/python3.12/site-packages/airflow/example_dags/subdags/subdag.py
[2025-03-08T22:04:08.049+0600] {processor.py:927} WARNING - No viable dags retrieved from /home/shamim/airflow_venv/lib/python3.12/site-packages/airflow/example_dags/subdags/subdag.py
[2025-03-08T22:04:08.066+0600] {processor.py:208} INFO - Processing /home/shamim/airflow_venv/lib/python3.12/site-packages/airflow/example_dags/subdags/subdag.py took 0.039 seconds
[2025-03-08T22:04:52.508+0600] {processor.py:186} INFO - Started process (PID=48620) to work on /home/shamim/airflow_venv/lib/python3.12/site-packages/airflow/example_dags/subdags/subdag.py
[2025-03-08T22:04:52.514+0600] {processor.py:914} INFO - Processing file /home/shamim/airflow_venv/lib/python3.12/site-packages/airflow/example_dags/subdags/subdag.py for tasks to queue
[2025-03-08T22:04:52.517+0600] {logging_mixin.py:190} INFO - [2025-03-08T22:04:52.516+0600] {dagbag.py:588} INFO - Filling up the DagBag from /home/shamim/airflow_venv/lib/python3.12/site-packages/airflow/example_dags/subdags/subdag.py
[2025-03-08T22:04:52.520+0600] {processor.py:927} WARNING - No viable dags retrieved from /home/shamim/airflow_venv/lib/python3.12/site-packages/airflow/example_dags/subdags/subdag.py
[2025-03-08T22:04:52.535+0600] {processor.py:208} INFO - Processing /home/shamim/airflow_venv/lib/python3.12/site-packages/airflow/example_dags/subdags/subdag.py took 0.038 seconds
[2025-03-08T22:06:18.831+0600] {processor.py:186} INFO - Started process (PID=49153) to work on /home/shamim/airflow_venv/lib/python3.12/site-packages/airflow/example_dags/subdags/subdag.py
[2025-03-08T22:06:18.838+0600] {processor.py:914} INFO - Processing file /home/shamim/airflow_venv/lib/python3.12/site-packages/airflow/example_dags/subdags/subdag.py for tasks to queue
[2025-03-08T22:06:18.841+0600] {logging_mixin.py:190} INFO - [2025-03-08T22:06:18.841+0600] {dagbag.py:588} INFO - Filling up the DagBag from /home/shamim/airflow_venv/lib/python3.12/site-packages/airflow/example_dags/subdags/subdag.py
[2025-03-08T22:06:18.845+0600] {processor.py:927} WARNING - No viable dags retrieved from /home/shamim/airflow_venv/lib/python3.12/site-packages/airflow/example_dags/subdags/subdag.py
[2025-03-08T22:06:18.863+0600] {processor.py:208} INFO - Processing /home/shamim/airflow_venv/lib/python3.12/site-packages/airflow/example_dags/subdags/subdag.py took 0.047 seconds
[2025-03-08T22:07:12.860+0600] {processor.py:186} INFO - Started process (PID=49565) to work on /home/shamim/airflow_venv/lib/python3.12/site-packages/airflow/example_dags/subdags/subdag.py
[2025-03-08T22:07:12.867+0600] {processor.py:914} INFO - Processing file /home/shamim/airflow_venv/lib/python3.12/site-packages/airflow/example_dags/subdags/subdag.py for tasks to queue
[2025-03-08T22:07:12.871+0600] {logging_mixin.py:190} INFO - [2025-03-08T22:07:12.870+0600] {dagbag.py:588} INFO - Filling up the DagBag from /home/shamim/airflow_venv/lib/python3.12/site-packages/airflow/example_dags/subdags/subdag.py
[2025-03-08T22:07:12.875+0600] {processor.py:927} WARNING - No viable dags retrieved from /home/shamim/airflow_venv/lib/python3.12/site-packages/airflow/example_dags/subdags/subdag.py
[2025-03-08T22:07:12.890+0600] {processor.py:208} INFO - Processing /home/shamim/airflow_venv/lib/python3.12/site-packages/airflow/example_dags/subdags/subdag.py took 0.042 seconds
[2025-03-08T22:08:00.092+0600] {processor.py:186} INFO - Started process (PID=49991) to work on /home/shamim/airflow_venv/lib/python3.12/site-packages/airflow/example_dags/subdags/subdag.py
[2025-03-08T22:08:00.108+0600] {processor.py:914} INFO - Processing file /home/shamim/airflow_venv/lib/python3.12/site-packages/airflow/example_dags/subdags/subdag.py for tasks to queue
[2025-03-08T22:08:00.112+0600] {logging_mixin.py:190} INFO - [2025-03-08T22:08:00.111+0600] {dagbag.py:588} INFO - Filling up the DagBag from /home/shamim/airflow_venv/lib/python3.12/site-packages/airflow/example_dags/subdags/subdag.py
[2025-03-08T22:08:00.117+0600] {processor.py:927} WARNING - No viable dags retrieved from /home/shamim/airflow_venv/lib/python3.12/site-packages/airflow/example_dags/subdags/subdag.py
[2025-03-08T22:08:00.134+0600] {processor.py:208} INFO - Processing /home/shamim/airflow_venv/lib/python3.12/site-packages/airflow/example_dags/subdags/subdag.py took 0.066 seconds
[2025-03-08T22:08:47.454+0600] {processor.py:186} INFO - Started process (PID=50389) to work on /home/shamim/airflow_venv/lib/python3.12/site-packages/airflow/example_dags/subdags/subdag.py
[2025-03-08T22:08:48.334+0600] {processor.py:914} INFO - Processing file /home/shamim/airflow_venv/lib/python3.12/site-packages/airflow/example_dags/subdags/subdag.py for tasks to queue
[2025-03-08T22:08:48.346+0600] {logging_mixin.py:190} INFO - [2025-03-08T22:08:48.344+0600] {dagbag.py:588} INFO - Filling up the DagBag from /home/shamim/airflow_venv/lib/python3.12/site-packages/airflow/example_dags/subdags/subdag.py
[2025-03-08T22:08:48.364+0600] {processor.py:927} WARNING - No viable dags retrieved from /home/shamim/airflow_venv/lib/python3.12/site-packages/airflow/example_dags/subdags/subdag.py
[2025-03-08T22:08:48.410+0600] {processor.py:208} INFO - Processing /home/shamim/airflow_venv/lib/python3.12/site-packages/airflow/example_dags/subdags/subdag.py took 0.974 seconds
[2025-03-08T22:09:35.303+0600] {processor.py:186} INFO - Started process (PID=50769) to work on /home/shamim/airflow_venv/lib/python3.12/site-packages/airflow/example_dags/subdags/subdag.py
[2025-03-08T22:09:35.309+0600] {processor.py:914} INFO - Processing file /home/shamim/airflow_venv/lib/python3.12/site-packages/airflow/example_dags/subdags/subdag.py for tasks to queue
[2025-03-08T22:09:35.312+0600] {logging_mixin.py:190} INFO - [2025-03-08T22:09:35.311+0600] {dagbag.py:588} INFO - Filling up the DagBag from /home/shamim/airflow_venv/lib/python3.12/site-packages/airflow/example_dags/subdags/subdag.py
[2025-03-08T22:09:35.314+0600] {processor.py:927} WARNING - No viable dags retrieved from /home/shamim/airflow_venv/lib/python3.12/site-packages/airflow/example_dags/subdags/subdag.py
[2025-03-08T22:09:35.327+0600] {processor.py:208} INFO - Processing /home/shamim/airflow_venv/lib/python3.12/site-packages/airflow/example_dags/subdags/subdag.py took 0.034 seconds
[2025-03-08T22:10:21.377+0600] {processor.py:186} INFO - Started process (PID=51202) to work on /home/shamim/airflow_venv/lib/python3.12/site-packages/airflow/example_dags/subdags/subdag.py
[2025-03-08T22:10:21.385+0600] {processor.py:914} INFO - Processing file /home/shamim/airflow_venv/lib/python3.12/site-packages/airflow/example_dags/subdags/subdag.py for tasks to queue
[2025-03-08T22:10:21.392+0600] {logging_mixin.py:190} INFO - [2025-03-08T22:10:21.391+0600] {dagbag.py:588} INFO - Filling up the DagBag from /home/shamim/airflow_venv/lib/python3.12/site-packages/airflow/example_dags/subdags/subdag.py
[2025-03-08T22:10:21.400+0600] {processor.py:927} WARNING - No viable dags retrieved from /home/shamim/airflow_venv/lib/python3.12/site-packages/airflow/example_dags/subdags/subdag.py
[2025-03-08T22:10:21.431+0600] {processor.py:208} INFO - Processing /home/shamim/airflow_venv/lib/python3.12/site-packages/airflow/example_dags/subdags/subdag.py took 0.082 seconds
[2025-03-08T22:11:09.325+0600] {processor.py:186} INFO - Started process (PID=51439) to work on /home/shamim/airflow_venv/lib/python3.12/site-packages/airflow/example_dags/subdags/subdag.py
[2025-03-08T22:11:09.331+0600] {processor.py:914} INFO - Processing file /home/shamim/airflow_venv/lib/python3.12/site-packages/airflow/example_dags/subdags/subdag.py for tasks to queue
[2025-03-08T22:11:09.334+0600] {logging_mixin.py:190} INFO - [2025-03-08T22:11:09.334+0600] {dagbag.py:588} INFO - Filling up the DagBag from /home/shamim/airflow_venv/lib/python3.12/site-packages/airflow/example_dags/subdags/subdag.py
[2025-03-08T22:11:09.337+0600] {processor.py:927} WARNING - No viable dags retrieved from /home/shamim/airflow_venv/lib/python3.12/site-packages/airflow/example_dags/subdags/subdag.py
[2025-03-08T22:11:09.350+0600] {processor.py:208} INFO - Processing /home/shamim/airflow_venv/lib/python3.12/site-packages/airflow/example_dags/subdags/subdag.py took 0.033 seconds
[2025-03-08T22:11:59.099+0600] {processor.py:186} INFO - Started process (PID=51714) to work on /home/shamim/airflow_venv/lib/python3.12/site-packages/airflow/example_dags/subdags/subdag.py
[2025-03-08T22:11:59.106+0600] {processor.py:914} INFO - Processing file /home/shamim/airflow_venv/lib/python3.12/site-packages/airflow/example_dags/subdags/subdag.py for tasks to queue
[2025-03-08T22:11:59.109+0600] {logging_mixin.py:190} INFO - [2025-03-08T22:11:59.108+0600] {dagbag.py:588} INFO - Filling up the DagBag from /home/shamim/airflow_venv/lib/python3.12/site-packages/airflow/example_dags/subdags/subdag.py
[2025-03-08T22:11:59.112+0600] {processor.py:927} WARNING - No viable dags retrieved from /home/shamim/airflow_venv/lib/python3.12/site-packages/airflow/example_dags/subdags/subdag.py
[2025-03-08T22:11:59.126+0600] {processor.py:208} INFO - Processing /home/shamim/airflow_venv/lib/python3.12/site-packages/airflow/example_dags/subdags/subdag.py took 0.042 seconds
[2025-03-08T22:12:42.201+0600] {processor.py:186} INFO - Started process (PID=51961) to work on /home/shamim/airflow_venv/lib/python3.12/site-packages/airflow/example_dags/subdags/subdag.py
[2025-03-08T22:12:42.222+0600] {processor.py:914} INFO - Processing file /home/shamim/airflow_venv/lib/python3.12/site-packages/airflow/example_dags/subdags/subdag.py for tasks to queue
[2025-03-08T22:12:42.225+0600] {logging_mixin.py:190} INFO - [2025-03-08T22:12:42.225+0600] {dagbag.py:588} INFO - Filling up the DagBag from /home/shamim/airflow_venv/lib/python3.12/site-packages/airflow/example_dags/subdags/subdag.py
[2025-03-08T22:12:42.228+0600] {processor.py:927} WARNING - No viable dags retrieved from /home/shamim/airflow_venv/lib/python3.12/site-packages/airflow/example_dags/subdags/subdag.py
[2025-03-08T22:12:42.242+0600] {processor.py:208} INFO - Processing /home/shamim/airflow_venv/lib/python3.12/site-packages/airflow/example_dags/subdags/subdag.py took 0.050 seconds
[2025-03-08T22:13:26.549+0600] {processor.py:186} INFO - Started process (PID=52219) to work on /home/shamim/airflow_venv/lib/python3.12/site-packages/airflow/example_dags/subdags/subdag.py
[2025-03-08T22:13:26.555+0600] {processor.py:914} INFO - Processing file /home/shamim/airflow_venv/lib/python3.12/site-packages/airflow/example_dags/subdags/subdag.py for tasks to queue
[2025-03-08T22:13:26.558+0600] {logging_mixin.py:190} INFO - [2025-03-08T22:13:26.558+0600] {dagbag.py:588} INFO - Filling up the DagBag from /home/shamim/airflow_venv/lib/python3.12/site-packages/airflow/example_dags/subdags/subdag.py
[2025-03-08T22:13:26.561+0600] {processor.py:927} WARNING - No viable dags retrieved from /home/shamim/airflow_venv/lib/python3.12/site-packages/airflow/example_dags/subdags/subdag.py
[2025-03-08T22:13:26.574+0600] {processor.py:208} INFO - Processing /home/shamim/airflow_venv/lib/python3.12/site-packages/airflow/example_dags/subdags/subdag.py took 0.034 seconds
[2025-03-08T22:14:12.906+0600] {processor.py:186} INFO - Started process (PID=52473) to work on /home/shamim/airflow_venv/lib/python3.12/site-packages/airflow/example_dags/subdags/subdag.py
[2025-03-08T22:14:12.908+0600] {processor.py:914} INFO - Processing file /home/shamim/airflow_venv/lib/python3.12/site-packages/airflow/example_dags/subdags/subdag.py for tasks to queue
[2025-03-08T22:14:12.911+0600] {logging_mixin.py:190} INFO - [2025-03-08T22:14:12.911+0600] {dagbag.py:588} INFO - Filling up the DagBag from /home/shamim/airflow_venv/lib/python3.12/site-packages/airflow/example_dags/subdags/subdag.py
[2025-03-08T22:14:12.914+0600] {processor.py:927} WARNING - No viable dags retrieved from /home/shamim/airflow_venv/lib/python3.12/site-packages/airflow/example_dags/subdags/subdag.py
[2025-03-08T22:14:12.927+0600] {processor.py:208} INFO - Processing /home/shamim/airflow_venv/lib/python3.12/site-packages/airflow/example_dags/subdags/subdag.py took 0.032 seconds
[2025-03-08T22:14:56.364+0600] {processor.py:186} INFO - Started process (PID=52713) to work on /home/shamim/airflow_venv/lib/python3.12/site-packages/airflow/example_dags/subdags/subdag.py
[2025-03-08T22:14:56.367+0600] {processor.py:914} INFO - Processing file /home/shamim/airflow_venv/lib/python3.12/site-packages/airflow/example_dags/subdags/subdag.py for tasks to queue
[2025-03-08T22:14:56.370+0600] {logging_mixin.py:190} INFO - [2025-03-08T22:14:56.369+0600] {dagbag.py:588} INFO - Filling up the DagBag from /home/shamim/airflow_venv/lib/python3.12/site-packages/airflow/example_dags/subdags/subdag.py
[2025-03-08T22:14:56.373+0600] {processor.py:927} WARNING - No viable dags retrieved from /home/shamim/airflow_venv/lib/python3.12/site-packages/airflow/example_dags/subdags/subdag.py
[2025-03-08T22:14:56.386+0600] {processor.py:208} INFO - Processing /home/shamim/airflow_venv/lib/python3.12/site-packages/airflow/example_dags/subdags/subdag.py took 0.030 seconds
[2025-03-08T22:15:47.960+0600] {processor.py:186} INFO - Started process (PID=53017) to work on /home/shamim/airflow_venv/lib/python3.12/site-packages/airflow/example_dags/subdags/subdag.py
[2025-03-08T22:15:47.973+0600] {processor.py:914} INFO - Processing file /home/shamim/airflow_venv/lib/python3.12/site-packages/airflow/example_dags/subdags/subdag.py for tasks to queue
[2025-03-08T22:15:47.977+0600] {logging_mixin.py:190} INFO - [2025-03-08T22:15:47.976+0600] {dagbag.py:588} INFO - Filling up the DagBag from /home/shamim/airflow_venv/lib/python3.12/site-packages/airflow/example_dags/subdags/subdag.py
[2025-03-08T22:15:47.980+0600] {processor.py:927} WARNING - No viable dags retrieved from /home/shamim/airflow_venv/lib/python3.12/site-packages/airflow/example_dags/subdags/subdag.py
[2025-03-08T22:15:47.996+0600] {processor.py:208} INFO - Processing /home/shamim/airflow_venv/lib/python3.12/site-packages/airflow/example_dags/subdags/subdag.py took 0.050 seconds
[2025-03-08T22:16:35.953+0600] {processor.py:186} INFO - Started process (PID=53265) to work on /home/shamim/airflow_venv/lib/python3.12/site-packages/airflow/example_dags/subdags/subdag.py
[2025-03-08T22:16:35.961+0600] {processor.py:914} INFO - Processing file /home/shamim/airflow_venv/lib/python3.12/site-packages/airflow/example_dags/subdags/subdag.py for tasks to queue
[2025-03-08T22:16:35.968+0600] {logging_mixin.py:190} INFO - [2025-03-08T22:16:35.967+0600] {dagbag.py:588} INFO - Filling up the DagBag from /home/shamim/airflow_venv/lib/python3.12/site-packages/airflow/example_dags/subdags/subdag.py
[2025-03-08T22:16:35.975+0600] {processor.py:927} WARNING - No viable dags retrieved from /home/shamim/airflow_venv/lib/python3.12/site-packages/airflow/example_dags/subdags/subdag.py
[2025-03-08T22:16:36.007+0600] {processor.py:208} INFO - Processing /home/shamim/airflow_venv/lib/python3.12/site-packages/airflow/example_dags/subdags/subdag.py took 0.077 seconds
[2025-03-08T22:17:26.687+0600] {processor.py:186} INFO - Started process (PID=53519) to work on /home/shamim/airflow_venv/lib/python3.12/site-packages/airflow/example_dags/subdags/subdag.py
[2025-03-08T22:17:26.693+0600] {processor.py:914} INFO - Processing file /home/shamim/airflow_venv/lib/python3.12/site-packages/airflow/example_dags/subdags/subdag.py for tasks to queue
[2025-03-08T22:17:26.696+0600] {logging_mixin.py:190} INFO - [2025-03-08T22:17:26.695+0600] {dagbag.py:588} INFO - Filling up the DagBag from /home/shamim/airflow_venv/lib/python3.12/site-packages/airflow/example_dags/subdags/subdag.py
[2025-03-08T22:17:26.699+0600] {processor.py:927} WARNING - No viable dags retrieved from /home/shamim/airflow_venv/lib/python3.12/site-packages/airflow/example_dags/subdags/subdag.py
[2025-03-08T22:17:26.712+0600] {processor.py:208} INFO - Processing /home/shamim/airflow_venv/lib/python3.12/site-packages/airflow/example_dags/subdags/subdag.py took 0.034 seconds
[2025-03-08T22:18:17.015+0600] {processor.py:186} INFO - Started process (PID=53797) to work on /home/shamim/airflow_venv/lib/python3.12/site-packages/airflow/example_dags/subdags/subdag.py
[2025-03-08T22:18:17.022+0600] {processor.py:914} INFO - Processing file /home/shamim/airflow_venv/lib/python3.12/site-packages/airflow/example_dags/subdags/subdag.py for tasks to queue
[2025-03-08T22:18:17.025+0600] {logging_mixin.py:190} INFO - [2025-03-08T22:18:17.025+0600] {dagbag.py:588} INFO - Filling up the DagBag from /home/shamim/airflow_venv/lib/python3.12/site-packages/airflow/example_dags/subdags/subdag.py
[2025-03-08T22:18:17.028+0600] {processor.py:927} WARNING - No viable dags retrieved from /home/shamim/airflow_venv/lib/python3.12/site-packages/airflow/example_dags/subdags/subdag.py
[2025-03-08T22:18:17.041+0600] {processor.py:208} INFO - Processing /home/shamim/airflow_venv/lib/python3.12/site-packages/airflow/example_dags/subdags/subdag.py took 0.048 seconds
[2025-03-08T22:19:04.431+0600] {processor.py:186} INFO - Started process (PID=54242) to work on /home/shamim/airflow_venv/lib/python3.12/site-packages/airflow/example_dags/subdags/subdag.py
[2025-03-08T22:19:04.438+0600] {processor.py:914} INFO - Processing file /home/shamim/airflow_venv/lib/python3.12/site-packages/airflow/example_dags/subdags/subdag.py for tasks to queue
[2025-03-08T22:19:04.444+0600] {logging_mixin.py:190} INFO - [2025-03-08T22:19:04.443+0600] {dagbag.py:588} INFO - Filling up the DagBag from /home/shamim/airflow_venv/lib/python3.12/site-packages/airflow/example_dags/subdags/subdag.py
[2025-03-08T22:19:04.450+0600] {processor.py:927} WARNING - No viable dags retrieved from /home/shamim/airflow_venv/lib/python3.12/site-packages/airflow/example_dags/subdags/subdag.py
[2025-03-08T22:19:04.473+0600] {processor.py:208} INFO - Processing /home/shamim/airflow_venv/lib/python3.12/site-packages/airflow/example_dags/subdags/subdag.py took 0.068 seconds
[2025-03-08T22:19:54.446+0600] {processor.py:186} INFO - Started process (PID=54708) to work on /home/shamim/airflow_venv/lib/python3.12/site-packages/airflow/example_dags/subdags/subdag.py
[2025-03-08T22:19:54.447+0600] {processor.py:914} INFO - Processing file /home/shamim/airflow_venv/lib/python3.12/site-packages/airflow/example_dags/subdags/subdag.py for tasks to queue
[2025-03-08T22:19:54.452+0600] {logging_mixin.py:190} INFO - [2025-03-08T22:19:54.451+0600] {dagbag.py:588} INFO - Filling up the DagBag from /home/shamim/airflow_venv/lib/python3.12/site-packages/airflow/example_dags/subdags/subdag.py
[2025-03-08T22:19:54.456+0600] {processor.py:927} WARNING - No viable dags retrieved from /home/shamim/airflow_venv/lib/python3.12/site-packages/airflow/example_dags/subdags/subdag.py
[2025-03-08T22:19:54.472+0600] {processor.py:208} INFO - Processing /home/shamim/airflow_venv/lib/python3.12/site-packages/airflow/example_dags/subdags/subdag.py took 0.037 seconds
[2025-03-08T22:20:40.340+0600] {processor.py:186} INFO - Started process (PID=55022) to work on /home/shamim/airflow_venv/lib/python3.12/site-packages/airflow/example_dags/subdags/subdag.py
[2025-03-08T22:20:40.346+0600] {processor.py:914} INFO - Processing file /home/shamim/airflow_venv/lib/python3.12/site-packages/airflow/example_dags/subdags/subdag.py for tasks to queue
[2025-03-08T22:20:40.350+0600] {logging_mixin.py:190} INFO - [2025-03-08T22:20:40.350+0600] {dagbag.py:588} INFO - Filling up the DagBag from /home/shamim/airflow_venv/lib/python3.12/site-packages/airflow/example_dags/subdags/subdag.py
[2025-03-08T22:20:40.354+0600] {processor.py:927} WARNING - No viable dags retrieved from /home/shamim/airflow_venv/lib/python3.12/site-packages/airflow/example_dags/subdags/subdag.py
[2025-03-08T22:20:40.376+0600] {processor.py:208} INFO - Processing /home/shamim/airflow_venv/lib/python3.12/site-packages/airflow/example_dags/subdags/subdag.py took 0.050 seconds
[2025-03-08T22:21:27.846+0600] {processor.py:186} INFO - Started process (PID=55355) to work on /home/shamim/airflow_venv/lib/python3.12/site-packages/airflow/example_dags/subdags/subdag.py
[2025-03-08T22:21:27.852+0600] {processor.py:914} INFO - Processing file /home/shamim/airflow_venv/lib/python3.12/site-packages/airflow/example_dags/subdags/subdag.py for tasks to queue
[2025-03-08T22:21:27.854+0600] {logging_mixin.py:190} INFO - [2025-03-08T22:21:27.854+0600] {dagbag.py:588} INFO - Filling up the DagBag from /home/shamim/airflow_venv/lib/python3.12/site-packages/airflow/example_dags/subdags/subdag.py
[2025-03-08T22:21:27.857+0600] {processor.py:927} WARNING - No viable dags retrieved from /home/shamim/airflow_venv/lib/python3.12/site-packages/airflow/example_dags/subdags/subdag.py
[2025-03-08T22:21:27.871+0600] {processor.py:208} INFO - Processing /home/shamim/airflow_venv/lib/python3.12/site-packages/airflow/example_dags/subdags/subdag.py took 0.033 seconds
[2025-03-08T22:22:18.273+0600] {processor.py:186} INFO - Started process (PID=55772) to work on /home/shamim/airflow_venv/lib/python3.12/site-packages/airflow/example_dags/subdags/subdag.py
[2025-03-08T22:22:18.279+0600] {processor.py:914} INFO - Processing file /home/shamim/airflow_venv/lib/python3.12/site-packages/airflow/example_dags/subdags/subdag.py for tasks to queue
[2025-03-08T22:22:18.282+0600] {logging_mixin.py:190} INFO - [2025-03-08T22:22:18.281+0600] {dagbag.py:588} INFO - Filling up the DagBag from /home/shamim/airflow_venv/lib/python3.12/site-packages/airflow/example_dags/subdags/subdag.py
[2025-03-08T22:22:18.284+0600] {processor.py:927} WARNING - No viable dags retrieved from /home/shamim/airflow_venv/lib/python3.12/site-packages/airflow/example_dags/subdags/subdag.py
[2025-03-08T22:22:18.298+0600] {processor.py:208} INFO - Processing /home/shamim/airflow_venv/lib/python3.12/site-packages/airflow/example_dags/subdags/subdag.py took 0.034 seconds
[2025-03-08T22:23:10.437+0600] {processor.py:186} INFO - Started process (PID=56125) to work on /home/shamim/airflow_venv/lib/python3.12/site-packages/airflow/example_dags/subdags/subdag.py
[2025-03-08T22:23:10.443+0600] {processor.py:914} INFO - Processing file /home/shamim/airflow_venv/lib/python3.12/site-packages/airflow/example_dags/subdags/subdag.py for tasks to queue
[2025-03-08T22:23:10.446+0600] {logging_mixin.py:190} INFO - [2025-03-08T22:23:10.445+0600] {dagbag.py:588} INFO - Filling up the DagBag from /home/shamim/airflow_venv/lib/python3.12/site-packages/airflow/example_dags/subdags/subdag.py
[2025-03-08T22:23:10.449+0600] {processor.py:927} WARNING - No viable dags retrieved from /home/shamim/airflow_venv/lib/python3.12/site-packages/airflow/example_dags/subdags/subdag.py
[2025-03-08T22:23:10.463+0600] {processor.py:208} INFO - Processing /home/shamim/airflow_venv/lib/python3.12/site-packages/airflow/example_dags/subdags/subdag.py took 0.037 seconds
[2025-03-08T22:24:00.588+0600] {processor.py:186} INFO - Started process (PID=56492) to work on /home/shamim/airflow_venv/lib/python3.12/site-packages/airflow/example_dags/subdags/subdag.py
[2025-03-08T22:24:00.590+0600] {processor.py:914} INFO - Processing file /home/shamim/airflow_venv/lib/python3.12/site-packages/airflow/example_dags/subdags/subdag.py for tasks to queue
[2025-03-08T22:24:00.595+0600] {logging_mixin.py:190} INFO - [2025-03-08T22:24:00.594+0600] {dagbag.py:588} INFO - Filling up the DagBag from /home/shamim/airflow_venv/lib/python3.12/site-packages/airflow/example_dags/subdags/subdag.py
[2025-03-08T22:24:00.599+0600] {processor.py:927} WARNING - No viable dags retrieved from /home/shamim/airflow_venv/lib/python3.12/site-packages/airflow/example_dags/subdags/subdag.py
[2025-03-08T22:24:00.622+0600] {processor.py:208} INFO - Processing /home/shamim/airflow_venv/lib/python3.12/site-packages/airflow/example_dags/subdags/subdag.py took 0.050 seconds
[2025-03-08T22:24:51.039+0600] {processor.py:186} INFO - Started process (PID=56840) to work on /home/shamim/airflow_venv/lib/python3.12/site-packages/airflow/example_dags/subdags/subdag.py
[2025-03-08T22:24:51.046+0600] {processor.py:914} INFO - Processing file /home/shamim/airflow_venv/lib/python3.12/site-packages/airflow/example_dags/subdags/subdag.py for tasks to queue
[2025-03-08T22:24:51.049+0600] {logging_mixin.py:190} INFO - [2025-03-08T22:24:51.048+0600] {dagbag.py:588} INFO - Filling up the DagBag from /home/shamim/airflow_venv/lib/python3.12/site-packages/airflow/example_dags/subdags/subdag.py
[2025-03-08T22:24:51.051+0600] {processor.py:927} WARNING - No viable dags retrieved from /home/shamim/airflow_venv/lib/python3.12/site-packages/airflow/example_dags/subdags/subdag.py
[2025-03-08T22:24:51.064+0600] {processor.py:208} INFO - Processing /home/shamim/airflow_venv/lib/python3.12/site-packages/airflow/example_dags/subdags/subdag.py took 0.034 seconds
[2025-03-08T22:25:37.504+0600] {processor.py:186} INFO - Started process (PID=57169) to work on /home/shamim/airflow_venv/lib/python3.12/site-packages/airflow/example_dags/subdags/subdag.py
[2025-03-08T22:25:37.510+0600] {processor.py:914} INFO - Processing file /home/shamim/airflow_venv/lib/python3.12/site-packages/airflow/example_dags/subdags/subdag.py for tasks to queue
[2025-03-08T22:25:37.513+0600] {logging_mixin.py:190} INFO - [2025-03-08T22:25:37.513+0600] {dagbag.py:588} INFO - Filling up the DagBag from /home/shamim/airflow_venv/lib/python3.12/site-packages/airflow/example_dags/subdags/subdag.py
[2025-03-08T22:25:37.517+0600] {processor.py:927} WARNING - No viable dags retrieved from /home/shamim/airflow_venv/lib/python3.12/site-packages/airflow/example_dags/subdags/subdag.py
[2025-03-08T22:25:37.531+0600] {processor.py:208} INFO - Processing /home/shamim/airflow_venv/lib/python3.12/site-packages/airflow/example_dags/subdags/subdag.py took 0.037 seconds
[2025-03-08T22:26:24.762+0600] {processor.py:186} INFO - Started process (PID=57462) to work on /home/shamim/airflow_venv/lib/python3.12/site-packages/airflow/example_dags/subdags/subdag.py
[2025-03-08T22:26:24.777+0600] {processor.py:914} INFO - Processing file /home/shamim/airflow_venv/lib/python3.12/site-packages/airflow/example_dags/subdags/subdag.py for tasks to queue
[2025-03-08T22:26:24.780+0600] {logging_mixin.py:190} INFO - [2025-03-08T22:26:24.780+0600] {dagbag.py:588} INFO - Filling up the DagBag from /home/shamim/airflow_venv/lib/python3.12/site-packages/airflow/example_dags/subdags/subdag.py
[2025-03-08T22:26:24.784+0600] {processor.py:927} WARNING - No viable dags retrieved from /home/shamim/airflow_venv/lib/python3.12/site-packages/airflow/example_dags/subdags/subdag.py
[2025-03-08T22:26:24.800+0600] {processor.py:208} INFO - Processing /home/shamim/airflow_venv/lib/python3.12/site-packages/airflow/example_dags/subdags/subdag.py took 0.049 seconds
[2025-03-08T22:27:15.811+0600] {processor.py:186} INFO - Started process (PID=57777) to work on /home/shamim/airflow_venv/lib/python3.12/site-packages/airflow/example_dags/subdags/subdag.py
[2025-03-08T22:27:15.825+0600] {processor.py:914} INFO - Processing file /home/shamim/airflow_venv/lib/python3.12/site-packages/airflow/example_dags/subdags/subdag.py for tasks to queue
[2025-03-08T22:27:15.828+0600] {logging_mixin.py:190} INFO - [2025-03-08T22:27:15.827+0600] {dagbag.py:588} INFO - Filling up the DagBag from /home/shamim/airflow_venv/lib/python3.12/site-packages/airflow/example_dags/subdags/subdag.py
[2025-03-08T22:27:15.831+0600] {processor.py:927} WARNING - No viable dags retrieved from /home/shamim/airflow_venv/lib/python3.12/site-packages/airflow/example_dags/subdags/subdag.py
[2025-03-08T22:27:15.846+0600] {processor.py:208} INFO - Processing /home/shamim/airflow_venv/lib/python3.12/site-packages/airflow/example_dags/subdags/subdag.py took 0.045 seconds
[2025-03-08T22:28:09.242+0600] {processor.py:186} INFO - Started process (PID=58060) to work on /home/shamim/airflow_venv/lib/python3.12/site-packages/airflow/example_dags/subdags/subdag.py
[2025-03-08T22:28:09.252+0600] {processor.py:914} INFO - Processing file /home/shamim/airflow_venv/lib/python3.12/site-packages/airflow/example_dags/subdags/subdag.py for tasks to queue
[2025-03-08T22:28:09.261+0600] {logging_mixin.py:190} INFO - [2025-03-08T22:28:09.259+0600] {dagbag.py:588} INFO - Filling up the DagBag from /home/shamim/airflow_venv/lib/python3.12/site-packages/airflow/example_dags/subdags/subdag.py
[2025-03-08T22:28:09.268+0600] {processor.py:927} WARNING - No viable dags retrieved from /home/shamim/airflow_venv/lib/python3.12/site-packages/airflow/example_dags/subdags/subdag.py
[2025-03-08T22:28:09.299+0600] {processor.py:208} INFO - Processing /home/shamim/airflow_venv/lib/python3.12/site-packages/airflow/example_dags/subdags/subdag.py took 0.083 seconds
[2025-03-08T22:29:04.290+0600] {processor.py:186} INFO - Started process (PID=58327) to work on /home/shamim/airflow_venv/lib/python3.12/site-packages/airflow/example_dags/subdags/subdag.py
[2025-03-08T22:29:04.296+0600] {processor.py:914} INFO - Processing file /home/shamim/airflow_venv/lib/python3.12/site-packages/airflow/example_dags/subdags/subdag.py for tasks to queue
[2025-03-08T22:29:04.302+0600] {logging_mixin.py:190} INFO - [2025-03-08T22:29:04.301+0600] {dagbag.py:588} INFO - Filling up the DagBag from /home/shamim/airflow_venv/lib/python3.12/site-packages/airflow/example_dags/subdags/subdag.py
[2025-03-08T22:29:04.312+0600] {processor.py:927} WARNING - No viable dags retrieved from /home/shamim/airflow_venv/lib/python3.12/site-packages/airflow/example_dags/subdags/subdag.py
[2025-03-08T22:29:04.354+0600] {processor.py:208} INFO - Processing /home/shamim/airflow_venv/lib/python3.12/site-packages/airflow/example_dags/subdags/subdag.py took 0.079 seconds
[2025-03-08T22:29:51.294+0600] {processor.py:186} INFO - Started process (PID=58567) to work on /home/shamim/airflow_venv/lib/python3.12/site-packages/airflow/example_dags/subdags/subdag.py
[2025-03-08T22:29:51.300+0600] {processor.py:914} INFO - Processing file /home/shamim/airflow_venv/lib/python3.12/site-packages/airflow/example_dags/subdags/subdag.py for tasks to queue
[2025-03-08T22:29:51.303+0600] {logging_mixin.py:190} INFO - [2025-03-08T22:29:51.302+0600] {dagbag.py:588} INFO - Filling up the DagBag from /home/shamim/airflow_venv/lib/python3.12/site-packages/airflow/example_dags/subdags/subdag.py
[2025-03-08T22:29:51.305+0600] {processor.py:927} WARNING - No viable dags retrieved from /home/shamim/airflow_venv/lib/python3.12/site-packages/airflow/example_dags/subdags/subdag.py
[2025-03-08T22:29:51.319+0600] {processor.py:208} INFO - Processing /home/shamim/airflow_venv/lib/python3.12/site-packages/airflow/example_dags/subdags/subdag.py took 0.035 seconds
[2025-03-08T22:30:39.785+0600] {processor.py:186} INFO - Started process (PID=58830) to work on /home/shamim/airflow_venv/lib/python3.12/site-packages/airflow/example_dags/subdags/subdag.py
[2025-03-08T22:30:39.792+0600] {processor.py:914} INFO - Processing file /home/shamim/airflow_venv/lib/python3.12/site-packages/airflow/example_dags/subdags/subdag.py for tasks to queue
[2025-03-08T22:30:39.795+0600] {logging_mixin.py:190} INFO - [2025-03-08T22:30:39.795+0600] {dagbag.py:588} INFO - Filling up the DagBag from /home/shamim/airflow_venv/lib/python3.12/site-packages/airflow/example_dags/subdags/subdag.py
[2025-03-08T22:30:39.798+0600] {processor.py:927} WARNING - No viable dags retrieved from /home/shamim/airflow_venv/lib/python3.12/site-packages/airflow/example_dags/subdags/subdag.py
[2025-03-08T22:30:39.814+0600] {processor.py:208} INFO - Processing /home/shamim/airflow_venv/lib/python3.12/site-packages/airflow/example_dags/subdags/subdag.py took 0.040 seconds
[2025-03-08T22:31:29.279+0600] {processor.py:186} INFO - Started process (PID=59080) to work on /home/shamim/airflow_venv/lib/python3.12/site-packages/airflow/example_dags/subdags/subdag.py
[2025-03-08T22:31:29.285+0600] {processor.py:914} INFO - Processing file /home/shamim/airflow_venv/lib/python3.12/site-packages/airflow/example_dags/subdags/subdag.py for tasks to queue
[2025-03-08T22:31:29.289+0600] {logging_mixin.py:190} INFO - [2025-03-08T22:31:29.288+0600] {dagbag.py:588} INFO - Filling up the DagBag from /home/shamim/airflow_venv/lib/python3.12/site-packages/airflow/example_dags/subdags/subdag.py
[2025-03-08T22:31:29.292+0600] {processor.py:927} WARNING - No viable dags retrieved from /home/shamim/airflow_venv/lib/python3.12/site-packages/airflow/example_dags/subdags/subdag.py
[2025-03-08T22:31:29.304+0600] {processor.py:208} INFO - Processing /home/shamim/airflow_venv/lib/python3.12/site-packages/airflow/example_dags/subdags/subdag.py took 0.037 seconds
[2025-03-08T22:32:13.792+0600] {processor.py:186} INFO - Started process (PID=59328) to work on /home/shamim/airflow_venv/lib/python3.12/site-packages/airflow/example_dags/subdags/subdag.py
[2025-03-08T22:32:13.800+0600] {processor.py:914} INFO - Processing file /home/shamim/airflow_venv/lib/python3.12/site-packages/airflow/example_dags/subdags/subdag.py for tasks to queue
[2025-03-08T22:32:13.805+0600] {logging_mixin.py:190} INFO - [2025-03-08T22:32:13.804+0600] {dagbag.py:588} INFO - Filling up the DagBag from /home/shamim/airflow_venv/lib/python3.12/site-packages/airflow/example_dags/subdags/subdag.py
[2025-03-08T22:32:13.810+0600] {processor.py:927} WARNING - No viable dags retrieved from /home/shamim/airflow_venv/lib/python3.12/site-packages/airflow/example_dags/subdags/subdag.py
[2025-03-08T22:32:13.828+0600] {processor.py:208} INFO - Processing /home/shamim/airflow_venv/lib/python3.12/site-packages/airflow/example_dags/subdags/subdag.py took 0.065 seconds
[2025-03-08T22:32:57.627+0600] {processor.py:186} INFO - Started process (PID=59604) to work on /home/shamim/airflow_venv/lib/python3.12/site-packages/airflow/example_dags/subdags/subdag.py
[2025-03-08T22:32:57.634+0600] {processor.py:914} INFO - Processing file /home/shamim/airflow_venv/lib/python3.12/site-packages/airflow/example_dags/subdags/subdag.py for tasks to queue
[2025-03-08T22:32:57.636+0600] {logging_mixin.py:190} INFO - [2025-03-08T22:32:57.636+0600] {dagbag.py:588} INFO - Filling up the DagBag from /home/shamim/airflow_venv/lib/python3.12/site-packages/airflow/example_dags/subdags/subdag.py
[2025-03-08T22:32:57.639+0600] {processor.py:927} WARNING - No viable dags retrieved from /home/shamim/airflow_venv/lib/python3.12/site-packages/airflow/example_dags/subdags/subdag.py
[2025-03-08T22:32:57.653+0600] {processor.py:208} INFO - Processing /home/shamim/airflow_venv/lib/python3.12/site-packages/airflow/example_dags/subdags/subdag.py took 0.035 seconds
[2025-03-08T22:33:42.900+0600] {processor.py:186} INFO - Started process (PID=59855) to work on /home/shamim/airflow_venv/lib/python3.12/site-packages/airflow/example_dags/subdags/subdag.py
[2025-03-08T22:33:42.907+0600] {processor.py:914} INFO - Processing file /home/shamim/airflow_venv/lib/python3.12/site-packages/airflow/example_dags/subdags/subdag.py for tasks to queue
[2025-03-08T22:33:42.910+0600] {logging_mixin.py:190} INFO - [2025-03-08T22:33:42.909+0600] {dagbag.py:588} INFO - Filling up the DagBag from /home/shamim/airflow_venv/lib/python3.12/site-packages/airflow/example_dags/subdags/subdag.py
[2025-03-08T22:33:42.913+0600] {processor.py:927} WARNING - No viable dags retrieved from /home/shamim/airflow_venv/lib/python3.12/site-packages/airflow/example_dags/subdags/subdag.py
[2025-03-08T22:33:42.926+0600] {processor.py:208} INFO - Processing /home/shamim/airflow_venv/lib/python3.12/site-packages/airflow/example_dags/subdags/subdag.py took 0.034 seconds
