[2025-03-10T21:43:55.743+0600] {local_task_job_runner.py:123} INFO - ::group::Pre task execution logs
[2025-03-10T21:43:55.764+0600] {taskinstance.py:2614} INFO - Dependencies all met for dep_context=non-requeueable deps ti=<TaskInstance: E2E_kafka_producer_data_ETL_dag.transform_data_task scheduled__2025-03-09T14:00:00+00:00 [queued]>
[2025-03-10T21:43:55.776+0600] {taskinstance.py:2614} INFO - Dependencies all met for dep_context=requeueable deps ti=<TaskInstance: E2E_kafka_producer_data_ETL_dag.transform_data_task scheduled__2025-03-09T14:00:00+00:00 [queued]>
[2025-03-10T21:43:55.776+0600] {taskinstance.py:2867} INFO - Starting attempt 1 of 1
[2025-03-10T21:43:55.797+0600] {taskinstance.py:2890} INFO - Executing <Task(PythonOperator): transform_data_task> on 2025-03-09 14:00:00+00:00
[2025-03-10T21:43:55.811+0600] {standard_task_runner.py:104} INFO - Running: ['airflow', 'tasks', 'run', 'E2E_kafka_producer_data_ETL_dag', 'transform_data_task', 'scheduled__2025-03-09T14:00:00+00:00', '--job-id', '88', '--raw', '--subdir', 'DAGS_FOLDER/E2E_ETL_pipeline.py', '--cfg-path', '/tmp/tmpm6hlwzsb']
[2025-03-10T21:43:55.812+0600] {standard_task_runner.py:105} INFO - Job 88: Subtask transform_data_task
[2025-03-10T21:43:55.816+0600] {logging_mixin.py:190} WARNING - /home/shamim/airflow_venv/lib/python3.12/site-packages/airflow/task/task_runner/standard_task_runner.py:70 DeprecationWarning: This process (pid=93762) is multi-threaded, use of fork() may lead to deadlocks in the child.
[2025-03-10T21:43:55.817+0600] {standard_task_runner.py:72} INFO - Started process 93769 to run task
[2025-03-10T21:43:55.866+0600] {task_command.py:467} INFO - Running <TaskInstance: E2E_kafka_producer_data_ETL_dag.transform_data_task scheduled__2025-03-09T14:00:00+00:00 [running]> on host shamim-X541UV
[2025-03-10T21:43:55.956+0600] {taskinstance.py:3134} INFO - Exporting env vars: AIRFLOW_CTX_DAG_OWNER='airflow' AIRFLOW_CTX_DAG_ID='E2E_kafka_producer_data_ETL_dag' AIRFLOW_CTX_TASK_ID='transform_data_task' AIRFLOW_CTX_EXECUTION_DATE='2025-03-09T14:00:00+00:00' AIRFLOW_CTX_TRY_NUMBER='1' AIRFLOW_CTX_DAG_RUN_ID='scheduled__2025-03-09T14:00:00+00:00'
[2025-03-10T21:43:55.957+0600] {logging_mixin.py:190} INFO - Task instance is in running state
[2025-03-10T21:43:55.958+0600] {logging_mixin.py:190} INFO -  Previous state of the Task instance: queued
[2025-03-10T21:43:55.958+0600] {logging_mixin.py:190} INFO - Current task name:transform_data_task state:running start_date:2025-03-10 15:43:55.765148+00:00
[2025-03-10T21:43:55.958+0600] {logging_mixin.py:190} INFO - Dag name:E2E_kafka_producer_data_ETL_dag and current dag run status:running
[2025-03-10T21:43:55.959+0600] {taskinstance.py:732} INFO - ::endgroup::
[2025-03-10T21:43:56.057+0600] {python.py:240} INFO - Done. Returned value was: None
[2025-03-10T21:43:56.062+0600] {taskinstance.py:341} INFO - ::group::Post task execution logs
[2025-03-10T21:43:56.063+0600] {taskinstance.py:353} INFO - Marking task as SUCCESS. dag_id=E2E_kafka_producer_data_ETL_dag, task_id=transform_data_task, run_id=scheduled__2025-03-09T14:00:00+00:00, execution_date=20250309T140000, start_date=20250310T154355, end_date=20250310T154356
[2025-03-10T21:43:56.080+0600] {logging_mixin.py:190} INFO - Task instance in success state
[2025-03-10T21:43:56.080+0600] {logging_mixin.py:190} INFO -  Previous state of the Task instance: running
[2025-03-10T21:43:56.080+0600] {logging_mixin.py:190} INFO - Dag name:E2E_kafka_producer_data_ETL_dag queued_at:2025-03-10 15:43:42.895149+00:00
[2025-03-10T21:43:56.081+0600] {logging_mixin.py:190} INFO - Task hostname:shamim-X541UV operator:PythonOperator
[2025-03-10T21:43:56.114+0600] {local_task_job_runner.py:266} INFO - Task exited with return code 0
[2025-03-10T21:43:56.145+0600] {taskinstance.py:3901} INFO - 1 downstream tasks scheduled from follow-on schedule check
[2025-03-10T21:43:56.148+0600] {local_task_job_runner.py:245} INFO - ::endgroup::
