[2025-03-06T22:01:48.566+0600] {processor.py:186} INFO - Started process (PID=14598) to work on /home/shamim/airflow_venv/lib/python3.12/site-packages/airflow/example_dags/plugins/workday.py
[2025-03-06T22:01:48.566+0600] {processor.py:914} INFO - Processing file /home/shamim/airflow_venv/lib/python3.12/site-packages/airflow/example_dags/plugins/workday.py for tasks to queue
[2025-03-06T22:01:48.569+0600] {logging_mixin.py:190} INFO - [2025-03-06T22:01:48.568+0600] {dagbag.py:588} INFO - Filling up the DagBag from /home/shamim/airflow_venv/lib/python3.12/site-packages/airflow/example_dags/plugins/workday.py
[2025-03-06T22:01:48.572+0600] {logging_mixin.py:190} INFO - [2025-03-06T22:01:48.572+0600] {workday.py:41} WARNING - Could not import pandas. Holidays will not be considered.
[2025-03-06T22:01:48.573+0600] {processor.py:927} WARNING - No viable dags retrieved from /home/shamim/airflow_venv/lib/python3.12/site-packages/airflow/example_dags/plugins/workday.py
[2025-03-06T22:01:48.585+0600] {processor.py:208} INFO - Processing /home/shamim/airflow_venv/lib/python3.12/site-packages/airflow/example_dags/plugins/workday.py took 0.026 seconds
[2025-03-06T22:03:04.067+0600] {processor.py:186} INFO - Started process (PID=14875) to work on /home/shamim/airflow_venv/lib/python3.12/site-packages/airflow/example_dags/plugins/workday.py
[2025-03-06T22:03:04.074+0600] {processor.py:914} INFO - Processing file /home/shamim/airflow_venv/lib/python3.12/site-packages/airflow/example_dags/plugins/workday.py for tasks to queue
[2025-03-06T22:03:04.080+0600] {logging_mixin.py:190} INFO - [2025-03-06T22:03:04.079+0600] {dagbag.py:588} INFO - Filling up the DagBag from /home/shamim/airflow_venv/lib/python3.12/site-packages/airflow/example_dags/plugins/workday.py
[2025-03-06T22:03:04.090+0600] {logging_mixin.py:190} INFO - [2025-03-06T22:03:04.089+0600] {workday.py:41} WARNING - Could not import pandas. Holidays will not be considered.
[2025-03-06T22:03:04.091+0600] {processor.py:927} WARNING - No viable dags retrieved from /home/shamim/airflow_venv/lib/python3.12/site-packages/airflow/example_dags/plugins/workday.py
[2025-03-06T22:03:04.107+0600] {processor.py:208} INFO - Processing /home/shamim/airflow_venv/lib/python3.12/site-packages/airflow/example_dags/plugins/workday.py took 0.047 seconds
[2025-03-06T22:03:42.357+0600] {processor.py:186} INFO - Started process (PID=14927) to work on /home/shamim/airflow_venv/lib/python3.12/site-packages/airflow/example_dags/plugins/workday.py
[2025-03-06T22:03:42.363+0600] {processor.py:914} INFO - Processing file /home/shamim/airflow_venv/lib/python3.12/site-packages/airflow/example_dags/plugins/workday.py for tasks to queue
[2025-03-06T22:03:42.366+0600] {logging_mixin.py:190} INFO - [2025-03-06T22:03:42.365+0600] {dagbag.py:588} INFO - Filling up the DagBag from /home/shamim/airflow_venv/lib/python3.12/site-packages/airflow/example_dags/plugins/workday.py
[2025-03-06T22:03:42.370+0600] {logging_mixin.py:190} INFO - [2025-03-06T22:03:42.369+0600] {workday.py:41} WARNING - Could not import pandas. Holidays will not be considered.
[2025-03-06T22:03:42.370+0600] {processor.py:927} WARNING - No viable dags retrieved from /home/shamim/airflow_venv/lib/python3.12/site-packages/airflow/example_dags/plugins/workday.py
[2025-03-06T22:03:42.384+0600] {processor.py:208} INFO - Processing /home/shamim/airflow_venv/lib/python3.12/site-packages/airflow/example_dags/plugins/workday.py took 0.035 seconds
[2025-03-06T22:04:15.836+0600] {processor.py:186} INFO - Started process (PID=14968) to work on /home/shamim/airflow_venv/lib/python3.12/site-packages/airflow/example_dags/plugins/workday.py
[2025-03-06T22:04:15.837+0600] {processor.py:914} INFO - Processing file /home/shamim/airflow_venv/lib/python3.12/site-packages/airflow/example_dags/plugins/workday.py for tasks to queue
[2025-03-06T22:04:15.840+0600] {logging_mixin.py:190} INFO - [2025-03-06T22:04:15.839+0600] {dagbag.py:588} INFO - Filling up the DagBag from /home/shamim/airflow_venv/lib/python3.12/site-packages/airflow/example_dags/plugins/workday.py
[2025-03-06T22:04:15.844+0600] {logging_mixin.py:190} INFO - [2025-03-06T22:04:15.844+0600] {workday.py:41} WARNING - Could not import pandas. Holidays will not be considered.
[2025-03-06T22:04:15.845+0600] {processor.py:927} WARNING - No viable dags retrieved from /home/shamim/airflow_venv/lib/python3.12/site-packages/airflow/example_dags/plugins/workday.py
[2025-03-06T22:04:15.859+0600] {processor.py:208} INFO - Processing /home/shamim/airflow_venv/lib/python3.12/site-packages/airflow/example_dags/plugins/workday.py took 0.031 seconds
[2025-03-06T22:04:50.339+0600] {processor.py:186} INFO - Started process (PID=15025) to work on /home/shamim/airflow_venv/lib/python3.12/site-packages/airflow/example_dags/plugins/workday.py
[2025-03-06T22:04:50.346+0600] {processor.py:914} INFO - Processing file /home/shamim/airflow_venv/lib/python3.12/site-packages/airflow/example_dags/plugins/workday.py for tasks to queue
[2025-03-06T22:04:50.348+0600] {logging_mixin.py:190} INFO - [2025-03-06T22:04:50.347+0600] {dagbag.py:588} INFO - Filling up the DagBag from /home/shamim/airflow_venv/lib/python3.12/site-packages/airflow/example_dags/plugins/workday.py
[2025-03-06T22:04:50.351+0600] {logging_mixin.py:190} INFO - [2025-03-06T22:04:50.351+0600] {workday.py:41} WARNING - Could not import pandas. Holidays will not be considered.
[2025-03-06T22:04:50.352+0600] {processor.py:927} WARNING - No viable dags retrieved from /home/shamim/airflow_venv/lib/python3.12/site-packages/airflow/example_dags/plugins/workday.py
[2025-03-06T22:04:50.365+0600] {processor.py:208} INFO - Processing /home/shamim/airflow_venv/lib/python3.12/site-packages/airflow/example_dags/plugins/workday.py took 0.033 seconds
[2025-03-06T22:05:22.354+0600] {processor.py:186} INFO - Started process (PID=15076) to work on /home/shamim/airflow_venv/lib/python3.12/site-packages/airflow/example_dags/plugins/workday.py
[2025-03-06T22:05:22.364+0600] {processor.py:914} INFO - Processing file /home/shamim/airflow_venv/lib/python3.12/site-packages/airflow/example_dags/plugins/workday.py for tasks to queue
[2025-03-06T22:05:22.370+0600] {logging_mixin.py:190} INFO - [2025-03-06T22:05:22.370+0600] {dagbag.py:588} INFO - Filling up the DagBag from /home/shamim/airflow_venv/lib/python3.12/site-packages/airflow/example_dags/plugins/workday.py
[2025-03-06T22:05:22.378+0600] {logging_mixin.py:190} INFO - [2025-03-06T22:05:22.378+0600] {workday.py:41} WARNING - Could not import pandas. Holidays will not be considered.
[2025-03-06T22:05:22.379+0600] {processor.py:927} WARNING - No viable dags retrieved from /home/shamim/airflow_venv/lib/python3.12/site-packages/airflow/example_dags/plugins/workday.py
[2025-03-06T22:05:22.400+0600] {processor.py:208} INFO - Processing /home/shamim/airflow_venv/lib/python3.12/site-packages/airflow/example_dags/plugins/workday.py took 0.058 seconds
[2025-03-06T22:05:56.463+0600] {processor.py:186} INFO - Started process (PID=15119) to work on /home/shamim/airflow_venv/lib/python3.12/site-packages/airflow/example_dags/plugins/workday.py
[2025-03-06T22:05:56.469+0600] {processor.py:914} INFO - Processing file /home/shamim/airflow_venv/lib/python3.12/site-packages/airflow/example_dags/plugins/workday.py for tasks to queue
[2025-03-06T22:05:56.472+0600] {logging_mixin.py:190} INFO - [2025-03-06T22:05:56.472+0600] {dagbag.py:588} INFO - Filling up the DagBag from /home/shamim/airflow_venv/lib/python3.12/site-packages/airflow/example_dags/plugins/workday.py
[2025-03-06T22:05:56.476+0600] {logging_mixin.py:190} INFO - [2025-03-06T22:05:56.476+0600] {workday.py:41} WARNING - Could not import pandas. Holidays will not be considered.
[2025-03-06T22:05:56.477+0600] {processor.py:927} WARNING - No viable dags retrieved from /home/shamim/airflow_venv/lib/python3.12/site-packages/airflow/example_dags/plugins/workday.py
[2025-03-06T22:05:56.492+0600] {processor.py:208} INFO - Processing /home/shamim/airflow_venv/lib/python3.12/site-packages/airflow/example_dags/plugins/workday.py took 0.036 seconds
[2025-03-06T22:06:28.244+0600] {processor.py:186} INFO - Started process (PID=15159) to work on /home/shamim/airflow_venv/lib/python3.12/site-packages/airflow/example_dags/plugins/workday.py
[2025-03-06T22:06:28.250+0600] {processor.py:914} INFO - Processing file /home/shamim/airflow_venv/lib/python3.12/site-packages/airflow/example_dags/plugins/workday.py for tasks to queue
[2025-03-06T22:06:28.253+0600] {logging_mixin.py:190} INFO - [2025-03-06T22:06:28.253+0600] {dagbag.py:588} INFO - Filling up the DagBag from /home/shamim/airflow_venv/lib/python3.12/site-packages/airflow/example_dags/plugins/workday.py
[2025-03-06T22:06:28.258+0600] {logging_mixin.py:190} INFO - [2025-03-06T22:06:28.258+0600] {workday.py:41} WARNING - Could not import pandas. Holidays will not be considered.
[2025-03-06T22:06:28.259+0600] {processor.py:927} WARNING - No viable dags retrieved from /home/shamim/airflow_venv/lib/python3.12/site-packages/airflow/example_dags/plugins/workday.py
[2025-03-06T22:06:28.274+0600] {processor.py:208} INFO - Processing /home/shamim/airflow_venv/lib/python3.12/site-packages/airflow/example_dags/plugins/workday.py took 0.039 seconds
[2025-03-06T22:07:01.162+0600] {processor.py:186} INFO - Started process (PID=15216) to work on /home/shamim/airflow_venv/lib/python3.12/site-packages/airflow/example_dags/plugins/workday.py
[2025-03-06T22:07:01.187+0600] {processor.py:914} INFO - Processing file /home/shamim/airflow_venv/lib/python3.12/site-packages/airflow/example_dags/plugins/workday.py for tasks to queue
[2025-03-06T22:07:01.192+0600] {logging_mixin.py:190} INFO - [2025-03-06T22:07:01.191+0600] {dagbag.py:588} INFO - Filling up the DagBag from /home/shamim/airflow_venv/lib/python3.12/site-packages/airflow/example_dags/plugins/workday.py
[2025-03-06T22:07:01.198+0600] {logging_mixin.py:190} INFO - [2025-03-06T22:07:01.198+0600] {workday.py:41} WARNING - Could not import pandas. Holidays will not be considered.
[2025-03-06T22:07:01.199+0600] {processor.py:927} WARNING - No viable dags retrieved from /home/shamim/airflow_venv/lib/python3.12/site-packages/airflow/example_dags/plugins/workday.py
[2025-03-06T22:07:01.221+0600] {processor.py:208} INFO - Processing /home/shamim/airflow_venv/lib/python3.12/site-packages/airflow/example_dags/plugins/workday.py took 0.072 seconds
[2025-03-06T22:07:35.283+0600] {processor.py:186} INFO - Started process (PID=15479) to work on /home/shamim/airflow_venv/lib/python3.12/site-packages/airflow/example_dags/plugins/workday.py
[2025-03-06T22:07:35.293+0600] {processor.py:914} INFO - Processing file /home/shamim/airflow_venv/lib/python3.12/site-packages/airflow/example_dags/plugins/workday.py for tasks to queue
[2025-03-06T22:07:35.303+0600] {logging_mixin.py:190} INFO - [2025-03-06T22:07:35.302+0600] {dagbag.py:588} INFO - Filling up the DagBag from /home/shamim/airflow_venv/lib/python3.12/site-packages/airflow/example_dags/plugins/workday.py
[2025-03-06T22:07:35.311+0600] {logging_mixin.py:190} INFO - [2025-03-06T22:07:35.310+0600] {workday.py:41} WARNING - Could not import pandas. Holidays will not be considered.
[2025-03-06T22:07:35.321+0600] {processor.py:927} WARNING - No viable dags retrieved from /home/shamim/airflow_venv/lib/python3.12/site-packages/airflow/example_dags/plugins/workday.py
[2025-03-06T22:07:35.362+0600] {processor.py:208} INFO - Processing /home/shamim/airflow_venv/lib/python3.12/site-packages/airflow/example_dags/plugins/workday.py took 0.113 seconds
[2025-03-06T22:08:09.420+0600] {processor.py:186} INFO - Started process (PID=15640) to work on /home/shamim/airflow_venv/lib/python3.12/site-packages/airflow/example_dags/plugins/workday.py
[2025-03-06T22:08:09.426+0600] {processor.py:914} INFO - Processing file /home/shamim/airflow_venv/lib/python3.12/site-packages/airflow/example_dags/plugins/workday.py for tasks to queue
[2025-03-06T22:08:09.429+0600] {logging_mixin.py:190} INFO - [2025-03-06T22:08:09.428+0600] {dagbag.py:588} INFO - Filling up the DagBag from /home/shamim/airflow_venv/lib/python3.12/site-packages/airflow/example_dags/plugins/workday.py
[2025-03-06T22:08:09.432+0600] {logging_mixin.py:190} INFO - [2025-03-06T22:08:09.432+0600] {workday.py:41} WARNING - Could not import pandas. Holidays will not be considered.
[2025-03-06T22:08:09.433+0600] {processor.py:927} WARNING - No viable dags retrieved from /home/shamim/airflow_venv/lib/python3.12/site-packages/airflow/example_dags/plugins/workday.py
[2025-03-06T22:08:09.445+0600] {processor.py:208} INFO - Processing /home/shamim/airflow_venv/lib/python3.12/site-packages/airflow/example_dags/plugins/workday.py took 0.032 seconds
[2025-03-06T22:08:45.261+0600] {processor.py:186} INFO - Started process (PID=15858) to work on /home/shamim/airflow_venv/lib/python3.12/site-packages/airflow/example_dags/plugins/workday.py
[2025-03-06T22:08:45.265+0600] {processor.py:914} INFO - Processing file /home/shamim/airflow_venv/lib/python3.12/site-packages/airflow/example_dags/plugins/workday.py for tasks to queue
[2025-03-06T22:08:45.267+0600] {logging_mixin.py:190} INFO - [2025-03-06T22:08:45.267+0600] {dagbag.py:588} INFO - Filling up the DagBag from /home/shamim/airflow_venv/lib/python3.12/site-packages/airflow/example_dags/plugins/workday.py
[2025-03-06T22:08:45.270+0600] {logging_mixin.py:190} INFO - [2025-03-06T22:08:45.270+0600] {workday.py:41} WARNING - Could not import pandas. Holidays will not be considered.
[2025-03-06T22:08:45.271+0600] {processor.py:927} WARNING - No viable dags retrieved from /home/shamim/airflow_venv/lib/python3.12/site-packages/airflow/example_dags/plugins/workday.py
[2025-03-06T22:08:45.283+0600] {processor.py:208} INFO - Processing /home/shamim/airflow_venv/lib/python3.12/site-packages/airflow/example_dags/plugins/workday.py took 0.029 seconds
[2025-03-06T22:09:22.218+0600] {processor.py:186} INFO - Started process (PID=15962) to work on /home/shamim/airflow_venv/lib/python3.12/site-packages/airflow/example_dags/plugins/workday.py
[2025-03-06T22:09:22.225+0600] {processor.py:914} INFO - Processing file /home/shamim/airflow_venv/lib/python3.12/site-packages/airflow/example_dags/plugins/workday.py for tasks to queue
[2025-03-06T22:09:22.227+0600] {logging_mixin.py:190} INFO - [2025-03-06T22:09:22.227+0600] {dagbag.py:588} INFO - Filling up the DagBag from /home/shamim/airflow_venv/lib/python3.12/site-packages/airflow/example_dags/plugins/workday.py
[2025-03-06T22:09:22.231+0600] {logging_mixin.py:190} INFO - [2025-03-06T22:09:22.230+0600] {workday.py:41} WARNING - Could not import pandas. Holidays will not be considered.
[2025-03-06T22:09:22.231+0600] {processor.py:927} WARNING - No viable dags retrieved from /home/shamim/airflow_venv/lib/python3.12/site-packages/airflow/example_dags/plugins/workday.py
[2025-03-06T22:09:22.244+0600] {processor.py:208} INFO - Processing /home/shamim/airflow_venv/lib/python3.12/site-packages/airflow/example_dags/plugins/workday.py took 0.032 seconds
[2025-03-06T22:10:00.320+0600] {processor.py:186} INFO - Started process (PID=16049) to work on /home/shamim/airflow_venv/lib/python3.12/site-packages/airflow/example_dags/plugins/workday.py
[2025-03-06T22:10:00.328+0600] {processor.py:914} INFO - Processing file /home/shamim/airflow_venv/lib/python3.12/site-packages/airflow/example_dags/plugins/workday.py for tasks to queue
[2025-03-06T22:10:00.335+0600] {logging_mixin.py:190} INFO - [2025-03-06T22:10:00.334+0600] {dagbag.py:588} INFO - Filling up the DagBag from /home/shamim/airflow_venv/lib/python3.12/site-packages/airflow/example_dags/plugins/workday.py
[2025-03-06T22:10:00.344+0600] {logging_mixin.py:190} INFO - [2025-03-06T22:10:00.343+0600] {workday.py:41} WARNING - Could not import pandas. Holidays will not be considered.
[2025-03-06T22:10:00.345+0600] {processor.py:927} WARNING - No viable dags retrieved from /home/shamim/airflow_venv/lib/python3.12/site-packages/airflow/example_dags/plugins/workday.py
[2025-03-06T22:10:00.374+0600] {processor.py:208} INFO - Processing /home/shamim/airflow_venv/lib/python3.12/site-packages/airflow/example_dags/plugins/workday.py took 0.071 seconds
[2025-03-06T22:10:40.878+0600] {processor.py:186} INFO - Started process (PID=16131) to work on /home/shamim/airflow_venv/lib/python3.12/site-packages/airflow/example_dags/plugins/workday.py
[2025-03-06T22:10:40.885+0600] {processor.py:914} INFO - Processing file /home/shamim/airflow_venv/lib/python3.12/site-packages/airflow/example_dags/plugins/workday.py for tasks to queue
[2025-03-06T22:10:40.888+0600] {logging_mixin.py:190} INFO - [2025-03-06T22:10:40.887+0600] {dagbag.py:588} INFO - Filling up the DagBag from /home/shamim/airflow_venv/lib/python3.12/site-packages/airflow/example_dags/plugins/workday.py
[2025-03-06T22:10:40.893+0600] {logging_mixin.py:190} INFO - [2025-03-06T22:10:40.893+0600] {workday.py:41} WARNING - Could not import pandas. Holidays will not be considered.
[2025-03-06T22:10:40.894+0600] {processor.py:927} WARNING - No viable dags retrieved from /home/shamim/airflow_venv/lib/python3.12/site-packages/airflow/example_dags/plugins/workday.py
[2025-03-06T22:10:40.913+0600] {processor.py:208} INFO - Processing /home/shamim/airflow_venv/lib/python3.12/site-packages/airflow/example_dags/plugins/workday.py took 0.052 seconds
[2025-03-06T22:11:17.116+0600] {processor.py:186} INFO - Started process (PID=16216) to work on /home/shamim/airflow_venv/lib/python3.12/site-packages/airflow/example_dags/plugins/workday.py
[2025-03-06T22:11:17.123+0600] {processor.py:914} INFO - Processing file /home/shamim/airflow_venv/lib/python3.12/site-packages/airflow/example_dags/plugins/workday.py for tasks to queue
[2025-03-06T22:11:17.126+0600] {logging_mixin.py:190} INFO - [2025-03-06T22:11:17.125+0600] {dagbag.py:588} INFO - Filling up the DagBag from /home/shamim/airflow_venv/lib/python3.12/site-packages/airflow/example_dags/plugins/workday.py
[2025-03-06T22:11:17.130+0600] {logging_mixin.py:190} INFO - [2025-03-06T22:11:17.129+0600] {workday.py:41} WARNING - Could not import pandas. Holidays will not be considered.
[2025-03-06T22:11:17.130+0600] {processor.py:927} WARNING - No viable dags retrieved from /home/shamim/airflow_venv/lib/python3.12/site-packages/airflow/example_dags/plugins/workday.py
[2025-03-06T22:11:17.144+0600] {processor.py:208} INFO - Processing /home/shamim/airflow_venv/lib/python3.12/site-packages/airflow/example_dags/plugins/workday.py took 0.036 seconds
[2025-03-06T22:11:49.823+0600] {processor.py:186} INFO - Started process (PID=16290) to work on /home/shamim/airflow_venv/lib/python3.12/site-packages/airflow/example_dags/plugins/workday.py
[2025-03-06T22:11:49.824+0600] {processor.py:914} INFO - Processing file /home/shamim/airflow_venv/lib/python3.12/site-packages/airflow/example_dags/plugins/workday.py for tasks to queue
[2025-03-06T22:11:49.826+0600] {logging_mixin.py:190} INFO - [2025-03-06T22:11:49.826+0600] {dagbag.py:588} INFO - Filling up the DagBag from /home/shamim/airflow_venv/lib/python3.12/site-packages/airflow/example_dags/plugins/workday.py
[2025-03-06T22:11:49.830+0600] {logging_mixin.py:190} INFO - [2025-03-06T22:11:49.830+0600] {workday.py:41} WARNING - Could not import pandas. Holidays will not be considered.
[2025-03-06T22:11:49.830+0600] {processor.py:927} WARNING - No viable dags retrieved from /home/shamim/airflow_venv/lib/python3.12/site-packages/airflow/example_dags/plugins/workday.py
[2025-03-06T22:11:49.844+0600] {processor.py:208} INFO - Processing /home/shamim/airflow_venv/lib/python3.12/site-packages/airflow/example_dags/plugins/workday.py took 0.029 seconds
[2025-03-06T22:12:24.396+0600] {processor.py:186} INFO - Started process (PID=16383) to work on /home/shamim/airflow_venv/lib/python3.12/site-packages/airflow/example_dags/plugins/workday.py
[2025-03-06T22:12:24.402+0600] {processor.py:914} INFO - Processing file /home/shamim/airflow_venv/lib/python3.12/site-packages/airflow/example_dags/plugins/workday.py for tasks to queue
[2025-03-06T22:12:24.406+0600] {logging_mixin.py:190} INFO - [2025-03-06T22:12:24.406+0600] {dagbag.py:588} INFO - Filling up the DagBag from /home/shamim/airflow_venv/lib/python3.12/site-packages/airflow/example_dags/plugins/workday.py
[2025-03-06T22:12:24.412+0600] {logging_mixin.py:190} INFO - [2025-03-06T22:12:24.411+0600] {workday.py:41} WARNING - Could not import pandas. Holidays will not be considered.
[2025-03-06T22:12:24.412+0600] {processor.py:927} WARNING - No viable dags retrieved from /home/shamim/airflow_venv/lib/python3.12/site-packages/airflow/example_dags/plugins/workday.py
[2025-03-06T22:12:24.431+0600] {processor.py:208} INFO - Processing /home/shamim/airflow_venv/lib/python3.12/site-packages/airflow/example_dags/plugins/workday.py took 0.044 seconds
[2025-03-06T22:12:56.993+0600] {processor.py:186} INFO - Started process (PID=16598) to work on /home/shamim/airflow_venv/lib/python3.12/site-packages/airflow/example_dags/plugins/workday.py
[2025-03-06T22:12:56.997+0600] {processor.py:914} INFO - Processing file /home/shamim/airflow_venv/lib/python3.12/site-packages/airflow/example_dags/plugins/workday.py for tasks to queue
[2025-03-06T22:12:56.999+0600] {logging_mixin.py:190} INFO - [2025-03-06T22:12:56.999+0600] {dagbag.py:588} INFO - Filling up the DagBag from /home/shamim/airflow_venv/lib/python3.12/site-packages/airflow/example_dags/plugins/workday.py
[2025-03-06T22:12:57.003+0600] {logging_mixin.py:190} INFO - [2025-03-06T22:12:57.003+0600] {workday.py:41} WARNING - Could not import pandas. Holidays will not be considered.
[2025-03-06T22:12:57.004+0600] {processor.py:927} WARNING - No viable dags retrieved from /home/shamim/airflow_venv/lib/python3.12/site-packages/airflow/example_dags/plugins/workday.py
[2025-03-06T22:12:57.016+0600] {processor.py:208} INFO - Processing /home/shamim/airflow_venv/lib/python3.12/site-packages/airflow/example_dags/plugins/workday.py took 0.029 seconds
[2025-03-06T22:14:00.158+0600] {processor.py:186} INFO - Started process (PID=16800) to work on /home/shamim/airflow_venv/lib/python3.12/site-packages/airflow/example_dags/plugins/workday.py
[2025-03-06T22:14:00.159+0600] {processor.py:914} INFO - Processing file /home/shamim/airflow_venv/lib/python3.12/site-packages/airflow/example_dags/plugins/workday.py for tasks to queue
[2025-03-06T22:14:00.162+0600] {logging_mixin.py:190} INFO - [2025-03-06T22:14:00.161+0600] {dagbag.py:588} INFO - Filling up the DagBag from /home/shamim/airflow_venv/lib/python3.12/site-packages/airflow/example_dags/plugins/workday.py
[2025-03-06T22:14:00.165+0600] {logging_mixin.py:190} INFO - [2025-03-06T22:14:00.165+0600] {workday.py:41} WARNING - Could not import pandas. Holidays will not be considered.
[2025-03-06T22:14:00.166+0600] {processor.py:927} WARNING - No viable dags retrieved from /home/shamim/airflow_venv/lib/python3.12/site-packages/airflow/example_dags/plugins/workday.py
[2025-03-06T22:14:00.178+0600] {processor.py:208} INFO - Processing /home/shamim/airflow_venv/lib/python3.12/site-packages/airflow/example_dags/plugins/workday.py took 0.027 seconds
[2025-03-06T22:14:31.787+0600] {processor.py:186} INFO - Started process (PID=16867) to work on /home/shamim/airflow_venv/lib/python3.12/site-packages/airflow/example_dags/plugins/workday.py
[2025-03-06T22:14:31.793+0600] {processor.py:914} INFO - Processing file /home/shamim/airflow_venv/lib/python3.12/site-packages/airflow/example_dags/plugins/workday.py for tasks to queue
[2025-03-06T22:14:31.796+0600] {logging_mixin.py:190} INFO - [2025-03-06T22:14:31.795+0600] {dagbag.py:588} INFO - Filling up the DagBag from /home/shamim/airflow_venv/lib/python3.12/site-packages/airflow/example_dags/plugins/workday.py
[2025-03-06T22:14:31.799+0600] {logging_mixin.py:190} INFO - [2025-03-06T22:14:31.799+0600] {workday.py:41} WARNING - Could not import pandas. Holidays will not be considered.
[2025-03-06T22:14:31.800+0600] {processor.py:927} WARNING - No viable dags retrieved from /home/shamim/airflow_venv/lib/python3.12/site-packages/airflow/example_dags/plugins/workday.py
[2025-03-06T22:14:31.812+0600] {processor.py:208} INFO - Processing /home/shamim/airflow_venv/lib/python3.12/site-packages/airflow/example_dags/plugins/workday.py took 0.032 seconds
[2025-03-06T22:15:32.149+0600] {processor.py:186} INFO - Started process (PID=17039) to work on /home/shamim/airflow_venv/lib/python3.12/site-packages/airflow/example_dags/plugins/workday.py
[2025-03-06T22:15:32.155+0600] {processor.py:914} INFO - Processing file /home/shamim/airflow_venv/lib/python3.12/site-packages/airflow/example_dags/plugins/workday.py for tasks to queue
[2025-03-06T22:15:32.158+0600] {logging_mixin.py:190} INFO - [2025-03-06T22:15:32.157+0600] {dagbag.py:588} INFO - Filling up the DagBag from /home/shamim/airflow_venv/lib/python3.12/site-packages/airflow/example_dags/plugins/workday.py
[2025-03-06T22:15:32.162+0600] {logging_mixin.py:190} INFO - [2025-03-06T22:15:32.162+0600] {workday.py:41} WARNING - Could not import pandas. Holidays will not be considered.
[2025-03-06T22:15:32.163+0600] {processor.py:927} WARNING - No viable dags retrieved from /home/shamim/airflow_venv/lib/python3.12/site-packages/airflow/example_dags/plugins/workday.py
[2025-03-06T22:15:32.178+0600] {processor.py:208} INFO - Processing /home/shamim/airflow_venv/lib/python3.12/site-packages/airflow/example_dags/plugins/workday.py took 0.037 seconds
[2025-03-06T22:16:07.558+0600] {processor.py:186} INFO - Started process (PID=17085) to work on /home/shamim/airflow_venv/lib/python3.12/site-packages/airflow/example_dags/plugins/workday.py
[2025-03-06T22:16:07.566+0600] {processor.py:914} INFO - Processing file /home/shamim/airflow_venv/lib/python3.12/site-packages/airflow/example_dags/plugins/workday.py for tasks to queue
[2025-03-06T22:16:07.570+0600] {logging_mixin.py:190} INFO - [2025-03-06T22:16:07.569+0600] {dagbag.py:588} INFO - Filling up the DagBag from /home/shamim/airflow_venv/lib/python3.12/site-packages/airflow/example_dags/plugins/workday.py
[2025-03-06T22:16:07.573+0600] {logging_mixin.py:190} INFO - [2025-03-06T22:16:07.573+0600] {workday.py:41} WARNING - Could not import pandas. Holidays will not be considered.
[2025-03-06T22:16:07.574+0600] {processor.py:927} WARNING - No viable dags retrieved from /home/shamim/airflow_venv/lib/python3.12/site-packages/airflow/example_dags/plugins/workday.py
[2025-03-06T22:16:07.588+0600] {processor.py:208} INFO - Processing /home/shamim/airflow_venv/lib/python3.12/site-packages/airflow/example_dags/plugins/workday.py took 0.039 seconds
[2025-03-06T22:16:43.838+0600] {processor.py:186} INFO - Started process (PID=17140) to work on /home/shamim/airflow_venv/lib/python3.12/site-packages/airflow/example_dags/plugins/workday.py
[2025-03-06T22:16:43.840+0600] {processor.py:914} INFO - Processing file /home/shamim/airflow_venv/lib/python3.12/site-packages/airflow/example_dags/plugins/workday.py for tasks to queue
[2025-03-06T22:16:43.850+0600] {logging_mixin.py:190} INFO - [2025-03-06T22:16:43.845+0600] {dagbag.py:588} INFO - Filling up the DagBag from /home/shamim/airflow_venv/lib/python3.12/site-packages/airflow/example_dags/plugins/workday.py
[2025-03-06T22:16:43.854+0600] {logging_mixin.py:190} INFO - [2025-03-06T22:16:43.854+0600] {workday.py:41} WARNING - Could not import pandas. Holidays will not be considered.
[2025-03-06T22:16:43.855+0600] {processor.py:927} WARNING - No viable dags retrieved from /home/shamim/airflow_venv/lib/python3.12/site-packages/airflow/example_dags/plugins/workday.py
[2025-03-06T22:16:43.871+0600] {processor.py:208} INFO - Processing /home/shamim/airflow_venv/lib/python3.12/site-packages/airflow/example_dags/plugins/workday.py took 0.058 seconds
[2025-03-06T22:17:18.861+0600] {processor.py:186} INFO - Started process (PID=17288) to work on /home/shamim/airflow_venv/lib/python3.12/site-packages/airflow/example_dags/plugins/workday.py
[2025-03-06T22:17:18.875+0600] {processor.py:914} INFO - Processing file /home/shamim/airflow_venv/lib/python3.12/site-packages/airflow/example_dags/plugins/workday.py for tasks to queue
[2025-03-06T22:17:18.878+0600] {logging_mixin.py:190} INFO - [2025-03-06T22:17:18.877+0600] {dagbag.py:588} INFO - Filling up the DagBag from /home/shamim/airflow_venv/lib/python3.12/site-packages/airflow/example_dags/plugins/workday.py
[2025-03-06T22:17:18.881+0600] {logging_mixin.py:190} INFO - [2025-03-06T22:17:18.881+0600] {workday.py:41} WARNING - Could not import pandas. Holidays will not be considered.
[2025-03-06T22:17:18.882+0600] {processor.py:927} WARNING - No viable dags retrieved from /home/shamim/airflow_venv/lib/python3.12/site-packages/airflow/example_dags/plugins/workday.py
[2025-03-06T22:17:18.897+0600] {processor.py:208} INFO - Processing /home/shamim/airflow_venv/lib/python3.12/site-packages/airflow/example_dags/plugins/workday.py took 0.044 seconds
[2025-03-06T22:17:52.011+0600] {processor.py:186} INFO - Started process (PID=17378) to work on /home/shamim/airflow_venv/lib/python3.12/site-packages/airflow/example_dags/plugins/workday.py
[2025-03-06T22:17:52.018+0600] {processor.py:914} INFO - Processing file /home/shamim/airflow_venv/lib/python3.12/site-packages/airflow/example_dags/plugins/workday.py for tasks to queue
[2025-03-06T22:17:52.020+0600] {logging_mixin.py:190} INFO - [2025-03-06T22:17:52.019+0600] {dagbag.py:588} INFO - Filling up the DagBag from /home/shamim/airflow_venv/lib/python3.12/site-packages/airflow/example_dags/plugins/workday.py
[2025-03-06T22:17:52.024+0600] {logging_mixin.py:190} INFO - [2025-03-06T22:17:52.024+0600] {workday.py:41} WARNING - Could not import pandas. Holidays will not be considered.
[2025-03-06T22:17:52.025+0600] {processor.py:927} WARNING - No viable dags retrieved from /home/shamim/airflow_venv/lib/python3.12/site-packages/airflow/example_dags/plugins/workday.py
[2025-03-06T22:17:52.038+0600] {processor.py:208} INFO - Processing /home/shamim/airflow_venv/lib/python3.12/site-packages/airflow/example_dags/plugins/workday.py took 0.035 seconds
[2025-03-06T22:18:27.973+0600] {processor.py:186} INFO - Started process (PID=17454) to work on /home/shamim/airflow_venv/lib/python3.12/site-packages/airflow/example_dags/plugins/workday.py
[2025-03-06T22:18:27.988+0600] {processor.py:914} INFO - Processing file /home/shamim/airflow_venv/lib/python3.12/site-packages/airflow/example_dags/plugins/workday.py for tasks to queue
[2025-03-06T22:18:27.989+0600] {logging_mixin.py:190} INFO - [2025-03-06T22:18:27.989+0600] {dagbag.py:588} INFO - Filling up the DagBag from /home/shamim/airflow_venv/lib/python3.12/site-packages/airflow/example_dags/plugins/workday.py
[2025-03-06T22:18:27.993+0600] {logging_mixin.py:190} INFO - [2025-03-06T22:18:27.993+0600] {workday.py:41} WARNING - Could not import pandas. Holidays will not be considered.
[2025-03-06T22:18:27.994+0600] {processor.py:927} WARNING - No viable dags retrieved from /home/shamim/airflow_venv/lib/python3.12/site-packages/airflow/example_dags/plugins/workday.py
[2025-03-06T22:18:28.008+0600] {processor.py:208} INFO - Processing /home/shamim/airflow_venv/lib/python3.12/site-packages/airflow/example_dags/plugins/workday.py took 0.043 seconds
[2025-03-06T22:19:03.295+0600] {processor.py:186} INFO - Started process (PID=17535) to work on /home/shamim/airflow_venv/lib/python3.12/site-packages/airflow/example_dags/plugins/workday.py
[2025-03-06T22:19:03.298+0600] {processor.py:914} INFO - Processing file /home/shamim/airflow_venv/lib/python3.12/site-packages/airflow/example_dags/plugins/workday.py for tasks to queue
[2025-03-06T22:19:03.300+0600] {logging_mixin.py:190} INFO - [2025-03-06T22:19:03.299+0600] {dagbag.py:588} INFO - Filling up the DagBag from /home/shamim/airflow_venv/lib/python3.12/site-packages/airflow/example_dags/plugins/workday.py
[2025-03-06T22:19:03.306+0600] {logging_mixin.py:190} INFO - [2025-03-06T22:19:03.306+0600] {workday.py:41} WARNING - Could not import pandas. Holidays will not be considered.
[2025-03-06T22:19:03.308+0600] {processor.py:927} WARNING - No viable dags retrieved from /home/shamim/airflow_venv/lib/python3.12/site-packages/airflow/example_dags/plugins/workday.py
[2025-03-06T22:19:03.326+0600] {processor.py:208} INFO - Processing /home/shamim/airflow_venv/lib/python3.12/site-packages/airflow/example_dags/plugins/workday.py took 0.042 seconds
[2025-03-06T22:19:36.935+0600] {processor.py:186} INFO - Started process (PID=17629) to work on /home/shamim/airflow_venv/lib/python3.12/site-packages/airflow/example_dags/plugins/workday.py
[2025-03-06T22:19:36.941+0600] {processor.py:914} INFO - Processing file /home/shamim/airflow_venv/lib/python3.12/site-packages/airflow/example_dags/plugins/workday.py for tasks to queue
[2025-03-06T22:19:36.944+0600] {logging_mixin.py:190} INFO - [2025-03-06T22:19:36.943+0600] {dagbag.py:588} INFO - Filling up the DagBag from /home/shamim/airflow_venv/lib/python3.12/site-packages/airflow/example_dags/plugins/workday.py
[2025-03-06T22:19:36.949+0600] {logging_mixin.py:190} INFO - [2025-03-06T22:19:36.949+0600] {workday.py:41} WARNING - Could not import pandas. Holidays will not be considered.
[2025-03-06T22:19:36.951+0600] {processor.py:927} WARNING - No viable dags retrieved from /home/shamim/airflow_venv/lib/python3.12/site-packages/airflow/example_dags/plugins/workday.py
[2025-03-06T22:19:36.966+0600] {processor.py:208} INFO - Processing /home/shamim/airflow_venv/lib/python3.12/site-packages/airflow/example_dags/plugins/workday.py took 0.039 seconds
[2025-03-06T22:20:13.295+0600] {processor.py:186} INFO - Started process (PID=17741) to work on /home/shamim/airflow_venv/lib/python3.12/site-packages/airflow/example_dags/plugins/workday.py
[2025-03-06T22:20:13.301+0600] {processor.py:914} INFO - Processing file /home/shamim/airflow_venv/lib/python3.12/site-packages/airflow/example_dags/plugins/workday.py for tasks to queue
[2025-03-06T22:20:13.303+0600] {logging_mixin.py:190} INFO - [2025-03-06T22:20:13.302+0600] {dagbag.py:588} INFO - Filling up the DagBag from /home/shamim/airflow_venv/lib/python3.12/site-packages/airflow/example_dags/plugins/workday.py
[2025-03-06T22:20:13.307+0600] {logging_mixin.py:190} INFO - [2025-03-06T22:20:13.307+0600] {workday.py:41} WARNING - Could not import pandas. Holidays will not be considered.
[2025-03-06T22:20:13.308+0600] {processor.py:927} WARNING - No viable dags retrieved from /home/shamim/airflow_venv/lib/python3.12/site-packages/airflow/example_dags/plugins/workday.py
[2025-03-06T22:20:13.322+0600] {processor.py:208} INFO - Processing /home/shamim/airflow_venv/lib/python3.12/site-packages/airflow/example_dags/plugins/workday.py took 0.035 seconds
[2025-03-06T22:20:55.449+0600] {processor.py:186} INFO - Started process (PID=17807) to work on /home/shamim/airflow_venv/lib/python3.12/site-packages/airflow/example_dags/plugins/workday.py
[2025-03-06T22:20:55.468+0600] {processor.py:914} INFO - Processing file /home/shamim/airflow_venv/lib/python3.12/site-packages/airflow/example_dags/plugins/workday.py for tasks to queue
[2025-03-06T22:20:55.470+0600] {logging_mixin.py:190} INFO - [2025-03-06T22:20:55.469+0600] {dagbag.py:588} INFO - Filling up the DagBag from /home/shamim/airflow_venv/lib/python3.12/site-packages/airflow/example_dags/plugins/workday.py
[2025-03-06T22:20:55.474+0600] {logging_mixin.py:190} INFO - [2025-03-06T22:20:55.474+0600] {workday.py:41} WARNING - Could not import pandas. Holidays will not be considered.
[2025-03-06T22:20:55.474+0600] {processor.py:927} WARNING - No viable dags retrieved from /home/shamim/airflow_venv/lib/python3.12/site-packages/airflow/example_dags/plugins/workday.py
[2025-03-06T22:20:55.489+0600] {processor.py:208} INFO - Processing /home/shamim/airflow_venv/lib/python3.12/site-packages/airflow/example_dags/plugins/workday.py took 0.048 seconds
